[2024-11-20T14:16:26.371+0000] {processor.py:186} INFO - Started process (PID=125) to work on /home/airflow/.local/lib/python3.12/site-packages/airflow/example_dags/example_xcomargs.py
[2024-11-20T14:16:26.372+0000] {processor.py:914} INFO - Processing file /home/airflow/.local/lib/python3.12/site-packages/airflow/example_dags/example_xcomargs.py for tasks to queue
[2024-11-20T14:16:26.378+0000] {logging_mixin.py:190} INFO - [2024-11-20T14:16:26.377+0000] {dagbag.py:588} INFO - Filling up the DagBag from /home/airflow/.local/lib/python3.12/site-packages/airflow/example_dags/example_xcomargs.py
[2024-11-20T14:16:26.400+0000] {processor.py:925} INFO - DAG(s) 'example_xcom_args', 'example_xcom_args_with_operators' retrieved from /home/airflow/.local/lib/python3.12/site-packages/airflow/example_dags/example_xcomargs.py
[2024-11-20T14:16:26.637+0000] {logging_mixin.py:190} INFO - [2024-11-20T14:16:26.631+0000] {override.py:1911} INFO - Created Permission View: can delete on DAG:example_xcom_args
[2024-11-20T14:16:26.671+0000] {logging_mixin.py:190} INFO - [2024-11-20T14:16:26.670+0000] {override.py:1911} INFO - Created Permission View: can read on DAG:example_xcom_args
[2024-11-20T14:16:26.699+0000] {logging_mixin.py:190} INFO - [2024-11-20T14:16:26.698+0000] {override.py:1911} INFO - Created Permission View: can edit on DAG:example_xcom_args
[2024-11-20T14:16:26.725+0000] {logging_mixin.py:190} INFO - [2024-11-20T14:16:26.724+0000] {override.py:1911} INFO - Created Permission View: can delete on DAG Run:example_xcom_args
[2024-11-20T14:16:26.752+0000] {logging_mixin.py:190} INFO - [2024-11-20T14:16:26.751+0000] {override.py:1911} INFO - Created Permission View: menu access on DAG Run:example_xcom_args
[2024-11-20T14:16:26.768+0000] {logging_mixin.py:190} INFO - [2024-11-20T14:16:26.766+0000] {override.py:1911} INFO - Created Permission View: can read on DAG Run:example_xcom_args
[2024-11-20T14:16:26.806+0000] {logging_mixin.py:190} INFO - [2024-11-20T14:16:26.805+0000] {override.py:1911} INFO - Created Permission View: can create on DAG Run:example_xcom_args
[2024-11-20T14:16:26.904+0000] {logging_mixin.py:190} INFO - [2024-11-20T14:16:26.904+0000] {override.py:1911} INFO - Created Permission View: can delete on DAG:example_xcom_args_with_operators
[2024-11-20T14:16:27.011+0000] {logging_mixin.py:190} INFO - [2024-11-20T14:16:27.010+0000] {override.py:1911} INFO - Created Permission View: can read on DAG:example_xcom_args_with_operators
[2024-11-20T14:16:27.090+0000] {logging_mixin.py:190} INFO - [2024-11-20T14:16:27.089+0000] {override.py:1911} INFO - Created Permission View: can edit on DAG:example_xcom_args_with_operators
[2024-11-20T14:16:27.109+0000] {logging_mixin.py:190} INFO - [2024-11-20T14:16:27.108+0000] {override.py:1911} INFO - Created Permission View: can delete on DAG Run:example_xcom_args_with_operators
[2024-11-20T14:16:27.195+0000] {logging_mixin.py:190} INFO - [2024-11-20T14:16:27.194+0000] {override.py:1911} INFO - Created Permission View: menu access on DAG Run:example_xcom_args_with_operators
[2024-11-20T14:16:27.232+0000] {logging_mixin.py:190} INFO - [2024-11-20T14:16:27.231+0000] {override.py:1911} INFO - Created Permission View: can read on DAG Run:example_xcom_args_with_operators
[2024-11-20T14:16:27.252+0000] {logging_mixin.py:190} INFO - [2024-11-20T14:16:27.251+0000] {override.py:1911} INFO - Created Permission View: can create on DAG Run:example_xcom_args_with_operators
[2024-11-20T14:16:27.253+0000] {logging_mixin.py:190} INFO - [2024-11-20T14:16:27.253+0000] {dag.py:3239} INFO - Sync 2 DAGs
[2024-11-20T14:16:27.291+0000] {logging_mixin.py:190} INFO - [2024-11-20T14:16:27.290+0000] {dag.py:3262} INFO - Creating ORM DAG for example_xcom_args_with_operators
[2024-11-20T14:16:27.293+0000] {logging_mixin.py:190} INFO - [2024-11-20T14:16:27.292+0000] {dag.py:3262} INFO - Creating ORM DAG for example_xcom_args
[2024-11-20T14:16:27.295+0000] {logging_mixin.py:190} INFO - [2024-11-20T14:16:27.294+0000] {dag.py:4180} INFO - Setting next_dagrun for example_xcom_args to None, run_after=None
[2024-11-20T14:16:27.297+0000] {logging_mixin.py:190} INFO - [2024-11-20T14:16:27.296+0000] {dag.py:4180} INFO - Setting next_dagrun for example_xcom_args_with_operators to None, run_after=None
[2024-11-20T14:16:27.372+0000] {processor.py:208} INFO - Processing /home/airflow/.local/lib/python3.12/site-packages/airflow/example_dags/example_xcomargs.py took 1.014 seconds
[2024-11-20T14:16:58.235+0000] {processor.py:186} INFO - Started process (PID=188) to work on /home/airflow/.local/lib/python3.12/site-packages/airflow/example_dags/example_xcomargs.py
[2024-11-20T14:16:58.237+0000] {processor.py:914} INFO - Processing file /home/airflow/.local/lib/python3.12/site-packages/airflow/example_dags/example_xcomargs.py for tasks to queue
[2024-11-20T14:16:58.242+0000] {logging_mixin.py:190} INFO - [2024-11-20T14:16:58.241+0000] {dagbag.py:588} INFO - Filling up the DagBag from /home/airflow/.local/lib/python3.12/site-packages/airflow/example_dags/example_xcomargs.py
[2024-11-20T14:16:58.264+0000] {processor.py:925} INFO - DAG(s) 'example_xcom_args_with_operators', 'example_xcom_args' retrieved from /home/airflow/.local/lib/python3.12/site-packages/airflow/example_dags/example_xcomargs.py
[2024-11-20T14:16:58.307+0000] {logging_mixin.py:190} INFO - [2024-11-20T14:16:58.307+0000] {dag.py:3239} INFO - Sync 2 DAGs
[2024-11-20T14:16:58.338+0000] {logging_mixin.py:190} INFO - [2024-11-20T14:16:58.338+0000] {dag.py:4180} INFO - Setting next_dagrun for example_xcom_args to None, run_after=None
[2024-11-20T14:16:58.347+0000] {logging_mixin.py:190} INFO - [2024-11-20T14:16:58.346+0000] {dag.py:4180} INFO - Setting next_dagrun for example_xcom_args_with_operators to None, run_after=None
[2024-11-20T14:16:58.383+0000] {processor.py:208} INFO - Processing /home/airflow/.local/lib/python3.12/site-packages/airflow/example_dags/example_xcomargs.py took 0.161 seconds
[2024-11-20T14:17:28.707+0000] {processor.py:186} INFO - Started process (PID=251) to work on /home/airflow/.local/lib/python3.12/site-packages/airflow/example_dags/example_xcomargs.py
[2024-11-20T14:17:28.709+0000] {processor.py:914} INFO - Processing file /home/airflow/.local/lib/python3.12/site-packages/airflow/example_dags/example_xcomargs.py for tasks to queue
[2024-11-20T14:17:28.713+0000] {logging_mixin.py:190} INFO - [2024-11-20T14:17:28.713+0000] {dagbag.py:588} INFO - Filling up the DagBag from /home/airflow/.local/lib/python3.12/site-packages/airflow/example_dags/example_xcomargs.py
[2024-11-20T14:17:28.731+0000] {processor.py:925} INFO - DAG(s) 'example_xcom_args', 'example_xcom_args_with_operators' retrieved from /home/airflow/.local/lib/python3.12/site-packages/airflow/example_dags/example_xcomargs.py
[2024-11-20T14:17:28.767+0000] {logging_mixin.py:190} INFO - [2024-11-20T14:17:28.767+0000] {dag.py:3239} INFO - Sync 2 DAGs
[2024-11-20T14:17:28.791+0000] {logging_mixin.py:190} INFO - [2024-11-20T14:17:28.790+0000] {dag.py:4180} INFO - Setting next_dagrun for example_xcom_args to None, run_after=None
[2024-11-20T14:17:28.797+0000] {logging_mixin.py:190} INFO - [2024-11-20T14:17:28.797+0000] {dag.py:4180} INFO - Setting next_dagrun for example_xcom_args_with_operators to None, run_after=None
[2024-11-20T14:17:28.821+0000] {processor.py:208} INFO - Processing /home/airflow/.local/lib/python3.12/site-packages/airflow/example_dags/example_xcomargs.py took 0.126 seconds
[2024-11-20T14:17:59.355+0000] {processor.py:186} INFO - Started process (PID=314) to work on /home/airflow/.local/lib/python3.12/site-packages/airflow/example_dags/example_xcomargs.py
[2024-11-20T14:17:59.358+0000] {processor.py:914} INFO - Processing file /home/airflow/.local/lib/python3.12/site-packages/airflow/example_dags/example_xcomargs.py for tasks to queue
[2024-11-20T14:17:59.363+0000] {logging_mixin.py:190} INFO - [2024-11-20T14:17:59.362+0000] {dagbag.py:588} INFO - Filling up the DagBag from /home/airflow/.local/lib/python3.12/site-packages/airflow/example_dags/example_xcomargs.py
[2024-11-20T14:17:59.384+0000] {processor.py:925} INFO - DAG(s) 'example_xcom_args_with_operators', 'example_xcom_args' retrieved from /home/airflow/.local/lib/python3.12/site-packages/airflow/example_dags/example_xcomargs.py
[2024-11-20T14:17:59.425+0000] {logging_mixin.py:190} INFO - [2024-11-20T14:17:59.424+0000] {dag.py:3239} INFO - Sync 2 DAGs
[2024-11-20T14:17:59.455+0000] {logging_mixin.py:190} INFO - [2024-11-20T14:17:59.455+0000] {dag.py:4180} INFO - Setting next_dagrun for example_xcom_args to None, run_after=None
[2024-11-20T14:17:59.461+0000] {logging_mixin.py:190} INFO - [2024-11-20T14:17:59.461+0000] {dag.py:4180} INFO - Setting next_dagrun for example_xcom_args_with_operators to None, run_after=None
[2024-11-20T14:17:59.484+0000] {processor.py:208} INFO - Processing /home/airflow/.local/lib/python3.12/site-packages/airflow/example_dags/example_xcomargs.py took 0.141 seconds
[2024-11-20T14:18:30.385+0000] {processor.py:186} INFO - Started process (PID=377) to work on /home/airflow/.local/lib/python3.12/site-packages/airflow/example_dags/example_xcomargs.py
[2024-11-20T14:18:30.387+0000] {processor.py:914} INFO - Processing file /home/airflow/.local/lib/python3.12/site-packages/airflow/example_dags/example_xcomargs.py for tasks to queue
[2024-11-20T14:18:30.392+0000] {logging_mixin.py:190} INFO - [2024-11-20T14:18:30.391+0000] {dagbag.py:588} INFO - Filling up the DagBag from /home/airflow/.local/lib/python3.12/site-packages/airflow/example_dags/example_xcomargs.py
[2024-11-20T14:18:30.413+0000] {processor.py:925} INFO - DAG(s) 'example_xcom_args', 'example_xcom_args_with_operators' retrieved from /home/airflow/.local/lib/python3.12/site-packages/airflow/example_dags/example_xcomargs.py
[2024-11-20T14:18:30.450+0000] {logging_mixin.py:190} INFO - [2024-11-20T14:18:30.450+0000] {dag.py:3239} INFO - Sync 2 DAGs
[2024-11-20T14:18:30.479+0000] {logging_mixin.py:190} INFO - [2024-11-20T14:18:30.479+0000] {dag.py:4180} INFO - Setting next_dagrun for example_xcom_args to None, run_after=None
[2024-11-20T14:18:30.486+0000] {logging_mixin.py:190} INFO - [2024-11-20T14:18:30.485+0000] {dag.py:4180} INFO - Setting next_dagrun for example_xcom_args_with_operators to None, run_after=None
[2024-11-20T14:18:30.511+0000] {processor.py:208} INFO - Processing /home/airflow/.local/lib/python3.12/site-packages/airflow/example_dags/example_xcomargs.py took 0.143 seconds
[2024-11-20T14:19:00.780+0000] {processor.py:186} INFO - Started process (PID=440) to work on /home/airflow/.local/lib/python3.12/site-packages/airflow/example_dags/example_xcomargs.py
[2024-11-20T14:19:00.782+0000] {processor.py:914} INFO - Processing file /home/airflow/.local/lib/python3.12/site-packages/airflow/example_dags/example_xcomargs.py for tasks to queue
[2024-11-20T14:19:00.788+0000] {logging_mixin.py:190} INFO - [2024-11-20T14:19:00.787+0000] {dagbag.py:588} INFO - Filling up the DagBag from /home/airflow/.local/lib/python3.12/site-packages/airflow/example_dags/example_xcomargs.py
[2024-11-20T14:19:00.806+0000] {processor.py:925} INFO - DAG(s) 'example_xcom_args', 'example_xcom_args_with_operators' retrieved from /home/airflow/.local/lib/python3.12/site-packages/airflow/example_dags/example_xcomargs.py
[2024-11-20T14:19:00.844+0000] {logging_mixin.py:190} INFO - [2024-11-20T14:19:00.843+0000] {dag.py:3239} INFO - Sync 2 DAGs
[2024-11-20T14:19:00.869+0000] {logging_mixin.py:190} INFO - [2024-11-20T14:19:00.869+0000] {dag.py:4180} INFO - Setting next_dagrun for example_xcom_args to None, run_after=None
[2024-11-20T14:19:00.876+0000] {logging_mixin.py:190} INFO - [2024-11-20T14:19:00.875+0000] {dag.py:4180} INFO - Setting next_dagrun for example_xcom_args_with_operators to None, run_after=None
[2024-11-20T14:19:00.901+0000] {processor.py:208} INFO - Processing /home/airflow/.local/lib/python3.12/site-packages/airflow/example_dags/example_xcomargs.py took 0.136 seconds
[2024-11-20T14:19:31.784+0000] {processor.py:186} INFO - Started process (PID=502) to work on /home/airflow/.local/lib/python3.12/site-packages/airflow/example_dags/example_xcomargs.py
[2024-11-20T14:19:31.786+0000] {processor.py:914} INFO - Processing file /home/airflow/.local/lib/python3.12/site-packages/airflow/example_dags/example_xcomargs.py for tasks to queue
[2024-11-20T14:19:31.793+0000] {logging_mixin.py:190} INFO - [2024-11-20T14:19:31.793+0000] {dagbag.py:588} INFO - Filling up the DagBag from /home/airflow/.local/lib/python3.12/site-packages/airflow/example_dags/example_xcomargs.py
[2024-11-20T14:19:31.832+0000] {processor.py:925} INFO - DAG(s) 'example_xcom_args', 'example_xcom_args_with_operators' retrieved from /home/airflow/.local/lib/python3.12/site-packages/airflow/example_dags/example_xcomargs.py
[2024-11-20T14:19:31.909+0000] {logging_mixin.py:190} INFO - [2024-11-20T14:19:31.908+0000] {dag.py:3239} INFO - Sync 2 DAGs
[2024-11-20T14:19:31.953+0000] {logging_mixin.py:190} INFO - [2024-11-20T14:19:31.952+0000] {dag.py:4180} INFO - Setting next_dagrun for example_xcom_args to None, run_after=None
[2024-11-20T14:19:31.962+0000] {logging_mixin.py:190} INFO - [2024-11-20T14:19:31.962+0000] {dag.py:4180} INFO - Setting next_dagrun for example_xcom_args_with_operators to None, run_after=None
[2024-11-20T14:19:31.997+0000] {processor.py:208} INFO - Processing /home/airflow/.local/lib/python3.12/site-packages/airflow/example_dags/example_xcomargs.py took 0.231 seconds
[2024-11-20T14:20:03.751+0000] {processor.py:186} INFO - Started process (PID=565) to work on /home/airflow/.local/lib/python3.12/site-packages/airflow/example_dags/example_xcomargs.py
[2024-11-20T14:20:03.754+0000] {processor.py:914} INFO - Processing file /home/airflow/.local/lib/python3.12/site-packages/airflow/example_dags/example_xcomargs.py for tasks to queue
[2024-11-20T14:20:03.757+0000] {logging_mixin.py:190} INFO - [2024-11-20T14:20:03.757+0000] {dagbag.py:588} INFO - Filling up the DagBag from /home/airflow/.local/lib/python3.12/site-packages/airflow/example_dags/example_xcomargs.py
[2024-11-20T14:20:03.780+0000] {processor.py:925} INFO - DAG(s) 'example_xcom_args', 'example_xcom_args_with_operators' retrieved from /home/airflow/.local/lib/python3.12/site-packages/airflow/example_dags/example_xcomargs.py
[2024-11-20T14:20:03.839+0000] {logging_mixin.py:190} INFO - [2024-11-20T14:20:03.838+0000] {dag.py:3239} INFO - Sync 2 DAGs
[2024-11-20T14:20:03.883+0000] {logging_mixin.py:190} INFO - [2024-11-20T14:20:03.882+0000] {dag.py:4180} INFO - Setting next_dagrun for example_xcom_args to None, run_after=None
[2024-11-20T14:20:03.891+0000] {logging_mixin.py:190} INFO - [2024-11-20T14:20:03.890+0000] {dag.py:4180} INFO - Setting next_dagrun for example_xcom_args_with_operators to None, run_after=None
[2024-11-20T14:20:03.939+0000] {processor.py:208} INFO - Processing /home/airflow/.local/lib/python3.12/site-packages/airflow/example_dags/example_xcomargs.py took 0.202 seconds
[2024-11-20T14:20:35.123+0000] {processor.py:186} INFO - Started process (PID=628) to work on /home/airflow/.local/lib/python3.12/site-packages/airflow/example_dags/example_xcomargs.py
[2024-11-20T14:20:35.125+0000] {processor.py:914} INFO - Processing file /home/airflow/.local/lib/python3.12/site-packages/airflow/example_dags/example_xcomargs.py for tasks to queue
[2024-11-20T14:20:35.131+0000] {logging_mixin.py:190} INFO - [2024-11-20T14:20:35.130+0000] {dagbag.py:588} INFO - Filling up the DagBag from /home/airflow/.local/lib/python3.12/site-packages/airflow/example_dags/example_xcomargs.py
[2024-11-20T14:20:35.154+0000] {processor.py:925} INFO - DAG(s) 'example_xcom_args_with_operators', 'example_xcom_args' retrieved from /home/airflow/.local/lib/python3.12/site-packages/airflow/example_dags/example_xcomargs.py
[2024-11-20T14:20:35.205+0000] {logging_mixin.py:190} INFO - [2024-11-20T14:20:35.204+0000] {dag.py:3239} INFO - Sync 2 DAGs
[2024-11-20T14:20:35.244+0000] {logging_mixin.py:190} INFO - [2024-11-20T14:20:35.243+0000] {dag.py:4180} INFO - Setting next_dagrun for example_xcom_args to None, run_after=None
[2024-11-20T14:20:35.252+0000] {logging_mixin.py:190} INFO - [2024-11-20T14:20:35.251+0000] {dag.py:4180} INFO - Setting next_dagrun for example_xcom_args_with_operators to None, run_after=None
[2024-11-20T14:20:35.291+0000] {processor.py:208} INFO - Processing /home/airflow/.local/lib/python3.12/site-packages/airflow/example_dags/example_xcomargs.py took 0.183 seconds
[2024-11-20T14:21:05.744+0000] {processor.py:186} INFO - Started process (PID=691) to work on /home/airflow/.local/lib/python3.12/site-packages/airflow/example_dags/example_xcomargs.py
[2024-11-20T14:21:05.747+0000] {processor.py:914} INFO - Processing file /home/airflow/.local/lib/python3.12/site-packages/airflow/example_dags/example_xcomargs.py for tasks to queue
[2024-11-20T14:21:05.752+0000] {logging_mixin.py:190} INFO - [2024-11-20T14:21:05.752+0000] {dagbag.py:588} INFO - Filling up the DagBag from /home/airflow/.local/lib/python3.12/site-packages/airflow/example_dags/example_xcomargs.py
[2024-11-20T14:21:05.775+0000] {processor.py:925} INFO - DAG(s) 'example_xcom_args', 'example_xcom_args_with_operators' retrieved from /home/airflow/.local/lib/python3.12/site-packages/airflow/example_dags/example_xcomargs.py
[2024-11-20T14:21:05.820+0000] {logging_mixin.py:190} INFO - [2024-11-20T14:21:05.819+0000] {dag.py:3239} INFO - Sync 2 DAGs
[2024-11-20T14:21:05.863+0000] {logging_mixin.py:190} INFO - [2024-11-20T14:21:05.862+0000] {dag.py:4180} INFO - Setting next_dagrun for example_xcom_args to None, run_after=None
[2024-11-20T14:21:05.872+0000] {logging_mixin.py:190} INFO - [2024-11-20T14:21:05.872+0000] {dag.py:4180} INFO - Setting next_dagrun for example_xcom_args_with_operators to None, run_after=None
[2024-11-20T14:21:05.912+0000] {processor.py:208} INFO - Processing /home/airflow/.local/lib/python3.12/site-packages/airflow/example_dags/example_xcomargs.py took 0.182 seconds
[2024-11-20T14:21:36.490+0000] {processor.py:186} INFO - Started process (PID=753) to work on /home/airflow/.local/lib/python3.12/site-packages/airflow/example_dags/example_xcomargs.py
[2024-11-20T14:21:36.497+0000] {processor.py:914} INFO - Processing file /home/airflow/.local/lib/python3.12/site-packages/airflow/example_dags/example_xcomargs.py for tasks to queue
[2024-11-20T14:21:36.502+0000] {logging_mixin.py:190} INFO - [2024-11-20T14:21:36.502+0000] {dagbag.py:588} INFO - Filling up the DagBag from /home/airflow/.local/lib/python3.12/site-packages/airflow/example_dags/example_xcomargs.py
[2024-11-20T14:21:36.519+0000] {processor.py:925} INFO - DAG(s) 'example_xcom_args', 'example_xcom_args_with_operators' retrieved from /home/airflow/.local/lib/python3.12/site-packages/airflow/example_dags/example_xcomargs.py
[2024-11-20T14:21:36.559+0000] {logging_mixin.py:190} INFO - [2024-11-20T14:21:36.558+0000] {dag.py:3239} INFO - Sync 2 DAGs
[2024-11-20T14:21:36.587+0000] {logging_mixin.py:190} INFO - [2024-11-20T14:21:36.587+0000] {dag.py:4180} INFO - Setting next_dagrun for example_xcom_args to None, run_after=None
[2024-11-20T14:21:36.596+0000] {logging_mixin.py:190} INFO - [2024-11-20T14:21:36.595+0000] {dag.py:4180} INFO - Setting next_dagrun for example_xcom_args_with_operators to None, run_after=None
[2024-11-20T14:21:36.626+0000] {processor.py:208} INFO - Processing /home/airflow/.local/lib/python3.12/site-packages/airflow/example_dags/example_xcomargs.py took 0.149 seconds
[2024-11-20T14:22:08.569+0000] {processor.py:186} INFO - Started process (PID=817) to work on /home/airflow/.local/lib/python3.12/site-packages/airflow/example_dags/example_xcomargs.py
[2024-11-20T14:22:08.570+0000] {processor.py:914} INFO - Processing file /home/airflow/.local/lib/python3.12/site-packages/airflow/example_dags/example_xcomargs.py for tasks to queue
[2024-11-20T14:22:08.574+0000] {logging_mixin.py:190} INFO - [2024-11-20T14:22:08.573+0000] {dagbag.py:588} INFO - Filling up the DagBag from /home/airflow/.local/lib/python3.12/site-packages/airflow/example_dags/example_xcomargs.py
[2024-11-20T14:22:08.590+0000] {processor.py:925} INFO - DAG(s) 'example_xcom_args_with_operators', 'example_xcom_args' retrieved from /home/airflow/.local/lib/python3.12/site-packages/airflow/example_dags/example_xcomargs.py
[2024-11-20T14:22:08.624+0000] {logging_mixin.py:190} INFO - [2024-11-20T14:22:08.624+0000] {dag.py:3239} INFO - Sync 2 DAGs
[2024-11-20T14:22:08.660+0000] {logging_mixin.py:190} INFO - [2024-11-20T14:22:08.660+0000] {dag.py:4180} INFO - Setting next_dagrun for example_xcom_args to None, run_after=None
[2024-11-20T14:22:08.668+0000] {logging_mixin.py:190} INFO - [2024-11-20T14:22:08.668+0000] {dag.py:4180} INFO - Setting next_dagrun for example_xcom_args_with_operators to None, run_after=None
[2024-11-20T14:22:08.690+0000] {processor.py:208} INFO - Processing /home/airflow/.local/lib/python3.12/site-packages/airflow/example_dags/example_xcomargs.py took 0.132 seconds
[2024-11-20T14:22:41.483+0000] {processor.py:186} INFO - Started process (PID=879) to work on /home/airflow/.local/lib/python3.12/site-packages/airflow/example_dags/example_xcomargs.py
[2024-11-20T14:22:41.485+0000] {processor.py:914} INFO - Processing file /home/airflow/.local/lib/python3.12/site-packages/airflow/example_dags/example_xcomargs.py for tasks to queue
[2024-11-20T14:22:41.491+0000] {logging_mixin.py:190} INFO - [2024-11-20T14:22:41.490+0000] {dagbag.py:588} INFO - Filling up the DagBag from /home/airflow/.local/lib/python3.12/site-packages/airflow/example_dags/example_xcomargs.py
[2024-11-20T14:22:41.520+0000] {processor.py:925} INFO - DAG(s) 'example_xcom_args', 'example_xcom_args_with_operators' retrieved from /home/airflow/.local/lib/python3.12/site-packages/airflow/example_dags/example_xcomargs.py
[2024-11-20T14:22:41.572+0000] {logging_mixin.py:190} INFO - [2024-11-20T14:22:41.571+0000] {dag.py:3239} INFO - Sync 2 DAGs
[2024-11-20T14:22:41.614+0000] {logging_mixin.py:190} INFO - [2024-11-20T14:22:41.614+0000] {dag.py:4180} INFO - Setting next_dagrun for example_xcom_args to None, run_after=None
[2024-11-20T14:22:41.623+0000] {logging_mixin.py:190} INFO - [2024-11-20T14:22:41.622+0000] {dag.py:4180} INFO - Setting next_dagrun for example_xcom_args_with_operators to None, run_after=None
[2024-11-20T14:22:41.657+0000] {processor.py:208} INFO - Processing /home/airflow/.local/lib/python3.12/site-packages/airflow/example_dags/example_xcomargs.py took 0.190 seconds
[2024-11-20T14:23:15.419+0000] {processor.py:186} INFO - Started process (PID=954) to work on /home/airflow/.local/lib/python3.12/site-packages/airflow/example_dags/example_xcomargs.py
[2024-11-20T14:23:15.421+0000] {processor.py:914} INFO - Processing file /home/airflow/.local/lib/python3.12/site-packages/airflow/example_dags/example_xcomargs.py for tasks to queue
[2024-11-20T14:23:15.424+0000] {logging_mixin.py:190} INFO - [2024-11-20T14:23:15.424+0000] {dagbag.py:588} INFO - Filling up the DagBag from /home/airflow/.local/lib/python3.12/site-packages/airflow/example_dags/example_xcomargs.py
[2024-11-20T14:23:15.441+0000] {processor.py:925} INFO - DAG(s) 'example_xcom_args_with_operators', 'example_xcom_args' retrieved from /home/airflow/.local/lib/python3.12/site-packages/airflow/example_dags/example_xcomargs.py
[2024-11-20T14:23:15.497+0000] {logging_mixin.py:190} INFO - [2024-11-20T14:23:15.496+0000] {dag.py:3239} INFO - Sync 2 DAGs
[2024-11-20T14:23:15.535+0000] {logging_mixin.py:190} INFO - [2024-11-20T14:23:15.535+0000] {dag.py:4180} INFO - Setting next_dagrun for example_xcom_args to None, run_after=None
[2024-11-20T14:23:15.543+0000] {logging_mixin.py:190} INFO - [2024-11-20T14:23:15.542+0000] {dag.py:4180} INFO - Setting next_dagrun for example_xcom_args_with_operators to None, run_after=None
[2024-11-20T14:23:15.576+0000] {processor.py:208} INFO - Processing /home/airflow/.local/lib/python3.12/site-packages/airflow/example_dags/example_xcomargs.py took 0.168 seconds
[2024-11-20T14:23:45.753+0000] {processor.py:186} INFO - Started process (PID=1016) to work on /home/airflow/.local/lib/python3.12/site-packages/airflow/example_dags/example_xcomargs.py
[2024-11-20T14:23:45.754+0000] {processor.py:914} INFO - Processing file /home/airflow/.local/lib/python3.12/site-packages/airflow/example_dags/example_xcomargs.py for tasks to queue
[2024-11-20T14:23:45.759+0000] {logging_mixin.py:190} INFO - [2024-11-20T14:23:45.758+0000] {dagbag.py:588} INFO - Filling up the DagBag from /home/airflow/.local/lib/python3.12/site-packages/airflow/example_dags/example_xcomargs.py
[2024-11-20T14:23:45.777+0000] {processor.py:925} INFO - DAG(s) 'example_xcom_args', 'example_xcom_args_with_operators' retrieved from /home/airflow/.local/lib/python3.12/site-packages/airflow/example_dags/example_xcomargs.py
[2024-11-20T14:23:45.823+0000] {logging_mixin.py:190} INFO - [2024-11-20T14:23:45.822+0000] {dag.py:3239} INFO - Sync 2 DAGs
[2024-11-20T14:23:45.848+0000] {logging_mixin.py:190} INFO - [2024-11-20T14:23:45.848+0000] {dag.py:4180} INFO - Setting next_dagrun for example_xcom_args to None, run_after=None
[2024-11-20T14:23:45.854+0000] {logging_mixin.py:190} INFO - [2024-11-20T14:23:45.854+0000] {dag.py:4180} INFO - Setting next_dagrun for example_xcom_args_with_operators to None, run_after=None
[2024-11-20T14:23:45.879+0000] {processor.py:208} INFO - Processing /home/airflow/.local/lib/python3.12/site-packages/airflow/example_dags/example_xcomargs.py took 0.136 seconds
[2024-11-20T14:24:16.802+0000] {processor.py:186} INFO - Started process (PID=1078) to work on /home/airflow/.local/lib/python3.12/site-packages/airflow/example_dags/example_xcomargs.py
[2024-11-20T14:24:16.804+0000] {processor.py:914} INFO - Processing file /home/airflow/.local/lib/python3.12/site-packages/airflow/example_dags/example_xcomargs.py for tasks to queue
[2024-11-20T14:24:16.810+0000] {logging_mixin.py:190} INFO - [2024-11-20T14:24:16.809+0000] {dagbag.py:588} INFO - Filling up the DagBag from /home/airflow/.local/lib/python3.12/site-packages/airflow/example_dags/example_xcomargs.py
[2024-11-20T14:24:16.831+0000] {processor.py:925} INFO - DAG(s) 'example_xcom_args_with_operators', 'example_xcom_args' retrieved from /home/airflow/.local/lib/python3.12/site-packages/airflow/example_dags/example_xcomargs.py
[2024-11-20T14:24:16.884+0000] {logging_mixin.py:190} INFO - [2024-11-20T14:24:16.883+0000] {dag.py:3239} INFO - Sync 2 DAGs
[2024-11-20T14:24:16.911+0000] {logging_mixin.py:190} INFO - [2024-11-20T14:24:16.911+0000] {dag.py:4180} INFO - Setting next_dagrun for example_xcom_args to None, run_after=None
[2024-11-20T14:24:16.918+0000] {logging_mixin.py:190} INFO - [2024-11-20T14:24:16.917+0000] {dag.py:4180} INFO - Setting next_dagrun for example_xcom_args_with_operators to None, run_after=None
[2024-11-20T14:24:16.944+0000] {processor.py:208} INFO - Processing /home/airflow/.local/lib/python3.12/site-packages/airflow/example_dags/example_xcomargs.py took 0.155 seconds
[2024-11-20T14:24:48.949+0000] {processor.py:186} INFO - Started process (PID=1141) to work on /home/airflow/.local/lib/python3.12/site-packages/airflow/example_dags/example_xcomargs.py
[2024-11-20T14:24:48.951+0000] {processor.py:914} INFO - Processing file /home/airflow/.local/lib/python3.12/site-packages/airflow/example_dags/example_xcomargs.py for tasks to queue
[2024-11-20T14:24:48.955+0000] {logging_mixin.py:190} INFO - [2024-11-20T14:24:48.954+0000] {dagbag.py:588} INFO - Filling up the DagBag from /home/airflow/.local/lib/python3.12/site-packages/airflow/example_dags/example_xcomargs.py
[2024-11-20T14:24:48.971+0000] {processor.py:925} INFO - DAG(s) 'example_xcom_args_with_operators', 'example_xcom_args' retrieved from /home/airflow/.local/lib/python3.12/site-packages/airflow/example_dags/example_xcomargs.py
[2024-11-20T14:24:49.009+0000] {logging_mixin.py:190} INFO - [2024-11-20T14:24:49.009+0000] {dag.py:3239} INFO - Sync 2 DAGs
[2024-11-20T14:24:49.040+0000] {logging_mixin.py:190} INFO - [2024-11-20T14:24:49.040+0000] {dag.py:4180} INFO - Setting next_dagrun for example_xcom_args to None, run_after=None
[2024-11-20T14:24:49.046+0000] {logging_mixin.py:190} INFO - [2024-11-20T14:24:49.046+0000] {dag.py:4180} INFO - Setting next_dagrun for example_xcom_args_with_operators to None, run_after=None
[2024-11-20T14:24:49.072+0000] {processor.py:208} INFO - Processing /home/airflow/.local/lib/python3.12/site-packages/airflow/example_dags/example_xcomargs.py took 0.133 seconds
[2024-11-20T14:25:20.618+0000] {processor.py:186} INFO - Started process (PID=1204) to work on /home/airflow/.local/lib/python3.12/site-packages/airflow/example_dags/example_xcomargs.py
[2024-11-20T14:25:20.619+0000] {processor.py:914} INFO - Processing file /home/airflow/.local/lib/python3.12/site-packages/airflow/example_dags/example_xcomargs.py for tasks to queue
[2024-11-20T14:25:20.624+0000] {logging_mixin.py:190} INFO - [2024-11-20T14:25:20.624+0000] {dagbag.py:588} INFO - Filling up the DagBag from /home/airflow/.local/lib/python3.12/site-packages/airflow/example_dags/example_xcomargs.py
[2024-11-20T14:25:20.640+0000] {processor.py:925} INFO - DAG(s) 'example_xcom_args', 'example_xcom_args_with_operators' retrieved from /home/airflow/.local/lib/python3.12/site-packages/airflow/example_dags/example_xcomargs.py
[2024-11-20T14:25:20.678+0000] {logging_mixin.py:190} INFO - [2024-11-20T14:25:20.678+0000] {dag.py:3239} INFO - Sync 2 DAGs
[2024-11-20T14:25:20.704+0000] {logging_mixin.py:190} INFO - [2024-11-20T14:25:20.704+0000] {dag.py:4180} INFO - Setting next_dagrun for example_xcom_args to None, run_after=None
[2024-11-20T14:25:20.712+0000] {logging_mixin.py:190} INFO - [2024-11-20T14:25:20.712+0000] {dag.py:4180} INFO - Setting next_dagrun for example_xcom_args_with_operators to None, run_after=None
[2024-11-20T14:25:20.742+0000] {processor.py:208} INFO - Processing /home/airflow/.local/lib/python3.12/site-packages/airflow/example_dags/example_xcomargs.py took 0.138 seconds
[2024-11-20T14:25:52.555+0000] {processor.py:186} INFO - Started process (PID=1267) to work on /home/airflow/.local/lib/python3.12/site-packages/airflow/example_dags/example_xcomargs.py
[2024-11-20T14:25:52.557+0000] {processor.py:914} INFO - Processing file /home/airflow/.local/lib/python3.12/site-packages/airflow/example_dags/example_xcomargs.py for tasks to queue
[2024-11-20T14:25:52.562+0000] {logging_mixin.py:190} INFO - [2024-11-20T14:25:52.562+0000] {dagbag.py:588} INFO - Filling up the DagBag from /home/airflow/.local/lib/python3.12/site-packages/airflow/example_dags/example_xcomargs.py
[2024-11-20T14:25:52.581+0000] {processor.py:925} INFO - DAG(s) 'example_xcom_args', 'example_xcom_args_with_operators' retrieved from /home/airflow/.local/lib/python3.12/site-packages/airflow/example_dags/example_xcomargs.py
[2024-11-20T14:25:52.626+0000] {logging_mixin.py:190} INFO - [2024-11-20T14:25:52.626+0000] {dag.py:3239} INFO - Sync 2 DAGs
[2024-11-20T14:25:52.655+0000] {logging_mixin.py:190} INFO - [2024-11-20T14:25:52.655+0000] {dag.py:4180} INFO - Setting next_dagrun for example_xcom_args to None, run_after=None
[2024-11-20T14:25:52.664+0000] {logging_mixin.py:190} INFO - [2024-11-20T14:25:52.663+0000] {dag.py:4180} INFO - Setting next_dagrun for example_xcom_args_with_operators to None, run_after=None
[2024-11-20T14:25:52.695+0000] {processor.py:208} INFO - Processing /home/airflow/.local/lib/python3.12/site-packages/airflow/example_dags/example_xcomargs.py took 0.152 seconds
[2024-11-20T14:26:24.811+0000] {processor.py:186} INFO - Started process (PID=1335) to work on /home/airflow/.local/lib/python3.12/site-packages/airflow/example_dags/example_xcomargs.py
[2024-11-20T14:26:24.812+0000] {processor.py:914} INFO - Processing file /home/airflow/.local/lib/python3.12/site-packages/airflow/example_dags/example_xcomargs.py for tasks to queue
[2024-11-20T14:26:24.816+0000] {logging_mixin.py:190} INFO - [2024-11-20T14:26:24.815+0000] {dagbag.py:588} INFO - Filling up the DagBag from /home/airflow/.local/lib/python3.12/site-packages/airflow/example_dags/example_xcomargs.py
[2024-11-20T14:26:24.833+0000] {processor.py:925} INFO - DAG(s) 'example_xcom_args', 'example_xcom_args_with_operators' retrieved from /home/airflow/.local/lib/python3.12/site-packages/airflow/example_dags/example_xcomargs.py
[2024-11-20T14:26:24.876+0000] {logging_mixin.py:190} INFO - [2024-11-20T14:26:24.875+0000] {dag.py:3239} INFO - Sync 2 DAGs
[2024-11-20T14:26:24.912+0000] {logging_mixin.py:190} INFO - [2024-11-20T14:26:24.911+0000] {dag.py:4180} INFO - Setting next_dagrun for example_xcom_args to None, run_after=None
[2024-11-20T14:26:24.920+0000] {logging_mixin.py:190} INFO - [2024-11-20T14:26:24.919+0000] {dag.py:4180} INFO - Setting next_dagrun for example_xcom_args_with_operators to None, run_after=None
[2024-11-20T14:26:24.955+0000] {processor.py:208} INFO - Processing /home/airflow/.local/lib/python3.12/site-packages/airflow/example_dags/example_xcomargs.py took 0.156 seconds
[2024-11-20T14:26:56.640+0000] {processor.py:186} INFO - Started process (PID=1398) to work on /home/airflow/.local/lib/python3.12/site-packages/airflow/example_dags/example_xcomargs.py
[2024-11-20T14:26:56.642+0000] {processor.py:914} INFO - Processing file /home/airflow/.local/lib/python3.12/site-packages/airflow/example_dags/example_xcomargs.py for tasks to queue
[2024-11-20T14:26:56.646+0000] {logging_mixin.py:190} INFO - [2024-11-20T14:26:56.645+0000] {dagbag.py:588} INFO - Filling up the DagBag from /home/airflow/.local/lib/python3.12/site-packages/airflow/example_dags/example_xcomargs.py
[2024-11-20T14:26:56.665+0000] {processor.py:925} INFO - DAG(s) 'example_xcom_args_with_operators', 'example_xcom_args' retrieved from /home/airflow/.local/lib/python3.12/site-packages/airflow/example_dags/example_xcomargs.py
[2024-11-20T14:26:56.703+0000] {logging_mixin.py:190} INFO - [2024-11-20T14:26:56.703+0000] {dag.py:3239} INFO - Sync 2 DAGs
[2024-11-20T14:26:56.733+0000] {logging_mixin.py:190} INFO - [2024-11-20T14:26:56.733+0000] {dag.py:4180} INFO - Setting next_dagrun for example_xcom_args to None, run_after=None
[2024-11-20T14:26:56.743+0000] {logging_mixin.py:190} INFO - [2024-11-20T14:26:56.742+0000] {dag.py:4180} INFO - Setting next_dagrun for example_xcom_args_with_operators to None, run_after=None
[2024-11-20T14:26:56.770+0000] {processor.py:208} INFO - Processing /home/airflow/.local/lib/python3.12/site-packages/airflow/example_dags/example_xcomargs.py took 0.140 seconds
[2024-11-20T14:28:14.762+0000] {processor.py:186} INFO - Started process (PID=1462) to work on /home/airflow/.local/lib/python3.12/site-packages/airflow/example_dags/example_xcomargs.py
[2024-11-20T14:28:14.764+0000] {processor.py:914} INFO - Processing file /home/airflow/.local/lib/python3.12/site-packages/airflow/example_dags/example_xcomargs.py for tasks to queue
[2024-11-20T14:28:14.768+0000] {logging_mixin.py:190} INFO - [2024-11-20T14:28:14.768+0000] {dagbag.py:588} INFO - Filling up the DagBag from /home/airflow/.local/lib/python3.12/site-packages/airflow/example_dags/example_xcomargs.py
[2024-11-20T14:28:14.785+0000] {processor.py:925} INFO - DAG(s) 'example_xcom_args', 'example_xcom_args_with_operators' retrieved from /home/airflow/.local/lib/python3.12/site-packages/airflow/example_dags/example_xcomargs.py
[2024-11-20T14:28:14.821+0000] {logging_mixin.py:190} INFO - [2024-11-20T14:28:14.821+0000] {dag.py:3239} INFO - Sync 2 DAGs
[2024-11-20T14:28:14.848+0000] {logging_mixin.py:190} INFO - [2024-11-20T14:28:14.847+0000] {dag.py:4180} INFO - Setting next_dagrun for example_xcom_args to None, run_after=None
[2024-11-20T14:28:14.854+0000] {logging_mixin.py:190} INFO - [2024-11-20T14:28:14.854+0000] {dag.py:4180} INFO - Setting next_dagrun for example_xcom_args_with_operators to None, run_after=None
[2024-11-20T14:28:14.895+0000] {processor.py:208} INFO - Processing /home/airflow/.local/lib/python3.12/site-packages/airflow/example_dags/example_xcomargs.py took 0.142 seconds
[2024-11-20T14:28:45.049+0000] {processor.py:186} INFO - Started process (PID=1525) to work on /home/airflow/.local/lib/python3.12/site-packages/airflow/example_dags/example_xcomargs.py
[2024-11-20T14:28:45.050+0000] {processor.py:914} INFO - Processing file /home/airflow/.local/lib/python3.12/site-packages/airflow/example_dags/example_xcomargs.py for tasks to queue
[2024-11-20T14:28:45.058+0000] {logging_mixin.py:190} INFO - [2024-11-20T14:28:45.057+0000] {dagbag.py:588} INFO - Filling up the DagBag from /home/airflow/.local/lib/python3.12/site-packages/airflow/example_dags/example_xcomargs.py
[2024-11-20T14:28:45.084+0000] {processor.py:925} INFO - DAG(s) 'example_xcom_args', 'example_xcom_args_with_operators' retrieved from /home/airflow/.local/lib/python3.12/site-packages/airflow/example_dags/example_xcomargs.py
[2024-11-20T14:28:45.120+0000] {logging_mixin.py:190} INFO - [2024-11-20T14:28:45.119+0000] {dag.py:3239} INFO - Sync 2 DAGs
[2024-11-20T14:28:45.146+0000] {logging_mixin.py:190} INFO - [2024-11-20T14:28:45.146+0000] {dag.py:4180} INFO - Setting next_dagrun for example_xcom_args to None, run_after=None
[2024-11-20T14:28:45.152+0000] {logging_mixin.py:190} INFO - [2024-11-20T14:28:45.151+0000] {dag.py:4180} INFO - Setting next_dagrun for example_xcom_args_with_operators to None, run_after=None
[2024-11-20T14:28:45.182+0000] {processor.py:208} INFO - Processing /home/airflow/.local/lib/python3.12/site-packages/airflow/example_dags/example_xcomargs.py took 0.145 seconds
[2024-11-20T14:29:15.680+0000] {processor.py:186} INFO - Started process (PID=1588) to work on /home/airflow/.local/lib/python3.12/site-packages/airflow/example_dags/example_xcomargs.py
[2024-11-20T14:29:15.681+0000] {processor.py:914} INFO - Processing file /home/airflow/.local/lib/python3.12/site-packages/airflow/example_dags/example_xcomargs.py for tasks to queue
[2024-11-20T14:29:15.685+0000] {logging_mixin.py:190} INFO - [2024-11-20T14:29:15.685+0000] {dagbag.py:588} INFO - Filling up the DagBag from /home/airflow/.local/lib/python3.12/site-packages/airflow/example_dags/example_xcomargs.py
[2024-11-20T14:29:15.700+0000] {processor.py:925} INFO - DAG(s) 'example_xcom_args_with_operators', 'example_xcom_args' retrieved from /home/airflow/.local/lib/python3.12/site-packages/airflow/example_dags/example_xcomargs.py
[2024-11-20T14:29:15.750+0000] {logging_mixin.py:190} INFO - [2024-11-20T14:29:15.750+0000] {dag.py:3239} INFO - Sync 2 DAGs
[2024-11-20T14:29:15.777+0000] {logging_mixin.py:190} INFO - [2024-11-20T14:29:15.777+0000] {dag.py:4180} INFO - Setting next_dagrun for example_xcom_args to None, run_after=None
[2024-11-20T14:29:15.783+0000] {logging_mixin.py:190} INFO - [2024-11-20T14:29:15.783+0000] {dag.py:4180} INFO - Setting next_dagrun for example_xcom_args_with_operators to None, run_after=None
[2024-11-20T14:29:15.810+0000] {processor.py:208} INFO - Processing /home/airflow/.local/lib/python3.12/site-packages/airflow/example_dags/example_xcomargs.py took 0.141 seconds
[2024-11-20T14:29:46.682+0000] {processor.py:186} INFO - Started process (PID=1650) to work on /home/airflow/.local/lib/python3.12/site-packages/airflow/example_dags/example_xcomargs.py
[2024-11-20T14:29:46.683+0000] {processor.py:914} INFO - Processing file /home/airflow/.local/lib/python3.12/site-packages/airflow/example_dags/example_xcomargs.py for tasks to queue
[2024-11-20T14:29:46.688+0000] {logging_mixin.py:190} INFO - [2024-11-20T14:29:46.688+0000] {dagbag.py:588} INFO - Filling up the DagBag from /home/airflow/.local/lib/python3.12/site-packages/airflow/example_dags/example_xcomargs.py
[2024-11-20T14:29:46.709+0000] {processor.py:925} INFO - DAG(s) 'example_xcom_args', 'example_xcom_args_with_operators' retrieved from /home/airflow/.local/lib/python3.12/site-packages/airflow/example_dags/example_xcomargs.py
[2024-11-20T14:29:46.748+0000] {logging_mixin.py:190} INFO - [2024-11-20T14:29:46.748+0000] {dag.py:3239} INFO - Sync 2 DAGs
[2024-11-20T14:29:46.777+0000] {logging_mixin.py:190} INFO - [2024-11-20T14:29:46.777+0000] {dag.py:4180} INFO - Setting next_dagrun for example_xcom_args to None, run_after=None
[2024-11-20T14:29:46.784+0000] {logging_mixin.py:190} INFO - [2024-11-20T14:29:46.784+0000] {dag.py:4180} INFO - Setting next_dagrun for example_xcom_args_with_operators to None, run_after=None
[2024-11-20T14:29:46.815+0000] {processor.py:208} INFO - Processing /home/airflow/.local/lib/python3.12/site-packages/airflow/example_dags/example_xcomargs.py took 0.143 seconds
[2024-11-20T14:30:20.891+0000] {processor.py:186} INFO - Started process (PID=1713) to work on /home/airflow/.local/lib/python3.12/site-packages/airflow/example_dags/example_xcomargs.py
[2024-11-20T14:30:20.894+0000] {processor.py:914} INFO - Processing file /home/airflow/.local/lib/python3.12/site-packages/airflow/example_dags/example_xcomargs.py for tasks to queue
[2024-11-20T14:30:20.900+0000] {logging_mixin.py:190} INFO - [2024-11-20T14:30:20.899+0000] {dagbag.py:588} INFO - Filling up the DagBag from /home/airflow/.local/lib/python3.12/site-packages/airflow/example_dags/example_xcomargs.py
[2024-11-20T14:30:20.937+0000] {processor.py:925} INFO - DAG(s) 'example_xcom_args', 'example_xcom_args_with_operators' retrieved from /home/airflow/.local/lib/python3.12/site-packages/airflow/example_dags/example_xcomargs.py
[2024-11-20T14:30:21.018+0000] {logging_mixin.py:190} INFO - [2024-11-20T14:30:21.017+0000] {dag.py:3239} INFO - Sync 2 DAGs
[2024-11-20T14:30:21.060+0000] {logging_mixin.py:190} INFO - [2024-11-20T14:30:21.059+0000] {dag.py:4180} INFO - Setting next_dagrun for example_xcom_args to None, run_after=None
[2024-11-20T14:30:21.070+0000] {logging_mixin.py:190} INFO - [2024-11-20T14:30:21.069+0000] {dag.py:4180} INFO - Setting next_dagrun for example_xcom_args_with_operators to None, run_after=None
[2024-11-20T14:30:21.114+0000] {processor.py:208} INFO - Processing /home/airflow/.local/lib/python3.12/site-packages/airflow/example_dags/example_xcomargs.py took 0.244 seconds
[2024-11-20T14:30:55.926+0000] {processor.py:186} INFO - Started process (PID=1776) to work on /home/airflow/.local/lib/python3.12/site-packages/airflow/example_dags/example_xcomargs.py
[2024-11-20T14:30:55.929+0000] {processor.py:914} INFO - Processing file /home/airflow/.local/lib/python3.12/site-packages/airflow/example_dags/example_xcomargs.py for tasks to queue
[2024-11-20T14:30:55.934+0000] {logging_mixin.py:190} INFO - [2024-11-20T14:30:55.933+0000] {dagbag.py:588} INFO - Filling up the DagBag from /home/airflow/.local/lib/python3.12/site-packages/airflow/example_dags/example_xcomargs.py
[2024-11-20T14:30:55.957+0000] {processor.py:925} INFO - DAG(s) 'example_xcom_args', 'example_xcom_args_with_operators' retrieved from /home/airflow/.local/lib/python3.12/site-packages/airflow/example_dags/example_xcomargs.py
[2024-11-20T14:30:56.038+0000] {logging_mixin.py:190} INFO - [2024-11-20T14:30:56.037+0000] {dag.py:3239} INFO - Sync 2 DAGs
[2024-11-20T14:30:56.082+0000] {logging_mixin.py:190} INFO - [2024-11-20T14:30:56.082+0000] {dag.py:4180} INFO - Setting next_dagrun for example_xcom_args to None, run_after=None
[2024-11-20T14:30:56.092+0000] {logging_mixin.py:190} INFO - [2024-11-20T14:30:56.091+0000] {dag.py:4180} INFO - Setting next_dagrun for example_xcom_args_with_operators to None, run_after=None
[2024-11-20T14:30:56.158+0000] {processor.py:208} INFO - Processing /home/airflow/.local/lib/python3.12/site-packages/airflow/example_dags/example_xcomargs.py took 0.247 seconds
[2024-11-20T14:31:28.231+0000] {processor.py:186} INFO - Started process (PID=1839) to work on /home/airflow/.local/lib/python3.12/site-packages/airflow/example_dags/example_xcomargs.py
[2024-11-20T14:31:28.232+0000] {processor.py:914} INFO - Processing file /home/airflow/.local/lib/python3.12/site-packages/airflow/example_dags/example_xcomargs.py for tasks to queue
[2024-11-20T14:31:28.237+0000] {logging_mixin.py:190} INFO - [2024-11-20T14:31:28.236+0000] {dagbag.py:588} INFO - Filling up the DagBag from /home/airflow/.local/lib/python3.12/site-packages/airflow/example_dags/example_xcomargs.py
[2024-11-20T14:31:28.254+0000] {processor.py:925} INFO - DAG(s) 'example_xcom_args_with_operators', 'example_xcom_args' retrieved from /home/airflow/.local/lib/python3.12/site-packages/airflow/example_dags/example_xcomargs.py
[2024-11-20T14:31:28.302+0000] {logging_mixin.py:190} INFO - [2024-11-20T14:31:28.301+0000] {dag.py:3239} INFO - Sync 2 DAGs
[2024-11-20T14:31:28.334+0000] {logging_mixin.py:190} INFO - [2024-11-20T14:31:28.333+0000] {dag.py:4180} INFO - Setting next_dagrun for example_xcom_args to None, run_after=None
[2024-11-20T14:31:28.342+0000] {logging_mixin.py:190} INFO - [2024-11-20T14:31:28.342+0000] {dag.py:4180} INFO - Setting next_dagrun for example_xcom_args_with_operators to None, run_after=None
[2024-11-20T14:31:28.377+0000] {processor.py:208} INFO - Processing /home/airflow/.local/lib/python3.12/site-packages/airflow/example_dags/example_xcomargs.py took 0.155 seconds
[2024-11-20T14:32:02.339+0000] {processor.py:186} INFO - Started process (PID=1902) to work on /home/airflow/.local/lib/python3.12/site-packages/airflow/example_dags/example_xcomargs.py
[2024-11-20T14:32:02.341+0000] {processor.py:914} INFO - Processing file /home/airflow/.local/lib/python3.12/site-packages/airflow/example_dags/example_xcomargs.py for tasks to queue
[2024-11-20T14:32:02.346+0000] {logging_mixin.py:190} INFO - [2024-11-20T14:32:02.345+0000] {dagbag.py:588} INFO - Filling up the DagBag from /home/airflow/.local/lib/python3.12/site-packages/airflow/example_dags/example_xcomargs.py
[2024-11-20T14:32:02.366+0000] {processor.py:925} INFO - DAG(s) 'example_xcom_args_with_operators', 'example_xcom_args' retrieved from /home/airflow/.local/lib/python3.12/site-packages/airflow/example_dags/example_xcomargs.py
[2024-11-20T14:32:02.417+0000] {logging_mixin.py:190} INFO - [2024-11-20T14:32:02.417+0000] {dag.py:3239} INFO - Sync 2 DAGs
[2024-11-20T14:32:02.464+0000] {logging_mixin.py:190} INFO - [2024-11-20T14:32:02.463+0000] {dag.py:4180} INFO - Setting next_dagrun for example_xcom_args to None, run_after=None
[2024-11-20T14:32:02.477+0000] {logging_mixin.py:190} INFO - [2024-11-20T14:32:02.477+0000] {dag.py:4180} INFO - Setting next_dagrun for example_xcom_args_with_operators to None, run_after=None
[2024-11-20T14:32:02.536+0000] {processor.py:208} INFO - Processing /home/airflow/.local/lib/python3.12/site-packages/airflow/example_dags/example_xcomargs.py took 0.212 seconds
[2024-11-20T14:32:32.906+0000] {processor.py:186} INFO - Started process (PID=1965) to work on /home/airflow/.local/lib/python3.12/site-packages/airflow/example_dags/example_xcomargs.py
[2024-11-20T14:32:32.908+0000] {processor.py:914} INFO - Processing file /home/airflow/.local/lib/python3.12/site-packages/airflow/example_dags/example_xcomargs.py for tasks to queue
[2024-11-20T14:32:32.912+0000] {logging_mixin.py:190} INFO - [2024-11-20T14:32:32.911+0000] {dagbag.py:588} INFO - Filling up the DagBag from /home/airflow/.local/lib/python3.12/site-packages/airflow/example_dags/example_xcomargs.py
[2024-11-20T14:32:32.929+0000] {processor.py:925} INFO - DAG(s) 'example_xcom_args_with_operators', 'example_xcom_args' retrieved from /home/airflow/.local/lib/python3.12/site-packages/airflow/example_dags/example_xcomargs.py
[2024-11-20T14:32:32.969+0000] {logging_mixin.py:190} INFO - [2024-11-20T14:32:32.969+0000] {dag.py:3239} INFO - Sync 2 DAGs
[2024-11-20T14:32:33.010+0000] {logging_mixin.py:190} INFO - [2024-11-20T14:32:33.010+0000] {dag.py:4180} INFO - Setting next_dagrun for example_xcom_args to None, run_after=None
[2024-11-20T14:32:33.018+0000] {logging_mixin.py:190} INFO - [2024-11-20T14:32:33.018+0000] {dag.py:4180} INFO - Setting next_dagrun for example_xcom_args_with_operators to None, run_after=None
[2024-11-20T14:32:33.058+0000] {processor.py:208} INFO - Processing /home/airflow/.local/lib/python3.12/site-packages/airflow/example_dags/example_xcomargs.py took 0.162 seconds
[2024-11-20T14:33:04.130+0000] {processor.py:186} INFO - Started process (PID=2028) to work on /home/airflow/.local/lib/python3.12/site-packages/airflow/example_dags/example_xcomargs.py
[2024-11-20T14:33:04.131+0000] {processor.py:914} INFO - Processing file /home/airflow/.local/lib/python3.12/site-packages/airflow/example_dags/example_xcomargs.py for tasks to queue
[2024-11-20T14:33:04.135+0000] {logging_mixin.py:190} INFO - [2024-11-20T14:33:04.134+0000] {dagbag.py:588} INFO - Filling up the DagBag from /home/airflow/.local/lib/python3.12/site-packages/airflow/example_dags/example_xcomargs.py
[2024-11-20T14:33:04.151+0000] {processor.py:925} INFO - DAG(s) 'example_xcom_args_with_operators', 'example_xcom_args' retrieved from /home/airflow/.local/lib/python3.12/site-packages/airflow/example_dags/example_xcomargs.py
[2024-11-20T14:33:04.189+0000] {logging_mixin.py:190} INFO - [2024-11-20T14:33:04.188+0000] {dag.py:3239} INFO - Sync 2 DAGs
[2024-11-20T14:33:04.215+0000] {logging_mixin.py:190} INFO - [2024-11-20T14:33:04.214+0000] {dag.py:4180} INFO - Setting next_dagrun for example_xcom_args to None, run_after=None
[2024-11-20T14:33:04.221+0000] {logging_mixin.py:190} INFO - [2024-11-20T14:33:04.220+0000] {dag.py:4180} INFO - Setting next_dagrun for example_xcom_args_with_operators to None, run_after=None
[2024-11-20T14:33:04.248+0000] {processor.py:208} INFO - Processing /home/airflow/.local/lib/python3.12/site-packages/airflow/example_dags/example_xcomargs.py took 0.128 seconds
[2024-11-20T14:33:34.373+0000] {processor.py:186} INFO - Started process (PID=2090) to work on /home/airflow/.local/lib/python3.12/site-packages/airflow/example_dags/example_xcomargs.py
[2024-11-20T14:33:34.374+0000] {processor.py:914} INFO - Processing file /home/airflow/.local/lib/python3.12/site-packages/airflow/example_dags/example_xcomargs.py for tasks to queue
[2024-11-20T14:33:34.378+0000] {logging_mixin.py:190} INFO - [2024-11-20T14:33:34.378+0000] {dagbag.py:588} INFO - Filling up the DagBag from /home/airflow/.local/lib/python3.12/site-packages/airflow/example_dags/example_xcomargs.py
[2024-11-20T14:33:34.394+0000] {processor.py:925} INFO - DAG(s) 'example_xcom_args_with_operators', 'example_xcom_args' retrieved from /home/airflow/.local/lib/python3.12/site-packages/airflow/example_dags/example_xcomargs.py
[2024-11-20T14:33:34.427+0000] {logging_mixin.py:190} INFO - [2024-11-20T14:33:34.426+0000] {dag.py:3239} INFO - Sync 2 DAGs
[2024-11-20T14:33:34.455+0000] {logging_mixin.py:190} INFO - [2024-11-20T14:33:34.454+0000] {dag.py:4180} INFO - Setting next_dagrun for example_xcom_args to None, run_after=None
[2024-11-20T14:33:34.462+0000] {logging_mixin.py:190} INFO - [2024-11-20T14:33:34.461+0000] {dag.py:4180} INFO - Setting next_dagrun for example_xcom_args_with_operators to None, run_after=None
[2024-11-20T14:33:34.499+0000] {processor.py:208} INFO - Processing /home/airflow/.local/lib/python3.12/site-packages/airflow/example_dags/example_xcomargs.py took 0.136 seconds
[2024-11-20T14:34:04.896+0000] {processor.py:186} INFO - Started process (PID=2153) to work on /home/airflow/.local/lib/python3.12/site-packages/airflow/example_dags/example_xcomargs.py
[2024-11-20T14:34:04.898+0000] {processor.py:914} INFO - Processing file /home/airflow/.local/lib/python3.12/site-packages/airflow/example_dags/example_xcomargs.py for tasks to queue
[2024-11-20T14:34:04.904+0000] {logging_mixin.py:190} INFO - [2024-11-20T14:34:04.903+0000] {dagbag.py:588} INFO - Filling up the DagBag from /home/airflow/.local/lib/python3.12/site-packages/airflow/example_dags/example_xcomargs.py
[2024-11-20T14:34:04.927+0000] {processor.py:925} INFO - DAG(s) 'example_xcom_args', 'example_xcom_args_with_operators' retrieved from /home/airflow/.local/lib/python3.12/site-packages/airflow/example_dags/example_xcomargs.py
[2024-11-20T14:34:04.966+0000] {logging_mixin.py:190} INFO - [2024-11-20T14:34:04.966+0000] {dag.py:3239} INFO - Sync 2 DAGs
[2024-11-20T14:34:04.991+0000] {logging_mixin.py:190} INFO - [2024-11-20T14:34:04.991+0000] {dag.py:4180} INFO - Setting next_dagrun for example_xcom_args to None, run_after=None
[2024-11-20T14:34:04.997+0000] {logging_mixin.py:190} INFO - [2024-11-20T14:34:04.996+0000] {dag.py:4180} INFO - Setting next_dagrun for example_xcom_args_with_operators to None, run_after=None
[2024-11-20T14:34:05.025+0000] {processor.py:208} INFO - Processing /home/airflow/.local/lib/python3.12/site-packages/airflow/example_dags/example_xcomargs.py took 0.141 seconds
[2024-11-20T14:34:35.226+0000] {processor.py:186} INFO - Started process (PID=2215) to work on /home/airflow/.local/lib/python3.12/site-packages/airflow/example_dags/example_xcomargs.py
[2024-11-20T14:34:35.228+0000] {processor.py:914} INFO - Processing file /home/airflow/.local/lib/python3.12/site-packages/airflow/example_dags/example_xcomargs.py for tasks to queue
[2024-11-20T14:34:35.232+0000] {logging_mixin.py:190} INFO - [2024-11-20T14:34:35.231+0000] {dagbag.py:588} INFO - Filling up the DagBag from /home/airflow/.local/lib/python3.12/site-packages/airflow/example_dags/example_xcomargs.py
[2024-11-20T14:34:35.252+0000] {processor.py:925} INFO - DAG(s) 'example_xcom_args_with_operators', 'example_xcom_args' retrieved from /home/airflow/.local/lib/python3.12/site-packages/airflow/example_dags/example_xcomargs.py
[2024-11-20T14:34:35.316+0000] {logging_mixin.py:190} INFO - [2024-11-20T14:34:35.316+0000] {dag.py:3239} INFO - Sync 2 DAGs
[2024-11-20T14:34:35.356+0000] {logging_mixin.py:190} INFO - [2024-11-20T14:34:35.356+0000] {dag.py:4180} INFO - Setting next_dagrun for example_xcom_args to None, run_after=None
[2024-11-20T14:34:35.367+0000] {logging_mixin.py:190} INFO - [2024-11-20T14:34:35.366+0000] {dag.py:4180} INFO - Setting next_dagrun for example_xcom_args_with_operators to None, run_after=None
[2024-11-20T14:34:35.405+0000] {processor.py:208} INFO - Processing /home/airflow/.local/lib/python3.12/site-packages/airflow/example_dags/example_xcomargs.py took 0.194 seconds
[2024-11-20T14:35:06.068+0000] {processor.py:186} INFO - Started process (PID=2278) to work on /home/airflow/.local/lib/python3.12/site-packages/airflow/example_dags/example_xcomargs.py
[2024-11-20T14:35:06.069+0000] {processor.py:914} INFO - Processing file /home/airflow/.local/lib/python3.12/site-packages/airflow/example_dags/example_xcomargs.py for tasks to queue
[2024-11-20T14:35:06.073+0000] {logging_mixin.py:190} INFO - [2024-11-20T14:35:06.073+0000] {dagbag.py:588} INFO - Filling up the DagBag from /home/airflow/.local/lib/python3.12/site-packages/airflow/example_dags/example_xcomargs.py
[2024-11-20T14:35:06.091+0000] {processor.py:925} INFO - DAG(s) 'example_xcom_args_with_operators', 'example_xcom_args' retrieved from /home/airflow/.local/lib/python3.12/site-packages/airflow/example_dags/example_xcomargs.py
[2024-11-20T14:35:06.145+0000] {logging_mixin.py:190} INFO - [2024-11-20T14:35:06.145+0000] {dag.py:3239} INFO - Sync 2 DAGs
[2024-11-20T14:35:06.180+0000] {logging_mixin.py:190} INFO - [2024-11-20T14:35:06.179+0000] {dag.py:4180} INFO - Setting next_dagrun for example_xcom_args to None, run_after=None
[2024-11-20T14:35:06.187+0000] {logging_mixin.py:190} INFO - [2024-11-20T14:35:06.187+0000] {dag.py:4180} INFO - Setting next_dagrun for example_xcom_args_with_operators to None, run_after=None
[2024-11-20T14:35:06.218+0000] {processor.py:208} INFO - Processing /home/airflow/.local/lib/python3.12/site-packages/airflow/example_dags/example_xcomargs.py took 0.160 seconds
[2024-11-20T14:35:36.279+0000] {processor.py:186} INFO - Started process (PID=2340) to work on /home/airflow/.local/lib/python3.12/site-packages/airflow/example_dags/example_xcomargs.py
[2024-11-20T14:35:36.282+0000] {processor.py:914} INFO - Processing file /home/airflow/.local/lib/python3.12/site-packages/airflow/example_dags/example_xcomargs.py for tasks to queue
[2024-11-20T14:35:36.287+0000] {logging_mixin.py:190} INFO - [2024-11-20T14:35:36.287+0000] {dagbag.py:588} INFO - Filling up the DagBag from /home/airflow/.local/lib/python3.12/site-packages/airflow/example_dags/example_xcomargs.py
[2024-11-20T14:35:36.309+0000] {processor.py:925} INFO - DAG(s) 'example_xcom_args_with_operators', 'example_xcom_args' retrieved from /home/airflow/.local/lib/python3.12/site-packages/airflow/example_dags/example_xcomargs.py
[2024-11-20T14:35:36.356+0000] {logging_mixin.py:190} INFO - [2024-11-20T14:35:36.355+0000] {dag.py:3239} INFO - Sync 2 DAGs
[2024-11-20T14:35:36.382+0000] {logging_mixin.py:190} INFO - [2024-11-20T14:35:36.382+0000] {dag.py:4180} INFO - Setting next_dagrun for example_xcom_args to None, run_after=None
[2024-11-20T14:35:36.388+0000] {logging_mixin.py:190} INFO - [2024-11-20T14:35:36.387+0000] {dag.py:4180} INFO - Setting next_dagrun for example_xcom_args_with_operators to None, run_after=None
[2024-11-20T14:35:36.413+0000] {processor.py:208} INFO - Processing /home/airflow/.local/lib/python3.12/site-packages/airflow/example_dags/example_xcomargs.py took 0.147 seconds
[2024-11-20T14:36:07.679+0000] {processor.py:186} INFO - Started process (PID=2403) to work on /home/airflow/.local/lib/python3.12/site-packages/airflow/example_dags/example_xcomargs.py
[2024-11-20T14:36:07.681+0000] {processor.py:914} INFO - Processing file /home/airflow/.local/lib/python3.12/site-packages/airflow/example_dags/example_xcomargs.py for tasks to queue
[2024-11-20T14:36:07.685+0000] {logging_mixin.py:190} INFO - [2024-11-20T14:36:07.684+0000] {dagbag.py:588} INFO - Filling up the DagBag from /home/airflow/.local/lib/python3.12/site-packages/airflow/example_dags/example_xcomargs.py
[2024-11-20T14:36:07.725+0000] {processor.py:925} INFO - DAG(s) 'example_xcom_args', 'example_xcom_args_with_operators' retrieved from /home/airflow/.local/lib/python3.12/site-packages/airflow/example_dags/example_xcomargs.py
[2024-11-20T14:36:07.776+0000] {logging_mixin.py:190} INFO - [2024-11-20T14:36:07.775+0000] {dag.py:3239} INFO - Sync 2 DAGs
[2024-11-20T14:36:07.817+0000] {logging_mixin.py:190} INFO - [2024-11-20T14:36:07.817+0000] {dag.py:4180} INFO - Setting next_dagrun for example_xcom_args to None, run_after=None
[2024-11-20T14:36:07.830+0000] {logging_mixin.py:190} INFO - [2024-11-20T14:36:07.829+0000] {dag.py:4180} INFO - Setting next_dagrun for example_xcom_args_with_operators to None, run_after=None
[2024-11-20T14:36:07.872+0000] {processor.py:208} INFO - Processing /home/airflow/.local/lib/python3.12/site-packages/airflow/example_dags/example_xcomargs.py took 0.206 seconds
[2024-11-20T14:36:38.720+0000] {processor.py:186} INFO - Started process (PID=2466) to work on /home/airflow/.local/lib/python3.12/site-packages/airflow/example_dags/example_xcomargs.py
[2024-11-20T14:36:38.722+0000] {processor.py:914} INFO - Processing file /home/airflow/.local/lib/python3.12/site-packages/airflow/example_dags/example_xcomargs.py for tasks to queue
[2024-11-20T14:36:38.726+0000] {logging_mixin.py:190} INFO - [2024-11-20T14:36:38.725+0000] {dagbag.py:588} INFO - Filling up the DagBag from /home/airflow/.local/lib/python3.12/site-packages/airflow/example_dags/example_xcomargs.py
[2024-11-20T14:36:38.745+0000] {processor.py:925} INFO - DAG(s) 'example_xcom_args', 'example_xcom_args_with_operators' retrieved from /home/airflow/.local/lib/python3.12/site-packages/airflow/example_dags/example_xcomargs.py
[2024-11-20T14:36:38.780+0000] {logging_mixin.py:190} INFO - [2024-11-20T14:36:38.779+0000] {dag.py:3239} INFO - Sync 2 DAGs
[2024-11-20T14:36:38.805+0000] {logging_mixin.py:190} INFO - [2024-11-20T14:36:38.804+0000] {dag.py:4180} INFO - Setting next_dagrun for example_xcom_args to None, run_after=None
[2024-11-20T14:36:38.810+0000] {logging_mixin.py:190} INFO - [2024-11-20T14:36:38.810+0000] {dag.py:4180} INFO - Setting next_dagrun for example_xcom_args_with_operators to None, run_after=None
[2024-11-20T14:36:38.833+0000] {processor.py:208} INFO - Processing /home/airflow/.local/lib/python3.12/site-packages/airflow/example_dags/example_xcomargs.py took 0.124 seconds
[2024-11-20T14:37:10.674+0000] {processor.py:186} INFO - Started process (PID=2529) to work on /home/airflow/.local/lib/python3.12/site-packages/airflow/example_dags/example_xcomargs.py
[2024-11-20T14:37:10.700+0000] {processor.py:914} INFO - Processing file /home/airflow/.local/lib/python3.12/site-packages/airflow/example_dags/example_xcomargs.py for tasks to queue
[2024-11-20T14:37:10.710+0000] {logging_mixin.py:190} INFO - [2024-11-20T14:37:10.707+0000] {dagbag.py:588} INFO - Filling up the DagBag from /home/airflow/.local/lib/python3.12/site-packages/airflow/example_dags/example_xcomargs.py
[2024-11-20T14:37:10.753+0000] {processor.py:925} INFO - DAG(s) 'example_xcom_args', 'example_xcom_args_with_operators' retrieved from /home/airflow/.local/lib/python3.12/site-packages/airflow/example_dags/example_xcomargs.py
[2024-11-20T14:37:10.806+0000] {logging_mixin.py:190} INFO - [2024-11-20T14:37:10.805+0000] {dag.py:3239} INFO - Sync 2 DAGs
[2024-11-20T14:37:10.830+0000] {logging_mixin.py:190} INFO - [2024-11-20T14:37:10.829+0000] {dag.py:4180} INFO - Setting next_dagrun for example_xcom_args to None, run_after=None
[2024-11-20T14:37:10.835+0000] {logging_mixin.py:190} INFO - [2024-11-20T14:37:10.835+0000] {dag.py:4180} INFO - Setting next_dagrun for example_xcom_args_with_operators to None, run_after=None
[2024-11-20T14:37:10.866+0000] {processor.py:208} INFO - Processing /home/airflow/.local/lib/python3.12/site-packages/airflow/example_dags/example_xcomargs.py took 0.204 seconds
[2024-11-20T14:37:42.135+0000] {processor.py:186} INFO - Started process (PID=2591) to work on /home/airflow/.local/lib/python3.12/site-packages/airflow/example_dags/example_xcomargs.py
[2024-11-20T14:37:42.144+0000] {processor.py:914} INFO - Processing file /home/airflow/.local/lib/python3.12/site-packages/airflow/example_dags/example_xcomargs.py for tasks to queue
[2024-11-20T14:37:42.148+0000] {logging_mixin.py:190} INFO - [2024-11-20T14:37:42.148+0000] {dagbag.py:588} INFO - Filling up the DagBag from /home/airflow/.local/lib/python3.12/site-packages/airflow/example_dags/example_xcomargs.py
[2024-11-20T14:37:42.166+0000] {processor.py:925} INFO - DAG(s) 'example_xcom_args_with_operators', 'example_xcom_args' retrieved from /home/airflow/.local/lib/python3.12/site-packages/airflow/example_dags/example_xcomargs.py
[2024-11-20T14:37:42.204+0000] {logging_mixin.py:190} INFO - [2024-11-20T14:37:42.204+0000] {dag.py:3239} INFO - Sync 2 DAGs
[2024-11-20T14:37:42.232+0000] {logging_mixin.py:190} INFO - [2024-11-20T14:37:42.231+0000] {dag.py:4180} INFO - Setting next_dagrun for example_xcom_args to None, run_after=None
[2024-11-20T14:37:42.238+0000] {logging_mixin.py:190} INFO - [2024-11-20T14:37:42.238+0000] {dag.py:4180} INFO - Setting next_dagrun for example_xcom_args_with_operators to None, run_after=None
[2024-11-20T14:37:42.264+0000] {processor.py:208} INFO - Processing /home/airflow/.local/lib/python3.12/site-packages/airflow/example_dags/example_xcomargs.py took 0.141 seconds
[2024-11-20T14:38:14.081+0000] {processor.py:186} INFO - Started process (PID=2659) to work on /home/airflow/.local/lib/python3.12/site-packages/airflow/example_dags/example_xcomargs.py
[2024-11-20T14:38:14.084+0000] {processor.py:914} INFO - Processing file /home/airflow/.local/lib/python3.12/site-packages/airflow/example_dags/example_xcomargs.py for tasks to queue
[2024-11-20T14:38:14.090+0000] {logging_mixin.py:190} INFO - [2024-11-20T14:38:14.089+0000] {dagbag.py:588} INFO - Filling up the DagBag from /home/airflow/.local/lib/python3.12/site-packages/airflow/example_dags/example_xcomargs.py
[2024-11-20T14:38:14.114+0000] {processor.py:925} INFO - DAG(s) 'example_xcom_args_with_operators', 'example_xcom_args' retrieved from /home/airflow/.local/lib/python3.12/site-packages/airflow/example_dags/example_xcomargs.py
[2024-11-20T14:38:14.185+0000] {logging_mixin.py:190} INFO - [2024-11-20T14:38:14.182+0000] {dag.py:3239} INFO - Sync 2 DAGs
[2024-11-20T14:38:14.242+0000] {logging_mixin.py:190} INFO - [2024-11-20T14:38:14.242+0000] {dag.py:4180} INFO - Setting next_dagrun for example_xcom_args to None, run_after=None
[2024-11-20T14:38:14.254+0000] {logging_mixin.py:190} INFO - [2024-11-20T14:38:14.253+0000] {dag.py:4180} INFO - Setting next_dagrun for example_xcom_args_with_operators to None, run_after=None
[2024-11-20T14:38:14.307+0000] {processor.py:208} INFO - Processing /home/airflow/.local/lib/python3.12/site-packages/airflow/example_dags/example_xcomargs.py took 0.238 seconds
