[2024-11-20T14:16:25.473+0000] {processor.py:186} INFO - Started process (PID=123) to work on /home/airflow/.local/lib/python3.12/site-packages/airflow/example_dags/example_workday_timetable.py
[2024-11-20T14:16:25.475+0000] {processor.py:914} INFO - Processing file /home/airflow/.local/lib/python3.12/site-packages/airflow/example_dags/example_workday_timetable.py for tasks to queue
[2024-11-20T14:16:25.481+0000] {logging_mixin.py:190} INFO - [2024-11-20T14:16:25.480+0000] {dagbag.py:588} INFO - Filling up the DagBag from /home/airflow/.local/lib/python3.12/site-packages/airflow/example_dags/example_workday_timetable.py
[2024-11-20T14:16:25.494+0000] {processor.py:925} INFO - DAG(s) 'example_workday_timetable' retrieved from /home/airflow/.local/lib/python3.12/site-packages/airflow/example_dags/example_workday_timetable.py
[2024-11-20T14:16:25.785+0000] {logging_mixin.py:190} INFO - [2024-11-20T14:16:25.784+0000] {override.py:1911} INFO - Created Permission View: can delete on DAG:example_workday_timetable
[2024-11-20T14:16:25.830+0000] {logging_mixin.py:190} INFO - [2024-11-20T14:16:25.829+0000] {override.py:1911} INFO - Created Permission View: can read on DAG:example_workday_timetable
[2024-11-20T14:16:25.860+0000] {logging_mixin.py:190} INFO - [2024-11-20T14:16:25.859+0000] {override.py:1911} INFO - Created Permission View: can edit on DAG:example_workday_timetable
[2024-11-20T14:16:25.896+0000] {logging_mixin.py:190} INFO - [2024-11-20T14:16:25.896+0000] {override.py:1911} INFO - Created Permission View: can delete on DAG Run:example_workday_timetable
[2024-11-20T14:16:25.930+0000] {logging_mixin.py:190} INFO - [2024-11-20T14:16:25.929+0000] {override.py:1911} INFO - Created Permission View: menu access on DAG Run:example_workday_timetable
[2024-11-20T14:16:25.984+0000] {logging_mixin.py:190} INFO - [2024-11-20T14:16:25.983+0000] {override.py:1911} INFO - Created Permission View: can read on DAG Run:example_workday_timetable
[2024-11-20T14:16:26.028+0000] {logging_mixin.py:190} INFO - [2024-11-20T14:16:26.027+0000] {override.py:1911} INFO - Created Permission View: can create on DAG Run:example_workday_timetable
[2024-11-20T14:16:26.032+0000] {logging_mixin.py:190} INFO - [2024-11-20T14:16:26.031+0000] {dag.py:3239} INFO - Sync 1 DAGs
[2024-11-20T14:16:26.095+0000] {logging_mixin.py:190} INFO - [2024-11-20T14:16:26.095+0000] {dag.py:3262} INFO - Creating ORM DAG for example_workday_timetable
[2024-11-20T14:16:26.264+0000] {logging_mixin.py:190} INFO - [2024-11-20T14:16:26.264+0000] {dag.py:4180} INFO - Setting next_dagrun for example_workday_timetable to 2021-01-04 00:00:00+00:00, run_after=2021-01-05 00:00:00+00:00
[2024-11-20T14:16:26.302+0000] {processor.py:208} INFO - Processing /home/airflow/.local/lib/python3.12/site-packages/airflow/example_dags/example_workday_timetable.py took 0.843 seconds
[2024-11-20T14:16:57.001+0000] {processor.py:186} INFO - Started process (PID=186) to work on /home/airflow/.local/lib/python3.12/site-packages/airflow/example_dags/example_workday_timetable.py
[2024-11-20T14:16:57.004+0000] {processor.py:914} INFO - Processing file /home/airflow/.local/lib/python3.12/site-packages/airflow/example_dags/example_workday_timetable.py for tasks to queue
[2024-11-20T14:16:57.009+0000] {logging_mixin.py:190} INFO - [2024-11-20T14:16:57.008+0000] {dagbag.py:588} INFO - Filling up the DagBag from /home/airflow/.local/lib/python3.12/site-packages/airflow/example_dags/example_workday_timetable.py
[2024-11-20T14:16:57.030+0000] {processor.py:925} INFO - DAG(s) 'example_workday_timetable' retrieved from /home/airflow/.local/lib/python3.12/site-packages/airflow/example_dags/example_workday_timetable.py
[2024-11-20T14:16:57.075+0000] {logging_mixin.py:190} INFO - [2024-11-20T14:16:57.073+0000] {dag.py:3239} INFO - Sync 1 DAGs
[2024-11-20T14:16:57.201+0000] {logging_mixin.py:190} INFO - [2024-11-20T14:16:57.201+0000] {dag.py:4180} INFO - Setting next_dagrun for example_workday_timetable to 2021-01-04 00:00:00+00:00, run_after=2021-01-05 00:00:00+00:00
[2024-11-20T14:16:57.228+0000] {processor.py:208} INFO - Processing /home/airflow/.local/lib/python3.12/site-packages/airflow/example_dags/example_workday_timetable.py took 0.240 seconds
[2024-11-20T14:17:27.506+0000] {processor.py:186} INFO - Started process (PID=249) to work on /home/airflow/.local/lib/python3.12/site-packages/airflow/example_dags/example_workday_timetable.py
[2024-11-20T14:17:27.508+0000] {processor.py:914} INFO - Processing file /home/airflow/.local/lib/python3.12/site-packages/airflow/example_dags/example_workday_timetable.py for tasks to queue
[2024-11-20T14:17:27.513+0000] {logging_mixin.py:190} INFO - [2024-11-20T14:17:27.513+0000] {dagbag.py:588} INFO - Filling up the DagBag from /home/airflow/.local/lib/python3.12/site-packages/airflow/example_dags/example_workday_timetable.py
[2024-11-20T14:17:27.524+0000] {processor.py:925} INFO - DAG(s) 'example_workday_timetable' retrieved from /home/airflow/.local/lib/python3.12/site-packages/airflow/example_dags/example_workday_timetable.py
[2024-11-20T14:17:27.551+0000] {logging_mixin.py:190} INFO - [2024-11-20T14:17:27.550+0000] {dag.py:3239} INFO - Sync 1 DAGs
[2024-11-20T14:17:27.672+0000] {logging_mixin.py:190} INFO - [2024-11-20T14:17:27.672+0000] {dag.py:4180} INFO - Setting next_dagrun for example_workday_timetable to 2021-01-04 00:00:00+00:00, run_after=2021-01-05 00:00:00+00:00
[2024-11-20T14:17:27.700+0000] {processor.py:208} INFO - Processing /home/airflow/.local/lib/python3.12/site-packages/airflow/example_dags/example_workday_timetable.py took 0.211 seconds
[2024-11-20T14:17:58.141+0000] {processor.py:186} INFO - Started process (PID=312) to work on /home/airflow/.local/lib/python3.12/site-packages/airflow/example_dags/example_workday_timetable.py
[2024-11-20T14:17:58.143+0000] {processor.py:914} INFO - Processing file /home/airflow/.local/lib/python3.12/site-packages/airflow/example_dags/example_workday_timetable.py for tasks to queue
[2024-11-20T14:17:58.147+0000] {logging_mixin.py:190} INFO - [2024-11-20T14:17:58.147+0000] {dagbag.py:588} INFO - Filling up the DagBag from /home/airflow/.local/lib/python3.12/site-packages/airflow/example_dags/example_workday_timetable.py
[2024-11-20T14:17:58.157+0000] {processor.py:925} INFO - DAG(s) 'example_workday_timetable' retrieved from /home/airflow/.local/lib/python3.12/site-packages/airflow/example_dags/example_workday_timetable.py
[2024-11-20T14:17:58.193+0000] {logging_mixin.py:190} INFO - [2024-11-20T14:17:58.192+0000] {dag.py:3239} INFO - Sync 1 DAGs
[2024-11-20T14:17:58.317+0000] {logging_mixin.py:190} INFO - [2024-11-20T14:17:58.317+0000] {dag.py:4180} INFO - Setting next_dagrun for example_workday_timetable to 2021-01-04 00:00:00+00:00, run_after=2021-01-05 00:00:00+00:00
[2024-11-20T14:17:58.343+0000] {processor.py:208} INFO - Processing /home/airflow/.local/lib/python3.12/site-packages/airflow/example_dags/example_workday_timetable.py took 0.214 seconds
[2024-11-20T14:18:29.162+0000] {processor.py:186} INFO - Started process (PID=375) to work on /home/airflow/.local/lib/python3.12/site-packages/airflow/example_dags/example_workday_timetable.py
[2024-11-20T14:18:29.163+0000] {processor.py:914} INFO - Processing file /home/airflow/.local/lib/python3.12/site-packages/airflow/example_dags/example_workday_timetable.py for tasks to queue
[2024-11-20T14:18:29.168+0000] {logging_mixin.py:190} INFO - [2024-11-20T14:18:29.167+0000] {dagbag.py:588} INFO - Filling up the DagBag from /home/airflow/.local/lib/python3.12/site-packages/airflow/example_dags/example_workday_timetable.py
[2024-11-20T14:18:29.180+0000] {processor.py:925} INFO - DAG(s) 'example_workday_timetable' retrieved from /home/airflow/.local/lib/python3.12/site-packages/airflow/example_dags/example_workday_timetable.py
[2024-11-20T14:18:29.214+0000] {logging_mixin.py:190} INFO - [2024-11-20T14:18:29.213+0000] {dag.py:3239} INFO - Sync 1 DAGs
[2024-11-20T14:18:29.340+0000] {logging_mixin.py:190} INFO - [2024-11-20T14:18:29.340+0000] {dag.py:4180} INFO - Setting next_dagrun for example_workday_timetable to 2021-01-04 00:00:00+00:00, run_after=2021-01-05 00:00:00+00:00
[2024-11-20T14:18:29.370+0000] {processor.py:208} INFO - Processing /home/airflow/.local/lib/python3.12/site-packages/airflow/example_dags/example_workday_timetable.py took 0.225 seconds
[2024-11-20T14:18:59.538+0000] {processor.py:186} INFO - Started process (PID=438) to work on /home/airflow/.local/lib/python3.12/site-packages/airflow/example_dags/example_workday_timetable.py
[2024-11-20T14:18:59.539+0000] {processor.py:914} INFO - Processing file /home/airflow/.local/lib/python3.12/site-packages/airflow/example_dags/example_workday_timetable.py for tasks to queue
[2024-11-20T14:18:59.543+0000] {logging_mixin.py:190} INFO - [2024-11-20T14:18:59.543+0000] {dagbag.py:588} INFO - Filling up the DagBag from /home/airflow/.local/lib/python3.12/site-packages/airflow/example_dags/example_workday_timetable.py
[2024-11-20T14:18:59.551+0000] {processor.py:925} INFO - DAG(s) 'example_workday_timetable' retrieved from /home/airflow/.local/lib/python3.12/site-packages/airflow/example_dags/example_workday_timetable.py
[2024-11-20T14:18:59.579+0000] {logging_mixin.py:190} INFO - [2024-11-20T14:18:59.579+0000] {dag.py:3239} INFO - Sync 1 DAGs
[2024-11-20T14:18:59.694+0000] {logging_mixin.py:190} INFO - [2024-11-20T14:18:59.694+0000] {dag.py:4180} INFO - Setting next_dagrun for example_workday_timetable to 2021-01-04 00:00:00+00:00, run_after=2021-01-05 00:00:00+00:00
[2024-11-20T14:18:59.721+0000] {processor.py:208} INFO - Processing /home/airflow/.local/lib/python3.12/site-packages/airflow/example_dags/example_workday_timetable.py took 0.195 seconds
[2024-11-20T14:19:31.173+0000] {processor.py:186} INFO - Started process (PID=500) to work on /home/airflow/.local/lib/python3.12/site-packages/airflow/example_dags/example_workday_timetable.py
[2024-11-20T14:19:31.176+0000] {processor.py:914} INFO - Processing file /home/airflow/.local/lib/python3.12/site-packages/airflow/example_dags/example_workday_timetable.py for tasks to queue
[2024-11-20T14:19:31.182+0000] {logging_mixin.py:190} INFO - [2024-11-20T14:19:31.181+0000] {dagbag.py:588} INFO - Filling up the DagBag from /home/airflow/.local/lib/python3.12/site-packages/airflow/example_dags/example_workday_timetable.py
[2024-11-20T14:19:31.196+0000] {processor.py:925} INFO - DAG(s) 'example_workday_timetable' retrieved from /home/airflow/.local/lib/python3.12/site-packages/airflow/example_dags/example_workday_timetable.py
[2024-11-20T14:19:31.236+0000] {logging_mixin.py:190} INFO - [2024-11-20T14:19:31.236+0000] {dag.py:3239} INFO - Sync 1 DAGs
[2024-11-20T14:19:31.443+0000] {logging_mixin.py:190} INFO - [2024-11-20T14:19:31.443+0000] {dag.py:4180} INFO - Setting next_dagrun for example_workday_timetable to 2021-01-04 00:00:00+00:00, run_after=2021-01-05 00:00:00+00:00
[2024-11-20T14:19:31.485+0000] {processor.py:208} INFO - Processing /home/airflow/.local/lib/python3.12/site-packages/airflow/example_dags/example_workday_timetable.py took 0.326 seconds
[2024-11-20T14:20:03.395+0000] {processor.py:186} INFO - Started process (PID=563) to work on /home/airflow/.local/lib/python3.12/site-packages/airflow/example_dags/example_workday_timetable.py
[2024-11-20T14:20:03.397+0000] {processor.py:914} INFO - Processing file /home/airflow/.local/lib/python3.12/site-packages/airflow/example_dags/example_workday_timetable.py for tasks to queue
[2024-11-20T14:20:03.404+0000] {logging_mixin.py:190} INFO - [2024-11-20T14:20:03.403+0000] {dagbag.py:588} INFO - Filling up the DagBag from /home/airflow/.local/lib/python3.12/site-packages/airflow/example_dags/example_workday_timetable.py
[2024-11-20T14:20:03.418+0000] {processor.py:925} INFO - DAG(s) 'example_workday_timetable' retrieved from /home/airflow/.local/lib/python3.12/site-packages/airflow/example_dags/example_workday_timetable.py
[2024-11-20T14:20:03.501+0000] {logging_mixin.py:190} INFO - [2024-11-20T14:20:03.500+0000] {dag.py:3239} INFO - Sync 1 DAGs
[2024-11-20T14:20:03.654+0000] {logging_mixin.py:190} INFO - [2024-11-20T14:20:03.654+0000] {dag.py:4180} INFO - Setting next_dagrun for example_workday_timetable to 2021-01-04 00:00:00+00:00, run_after=2021-01-05 00:00:00+00:00
[2024-11-20T14:20:03.694+0000] {processor.py:208} INFO - Processing /home/airflow/.local/lib/python3.12/site-packages/airflow/example_dags/example_workday_timetable.py took 0.317 seconds
[2024-11-20T14:20:34.515+0000] {processor.py:186} INFO - Started process (PID=626) to work on /home/airflow/.local/lib/python3.12/site-packages/airflow/example_dags/example_workday_timetable.py
[2024-11-20T14:20:34.518+0000] {processor.py:914} INFO - Processing file /home/airflow/.local/lib/python3.12/site-packages/airflow/example_dags/example_workday_timetable.py for tasks to queue
[2024-11-20T14:20:34.528+0000] {logging_mixin.py:190} INFO - [2024-11-20T14:20:34.525+0000] {dagbag.py:588} INFO - Filling up the DagBag from /home/airflow/.local/lib/python3.12/site-packages/airflow/example_dags/example_workday_timetable.py
[2024-11-20T14:20:34.545+0000] {processor.py:925} INFO - DAG(s) 'example_workday_timetable' retrieved from /home/airflow/.local/lib/python3.12/site-packages/airflow/example_dags/example_workday_timetable.py
[2024-11-20T14:20:34.592+0000] {logging_mixin.py:190} INFO - [2024-11-20T14:20:34.591+0000] {dag.py:3239} INFO - Sync 1 DAGs
[2024-11-20T14:20:34.781+0000] {logging_mixin.py:190} INFO - [2024-11-20T14:20:34.780+0000] {dag.py:4180} INFO - Setting next_dagrun for example_workday_timetable to 2021-01-04 00:00:00+00:00, run_after=2021-01-05 00:00:00+00:00
[2024-11-20T14:20:34.821+0000] {processor.py:208} INFO - Processing /home/airflow/.local/lib/python3.12/site-packages/airflow/example_dags/example_workday_timetable.py took 0.335 seconds
[2024-11-20T14:21:05.221+0000] {processor.py:186} INFO - Started process (PID=689) to work on /home/airflow/.local/lib/python3.12/site-packages/airflow/example_dags/example_workday_timetable.py
[2024-11-20T14:21:05.223+0000] {processor.py:914} INFO - Processing file /home/airflow/.local/lib/python3.12/site-packages/airflow/example_dags/example_workday_timetable.py for tasks to queue
[2024-11-20T14:21:05.228+0000] {logging_mixin.py:190} INFO - [2024-11-20T14:21:05.227+0000] {dagbag.py:588} INFO - Filling up the DagBag from /home/airflow/.local/lib/python3.12/site-packages/airflow/example_dags/example_workday_timetable.py
[2024-11-20T14:21:05.237+0000] {processor.py:925} INFO - DAG(s) 'example_workday_timetable' retrieved from /home/airflow/.local/lib/python3.12/site-packages/airflow/example_dags/example_workday_timetable.py
[2024-11-20T14:21:05.277+0000] {logging_mixin.py:190} INFO - [2024-11-20T14:21:05.276+0000] {dag.py:3239} INFO - Sync 1 DAGs
[2024-11-20T14:21:05.439+0000] {logging_mixin.py:190} INFO - [2024-11-20T14:21:05.439+0000] {dag.py:4180} INFO - Setting next_dagrun for example_workday_timetable to 2021-01-04 00:00:00+00:00, run_after=2021-01-05 00:00:00+00:00
[2024-11-20T14:21:05.476+0000] {processor.py:208} INFO - Processing /home/airflow/.local/lib/python3.12/site-packages/airflow/example_dags/example_workday_timetable.py took 0.268 seconds
[2024-11-20T14:21:36.234+0000] {processor.py:186} INFO - Started process (PID=751) to work on /home/airflow/.local/lib/python3.12/site-packages/airflow/example_dags/example_workday_timetable.py
[2024-11-20T14:21:36.235+0000] {processor.py:914} INFO - Processing file /home/airflow/.local/lib/python3.12/site-packages/airflow/example_dags/example_workday_timetable.py for tasks to queue
[2024-11-20T14:21:36.240+0000] {logging_mixin.py:190} INFO - [2024-11-20T14:21:36.239+0000] {dagbag.py:588} INFO - Filling up the DagBag from /home/airflow/.local/lib/python3.12/site-packages/airflow/example_dags/example_workday_timetable.py
[2024-11-20T14:21:36.251+0000] {processor.py:925} INFO - DAG(s) 'example_workday_timetable' retrieved from /home/airflow/.local/lib/python3.12/site-packages/airflow/example_dags/example_workday_timetable.py
[2024-11-20T14:21:36.279+0000] {logging_mixin.py:190} INFO - [2024-11-20T14:21:36.279+0000] {dag.py:3239} INFO - Sync 1 DAGs
[2024-11-20T14:21:36.410+0000] {logging_mixin.py:190} INFO - [2024-11-20T14:21:36.410+0000] {dag.py:4180} INFO - Setting next_dagrun for example_workday_timetable to 2021-01-04 00:00:00+00:00, run_after=2021-01-05 00:00:00+00:00
[2024-11-20T14:21:36.442+0000] {processor.py:208} INFO - Processing /home/airflow/.local/lib/python3.12/site-packages/airflow/example_dags/example_workday_timetable.py took 0.218 seconds
[2024-11-20T14:22:08.188+0000] {processor.py:186} INFO - Started process (PID=815) to work on /home/airflow/.local/lib/python3.12/site-packages/airflow/example_dags/example_workday_timetable.py
[2024-11-20T14:22:08.189+0000] {processor.py:914} INFO - Processing file /home/airflow/.local/lib/python3.12/site-packages/airflow/example_dags/example_workday_timetable.py for tasks to queue
[2024-11-20T14:22:08.194+0000] {logging_mixin.py:190} INFO - [2024-11-20T14:22:08.193+0000] {dagbag.py:588} INFO - Filling up the DagBag from /home/airflow/.local/lib/python3.12/site-packages/airflow/example_dags/example_workday_timetable.py
[2024-11-20T14:22:08.202+0000] {processor.py:925} INFO - DAG(s) 'example_workday_timetable' retrieved from /home/airflow/.local/lib/python3.12/site-packages/airflow/example_dags/example_workday_timetable.py
[2024-11-20T14:22:08.230+0000] {logging_mixin.py:190} INFO - [2024-11-20T14:22:08.230+0000] {dag.py:3239} INFO - Sync 1 DAGs
[2024-11-20T14:22:08.333+0000] {logging_mixin.py:190} INFO - [2024-11-20T14:22:08.333+0000] {dag.py:4180} INFO - Setting next_dagrun for example_workday_timetable to 2021-01-04 00:00:00+00:00, run_after=2021-01-05 00:00:00+00:00
[2024-11-20T14:22:08.365+0000] {processor.py:208} INFO - Processing /home/airflow/.local/lib/python3.12/site-packages/airflow/example_dags/example_workday_timetable.py took 0.186 seconds
[2024-11-20T14:22:41.100+0000] {processor.py:186} INFO - Started process (PID=877) to work on /home/airflow/.local/lib/python3.12/site-packages/airflow/example_dags/example_workday_timetable.py
[2024-11-20T14:22:41.102+0000] {processor.py:914} INFO - Processing file /home/airflow/.local/lib/python3.12/site-packages/airflow/example_dags/example_workday_timetable.py for tasks to queue
[2024-11-20T14:22:41.108+0000] {logging_mixin.py:190} INFO - [2024-11-20T14:22:41.107+0000] {dagbag.py:588} INFO - Filling up the DagBag from /home/airflow/.local/lib/python3.12/site-packages/airflow/example_dags/example_workday_timetable.py
[2024-11-20T14:22:41.120+0000] {processor.py:925} INFO - DAG(s) 'example_workday_timetable' retrieved from /home/airflow/.local/lib/python3.12/site-packages/airflow/example_dags/example_workday_timetable.py
[2024-11-20T14:22:41.175+0000] {logging_mixin.py:190} INFO - [2024-11-20T14:22:41.175+0000] {dag.py:3239} INFO - Sync 1 DAGs
[2024-11-20T14:22:41.462+0000] {logging_mixin.py:190} INFO - [2024-11-20T14:22:41.462+0000] {dag.py:4180} INFO - Setting next_dagrun for example_workday_timetable to 2021-01-04 00:00:00+00:00, run_after=2021-01-05 00:00:00+00:00
[2024-11-20T14:22:41.504+0000] {processor.py:208} INFO - Processing /home/airflow/.local/lib/python3.12/site-packages/airflow/example_dags/example_workday_timetable.py took 0.416 seconds
[2024-11-20T14:23:14.770+0000] {processor.py:186} INFO - Started process (PID=947) to work on /home/airflow/.local/lib/python3.12/site-packages/airflow/example_dags/example_workday_timetable.py
[2024-11-20T14:23:14.771+0000] {processor.py:914} INFO - Processing file /home/airflow/.local/lib/python3.12/site-packages/airflow/example_dags/example_workday_timetable.py for tasks to queue
[2024-11-20T14:23:14.778+0000] {logging_mixin.py:190} INFO - [2024-11-20T14:23:14.776+0000] {dagbag.py:588} INFO - Filling up the DagBag from /home/airflow/.local/lib/python3.12/site-packages/airflow/example_dags/example_workday_timetable.py
[2024-11-20T14:23:14.790+0000] {processor.py:925} INFO - DAG(s) 'example_workday_timetable' retrieved from /home/airflow/.local/lib/python3.12/site-packages/airflow/example_dags/example_workday_timetable.py
[2024-11-20T14:23:14.832+0000] {logging_mixin.py:190} INFO - [2024-11-20T14:23:14.831+0000] {dag.py:3239} INFO - Sync 1 DAGs
[2024-11-20T14:23:15.019+0000] {logging_mixin.py:190} INFO - [2024-11-20T14:23:15.019+0000] {dag.py:4180} INFO - Setting next_dagrun for example_workday_timetable to 2021-01-04 00:00:00+00:00, run_after=2021-01-05 00:00:00+00:00
[2024-11-20T14:23:15.096+0000] {processor.py:208} INFO - Processing /home/airflow/.local/lib/python3.12/site-packages/airflow/example_dags/example_workday_timetable.py took 0.342 seconds
[2024-11-20T14:23:45.338+0000] {processor.py:186} INFO - Started process (PID=1014) to work on /home/airflow/.local/lib/python3.12/site-packages/airflow/example_dags/example_workday_timetable.py
[2024-11-20T14:23:45.339+0000] {processor.py:914} INFO - Processing file /home/airflow/.local/lib/python3.12/site-packages/airflow/example_dags/example_workday_timetable.py for tasks to queue
[2024-11-20T14:23:45.344+0000] {logging_mixin.py:190} INFO - [2024-11-20T14:23:45.343+0000] {dagbag.py:588} INFO - Filling up the DagBag from /home/airflow/.local/lib/python3.12/site-packages/airflow/example_dags/example_workday_timetable.py
[2024-11-20T14:23:45.354+0000] {processor.py:925} INFO - DAG(s) 'example_workday_timetable' retrieved from /home/airflow/.local/lib/python3.12/site-packages/airflow/example_dags/example_workday_timetable.py
[2024-11-20T14:23:45.391+0000] {logging_mixin.py:190} INFO - [2024-11-20T14:23:45.390+0000] {dag.py:3239} INFO - Sync 1 DAGs
[2024-11-20T14:23:45.506+0000] {logging_mixin.py:190} INFO - [2024-11-20T14:23:45.506+0000] {dag.py:4180} INFO - Setting next_dagrun for example_workday_timetable to 2021-01-04 00:00:00+00:00, run_after=2021-01-05 00:00:00+00:00
[2024-11-20T14:23:45.537+0000] {processor.py:208} INFO - Processing /home/airflow/.local/lib/python3.12/site-packages/airflow/example_dags/example_workday_timetable.py took 0.211 seconds
[2024-11-20T14:24:16.468+0000] {processor.py:186} INFO - Started process (PID=1076) to work on /home/airflow/.local/lib/python3.12/site-packages/airflow/example_dags/example_workday_timetable.py
[2024-11-20T14:24:16.471+0000] {processor.py:914} INFO - Processing file /home/airflow/.local/lib/python3.12/site-packages/airflow/example_dags/example_workday_timetable.py for tasks to queue
[2024-11-20T14:24:16.478+0000] {logging_mixin.py:190} INFO - [2024-11-20T14:24:16.477+0000] {dagbag.py:588} INFO - Filling up the DagBag from /home/airflow/.local/lib/python3.12/site-packages/airflow/example_dags/example_workday_timetable.py
[2024-11-20T14:24:16.493+0000] {processor.py:925} INFO - DAG(s) 'example_workday_timetable' retrieved from /home/airflow/.local/lib/python3.12/site-packages/airflow/example_dags/example_workday_timetable.py
[2024-11-20T14:24:16.531+0000] {logging_mixin.py:190} INFO - [2024-11-20T14:24:16.531+0000] {dag.py:3239} INFO - Sync 1 DAGs
[2024-11-20T14:24:16.697+0000] {logging_mixin.py:190} INFO - [2024-11-20T14:24:16.697+0000] {dag.py:4180} INFO - Setting next_dagrun for example_workday_timetable to 2021-01-04 00:00:00+00:00, run_after=2021-01-05 00:00:00+00:00
[2024-11-20T14:24:16.736+0000] {processor.py:208} INFO - Processing /home/airflow/.local/lib/python3.12/site-packages/airflow/example_dags/example_workday_timetable.py took 0.287 seconds
[2024-11-20T14:24:48.753+0000] {processor.py:186} INFO - Started process (PID=1139) to work on /home/airflow/.local/lib/python3.12/site-packages/airflow/example_dags/example_workday_timetable.py
[2024-11-20T14:24:48.755+0000] {processor.py:914} INFO - Processing file /home/airflow/.local/lib/python3.12/site-packages/airflow/example_dags/example_workday_timetable.py for tasks to queue
[2024-11-20T14:24:48.759+0000] {logging_mixin.py:190} INFO - [2024-11-20T14:24:48.758+0000] {dagbag.py:588} INFO - Filling up the DagBag from /home/airflow/.local/lib/python3.12/site-packages/airflow/example_dags/example_workday_timetable.py
[2024-11-20T14:24:48.767+0000] {processor.py:925} INFO - DAG(s) 'example_workday_timetable' retrieved from /home/airflow/.local/lib/python3.12/site-packages/airflow/example_dags/example_workday_timetable.py
[2024-11-20T14:24:48.793+0000] {logging_mixin.py:190} INFO - [2024-11-20T14:24:48.793+0000] {dag.py:3239} INFO - Sync 1 DAGs
[2024-11-20T14:24:48.918+0000] {logging_mixin.py:190} INFO - [2024-11-20T14:24:48.918+0000] {dag.py:4180} INFO - Setting next_dagrun for example_workday_timetable to 2021-01-04 00:00:00+00:00, run_after=2021-01-05 00:00:00+00:00
[2024-11-20T14:24:48.948+0000] {processor.py:208} INFO - Processing /home/airflow/.local/lib/python3.12/site-packages/airflow/example_dags/example_workday_timetable.py took 0.206 seconds
[2024-11-20T14:25:20.351+0000] {processor.py:186} INFO - Started process (PID=1202) to work on /home/airflow/.local/lib/python3.12/site-packages/airflow/example_dags/example_workday_timetable.py
[2024-11-20T14:25:20.353+0000] {processor.py:914} INFO - Processing file /home/airflow/.local/lib/python3.12/site-packages/airflow/example_dags/example_workday_timetable.py for tasks to queue
[2024-11-20T14:25:20.359+0000] {logging_mixin.py:190} INFO - [2024-11-20T14:25:20.359+0000] {dagbag.py:588} INFO - Filling up the DagBag from /home/airflow/.local/lib/python3.12/site-packages/airflow/example_dags/example_workday_timetable.py
[2024-11-20T14:25:20.371+0000] {processor.py:925} INFO - DAG(s) 'example_workday_timetable' retrieved from /home/airflow/.local/lib/python3.12/site-packages/airflow/example_dags/example_workday_timetable.py
[2024-11-20T14:25:20.415+0000] {logging_mixin.py:190} INFO - [2024-11-20T14:25:20.414+0000] {dag.py:3239} INFO - Sync 1 DAGs
[2024-11-20T14:25:20.544+0000] {logging_mixin.py:190} INFO - [2024-11-20T14:25:20.544+0000] {dag.py:4180} INFO - Setting next_dagrun for example_workday_timetable to 2021-01-04 00:00:00+00:00, run_after=2021-01-05 00:00:00+00:00
[2024-11-20T14:25:20.572+0000] {processor.py:208} INFO - Processing /home/airflow/.local/lib/python3.12/site-packages/airflow/example_dags/example_workday_timetable.py took 0.237 seconds
[2024-11-20T14:25:52.275+0000] {processor.py:186} INFO - Started process (PID=1265) to work on /home/airflow/.local/lib/python3.12/site-packages/airflow/example_dags/example_workday_timetable.py
[2024-11-20T14:25:52.277+0000] {processor.py:914} INFO - Processing file /home/airflow/.local/lib/python3.12/site-packages/airflow/example_dags/example_workday_timetable.py for tasks to queue
[2024-11-20T14:25:52.282+0000] {logging_mixin.py:190} INFO - [2024-11-20T14:25:52.281+0000] {dagbag.py:588} INFO - Filling up the DagBag from /home/airflow/.local/lib/python3.12/site-packages/airflow/example_dags/example_workday_timetable.py
[2024-11-20T14:25:52.290+0000] {processor.py:925} INFO - DAG(s) 'example_workday_timetable' retrieved from /home/airflow/.local/lib/python3.12/site-packages/airflow/example_dags/example_workday_timetable.py
[2024-11-20T14:25:52.319+0000] {logging_mixin.py:190} INFO - [2024-11-20T14:25:52.318+0000] {dag.py:3239} INFO - Sync 1 DAGs
[2024-11-20T14:25:52.470+0000] {logging_mixin.py:190} INFO - [2024-11-20T14:25:52.470+0000] {dag.py:4180} INFO - Setting next_dagrun for example_workday_timetable to 2021-01-04 00:00:00+00:00, run_after=2021-01-05 00:00:00+00:00
[2024-11-20T14:25:52.506+0000] {processor.py:208} INFO - Processing /home/airflow/.local/lib/python3.12/site-packages/airflow/example_dags/example_workday_timetable.py took 0.243 seconds
[2024-11-20T14:26:23.942+0000] {processor.py:186} INFO - Started process (PID=1328) to work on /home/airflow/.local/lib/python3.12/site-packages/airflow/example_dags/example_workday_timetable.py
[2024-11-20T14:26:23.944+0000] {processor.py:914} INFO - Processing file /home/airflow/.local/lib/python3.12/site-packages/airflow/example_dags/example_workday_timetable.py for tasks to queue
[2024-11-20T14:26:23.950+0000] {logging_mixin.py:190} INFO - [2024-11-20T14:26:23.949+0000] {dagbag.py:588} INFO - Filling up the DagBag from /home/airflow/.local/lib/python3.12/site-packages/airflow/example_dags/example_workday_timetable.py
[2024-11-20T14:26:23.962+0000] {processor.py:925} INFO - DAG(s) 'example_workday_timetable' retrieved from /home/airflow/.local/lib/python3.12/site-packages/airflow/example_dags/example_workday_timetable.py
[2024-11-20T14:26:24.020+0000] {logging_mixin.py:190} INFO - [2024-11-20T14:26:24.019+0000] {dag.py:3239} INFO - Sync 1 DAGs
[2024-11-20T14:26:24.187+0000] {logging_mixin.py:190} INFO - [2024-11-20T14:26:24.187+0000] {dag.py:4180} INFO - Setting next_dagrun for example_workday_timetable to 2021-01-04 00:00:00+00:00, run_after=2021-01-05 00:00:00+00:00
[2024-11-20T14:26:24.233+0000] {processor.py:208} INFO - Processing /home/airflow/.local/lib/python3.12/site-packages/airflow/example_dags/example_workday_timetable.py took 0.308 seconds
[2024-11-20T14:26:56.433+0000] {processor.py:186} INFO - Started process (PID=1396) to work on /home/airflow/.local/lib/python3.12/site-packages/airflow/example_dags/example_workday_timetable.py
[2024-11-20T14:26:56.436+0000] {processor.py:914} INFO - Processing file /home/airflow/.local/lib/python3.12/site-packages/airflow/example_dags/example_workday_timetable.py for tasks to queue
[2024-11-20T14:26:56.439+0000] {logging_mixin.py:190} INFO - [2024-11-20T14:26:56.439+0000] {dagbag.py:588} INFO - Filling up the DagBag from /home/airflow/.local/lib/python3.12/site-packages/airflow/example_dags/example_workday_timetable.py
[2024-11-20T14:26:56.450+0000] {processor.py:925} INFO - DAG(s) 'example_workday_timetable' retrieved from /home/airflow/.local/lib/python3.12/site-packages/airflow/example_dags/example_workday_timetable.py
[2024-11-20T14:26:56.475+0000] {logging_mixin.py:190} INFO - [2024-11-20T14:26:56.475+0000] {dag.py:3239} INFO - Sync 1 DAGs
[2024-11-20T14:26:56.597+0000] {logging_mixin.py:190} INFO - [2024-11-20T14:26:56.597+0000] {dag.py:4180} INFO - Setting next_dagrun for example_workday_timetable to 2021-01-04 00:00:00+00:00, run_after=2021-01-05 00:00:00+00:00
[2024-11-20T14:26:56.630+0000] {processor.py:208} INFO - Processing /home/airflow/.local/lib/python3.12/site-packages/airflow/example_dags/example_workday_timetable.py took 0.206 seconds
[2024-11-20T14:28:14.440+0000] {processor.py:186} INFO - Started process (PID=1460) to work on /home/airflow/.local/lib/python3.12/site-packages/airflow/example_dags/example_workday_timetable.py
[2024-11-20T14:28:14.442+0000] {processor.py:914} INFO - Processing file /home/airflow/.local/lib/python3.12/site-packages/airflow/example_dags/example_workday_timetable.py for tasks to queue
[2024-11-20T14:28:14.446+0000] {logging_mixin.py:190} INFO - [2024-11-20T14:28:14.446+0000] {dagbag.py:588} INFO - Filling up the DagBag from /home/airflow/.local/lib/python3.12/site-packages/airflow/example_dags/example_workday_timetable.py
[2024-11-20T14:28:14.456+0000] {processor.py:925} INFO - DAG(s) 'example_workday_timetable' retrieved from /home/airflow/.local/lib/python3.12/site-packages/airflow/example_dags/example_workday_timetable.py
[2024-11-20T14:28:14.494+0000] {logging_mixin.py:190} INFO - [2024-11-20T14:28:14.494+0000] {dag.py:3239} INFO - Sync 1 DAGs
[2024-11-20T14:28:14.644+0000] {logging_mixin.py:190} INFO - [2024-11-20T14:28:14.643+0000] {dag.py:4180} INFO - Setting next_dagrun for example_workday_timetable to 2021-01-04 00:00:00+00:00, run_after=2021-01-05 00:00:00+00:00
[2024-11-20T14:28:14.718+0000] {processor.py:208} INFO - Processing /home/airflow/.local/lib/python3.12/site-packages/airflow/example_dags/example_workday_timetable.py took 0.290 seconds
[2024-11-20T14:28:44.853+0000] {processor.py:186} INFO - Started process (PID=1523) to work on /home/airflow/.local/lib/python3.12/site-packages/airflow/example_dags/example_workday_timetable.py
[2024-11-20T14:28:44.854+0000] {processor.py:914} INFO - Processing file /home/airflow/.local/lib/python3.12/site-packages/airflow/example_dags/example_workday_timetable.py for tasks to queue
[2024-11-20T14:28:44.859+0000] {logging_mixin.py:190} INFO - [2024-11-20T14:28:44.858+0000] {dagbag.py:588} INFO - Filling up the DagBag from /home/airflow/.local/lib/python3.12/site-packages/airflow/example_dags/example_workday_timetable.py
[2024-11-20T14:28:44.867+0000] {processor.py:925} INFO - DAG(s) 'example_workday_timetable' retrieved from /home/airflow/.local/lib/python3.12/site-packages/airflow/example_dags/example_workday_timetable.py
[2024-11-20T14:28:44.895+0000] {logging_mixin.py:190} INFO - [2024-11-20T14:28:44.894+0000] {dag.py:3239} INFO - Sync 1 DAGs
[2024-11-20T14:28:45.035+0000] {logging_mixin.py:190} INFO - [2024-11-20T14:28:45.035+0000] {dag.py:4180} INFO - Setting next_dagrun for example_workday_timetable to 2021-01-04 00:00:00+00:00, run_after=2021-01-05 00:00:00+00:00
[2024-11-20T14:28:45.076+0000] {processor.py:208} INFO - Processing /home/airflow/.local/lib/python3.12/site-packages/airflow/example_dags/example_workday_timetable.py took 0.234 seconds
[2024-11-20T14:29:15.494+0000] {processor.py:186} INFO - Started process (PID=1586) to work on /home/airflow/.local/lib/python3.12/site-packages/airflow/example_dags/example_workday_timetable.py
[2024-11-20T14:29:15.496+0000] {processor.py:914} INFO - Processing file /home/airflow/.local/lib/python3.12/site-packages/airflow/example_dags/example_workday_timetable.py for tasks to queue
[2024-11-20T14:29:15.501+0000] {logging_mixin.py:190} INFO - [2024-11-20T14:29:15.500+0000] {dagbag.py:588} INFO - Filling up the DagBag from /home/airflow/.local/lib/python3.12/site-packages/airflow/example_dags/example_workday_timetable.py
[2024-11-20T14:29:15.511+0000] {processor.py:925} INFO - DAG(s) 'example_workday_timetable' retrieved from /home/airflow/.local/lib/python3.12/site-packages/airflow/example_dags/example_workday_timetable.py
[2024-11-20T14:29:15.544+0000] {logging_mixin.py:190} INFO - [2024-11-20T14:29:15.543+0000] {dag.py:3239} INFO - Sync 1 DAGs
[2024-11-20T14:29:15.669+0000] {logging_mixin.py:190} INFO - [2024-11-20T14:29:15.669+0000] {dag.py:4180} INFO - Setting next_dagrun for example_workday_timetable to 2021-01-04 00:00:00+00:00, run_after=2021-01-05 00:00:00+00:00
[2024-11-20T14:29:15.719+0000] {processor.py:208} INFO - Processing /home/airflow/.local/lib/python3.12/site-packages/airflow/example_dags/example_workday_timetable.py took 0.236 seconds
[2024-11-20T14:29:46.427+0000] {processor.py:186} INFO - Started process (PID=1648) to work on /home/airflow/.local/lib/python3.12/site-packages/airflow/example_dags/example_workday_timetable.py
[2024-11-20T14:29:46.429+0000] {processor.py:914} INFO - Processing file /home/airflow/.local/lib/python3.12/site-packages/airflow/example_dags/example_workday_timetable.py for tasks to queue
[2024-11-20T14:29:46.433+0000] {logging_mixin.py:190} INFO - [2024-11-20T14:29:46.433+0000] {dagbag.py:588} INFO - Filling up the DagBag from /home/airflow/.local/lib/python3.12/site-packages/airflow/example_dags/example_workday_timetable.py
[2024-11-20T14:29:46.443+0000] {processor.py:925} INFO - DAG(s) 'example_workday_timetable' retrieved from /home/airflow/.local/lib/python3.12/site-packages/airflow/example_dags/example_workday_timetable.py
[2024-11-20T14:29:46.470+0000] {logging_mixin.py:190} INFO - [2024-11-20T14:29:46.470+0000] {dag.py:3239} INFO - Sync 1 DAGs
[2024-11-20T14:29:46.583+0000] {logging_mixin.py:190} INFO - [2024-11-20T14:29:46.583+0000] {dag.py:4180} INFO - Setting next_dagrun for example_workday_timetable to 2021-01-04 00:00:00+00:00, run_after=2021-01-05 00:00:00+00:00
[2024-11-20T14:29:46.612+0000] {processor.py:208} INFO - Processing /home/airflow/.local/lib/python3.12/site-packages/airflow/example_dags/example_workday_timetable.py took 0.194 seconds
[2024-11-20T14:30:20.158+0000] {processor.py:186} INFO - Started process (PID=1711) to work on /home/airflow/.local/lib/python3.12/site-packages/airflow/example_dags/example_workday_timetable.py
[2024-11-20T14:30:20.162+0000] {processor.py:914} INFO - Processing file /home/airflow/.local/lib/python3.12/site-packages/airflow/example_dags/example_workday_timetable.py for tasks to queue
[2024-11-20T14:30:20.170+0000] {logging_mixin.py:190} INFO - [2024-11-20T14:30:20.169+0000] {dagbag.py:588} INFO - Filling up the DagBag from /home/airflow/.local/lib/python3.12/site-packages/airflow/example_dags/example_workday_timetable.py
[2024-11-20T14:30:20.185+0000] {processor.py:925} INFO - DAG(s) 'example_workday_timetable' retrieved from /home/airflow/.local/lib/python3.12/site-packages/airflow/example_dags/example_workday_timetable.py
[2024-11-20T14:30:20.227+0000] {logging_mixin.py:190} INFO - [2024-11-20T14:30:20.226+0000] {dag.py:3239} INFO - Sync 1 DAGs
[2024-11-20T14:30:20.448+0000] {logging_mixin.py:190} INFO - [2024-11-20T14:30:20.448+0000] {dag.py:4180} INFO - Setting next_dagrun for example_workday_timetable to 2021-01-04 00:00:00+00:00, run_after=2021-01-05 00:00:00+00:00
[2024-11-20T14:30:20.501+0000] {processor.py:208} INFO - Processing /home/airflow/.local/lib/python3.12/site-packages/airflow/example_dags/example_workday_timetable.py took 0.358 seconds
[2024-11-20T14:30:55.427+0000] {processor.py:186} INFO - Started process (PID=1774) to work on /home/airflow/.local/lib/python3.12/site-packages/airflow/example_dags/example_workday_timetable.py
[2024-11-20T14:30:55.429+0000] {processor.py:914} INFO - Processing file /home/airflow/.local/lib/python3.12/site-packages/airflow/example_dags/example_workday_timetable.py for tasks to queue
[2024-11-20T14:30:55.435+0000] {logging_mixin.py:190} INFO - [2024-11-20T14:30:55.434+0000] {dagbag.py:588} INFO - Filling up the DagBag from /home/airflow/.local/lib/python3.12/site-packages/airflow/example_dags/example_workday_timetable.py
[2024-11-20T14:30:55.448+0000] {processor.py:925} INFO - DAG(s) 'example_workday_timetable' retrieved from /home/airflow/.local/lib/python3.12/site-packages/airflow/example_dags/example_workday_timetable.py
[2024-11-20T14:30:55.497+0000] {logging_mixin.py:190} INFO - [2024-11-20T14:30:55.496+0000] {dag.py:3239} INFO - Sync 1 DAGs
[2024-11-20T14:30:55.700+0000] {logging_mixin.py:190} INFO - [2024-11-20T14:30:55.700+0000] {dag.py:4180} INFO - Setting next_dagrun for example_workday_timetable to 2021-01-04 00:00:00+00:00, run_after=2021-01-05 00:00:00+00:00
[2024-11-20T14:30:55.753+0000] {processor.py:208} INFO - Processing /home/airflow/.local/lib/python3.12/site-packages/airflow/example_dags/example_workday_timetable.py took 0.339 seconds
[2024-11-20T14:31:27.991+0000] {processor.py:186} INFO - Started process (PID=1837) to work on /home/airflow/.local/lib/python3.12/site-packages/airflow/example_dags/example_workday_timetable.py
[2024-11-20T14:31:27.993+0000] {processor.py:914} INFO - Processing file /home/airflow/.local/lib/python3.12/site-packages/airflow/example_dags/example_workday_timetable.py for tasks to queue
[2024-11-20T14:31:27.997+0000] {logging_mixin.py:190} INFO - [2024-11-20T14:31:27.997+0000] {dagbag.py:588} INFO - Filling up the DagBag from /home/airflow/.local/lib/python3.12/site-packages/airflow/example_dags/example_workday_timetable.py
[2024-11-20T14:31:28.010+0000] {processor.py:925} INFO - DAG(s) 'example_workday_timetable' retrieved from /home/airflow/.local/lib/python3.12/site-packages/airflow/example_dags/example_workday_timetable.py
[2024-11-20T14:31:28.038+0000] {logging_mixin.py:190} INFO - [2024-11-20T14:31:28.038+0000] {dag.py:3239} INFO - Sync 1 DAGs
[2024-11-20T14:31:28.148+0000] {logging_mixin.py:190} INFO - [2024-11-20T14:31:28.148+0000] {dag.py:4180} INFO - Setting next_dagrun for example_workday_timetable to 2021-01-04 00:00:00+00:00, run_after=2021-01-05 00:00:00+00:00
[2024-11-20T14:31:28.179+0000] {processor.py:208} INFO - Processing /home/airflow/.local/lib/python3.12/site-packages/airflow/example_dags/example_workday_timetable.py took 0.196 seconds
[2024-11-20T14:32:01.584+0000] {processor.py:186} INFO - Started process (PID=1900) to work on /home/airflow/.local/lib/python3.12/site-packages/airflow/example_dags/example_workday_timetable.py
[2024-11-20T14:32:01.592+0000] {processor.py:914} INFO - Processing file /home/airflow/.local/lib/python3.12/site-packages/airflow/example_dags/example_workday_timetable.py for tasks to queue
[2024-11-20T14:32:01.617+0000] {logging_mixin.py:190} INFO - [2024-11-20T14:32:01.609+0000] {dagbag.py:588} INFO - Filling up the DagBag from /home/airflow/.local/lib/python3.12/site-packages/airflow/example_dags/example_workday_timetable.py
[2024-11-20T14:32:01.644+0000] {processor.py:925} INFO - DAG(s) 'example_workday_timetable' retrieved from /home/airflow/.local/lib/python3.12/site-packages/airflow/example_dags/example_workday_timetable.py
[2024-11-20T14:32:01.700+0000] {logging_mixin.py:190} INFO - [2024-11-20T14:32:01.700+0000] {dag.py:3239} INFO - Sync 1 DAGs
[2024-11-20T14:32:02.201+0000] {logging_mixin.py:190} INFO - [2024-11-20T14:32:02.200+0000] {dag.py:4180} INFO - Setting next_dagrun for example_workday_timetable to 2021-01-04 00:00:00+00:00, run_after=2021-01-05 00:00:00+00:00
[2024-11-20T14:32:02.279+0000] {processor.py:208} INFO - Processing /home/airflow/.local/lib/python3.12/site-packages/airflow/example_dags/example_workday_timetable.py took 0.781 seconds
[2024-11-20T14:32:32.411+0000] {processor.py:186} INFO - Started process (PID=1963) to work on /home/airflow/.local/lib/python3.12/site-packages/airflow/example_dags/example_workday_timetable.py
[2024-11-20T14:32:32.413+0000] {processor.py:914} INFO - Processing file /home/airflow/.local/lib/python3.12/site-packages/airflow/example_dags/example_workday_timetable.py for tasks to queue
[2024-11-20T14:32:32.419+0000] {logging_mixin.py:190} INFO - [2024-11-20T14:32:32.418+0000] {dagbag.py:588} INFO - Filling up the DagBag from /home/airflow/.local/lib/python3.12/site-packages/airflow/example_dags/example_workday_timetable.py
[2024-11-20T14:32:32.431+0000] {processor.py:925} INFO - DAG(s) 'example_workday_timetable' retrieved from /home/airflow/.local/lib/python3.12/site-packages/airflow/example_dags/example_workday_timetable.py
[2024-11-20T14:32:32.472+0000] {logging_mixin.py:190} INFO - [2024-11-20T14:32:32.472+0000] {dag.py:3239} INFO - Sync 1 DAGs
[2024-11-20T14:32:32.640+0000] {logging_mixin.py:190} INFO - [2024-11-20T14:32:32.639+0000] {dag.py:4180} INFO - Setting next_dagrun for example_workday_timetable to 2021-01-04 00:00:00+00:00, run_after=2021-01-05 00:00:00+00:00
[2024-11-20T14:32:32.677+0000] {processor.py:208} INFO - Processing /home/airflow/.local/lib/python3.12/site-packages/airflow/example_dags/example_workday_timetable.py took 0.281 seconds
[2024-11-20T14:33:03.708+0000] {processor.py:186} INFO - Started process (PID=2026) to work on /home/airflow/.local/lib/python3.12/site-packages/airflow/example_dags/example_workday_timetable.py
[2024-11-20T14:33:03.710+0000] {processor.py:914} INFO - Processing file /home/airflow/.local/lib/python3.12/site-packages/airflow/example_dags/example_workday_timetable.py for tasks to queue
[2024-11-20T14:33:03.715+0000] {logging_mixin.py:190} INFO - [2024-11-20T14:33:03.715+0000] {dagbag.py:588} INFO - Filling up the DagBag from /home/airflow/.local/lib/python3.12/site-packages/airflow/example_dags/example_workday_timetable.py
[2024-11-20T14:33:03.726+0000] {processor.py:925} INFO - DAG(s) 'example_workday_timetable' retrieved from /home/airflow/.local/lib/python3.12/site-packages/airflow/example_dags/example_workday_timetable.py
[2024-11-20T14:33:03.753+0000] {logging_mixin.py:190} INFO - [2024-11-20T14:33:03.752+0000] {dag.py:3239} INFO - Sync 1 DAGs
[2024-11-20T14:33:03.892+0000] {logging_mixin.py:190} INFO - [2024-11-20T14:33:03.891+0000] {dag.py:4180} INFO - Setting next_dagrun for example_workday_timetable to 2021-01-04 00:00:00+00:00, run_after=2021-01-05 00:00:00+00:00
[2024-11-20T14:33:03.923+0000] {processor.py:208} INFO - Processing /home/airflow/.local/lib/python3.12/site-packages/airflow/example_dags/example_workday_timetable.py took 0.227 seconds
[2024-11-20T14:33:34.182+0000] {processor.py:186} INFO - Started process (PID=2088) to work on /home/airflow/.local/lib/python3.12/site-packages/airflow/example_dags/example_workday_timetable.py
[2024-11-20T14:33:34.183+0000] {processor.py:914} INFO - Processing file /home/airflow/.local/lib/python3.12/site-packages/airflow/example_dags/example_workday_timetable.py for tasks to queue
[2024-11-20T14:33:34.188+0000] {logging_mixin.py:190} INFO - [2024-11-20T14:33:34.187+0000] {dagbag.py:588} INFO - Filling up the DagBag from /home/airflow/.local/lib/python3.12/site-packages/airflow/example_dags/example_workday_timetable.py
[2024-11-20T14:33:34.197+0000] {processor.py:925} INFO - DAG(s) 'example_workday_timetable' retrieved from /home/airflow/.local/lib/python3.12/site-packages/airflow/example_dags/example_workday_timetable.py
[2024-11-20T14:33:34.229+0000] {logging_mixin.py:190} INFO - [2024-11-20T14:33:34.228+0000] {dag.py:3239} INFO - Sync 1 DAGs
[2024-11-20T14:33:34.359+0000] {logging_mixin.py:190} INFO - [2024-11-20T14:33:34.358+0000] {dag.py:4180} INFO - Setting next_dagrun for example_workday_timetable to 2021-01-04 00:00:00+00:00, run_after=2021-01-05 00:00:00+00:00
[2024-11-20T14:33:34.388+0000] {processor.py:208} INFO - Processing /home/airflow/.local/lib/python3.12/site-packages/airflow/example_dags/example_workday_timetable.py took 0.215 seconds
[2024-11-20T14:34:04.624+0000] {processor.py:186} INFO - Started process (PID=2152) to work on /home/airflow/.local/lib/python3.12/site-packages/airflow/example_dags/example_workday_timetable.py
[2024-11-20T14:34:04.625+0000] {processor.py:914} INFO - Processing file /home/airflow/.local/lib/python3.12/site-packages/airflow/example_dags/example_workday_timetable.py for tasks to queue
[2024-11-20T14:34:04.629+0000] {logging_mixin.py:190} INFO - [2024-11-20T14:34:04.628+0000] {dagbag.py:588} INFO - Filling up the DagBag from /home/airflow/.local/lib/python3.12/site-packages/airflow/example_dags/example_workday_timetable.py
[2024-11-20T14:34:04.637+0000] {processor.py:925} INFO - DAG(s) 'example_workday_timetable' retrieved from /home/airflow/.local/lib/python3.12/site-packages/airflow/example_dags/example_workday_timetable.py
[2024-11-20T14:34:04.666+0000] {logging_mixin.py:190} INFO - [2024-11-20T14:34:04.665+0000] {dag.py:3239} INFO - Sync 1 DAGs
[2024-11-20T14:34:04.814+0000] {logging_mixin.py:190} INFO - [2024-11-20T14:34:04.814+0000] {dag.py:4180} INFO - Setting next_dagrun for example_workday_timetable to 2021-01-04 00:00:00+00:00, run_after=2021-01-05 00:00:00+00:00
[2024-11-20T14:34:04.847+0000] {processor.py:208} INFO - Processing /home/airflow/.local/lib/python3.12/site-packages/airflow/example_dags/example_workday_timetable.py took 0.233 seconds
[2024-11-20T14:34:34.935+0000] {processor.py:186} INFO - Started process (PID=2214) to work on /home/airflow/.local/lib/python3.12/site-packages/airflow/example_dags/example_workday_timetable.py
[2024-11-20T14:34:34.936+0000] {processor.py:914} INFO - Processing file /home/airflow/.local/lib/python3.12/site-packages/airflow/example_dags/example_workday_timetable.py for tasks to queue
[2024-11-20T14:34:34.940+0000] {logging_mixin.py:190} INFO - [2024-11-20T14:34:34.939+0000] {dagbag.py:588} INFO - Filling up the DagBag from /home/airflow/.local/lib/python3.12/site-packages/airflow/example_dags/example_workday_timetable.py
[2024-11-20T14:34:34.948+0000] {processor.py:925} INFO - DAG(s) 'example_workday_timetable' retrieved from /home/airflow/.local/lib/python3.12/site-packages/airflow/example_dags/example_workday_timetable.py
[2024-11-20T14:34:34.986+0000] {logging_mixin.py:190} INFO - [2024-11-20T14:34:34.986+0000] {dag.py:3239} INFO - Sync 1 DAGs
[2024-11-20T14:34:35.134+0000] {logging_mixin.py:190} INFO - [2024-11-20T14:34:35.134+0000] {dag.py:4180} INFO - Setting next_dagrun for example_workday_timetable to 2021-01-04 00:00:00+00:00, run_after=2021-01-05 00:00:00+00:00
[2024-11-20T14:34:35.163+0000] {processor.py:208} INFO - Processing /home/airflow/.local/lib/python3.12/site-packages/airflow/example_dags/example_workday_timetable.py took 0.238 seconds
[2024-11-20T14:35:05.503+0000] {processor.py:186} INFO - Started process (PID=2276) to work on /home/airflow/.local/lib/python3.12/site-packages/airflow/example_dags/example_workday_timetable.py
[2024-11-20T14:35:05.505+0000] {processor.py:914} INFO - Processing file /home/airflow/.local/lib/python3.12/site-packages/airflow/example_dags/example_workday_timetable.py for tasks to queue
[2024-11-20T14:35:05.513+0000] {logging_mixin.py:190} INFO - [2024-11-20T14:35:05.512+0000] {dagbag.py:588} INFO - Filling up the DagBag from /home/airflow/.local/lib/python3.12/site-packages/airflow/example_dags/example_workday_timetable.py
[2024-11-20T14:35:05.529+0000] {processor.py:925} INFO - DAG(s) 'example_workday_timetable' retrieved from /home/airflow/.local/lib/python3.12/site-packages/airflow/example_dags/example_workday_timetable.py
[2024-11-20T14:35:05.572+0000] {logging_mixin.py:190} INFO - [2024-11-20T14:35:05.572+0000] {dag.py:3239} INFO - Sync 1 DAGs
[2024-11-20T14:35:05.748+0000] {logging_mixin.py:190} INFO - [2024-11-20T14:35:05.747+0000] {dag.py:4180} INFO - Setting next_dagrun for example_workday_timetable to 2021-01-04 00:00:00+00:00, run_after=2021-01-05 00:00:00+00:00
[2024-11-20T14:35:05.787+0000] {processor.py:208} INFO - Processing /home/airflow/.local/lib/python3.12/site-packages/airflow/example_dags/example_workday_timetable.py took 0.315 seconds
[2024-11-20T14:35:36.057+0000] {processor.py:186} INFO - Started process (PID=2338) to work on /home/airflow/.local/lib/python3.12/site-packages/airflow/example_dags/example_workday_timetable.py
[2024-11-20T14:35:36.059+0000] {processor.py:914} INFO - Processing file /home/airflow/.local/lib/python3.12/site-packages/airflow/example_dags/example_workday_timetable.py for tasks to queue
[2024-11-20T14:35:36.065+0000] {logging_mixin.py:190} INFO - [2024-11-20T14:35:36.064+0000] {dagbag.py:588} INFO - Filling up the DagBag from /home/airflow/.local/lib/python3.12/site-packages/airflow/example_dags/example_workday_timetable.py
[2024-11-20T14:35:36.077+0000] {processor.py:925} INFO - DAG(s) 'example_workday_timetable' retrieved from /home/airflow/.local/lib/python3.12/site-packages/airflow/example_dags/example_workday_timetable.py
[2024-11-20T14:35:36.112+0000] {logging_mixin.py:190} INFO - [2024-11-20T14:35:36.111+0000] {dag.py:3239} INFO - Sync 1 DAGs
[2024-11-20T14:35:36.267+0000] {logging_mixin.py:190} INFO - [2024-11-20T14:35:36.267+0000] {dag.py:4180} INFO - Setting next_dagrun for example_workday_timetable to 2021-01-04 00:00:00+00:00, run_after=2021-01-05 00:00:00+00:00
[2024-11-20T14:35:36.317+0000] {processor.py:208} INFO - Processing /home/airflow/.local/lib/python3.12/site-packages/airflow/example_dags/example_workday_timetable.py took 0.274 seconds
[2024-11-20T14:36:07.351+0000] {processor.py:186} INFO - Started process (PID=2401) to work on /home/airflow/.local/lib/python3.12/site-packages/airflow/example_dags/example_workday_timetable.py
[2024-11-20T14:36:07.352+0000] {processor.py:914} INFO - Processing file /home/airflow/.local/lib/python3.12/site-packages/airflow/example_dags/example_workday_timetable.py for tasks to queue
[2024-11-20T14:36:07.357+0000] {logging_mixin.py:190} INFO - [2024-11-20T14:36:07.356+0000] {dagbag.py:588} INFO - Filling up the DagBag from /home/airflow/.local/lib/python3.12/site-packages/airflow/example_dags/example_workday_timetable.py
[2024-11-20T14:36:07.371+0000] {processor.py:925} INFO - DAG(s) 'example_workday_timetable' retrieved from /home/airflow/.local/lib/python3.12/site-packages/airflow/example_dags/example_workday_timetable.py
[2024-11-20T14:36:07.427+0000] {logging_mixin.py:190} INFO - [2024-11-20T14:36:07.427+0000] {dag.py:3239} INFO - Sync 1 DAGs
[2024-11-20T14:36:07.601+0000] {logging_mixin.py:190} INFO - [2024-11-20T14:36:07.600+0000] {dag.py:4180} INFO - Setting next_dagrun for example_workday_timetable to 2021-01-04 00:00:00+00:00, run_after=2021-01-05 00:00:00+00:00
[2024-11-20T14:36:07.642+0000] {processor.py:208} INFO - Processing /home/airflow/.local/lib/python3.12/site-packages/airflow/example_dags/example_workday_timetable.py took 0.306 seconds
[2024-11-20T14:36:38.475+0000] {processor.py:186} INFO - Started process (PID=2464) to work on /home/airflow/.local/lib/python3.12/site-packages/airflow/example_dags/example_workday_timetable.py
[2024-11-20T14:36:38.476+0000] {processor.py:914} INFO - Processing file /home/airflow/.local/lib/python3.12/site-packages/airflow/example_dags/example_workday_timetable.py for tasks to queue
[2024-11-20T14:36:38.480+0000] {logging_mixin.py:190} INFO - [2024-11-20T14:36:38.479+0000] {dagbag.py:588} INFO - Filling up the DagBag from /home/airflow/.local/lib/python3.12/site-packages/airflow/example_dags/example_workday_timetable.py
[2024-11-20T14:36:38.490+0000] {processor.py:925} INFO - DAG(s) 'example_workday_timetable' retrieved from /home/airflow/.local/lib/python3.12/site-packages/airflow/example_dags/example_workday_timetable.py
[2024-11-20T14:36:38.521+0000] {logging_mixin.py:190} INFO - [2024-11-20T14:36:38.521+0000] {dag.py:3239} INFO - Sync 1 DAGs
[2024-11-20T14:36:38.649+0000] {logging_mixin.py:190} INFO - [2024-11-20T14:36:38.649+0000] {dag.py:4180} INFO - Setting next_dagrun for example_workday_timetable to 2021-01-04 00:00:00+00:00, run_after=2021-01-05 00:00:00+00:00
[2024-11-20T14:36:38.676+0000] {processor.py:208} INFO - Processing /home/airflow/.local/lib/python3.12/site-packages/airflow/example_dags/example_workday_timetable.py took 0.211 seconds
[2024-11-20T14:37:10.392+0000] {processor.py:186} INFO - Started process (PID=2527) to work on /home/airflow/.local/lib/python3.12/site-packages/airflow/example_dags/example_workday_timetable.py
[2024-11-20T14:37:10.393+0000] {processor.py:914} INFO - Processing file /home/airflow/.local/lib/python3.12/site-packages/airflow/example_dags/example_workday_timetable.py for tasks to queue
[2024-11-20T14:37:10.398+0000] {logging_mixin.py:190} INFO - [2024-11-20T14:37:10.397+0000] {dagbag.py:588} INFO - Filling up the DagBag from /home/airflow/.local/lib/python3.12/site-packages/airflow/example_dags/example_workday_timetable.py
[2024-11-20T14:37:10.409+0000] {processor.py:925} INFO - DAG(s) 'example_workday_timetable' retrieved from /home/airflow/.local/lib/python3.12/site-packages/airflow/example_dags/example_workday_timetable.py
[2024-11-20T14:37:10.446+0000] {logging_mixin.py:190} INFO - [2024-11-20T14:37:10.445+0000] {dag.py:3239} INFO - Sync 1 DAGs
[2024-11-20T14:37:10.585+0000] {logging_mixin.py:190} INFO - [2024-11-20T14:37:10.585+0000] {dag.py:4180} INFO - Setting next_dagrun for example_workday_timetable to 2021-01-04 00:00:00+00:00, run_after=2021-01-05 00:00:00+00:00
[2024-11-20T14:37:10.623+0000] {processor.py:208} INFO - Processing /home/airflow/.local/lib/python3.12/site-packages/airflow/example_dags/example_workday_timetable.py took 0.243 seconds
[2024-11-20T14:37:41.832+0000] {processor.py:186} INFO - Started process (PID=2589) to work on /home/airflow/.local/lib/python3.12/site-packages/airflow/example_dags/example_workday_timetable.py
[2024-11-20T14:37:41.842+0000] {processor.py:914} INFO - Processing file /home/airflow/.local/lib/python3.12/site-packages/airflow/example_dags/example_workday_timetable.py for tasks to queue
[2024-11-20T14:37:41.847+0000] {logging_mixin.py:190} INFO - [2024-11-20T14:37:41.846+0000] {dagbag.py:588} INFO - Filling up the DagBag from /home/airflow/.local/lib/python3.12/site-packages/airflow/example_dags/example_workday_timetable.py
[2024-11-20T14:37:41.865+0000] {processor.py:925} INFO - DAG(s) 'example_workday_timetable' retrieved from /home/airflow/.local/lib/python3.12/site-packages/airflow/example_dags/example_workday_timetable.py
[2024-11-20T14:37:41.932+0000] {logging_mixin.py:190} INFO - [2024-11-20T14:37:41.932+0000] {dag.py:3239} INFO - Sync 1 DAGs
[2024-11-20T14:37:42.110+0000] {logging_mixin.py:190} INFO - [2024-11-20T14:37:42.109+0000] {dag.py:4180} INFO - Setting next_dagrun for example_workday_timetable to 2021-01-04 00:00:00+00:00, run_after=2021-01-05 00:00:00+00:00
[2024-11-20T14:37:42.139+0000] {processor.py:208} INFO - Processing /home/airflow/.local/lib/python3.12/site-packages/airflow/example_dags/example_workday_timetable.py took 0.321 seconds
[2024-11-20T14:38:13.480+0000] {processor.py:186} INFO - Started process (PID=2651) to work on /home/airflow/.local/lib/python3.12/site-packages/airflow/example_dags/example_workday_timetable.py
[2024-11-20T14:38:13.482+0000] {processor.py:914} INFO - Processing file /home/airflow/.local/lib/python3.12/site-packages/airflow/example_dags/example_workday_timetable.py for tasks to queue
[2024-11-20T14:38:13.486+0000] {logging_mixin.py:190} INFO - [2024-11-20T14:38:13.486+0000] {dagbag.py:588} INFO - Filling up the DagBag from /home/airflow/.local/lib/python3.12/site-packages/airflow/example_dags/example_workday_timetable.py
[2024-11-20T14:38:13.496+0000] {processor.py:925} INFO - DAG(s) 'example_workday_timetable' retrieved from /home/airflow/.local/lib/python3.12/site-packages/airflow/example_dags/example_workday_timetable.py
[2024-11-20T14:38:13.532+0000] {logging_mixin.py:190} INFO - [2024-11-20T14:38:13.531+0000] {dag.py:3239} INFO - Sync 1 DAGs
[2024-11-20T14:38:13.682+0000] {logging_mixin.py:190} INFO - [2024-11-20T14:38:13.681+0000] {dag.py:4180} INFO - Setting next_dagrun for example_workday_timetable to 2021-01-04 00:00:00+00:00, run_after=2021-01-05 00:00:00+00:00
[2024-11-20T14:38:13.714+0000] {processor.py:208} INFO - Processing /home/airflow/.local/lib/python3.12/site-packages/airflow/example_dags/example_workday_timetable.py took 0.246 seconds
