[2024-11-20T14:16:05.964+0000] {processor.py:186} INFO - Started process (PID=85) to work on /home/airflow/.local/lib/python3.12/site-packages/airflow/example_dags/example_dataset_alias.py
[2024-11-20T14:16:05.966+0000] {processor.py:914} INFO - Processing file /home/airflow/.local/lib/python3.12/site-packages/airflow/example_dags/example_dataset_alias.py for tasks to queue
[2024-11-20T14:16:05.971+0000] {logging_mixin.py:190} INFO - [2024-11-20T14:16:05.970+0000] {dagbag.py:588} INFO - Filling up the DagBag from /home/airflow/.local/lib/python3.12/site-packages/airflow/example_dags/example_dataset_alias.py
[2024-11-20T14:16:10.382+0000] {processor.py:925} INFO - DAG(s) 'dataset_s3_bucket_consumer', 'dataset_s3_bucket_producer', 'dataset_alias_example_alias_producer', 'dataset_alias_example_alias_consumer' retrieved from /home/airflow/.local/lib/python3.12/site-packages/airflow/example_dags/example_dataset_alias.py
[2024-11-20T14:16:10.694+0000] {logging_mixin.py:190} INFO - [2024-11-20T14:16:10.692+0000] {override.py:1911} INFO - Created Permission View: can delete on DAG:dataset_s3_bucket_consumer
[2024-11-20T14:16:10.735+0000] {logging_mixin.py:190} INFO - [2024-11-20T14:16:10.735+0000] {override.py:1911} INFO - Created Permission View: can read on DAG:dataset_s3_bucket_consumer
[2024-11-20T14:16:11.034+0000] {logging_mixin.py:190} INFO - [2024-11-20T14:16:11.033+0000] {override.py:1911} INFO - Created Permission View: can edit on DAG:dataset_s3_bucket_consumer
[2024-11-20T14:16:11.061+0000] {logging_mixin.py:190} INFO - [2024-11-20T14:16:11.058+0000] {override.py:1911} INFO - Created Permission View: can delete on DAG Run:dataset_s3_bucket_consumer
[2024-11-20T14:16:11.084+0000] {logging_mixin.py:190} INFO - [2024-11-20T14:16:11.084+0000] {override.py:1911} INFO - Created Permission View: menu access on DAG Run:dataset_s3_bucket_consumer
[2024-11-20T14:16:11.100+0000] {logging_mixin.py:190} INFO - [2024-11-20T14:16:11.100+0000] {override.py:1911} INFO - Created Permission View: can read on DAG Run:dataset_s3_bucket_consumer
[2024-11-20T14:16:11.119+0000] {logging_mixin.py:190} INFO - [2024-11-20T14:16:11.118+0000] {override.py:1911} INFO - Created Permission View: can create on DAG Run:dataset_s3_bucket_consumer
[2024-11-20T14:16:11.140+0000] {logging_mixin.py:190} INFO - [2024-11-20T14:16:11.140+0000] {override.py:1911} INFO - Created Permission View: can delete on DAG:dataset_s3_bucket_producer
[2024-11-20T14:16:11.152+0000] {logging_mixin.py:190} INFO - [2024-11-20T14:16:11.152+0000] {override.py:1911} INFO - Created Permission View: can read on DAG:dataset_s3_bucket_producer
[2024-11-20T14:16:11.163+0000] {logging_mixin.py:190} INFO - [2024-11-20T14:16:11.163+0000] {override.py:1911} INFO - Created Permission View: can edit on DAG:dataset_s3_bucket_producer
[2024-11-20T14:16:11.175+0000] {logging_mixin.py:190} INFO - [2024-11-20T14:16:11.174+0000] {override.py:1911} INFO - Created Permission View: can delete on DAG Run:dataset_s3_bucket_producer
[2024-11-20T14:16:11.190+0000] {logging_mixin.py:190} INFO - [2024-11-20T14:16:11.189+0000] {override.py:1911} INFO - Created Permission View: menu access on DAG Run:dataset_s3_bucket_producer
[2024-11-20T14:16:11.203+0000] {logging_mixin.py:190} INFO - [2024-11-20T14:16:11.203+0000] {override.py:1911} INFO - Created Permission View: can read on DAG Run:dataset_s3_bucket_producer
[2024-11-20T14:16:11.217+0000] {logging_mixin.py:190} INFO - [2024-11-20T14:16:11.216+0000] {override.py:1911} INFO - Created Permission View: can create on DAG Run:dataset_s3_bucket_producer
[2024-11-20T14:16:11.266+0000] {logging_mixin.py:190} INFO - [2024-11-20T14:16:11.266+0000] {override.py:1911} INFO - Created Permission View: can delete on DAG:dataset_alias_example_alias_producer
[2024-11-20T14:16:11.317+0000] {logging_mixin.py:190} INFO - [2024-11-20T14:16:11.317+0000] {override.py:1911} INFO - Created Permission View: can read on DAG:dataset_alias_example_alias_producer
[2024-11-20T14:16:11.393+0000] {logging_mixin.py:190} INFO - [2024-11-20T14:16:11.392+0000] {override.py:1911} INFO - Created Permission View: can edit on DAG:dataset_alias_example_alias_producer
[2024-11-20T14:16:11.473+0000] {logging_mixin.py:190} INFO - [2024-11-20T14:16:11.473+0000] {override.py:1911} INFO - Created Permission View: can delete on DAG Run:dataset_alias_example_alias_producer
[2024-11-20T14:16:11.510+0000] {logging_mixin.py:190} INFO - [2024-11-20T14:16:11.509+0000] {override.py:1911} INFO - Created Permission View: menu access on DAG Run:dataset_alias_example_alias_producer
[2024-11-20T14:16:11.548+0000] {logging_mixin.py:190} INFO - [2024-11-20T14:16:11.548+0000] {override.py:1911} INFO - Created Permission View: can read on DAG Run:dataset_alias_example_alias_producer
[2024-11-20T14:16:11.576+0000] {logging_mixin.py:190} INFO - [2024-11-20T14:16:11.575+0000] {override.py:1911} INFO - Created Permission View: can create on DAG Run:dataset_alias_example_alias_producer
[2024-11-20T14:16:11.612+0000] {logging_mixin.py:190} INFO - [2024-11-20T14:16:11.611+0000] {override.py:1911} INFO - Created Permission View: can delete on DAG:dataset_alias_example_alias_consumer
[2024-11-20T14:16:11.629+0000] {logging_mixin.py:190} INFO - [2024-11-20T14:16:11.628+0000] {override.py:1911} INFO - Created Permission View: can read on DAG:dataset_alias_example_alias_consumer
[2024-11-20T14:16:11.644+0000] {logging_mixin.py:190} INFO - [2024-11-20T14:16:11.643+0000] {override.py:1911} INFO - Created Permission View: can edit on DAG:dataset_alias_example_alias_consumer
[2024-11-20T14:16:11.669+0000] {logging_mixin.py:190} INFO - [2024-11-20T14:16:11.668+0000] {override.py:1911} INFO - Created Permission View: can delete on DAG Run:dataset_alias_example_alias_consumer
[2024-11-20T14:16:11.693+0000] {logging_mixin.py:190} INFO - [2024-11-20T14:16:11.692+0000] {override.py:1911} INFO - Created Permission View: menu access on DAG Run:dataset_alias_example_alias_consumer
[2024-11-20T14:16:11.710+0000] {logging_mixin.py:190} INFO - [2024-11-20T14:16:11.710+0000] {override.py:1911} INFO - Created Permission View: can read on DAG Run:dataset_alias_example_alias_consumer
[2024-11-20T14:16:11.728+0000] {logging_mixin.py:190} INFO - [2024-11-20T14:16:11.727+0000] {override.py:1911} INFO - Created Permission View: can create on DAG Run:dataset_alias_example_alias_consumer
[2024-11-20T14:16:11.729+0000] {logging_mixin.py:190} INFO - [2024-11-20T14:16:11.728+0000] {dag.py:3239} INFO - Sync 4 DAGs
[2024-11-20T14:16:11.754+0000] {logging_mixin.py:190} INFO - [2024-11-20T14:16:11.754+0000] {dag.py:3262} INFO - Creating ORM DAG for dataset_s3_bucket_consumer
[2024-11-20T14:16:11.755+0000] {logging_mixin.py:190} INFO - [2024-11-20T14:16:11.755+0000] {dag.py:3262} INFO - Creating ORM DAG for dataset_alias_example_alias_producer
[2024-11-20T14:16:11.756+0000] {logging_mixin.py:190} INFO - [2024-11-20T14:16:11.756+0000] {dag.py:3262} INFO - Creating ORM DAG for dataset_s3_bucket_producer
[2024-11-20T14:16:11.757+0000] {logging_mixin.py:190} INFO - [2024-11-20T14:16:11.757+0000] {dag.py:3262} INFO - Creating ORM DAG for dataset_alias_example_alias_consumer
[2024-11-20T14:16:11.779+0000] {logging_mixin.py:190} INFO - [2024-11-20T14:16:11.778+0000] {dag.py:4180} INFO - Setting next_dagrun for dataset_alias_example_alias_consumer to None, run_after=None
[2024-11-20T14:16:11.780+0000] {logging_mixin.py:190} INFO - [2024-11-20T14:16:11.780+0000] {dag.py:4180} INFO - Setting next_dagrun for dataset_alias_example_alias_producer to None, run_after=None
[2024-11-20T14:16:11.782+0000] {logging_mixin.py:190} INFO - [2024-11-20T14:16:11.781+0000] {dag.py:4180} INFO - Setting next_dagrun for dataset_s3_bucket_consumer to None, run_after=None
[2024-11-20T14:16:11.783+0000] {logging_mixin.py:190} INFO - [2024-11-20T14:16:11.783+0000] {dag.py:4180} INFO - Setting next_dagrun for dataset_s3_bucket_producer to None, run_after=None
[2024-11-20T14:16:11.896+0000] {processor.py:208} INFO - Processing /home/airflow/.local/lib/python3.12/site-packages/airflow/example_dags/example_dataset_alias.py took 5.947 seconds
[2024-11-20T14:16:42.055+0000] {processor.py:186} INFO - Started process (PID=147) to work on /home/airflow/.local/lib/python3.12/site-packages/airflow/example_dags/example_dataset_alias.py
[2024-11-20T14:16:42.060+0000] {processor.py:914} INFO - Processing file /home/airflow/.local/lib/python3.12/site-packages/airflow/example_dags/example_dataset_alias.py for tasks to queue
[2024-11-20T14:16:42.067+0000] {logging_mixin.py:190} INFO - [2024-11-20T14:16:42.066+0000] {dagbag.py:588} INFO - Filling up the DagBag from /home/airflow/.local/lib/python3.12/site-packages/airflow/example_dags/example_dataset_alias.py
[2024-11-20T14:16:43.523+0000] {processor.py:925} INFO - DAG(s) 'dataset_s3_bucket_producer', 'dataset_alias_example_alias_consumer', 'dataset_alias_example_alias_producer', 'dataset_s3_bucket_consumer' retrieved from /home/airflow/.local/lib/python3.12/site-packages/airflow/example_dags/example_dataset_alias.py
[2024-11-20T14:16:43.586+0000] {logging_mixin.py:190} INFO - [2024-11-20T14:16:43.585+0000] {dag.py:3239} INFO - Sync 4 DAGs
[2024-11-20T14:16:43.635+0000] {logging_mixin.py:190} INFO - [2024-11-20T14:16:43.635+0000] {dag.py:4180} INFO - Setting next_dagrun for dataset_alias_example_alias_consumer to None, run_after=None
[2024-11-20T14:16:43.641+0000] {logging_mixin.py:190} INFO - [2024-11-20T14:16:43.640+0000] {dag.py:4180} INFO - Setting next_dagrun for dataset_alias_example_alias_producer to None, run_after=None
[2024-11-20T14:16:43.644+0000] {logging_mixin.py:190} INFO - [2024-11-20T14:16:43.643+0000] {dag.py:4180} INFO - Setting next_dagrun for dataset_s3_bucket_consumer to None, run_after=None
[2024-11-20T14:16:43.646+0000] {logging_mixin.py:190} INFO - [2024-11-20T14:16:43.646+0000] {dag.py:4180} INFO - Setting next_dagrun for dataset_s3_bucket_producer to None, run_after=None
[2024-11-20T14:16:43.725+0000] {processor.py:208} INFO - Processing /home/airflow/.local/lib/python3.12/site-packages/airflow/example_dags/example_dataset_alias.py took 1.682 seconds
[2024-11-20T14:17:13.869+0000] {processor.py:186} INFO - Started process (PID=216) to work on /home/airflow/.local/lib/python3.12/site-packages/airflow/example_dags/example_dataset_alias.py
[2024-11-20T14:17:13.871+0000] {processor.py:914} INFO - Processing file /home/airflow/.local/lib/python3.12/site-packages/airflow/example_dags/example_dataset_alias.py for tasks to queue
[2024-11-20T14:17:13.878+0000] {logging_mixin.py:190} INFO - [2024-11-20T14:17:13.877+0000] {dagbag.py:588} INFO - Filling up the DagBag from /home/airflow/.local/lib/python3.12/site-packages/airflow/example_dags/example_dataset_alias.py
[2024-11-20T14:17:14.974+0000] {processor.py:925} INFO - DAG(s) 'dataset_alias_example_alias_producer', 'dataset_alias_example_alias_consumer', 'dataset_s3_bucket_consumer', 'dataset_s3_bucket_producer' retrieved from /home/airflow/.local/lib/python3.12/site-packages/airflow/example_dags/example_dataset_alias.py
[2024-11-20T14:17:15.017+0000] {logging_mixin.py:190} INFO - [2024-11-20T14:17:15.016+0000] {dag.py:3239} INFO - Sync 4 DAGs
[2024-11-20T14:17:15.063+0000] {logging_mixin.py:190} INFO - [2024-11-20T14:17:15.062+0000] {dag.py:4180} INFO - Setting next_dagrun for dataset_alias_example_alias_consumer to None, run_after=None
[2024-11-20T14:17:15.067+0000] {logging_mixin.py:190} INFO - [2024-11-20T14:17:15.067+0000] {dag.py:4180} INFO - Setting next_dagrun for dataset_alias_example_alias_producer to None, run_after=None
[2024-11-20T14:17:15.070+0000] {logging_mixin.py:190} INFO - [2024-11-20T14:17:15.070+0000] {dag.py:4180} INFO - Setting next_dagrun for dataset_s3_bucket_consumer to None, run_after=None
[2024-11-20T14:17:15.073+0000] {logging_mixin.py:190} INFO - [2024-11-20T14:17:15.072+0000] {dag.py:4180} INFO - Setting next_dagrun for dataset_s3_bucket_producer to None, run_after=None
[2024-11-20T14:17:15.128+0000] {processor.py:208} INFO - Processing /home/airflow/.local/lib/python3.12/site-packages/airflow/example_dags/example_dataset_alias.py took 1.273 seconds
[2024-11-20T14:17:45.588+0000] {processor.py:186} INFO - Started process (PID=279) to work on /home/airflow/.local/lib/python3.12/site-packages/airflow/example_dags/example_dataset_alias.py
[2024-11-20T14:17:45.590+0000] {processor.py:914} INFO - Processing file /home/airflow/.local/lib/python3.12/site-packages/airflow/example_dags/example_dataset_alias.py for tasks to queue
[2024-11-20T14:17:45.595+0000] {logging_mixin.py:190} INFO - [2024-11-20T14:17:45.595+0000] {dagbag.py:588} INFO - Filling up the DagBag from /home/airflow/.local/lib/python3.12/site-packages/airflow/example_dags/example_dataset_alias.py
[2024-11-20T14:17:46.442+0000] {processor.py:925} INFO - DAG(s) 'dataset_alias_example_alias_consumer', 'dataset_alias_example_alias_producer', 'dataset_s3_bucket_producer', 'dataset_s3_bucket_consumer' retrieved from /home/airflow/.local/lib/python3.12/site-packages/airflow/example_dags/example_dataset_alias.py
[2024-11-20T14:17:46.486+0000] {logging_mixin.py:190} INFO - [2024-11-20T14:17:46.485+0000] {dag.py:3239} INFO - Sync 4 DAGs
[2024-11-20T14:17:46.529+0000] {logging_mixin.py:190} INFO - [2024-11-20T14:17:46.529+0000] {dag.py:4180} INFO - Setting next_dagrun for dataset_alias_example_alias_consumer to None, run_after=None
[2024-11-20T14:17:46.535+0000] {logging_mixin.py:190} INFO - [2024-11-20T14:17:46.534+0000] {dag.py:4180} INFO - Setting next_dagrun for dataset_alias_example_alias_producer to None, run_after=None
[2024-11-20T14:17:46.538+0000] {logging_mixin.py:190} INFO - [2024-11-20T14:17:46.538+0000] {dag.py:4180} INFO - Setting next_dagrun for dataset_s3_bucket_consumer to None, run_after=None
[2024-11-20T14:17:46.541+0000] {logging_mixin.py:190} INFO - [2024-11-20T14:17:46.540+0000] {dag.py:4180} INFO - Setting next_dagrun for dataset_s3_bucket_producer to None, run_after=None
[2024-11-20T14:17:46.572+0000] {processor.py:208} INFO - Processing /home/airflow/.local/lib/python3.12/site-packages/airflow/example_dags/example_dataset_alias.py took 0.996 seconds
[2024-11-20T14:18:17.239+0000] {processor.py:186} INFO - Started process (PID=342) to work on /home/airflow/.local/lib/python3.12/site-packages/airflow/example_dags/example_dataset_alias.py
[2024-11-20T14:18:17.246+0000] {processor.py:914} INFO - Processing file /home/airflow/.local/lib/python3.12/site-packages/airflow/example_dags/example_dataset_alias.py for tasks to queue
[2024-11-20T14:18:17.252+0000] {logging_mixin.py:190} INFO - [2024-11-20T14:18:17.251+0000] {dagbag.py:588} INFO - Filling up the DagBag from /home/airflow/.local/lib/python3.12/site-packages/airflow/example_dags/example_dataset_alias.py
[2024-11-20T14:18:19.000+0000] {processor.py:925} INFO - DAG(s) 'dataset_s3_bucket_consumer', 'dataset_s3_bucket_producer', 'dataset_alias_example_alias_consumer', 'dataset_alias_example_alias_producer' retrieved from /home/airflow/.local/lib/python3.12/site-packages/airflow/example_dags/example_dataset_alias.py
[2024-11-20T14:18:19.052+0000] {logging_mixin.py:190} INFO - [2024-11-20T14:18:19.051+0000] {dag.py:3239} INFO - Sync 4 DAGs
[2024-11-20T14:18:19.101+0000] {logging_mixin.py:190} INFO - [2024-11-20T14:18:19.101+0000] {dag.py:4180} INFO - Setting next_dagrun for dataset_alias_example_alias_consumer to None, run_after=None
[2024-11-20T14:18:19.107+0000] {logging_mixin.py:190} INFO - [2024-11-20T14:18:19.107+0000] {dag.py:4180} INFO - Setting next_dagrun for dataset_alias_example_alias_producer to None, run_after=None
[2024-11-20T14:18:19.114+0000] {logging_mixin.py:190} INFO - [2024-11-20T14:18:19.114+0000] {dag.py:4180} INFO - Setting next_dagrun for dataset_s3_bucket_consumer to None, run_after=None
[2024-11-20T14:18:19.117+0000] {logging_mixin.py:190} INFO - [2024-11-20T14:18:19.117+0000] {dag.py:4180} INFO - Setting next_dagrun for dataset_s3_bucket_producer to None, run_after=None
[2024-11-20T14:18:19.163+0000] {processor.py:208} INFO - Processing /home/airflow/.local/lib/python3.12/site-packages/airflow/example_dags/example_dataset_alias.py took 1.943 seconds
[2024-11-20T14:18:49.809+0000] {processor.py:186} INFO - Started process (PID=405) to work on /home/airflow/.local/lib/python3.12/site-packages/airflow/example_dags/example_dataset_alias.py
[2024-11-20T14:18:49.810+0000] {processor.py:914} INFO - Processing file /home/airflow/.local/lib/python3.12/site-packages/airflow/example_dags/example_dataset_alias.py for tasks to queue
[2024-11-20T14:18:49.816+0000] {logging_mixin.py:190} INFO - [2024-11-20T14:18:49.815+0000] {dagbag.py:588} INFO - Filling up the DagBag from /home/airflow/.local/lib/python3.12/site-packages/airflow/example_dags/example_dataset_alias.py
[2024-11-20T14:18:51.917+0000] {processor.py:925} INFO - DAG(s) 'dataset_s3_bucket_consumer', 'dataset_s3_bucket_producer', 'dataset_alias_example_alias_producer', 'dataset_alias_example_alias_consumer' retrieved from /home/airflow/.local/lib/python3.12/site-packages/airflow/example_dags/example_dataset_alias.py
[2024-11-20T14:18:51.977+0000] {logging_mixin.py:190} INFO - [2024-11-20T14:18:51.975+0000] {dag.py:3239} INFO - Sync 4 DAGs
[2024-11-20T14:18:52.039+0000] {logging_mixin.py:190} INFO - [2024-11-20T14:18:52.039+0000] {dag.py:4180} INFO - Setting next_dagrun for dataset_alias_example_alias_consumer to None, run_after=None
[2024-11-20T14:18:52.046+0000] {logging_mixin.py:190} INFO - [2024-11-20T14:18:52.045+0000] {dag.py:4180} INFO - Setting next_dagrun for dataset_alias_example_alias_producer to None, run_after=None
[2024-11-20T14:18:52.049+0000] {logging_mixin.py:190} INFO - [2024-11-20T14:18:52.049+0000] {dag.py:4180} INFO - Setting next_dagrun for dataset_s3_bucket_consumer to None, run_after=None
[2024-11-20T14:18:52.053+0000] {logging_mixin.py:190} INFO - [2024-11-20T14:18:52.052+0000] {dag.py:4180} INFO - Setting next_dagrun for dataset_s3_bucket_producer to None, run_after=None
[2024-11-20T14:18:52.123+0000] {processor.py:208} INFO - Processing /home/airflow/.local/lib/python3.12/site-packages/airflow/example_dags/example_dataset_alias.py took 2.328 seconds
[2024-11-20T14:19:22.772+0000] {processor.py:186} INFO - Started process (PID=467) to work on /home/airflow/.local/lib/python3.12/site-packages/airflow/example_dags/example_dataset_alias.py
[2024-11-20T14:19:22.774+0000] {processor.py:914} INFO - Processing file /home/airflow/.local/lib/python3.12/site-packages/airflow/example_dags/example_dataset_alias.py for tasks to queue
[2024-11-20T14:19:22.779+0000] {logging_mixin.py:190} INFO - [2024-11-20T14:19:22.778+0000] {dagbag.py:588} INFO - Filling up the DagBag from /home/airflow/.local/lib/python3.12/site-packages/airflow/example_dags/example_dataset_alias.py
[2024-11-20T14:19:23.790+0000] {processor.py:925} INFO - DAG(s) 'dataset_s3_bucket_producer', 'dataset_alias_example_alias_producer', 'dataset_alias_example_alias_consumer', 'dataset_s3_bucket_consumer' retrieved from /home/airflow/.local/lib/python3.12/site-packages/airflow/example_dags/example_dataset_alias.py
[2024-11-20T14:19:23.826+0000] {logging_mixin.py:190} INFO - [2024-11-20T14:19:23.825+0000] {dag.py:3239} INFO - Sync 4 DAGs
[2024-11-20T14:19:23.869+0000] {logging_mixin.py:190} INFO - [2024-11-20T14:19:23.869+0000] {dag.py:4180} INFO - Setting next_dagrun for dataset_alias_example_alias_consumer to None, run_after=None
[2024-11-20T14:19:23.874+0000] {logging_mixin.py:190} INFO - [2024-11-20T14:19:23.873+0000] {dag.py:4180} INFO - Setting next_dagrun for dataset_alias_example_alias_producer to None, run_after=None
[2024-11-20T14:19:23.877+0000] {logging_mixin.py:190} INFO - [2024-11-20T14:19:23.877+0000] {dag.py:4180} INFO - Setting next_dagrun for dataset_s3_bucket_consumer to None, run_after=None
[2024-11-20T14:19:23.880+0000] {logging_mixin.py:190} INFO - [2024-11-20T14:19:23.879+0000] {dag.py:4180} INFO - Setting next_dagrun for dataset_s3_bucket_producer to None, run_after=None
[2024-11-20T14:19:23.917+0000] {processor.py:208} INFO - Processing /home/airflow/.local/lib/python3.12/site-packages/airflow/example_dags/example_dataset_alias.py took 1.156 seconds
[2024-11-20T14:19:54.275+0000] {processor.py:186} INFO - Started process (PID=530) to work on /home/airflow/.local/lib/python3.12/site-packages/airflow/example_dags/example_dataset_alias.py
[2024-11-20T14:19:54.276+0000] {processor.py:914} INFO - Processing file /home/airflow/.local/lib/python3.12/site-packages/airflow/example_dags/example_dataset_alias.py for tasks to queue
[2024-11-20T14:19:54.282+0000] {logging_mixin.py:190} INFO - [2024-11-20T14:19:54.281+0000] {dagbag.py:588} INFO - Filling up the DagBag from /home/airflow/.local/lib/python3.12/site-packages/airflow/example_dags/example_dataset_alias.py
[2024-11-20T14:19:55.374+0000] {processor.py:925} INFO - DAG(s) 'dataset_s3_bucket_consumer', 'dataset_alias_example_alias_producer', 'dataset_alias_example_alias_consumer', 'dataset_s3_bucket_producer' retrieved from /home/airflow/.local/lib/python3.12/site-packages/airflow/example_dags/example_dataset_alias.py
[2024-11-20T14:19:55.423+0000] {logging_mixin.py:190} INFO - [2024-11-20T14:19:55.422+0000] {dag.py:3239} INFO - Sync 4 DAGs
[2024-11-20T14:19:55.479+0000] {logging_mixin.py:190} INFO - [2024-11-20T14:19:55.479+0000] {dag.py:4180} INFO - Setting next_dagrun for dataset_alias_example_alias_consumer to None, run_after=None
[2024-11-20T14:19:55.485+0000] {logging_mixin.py:190} INFO - [2024-11-20T14:19:55.485+0000] {dag.py:4180} INFO - Setting next_dagrun for dataset_alias_example_alias_producer to None, run_after=None
[2024-11-20T14:19:55.489+0000] {logging_mixin.py:190} INFO - [2024-11-20T14:19:55.488+0000] {dag.py:4180} INFO - Setting next_dagrun for dataset_s3_bucket_consumer to None, run_after=None
[2024-11-20T14:19:55.492+0000] {logging_mixin.py:190} INFO - [2024-11-20T14:19:55.491+0000] {dag.py:4180} INFO - Setting next_dagrun for dataset_s3_bucket_producer to None, run_after=None
[2024-11-20T14:19:55.536+0000] {processor.py:208} INFO - Processing /home/airflow/.local/lib/python3.12/site-packages/airflow/example_dags/example_dataset_alias.py took 1.276 seconds
[2024-11-20T14:20:25.881+0000] {processor.py:186} INFO - Started process (PID=593) to work on /home/airflow/.local/lib/python3.12/site-packages/airflow/example_dags/example_dataset_alias.py
[2024-11-20T14:20:25.883+0000] {processor.py:914} INFO - Processing file /home/airflow/.local/lib/python3.12/site-packages/airflow/example_dags/example_dataset_alias.py for tasks to queue
[2024-11-20T14:20:25.887+0000] {logging_mixin.py:190} INFO - [2024-11-20T14:20:25.887+0000] {dagbag.py:588} INFO - Filling up the DagBag from /home/airflow/.local/lib/python3.12/site-packages/airflow/example_dags/example_dataset_alias.py
[2024-11-20T14:20:27.399+0000] {processor.py:925} INFO - DAG(s) 'dataset_alias_example_alias_producer', 'dataset_s3_bucket_consumer', 'dataset_alias_example_alias_consumer', 'dataset_s3_bucket_producer' retrieved from /home/airflow/.local/lib/python3.12/site-packages/airflow/example_dags/example_dataset_alias.py
[2024-11-20T14:20:27.445+0000] {logging_mixin.py:190} INFO - [2024-11-20T14:20:27.444+0000] {dag.py:3239} INFO - Sync 4 DAGs
[2024-11-20T14:20:27.495+0000] {logging_mixin.py:190} INFO - [2024-11-20T14:20:27.494+0000] {dag.py:4180} INFO - Setting next_dagrun for dataset_alias_example_alias_consumer to None, run_after=None
[2024-11-20T14:20:27.502+0000] {logging_mixin.py:190} INFO - [2024-11-20T14:20:27.502+0000] {dag.py:4180} INFO - Setting next_dagrun for dataset_alias_example_alias_producer to None, run_after=None
[2024-11-20T14:20:27.507+0000] {logging_mixin.py:190} INFO - [2024-11-20T14:20:27.507+0000] {dag.py:4180} INFO - Setting next_dagrun for dataset_s3_bucket_consumer to None, run_after=None
[2024-11-20T14:20:27.510+0000] {logging_mixin.py:190} INFO - [2024-11-20T14:20:27.510+0000] {dag.py:4180} INFO - Setting next_dagrun for dataset_s3_bucket_producer to None, run_after=None
[2024-11-20T14:20:27.545+0000] {processor.py:208} INFO - Processing /home/airflow/.local/lib/python3.12/site-packages/airflow/example_dags/example_dataset_alias.py took 1.679 seconds
[2024-11-20T14:20:57.872+0000] {processor.py:186} INFO - Started process (PID=656) to work on /home/airflow/.local/lib/python3.12/site-packages/airflow/example_dags/example_dataset_alias.py
[2024-11-20T14:20:57.874+0000] {processor.py:914} INFO - Processing file /home/airflow/.local/lib/python3.12/site-packages/airflow/example_dags/example_dataset_alias.py for tasks to queue
[2024-11-20T14:20:57.877+0000] {logging_mixin.py:190} INFO - [2024-11-20T14:20:57.877+0000] {dagbag.py:588} INFO - Filling up the DagBag from /home/airflow/.local/lib/python3.12/site-packages/airflow/example_dags/example_dataset_alias.py
[2024-11-20T14:20:59.081+0000] {processor.py:925} INFO - DAG(s) 'dataset_s3_bucket_producer', 'dataset_alias_example_alias_consumer', 'dataset_alias_example_alias_producer', 'dataset_s3_bucket_consumer' retrieved from /home/airflow/.local/lib/python3.12/site-packages/airflow/example_dags/example_dataset_alias.py
[2024-11-20T14:20:59.132+0000] {logging_mixin.py:190} INFO - [2024-11-20T14:20:59.131+0000] {dag.py:3239} INFO - Sync 4 DAGs
[2024-11-20T14:20:59.189+0000] {logging_mixin.py:190} INFO - [2024-11-20T14:20:59.187+0000] {dag.py:4180} INFO - Setting next_dagrun for dataset_alias_example_alias_consumer to None, run_after=None
[2024-11-20T14:20:59.196+0000] {logging_mixin.py:190} INFO - [2024-11-20T14:20:59.195+0000] {dag.py:4180} INFO - Setting next_dagrun for dataset_alias_example_alias_producer to None, run_after=None
[2024-11-20T14:20:59.205+0000] {logging_mixin.py:190} INFO - [2024-11-20T14:20:59.204+0000] {dag.py:4180} INFO - Setting next_dagrun for dataset_s3_bucket_consumer to None, run_after=None
[2024-11-20T14:20:59.208+0000] {logging_mixin.py:190} INFO - [2024-11-20T14:20:59.208+0000] {dag.py:4180} INFO - Setting next_dagrun for dataset_s3_bucket_producer to None, run_after=None
[2024-11-20T14:20:59.251+0000] {processor.py:208} INFO - Processing /home/airflow/.local/lib/python3.12/site-packages/airflow/example_dags/example_dataset_alias.py took 1.393 seconds
[2024-11-20T14:21:29.347+0000] {processor.py:186} INFO - Started process (PID=719) to work on /home/airflow/.local/lib/python3.12/site-packages/airflow/example_dags/example_dataset_alias.py
[2024-11-20T14:21:29.349+0000] {processor.py:914} INFO - Processing file /home/airflow/.local/lib/python3.12/site-packages/airflow/example_dags/example_dataset_alias.py for tasks to queue
[2024-11-20T14:21:29.354+0000] {logging_mixin.py:190} INFO - [2024-11-20T14:21:29.354+0000] {dagbag.py:588} INFO - Filling up the DagBag from /home/airflow/.local/lib/python3.12/site-packages/airflow/example_dags/example_dataset_alias.py
[2024-11-20T14:21:30.610+0000] {processor.py:925} INFO - DAG(s) 'dataset_alias_example_alias_producer', 'dataset_s3_bucket_producer', 'dataset_alias_example_alias_consumer', 'dataset_s3_bucket_consumer' retrieved from /home/airflow/.local/lib/python3.12/site-packages/airflow/example_dags/example_dataset_alias.py
[2024-11-20T14:21:30.656+0000] {logging_mixin.py:190} INFO - [2024-11-20T14:21:30.655+0000] {dag.py:3239} INFO - Sync 4 DAGs
[2024-11-20T14:21:30.696+0000] {logging_mixin.py:190} INFO - [2024-11-20T14:21:30.696+0000] {dag.py:4180} INFO - Setting next_dagrun for dataset_alias_example_alias_consumer to None, run_after=None
[2024-11-20T14:21:30.701+0000] {logging_mixin.py:190} INFO - [2024-11-20T14:21:30.701+0000] {dag.py:4180} INFO - Setting next_dagrun for dataset_alias_example_alias_producer to None, run_after=None
[2024-11-20T14:21:30.704+0000] {logging_mixin.py:190} INFO - [2024-11-20T14:21:30.703+0000] {dag.py:4180} INFO - Setting next_dagrun for dataset_s3_bucket_consumer to None, run_after=None
[2024-11-20T14:21:30.706+0000] {logging_mixin.py:190} INFO - [2024-11-20T14:21:30.706+0000] {dag.py:4180} INFO - Setting next_dagrun for dataset_s3_bucket_producer to None, run_after=None
[2024-11-20T14:21:30.746+0000] {processor.py:208} INFO - Processing /home/airflow/.local/lib/python3.12/site-packages/airflow/example_dags/example_dataset_alias.py took 1.411 seconds
[2024-11-20T14:22:01.080+0000] {processor.py:186} INFO - Started process (PID=782) to work on /home/airflow/.local/lib/python3.12/site-packages/airflow/example_dags/example_dataset_alias.py
[2024-11-20T14:22:01.082+0000] {processor.py:914} INFO - Processing file /home/airflow/.local/lib/python3.12/site-packages/airflow/example_dags/example_dataset_alias.py for tasks to queue
[2024-11-20T14:22:01.088+0000] {logging_mixin.py:190} INFO - [2024-11-20T14:22:01.087+0000] {dagbag.py:588} INFO - Filling up the DagBag from /home/airflow/.local/lib/python3.12/site-packages/airflow/example_dags/example_dataset_alias.py
[2024-11-20T14:22:02.516+0000] {processor.py:925} INFO - DAG(s) 'dataset_alias_example_alias_producer', 'dataset_s3_bucket_consumer', 'dataset_alias_example_alias_consumer', 'dataset_s3_bucket_producer' retrieved from /home/airflow/.local/lib/python3.12/site-packages/airflow/example_dags/example_dataset_alias.py
[2024-11-20T14:22:02.564+0000] {logging_mixin.py:190} INFO - [2024-11-20T14:22:02.562+0000] {dag.py:3239} INFO - Sync 4 DAGs
[2024-11-20T14:22:02.620+0000] {logging_mixin.py:190} INFO - [2024-11-20T14:22:02.619+0000] {dag.py:4180} INFO - Setting next_dagrun for dataset_alias_example_alias_consumer to None, run_after=None
[2024-11-20T14:22:02.627+0000] {logging_mixin.py:190} INFO - [2024-11-20T14:22:02.626+0000] {dag.py:4180} INFO - Setting next_dagrun for dataset_alias_example_alias_producer to None, run_after=None
[2024-11-20T14:22:02.630+0000] {logging_mixin.py:190} INFO - [2024-11-20T14:22:02.630+0000] {dag.py:4180} INFO - Setting next_dagrun for dataset_s3_bucket_consumer to None, run_after=None
[2024-11-20T14:22:02.633+0000] {logging_mixin.py:190} INFO - [2024-11-20T14:22:02.633+0000] {dag.py:4180} INFO - Setting next_dagrun for dataset_s3_bucket_producer to None, run_after=None
[2024-11-20T14:22:02.681+0000] {processor.py:208} INFO - Processing /home/airflow/.local/lib/python3.12/site-packages/airflow/example_dags/example_dataset_alias.py took 1.617 seconds
[2024-11-20T14:22:32.789+0000] {processor.py:186} INFO - Started process (PID=845) to work on /home/airflow/.local/lib/python3.12/site-packages/airflow/example_dags/example_dataset_alias.py
[2024-11-20T14:22:32.790+0000] {processor.py:914} INFO - Processing file /home/airflow/.local/lib/python3.12/site-packages/airflow/example_dags/example_dataset_alias.py for tasks to queue
[2024-11-20T14:22:32.796+0000] {logging_mixin.py:190} INFO - [2024-11-20T14:22:32.795+0000] {dagbag.py:588} INFO - Filling up the DagBag from /home/airflow/.local/lib/python3.12/site-packages/airflow/example_dags/example_dataset_alias.py
[2024-11-20T14:22:33.744+0000] {processor.py:925} INFO - DAG(s) 'dataset_s3_bucket_consumer', 'dataset_alias_example_alias_producer', 'dataset_s3_bucket_producer', 'dataset_alias_example_alias_consumer' retrieved from /home/airflow/.local/lib/python3.12/site-packages/airflow/example_dags/example_dataset_alias.py
[2024-11-20T14:22:33.778+0000] {logging_mixin.py:190} INFO - [2024-11-20T14:22:33.777+0000] {dag.py:3239} INFO - Sync 4 DAGs
[2024-11-20T14:22:33.833+0000] {logging_mixin.py:190} INFO - [2024-11-20T14:22:33.832+0000] {dag.py:4180} INFO - Setting next_dagrun for dataset_alias_example_alias_consumer to None, run_after=None
[2024-11-20T14:22:33.837+0000] {logging_mixin.py:190} INFO - [2024-11-20T14:22:33.837+0000] {dag.py:4180} INFO - Setting next_dagrun for dataset_alias_example_alias_producer to None, run_after=None
[2024-11-20T14:22:33.839+0000] {logging_mixin.py:190} INFO - [2024-11-20T14:22:33.839+0000] {dag.py:4180} INFO - Setting next_dagrun for dataset_s3_bucket_consumer to None, run_after=None
[2024-11-20T14:22:33.841+0000] {logging_mixin.py:190} INFO - [2024-11-20T14:22:33.841+0000] {dag.py:4180} INFO - Setting next_dagrun for dataset_s3_bucket_producer to None, run_after=None
[2024-11-20T14:22:33.872+0000] {processor.py:208} INFO - Processing /home/airflow/.local/lib/python3.12/site-packages/airflow/example_dags/example_dataset_alias.py took 1.093 seconds
[2024-11-20T14:23:04.262+0000] {processor.py:186} INFO - Started process (PID=909) to work on /home/airflow/.local/lib/python3.12/site-packages/airflow/example_dags/example_dataset_alias.py
[2024-11-20T14:23:04.265+0000] {processor.py:914} INFO - Processing file /home/airflow/.local/lib/python3.12/site-packages/airflow/example_dags/example_dataset_alias.py for tasks to queue
[2024-11-20T14:23:04.277+0000] {logging_mixin.py:190} INFO - [2024-11-20T14:23:04.275+0000] {dagbag.py:588} INFO - Filling up the DagBag from /home/airflow/.local/lib/python3.12/site-packages/airflow/example_dags/example_dataset_alias.py
[2024-11-20T14:23:05.447+0000] {processor.py:925} INFO - DAG(s) 'dataset_alias_example_alias_consumer', 'dataset_s3_bucket_producer', 'dataset_s3_bucket_consumer', 'dataset_alias_example_alias_producer' retrieved from /home/airflow/.local/lib/python3.12/site-packages/airflow/example_dags/example_dataset_alias.py
[2024-11-20T14:23:05.496+0000] {logging_mixin.py:190} INFO - [2024-11-20T14:23:05.494+0000] {dag.py:3239} INFO - Sync 4 DAGs
[2024-11-20T14:23:05.550+0000] {logging_mixin.py:190} INFO - [2024-11-20T14:23:05.549+0000] {dag.py:4180} INFO - Setting next_dagrun for dataset_alias_example_alias_consumer to None, run_after=None
[2024-11-20T14:23:05.555+0000] {logging_mixin.py:190} INFO - [2024-11-20T14:23:05.555+0000] {dag.py:4180} INFO - Setting next_dagrun for dataset_alias_example_alias_producer to None, run_after=None
[2024-11-20T14:23:05.563+0000] {logging_mixin.py:190} INFO - [2024-11-20T14:23:05.563+0000] {dag.py:4180} INFO - Setting next_dagrun for dataset_s3_bucket_consumer to None, run_after=None
[2024-11-20T14:23:05.565+0000] {logging_mixin.py:190} INFO - [2024-11-20T14:23:05.565+0000] {dag.py:4180} INFO - Setting next_dagrun for dataset_s3_bucket_producer to None, run_after=None
[2024-11-20T14:23:05.606+0000] {processor.py:208} INFO - Processing /home/airflow/.local/lib/python3.12/site-packages/airflow/example_dags/example_dataset_alias.py took 1.356 seconds
[2024-11-20T14:23:36.509+0000] {processor.py:186} INFO - Started process (PID=972) to work on /home/airflow/.local/lib/python3.12/site-packages/airflow/example_dags/example_dataset_alias.py
[2024-11-20T14:23:36.511+0000] {processor.py:914} INFO - Processing file /home/airflow/.local/lib/python3.12/site-packages/airflow/example_dags/example_dataset_alias.py for tasks to queue
[2024-11-20T14:23:36.516+0000] {logging_mixin.py:190} INFO - [2024-11-20T14:23:36.515+0000] {dagbag.py:588} INFO - Filling up the DagBag from /home/airflow/.local/lib/python3.12/site-packages/airflow/example_dags/example_dataset_alias.py
[2024-11-20T14:23:37.413+0000] {processor.py:925} INFO - DAG(s) 'dataset_s3_bucket_consumer', 'dataset_alias_example_alias_producer', 'dataset_s3_bucket_producer', 'dataset_alias_example_alias_consumer' retrieved from /home/airflow/.local/lib/python3.12/site-packages/airflow/example_dags/example_dataset_alias.py
[2024-11-20T14:23:37.445+0000] {logging_mixin.py:190} INFO - [2024-11-20T14:23:37.444+0000] {dag.py:3239} INFO - Sync 4 DAGs
[2024-11-20T14:23:37.479+0000] {logging_mixin.py:190} INFO - [2024-11-20T14:23:37.479+0000] {dag.py:4180} INFO - Setting next_dagrun for dataset_alias_example_alias_consumer to None, run_after=None
[2024-11-20T14:23:37.484+0000] {logging_mixin.py:190} INFO - [2024-11-20T14:23:37.483+0000] {dag.py:4180} INFO - Setting next_dagrun for dataset_alias_example_alias_producer to None, run_after=None
[2024-11-20T14:23:37.486+0000] {logging_mixin.py:190} INFO - [2024-11-20T14:23:37.485+0000] {dag.py:4180} INFO - Setting next_dagrun for dataset_s3_bucket_consumer to None, run_after=None
[2024-11-20T14:23:37.488+0000] {logging_mixin.py:190} INFO - [2024-11-20T14:23:37.487+0000] {dag.py:4180} INFO - Setting next_dagrun for dataset_s3_bucket_producer to None, run_after=None
[2024-11-20T14:23:37.525+0000] {processor.py:208} INFO - Processing /home/airflow/.local/lib/python3.12/site-packages/airflow/example_dags/example_dataset_alias.py took 1.031 seconds
[2024-11-20T14:24:08.100+0000] {processor.py:186} INFO - Started process (PID=1035) to work on /home/airflow/.local/lib/python3.12/site-packages/airflow/example_dags/example_dataset_alias.py
[2024-11-20T14:24:08.101+0000] {processor.py:914} INFO - Processing file /home/airflow/.local/lib/python3.12/site-packages/airflow/example_dags/example_dataset_alias.py for tasks to queue
[2024-11-20T14:24:08.106+0000] {logging_mixin.py:190} INFO - [2024-11-20T14:24:08.105+0000] {dagbag.py:588} INFO - Filling up the DagBag from /home/airflow/.local/lib/python3.12/site-packages/airflow/example_dags/example_dataset_alias.py
[2024-11-20T14:24:09.305+0000] {processor.py:925} INFO - DAG(s) 'dataset_s3_bucket_consumer', 'dataset_alias_example_alias_producer', 'dataset_alias_example_alias_consumer', 'dataset_s3_bucket_producer' retrieved from /home/airflow/.local/lib/python3.12/site-packages/airflow/example_dags/example_dataset_alias.py
[2024-11-20T14:24:09.346+0000] {logging_mixin.py:190} INFO - [2024-11-20T14:24:09.345+0000] {dag.py:3239} INFO - Sync 4 DAGs
[2024-11-20T14:24:09.385+0000] {logging_mixin.py:190} INFO - [2024-11-20T14:24:09.385+0000] {dag.py:4180} INFO - Setting next_dagrun for dataset_alias_example_alias_consumer to None, run_after=None
[2024-11-20T14:24:09.391+0000] {logging_mixin.py:190} INFO - [2024-11-20T14:24:09.390+0000] {dag.py:4180} INFO - Setting next_dagrun for dataset_alias_example_alias_producer to None, run_after=None
[2024-11-20T14:24:09.394+0000] {logging_mixin.py:190} INFO - [2024-11-20T14:24:09.393+0000] {dag.py:4180} INFO - Setting next_dagrun for dataset_s3_bucket_consumer to None, run_after=None
[2024-11-20T14:24:09.396+0000] {logging_mixin.py:190} INFO - [2024-11-20T14:24:09.396+0000] {dag.py:4180} INFO - Setting next_dagrun for dataset_s3_bucket_producer to None, run_after=None
[2024-11-20T14:24:09.438+0000] {processor.py:208} INFO - Processing /home/airflow/.local/lib/python3.12/site-packages/airflow/example_dags/example_dataset_alias.py took 1.349 seconds
[2024-11-20T14:24:40.023+0000] {processor.py:186} INFO - Started process (PID=1097) to work on /home/airflow/.local/lib/python3.12/site-packages/airflow/example_dags/example_dataset_alias.py
[2024-11-20T14:24:40.025+0000] {processor.py:914} INFO - Processing file /home/airflow/.local/lib/python3.12/site-packages/airflow/example_dags/example_dataset_alias.py for tasks to queue
[2024-11-20T14:24:40.031+0000] {logging_mixin.py:190} INFO - [2024-11-20T14:24:40.030+0000] {dagbag.py:588} INFO - Filling up the DagBag from /home/airflow/.local/lib/python3.12/site-packages/airflow/example_dags/example_dataset_alias.py
[2024-11-20T14:24:41.081+0000] {processor.py:925} INFO - DAG(s) 'dataset_alias_example_alias_consumer', 'dataset_s3_bucket_producer', 'dataset_s3_bucket_consumer', 'dataset_alias_example_alias_producer' retrieved from /home/airflow/.local/lib/python3.12/site-packages/airflow/example_dags/example_dataset_alias.py
[2024-11-20T14:24:41.128+0000] {logging_mixin.py:190} INFO - [2024-11-20T14:24:41.127+0000] {dag.py:3239} INFO - Sync 4 DAGs
[2024-11-20T14:24:41.181+0000] {logging_mixin.py:190} INFO - [2024-11-20T14:24:41.181+0000] {dag.py:4180} INFO - Setting next_dagrun for dataset_alias_example_alias_consumer to None, run_after=None
[2024-11-20T14:24:41.185+0000] {logging_mixin.py:190} INFO - [2024-11-20T14:24:41.185+0000] {dag.py:4180} INFO - Setting next_dagrun for dataset_alias_example_alias_producer to None, run_after=None
[2024-11-20T14:24:41.190+0000] {logging_mixin.py:190} INFO - [2024-11-20T14:24:41.189+0000] {dag.py:4180} INFO - Setting next_dagrun for dataset_s3_bucket_consumer to None, run_after=None
[2024-11-20T14:24:41.192+0000] {logging_mixin.py:190} INFO - [2024-11-20T14:24:41.192+0000] {dag.py:4180} INFO - Setting next_dagrun for dataset_s3_bucket_producer to None, run_after=None
[2024-11-20T14:24:41.232+0000] {processor.py:208} INFO - Processing /home/airflow/.local/lib/python3.12/site-packages/airflow/example_dags/example_dataset_alias.py took 1.229 seconds
[2024-11-20T14:25:11.536+0000] {processor.py:186} INFO - Started process (PID=1160) to work on /home/airflow/.local/lib/python3.12/site-packages/airflow/example_dags/example_dataset_alias.py
[2024-11-20T14:25:11.537+0000] {processor.py:914} INFO - Processing file /home/airflow/.local/lib/python3.12/site-packages/airflow/example_dags/example_dataset_alias.py for tasks to queue
[2024-11-20T14:25:11.544+0000] {logging_mixin.py:190} INFO - [2024-11-20T14:25:11.543+0000] {dagbag.py:588} INFO - Filling up the DagBag from /home/airflow/.local/lib/python3.12/site-packages/airflow/example_dags/example_dataset_alias.py
[2024-11-20T14:25:12.767+0000] {processor.py:925} INFO - DAG(s) 'dataset_alias_example_alias_consumer', 'dataset_s3_bucket_consumer', 'dataset_s3_bucket_producer', 'dataset_alias_example_alias_producer' retrieved from /home/airflow/.local/lib/python3.12/site-packages/airflow/example_dags/example_dataset_alias.py
[2024-11-20T14:25:12.806+0000] {logging_mixin.py:190} INFO - [2024-11-20T14:25:12.805+0000] {dag.py:3239} INFO - Sync 4 DAGs
[2024-11-20T14:25:12.858+0000] {logging_mixin.py:190} INFO - [2024-11-20T14:25:12.858+0000] {dag.py:4180} INFO - Setting next_dagrun for dataset_alias_example_alias_consumer to None, run_after=None
[2024-11-20T14:25:12.862+0000] {logging_mixin.py:190} INFO - [2024-11-20T14:25:12.861+0000] {dag.py:4180} INFO - Setting next_dagrun for dataset_alias_example_alias_producer to None, run_after=None
[2024-11-20T14:25:12.864+0000] {logging_mixin.py:190} INFO - [2024-11-20T14:25:12.864+0000] {dag.py:4180} INFO - Setting next_dagrun for dataset_s3_bucket_consumer to None, run_after=None
[2024-11-20T14:25:12.868+0000] {logging_mixin.py:190} INFO - [2024-11-20T14:25:12.867+0000] {dag.py:4180} INFO - Setting next_dagrun for dataset_s3_bucket_producer to None, run_after=None
[2024-11-20T14:25:12.900+0000] {processor.py:208} INFO - Processing /home/airflow/.local/lib/python3.12/site-packages/airflow/example_dags/example_dataset_alias.py took 1.378 seconds
[2024-11-20T14:25:43.323+0000] {processor.py:186} INFO - Started process (PID=1223) to work on /home/airflow/.local/lib/python3.12/site-packages/airflow/example_dags/example_dataset_alias.py
[2024-11-20T14:25:43.324+0000] {processor.py:914} INFO - Processing file /home/airflow/.local/lib/python3.12/site-packages/airflow/example_dags/example_dataset_alias.py for tasks to queue
[2024-11-20T14:25:43.329+0000] {logging_mixin.py:190} INFO - [2024-11-20T14:25:43.328+0000] {dagbag.py:588} INFO - Filling up the DagBag from /home/airflow/.local/lib/python3.12/site-packages/airflow/example_dags/example_dataset_alias.py
[2024-11-20T14:25:44.393+0000] {processor.py:925} INFO - DAG(s) 'dataset_s3_bucket_consumer', 'dataset_alias_example_alias_producer', 'dataset_s3_bucket_producer', 'dataset_alias_example_alias_consumer' retrieved from /home/airflow/.local/lib/python3.12/site-packages/airflow/example_dags/example_dataset_alias.py
[2024-11-20T14:25:44.428+0000] {logging_mixin.py:190} INFO - [2024-11-20T14:25:44.427+0000] {dag.py:3239} INFO - Sync 4 DAGs
[2024-11-20T14:25:44.475+0000] {logging_mixin.py:190} INFO - [2024-11-20T14:25:44.474+0000] {dag.py:4180} INFO - Setting next_dagrun for dataset_alias_example_alias_consumer to None, run_after=None
[2024-11-20T14:25:44.480+0000] {logging_mixin.py:190} INFO - [2024-11-20T14:25:44.479+0000] {dag.py:4180} INFO - Setting next_dagrun for dataset_alias_example_alias_producer to None, run_after=None
[2024-11-20T14:25:44.483+0000] {logging_mixin.py:190} INFO - [2024-11-20T14:25:44.482+0000] {dag.py:4180} INFO - Setting next_dagrun for dataset_s3_bucket_consumer to None, run_after=None
[2024-11-20T14:25:44.485+0000] {logging_mixin.py:190} INFO - [2024-11-20T14:25:44.485+0000] {dag.py:4180} INFO - Setting next_dagrun for dataset_s3_bucket_producer to None, run_after=None
[2024-11-20T14:25:44.531+0000] {processor.py:208} INFO - Processing /home/airflow/.local/lib/python3.12/site-packages/airflow/example_dags/example_dataset_alias.py took 1.219 seconds
[2024-11-20T14:26:15.409+0000] {processor.py:186} INFO - Started process (PID=1286) to work on /home/airflow/.local/lib/python3.12/site-packages/airflow/example_dags/example_dataset_alias.py
[2024-11-20T14:26:15.411+0000] {processor.py:914} INFO - Processing file /home/airflow/.local/lib/python3.12/site-packages/airflow/example_dags/example_dataset_alias.py for tasks to queue
[2024-11-20T14:26:15.416+0000] {logging_mixin.py:190} INFO - [2024-11-20T14:26:15.415+0000] {dagbag.py:588} INFO - Filling up the DagBag from /home/airflow/.local/lib/python3.12/site-packages/airflow/example_dags/example_dataset_alias.py
[2024-11-20T14:26:16.748+0000] {processor.py:925} INFO - DAG(s) 'dataset_alias_example_alias_producer', 'dataset_s3_bucket_producer', 'dataset_s3_bucket_consumer', 'dataset_alias_example_alias_consumer' retrieved from /home/airflow/.local/lib/python3.12/site-packages/airflow/example_dags/example_dataset_alias.py
[2024-11-20T14:26:16.799+0000] {logging_mixin.py:190} INFO - [2024-11-20T14:26:16.798+0000] {dag.py:3239} INFO - Sync 4 DAGs
[2024-11-20T14:26:16.863+0000] {logging_mixin.py:190} INFO - [2024-11-20T14:26:16.863+0000] {dag.py:4180} INFO - Setting next_dagrun for dataset_alias_example_alias_consumer to None, run_after=None
[2024-11-20T14:26:16.870+0000] {logging_mixin.py:190} INFO - [2024-11-20T14:26:16.869+0000] {dag.py:4180} INFO - Setting next_dagrun for dataset_alias_example_alias_producer to None, run_after=None
[2024-11-20T14:26:16.876+0000] {logging_mixin.py:190} INFO - [2024-11-20T14:26:16.876+0000] {dag.py:4180} INFO - Setting next_dagrun for dataset_s3_bucket_consumer to None, run_after=None
[2024-11-20T14:26:16.880+0000] {logging_mixin.py:190} INFO - [2024-11-20T14:26:16.879+0000] {dag.py:4180} INFO - Setting next_dagrun for dataset_s3_bucket_producer to None, run_after=None
[2024-11-20T14:26:16.993+0000] {processor.py:208} INFO - Processing /home/airflow/.local/lib/python3.12/site-packages/airflow/example_dags/example_dataset_alias.py took 1.594 seconds
[2024-11-20T14:26:47.274+0000] {processor.py:186} INFO - Started process (PID=1355) to work on /home/airflow/.local/lib/python3.12/site-packages/airflow/example_dags/example_dataset_alias.py
[2024-11-20T14:26:47.275+0000] {processor.py:914} INFO - Processing file /home/airflow/.local/lib/python3.12/site-packages/airflow/example_dags/example_dataset_alias.py for tasks to queue
[2024-11-20T14:26:47.279+0000] {logging_mixin.py:190} INFO - [2024-11-20T14:26:47.279+0000] {dagbag.py:588} INFO - Filling up the DagBag from /home/airflow/.local/lib/python3.12/site-packages/airflow/example_dags/example_dataset_alias.py
[2024-11-20T14:26:48.473+0000] {processor.py:925} INFO - DAG(s) 'dataset_alias_example_alias_consumer', 'dataset_s3_bucket_producer', 'dataset_alias_example_alias_producer', 'dataset_s3_bucket_consumer' retrieved from /home/airflow/.local/lib/python3.12/site-packages/airflow/example_dags/example_dataset_alias.py
[2024-11-20T14:26:48.521+0000] {logging_mixin.py:190} INFO - [2024-11-20T14:26:48.520+0000] {dag.py:3239} INFO - Sync 4 DAGs
[2024-11-20T14:26:48.576+0000] {logging_mixin.py:190} INFO - [2024-11-20T14:26:48.576+0000] {dag.py:4180} INFO - Setting next_dagrun for dataset_alias_example_alias_consumer to None, run_after=None
[2024-11-20T14:26:48.585+0000] {logging_mixin.py:190} INFO - [2024-11-20T14:26:48.585+0000] {dag.py:4180} INFO - Setting next_dagrun for dataset_alias_example_alias_producer to None, run_after=None
[2024-11-20T14:26:48.588+0000] {logging_mixin.py:190} INFO - [2024-11-20T14:26:48.588+0000] {dag.py:4180} INFO - Setting next_dagrun for dataset_s3_bucket_consumer to None, run_after=None
[2024-11-20T14:26:48.594+0000] {logging_mixin.py:190} INFO - [2024-11-20T14:26:48.594+0000] {dag.py:4180} INFO - Setting next_dagrun for dataset_s3_bucket_producer to None, run_after=None
[2024-11-20T14:26:48.631+0000] {processor.py:208} INFO - Processing /home/airflow/.local/lib/python3.12/site-packages/airflow/example_dags/example_dataset_alias.py took 1.368 seconds
[2024-11-20T14:28:05.343+0000] {processor.py:186} INFO - Started process (PID=1421) to work on /home/airflow/.local/lib/python3.12/site-packages/airflow/example_dags/example_dataset_alias.py
[2024-11-20T14:28:05.406+0000] {processor.py:914} INFO - Processing file /home/airflow/.local/lib/python3.12/site-packages/airflow/example_dags/example_dataset_alias.py for tasks to queue
[2024-11-20T14:28:05.414+0000] {logging_mixin.py:190} INFO - [2024-11-20T14:28:05.413+0000] {dagbag.py:588} INFO - Filling up the DagBag from /home/airflow/.local/lib/python3.12/site-packages/airflow/example_dags/example_dataset_alias.py
[2024-11-20T14:28:06.814+0000] {processor.py:925} INFO - DAG(s) 'dataset_s3_bucket_producer', 'dataset_alias_example_alias_producer', 'dataset_alias_example_alias_consumer', 'dataset_s3_bucket_consumer' retrieved from /home/airflow/.local/lib/python3.12/site-packages/airflow/example_dags/example_dataset_alias.py
[2024-11-20T14:28:06.855+0000] {logging_mixin.py:190} INFO - [2024-11-20T14:28:06.854+0000] {dag.py:3239} INFO - Sync 4 DAGs
[2024-11-20T14:28:06.907+0000] {logging_mixin.py:190} INFO - [2024-11-20T14:28:06.906+0000] {dag.py:4180} INFO - Setting next_dagrun for dataset_alias_example_alias_consumer to None, run_after=None
[2024-11-20T14:28:06.912+0000] {logging_mixin.py:190} INFO - [2024-11-20T14:28:06.912+0000] {dag.py:4180} INFO - Setting next_dagrun for dataset_alias_example_alias_producer to None, run_after=None
[2024-11-20T14:28:06.914+0000] {logging_mixin.py:190} INFO - [2024-11-20T14:28:06.914+0000] {dag.py:4180} INFO - Setting next_dagrun for dataset_s3_bucket_consumer to None, run_after=None
[2024-11-20T14:28:06.917+0000] {logging_mixin.py:190} INFO - [2024-11-20T14:28:06.916+0000] {dag.py:4180} INFO - Setting next_dagrun for dataset_s3_bucket_producer to None, run_after=None
[2024-11-20T14:28:07.071+0000] {processor.py:208} INFO - Processing /home/airflow/.local/lib/python3.12/site-packages/airflow/example_dags/example_dataset_alias.py took 1.740 seconds
[2024-11-20T14:28:37.377+0000] {processor.py:186} INFO - Started process (PID=1484) to work on /home/airflow/.local/lib/python3.12/site-packages/airflow/example_dags/example_dataset_alias.py
[2024-11-20T14:28:37.379+0000] {processor.py:914} INFO - Processing file /home/airflow/.local/lib/python3.12/site-packages/airflow/example_dags/example_dataset_alias.py for tasks to queue
[2024-11-20T14:28:37.385+0000] {logging_mixin.py:190} INFO - [2024-11-20T14:28:37.384+0000] {dagbag.py:588} INFO - Filling up the DagBag from /home/airflow/.local/lib/python3.12/site-packages/airflow/example_dags/example_dataset_alias.py
[2024-11-20T14:28:38.284+0000] {processor.py:925} INFO - DAG(s) 'dataset_alias_example_alias_consumer', 'dataset_s3_bucket_consumer', 'dataset_s3_bucket_producer', 'dataset_alias_example_alias_producer' retrieved from /home/airflow/.local/lib/python3.12/site-packages/airflow/example_dags/example_dataset_alias.py
[2024-11-20T14:28:38.320+0000] {logging_mixin.py:190} INFO - [2024-11-20T14:28:38.320+0000] {dag.py:3239} INFO - Sync 4 DAGs
[2024-11-20T14:28:38.359+0000] {logging_mixin.py:190} INFO - [2024-11-20T14:28:38.359+0000] {dag.py:4180} INFO - Setting next_dagrun for dataset_alias_example_alias_consumer to None, run_after=None
[2024-11-20T14:28:38.363+0000] {logging_mixin.py:190} INFO - [2024-11-20T14:28:38.363+0000] {dag.py:4180} INFO - Setting next_dagrun for dataset_alias_example_alias_producer to None, run_after=None
[2024-11-20T14:28:38.366+0000] {logging_mixin.py:190} INFO - [2024-11-20T14:28:38.365+0000] {dag.py:4180} INFO - Setting next_dagrun for dataset_s3_bucket_consumer to None, run_after=None
[2024-11-20T14:28:38.368+0000] {logging_mixin.py:190} INFO - [2024-11-20T14:28:38.368+0000] {dag.py:4180} INFO - Setting next_dagrun for dataset_s3_bucket_producer to None, run_after=None
[2024-11-20T14:28:38.402+0000] {processor.py:208} INFO - Processing /home/airflow/.local/lib/python3.12/site-packages/airflow/example_dags/example_dataset_alias.py took 1.035 seconds
[2024-11-20T14:29:08.545+0000] {processor.py:186} INFO - Started process (PID=1547) to work on /home/airflow/.local/lib/python3.12/site-packages/airflow/example_dags/example_dataset_alias.py
[2024-11-20T14:29:08.546+0000] {processor.py:914} INFO - Processing file /home/airflow/.local/lib/python3.12/site-packages/airflow/example_dags/example_dataset_alias.py for tasks to queue
[2024-11-20T14:29:08.550+0000] {logging_mixin.py:190} INFO - [2024-11-20T14:29:08.549+0000] {dagbag.py:588} INFO - Filling up the DagBag from /home/airflow/.local/lib/python3.12/site-packages/airflow/example_dags/example_dataset_alias.py
[2024-11-20T14:29:09.548+0000] {processor.py:925} INFO - DAG(s) 'dataset_s3_bucket_producer', 'dataset_alias_example_alias_consumer', 'dataset_s3_bucket_consumer', 'dataset_alias_example_alias_producer' retrieved from /home/airflow/.local/lib/python3.12/site-packages/airflow/example_dags/example_dataset_alias.py
[2024-11-20T14:29:09.589+0000] {logging_mixin.py:190} INFO - [2024-11-20T14:29:09.588+0000] {dag.py:3239} INFO - Sync 4 DAGs
[2024-11-20T14:29:09.631+0000] {logging_mixin.py:190} INFO - [2024-11-20T14:29:09.630+0000] {dag.py:4180} INFO - Setting next_dagrun for dataset_alias_example_alias_consumer to None, run_after=None
[2024-11-20T14:29:09.637+0000] {logging_mixin.py:190} INFO - [2024-11-20T14:29:09.636+0000] {dag.py:4180} INFO - Setting next_dagrun for dataset_alias_example_alias_producer to None, run_after=None
[2024-11-20T14:29:09.642+0000] {logging_mixin.py:190} INFO - [2024-11-20T14:29:09.642+0000] {dag.py:4180} INFO - Setting next_dagrun for dataset_s3_bucket_consumer to None, run_after=None
[2024-11-20T14:29:09.647+0000] {logging_mixin.py:190} INFO - [2024-11-20T14:29:09.646+0000] {dag.py:4180} INFO - Setting next_dagrun for dataset_s3_bucket_producer to None, run_after=None
[2024-11-20T14:29:09.707+0000] {processor.py:208} INFO - Processing /home/airflow/.local/lib/python3.12/site-packages/airflow/example_dags/example_dataset_alias.py took 1.171 seconds
[2024-11-20T14:29:40.361+0000] {processor.py:186} INFO - Started process (PID=1612) to work on /home/airflow/.local/lib/python3.12/site-packages/airflow/example_dags/example_dataset_alias.py
[2024-11-20T14:29:40.363+0000] {processor.py:914} INFO - Processing file /home/airflow/.local/lib/python3.12/site-packages/airflow/example_dags/example_dataset_alias.py for tasks to queue
[2024-11-20T14:29:40.368+0000] {logging_mixin.py:190} INFO - [2024-11-20T14:29:40.367+0000] {dagbag.py:588} INFO - Filling up the DagBag from /home/airflow/.local/lib/python3.12/site-packages/airflow/example_dags/example_dataset_alias.py
[2024-11-20T14:29:41.298+0000] {processor.py:925} INFO - DAG(s) 'dataset_alias_example_alias_consumer', 'dataset_s3_bucket_producer', 'dataset_s3_bucket_consumer', 'dataset_alias_example_alias_producer' retrieved from /home/airflow/.local/lib/python3.12/site-packages/airflow/example_dags/example_dataset_alias.py
[2024-11-20T14:29:41.361+0000] {logging_mixin.py:190} INFO - [2024-11-20T14:29:41.359+0000] {dag.py:3239} INFO - Sync 4 DAGs
[2024-11-20T14:29:41.417+0000] {logging_mixin.py:190} INFO - [2024-11-20T14:29:41.417+0000] {dag.py:4180} INFO - Setting next_dagrun for dataset_alias_example_alias_consumer to None, run_after=None
[2024-11-20T14:29:41.424+0000] {logging_mixin.py:190} INFO - [2024-11-20T14:29:41.423+0000] {dag.py:4180} INFO - Setting next_dagrun for dataset_alias_example_alias_producer to None, run_after=None
[2024-11-20T14:29:41.427+0000] {logging_mixin.py:190} INFO - [2024-11-20T14:29:41.427+0000] {dag.py:4180} INFO - Setting next_dagrun for dataset_s3_bucket_consumer to None, run_after=None
[2024-11-20T14:29:41.430+0000] {logging_mixin.py:190} INFO - [2024-11-20T14:29:41.429+0000] {dag.py:4180} INFO - Setting next_dagrun for dataset_s3_bucket_producer to None, run_after=None
[2024-11-20T14:29:41.485+0000] {processor.py:208} INFO - Processing /home/airflow/.local/lib/python3.12/site-packages/airflow/example_dags/example_dataset_alias.py took 1.137 seconds
[2024-11-20T14:30:11.928+0000] {processor.py:186} INFO - Started process (PID=1682) to work on /home/airflow/.local/lib/python3.12/site-packages/airflow/example_dags/example_dataset_alias.py
[2024-11-20T14:30:11.935+0000] {processor.py:914} INFO - Processing file /home/airflow/.local/lib/python3.12/site-packages/airflow/example_dags/example_dataset_alias.py for tasks to queue
[2024-11-20T14:30:11.949+0000] {logging_mixin.py:190} INFO - [2024-11-20T14:30:11.942+0000] {dagbag.py:588} INFO - Filling up the DagBag from /home/airflow/.local/lib/python3.12/site-packages/airflow/example_dags/example_dataset_alias.py
[2024-11-20T14:30:13.643+0000] {processor.py:925} INFO - DAG(s) 'dataset_alias_example_alias_producer', 'dataset_alias_example_alias_consumer', 'dataset_s3_bucket_consumer', 'dataset_s3_bucket_producer' retrieved from /home/airflow/.local/lib/python3.12/site-packages/airflow/example_dags/example_dataset_alias.py
[2024-11-20T14:30:13.706+0000] {logging_mixin.py:190} INFO - [2024-11-20T14:30:13.705+0000] {dag.py:3239} INFO - Sync 4 DAGs
[2024-11-20T14:30:13.775+0000] {logging_mixin.py:190} INFO - [2024-11-20T14:30:13.774+0000] {dag.py:4180} INFO - Setting next_dagrun for dataset_alias_example_alias_consumer to None, run_after=None
[2024-11-20T14:30:13.782+0000] {logging_mixin.py:190} INFO - [2024-11-20T14:30:13.781+0000] {dag.py:4180} INFO - Setting next_dagrun for dataset_alias_example_alias_producer to None, run_after=None
[2024-11-20T14:30:13.786+0000] {logging_mixin.py:190} INFO - [2024-11-20T14:30:13.786+0000] {dag.py:4180} INFO - Setting next_dagrun for dataset_s3_bucket_consumer to None, run_after=None
[2024-11-20T14:30:13.792+0000] {logging_mixin.py:190} INFO - [2024-11-20T14:30:13.791+0000] {dag.py:4180} INFO - Setting next_dagrun for dataset_s3_bucket_producer to None, run_after=None
[2024-11-20T14:30:13.851+0000] {processor.py:208} INFO - Processing /home/airflow/.local/lib/python3.12/site-packages/airflow/example_dags/example_dataset_alias.py took 1.978 seconds
[2024-11-20T14:30:44.869+0000] {processor.py:186} INFO - Started process (PID=1745) to work on /home/airflow/.local/lib/python3.12/site-packages/airflow/example_dags/example_dataset_alias.py
[2024-11-20T14:30:44.873+0000] {processor.py:914} INFO - Processing file /home/airflow/.local/lib/python3.12/site-packages/airflow/example_dags/example_dataset_alias.py for tasks to queue
[2024-11-20T14:30:44.882+0000] {logging_mixin.py:190} INFO - [2024-11-20T14:30:44.881+0000] {dagbag.py:588} INFO - Filling up the DagBag from /home/airflow/.local/lib/python3.12/site-packages/airflow/example_dags/example_dataset_alias.py
[2024-11-20T14:30:46.687+0000] {processor.py:925} INFO - DAG(s) 'dataset_s3_bucket_producer', 'dataset_s3_bucket_consumer', 'dataset_alias_example_alias_consumer', 'dataset_alias_example_alias_producer' retrieved from /home/airflow/.local/lib/python3.12/site-packages/airflow/example_dags/example_dataset_alias.py
[2024-11-20T14:30:46.754+0000] {logging_mixin.py:190} INFO - [2024-11-20T14:30:46.753+0000] {dag.py:3239} INFO - Sync 4 DAGs
[2024-11-20T14:30:46.852+0000] {logging_mixin.py:190} INFO - [2024-11-20T14:30:46.852+0000] {dag.py:4180} INFO - Setting next_dagrun for dataset_alias_example_alias_consumer to None, run_after=None
[2024-11-20T14:30:46.859+0000] {logging_mixin.py:190} INFO - [2024-11-20T14:30:46.859+0000] {dag.py:4180} INFO - Setting next_dagrun for dataset_alias_example_alias_producer to None, run_after=None
[2024-11-20T14:30:46.866+0000] {logging_mixin.py:190} INFO - [2024-11-20T14:30:46.866+0000] {dag.py:4180} INFO - Setting next_dagrun for dataset_s3_bucket_consumer to None, run_after=None
[2024-11-20T14:30:46.870+0000] {logging_mixin.py:190} INFO - [2024-11-20T14:30:46.869+0000] {dag.py:4180} INFO - Setting next_dagrun for dataset_s3_bucket_producer to None, run_after=None
[2024-11-20T14:30:46.982+0000] {processor.py:208} INFO - Processing /home/airflow/.local/lib/python3.12/site-packages/airflow/example_dags/example_dataset_alias.py took 2.131 seconds
[2024-11-20T14:31:17.757+0000] {processor.py:186} INFO - Started process (PID=1808) to work on /home/airflow/.local/lib/python3.12/site-packages/airflow/example_dags/example_dataset_alias.py
[2024-11-20T14:31:17.760+0000] {processor.py:914} INFO - Processing file /home/airflow/.local/lib/python3.12/site-packages/airflow/example_dags/example_dataset_alias.py for tasks to queue
[2024-11-20T14:31:17.766+0000] {logging_mixin.py:190} INFO - [2024-11-20T14:31:17.764+0000] {dagbag.py:588} INFO - Filling up the DagBag from /home/airflow/.local/lib/python3.12/site-packages/airflow/example_dags/example_dataset_alias.py
[2024-11-20T14:31:19.409+0000] {processor.py:925} INFO - DAG(s) 'dataset_s3_bucket_producer', 'dataset_alias_example_alias_producer', 'dataset_s3_bucket_consumer', 'dataset_alias_example_alias_consumer' retrieved from /home/airflow/.local/lib/python3.12/site-packages/airflow/example_dags/example_dataset_alias.py
[2024-11-20T14:31:19.511+0000] {logging_mixin.py:190} INFO - [2024-11-20T14:31:19.507+0000] {dag.py:3239} INFO - Sync 4 DAGs
[2024-11-20T14:31:19.672+0000] {logging_mixin.py:190} INFO - [2024-11-20T14:31:19.670+0000] {dag.py:4180} INFO - Setting next_dagrun for dataset_alias_example_alias_consumer to None, run_after=None
[2024-11-20T14:31:19.684+0000] {logging_mixin.py:190} INFO - [2024-11-20T14:31:19.684+0000] {dag.py:4180} INFO - Setting next_dagrun for dataset_alias_example_alias_producer to None, run_after=None
[2024-11-20T14:31:19.700+0000] {logging_mixin.py:190} INFO - [2024-11-20T14:31:19.700+0000] {dag.py:4180} INFO - Setting next_dagrun for dataset_s3_bucket_consumer to None, run_after=None
[2024-11-20T14:31:19.706+0000] {logging_mixin.py:190} INFO - [2024-11-20T14:31:19.706+0000] {dag.py:4180} INFO - Setting next_dagrun for dataset_s3_bucket_producer to None, run_after=None
[2024-11-20T14:31:19.792+0000] {processor.py:208} INFO - Processing /home/airflow/.local/lib/python3.12/site-packages/airflow/example_dags/example_dataset_alias.py took 2.049 seconds
[2024-11-20T14:31:50.164+0000] {processor.py:186} INFO - Started process (PID=1871) to work on /home/airflow/.local/lib/python3.12/site-packages/airflow/example_dags/example_dataset_alias.py
[2024-11-20T14:31:50.167+0000] {processor.py:914} INFO - Processing file /home/airflow/.local/lib/python3.12/site-packages/airflow/example_dags/example_dataset_alias.py for tasks to queue
[2024-11-20T14:31:50.171+0000] {logging_mixin.py:190} INFO - [2024-11-20T14:31:50.171+0000] {dagbag.py:588} INFO - Filling up the DagBag from /home/airflow/.local/lib/python3.12/site-packages/airflow/example_dags/example_dataset_alias.py
[2024-11-20T14:31:51.353+0000] {processor.py:925} INFO - DAG(s) 'dataset_s3_bucket_producer', 'dataset_alias_example_alias_producer', 'dataset_alias_example_alias_consumer', 'dataset_s3_bucket_consumer' retrieved from /home/airflow/.local/lib/python3.12/site-packages/airflow/example_dags/example_dataset_alias.py
[2024-11-20T14:31:51.410+0000] {logging_mixin.py:190} INFO - [2024-11-20T14:31:51.409+0000] {dag.py:3239} INFO - Sync 4 DAGs
[2024-11-20T14:31:51.465+0000] {logging_mixin.py:190} INFO - [2024-11-20T14:31:51.465+0000] {dag.py:4180} INFO - Setting next_dagrun for dataset_alias_example_alias_consumer to None, run_after=None
[2024-11-20T14:31:51.470+0000] {logging_mixin.py:190} INFO - [2024-11-20T14:31:51.470+0000] {dag.py:4180} INFO - Setting next_dagrun for dataset_alias_example_alias_producer to None, run_after=None
[2024-11-20T14:31:51.476+0000] {logging_mixin.py:190} INFO - [2024-11-20T14:31:51.476+0000] {dag.py:4180} INFO - Setting next_dagrun for dataset_s3_bucket_consumer to None, run_after=None
[2024-11-20T14:31:51.480+0000] {logging_mixin.py:190} INFO - [2024-11-20T14:31:51.479+0000] {dag.py:4180} INFO - Setting next_dagrun for dataset_s3_bucket_producer to None, run_after=None
[2024-11-20T14:31:51.541+0000] {processor.py:208} INFO - Processing /home/airflow/.local/lib/python3.12/site-packages/airflow/example_dags/example_dataset_alias.py took 1.391 seconds
[2024-11-20T14:32:21.845+0000] {processor.py:186} INFO - Started process (PID=1935) to work on /home/airflow/.local/lib/python3.12/site-packages/airflow/example_dags/example_dataset_alias.py
[2024-11-20T14:32:21.847+0000] {processor.py:914} INFO - Processing file /home/airflow/.local/lib/python3.12/site-packages/airflow/example_dags/example_dataset_alias.py for tasks to queue
[2024-11-20T14:32:21.851+0000] {logging_mixin.py:190} INFO - [2024-11-20T14:32:21.850+0000] {dagbag.py:588} INFO - Filling up the DagBag from /home/airflow/.local/lib/python3.12/site-packages/airflow/example_dags/example_dataset_alias.py
[2024-11-20T14:32:22.757+0000] {processor.py:925} INFO - DAG(s) 'dataset_alias_example_alias_consumer', 'dataset_alias_example_alias_producer', 'dataset_s3_bucket_consumer', 'dataset_s3_bucket_producer' retrieved from /home/airflow/.local/lib/python3.12/site-packages/airflow/example_dags/example_dataset_alias.py
[2024-11-20T14:32:22.793+0000] {logging_mixin.py:190} INFO - [2024-11-20T14:32:22.792+0000] {dag.py:3239} INFO - Sync 4 DAGs
[2024-11-20T14:32:22.847+0000] {logging_mixin.py:190} INFO - [2024-11-20T14:32:22.846+0000] {dag.py:4180} INFO - Setting next_dagrun for dataset_alias_example_alias_consumer to None, run_after=None
[2024-11-20T14:32:22.852+0000] {logging_mixin.py:190} INFO - [2024-11-20T14:32:22.852+0000] {dag.py:4180} INFO - Setting next_dagrun for dataset_alias_example_alias_producer to None, run_after=None
[2024-11-20T14:32:22.859+0000] {logging_mixin.py:190} INFO - [2024-11-20T14:32:22.859+0000] {dag.py:4180} INFO - Setting next_dagrun for dataset_s3_bucket_consumer to None, run_after=None
[2024-11-20T14:32:22.863+0000] {logging_mixin.py:190} INFO - [2024-11-20T14:32:22.862+0000] {dag.py:4180} INFO - Setting next_dagrun for dataset_s3_bucket_producer to None, run_after=None
[2024-11-20T14:32:22.898+0000] {processor.py:208} INFO - Processing /home/airflow/.local/lib/python3.12/site-packages/airflow/example_dags/example_dataset_alias.py took 1.065 seconds
[2024-11-20T14:32:53.102+0000] {processor.py:186} INFO - Started process (PID=1998) to work on /home/airflow/.local/lib/python3.12/site-packages/airflow/example_dags/example_dataset_alias.py
[2024-11-20T14:32:53.104+0000] {processor.py:914} INFO - Processing file /home/airflow/.local/lib/python3.12/site-packages/airflow/example_dags/example_dataset_alias.py for tasks to queue
[2024-11-20T14:32:53.108+0000] {logging_mixin.py:190} INFO - [2024-11-20T14:32:53.107+0000] {dagbag.py:588} INFO - Filling up the DagBag from /home/airflow/.local/lib/python3.12/site-packages/airflow/example_dags/example_dataset_alias.py
[2024-11-20T14:32:54.064+0000] {processor.py:925} INFO - DAG(s) 'dataset_alias_example_alias_producer', 'dataset_s3_bucket_consumer', 'dataset_s3_bucket_producer', 'dataset_alias_example_alias_consumer' retrieved from /home/airflow/.local/lib/python3.12/site-packages/airflow/example_dags/example_dataset_alias.py
[2024-11-20T14:32:54.115+0000] {logging_mixin.py:190} INFO - [2024-11-20T14:32:54.113+0000] {dag.py:3239} INFO - Sync 4 DAGs
[2024-11-20T14:32:54.161+0000] {logging_mixin.py:190} INFO - [2024-11-20T14:32:54.161+0000] {dag.py:4180} INFO - Setting next_dagrun for dataset_alias_example_alias_consumer to None, run_after=None
[2024-11-20T14:32:54.166+0000] {logging_mixin.py:190} INFO - [2024-11-20T14:32:54.166+0000] {dag.py:4180} INFO - Setting next_dagrun for dataset_alias_example_alias_producer to None, run_after=None
[2024-11-20T14:32:54.170+0000] {logging_mixin.py:190} INFO - [2024-11-20T14:32:54.170+0000] {dag.py:4180} INFO - Setting next_dagrun for dataset_s3_bucket_consumer to None, run_after=None
[2024-11-20T14:32:54.173+0000] {logging_mixin.py:190} INFO - [2024-11-20T14:32:54.172+0000] {dag.py:4180} INFO - Setting next_dagrun for dataset_s3_bucket_producer to None, run_after=None
[2024-11-20T14:32:54.217+0000] {processor.py:208} INFO - Processing /home/airflow/.local/lib/python3.12/site-packages/airflow/example_dags/example_dataset_alias.py took 1.132 seconds
[2024-11-20T14:33:24.432+0000] {processor.py:186} INFO - Started process (PID=2061) to work on /home/airflow/.local/lib/python3.12/site-packages/airflow/example_dags/example_dataset_alias.py
[2024-11-20T14:33:24.433+0000] {processor.py:914} INFO - Processing file /home/airflow/.local/lib/python3.12/site-packages/airflow/example_dags/example_dataset_alias.py for tasks to queue
[2024-11-20T14:33:24.438+0000] {logging_mixin.py:190} INFO - [2024-11-20T14:33:24.438+0000] {dagbag.py:588} INFO - Filling up the DagBag from /home/airflow/.local/lib/python3.12/site-packages/airflow/example_dags/example_dataset_alias.py
[2024-11-20T14:33:25.591+0000] {processor.py:925} INFO - DAG(s) 'dataset_s3_bucket_producer', 'dataset_alias_example_alias_consumer', 'dataset_s3_bucket_consumer', 'dataset_alias_example_alias_producer' retrieved from /home/airflow/.local/lib/python3.12/site-packages/airflow/example_dags/example_dataset_alias.py
[2024-11-20T14:33:25.631+0000] {logging_mixin.py:190} INFO - [2024-11-20T14:33:25.629+0000] {dag.py:3239} INFO - Sync 4 DAGs
[2024-11-20T14:33:25.676+0000] {logging_mixin.py:190} INFO - [2024-11-20T14:33:25.676+0000] {dag.py:4180} INFO - Setting next_dagrun for dataset_alias_example_alias_consumer to None, run_after=None
[2024-11-20T14:33:25.681+0000] {logging_mixin.py:190} INFO - [2024-11-20T14:33:25.680+0000] {dag.py:4180} INFO - Setting next_dagrun for dataset_alias_example_alias_producer to None, run_after=None
[2024-11-20T14:33:25.683+0000] {logging_mixin.py:190} INFO - [2024-11-20T14:33:25.683+0000] {dag.py:4180} INFO - Setting next_dagrun for dataset_s3_bucket_consumer to None, run_after=None
[2024-11-20T14:33:25.686+0000] {logging_mixin.py:190} INFO - [2024-11-20T14:33:25.685+0000] {dag.py:4180} INFO - Setting next_dagrun for dataset_s3_bucket_producer to None, run_after=None
[2024-11-20T14:33:25.722+0000] {processor.py:208} INFO - Processing /home/airflow/.local/lib/python3.12/site-packages/airflow/example_dags/example_dataset_alias.py took 1.304 seconds
[2024-11-20T14:33:56.534+0000] {processor.py:186} INFO - Started process (PID=2128) to work on /home/airflow/.local/lib/python3.12/site-packages/airflow/example_dags/example_dataset_alias.py
[2024-11-20T14:33:56.535+0000] {processor.py:914} INFO - Processing file /home/airflow/.local/lib/python3.12/site-packages/airflow/example_dags/example_dataset_alias.py for tasks to queue
[2024-11-20T14:33:56.540+0000] {logging_mixin.py:190} INFO - [2024-11-20T14:33:56.540+0000] {dagbag.py:588} INFO - Filling up the DagBag from /home/airflow/.local/lib/python3.12/site-packages/airflow/example_dags/example_dataset_alias.py
[2024-11-20T14:33:57.399+0000] {processor.py:925} INFO - DAG(s) 'dataset_alias_example_alias_consumer', 'dataset_s3_bucket_consumer', 'dataset_s3_bucket_producer', 'dataset_alias_example_alias_producer' retrieved from /home/airflow/.local/lib/python3.12/site-packages/airflow/example_dags/example_dataset_alias.py
[2024-11-20T14:33:57.460+0000] {logging_mixin.py:190} INFO - [2024-11-20T14:33:57.459+0000] {dag.py:3239} INFO - Sync 4 DAGs
[2024-11-20T14:33:57.516+0000] {logging_mixin.py:190} INFO - [2024-11-20T14:33:57.516+0000] {dag.py:4180} INFO - Setting next_dagrun for dataset_alias_example_alias_consumer to None, run_after=None
[2024-11-20T14:33:57.521+0000] {logging_mixin.py:190} INFO - [2024-11-20T14:33:57.521+0000] {dag.py:4180} INFO - Setting next_dagrun for dataset_alias_example_alias_producer to None, run_after=None
[2024-11-20T14:33:57.524+0000] {logging_mixin.py:190} INFO - [2024-11-20T14:33:57.524+0000] {dag.py:4180} INFO - Setting next_dagrun for dataset_s3_bucket_consumer to None, run_after=None
[2024-11-20T14:33:57.527+0000] {logging_mixin.py:190} INFO - [2024-11-20T14:33:57.526+0000] {dag.py:4180} INFO - Setting next_dagrun for dataset_s3_bucket_producer to None, run_after=None
[2024-11-20T14:33:57.574+0000] {processor.py:208} INFO - Processing /home/airflow/.local/lib/python3.12/site-packages/airflow/example_dags/example_dataset_alias.py took 1.054 seconds
[2024-11-20T14:34:28.131+0000] {processor.py:186} INFO - Started process (PID=2193) to work on /home/airflow/.local/lib/python3.12/site-packages/airflow/example_dags/example_dataset_alias.py
[2024-11-20T14:34:28.132+0000] {processor.py:914} INFO - Processing file /home/airflow/.local/lib/python3.12/site-packages/airflow/example_dags/example_dataset_alias.py for tasks to queue
[2024-11-20T14:34:28.136+0000] {logging_mixin.py:190} INFO - [2024-11-20T14:34:28.135+0000] {dagbag.py:588} INFO - Filling up the DagBag from /home/airflow/.local/lib/python3.12/site-packages/airflow/example_dags/example_dataset_alias.py
[2024-11-20T14:34:29.167+0000] {processor.py:925} INFO - DAG(s) 'dataset_alias_example_alias_producer', 'dataset_alias_example_alias_consumer', 'dataset_s3_bucket_producer', 'dataset_s3_bucket_consumer' retrieved from /home/airflow/.local/lib/python3.12/site-packages/airflow/example_dags/example_dataset_alias.py
[2024-11-20T14:34:29.213+0000] {logging_mixin.py:190} INFO - [2024-11-20T14:34:29.212+0000] {dag.py:3239} INFO - Sync 4 DAGs
[2024-11-20T14:34:29.265+0000] {logging_mixin.py:190} INFO - [2024-11-20T14:34:29.264+0000] {dag.py:4180} INFO - Setting next_dagrun for dataset_alias_example_alias_consumer to None, run_after=None
[2024-11-20T14:34:29.270+0000] {logging_mixin.py:190} INFO - [2024-11-20T14:34:29.270+0000] {dag.py:4180} INFO - Setting next_dagrun for dataset_alias_example_alias_producer to None, run_after=None
[2024-11-20T14:34:29.273+0000] {logging_mixin.py:190} INFO - [2024-11-20T14:34:29.273+0000] {dag.py:4180} INFO - Setting next_dagrun for dataset_s3_bucket_consumer to None, run_after=None
[2024-11-20T14:34:29.276+0000] {logging_mixin.py:190} INFO - [2024-11-20T14:34:29.275+0000] {dag.py:4180} INFO - Setting next_dagrun for dataset_s3_bucket_producer to None, run_after=None
[2024-11-20T14:34:29.317+0000] {processor.py:208} INFO - Processing /home/airflow/.local/lib/python3.12/site-packages/airflow/example_dags/example_dataset_alias.py took 1.197 seconds
[2024-11-20T14:34:59.798+0000] {processor.py:186} INFO - Started process (PID=2258) to work on /home/airflow/.local/lib/python3.12/site-packages/airflow/example_dags/example_dataset_alias.py
[2024-11-20T14:34:59.800+0000] {processor.py:914} INFO - Processing file /home/airflow/.local/lib/python3.12/site-packages/airflow/example_dags/example_dataset_alias.py for tasks to queue
[2024-11-20T14:34:59.804+0000] {logging_mixin.py:190} INFO - [2024-11-20T14:34:59.803+0000] {dagbag.py:588} INFO - Filling up the DagBag from /home/airflow/.local/lib/python3.12/site-packages/airflow/example_dags/example_dataset_alias.py
[2024-11-20T14:35:00.990+0000] {processor.py:925} INFO - DAG(s) 'dataset_alias_example_alias_producer', 'dataset_s3_bucket_consumer', 'dataset_alias_example_alias_consumer', 'dataset_s3_bucket_producer' retrieved from /home/airflow/.local/lib/python3.12/site-packages/airflow/example_dags/example_dataset_alias.py
[2024-11-20T14:35:01.040+0000] {logging_mixin.py:190} INFO - [2024-11-20T14:35:01.039+0000] {dag.py:3239} INFO - Sync 4 DAGs
[2024-11-20T14:35:01.087+0000] {logging_mixin.py:190} INFO - [2024-11-20T14:35:01.087+0000] {dag.py:4180} INFO - Setting next_dagrun for dataset_alias_example_alias_consumer to None, run_after=None
[2024-11-20T14:35:01.092+0000] {logging_mixin.py:190} INFO - [2024-11-20T14:35:01.092+0000] {dag.py:4180} INFO - Setting next_dagrun for dataset_alias_example_alias_producer to None, run_after=None
[2024-11-20T14:35:01.097+0000] {logging_mixin.py:190} INFO - [2024-11-20T14:35:01.097+0000] {dag.py:4180} INFO - Setting next_dagrun for dataset_s3_bucket_consumer to None, run_after=None
[2024-11-20T14:35:01.100+0000] {logging_mixin.py:190} INFO - [2024-11-20T14:35:01.100+0000] {dag.py:4180} INFO - Setting next_dagrun for dataset_s3_bucket_producer to None, run_after=None
[2024-11-20T14:35:01.140+0000] {processor.py:208} INFO - Processing /home/airflow/.local/lib/python3.12/site-packages/airflow/example_dags/example_dataset_alias.py took 1.351 seconds
[2024-11-20T14:35:31.885+0000] {processor.py:186} INFO - Started process (PID=2324) to work on /home/airflow/.local/lib/python3.12/site-packages/airflow/example_dags/example_dataset_alias.py
[2024-11-20T14:35:31.887+0000] {processor.py:914} INFO - Processing file /home/airflow/.local/lib/python3.12/site-packages/airflow/example_dags/example_dataset_alias.py for tasks to queue
[2024-11-20T14:35:31.894+0000] {logging_mixin.py:190} INFO - [2024-11-20T14:35:31.893+0000] {dagbag.py:588} INFO - Filling up the DagBag from /home/airflow/.local/lib/python3.12/site-packages/airflow/example_dags/example_dataset_alias.py
[2024-11-20T14:35:33.230+0000] {processor.py:925} INFO - DAG(s) 'dataset_alias_example_alias_producer', 'dataset_s3_bucket_producer', 'dataset_alias_example_alias_consumer', 'dataset_s3_bucket_consumer' retrieved from /home/airflow/.local/lib/python3.12/site-packages/airflow/example_dags/example_dataset_alias.py
[2024-11-20T14:35:33.275+0000] {logging_mixin.py:190} INFO - [2024-11-20T14:35:33.274+0000] {dag.py:3239} INFO - Sync 4 DAGs
[2024-11-20T14:35:33.318+0000] {logging_mixin.py:190} INFO - [2024-11-20T14:35:33.317+0000] {dag.py:4180} INFO - Setting next_dagrun for dataset_alias_example_alias_consumer to None, run_after=None
[2024-11-20T14:35:33.321+0000] {logging_mixin.py:190} INFO - [2024-11-20T14:35:33.321+0000] {dag.py:4180} INFO - Setting next_dagrun for dataset_alias_example_alias_producer to None, run_after=None
[2024-11-20T14:35:33.324+0000] {logging_mixin.py:190} INFO - [2024-11-20T14:35:33.324+0000] {dag.py:4180} INFO - Setting next_dagrun for dataset_s3_bucket_consumer to None, run_after=None
[2024-11-20T14:35:33.327+0000] {logging_mixin.py:190} INFO - [2024-11-20T14:35:33.327+0000] {dag.py:4180} INFO - Setting next_dagrun for dataset_s3_bucket_producer to None, run_after=None
[2024-11-20T14:35:33.366+0000] {processor.py:208} INFO - Processing /home/airflow/.local/lib/python3.12/site-packages/airflow/example_dags/example_dataset_alias.py took 1.498 seconds
[2024-11-20T14:36:04.162+0000] {processor.py:186} INFO - Started process (PID=2392) to work on /home/airflow/.local/lib/python3.12/site-packages/airflow/example_dags/example_dataset_alias.py
[2024-11-20T14:36:04.164+0000] {processor.py:914} INFO - Processing file /home/airflow/.local/lib/python3.12/site-packages/airflow/example_dags/example_dataset_alias.py for tasks to queue
[2024-11-20T14:36:04.172+0000] {logging_mixin.py:190} INFO - [2024-11-20T14:36:04.170+0000] {dagbag.py:588} INFO - Filling up the DagBag from /home/airflow/.local/lib/python3.12/site-packages/airflow/example_dags/example_dataset_alias.py
[2024-11-20T14:36:05.235+0000] {processor.py:925} INFO - DAG(s) 'dataset_alias_example_alias_producer', 'dataset_s3_bucket_consumer', 'dataset_alias_example_alias_consumer', 'dataset_s3_bucket_producer' retrieved from /home/airflow/.local/lib/python3.12/site-packages/airflow/example_dags/example_dataset_alias.py
[2024-11-20T14:36:05.273+0000] {logging_mixin.py:190} INFO - [2024-11-20T14:36:05.272+0000] {dag.py:3239} INFO - Sync 4 DAGs
[2024-11-20T14:36:05.323+0000] {logging_mixin.py:190} INFO - [2024-11-20T14:36:05.322+0000] {dag.py:4180} INFO - Setting next_dagrun for dataset_alias_example_alias_consumer to None, run_after=None
[2024-11-20T14:36:05.328+0000] {logging_mixin.py:190} INFO - [2024-11-20T14:36:05.328+0000] {dag.py:4180} INFO - Setting next_dagrun for dataset_alias_example_alias_producer to None, run_after=None
[2024-11-20T14:36:05.331+0000] {logging_mixin.py:190} INFO - [2024-11-20T14:36:05.331+0000] {dag.py:4180} INFO - Setting next_dagrun for dataset_s3_bucket_consumer to None, run_after=None
[2024-11-20T14:36:05.334+0000] {logging_mixin.py:190} INFO - [2024-11-20T14:36:05.334+0000] {dag.py:4180} INFO - Setting next_dagrun for dataset_s3_bucket_producer to None, run_after=None
[2024-11-20T14:36:05.379+0000] {processor.py:208} INFO - Processing /home/airflow/.local/lib/python3.12/site-packages/airflow/example_dags/example_dataset_alias.py took 1.231 seconds
[2024-11-20T14:36:35.632+0000] {processor.py:186} INFO - Started process (PID=2456) to work on /home/airflow/.local/lib/python3.12/site-packages/airflow/example_dags/example_dataset_alias.py
[2024-11-20T14:36:35.634+0000] {processor.py:914} INFO - Processing file /home/airflow/.local/lib/python3.12/site-packages/airflow/example_dags/example_dataset_alias.py for tasks to queue
[2024-11-20T14:36:35.641+0000] {logging_mixin.py:190} INFO - [2024-11-20T14:36:35.640+0000] {dagbag.py:588} INFO - Filling up the DagBag from /home/airflow/.local/lib/python3.12/site-packages/airflow/example_dags/example_dataset_alias.py
[2024-11-20T14:36:36.572+0000] {processor.py:925} INFO - DAG(s) 'dataset_alias_example_alias_producer', 'dataset_s3_bucket_producer', 'dataset_alias_example_alias_consumer', 'dataset_s3_bucket_consumer' retrieved from /home/airflow/.local/lib/python3.12/site-packages/airflow/example_dags/example_dataset_alias.py
[2024-11-20T14:36:36.620+0000] {logging_mixin.py:190} INFO - [2024-11-20T14:36:36.619+0000] {dag.py:3239} INFO - Sync 4 DAGs
[2024-11-20T14:36:36.673+0000] {logging_mixin.py:190} INFO - [2024-11-20T14:36:36.672+0000] {dag.py:4180} INFO - Setting next_dagrun for dataset_alias_example_alias_consumer to None, run_after=None
[2024-11-20T14:36:36.679+0000] {logging_mixin.py:190} INFO - [2024-11-20T14:36:36.678+0000] {dag.py:4180} INFO - Setting next_dagrun for dataset_alias_example_alias_producer to None, run_after=None
[2024-11-20T14:36:36.681+0000] {logging_mixin.py:190} INFO - [2024-11-20T14:36:36.681+0000] {dag.py:4180} INFO - Setting next_dagrun for dataset_s3_bucket_consumer to None, run_after=None
[2024-11-20T14:36:36.683+0000] {logging_mixin.py:190} INFO - [2024-11-20T14:36:36.683+0000] {dag.py:4180} INFO - Setting next_dagrun for dataset_s3_bucket_producer to None, run_after=None
[2024-11-20T14:36:36.723+0000] {processor.py:208} INFO - Processing /home/airflow/.local/lib/python3.12/site-packages/airflow/example_dags/example_dataset_alias.py took 1.110 seconds
[2024-11-20T14:37:07.439+0000] {processor.py:186} INFO - Started process (PID=2519) to work on /home/airflow/.local/lib/python3.12/site-packages/airflow/example_dags/example_dataset_alias.py
[2024-11-20T14:37:07.443+0000] {processor.py:914} INFO - Processing file /home/airflow/.local/lib/python3.12/site-packages/airflow/example_dags/example_dataset_alias.py for tasks to queue
[2024-11-20T14:37:07.457+0000] {logging_mixin.py:190} INFO - [2024-11-20T14:37:07.456+0000] {dagbag.py:588} INFO - Filling up the DagBag from /home/airflow/.local/lib/python3.12/site-packages/airflow/example_dags/example_dataset_alias.py
[2024-11-20T14:37:09.241+0000] {processor.py:925} INFO - DAG(s) 'dataset_alias_example_alias_producer', 'dataset_s3_bucket_consumer', 'dataset_s3_bucket_producer', 'dataset_alias_example_alias_consumer' retrieved from /home/airflow/.local/lib/python3.12/site-packages/airflow/example_dags/example_dataset_alias.py
[2024-11-20T14:37:09.294+0000] {logging_mixin.py:190} INFO - [2024-11-20T14:37:09.293+0000] {dag.py:3239} INFO - Sync 4 DAGs
[2024-11-20T14:37:09.358+0000] {logging_mixin.py:190} INFO - [2024-11-20T14:37:09.358+0000] {dag.py:4180} INFO - Setting next_dagrun for dataset_alias_example_alias_consumer to None, run_after=None
[2024-11-20T14:37:09.370+0000] {logging_mixin.py:190} INFO - [2024-11-20T14:37:09.370+0000] {dag.py:4180} INFO - Setting next_dagrun for dataset_alias_example_alias_producer to None, run_after=None
[2024-11-20T14:37:09.377+0000] {logging_mixin.py:190} INFO - [2024-11-20T14:37:09.375+0000] {dag.py:4180} INFO - Setting next_dagrun for dataset_s3_bucket_consumer to None, run_after=None
[2024-11-20T14:37:09.382+0000] {logging_mixin.py:190} INFO - [2024-11-20T14:37:09.381+0000] {dag.py:4180} INFO - Setting next_dagrun for dataset_s3_bucket_producer to None, run_after=None
[2024-11-20T14:37:09.439+0000] {processor.py:208} INFO - Processing /home/airflow/.local/lib/python3.12/site-packages/airflow/example_dags/example_dataset_alias.py took 2.020 seconds
[2024-11-20T14:37:39.609+0000] {processor.py:186} INFO - Started process (PID=2583) to work on /home/airflow/.local/lib/python3.12/site-packages/airflow/example_dags/example_dataset_alias.py
[2024-11-20T14:37:39.613+0000] {processor.py:914} INFO - Processing file /home/airflow/.local/lib/python3.12/site-packages/airflow/example_dags/example_dataset_alias.py for tasks to queue
[2024-11-20T14:37:39.621+0000] {logging_mixin.py:190} INFO - [2024-11-20T14:37:39.620+0000] {dagbag.py:588} INFO - Filling up the DagBag from /home/airflow/.local/lib/python3.12/site-packages/airflow/example_dags/example_dataset_alias.py
[2024-11-20T14:37:40.779+0000] {processor.py:925} INFO - DAG(s) 'dataset_alias_example_alias_consumer', 'dataset_s3_bucket_consumer', 'dataset_s3_bucket_producer', 'dataset_alias_example_alias_producer' retrieved from /home/airflow/.local/lib/python3.12/site-packages/airflow/example_dags/example_dataset_alias.py
[2024-11-20T14:37:40.831+0000] {logging_mixin.py:190} INFO - [2024-11-20T14:37:40.830+0000] {dag.py:3239} INFO - Sync 4 DAGs
[2024-11-20T14:37:40.900+0000] {logging_mixin.py:190} INFO - [2024-11-20T14:37:40.900+0000] {dag.py:4180} INFO - Setting next_dagrun for dataset_alias_example_alias_consumer to None, run_after=None
[2024-11-20T14:37:40.908+0000] {logging_mixin.py:190} INFO - [2024-11-20T14:37:40.906+0000] {dag.py:4180} INFO - Setting next_dagrun for dataset_alias_example_alias_producer to None, run_after=None
[2024-11-20T14:37:40.914+0000] {logging_mixin.py:190} INFO - [2024-11-20T14:37:40.914+0000] {dag.py:4180} INFO - Setting next_dagrun for dataset_s3_bucket_consumer to None, run_after=None
[2024-11-20T14:37:40.917+0000] {logging_mixin.py:190} INFO - [2024-11-20T14:37:40.917+0000] {dag.py:4180} INFO - Setting next_dagrun for dataset_s3_bucket_producer to None, run_after=None
[2024-11-20T14:37:40.986+0000] {processor.py:208} INFO - Processing /home/airflow/.local/lib/python3.12/site-packages/airflow/example_dags/example_dataset_alias.py took 1.400 seconds
[2024-11-20T14:38:11.714+0000] {processor.py:186} INFO - Started process (PID=2645) to work on /home/airflow/.local/lib/python3.12/site-packages/airflow/example_dags/example_dataset_alias.py
[2024-11-20T14:38:11.717+0000] {processor.py:914} INFO - Processing file /home/airflow/.local/lib/python3.12/site-packages/airflow/example_dags/example_dataset_alias.py for tasks to queue
[2024-11-20T14:38:11.726+0000] {logging_mixin.py:190} INFO - [2024-11-20T14:38:11.725+0000] {dagbag.py:588} INFO - Filling up the DagBag from /home/airflow/.local/lib/python3.12/site-packages/airflow/example_dags/example_dataset_alias.py
[2024-11-20T14:38:13.059+0000] {processor.py:925} INFO - DAG(s) 'dataset_s3_bucket_consumer', 'dataset_alias_example_alias_producer', 'dataset_s3_bucket_producer', 'dataset_alias_example_alias_consumer' retrieved from /home/airflow/.local/lib/python3.12/site-packages/airflow/example_dags/example_dataset_alias.py
[2024-11-20T14:38:13.114+0000] {logging_mixin.py:190} INFO - [2024-11-20T14:38:13.112+0000] {dag.py:3239} INFO - Sync 4 DAGs
[2024-11-20T14:38:13.170+0000] {logging_mixin.py:190} INFO - [2024-11-20T14:38:13.169+0000] {dag.py:4180} INFO - Setting next_dagrun for dataset_alias_example_alias_consumer to None, run_after=None
[2024-11-20T14:38:13.176+0000] {logging_mixin.py:190} INFO - [2024-11-20T14:38:13.175+0000] {dag.py:4180} INFO - Setting next_dagrun for dataset_alias_example_alias_producer to None, run_after=None
[2024-11-20T14:38:13.180+0000] {logging_mixin.py:190} INFO - [2024-11-20T14:38:13.179+0000] {dag.py:4180} INFO - Setting next_dagrun for dataset_s3_bucket_consumer to None, run_after=None
[2024-11-20T14:38:13.183+0000] {logging_mixin.py:190} INFO - [2024-11-20T14:38:13.182+0000] {dag.py:4180} INFO - Setting next_dagrun for dataset_s3_bucket_producer to None, run_after=None
[2024-11-20T14:38:13.236+0000] {processor.py:208} INFO - Processing /home/airflow/.local/lib/python3.12/site-packages/airflow/example_dags/example_dataset_alias.py took 1.539 seconds
