[2024-11-20T14:16:23.646+0000] {processor.py:186} INFO - Started process (PID=119) to work on /home/airflow/.local/lib/python3.12/site-packages/airflow/example_dags/example_task_group_decorator.py
[2024-11-20T14:16:23.648+0000] {processor.py:914} INFO - Processing file /home/airflow/.local/lib/python3.12/site-packages/airflow/example_dags/example_task_group_decorator.py for tasks to queue
[2024-11-20T14:16:23.654+0000] {logging_mixin.py:190} INFO - [2024-11-20T14:16:23.653+0000] {dagbag.py:588} INFO - Filling up the DagBag from /home/airflow/.local/lib/python3.12/site-packages/airflow/example_dags/example_task_group_decorator.py
[2024-11-20T14:16:23.696+0000] {processor.py:925} INFO - DAG(s) 'example_task_group_decorator' retrieved from /home/airflow/.local/lib/python3.12/site-packages/airflow/example_dags/example_task_group_decorator.py
[2024-11-20T14:16:24.059+0000] {logging_mixin.py:190} INFO - [2024-11-20T14:16:24.057+0000] {override.py:1911} INFO - Created Permission View: can delete on DAG:example_task_group_decorator
[2024-11-20T14:16:24.165+0000] {logging_mixin.py:190} INFO - [2024-11-20T14:16:24.164+0000] {override.py:1911} INFO - Created Permission View: can read on DAG:example_task_group_decorator
[2024-11-20T14:16:24.261+0000] {logging_mixin.py:190} INFO - [2024-11-20T14:16:24.259+0000] {override.py:1911} INFO - Created Permission View: can edit on DAG:example_task_group_decorator
[2024-11-20T14:16:24.323+0000] {logging_mixin.py:190} INFO - [2024-11-20T14:16:24.322+0000] {override.py:1911} INFO - Created Permission View: can delete on DAG Run:example_task_group_decorator
[2024-11-20T14:16:24.353+0000] {logging_mixin.py:190} INFO - [2024-11-20T14:16:24.352+0000] {override.py:1911} INFO - Created Permission View: menu access on DAG Run:example_task_group_decorator
[2024-11-20T14:16:24.381+0000] {logging_mixin.py:190} INFO - [2024-11-20T14:16:24.380+0000] {override.py:1911} INFO - Created Permission View: can read on DAG Run:example_task_group_decorator
[2024-11-20T14:16:24.404+0000] {logging_mixin.py:190} INFO - [2024-11-20T14:16:24.403+0000] {override.py:1911} INFO - Created Permission View: can create on DAG Run:example_task_group_decorator
[2024-11-20T14:16:24.406+0000] {logging_mixin.py:190} INFO - [2024-11-20T14:16:24.405+0000] {dag.py:3239} INFO - Sync 1 DAGs
[2024-11-20T14:16:24.446+0000] {logging_mixin.py:190} INFO - [2024-11-20T14:16:24.446+0000] {dag.py:3262} INFO - Creating ORM DAG for example_task_group_decorator
[2024-11-20T14:16:24.448+0000] {logging_mixin.py:190} INFO - [2024-11-20T14:16:24.448+0000] {dag.py:4180} INFO - Setting next_dagrun for example_task_group_decorator to None, run_after=None
[2024-11-20T14:16:24.489+0000] {processor.py:208} INFO - Processing /home/airflow/.local/lib/python3.12/site-packages/airflow/example_dags/example_task_group_decorator.py took 0.856 seconds
[2024-11-20T14:16:54.577+0000] {processor.py:186} INFO - Started process (PID=182) to work on /home/airflow/.local/lib/python3.12/site-packages/airflow/example_dags/example_task_group_decorator.py
[2024-11-20T14:16:54.578+0000] {processor.py:914} INFO - Processing file /home/airflow/.local/lib/python3.12/site-packages/airflow/example_dags/example_task_group_decorator.py for tasks to queue
[2024-11-20T14:16:54.582+0000] {logging_mixin.py:190} INFO - [2024-11-20T14:16:54.582+0000] {dagbag.py:588} INFO - Filling up the DagBag from /home/airflow/.local/lib/python3.12/site-packages/airflow/example_dags/example_task_group_decorator.py
[2024-11-20T14:16:54.610+0000] {processor.py:925} INFO - DAG(s) 'example_task_group_decorator' retrieved from /home/airflow/.local/lib/python3.12/site-packages/airflow/example_dags/example_task_group_decorator.py
[2024-11-20T14:16:54.649+0000] {logging_mixin.py:190} INFO - [2024-11-20T14:16:54.649+0000] {dag.py:3239} INFO - Sync 1 DAGs
[2024-11-20T14:16:54.680+0000] {logging_mixin.py:190} INFO - [2024-11-20T14:16:54.679+0000] {dag.py:4180} INFO - Setting next_dagrun for example_task_group_decorator to None, run_after=None
[2024-11-20T14:16:54.727+0000] {processor.py:208} INFO - Processing /home/airflow/.local/lib/python3.12/site-packages/airflow/example_dags/example_task_group_decorator.py took 0.162 seconds
[2024-11-20T14:17:25.253+0000] {processor.py:186} INFO - Started process (PID=245) to work on /home/airflow/.local/lib/python3.12/site-packages/airflow/example_dags/example_task_group_decorator.py
[2024-11-20T14:17:25.255+0000] {processor.py:914} INFO - Processing file /home/airflow/.local/lib/python3.12/site-packages/airflow/example_dags/example_task_group_decorator.py for tasks to queue
[2024-11-20T14:17:25.259+0000] {logging_mixin.py:190} INFO - [2024-11-20T14:17:25.259+0000] {dagbag.py:588} INFO - Filling up the DagBag from /home/airflow/.local/lib/python3.12/site-packages/airflow/example_dags/example_task_group_decorator.py
[2024-11-20T14:17:25.283+0000] {processor.py:925} INFO - DAG(s) 'example_task_group_decorator' retrieved from /home/airflow/.local/lib/python3.12/site-packages/airflow/example_dags/example_task_group_decorator.py
[2024-11-20T14:17:25.324+0000] {logging_mixin.py:190} INFO - [2024-11-20T14:17:25.324+0000] {dag.py:3239} INFO - Sync 1 DAGs
[2024-11-20T14:17:25.346+0000] {logging_mixin.py:190} INFO - [2024-11-20T14:17:25.346+0000] {dag.py:4180} INFO - Setting next_dagrun for example_task_group_decorator to None, run_after=None
[2024-11-20T14:17:25.375+0000] {processor.py:208} INFO - Processing /home/airflow/.local/lib/python3.12/site-packages/airflow/example_dags/example_task_group_decorator.py took 0.133 seconds
[2024-11-20T14:17:55.887+0000] {processor.py:186} INFO - Started process (PID=308) to work on /home/airflow/.local/lib/python3.12/site-packages/airflow/example_dags/example_task_group_decorator.py
[2024-11-20T14:17:55.892+0000] {processor.py:914} INFO - Processing file /home/airflow/.local/lib/python3.12/site-packages/airflow/example_dags/example_task_group_decorator.py for tasks to queue
[2024-11-20T14:17:55.897+0000] {logging_mixin.py:190} INFO - [2024-11-20T14:17:55.896+0000] {dagbag.py:588} INFO - Filling up the DagBag from /home/airflow/.local/lib/python3.12/site-packages/airflow/example_dags/example_task_group_decorator.py
[2024-11-20T14:17:55.928+0000] {processor.py:925} INFO - DAG(s) 'example_task_group_decorator' retrieved from /home/airflow/.local/lib/python3.12/site-packages/airflow/example_dags/example_task_group_decorator.py
[2024-11-20T14:17:55.965+0000] {logging_mixin.py:190} INFO - [2024-11-20T14:17:55.964+0000] {dag.py:3239} INFO - Sync 1 DAGs
[2024-11-20T14:17:55.988+0000] {logging_mixin.py:190} INFO - [2024-11-20T14:17:55.987+0000] {dag.py:4180} INFO - Setting next_dagrun for example_task_group_decorator to None, run_after=None
[2024-11-20T14:17:56.017+0000] {processor.py:208} INFO - Processing /home/airflow/.local/lib/python3.12/site-packages/airflow/example_dags/example_task_group_decorator.py took 0.139 seconds
[2024-11-20T14:18:26.767+0000] {processor.py:186} INFO - Started process (PID=371) to work on /home/airflow/.local/lib/python3.12/site-packages/airflow/example_dags/example_task_group_decorator.py
[2024-11-20T14:18:26.772+0000] {processor.py:914} INFO - Processing file /home/airflow/.local/lib/python3.12/site-packages/airflow/example_dags/example_task_group_decorator.py for tasks to queue
[2024-11-20T14:18:26.776+0000] {logging_mixin.py:190} INFO - [2024-11-20T14:18:26.776+0000] {dagbag.py:588} INFO - Filling up the DagBag from /home/airflow/.local/lib/python3.12/site-packages/airflow/example_dags/example_task_group_decorator.py
[2024-11-20T14:18:26.807+0000] {processor.py:925} INFO - DAG(s) 'example_task_group_decorator' retrieved from /home/airflow/.local/lib/python3.12/site-packages/airflow/example_dags/example_task_group_decorator.py
[2024-11-20T14:18:26.845+0000] {logging_mixin.py:190} INFO - [2024-11-20T14:18:26.845+0000] {dag.py:3239} INFO - Sync 1 DAGs
[2024-11-20T14:18:26.867+0000] {logging_mixin.py:190} INFO - [2024-11-20T14:18:26.867+0000] {dag.py:4180} INFO - Setting next_dagrun for example_task_group_decorator to None, run_after=None
[2024-11-20T14:18:26.897+0000] {processor.py:208} INFO - Processing /home/airflow/.local/lib/python3.12/site-packages/airflow/example_dags/example_task_group_decorator.py took 0.140 seconds
[2024-11-20T14:18:58.830+0000] {processor.py:186} INFO - Started process (PID=434) to work on /home/airflow/.local/lib/python3.12/site-packages/airflow/example_dags/example_task_group_decorator.py
[2024-11-20T14:18:58.832+0000] {processor.py:914} INFO - Processing file /home/airflow/.local/lib/python3.12/site-packages/airflow/example_dags/example_task_group_decorator.py for tasks to queue
[2024-11-20T14:18:58.838+0000] {logging_mixin.py:190} INFO - [2024-11-20T14:18:58.837+0000] {dagbag.py:588} INFO - Filling up the DagBag from /home/airflow/.local/lib/python3.12/site-packages/airflow/example_dags/example_task_group_decorator.py
[2024-11-20T14:18:58.896+0000] {processor.py:925} INFO - DAG(s) 'example_task_group_decorator' retrieved from /home/airflow/.local/lib/python3.12/site-packages/airflow/example_dags/example_task_group_decorator.py
[2024-11-20T14:18:58.973+0000] {logging_mixin.py:190} INFO - [2024-11-20T14:18:58.972+0000] {dag.py:3239} INFO - Sync 1 DAGs
[2024-11-20T14:18:59.005+0000] {logging_mixin.py:190} INFO - [2024-11-20T14:18:59.005+0000] {dag.py:4180} INFO - Setting next_dagrun for example_task_group_decorator to None, run_after=None
[2024-11-20T14:18:59.065+0000] {processor.py:208} INFO - Processing /home/airflow/.local/lib/python3.12/site-packages/airflow/example_dags/example_task_group_decorator.py took 0.249 seconds
[2024-11-20T14:19:30.104+0000] {processor.py:186} INFO - Started process (PID=496) to work on /home/airflow/.local/lib/python3.12/site-packages/airflow/example_dags/example_task_group_decorator.py
[2024-11-20T14:19:30.106+0000] {processor.py:914} INFO - Processing file /home/airflow/.local/lib/python3.12/site-packages/airflow/example_dags/example_task_group_decorator.py for tasks to queue
[2024-11-20T14:19:30.114+0000] {logging_mixin.py:190} INFO - [2024-11-20T14:19:30.113+0000] {dagbag.py:588} INFO - Filling up the DagBag from /home/airflow/.local/lib/python3.12/site-packages/airflow/example_dags/example_task_group_decorator.py
[2024-11-20T14:19:30.152+0000] {processor.py:925} INFO - DAG(s) 'example_task_group_decorator' retrieved from /home/airflow/.local/lib/python3.12/site-packages/airflow/example_dags/example_task_group_decorator.py
[2024-11-20T14:19:30.212+0000] {logging_mixin.py:190} INFO - [2024-11-20T14:19:30.212+0000] {dag.py:3239} INFO - Sync 1 DAGs
[2024-11-20T14:19:30.289+0000] {logging_mixin.py:190} INFO - [2024-11-20T14:19:30.289+0000] {dag.py:4180} INFO - Setting next_dagrun for example_task_group_decorator to None, run_after=None
[2024-11-20T14:19:30.333+0000] {processor.py:208} INFO - Processing /home/airflow/.local/lib/python3.12/site-packages/airflow/example_dags/example_task_group_decorator.py took 0.242 seconds
[2024-11-20T14:20:02.253+0000] {processor.py:186} INFO - Started process (PID=559) to work on /home/airflow/.local/lib/python3.12/site-packages/airflow/example_dags/example_task_group_decorator.py
[2024-11-20T14:20:02.254+0000] {processor.py:914} INFO - Processing file /home/airflow/.local/lib/python3.12/site-packages/airflow/example_dags/example_task_group_decorator.py for tasks to queue
[2024-11-20T14:20:02.260+0000] {logging_mixin.py:190} INFO - [2024-11-20T14:20:02.260+0000] {dagbag.py:588} INFO - Filling up the DagBag from /home/airflow/.local/lib/python3.12/site-packages/airflow/example_dags/example_task_group_decorator.py
[2024-11-20T14:20:02.303+0000] {processor.py:925} INFO - DAG(s) 'example_task_group_decorator' retrieved from /home/airflow/.local/lib/python3.12/site-packages/airflow/example_dags/example_task_group_decorator.py
[2024-11-20T14:20:02.373+0000] {logging_mixin.py:190} INFO - [2024-11-20T14:20:02.373+0000] {dag.py:3239} INFO - Sync 1 DAGs
[2024-11-20T14:20:02.412+0000] {logging_mixin.py:190} INFO - [2024-11-20T14:20:02.411+0000] {dag.py:4180} INFO - Setting next_dagrun for example_task_group_decorator to None, run_after=None
[2024-11-20T14:20:02.464+0000] {processor.py:208} INFO - Processing /home/airflow/.local/lib/python3.12/site-packages/airflow/example_dags/example_task_group_decorator.py took 0.226 seconds
[2024-11-20T14:20:33.108+0000] {processor.py:186} INFO - Started process (PID=621) to work on /home/airflow/.local/lib/python3.12/site-packages/airflow/example_dags/example_task_group_decorator.py
[2024-11-20T14:20:33.109+0000] {processor.py:914} INFO - Processing file /home/airflow/.local/lib/python3.12/site-packages/airflow/example_dags/example_task_group_decorator.py for tasks to queue
[2024-11-20T14:20:33.115+0000] {logging_mixin.py:190} INFO - [2024-11-20T14:20:33.114+0000] {dagbag.py:588} INFO - Filling up the DagBag from /home/airflow/.local/lib/python3.12/site-packages/airflow/example_dags/example_task_group_decorator.py
[2024-11-20T14:20:33.141+0000] {processor.py:925} INFO - DAG(s) 'example_task_group_decorator' retrieved from /home/airflow/.local/lib/python3.12/site-packages/airflow/example_dags/example_task_group_decorator.py
[2024-11-20T14:20:33.184+0000] {logging_mixin.py:190} INFO - [2024-11-20T14:20:33.184+0000] {dag.py:3239} INFO - Sync 1 DAGs
[2024-11-20T14:20:33.208+0000] {logging_mixin.py:190} INFO - [2024-11-20T14:20:33.207+0000] {dag.py:4180} INFO - Setting next_dagrun for example_task_group_decorator to None, run_after=None
[2024-11-20T14:20:33.239+0000] {processor.py:208} INFO - Processing /home/airflow/.local/lib/python3.12/site-packages/airflow/example_dags/example_task_group_decorator.py took 0.145 seconds
[2024-11-20T14:21:03.832+0000] {processor.py:186} INFO - Started process (PID=684) to work on /home/airflow/.local/lib/python3.12/site-packages/airflow/example_dags/example_task_group_decorator.py
[2024-11-20T14:21:03.834+0000] {processor.py:914} INFO - Processing file /home/airflow/.local/lib/python3.12/site-packages/airflow/example_dags/example_task_group_decorator.py for tasks to queue
[2024-11-20T14:21:03.839+0000] {logging_mixin.py:190} INFO - [2024-11-20T14:21:03.838+0000] {dagbag.py:588} INFO - Filling up the DagBag from /home/airflow/.local/lib/python3.12/site-packages/airflow/example_dags/example_task_group_decorator.py
[2024-11-20T14:21:03.866+0000] {processor.py:925} INFO - DAG(s) 'example_task_group_decorator' retrieved from /home/airflow/.local/lib/python3.12/site-packages/airflow/example_dags/example_task_group_decorator.py
[2024-11-20T14:21:03.911+0000] {logging_mixin.py:190} INFO - [2024-11-20T14:21:03.911+0000] {dag.py:3239} INFO - Sync 1 DAGs
[2024-11-20T14:21:03.939+0000] {logging_mixin.py:190} INFO - [2024-11-20T14:21:03.939+0000] {dag.py:4180} INFO - Setting next_dagrun for example_task_group_decorator to None, run_after=None
[2024-11-20T14:21:03.968+0000] {processor.py:208} INFO - Processing /home/airflow/.local/lib/python3.12/site-packages/airflow/example_dags/example_task_group_decorator.py took 0.146 seconds
[2024-11-20T14:21:35.858+0000] {processor.py:186} INFO - Started process (PID=747) to work on /home/airflow/.local/lib/python3.12/site-packages/airflow/example_dags/example_task_group_decorator.py
[2024-11-20T14:21:35.859+0000] {processor.py:914} INFO - Processing file /home/airflow/.local/lib/python3.12/site-packages/airflow/example_dags/example_task_group_decorator.py for tasks to queue
[2024-11-20T14:21:35.864+0000] {logging_mixin.py:190} INFO - [2024-11-20T14:21:35.864+0000] {dagbag.py:588} INFO - Filling up the DagBag from /home/airflow/.local/lib/python3.12/site-packages/airflow/example_dags/example_task_group_decorator.py
[2024-11-20T14:21:35.891+0000] {processor.py:925} INFO - DAG(s) 'example_task_group_decorator' retrieved from /home/airflow/.local/lib/python3.12/site-packages/airflow/example_dags/example_task_group_decorator.py
[2024-11-20T14:21:35.940+0000] {logging_mixin.py:190} INFO - [2024-11-20T14:21:35.939+0000] {dag.py:3239} INFO - Sync 1 DAGs
[2024-11-20T14:21:35.968+0000] {logging_mixin.py:190} INFO - [2024-11-20T14:21:35.967+0000] {dag.py:4180} INFO - Setting next_dagrun for example_task_group_decorator to None, run_after=None
[2024-11-20T14:21:36.004+0000] {processor.py:208} INFO - Processing /home/airflow/.local/lib/python3.12/site-packages/airflow/example_dags/example_task_group_decorator.py took 0.156 seconds
[2024-11-20T14:22:07.657+0000] {processor.py:186} INFO - Started process (PID=810) to work on /home/airflow/.local/lib/python3.12/site-packages/airflow/example_dags/example_task_group_decorator.py
[2024-11-20T14:22:07.658+0000] {processor.py:914} INFO - Processing file /home/airflow/.local/lib/python3.12/site-packages/airflow/example_dags/example_task_group_decorator.py for tasks to queue
[2024-11-20T14:22:07.664+0000] {logging_mixin.py:190} INFO - [2024-11-20T14:22:07.663+0000] {dagbag.py:588} INFO - Filling up the DagBag from /home/airflow/.local/lib/python3.12/site-packages/airflow/example_dags/example_task_group_decorator.py
[2024-11-20T14:22:07.691+0000] {processor.py:925} INFO - DAG(s) 'example_task_group_decorator' retrieved from /home/airflow/.local/lib/python3.12/site-packages/airflow/example_dags/example_task_group_decorator.py
[2024-11-20T14:22:07.733+0000] {logging_mixin.py:190} INFO - [2024-11-20T14:22:07.732+0000] {dag.py:3239} INFO - Sync 1 DAGs
[2024-11-20T14:22:07.754+0000] {logging_mixin.py:190} INFO - [2024-11-20T14:22:07.754+0000] {dag.py:4180} INFO - Setting next_dagrun for example_task_group_decorator to None, run_after=None
[2024-11-20T14:22:07.790+0000] {processor.py:208} INFO - Processing /home/airflow/.local/lib/python3.12/site-packages/airflow/example_dags/example_task_group_decorator.py took 0.142 seconds
[2024-11-20T14:22:40.594+0000] {processor.py:186} INFO - Started process (PID=873) to work on /home/airflow/.local/lib/python3.12/site-packages/airflow/example_dags/example_task_group_decorator.py
[2024-11-20T14:22:40.595+0000] {processor.py:914} INFO - Processing file /home/airflow/.local/lib/python3.12/site-packages/airflow/example_dags/example_task_group_decorator.py for tasks to queue
[2024-11-20T14:22:40.603+0000] {logging_mixin.py:190} INFO - [2024-11-20T14:22:40.602+0000] {dagbag.py:588} INFO - Filling up the DagBag from /home/airflow/.local/lib/python3.12/site-packages/airflow/example_dags/example_task_group_decorator.py
[2024-11-20T14:22:40.652+0000] {processor.py:925} INFO - DAG(s) 'example_task_group_decorator' retrieved from /home/airflow/.local/lib/python3.12/site-packages/airflow/example_dags/example_task_group_decorator.py
[2024-11-20T14:22:40.719+0000] {logging_mixin.py:190} INFO - [2024-11-20T14:22:40.719+0000] {dag.py:3239} INFO - Sync 1 DAGs
[2024-11-20T14:22:40.761+0000] {logging_mixin.py:190} INFO - [2024-11-20T14:22:40.761+0000] {dag.py:4180} INFO - Setting next_dagrun for example_task_group_decorator to None, run_after=None
[2024-11-20T14:22:40.810+0000] {processor.py:208} INFO - Processing /home/airflow/.local/lib/python3.12/site-packages/airflow/example_dags/example_task_group_decorator.py took 0.232 seconds
[2024-11-20T14:23:13.229+0000] {processor.py:186} INFO - Started process (PID=937) to work on /home/airflow/.local/lib/python3.12/site-packages/airflow/example_dags/example_task_group_decorator.py
[2024-11-20T14:23:13.232+0000] {processor.py:914} INFO - Processing file /home/airflow/.local/lib/python3.12/site-packages/airflow/example_dags/example_task_group_decorator.py for tasks to queue
[2024-11-20T14:23:13.246+0000] {logging_mixin.py:190} INFO - [2024-11-20T14:23:13.245+0000] {dagbag.py:588} INFO - Filling up the DagBag from /home/airflow/.local/lib/python3.12/site-packages/airflow/example_dags/example_task_group_decorator.py
[2024-11-20T14:23:13.325+0000] {processor.py:925} INFO - DAG(s) 'example_task_group_decorator' retrieved from /home/airflow/.local/lib/python3.12/site-packages/airflow/example_dags/example_task_group_decorator.py
[2024-11-20T14:23:13.390+0000] {logging_mixin.py:190} INFO - [2024-11-20T14:23:13.389+0000] {dag.py:3239} INFO - Sync 1 DAGs
[2024-11-20T14:23:13.429+0000] {logging_mixin.py:190} INFO - [2024-11-20T14:23:13.428+0000] {dag.py:4180} INFO - Setting next_dagrun for example_task_group_decorator to None, run_after=None
[2024-11-20T14:23:13.469+0000] {processor.py:208} INFO - Processing /home/airflow/.local/lib/python3.12/site-packages/airflow/example_dags/example_task_group_decorator.py took 0.257 seconds
[2024-11-20T14:23:44.115+0000] {processor.py:186} INFO - Started process (PID=999) to work on /home/airflow/.local/lib/python3.12/site-packages/airflow/example_dags/example_task_group_decorator.py
[2024-11-20T14:23:44.116+0000] {processor.py:914} INFO - Processing file /home/airflow/.local/lib/python3.12/site-packages/airflow/example_dags/example_task_group_decorator.py for tasks to queue
[2024-11-20T14:23:44.121+0000] {logging_mixin.py:190} INFO - [2024-11-20T14:23:44.121+0000] {dagbag.py:588} INFO - Filling up the DagBag from /home/airflow/.local/lib/python3.12/site-packages/airflow/example_dags/example_task_group_decorator.py
[2024-11-20T14:23:44.145+0000] {processor.py:925} INFO - DAG(s) 'example_task_group_decorator' retrieved from /home/airflow/.local/lib/python3.12/site-packages/airflow/example_dags/example_task_group_decorator.py
[2024-11-20T14:23:44.191+0000] {logging_mixin.py:190} INFO - [2024-11-20T14:23:44.191+0000] {dag.py:3239} INFO - Sync 1 DAGs
[2024-11-20T14:23:44.218+0000] {logging_mixin.py:190} INFO - [2024-11-20T14:23:44.218+0000] {dag.py:4180} INFO - Setting next_dagrun for example_task_group_decorator to None, run_after=None
[2024-11-20T14:23:44.254+0000] {processor.py:208} INFO - Processing /home/airflow/.local/lib/python3.12/site-packages/airflow/example_dags/example_task_group_decorator.py took 0.150 seconds
[2024-11-20T14:24:16.047+0000] {processor.py:186} INFO - Started process (PID=1072) to work on /home/airflow/.local/lib/python3.12/site-packages/airflow/example_dags/example_task_group_decorator.py
[2024-11-20T14:24:16.049+0000] {processor.py:914} INFO - Processing file /home/airflow/.local/lib/python3.12/site-packages/airflow/example_dags/example_task_group_decorator.py for tasks to queue
[2024-11-20T14:24:16.053+0000] {logging_mixin.py:190} INFO - [2024-11-20T14:24:16.052+0000] {dagbag.py:588} INFO - Filling up the DagBag from /home/airflow/.local/lib/python3.12/site-packages/airflow/example_dags/example_task_group_decorator.py
[2024-11-20T14:24:16.082+0000] {processor.py:925} INFO - DAG(s) 'example_task_group_decorator' retrieved from /home/airflow/.local/lib/python3.12/site-packages/airflow/example_dags/example_task_group_decorator.py
[2024-11-20T14:24:16.128+0000] {logging_mixin.py:190} INFO - [2024-11-20T14:24:16.128+0000] {dag.py:3239} INFO - Sync 1 DAGs
[2024-11-20T14:24:16.160+0000] {logging_mixin.py:190} INFO - [2024-11-20T14:24:16.160+0000] {dag.py:4180} INFO - Setting next_dagrun for example_task_group_decorator to None, run_after=None
[2024-11-20T14:24:16.192+0000] {processor.py:208} INFO - Processing /home/airflow/.local/lib/python3.12/site-packages/airflow/example_dags/example_task_group_decorator.py took 0.154 seconds
[2024-11-20T14:24:48.401+0000] {processor.py:186} INFO - Started process (PID=1135) to work on /home/airflow/.local/lib/python3.12/site-packages/airflow/example_dags/example_task_group_decorator.py
[2024-11-20T14:24:48.403+0000] {processor.py:914} INFO - Processing file /home/airflow/.local/lib/python3.12/site-packages/airflow/example_dags/example_task_group_decorator.py for tasks to queue
[2024-11-20T14:24:48.407+0000] {logging_mixin.py:190} INFO - [2024-11-20T14:24:48.406+0000] {dagbag.py:588} INFO - Filling up the DagBag from /home/airflow/.local/lib/python3.12/site-packages/airflow/example_dags/example_task_group_decorator.py
[2024-11-20T14:24:48.431+0000] {processor.py:925} INFO - DAG(s) 'example_task_group_decorator' retrieved from /home/airflow/.local/lib/python3.12/site-packages/airflow/example_dags/example_task_group_decorator.py
[2024-11-20T14:24:48.470+0000] {logging_mixin.py:190} INFO - [2024-11-20T14:24:48.469+0000] {dag.py:3239} INFO - Sync 1 DAGs
[2024-11-20T14:24:48.493+0000] {logging_mixin.py:190} INFO - [2024-11-20T14:24:48.493+0000] {dag.py:4180} INFO - Setting next_dagrun for example_task_group_decorator to None, run_after=None
[2024-11-20T14:24:48.524+0000] {processor.py:208} INFO - Processing /home/airflow/.local/lib/python3.12/site-packages/airflow/example_dags/example_task_group_decorator.py took 0.133 seconds
[2024-11-20T14:25:19.952+0000] {processor.py:186} INFO - Started process (PID=1198) to work on /home/airflow/.local/lib/python3.12/site-packages/airflow/example_dags/example_task_group_decorator.py
[2024-11-20T14:25:19.953+0000] {processor.py:914} INFO - Processing file /home/airflow/.local/lib/python3.12/site-packages/airflow/example_dags/example_task_group_decorator.py for tasks to queue
[2024-11-20T14:25:19.958+0000] {logging_mixin.py:190} INFO - [2024-11-20T14:25:19.957+0000] {dagbag.py:588} INFO - Filling up the DagBag from /home/airflow/.local/lib/python3.12/site-packages/airflow/example_dags/example_task_group_decorator.py
[2024-11-20T14:25:19.986+0000] {processor.py:925} INFO - DAG(s) 'example_task_group_decorator' retrieved from /home/airflow/.local/lib/python3.12/site-packages/airflow/example_dags/example_task_group_decorator.py
[2024-11-20T14:25:20.027+0000] {logging_mixin.py:190} INFO - [2024-11-20T14:25:20.026+0000] {dag.py:3239} INFO - Sync 1 DAGs
[2024-11-20T14:25:20.049+0000] {logging_mixin.py:190} INFO - [2024-11-20T14:25:20.048+0000] {dag.py:4180} INFO - Setting next_dagrun for example_task_group_decorator to None, run_after=None
[2024-11-20T14:25:20.077+0000] {processor.py:208} INFO - Processing /home/airflow/.local/lib/python3.12/site-packages/airflow/example_dags/example_task_group_decorator.py took 0.135 seconds
[2024-11-20T14:25:51.885+0000] {processor.py:186} INFO - Started process (PID=1261) to work on /home/airflow/.local/lib/python3.12/site-packages/airflow/example_dags/example_task_group_decorator.py
[2024-11-20T14:25:51.886+0000] {processor.py:914} INFO - Processing file /home/airflow/.local/lib/python3.12/site-packages/airflow/example_dags/example_task_group_decorator.py for tasks to queue
[2024-11-20T14:25:51.890+0000] {logging_mixin.py:190} INFO - [2024-11-20T14:25:51.889+0000] {dagbag.py:588} INFO - Filling up the DagBag from /home/airflow/.local/lib/python3.12/site-packages/airflow/example_dags/example_task_group_decorator.py
[2024-11-20T14:25:51.911+0000] {processor.py:925} INFO - DAG(s) 'example_task_group_decorator' retrieved from /home/airflow/.local/lib/python3.12/site-packages/airflow/example_dags/example_task_group_decorator.py
[2024-11-20T14:25:51.971+0000] {logging_mixin.py:190} INFO - [2024-11-20T14:25:51.971+0000] {dag.py:3239} INFO - Sync 1 DAGs
[2024-11-20T14:25:51.996+0000] {logging_mixin.py:190} INFO - [2024-11-20T14:25:51.996+0000] {dag.py:4180} INFO - Setting next_dagrun for example_task_group_decorator to None, run_after=None
[2024-11-20T14:25:52.031+0000] {processor.py:208} INFO - Processing /home/airflow/.local/lib/python3.12/site-packages/airflow/example_dags/example_task_group_decorator.py took 0.156 seconds
[2024-11-20T14:26:23.551+0000] {processor.py:186} INFO - Started process (PID=1324) to work on /home/airflow/.local/lib/python3.12/site-packages/airflow/example_dags/example_task_group_decorator.py
[2024-11-20T14:26:23.552+0000] {processor.py:914} INFO - Processing file /home/airflow/.local/lib/python3.12/site-packages/airflow/example_dags/example_task_group_decorator.py for tasks to queue
[2024-11-20T14:26:23.556+0000] {logging_mixin.py:190} INFO - [2024-11-20T14:26:23.556+0000] {dagbag.py:588} INFO - Filling up the DagBag from /home/airflow/.local/lib/python3.12/site-packages/airflow/example_dags/example_task_group_decorator.py
[2024-11-20T14:26:23.585+0000] {processor.py:925} INFO - DAG(s) 'example_task_group_decorator' retrieved from /home/airflow/.local/lib/python3.12/site-packages/airflow/example_dags/example_task_group_decorator.py
[2024-11-20T14:26:23.628+0000] {logging_mixin.py:190} INFO - [2024-11-20T14:26:23.628+0000] {dag.py:3239} INFO - Sync 1 DAGs
[2024-11-20T14:26:23.655+0000] {logging_mixin.py:190} INFO - [2024-11-20T14:26:23.655+0000] {dag.py:4180} INFO - Setting next_dagrun for example_task_group_decorator to None, run_after=None
[2024-11-20T14:26:23.686+0000] {processor.py:208} INFO - Processing /home/airflow/.local/lib/python3.12/site-packages/airflow/example_dags/example_task_group_decorator.py took 0.145 seconds
[2024-11-20T14:26:55.595+0000] {processor.py:186} INFO - Started process (PID=1387) to work on /home/airflow/.local/lib/python3.12/site-packages/airflow/example_dags/example_task_group_decorator.py
[2024-11-20T14:26:55.596+0000] {processor.py:914} INFO - Processing file /home/airflow/.local/lib/python3.12/site-packages/airflow/example_dags/example_task_group_decorator.py for tasks to queue
[2024-11-20T14:26:55.600+0000] {logging_mixin.py:190} INFO - [2024-11-20T14:26:55.599+0000] {dagbag.py:588} INFO - Filling up the DagBag from /home/airflow/.local/lib/python3.12/site-packages/airflow/example_dags/example_task_group_decorator.py
[2024-11-20T14:26:55.625+0000] {processor.py:925} INFO - DAG(s) 'example_task_group_decorator' retrieved from /home/airflow/.local/lib/python3.12/site-packages/airflow/example_dags/example_task_group_decorator.py
[2024-11-20T14:26:55.662+0000] {logging_mixin.py:190} INFO - [2024-11-20T14:26:55.661+0000] {dag.py:3239} INFO - Sync 1 DAGs
[2024-11-20T14:26:55.684+0000] {logging_mixin.py:190} INFO - [2024-11-20T14:26:55.684+0000] {dag.py:4180} INFO - Setting next_dagrun for example_task_group_decorator to None, run_after=None
[2024-11-20T14:26:55.718+0000] {processor.py:208} INFO - Processing /home/airflow/.local/lib/python3.12/site-packages/airflow/example_dags/example_task_group_decorator.py took 0.133 seconds
[2024-11-20T14:28:14.025+0000] {processor.py:186} INFO - Started process (PID=1456) to work on /home/airflow/.local/lib/python3.12/site-packages/airflow/example_dags/example_task_group_decorator.py
[2024-11-20T14:28:14.027+0000] {processor.py:914} INFO - Processing file /home/airflow/.local/lib/python3.12/site-packages/airflow/example_dags/example_task_group_decorator.py for tasks to queue
[2024-11-20T14:28:14.032+0000] {logging_mixin.py:190} INFO - [2024-11-20T14:28:14.031+0000] {dagbag.py:588} INFO - Filling up the DagBag from /home/airflow/.local/lib/python3.12/site-packages/airflow/example_dags/example_task_group_decorator.py
[2024-11-20T14:28:14.071+0000] {processor.py:925} INFO - DAG(s) 'example_task_group_decorator' retrieved from /home/airflow/.local/lib/python3.12/site-packages/airflow/example_dags/example_task_group_decorator.py
[2024-11-20T14:28:14.142+0000] {logging_mixin.py:190} INFO - [2024-11-20T14:28:14.142+0000] {dag.py:3239} INFO - Sync 1 DAGs
[2024-11-20T14:28:14.167+0000] {logging_mixin.py:190} INFO - [2024-11-20T14:28:14.166+0000] {dag.py:4180} INFO - Setting next_dagrun for example_task_group_decorator to None, run_after=None
[2024-11-20T14:28:14.241+0000] {processor.py:208} INFO - Processing /home/airflow/.local/lib/python3.12/site-packages/airflow/example_dags/example_task_group_decorator.py took 0.229 seconds
[2024-11-20T14:28:44.304+0000] {processor.py:186} INFO - Started process (PID=1519) to work on /home/airflow/.local/lib/python3.12/site-packages/airflow/example_dags/example_task_group_decorator.py
[2024-11-20T14:28:44.306+0000] {processor.py:914} INFO - Processing file /home/airflow/.local/lib/python3.12/site-packages/airflow/example_dags/example_task_group_decorator.py for tasks to queue
[2024-11-20T14:28:44.310+0000] {logging_mixin.py:190} INFO - [2024-11-20T14:28:44.309+0000] {dagbag.py:588} INFO - Filling up the DagBag from /home/airflow/.local/lib/python3.12/site-packages/airflow/example_dags/example_task_group_decorator.py
[2024-11-20T14:28:44.336+0000] {processor.py:925} INFO - DAG(s) 'example_task_group_decorator' retrieved from /home/airflow/.local/lib/python3.12/site-packages/airflow/example_dags/example_task_group_decorator.py
[2024-11-20T14:28:44.387+0000] {logging_mixin.py:190} INFO - [2024-11-20T14:28:44.386+0000] {dag.py:3239} INFO - Sync 1 DAGs
[2024-11-20T14:28:44.416+0000] {logging_mixin.py:190} INFO - [2024-11-20T14:28:44.416+0000] {dag.py:4180} INFO - Setting next_dagrun for example_task_group_decorator to None, run_after=None
[2024-11-20T14:28:44.446+0000] {processor.py:208} INFO - Processing /home/airflow/.local/lib/python3.12/site-packages/airflow/example_dags/example_task_group_decorator.py took 0.154 seconds
[2024-11-20T14:29:14.916+0000] {processor.py:186} INFO - Started process (PID=1582) to work on /home/airflow/.local/lib/python3.12/site-packages/airflow/example_dags/example_task_group_decorator.py
[2024-11-20T14:29:14.917+0000] {processor.py:914} INFO - Processing file /home/airflow/.local/lib/python3.12/site-packages/airflow/example_dags/example_task_group_decorator.py for tasks to queue
[2024-11-20T14:29:14.923+0000] {logging_mixin.py:190} INFO - [2024-11-20T14:29:14.922+0000] {dagbag.py:588} INFO - Filling up the DagBag from /home/airflow/.local/lib/python3.12/site-packages/airflow/example_dags/example_task_group_decorator.py
[2024-11-20T14:29:14.956+0000] {processor.py:925} INFO - DAG(s) 'example_task_group_decorator' retrieved from /home/airflow/.local/lib/python3.12/site-packages/airflow/example_dags/example_task_group_decorator.py
[2024-11-20T14:29:14.996+0000] {logging_mixin.py:190} INFO - [2024-11-20T14:29:14.996+0000] {dag.py:3239} INFO - Sync 1 DAGs
[2024-11-20T14:29:15.021+0000] {logging_mixin.py:190} INFO - [2024-11-20T14:29:15.020+0000] {dag.py:4180} INFO - Setting next_dagrun for example_task_group_decorator to None, run_after=None
[2024-11-20T14:29:15.047+0000] {processor.py:208} INFO - Processing /home/airflow/.local/lib/python3.12/site-packages/airflow/example_dags/example_task_group_decorator.py took 0.142 seconds
[2024-11-20T14:29:45.797+0000] {processor.py:186} INFO - Started process (PID=1644) to work on /home/airflow/.local/lib/python3.12/site-packages/airflow/example_dags/example_task_group_decorator.py
[2024-11-20T14:29:45.798+0000] {processor.py:914} INFO - Processing file /home/airflow/.local/lib/python3.12/site-packages/airflow/example_dags/example_task_group_decorator.py for tasks to queue
[2024-11-20T14:29:45.804+0000] {logging_mixin.py:190} INFO - [2024-11-20T14:29:45.803+0000] {dagbag.py:588} INFO - Filling up the DagBag from /home/airflow/.local/lib/python3.12/site-packages/airflow/example_dags/example_task_group_decorator.py
[2024-11-20T14:29:45.839+0000] {processor.py:925} INFO - DAG(s) 'example_task_group_decorator' retrieved from /home/airflow/.local/lib/python3.12/site-packages/airflow/example_dags/example_task_group_decorator.py
[2024-11-20T14:29:45.893+0000] {logging_mixin.py:190} INFO - [2024-11-20T14:29:45.893+0000] {dag.py:3239} INFO - Sync 1 DAGs
[2024-11-20T14:29:45.916+0000] {logging_mixin.py:190} INFO - [2024-11-20T14:29:45.916+0000] {dag.py:4180} INFO - Setting next_dagrun for example_task_group_decorator to None, run_after=None
[2024-11-20T14:29:45.948+0000] {processor.py:208} INFO - Processing /home/airflow/.local/lib/python3.12/site-packages/airflow/example_dags/example_task_group_decorator.py took 0.163 seconds
[2024-11-20T14:30:19.456+0000] {processor.py:186} INFO - Started process (PID=1706) to work on /home/airflow/.local/lib/python3.12/site-packages/airflow/example_dags/example_task_group_decorator.py
[2024-11-20T14:30:19.458+0000] {processor.py:914} INFO - Processing file /home/airflow/.local/lib/python3.12/site-packages/airflow/example_dags/example_task_group_decorator.py for tasks to queue
[2024-11-20T14:30:19.468+0000] {logging_mixin.py:190} INFO - [2024-11-20T14:30:19.468+0000] {dagbag.py:588} INFO - Filling up the DagBag from /home/airflow/.local/lib/python3.12/site-packages/airflow/example_dags/example_task_group_decorator.py
[2024-11-20T14:30:19.515+0000] {processor.py:925} INFO - DAG(s) 'example_task_group_decorator' retrieved from /home/airflow/.local/lib/python3.12/site-packages/airflow/example_dags/example_task_group_decorator.py
[2024-11-20T14:30:19.596+0000] {logging_mixin.py:190} INFO - [2024-11-20T14:30:19.596+0000] {dag.py:3239} INFO - Sync 1 DAGs
[2024-11-20T14:30:19.647+0000] {logging_mixin.py:190} INFO - [2024-11-20T14:30:19.644+0000] {dag.py:4180} INFO - Setting next_dagrun for example_task_group_decorator to None, run_after=None
[2024-11-20T14:30:19.764+0000] {processor.py:208} INFO - Processing /home/airflow/.local/lib/python3.12/site-packages/airflow/example_dags/example_task_group_decorator.py took 0.324 seconds
[2024-11-20T14:30:53.764+0000] {processor.py:186} INFO - Started process (PID=1769) to work on /home/airflow/.local/lib/python3.12/site-packages/airflow/example_dags/example_task_group_decorator.py
[2024-11-20T14:30:53.767+0000] {processor.py:914} INFO - Processing file /home/airflow/.local/lib/python3.12/site-packages/airflow/example_dags/example_task_group_decorator.py for tasks to queue
[2024-11-20T14:30:53.776+0000] {logging_mixin.py:190} INFO - [2024-11-20T14:30:53.775+0000] {dagbag.py:588} INFO - Filling up the DagBag from /home/airflow/.local/lib/python3.12/site-packages/airflow/example_dags/example_task_group_decorator.py
[2024-11-20T14:30:53.838+0000] {processor.py:925} INFO - DAG(s) 'example_task_group_decorator' retrieved from /home/airflow/.local/lib/python3.12/site-packages/airflow/example_dags/example_task_group_decorator.py
[2024-11-20T14:30:53.919+0000] {logging_mixin.py:190} INFO - [2024-11-20T14:30:53.918+0000] {dag.py:3239} INFO - Sync 1 DAGs
[2024-11-20T14:30:53.963+0000] {logging_mixin.py:190} INFO - [2024-11-20T14:30:53.961+0000] {dag.py:4180} INFO - Setting next_dagrun for example_task_group_decorator to None, run_after=None
[2024-11-20T14:30:54.020+0000] {processor.py:208} INFO - Processing /home/airflow/.local/lib/python3.12/site-packages/airflow/example_dags/example_task_group_decorator.py took 0.294 seconds
[2024-11-20T14:31:27.566+0000] {processor.py:186} INFO - Started process (PID=1833) to work on /home/airflow/.local/lib/python3.12/site-packages/airflow/example_dags/example_task_group_decorator.py
[2024-11-20T14:31:27.588+0000] {processor.py:914} INFO - Processing file /home/airflow/.local/lib/python3.12/site-packages/airflow/example_dags/example_task_group_decorator.py for tasks to queue
[2024-11-20T14:31:27.595+0000] {logging_mixin.py:190} INFO - [2024-11-20T14:31:27.594+0000] {dagbag.py:588} INFO - Filling up the DagBag from /home/airflow/.local/lib/python3.12/site-packages/airflow/example_dags/example_task_group_decorator.py
[2024-11-20T14:31:27.624+0000] {processor.py:925} INFO - DAG(s) 'example_task_group_decorator' retrieved from /home/airflow/.local/lib/python3.12/site-packages/airflow/example_dags/example_task_group_decorator.py
[2024-11-20T14:31:27.666+0000] {logging_mixin.py:190} INFO - [2024-11-20T14:31:27.666+0000] {dag.py:3239} INFO - Sync 1 DAGs
[2024-11-20T14:31:27.695+0000] {logging_mixin.py:190} INFO - [2024-11-20T14:31:27.695+0000] {dag.py:4180} INFO - Setting next_dagrun for example_task_group_decorator to None, run_after=None
[2024-11-20T14:31:27.734+0000] {processor.py:208} INFO - Processing /home/airflow/.local/lib/python3.12/site-packages/airflow/example_dags/example_task_group_decorator.py took 0.192 seconds
[2024-11-20T14:32:00.408+0000] {processor.py:186} INFO - Started process (PID=1896) to work on /home/airflow/.local/lib/python3.12/site-packages/airflow/example_dags/example_task_group_decorator.py
[2024-11-20T14:32:00.410+0000] {processor.py:914} INFO - Processing file /home/airflow/.local/lib/python3.12/site-packages/airflow/example_dags/example_task_group_decorator.py for tasks to queue
[2024-11-20T14:32:00.417+0000] {logging_mixin.py:190} INFO - [2024-11-20T14:32:00.417+0000] {dagbag.py:588} INFO - Filling up the DagBag from /home/airflow/.local/lib/python3.12/site-packages/airflow/example_dags/example_task_group_decorator.py
[2024-11-20T14:32:00.456+0000] {processor.py:925} INFO - DAG(s) 'example_task_group_decorator' retrieved from /home/airflow/.local/lib/python3.12/site-packages/airflow/example_dags/example_task_group_decorator.py
[2024-11-20T14:32:00.557+0000] {logging_mixin.py:190} INFO - [2024-11-20T14:32:00.557+0000] {dag.py:3239} INFO - Sync 1 DAGs
[2024-11-20T14:32:00.634+0000] {logging_mixin.py:190} INFO - [2024-11-20T14:32:00.633+0000] {dag.py:4180} INFO - Setting next_dagrun for example_task_group_decorator to None, run_after=None
[2024-11-20T14:32:00.696+0000] {processor.py:208} INFO - Processing /home/airflow/.local/lib/python3.12/site-packages/airflow/example_dags/example_task_group_decorator.py took 0.302 seconds
[2024-11-20T14:32:31.445+0000] {processor.py:186} INFO - Started process (PID=1959) to work on /home/airflow/.local/lib/python3.12/site-packages/airflow/example_dags/example_task_group_decorator.py
[2024-11-20T14:32:31.447+0000] {processor.py:914} INFO - Processing file /home/airflow/.local/lib/python3.12/site-packages/airflow/example_dags/example_task_group_decorator.py for tasks to queue
[2024-11-20T14:32:31.455+0000] {logging_mixin.py:190} INFO - [2024-11-20T14:32:31.454+0000] {dagbag.py:588} INFO - Filling up the DagBag from /home/airflow/.local/lib/python3.12/site-packages/airflow/example_dags/example_task_group_decorator.py
[2024-11-20T14:32:31.493+0000] {processor.py:925} INFO - DAG(s) 'example_task_group_decorator' retrieved from /home/airflow/.local/lib/python3.12/site-packages/airflow/example_dags/example_task_group_decorator.py
[2024-11-20T14:32:31.551+0000] {logging_mixin.py:190} INFO - [2024-11-20T14:32:31.551+0000] {dag.py:3239} INFO - Sync 1 DAGs
[2024-11-20T14:32:31.584+0000] {logging_mixin.py:190} INFO - [2024-11-20T14:32:31.584+0000] {dag.py:4180} INFO - Setting next_dagrun for example_task_group_decorator to None, run_after=None
[2024-11-20T14:32:31.624+0000] {processor.py:208} INFO - Processing /home/airflow/.local/lib/python3.12/site-packages/airflow/example_dags/example_task_group_decorator.py took 0.193 seconds
[2024-11-20T14:33:02.340+0000] {processor.py:186} INFO - Started process (PID=2021) to work on /home/airflow/.local/lib/python3.12/site-packages/airflow/example_dags/example_task_group_decorator.py
[2024-11-20T14:33:02.342+0000] {processor.py:914} INFO - Processing file /home/airflow/.local/lib/python3.12/site-packages/airflow/example_dags/example_task_group_decorator.py for tasks to queue
[2024-11-20T14:33:02.349+0000] {logging_mixin.py:190} INFO - [2024-11-20T14:33:02.348+0000] {dagbag.py:588} INFO - Filling up the DagBag from /home/airflow/.local/lib/python3.12/site-packages/airflow/example_dags/example_task_group_decorator.py
[2024-11-20T14:33:02.390+0000] {processor.py:925} INFO - DAG(s) 'example_task_group_decorator' retrieved from /home/airflow/.local/lib/python3.12/site-packages/airflow/example_dags/example_task_group_decorator.py
[2024-11-20T14:33:02.445+0000] {logging_mixin.py:190} INFO - [2024-11-20T14:33:02.444+0000] {dag.py:3239} INFO - Sync 1 DAGs
[2024-11-20T14:33:02.473+0000] {logging_mixin.py:190} INFO - [2024-11-20T14:33:02.472+0000] {dag.py:4180} INFO - Setting next_dagrun for example_task_group_decorator to None, run_after=None
[2024-11-20T14:33:02.502+0000] {processor.py:208} INFO - Processing /home/airflow/.local/lib/python3.12/site-packages/airflow/example_dags/example_task_group_decorator.py took 0.175 seconds
[2024-11-20T14:33:33.068+0000] {processor.py:186} INFO - Started process (PID=2084) to work on /home/airflow/.local/lib/python3.12/site-packages/airflow/example_dags/example_task_group_decorator.py
[2024-11-20T14:33:33.069+0000] {processor.py:914} INFO - Processing file /home/airflow/.local/lib/python3.12/site-packages/airflow/example_dags/example_task_group_decorator.py for tasks to queue
[2024-11-20T14:33:33.074+0000] {logging_mixin.py:190} INFO - [2024-11-20T14:33:33.074+0000] {dagbag.py:588} INFO - Filling up the DagBag from /home/airflow/.local/lib/python3.12/site-packages/airflow/example_dags/example_task_group_decorator.py
[2024-11-20T14:33:33.128+0000] {processor.py:925} INFO - DAG(s) 'example_task_group_decorator' retrieved from /home/airflow/.local/lib/python3.12/site-packages/airflow/example_dags/example_task_group_decorator.py
[2024-11-20T14:33:33.170+0000] {logging_mixin.py:190} INFO - [2024-11-20T14:33:33.170+0000] {dag.py:3239} INFO - Sync 1 DAGs
[2024-11-20T14:33:33.192+0000] {logging_mixin.py:190} INFO - [2024-11-20T14:33:33.192+0000] {dag.py:4180} INFO - Setting next_dagrun for example_task_group_decorator to None, run_after=None
[2024-11-20T14:33:33.217+0000] {processor.py:208} INFO - Processing /home/airflow/.local/lib/python3.12/site-packages/airflow/example_dags/example_task_group_decorator.py took 0.162 seconds
[2024-11-20T14:34:04.035+0000] {processor.py:186} INFO - Started process (PID=2146) to work on /home/airflow/.local/lib/python3.12/site-packages/airflow/example_dags/example_task_group_decorator.py
[2024-11-20T14:34:04.037+0000] {processor.py:914} INFO - Processing file /home/airflow/.local/lib/python3.12/site-packages/airflow/example_dags/example_task_group_decorator.py for tasks to queue
[2024-11-20T14:34:04.042+0000] {logging_mixin.py:190} INFO - [2024-11-20T14:34:04.042+0000] {dagbag.py:588} INFO - Filling up the DagBag from /home/airflow/.local/lib/python3.12/site-packages/airflow/example_dags/example_task_group_decorator.py
[2024-11-20T14:34:04.079+0000] {processor.py:925} INFO - DAG(s) 'example_task_group_decorator' retrieved from /home/airflow/.local/lib/python3.12/site-packages/airflow/example_dags/example_task_group_decorator.py
[2024-11-20T14:34:04.126+0000] {logging_mixin.py:190} INFO - [2024-11-20T14:34:04.126+0000] {dag.py:3239} INFO - Sync 1 DAGs
[2024-11-20T14:34:04.151+0000] {logging_mixin.py:190} INFO - [2024-11-20T14:34:04.151+0000] {dag.py:4180} INFO - Setting next_dagrun for example_task_group_decorator to None, run_after=None
[2024-11-20T14:34:04.182+0000] {processor.py:208} INFO - Processing /home/airflow/.local/lib/python3.12/site-packages/airflow/example_dags/example_task_group_decorator.py took 0.159 seconds
[2024-11-20T14:34:34.374+0000] {processor.py:186} INFO - Started process (PID=2209) to work on /home/airflow/.local/lib/python3.12/site-packages/airflow/example_dags/example_task_group_decorator.py
[2024-11-20T14:34:34.375+0000] {processor.py:914} INFO - Processing file /home/airflow/.local/lib/python3.12/site-packages/airflow/example_dags/example_task_group_decorator.py for tasks to queue
[2024-11-20T14:34:34.379+0000] {logging_mixin.py:190} INFO - [2024-11-20T14:34:34.378+0000] {dagbag.py:588} INFO - Filling up the DagBag from /home/airflow/.local/lib/python3.12/site-packages/airflow/example_dags/example_task_group_decorator.py
[2024-11-20T14:34:34.412+0000] {processor.py:925} INFO - DAG(s) 'example_task_group_decorator' retrieved from /home/airflow/.local/lib/python3.12/site-packages/airflow/example_dags/example_task_group_decorator.py
[2024-11-20T14:34:34.454+0000] {logging_mixin.py:190} INFO - [2024-11-20T14:34:34.454+0000] {dag.py:3239} INFO - Sync 1 DAGs
[2024-11-20T14:34:34.483+0000] {logging_mixin.py:190} INFO - [2024-11-20T14:34:34.483+0000] {dag.py:4180} INFO - Setting next_dagrun for example_task_group_decorator to None, run_after=None
[2024-11-20T14:34:34.513+0000] {processor.py:208} INFO - Processing /home/airflow/.local/lib/python3.12/site-packages/airflow/example_dags/example_task_group_decorator.py took 0.153 seconds
[2024-11-20T14:35:04.734+0000] {processor.py:186} INFO - Started process (PID=2272) to work on /home/airflow/.local/lib/python3.12/site-packages/airflow/example_dags/example_task_group_decorator.py
[2024-11-20T14:35:04.735+0000] {processor.py:914} INFO - Processing file /home/airflow/.local/lib/python3.12/site-packages/airflow/example_dags/example_task_group_decorator.py for tasks to queue
[2024-11-20T14:35:04.739+0000] {logging_mixin.py:190} INFO - [2024-11-20T14:35:04.738+0000] {dagbag.py:588} INFO - Filling up the DagBag from /home/airflow/.local/lib/python3.12/site-packages/airflow/example_dags/example_task_group_decorator.py
[2024-11-20T14:35:04.766+0000] {processor.py:925} INFO - DAG(s) 'example_task_group_decorator' retrieved from /home/airflow/.local/lib/python3.12/site-packages/airflow/example_dags/example_task_group_decorator.py
[2024-11-20T14:35:04.808+0000] {logging_mixin.py:190} INFO - [2024-11-20T14:35:04.807+0000] {dag.py:3239} INFO - Sync 1 DAGs
[2024-11-20T14:35:04.836+0000] {logging_mixin.py:190} INFO - [2024-11-20T14:35:04.835+0000] {dag.py:4180} INFO - Setting next_dagrun for example_task_group_decorator to None, run_after=None
[2024-11-20T14:35:04.875+0000] {processor.py:208} INFO - Processing /home/airflow/.local/lib/python3.12/site-packages/airflow/example_dags/example_task_group_decorator.py took 0.150 seconds
[2024-11-20T14:35:35.698+0000] {processor.py:186} INFO - Started process (PID=2334) to work on /home/airflow/.local/lib/python3.12/site-packages/airflow/example_dags/example_task_group_decorator.py
[2024-11-20T14:35:35.699+0000] {processor.py:914} INFO - Processing file /home/airflow/.local/lib/python3.12/site-packages/airflow/example_dags/example_task_group_decorator.py for tasks to queue
[2024-11-20T14:35:35.704+0000] {logging_mixin.py:190} INFO - [2024-11-20T14:35:35.704+0000] {dagbag.py:588} INFO - Filling up the DagBag from /home/airflow/.local/lib/python3.12/site-packages/airflow/example_dags/example_task_group_decorator.py
[2024-11-20T14:35:35.736+0000] {processor.py:925} INFO - DAG(s) 'example_task_group_decorator' retrieved from /home/airflow/.local/lib/python3.12/site-packages/airflow/example_dags/example_task_group_decorator.py
[2024-11-20T14:35:35.789+0000] {logging_mixin.py:190} INFO - [2024-11-20T14:35:35.788+0000] {dag.py:3239} INFO - Sync 1 DAGs
[2024-11-20T14:35:35.819+0000] {logging_mixin.py:190} INFO - [2024-11-20T14:35:35.819+0000] {dag.py:4180} INFO - Setting next_dagrun for example_task_group_decorator to None, run_after=None
[2024-11-20T14:35:35.856+0000] {processor.py:208} INFO - Processing /home/airflow/.local/lib/python3.12/site-packages/airflow/example_dags/example_task_group_decorator.py took 0.172 seconds
[2024-11-20T14:36:06.744+0000] {processor.py:186} INFO - Started process (PID=2397) to work on /home/airflow/.local/lib/python3.12/site-packages/airflow/example_dags/example_task_group_decorator.py
[2024-11-20T14:36:06.746+0000] {processor.py:914} INFO - Processing file /home/airflow/.local/lib/python3.12/site-packages/airflow/example_dags/example_task_group_decorator.py for tasks to queue
[2024-11-20T14:36:06.755+0000] {logging_mixin.py:190} INFO - [2024-11-20T14:36:06.754+0000] {dagbag.py:588} INFO - Filling up the DagBag from /home/airflow/.local/lib/python3.12/site-packages/airflow/example_dags/example_task_group_decorator.py
[2024-11-20T14:36:06.814+0000] {processor.py:925} INFO - DAG(s) 'example_task_group_decorator' retrieved from /home/airflow/.local/lib/python3.12/site-packages/airflow/example_dags/example_task_group_decorator.py
[2024-11-20T14:36:06.872+0000] {logging_mixin.py:190} INFO - [2024-11-20T14:36:06.871+0000] {dag.py:3239} INFO - Sync 1 DAGs
[2024-11-20T14:36:06.907+0000] {logging_mixin.py:190} INFO - [2024-11-20T14:36:06.906+0000] {dag.py:4180} INFO - Setting next_dagrun for example_task_group_decorator to None, run_after=None
[2024-11-20T14:36:06.946+0000] {processor.py:208} INFO - Processing /home/airflow/.local/lib/python3.12/site-packages/airflow/example_dags/example_task_group_decorator.py took 0.221 seconds
[2024-11-20T14:36:37.916+0000] {processor.py:186} INFO - Started process (PID=2460) to work on /home/airflow/.local/lib/python3.12/site-packages/airflow/example_dags/example_task_group_decorator.py
[2024-11-20T14:36:37.918+0000] {processor.py:914} INFO - Processing file /home/airflow/.local/lib/python3.12/site-packages/airflow/example_dags/example_task_group_decorator.py for tasks to queue
[2024-11-20T14:36:37.924+0000] {logging_mixin.py:190} INFO - [2024-11-20T14:36:37.923+0000] {dagbag.py:588} INFO - Filling up the DagBag from /home/airflow/.local/lib/python3.12/site-packages/airflow/example_dags/example_task_group_decorator.py
[2024-11-20T14:36:37.965+0000] {processor.py:925} INFO - DAG(s) 'example_task_group_decorator' retrieved from /home/airflow/.local/lib/python3.12/site-packages/airflow/example_dags/example_task_group_decorator.py
[2024-11-20T14:36:38.012+0000] {logging_mixin.py:190} INFO - [2024-11-20T14:36:38.012+0000] {dag.py:3239} INFO - Sync 1 DAGs
[2024-11-20T14:36:38.046+0000] {logging_mixin.py:190} INFO - [2024-11-20T14:36:38.046+0000] {dag.py:4180} INFO - Setting next_dagrun for example_task_group_decorator to None, run_after=None
[2024-11-20T14:36:38.081+0000] {processor.py:208} INFO - Processing /home/airflow/.local/lib/python3.12/site-packages/airflow/example_dags/example_task_group_decorator.py took 0.179 seconds
[2024-11-20T14:37:09.537+0000] {processor.py:186} INFO - Started process (PID=2523) to work on /home/airflow/.local/lib/python3.12/site-packages/airflow/example_dags/example_task_group_decorator.py
[2024-11-20T14:37:09.539+0000] {processor.py:914} INFO - Processing file /home/airflow/.local/lib/python3.12/site-packages/airflow/example_dags/example_task_group_decorator.py for tasks to queue
[2024-11-20T14:37:09.545+0000] {logging_mixin.py:190} INFO - [2024-11-20T14:37:09.544+0000] {dagbag.py:588} INFO - Filling up the DagBag from /home/airflow/.local/lib/python3.12/site-packages/airflow/example_dags/example_task_group_decorator.py
[2024-11-20T14:37:09.595+0000] {processor.py:925} INFO - DAG(s) 'example_task_group_decorator' retrieved from /home/airflow/.local/lib/python3.12/site-packages/airflow/example_dags/example_task_group_decorator.py
[2024-11-20T14:37:09.681+0000] {logging_mixin.py:190} INFO - [2024-11-20T14:37:09.681+0000] {dag.py:3239} INFO - Sync 1 DAGs
[2024-11-20T14:37:09.725+0000] {logging_mixin.py:190} INFO - [2024-11-20T14:37:09.724+0000] {dag.py:4180} INFO - Setting next_dagrun for example_task_group_decorator to None, run_after=None
[2024-11-20T14:37:09.782+0000] {processor.py:208} INFO - Processing /home/airflow/.local/lib/python3.12/site-packages/airflow/example_dags/example_task_group_decorator.py took 0.263 seconds
[2024-11-20T14:37:41.062+0000] {processor.py:186} INFO - Started process (PID=2585) to work on /home/airflow/.local/lib/python3.12/site-packages/airflow/example_dags/example_task_group_decorator.py
[2024-11-20T14:37:41.063+0000] {processor.py:914} INFO - Processing file /home/airflow/.local/lib/python3.12/site-packages/airflow/example_dags/example_task_group_decorator.py for tasks to queue
[2024-11-20T14:37:41.069+0000] {logging_mixin.py:190} INFO - [2024-11-20T14:37:41.068+0000] {dagbag.py:588} INFO - Filling up the DagBag from /home/airflow/.local/lib/python3.12/site-packages/airflow/example_dags/example_task_group_decorator.py
[2024-11-20T14:37:41.110+0000] {processor.py:925} INFO - DAG(s) 'example_task_group_decorator' retrieved from /home/airflow/.local/lib/python3.12/site-packages/airflow/example_dags/example_task_group_decorator.py
[2024-11-20T14:37:41.158+0000] {logging_mixin.py:190} INFO - [2024-11-20T14:37:41.158+0000] {dag.py:3239} INFO - Sync 1 DAGs
[2024-11-20T14:37:41.189+0000] {logging_mixin.py:190} INFO - [2024-11-20T14:37:41.188+0000] {dag.py:4180} INFO - Setting next_dagrun for example_task_group_decorator to None, run_after=None
[2024-11-20T14:37:41.229+0000] {processor.py:208} INFO - Processing /home/airflow/.local/lib/python3.12/site-packages/airflow/example_dags/example_task_group_decorator.py took 0.182 seconds
[2024-11-20T14:38:11.729+0000] {processor.py:186} INFO - Started process (PID=2646) to work on /home/airflow/.local/lib/python3.12/site-packages/airflow/example_dags/example_task_group_decorator.py
[2024-11-20T14:38:11.731+0000] {processor.py:914} INFO - Processing file /home/airflow/.local/lib/python3.12/site-packages/airflow/example_dags/example_task_group_decorator.py for tasks to queue
[2024-11-20T14:38:11.738+0000] {logging_mixin.py:190} INFO - [2024-11-20T14:38:11.737+0000] {dagbag.py:588} INFO - Filling up the DagBag from /home/airflow/.local/lib/python3.12/site-packages/airflow/example_dags/example_task_group_decorator.py
[2024-11-20T14:38:11.778+0000] {processor.py:925} INFO - DAG(s) 'example_task_group_decorator' retrieved from /home/airflow/.local/lib/python3.12/site-packages/airflow/example_dags/example_task_group_decorator.py
[2024-11-20T14:38:11.857+0000] {logging_mixin.py:190} INFO - [2024-11-20T14:38:11.856+0000] {dag.py:3239} INFO - Sync 1 DAGs
[2024-11-20T14:38:11.912+0000] {logging_mixin.py:190} INFO - [2024-11-20T14:38:11.911+0000] {dag.py:4180} INFO - Setting next_dagrun for example_task_group_decorator to None, run_after=None
[2024-11-20T14:38:11.961+0000] {processor.py:208} INFO - Processing /home/airflow/.local/lib/python3.12/site-packages/airflow/example_dags/example_task_group_decorator.py took 0.248 seconds
