[2024-11-20T14:16:23.292+0000] {processor.py:186} INFO - Started process (PID=118) to work on /home/airflow/.local/lib/python3.12/site-packages/airflow/example_dags/example_task_group.py
[2024-11-20T14:16:23.294+0000] {processor.py:914} INFO - Processing file /home/airflow/.local/lib/python3.12/site-packages/airflow/example_dags/example_task_group.py for tasks to queue
[2024-11-20T14:16:23.299+0000] {logging_mixin.py:190} INFO - [2024-11-20T14:16:23.298+0000] {dagbag.py:588} INFO - Filling up the DagBag from /home/airflow/.local/lib/python3.12/site-packages/airflow/example_dags/example_task_group.py
[2024-11-20T14:16:23.319+0000] {processor.py:925} INFO - DAG(s) 'example_task_group' retrieved from /home/airflow/.local/lib/python3.12/site-packages/airflow/example_dags/example_task_group.py
[2024-11-20T14:16:23.553+0000] {logging_mixin.py:190} INFO - [2024-11-20T14:16:23.552+0000] {override.py:1911} INFO - Created Permission View: can delete on DAG:example_task_group
[2024-11-20T14:16:23.574+0000] {logging_mixin.py:190} INFO - [2024-11-20T14:16:23.574+0000] {override.py:1911} INFO - Created Permission View: can read on DAG:example_task_group
[2024-11-20T14:16:23.595+0000] {logging_mixin.py:190} INFO - [2024-11-20T14:16:23.595+0000] {override.py:1911} INFO - Created Permission View: can edit on DAG:example_task_group
[2024-11-20T14:16:23.617+0000] {logging_mixin.py:190} INFO - [2024-11-20T14:16:23.616+0000] {override.py:1911} INFO - Created Permission View: can delete on DAG Run:example_task_group
[2024-11-20T14:16:23.640+0000] {logging_mixin.py:190} INFO - [2024-11-20T14:16:23.639+0000] {override.py:1911} INFO - Created Permission View: menu access on DAG Run:example_task_group
[2024-11-20T14:16:23.702+0000] {logging_mixin.py:190} INFO - [2024-11-20T14:16:23.702+0000] {override.py:1911} INFO - Created Permission View: can read on DAG Run:example_task_group
[2024-11-20T14:16:23.748+0000] {logging_mixin.py:190} INFO - [2024-11-20T14:16:23.745+0000] {override.py:1911} INFO - Created Permission View: can create on DAG Run:example_task_group
[2024-11-20T14:16:23.751+0000] {logging_mixin.py:190} INFO - [2024-11-20T14:16:23.750+0000] {dag.py:3239} INFO - Sync 1 DAGs
[2024-11-20T14:16:23.781+0000] {logging_mixin.py:190} INFO - [2024-11-20T14:16:23.780+0000] {dag.py:3262} INFO - Creating ORM DAG for example_task_group
[2024-11-20T14:16:23.783+0000] {logging_mixin.py:190} INFO - [2024-11-20T14:16:23.783+0000] {dag.py:4180} INFO - Setting next_dagrun for example_task_group to None, run_after=None
[2024-11-20T14:16:23.861+0000] {processor.py:208} INFO - Processing /home/airflow/.local/lib/python3.12/site-packages/airflow/example_dags/example_task_group.py took 0.583 seconds
[2024-11-20T14:16:54.403+0000] {processor.py:186} INFO - Started process (PID=181) to work on /home/airflow/.local/lib/python3.12/site-packages/airflow/example_dags/example_task_group.py
[2024-11-20T14:16:54.406+0000] {processor.py:914} INFO - Processing file /home/airflow/.local/lib/python3.12/site-packages/airflow/example_dags/example_task_group.py for tasks to queue
[2024-11-20T14:16:54.410+0000] {logging_mixin.py:190} INFO - [2024-11-20T14:16:54.409+0000] {dagbag.py:588} INFO - Filling up the DagBag from /home/airflow/.local/lib/python3.12/site-packages/airflow/example_dags/example_task_group.py
[2024-11-20T14:16:54.427+0000] {processor.py:925} INFO - DAG(s) 'example_task_group' retrieved from /home/airflow/.local/lib/python3.12/site-packages/airflow/example_dags/example_task_group.py
[2024-11-20T14:16:54.465+0000] {logging_mixin.py:190} INFO - [2024-11-20T14:16:54.465+0000] {dag.py:3239} INFO - Sync 1 DAGs
[2024-11-20T14:16:54.497+0000] {logging_mixin.py:190} INFO - [2024-11-20T14:16:54.497+0000] {dag.py:4180} INFO - Setting next_dagrun for example_task_group to None, run_after=None
[2024-11-20T14:16:54.536+0000] {processor.py:208} INFO - Processing /home/airflow/.local/lib/python3.12/site-packages/airflow/example_dags/example_task_group.py took 0.144 seconds
[2024-11-20T14:17:25.107+0000] {processor.py:186} INFO - Started process (PID=244) to work on /home/airflow/.local/lib/python3.12/site-packages/airflow/example_dags/example_task_group.py
[2024-11-20T14:17:25.108+0000] {processor.py:914} INFO - Processing file /home/airflow/.local/lib/python3.12/site-packages/airflow/example_dags/example_task_group.py for tasks to queue
[2024-11-20T14:17:25.112+0000] {logging_mixin.py:190} INFO - [2024-11-20T14:17:25.112+0000] {dagbag.py:588} INFO - Filling up the DagBag from /home/airflow/.local/lib/python3.12/site-packages/airflow/example_dags/example_task_group.py
[2024-11-20T14:17:25.126+0000] {processor.py:925} INFO - DAG(s) 'example_task_group' retrieved from /home/airflow/.local/lib/python3.12/site-packages/airflow/example_dags/example_task_group.py
[2024-11-20T14:17:25.157+0000] {logging_mixin.py:190} INFO - [2024-11-20T14:17:25.156+0000] {dag.py:3239} INFO - Sync 1 DAGs
[2024-11-20T14:17:25.179+0000] {logging_mixin.py:190} INFO - [2024-11-20T14:17:25.179+0000] {dag.py:4180} INFO - Setting next_dagrun for example_task_group to None, run_after=None
[2024-11-20T14:17:25.210+0000] {processor.py:208} INFO - Processing /home/airflow/.local/lib/python3.12/site-packages/airflow/example_dags/example_task_group.py took 0.114 seconds
[2024-11-20T14:17:55.719+0000] {processor.py:186} INFO - Started process (PID=307) to work on /home/airflow/.local/lib/python3.12/site-packages/airflow/example_dags/example_task_group.py
[2024-11-20T14:17:55.721+0000] {processor.py:914} INFO - Processing file /home/airflow/.local/lib/python3.12/site-packages/airflow/example_dags/example_task_group.py for tasks to queue
[2024-11-20T14:17:55.724+0000] {logging_mixin.py:190} INFO - [2024-11-20T14:17:55.724+0000] {dagbag.py:588} INFO - Filling up the DagBag from /home/airflow/.local/lib/python3.12/site-packages/airflow/example_dags/example_task_group.py
[2024-11-20T14:17:55.739+0000] {processor.py:925} INFO - DAG(s) 'example_task_group' retrieved from /home/airflow/.local/lib/python3.12/site-packages/airflow/example_dags/example_task_group.py
[2024-11-20T14:17:55.778+0000] {logging_mixin.py:190} INFO - [2024-11-20T14:17:55.778+0000] {dag.py:3239} INFO - Sync 1 DAGs
[2024-11-20T14:17:55.808+0000] {logging_mixin.py:190} INFO - [2024-11-20T14:17:55.808+0000] {dag.py:4180} INFO - Setting next_dagrun for example_task_group to None, run_after=None
[2024-11-20T14:17:55.845+0000] {processor.py:208} INFO - Processing /home/airflow/.local/lib/python3.12/site-packages/airflow/example_dags/example_task_group.py took 0.139 seconds
[2024-11-20T14:18:26.623+0000] {processor.py:186} INFO - Started process (PID=370) to work on /home/airflow/.local/lib/python3.12/site-packages/airflow/example_dags/example_task_group.py
[2024-11-20T14:18:26.624+0000] {processor.py:914} INFO - Processing file /home/airflow/.local/lib/python3.12/site-packages/airflow/example_dags/example_task_group.py for tasks to queue
[2024-11-20T14:18:26.628+0000] {logging_mixin.py:190} INFO - [2024-11-20T14:18:26.628+0000] {dagbag.py:588} INFO - Filling up the DagBag from /home/airflow/.local/lib/python3.12/site-packages/airflow/example_dags/example_task_group.py
[2024-11-20T14:18:26.644+0000] {processor.py:925} INFO - DAG(s) 'example_task_group' retrieved from /home/airflow/.local/lib/python3.12/site-packages/airflow/example_dags/example_task_group.py
[2024-11-20T14:18:26.678+0000] {logging_mixin.py:190} INFO - [2024-11-20T14:18:26.677+0000] {dag.py:3239} INFO - Sync 1 DAGs
[2024-11-20T14:18:26.701+0000] {logging_mixin.py:190} INFO - [2024-11-20T14:18:26.701+0000] {dag.py:4180} INFO - Setting next_dagrun for example_task_group to None, run_after=None
[2024-11-20T14:18:26.729+0000] {processor.py:208} INFO - Processing /home/airflow/.local/lib/python3.12/site-packages/airflow/example_dags/example_task_group.py took 0.117 seconds
[2024-11-20T14:18:58.634+0000] {processor.py:186} INFO - Started process (PID=433) to work on /home/airflow/.local/lib/python3.12/site-packages/airflow/example_dags/example_task_group.py
[2024-11-20T14:18:58.636+0000] {processor.py:914} INFO - Processing file /home/airflow/.local/lib/python3.12/site-packages/airflow/example_dags/example_task_group.py for tasks to queue
[2024-11-20T14:18:58.640+0000] {logging_mixin.py:190} INFO - [2024-11-20T14:18:58.639+0000] {dagbag.py:588} INFO - Filling up the DagBag from /home/airflow/.local/lib/python3.12/site-packages/airflow/example_dags/example_task_group.py
[2024-11-20T14:18:58.653+0000] {processor.py:925} INFO - DAG(s) 'example_task_group' retrieved from /home/airflow/.local/lib/python3.12/site-packages/airflow/example_dags/example_task_group.py
[2024-11-20T14:18:58.695+0000] {logging_mixin.py:190} INFO - [2024-11-20T14:18:58.695+0000] {dag.py:3239} INFO - Sync 1 DAGs
[2024-11-20T14:18:58.722+0000] {logging_mixin.py:190} INFO - [2024-11-20T14:18:58.722+0000] {dag.py:4180} INFO - Setting next_dagrun for example_task_group to None, run_after=None
[2024-11-20T14:18:58.775+0000] {processor.py:208} INFO - Processing /home/airflow/.local/lib/python3.12/site-packages/airflow/example_dags/example_task_group.py took 0.155 seconds
[2024-11-20T14:19:29.807+0000] {processor.py:186} INFO - Started process (PID=495) to work on /home/airflow/.local/lib/python3.12/site-packages/airflow/example_dags/example_task_group.py
[2024-11-20T14:19:29.811+0000] {processor.py:914} INFO - Processing file /home/airflow/.local/lib/python3.12/site-packages/airflow/example_dags/example_task_group.py for tasks to queue
[2024-11-20T14:19:29.820+0000] {logging_mixin.py:190} INFO - [2024-11-20T14:19:29.819+0000] {dagbag.py:588} INFO - Filling up the DagBag from /home/airflow/.local/lib/python3.12/site-packages/airflow/example_dags/example_task_group.py
[2024-11-20T14:19:29.862+0000] {processor.py:925} INFO - DAG(s) 'example_task_group' retrieved from /home/airflow/.local/lib/python3.12/site-packages/airflow/example_dags/example_task_group.py
[2024-11-20T14:19:29.943+0000] {logging_mixin.py:190} INFO - [2024-11-20T14:19:29.943+0000] {dag.py:3239} INFO - Sync 1 DAGs
[2024-11-20T14:19:29.993+0000] {logging_mixin.py:190} INFO - [2024-11-20T14:19:29.993+0000] {dag.py:4180} INFO - Setting next_dagrun for example_task_group to None, run_after=None
[2024-11-20T14:19:30.039+0000] {processor.py:208} INFO - Processing /home/airflow/.local/lib/python3.12/site-packages/airflow/example_dags/example_task_group.py took 0.245 seconds
[2024-11-20T14:20:01.996+0000] {processor.py:186} INFO - Started process (PID=558) to work on /home/airflow/.local/lib/python3.12/site-packages/airflow/example_dags/example_task_group.py
[2024-11-20T14:20:01.997+0000] {processor.py:914} INFO - Processing file /home/airflow/.local/lib/python3.12/site-packages/airflow/example_dags/example_task_group.py for tasks to queue
[2024-11-20T14:20:02.003+0000] {logging_mixin.py:190} INFO - [2024-11-20T14:20:02.003+0000] {dagbag.py:588} INFO - Filling up the DagBag from /home/airflow/.local/lib/python3.12/site-packages/airflow/example_dags/example_task_group.py
[2024-11-20T14:20:02.027+0000] {processor.py:925} INFO - DAG(s) 'example_task_group' retrieved from /home/airflow/.local/lib/python3.12/site-packages/airflow/example_dags/example_task_group.py
[2024-11-20T14:20:02.098+0000] {logging_mixin.py:190} INFO - [2024-11-20T14:20:02.098+0000] {dag.py:3239} INFO - Sync 1 DAGs
[2024-11-20T14:20:02.137+0000] {logging_mixin.py:190} INFO - [2024-11-20T14:20:02.136+0000] {dag.py:4180} INFO - Setting next_dagrun for example_task_group to None, run_after=None
[2024-11-20T14:20:02.187+0000] {processor.py:208} INFO - Processing /home/airflow/.local/lib/python3.12/site-packages/airflow/example_dags/example_task_group.py took 0.203 seconds
[2024-11-20T14:20:33.094+0000] {processor.py:186} INFO - Started process (PID=620) to work on /home/airflow/.local/lib/python3.12/site-packages/airflow/example_dags/example_task_group.py
[2024-11-20T14:20:33.096+0000] {processor.py:914} INFO - Processing file /home/airflow/.local/lib/python3.12/site-packages/airflow/example_dags/example_task_group.py for tasks to queue
[2024-11-20T14:20:33.102+0000] {logging_mixin.py:190} INFO - [2024-11-20T14:20:33.101+0000] {dagbag.py:588} INFO - Filling up the DagBag from /home/airflow/.local/lib/python3.12/site-packages/airflow/example_dags/example_task_group.py
[2024-11-20T14:20:33.120+0000] {processor.py:925} INFO - DAG(s) 'example_task_group' retrieved from /home/airflow/.local/lib/python3.12/site-packages/airflow/example_dags/example_task_group.py
[2024-11-20T14:20:33.150+0000] {logging_mixin.py:190} INFO - [2024-11-20T14:20:33.150+0000] {dag.py:3239} INFO - Sync 1 DAGs
[2024-11-20T14:20:33.172+0000] {logging_mixin.py:190} INFO - [2024-11-20T14:20:33.172+0000] {dag.py:4180} INFO - Setting next_dagrun for example_task_group to None, run_after=None
[2024-11-20T14:20:33.203+0000] {processor.py:208} INFO - Processing /home/airflow/.local/lib/python3.12/site-packages/airflow/example_dags/example_task_group.py took 0.122 seconds
[2024-11-20T14:21:03.720+0000] {processor.py:186} INFO - Started process (PID=683) to work on /home/airflow/.local/lib/python3.12/site-packages/airflow/example_dags/example_task_group.py
[2024-11-20T14:21:03.722+0000] {processor.py:914} INFO - Processing file /home/airflow/.local/lib/python3.12/site-packages/airflow/example_dags/example_task_group.py for tasks to queue
[2024-11-20T14:21:03.727+0000] {logging_mixin.py:190} INFO - [2024-11-20T14:21:03.726+0000] {dagbag.py:588} INFO - Filling up the DagBag from /home/airflow/.local/lib/python3.12/site-packages/airflow/example_dags/example_task_group.py
[2024-11-20T14:21:03.742+0000] {processor.py:925} INFO - DAG(s) 'example_task_group' retrieved from /home/airflow/.local/lib/python3.12/site-packages/airflow/example_dags/example_task_group.py
[2024-11-20T14:21:03.775+0000] {logging_mixin.py:190} INFO - [2024-11-20T14:21:03.775+0000] {dag.py:3239} INFO - Sync 1 DAGs
[2024-11-20T14:21:03.800+0000] {logging_mixin.py:190} INFO - [2024-11-20T14:21:03.800+0000] {dag.py:4180} INFO - Setting next_dagrun for example_task_group to None, run_after=None
[2024-11-20T14:21:03.830+0000] {processor.py:208} INFO - Processing /home/airflow/.local/lib/python3.12/site-packages/airflow/example_dags/example_task_group.py took 0.122 seconds
[2024-11-20T14:21:35.680+0000] {processor.py:186} INFO - Started process (PID=746) to work on /home/airflow/.local/lib/python3.12/site-packages/airflow/example_dags/example_task_group.py
[2024-11-20T14:21:35.682+0000] {processor.py:914} INFO - Processing file /home/airflow/.local/lib/python3.12/site-packages/airflow/example_dags/example_task_group.py for tasks to queue
[2024-11-20T14:21:35.686+0000] {logging_mixin.py:190} INFO - [2024-11-20T14:21:35.685+0000] {dagbag.py:588} INFO - Filling up the DagBag from /home/airflow/.local/lib/python3.12/site-packages/airflow/example_dags/example_task_group.py
[2024-11-20T14:21:35.702+0000] {processor.py:925} INFO - DAG(s) 'example_task_group' retrieved from /home/airflow/.local/lib/python3.12/site-packages/airflow/example_dags/example_task_group.py
[2024-11-20T14:21:35.747+0000] {logging_mixin.py:190} INFO - [2024-11-20T14:21:35.746+0000] {dag.py:3239} INFO - Sync 1 DAGs
[2024-11-20T14:21:35.776+0000] {logging_mixin.py:190} INFO - [2024-11-20T14:21:35.775+0000] {dag.py:4180} INFO - Setting next_dagrun for example_task_group to None, run_after=None
[2024-11-20T14:21:35.810+0000] {processor.py:208} INFO - Processing /home/airflow/.local/lib/python3.12/site-packages/airflow/example_dags/example_task_group.py took 0.141 seconds
[2024-11-20T14:22:07.549+0000] {processor.py:186} INFO - Started process (PID=809) to work on /home/airflow/.local/lib/python3.12/site-packages/airflow/example_dags/example_task_group.py
[2024-11-20T14:22:07.550+0000] {processor.py:914} INFO - Processing file /home/airflow/.local/lib/python3.12/site-packages/airflow/example_dags/example_task_group.py for tasks to queue
[2024-11-20T14:22:07.554+0000] {logging_mixin.py:190} INFO - [2024-11-20T14:22:07.553+0000] {dagbag.py:588} INFO - Filling up the DagBag from /home/airflow/.local/lib/python3.12/site-packages/airflow/example_dags/example_task_group.py
[2024-11-20T14:22:07.567+0000] {processor.py:925} INFO - DAG(s) 'example_task_group' retrieved from /home/airflow/.local/lib/python3.12/site-packages/airflow/example_dags/example_task_group.py
[2024-11-20T14:22:07.596+0000] {logging_mixin.py:190} INFO - [2024-11-20T14:22:07.596+0000] {dag.py:3239} INFO - Sync 1 DAGs
[2024-11-20T14:22:07.619+0000] {logging_mixin.py:190} INFO - [2024-11-20T14:22:07.618+0000] {dag.py:4180} INFO - Setting next_dagrun for example_task_group to None, run_after=None
[2024-11-20T14:22:07.648+0000] {processor.py:208} INFO - Processing /home/airflow/.local/lib/python3.12/site-packages/airflow/example_dags/example_task_group.py took 0.109 seconds
[2024-11-20T14:22:40.480+0000] {processor.py:186} INFO - Started process (PID=872) to work on /home/airflow/.local/lib/python3.12/site-packages/airflow/example_dags/example_task_group.py
[2024-11-20T14:22:40.482+0000] {processor.py:914} INFO - Processing file /home/airflow/.local/lib/python3.12/site-packages/airflow/example_dags/example_task_group.py for tasks to queue
[2024-11-20T14:22:40.489+0000] {logging_mixin.py:190} INFO - [2024-11-20T14:22:40.488+0000] {dagbag.py:588} INFO - Filling up the DagBag from /home/airflow/.local/lib/python3.12/site-packages/airflow/example_dags/example_task_group.py
[2024-11-20T14:22:40.519+0000] {processor.py:925} INFO - DAG(s) 'example_task_group' retrieved from /home/airflow/.local/lib/python3.12/site-packages/airflow/example_dags/example_task_group.py
[2024-11-20T14:22:40.569+0000] {logging_mixin.py:190} INFO - [2024-11-20T14:22:40.569+0000] {dag.py:3239} INFO - Sync 1 DAGs
[2024-11-20T14:22:40.605+0000] {logging_mixin.py:190} INFO - [2024-11-20T14:22:40.604+0000] {dag.py:4180} INFO - Setting next_dagrun for example_task_group to None, run_after=None
[2024-11-20T14:22:40.645+0000] {processor.py:208} INFO - Processing /home/airflow/.local/lib/python3.12/site-packages/airflow/example_dags/example_task_group.py took 0.179 seconds
[2024-11-20T14:23:13.110+0000] {processor.py:186} INFO - Started process (PID=936) to work on /home/airflow/.local/lib/python3.12/site-packages/airflow/example_dags/example_task_group.py
[2024-11-20T14:23:13.113+0000] {processor.py:914} INFO - Processing file /home/airflow/.local/lib/python3.12/site-packages/airflow/example_dags/example_task_group.py for tasks to queue
[2024-11-20T14:23:13.118+0000] {logging_mixin.py:190} INFO - [2024-11-20T14:23:13.118+0000] {dagbag.py:588} INFO - Filling up the DagBag from /home/airflow/.local/lib/python3.12/site-packages/airflow/example_dags/example_task_group.py
[2024-11-20T14:23:13.139+0000] {processor.py:925} INFO - DAG(s) 'example_task_group' retrieved from /home/airflow/.local/lib/python3.12/site-packages/airflow/example_dags/example_task_group.py
[2024-11-20T14:23:13.190+0000] {logging_mixin.py:190} INFO - [2024-11-20T14:23:13.189+0000] {dag.py:3239} INFO - Sync 1 DAGs
[2024-11-20T14:23:13.230+0000] {logging_mixin.py:190} INFO - [2024-11-20T14:23:13.230+0000] {dag.py:4180} INFO - Setting next_dagrun for example_task_group to None, run_after=None
[2024-11-20T14:23:13.275+0000] {processor.py:208} INFO - Processing /home/airflow/.local/lib/python3.12/site-packages/airflow/example_dags/example_task_group.py took 0.179 seconds
[2024-11-20T14:23:43.967+0000] {processor.py:186} INFO - Started process (PID=998) to work on /home/airflow/.local/lib/python3.12/site-packages/airflow/example_dags/example_task_group.py
[2024-11-20T14:23:43.968+0000] {processor.py:914} INFO - Processing file /home/airflow/.local/lib/python3.12/site-packages/airflow/example_dags/example_task_group.py for tasks to queue
[2024-11-20T14:23:43.973+0000] {logging_mixin.py:190} INFO - [2024-11-20T14:23:43.972+0000] {dagbag.py:588} INFO - Filling up the DagBag from /home/airflow/.local/lib/python3.12/site-packages/airflow/example_dags/example_task_group.py
[2024-11-20T14:23:43.986+0000] {processor.py:925} INFO - DAG(s) 'example_task_group' retrieved from /home/airflow/.local/lib/python3.12/site-packages/airflow/example_dags/example_task_group.py
[2024-11-20T14:23:44.016+0000] {logging_mixin.py:190} INFO - [2024-11-20T14:23:44.016+0000] {dag.py:3239} INFO - Sync 1 DAGs
[2024-11-20T14:23:44.040+0000] {logging_mixin.py:190} INFO - [2024-11-20T14:23:44.040+0000] {dag.py:4180} INFO - Setting next_dagrun for example_task_group to None, run_after=None
[2024-11-20T14:23:44.071+0000] {processor.py:208} INFO - Processing /home/airflow/.local/lib/python3.12/site-packages/airflow/example_dags/example_task_group.py took 0.114 seconds
[2024-11-20T14:24:15.351+0000] {processor.py:186} INFO - Started process (PID=1065) to work on /home/airflow/.local/lib/python3.12/site-packages/airflow/example_dags/example_task_group.py
[2024-11-20T14:24:15.354+0000] {processor.py:914} INFO - Processing file /home/airflow/.local/lib/python3.12/site-packages/airflow/example_dags/example_task_group.py for tasks to queue
[2024-11-20T14:24:15.359+0000] {logging_mixin.py:190} INFO - [2024-11-20T14:24:15.359+0000] {dagbag.py:588} INFO - Filling up the DagBag from /home/airflow/.local/lib/python3.12/site-packages/airflow/example_dags/example_task_group.py
[2024-11-20T14:24:15.396+0000] {processor.py:925} INFO - DAG(s) 'example_task_group' retrieved from /home/airflow/.local/lib/python3.12/site-packages/airflow/example_dags/example_task_group.py
[2024-11-20T14:24:15.446+0000] {logging_mixin.py:190} INFO - [2024-11-20T14:24:15.445+0000] {dag.py:3239} INFO - Sync 1 DAGs
[2024-11-20T14:24:15.478+0000] {logging_mixin.py:190} INFO - [2024-11-20T14:24:15.478+0000] {dag.py:4180} INFO - Setting next_dagrun for example_task_group to None, run_after=None
[2024-11-20T14:24:15.514+0000] {processor.py:208} INFO - Processing /home/airflow/.local/lib/python3.12/site-packages/airflow/example_dags/example_task_group.py took 0.176 seconds
[2024-11-20T14:24:48.324+0000] {processor.py:186} INFO - Started process (PID=1134) to work on /home/airflow/.local/lib/python3.12/site-packages/airflow/example_dags/example_task_group.py
[2024-11-20T14:24:48.325+0000] {processor.py:914} INFO - Processing file /home/airflow/.local/lib/python3.12/site-packages/airflow/example_dags/example_task_group.py for tasks to queue
[2024-11-20T14:24:48.331+0000] {logging_mixin.py:190} INFO - [2024-11-20T14:24:48.329+0000] {dagbag.py:588} INFO - Filling up the DagBag from /home/airflow/.local/lib/python3.12/site-packages/airflow/example_dags/example_task_group.py
[2024-11-20T14:24:48.346+0000] {processor.py:925} INFO - DAG(s) 'example_task_group' retrieved from /home/airflow/.local/lib/python3.12/site-packages/airflow/example_dags/example_task_group.py
[2024-11-20T14:24:48.381+0000] {logging_mixin.py:190} INFO - [2024-11-20T14:24:48.380+0000] {dag.py:3239} INFO - Sync 1 DAGs
[2024-11-20T14:24:48.405+0000] {logging_mixin.py:190} INFO - [2024-11-20T14:24:48.404+0000] {dag.py:4180} INFO - Setting next_dagrun for example_task_group to None, run_after=None
[2024-11-20T14:24:48.432+0000] {processor.py:208} INFO - Processing /home/airflow/.local/lib/python3.12/site-packages/airflow/example_dags/example_task_group.py took 0.122 seconds
[2024-11-20T14:25:19.820+0000] {processor.py:186} INFO - Started process (PID=1197) to work on /home/airflow/.local/lib/python3.12/site-packages/airflow/example_dags/example_task_group.py
[2024-11-20T14:25:19.821+0000] {processor.py:914} INFO - Processing file /home/airflow/.local/lib/python3.12/site-packages/airflow/example_dags/example_task_group.py for tasks to queue
[2024-11-20T14:25:19.825+0000] {logging_mixin.py:190} INFO - [2024-11-20T14:25:19.825+0000] {dagbag.py:588} INFO - Filling up the DagBag from /home/airflow/.local/lib/python3.12/site-packages/airflow/example_dags/example_task_group.py
[2024-11-20T14:25:19.837+0000] {processor.py:925} INFO - DAG(s) 'example_task_group' retrieved from /home/airflow/.local/lib/python3.12/site-packages/airflow/example_dags/example_task_group.py
[2024-11-20T14:25:19.882+0000] {logging_mixin.py:190} INFO - [2024-11-20T14:25:19.881+0000] {dag.py:3239} INFO - Sync 1 DAGs
[2024-11-20T14:25:19.909+0000] {logging_mixin.py:190} INFO - [2024-11-20T14:25:19.908+0000] {dag.py:4180} INFO - Setting next_dagrun for example_task_group to None, run_after=None
[2024-11-20T14:25:19.943+0000] {processor.py:208} INFO - Processing /home/airflow/.local/lib/python3.12/site-packages/airflow/example_dags/example_task_group.py took 0.132 seconds
[2024-11-20T14:25:51.743+0000] {processor.py:186} INFO - Started process (PID=1260) to work on /home/airflow/.local/lib/python3.12/site-packages/airflow/example_dags/example_task_group.py
[2024-11-20T14:25:51.745+0000] {processor.py:914} INFO - Processing file /home/airflow/.local/lib/python3.12/site-packages/airflow/example_dags/example_task_group.py for tasks to queue
[2024-11-20T14:25:51.749+0000] {logging_mixin.py:190} INFO - [2024-11-20T14:25:51.748+0000] {dagbag.py:588} INFO - Filling up the DagBag from /home/airflow/.local/lib/python3.12/site-packages/airflow/example_dags/example_task_group.py
[2024-11-20T14:25:51.761+0000] {processor.py:925} INFO - DAG(s) 'example_task_group' retrieved from /home/airflow/.local/lib/python3.12/site-packages/airflow/example_dags/example_task_group.py
[2024-11-20T14:25:51.791+0000] {logging_mixin.py:190} INFO - [2024-11-20T14:25:51.790+0000] {dag.py:3239} INFO - Sync 1 DAGs
[2024-11-20T14:25:51.814+0000] {logging_mixin.py:190} INFO - [2024-11-20T14:25:51.813+0000] {dag.py:4180} INFO - Setting next_dagrun for example_task_group to None, run_after=None
[2024-11-20T14:25:51.842+0000] {processor.py:208} INFO - Processing /home/airflow/.local/lib/python3.12/site-packages/airflow/example_dags/example_task_group.py took 0.108 seconds
[2024-11-20T14:26:23.335+0000] {processor.py:186} INFO - Started process (PID=1323) to work on /home/airflow/.local/lib/python3.12/site-packages/airflow/example_dags/example_task_group.py
[2024-11-20T14:26:23.338+0000] {processor.py:914} INFO - Processing file /home/airflow/.local/lib/python3.12/site-packages/airflow/example_dags/example_task_group.py for tasks to queue
[2024-11-20T14:26:23.344+0000] {logging_mixin.py:190} INFO - [2024-11-20T14:26:23.344+0000] {dagbag.py:588} INFO - Filling up the DagBag from /home/airflow/.local/lib/python3.12/site-packages/airflow/example_dags/example_task_group.py
[2024-11-20T14:26:23.360+0000] {processor.py:925} INFO - DAG(s) 'example_task_group' retrieved from /home/airflow/.local/lib/python3.12/site-packages/airflow/example_dags/example_task_group.py
[2024-11-20T14:26:23.417+0000] {logging_mixin.py:190} INFO - [2024-11-20T14:26:23.416+0000] {dag.py:3239} INFO - Sync 1 DAGs
[2024-11-20T14:26:23.466+0000] {logging_mixin.py:190} INFO - [2024-11-20T14:26:23.463+0000] {dag.py:4180} INFO - Setting next_dagrun for example_task_group to None, run_after=None
[2024-11-20T14:26:23.510+0000] {processor.py:208} INFO - Processing /home/airflow/.local/lib/python3.12/site-packages/airflow/example_dags/example_task_group.py took 0.188 seconds
[2024-11-20T14:26:55.445+0000] {processor.py:186} INFO - Started process (PID=1386) to work on /home/airflow/.local/lib/python3.12/site-packages/airflow/example_dags/example_task_group.py
[2024-11-20T14:26:55.446+0000] {processor.py:914} INFO - Processing file /home/airflow/.local/lib/python3.12/site-packages/airflow/example_dags/example_task_group.py for tasks to queue
[2024-11-20T14:26:55.450+0000] {logging_mixin.py:190} INFO - [2024-11-20T14:26:55.449+0000] {dagbag.py:588} INFO - Filling up the DagBag from /home/airflow/.local/lib/python3.12/site-packages/airflow/example_dags/example_task_group.py
[2024-11-20T14:26:55.462+0000] {processor.py:925} INFO - DAG(s) 'example_task_group' retrieved from /home/airflow/.local/lib/python3.12/site-packages/airflow/example_dags/example_task_group.py
[2024-11-20T14:26:55.501+0000] {logging_mixin.py:190} INFO - [2024-11-20T14:26:55.501+0000] {dag.py:3239} INFO - Sync 1 DAGs
[2024-11-20T14:26:55.525+0000] {logging_mixin.py:190} INFO - [2024-11-20T14:26:55.525+0000] {dag.py:4180} INFO - Setting next_dagrun for example_task_group to None, run_after=None
[2024-11-20T14:26:55.553+0000] {processor.py:208} INFO - Processing /home/airflow/.local/lib/python3.12/site-packages/airflow/example_dags/example_task_group.py took 0.118 seconds
[2024-11-20T14:28:13.832+0000] {processor.py:186} INFO - Started process (PID=1455) to work on /home/airflow/.local/lib/python3.12/site-packages/airflow/example_dags/example_task_group.py
[2024-11-20T14:28:13.834+0000] {processor.py:914} INFO - Processing file /home/airflow/.local/lib/python3.12/site-packages/airflow/example_dags/example_task_group.py for tasks to queue
[2024-11-20T14:28:13.839+0000] {logging_mixin.py:190} INFO - [2024-11-20T14:28:13.838+0000] {dagbag.py:588} INFO - Filling up the DagBag from /home/airflow/.local/lib/python3.12/site-packages/airflow/example_dags/example_task_group.py
[2024-11-20T14:28:13.857+0000] {processor.py:925} INFO - DAG(s) 'example_task_group' retrieved from /home/airflow/.local/lib/python3.12/site-packages/airflow/example_dags/example_task_group.py
[2024-11-20T14:28:13.904+0000] {logging_mixin.py:190} INFO - [2024-11-20T14:28:13.903+0000] {dag.py:3239} INFO - Sync 1 DAGs
[2024-11-20T14:28:13.935+0000] {logging_mixin.py:190} INFO - [2024-11-20T14:28:13.935+0000] {dag.py:4180} INFO - Setting next_dagrun for example_task_group to None, run_after=None
[2024-11-20T14:28:13.981+0000] {processor.py:208} INFO - Processing /home/airflow/.local/lib/python3.12/site-packages/airflow/example_dags/example_task_group.py took 0.158 seconds
[2024-11-20T14:28:44.158+0000] {processor.py:186} INFO - Started process (PID=1518) to work on /home/airflow/.local/lib/python3.12/site-packages/airflow/example_dags/example_task_group.py
[2024-11-20T14:28:44.159+0000] {processor.py:914} INFO - Processing file /home/airflow/.local/lib/python3.12/site-packages/airflow/example_dags/example_task_group.py for tasks to queue
[2024-11-20T14:28:44.163+0000] {logging_mixin.py:190} INFO - [2024-11-20T14:28:44.162+0000] {dagbag.py:588} INFO - Filling up the DagBag from /home/airflow/.local/lib/python3.12/site-packages/airflow/example_dags/example_task_group.py
[2024-11-20T14:28:44.179+0000] {processor.py:925} INFO - DAG(s) 'example_task_group' retrieved from /home/airflow/.local/lib/python3.12/site-packages/airflow/example_dags/example_task_group.py
[2024-11-20T14:28:44.212+0000] {logging_mixin.py:190} INFO - [2024-11-20T14:28:44.212+0000] {dag.py:3239} INFO - Sync 1 DAGs
[2024-11-20T14:28:44.233+0000] {logging_mixin.py:190} INFO - [2024-11-20T14:28:44.233+0000] {dag.py:4180} INFO - Setting next_dagrun for example_task_group to None, run_after=None
[2024-11-20T14:28:44.262+0000] {processor.py:208} INFO - Processing /home/airflow/.local/lib/python3.12/site-packages/airflow/example_dags/example_task_group.py took 0.117 seconds
[2024-11-20T14:29:14.790+0000] {processor.py:186} INFO - Started process (PID=1581) to work on /home/airflow/.local/lib/python3.12/site-packages/airflow/example_dags/example_task_group.py
[2024-11-20T14:29:14.792+0000] {processor.py:914} INFO - Processing file /home/airflow/.local/lib/python3.12/site-packages/airflow/example_dags/example_task_group.py for tasks to queue
[2024-11-20T14:29:14.797+0000] {logging_mixin.py:190} INFO - [2024-11-20T14:29:14.797+0000] {dagbag.py:588} INFO - Filling up the DagBag from /home/airflow/.local/lib/python3.12/site-packages/airflow/example_dags/example_task_group.py
[2024-11-20T14:29:14.812+0000] {processor.py:925} INFO - DAG(s) 'example_task_group' retrieved from /home/airflow/.local/lib/python3.12/site-packages/airflow/example_dags/example_task_group.py
[2024-11-20T14:29:14.844+0000] {logging_mixin.py:190} INFO - [2024-11-20T14:29:14.844+0000] {dag.py:3239} INFO - Sync 1 DAGs
[2024-11-20T14:29:14.871+0000] {logging_mixin.py:190} INFO - [2024-11-20T14:29:14.871+0000] {dag.py:4180} INFO - Setting next_dagrun for example_task_group to None, run_after=None
[2024-11-20T14:29:14.909+0000] {processor.py:208} INFO - Processing /home/airflow/.local/lib/python3.12/site-packages/airflow/example_dags/example_task_group.py took 0.132 seconds
[2024-11-20T14:29:45.640+0000] {processor.py:186} INFO - Started process (PID=1643) to work on /home/airflow/.local/lib/python3.12/site-packages/airflow/example_dags/example_task_group.py
[2024-11-20T14:29:45.641+0000] {processor.py:914} INFO - Processing file /home/airflow/.local/lib/python3.12/site-packages/airflow/example_dags/example_task_group.py for tasks to queue
[2024-11-20T14:29:45.646+0000] {logging_mixin.py:190} INFO - [2024-11-20T14:29:45.645+0000] {dagbag.py:588} INFO - Filling up the DagBag from /home/airflow/.local/lib/python3.12/site-packages/airflow/example_dags/example_task_group.py
[2024-11-20T14:29:45.660+0000] {processor.py:925} INFO - DAG(s) 'example_task_group' retrieved from /home/airflow/.local/lib/python3.12/site-packages/airflow/example_dags/example_task_group.py
[2024-11-20T14:29:45.692+0000] {logging_mixin.py:190} INFO - [2024-11-20T14:29:45.692+0000] {dag.py:3239} INFO - Sync 1 DAGs
[2024-11-20T14:29:45.716+0000] {logging_mixin.py:190} INFO - [2024-11-20T14:29:45.715+0000] {dag.py:4180} INFO - Setting next_dagrun for example_task_group to None, run_after=None
[2024-11-20T14:29:45.750+0000] {processor.py:208} INFO - Processing /home/airflow/.local/lib/python3.12/site-packages/airflow/example_dags/example_task_group.py took 0.119 seconds
[2024-11-20T14:30:19.194+0000] {processor.py:186} INFO - Started process (PID=1705) to work on /home/airflow/.local/lib/python3.12/site-packages/airflow/example_dags/example_task_group.py
[2024-11-20T14:30:19.197+0000] {processor.py:914} INFO - Processing file /home/airflow/.local/lib/python3.12/site-packages/airflow/example_dags/example_task_group.py for tasks to queue
[2024-11-20T14:30:19.203+0000] {logging_mixin.py:190} INFO - [2024-11-20T14:30:19.202+0000] {dagbag.py:588} INFO - Filling up the DagBag from /home/airflow/.local/lib/python3.12/site-packages/airflow/example_dags/example_task_group.py
[2024-11-20T14:30:19.231+0000] {processor.py:925} INFO - DAG(s) 'example_task_group' retrieved from /home/airflow/.local/lib/python3.12/site-packages/airflow/example_dags/example_task_group.py
[2024-11-20T14:30:19.301+0000] {logging_mixin.py:190} INFO - [2024-11-20T14:30:19.300+0000] {dag.py:3239} INFO - Sync 1 DAGs
[2024-11-20T14:30:19.339+0000] {logging_mixin.py:190} INFO - [2024-11-20T14:30:19.339+0000] {dag.py:4180} INFO - Setting next_dagrun for example_task_group to None, run_after=None
[2024-11-20T14:30:19.389+0000] {processor.py:208} INFO - Processing /home/airflow/.local/lib/python3.12/site-packages/airflow/example_dags/example_task_group.py took 0.214 seconds
[2024-11-20T14:30:53.373+0000] {processor.py:186} INFO - Started process (PID=1768) to work on /home/airflow/.local/lib/python3.12/site-packages/airflow/example_dags/example_task_group.py
[2024-11-20T14:30:53.376+0000] {processor.py:914} INFO - Processing file /home/airflow/.local/lib/python3.12/site-packages/airflow/example_dags/example_task_group.py for tasks to queue
[2024-11-20T14:30:53.390+0000] {logging_mixin.py:190} INFO - [2024-11-20T14:30:53.390+0000] {dagbag.py:588} INFO - Filling up the DagBag from /home/airflow/.local/lib/python3.12/site-packages/airflow/example_dags/example_task_group.py
[2024-11-20T14:30:53.428+0000] {processor.py:925} INFO - DAG(s) 'example_task_group' retrieved from /home/airflow/.local/lib/python3.12/site-packages/airflow/example_dags/example_task_group.py
[2024-11-20T14:30:53.491+0000] {logging_mixin.py:190} INFO - [2024-11-20T14:30:53.491+0000] {dag.py:3239} INFO - Sync 1 DAGs
[2024-11-20T14:30:53.551+0000] {logging_mixin.py:190} INFO - [2024-11-20T14:30:53.551+0000] {dag.py:4180} INFO - Setting next_dagrun for example_task_group to None, run_after=None
[2024-11-20T14:30:53.650+0000] {processor.py:208} INFO - Processing /home/airflow/.local/lib/python3.12/site-packages/airflow/example_dags/example_task_group.py took 0.310 seconds
[2024-11-20T14:31:27.438+0000] {processor.py:186} INFO - Started process (PID=1832) to work on /home/airflow/.local/lib/python3.12/site-packages/airflow/example_dags/example_task_group.py
[2024-11-20T14:31:27.440+0000] {processor.py:914} INFO - Processing file /home/airflow/.local/lib/python3.12/site-packages/airflow/example_dags/example_task_group.py for tasks to queue
[2024-11-20T14:31:27.446+0000] {logging_mixin.py:190} INFO - [2024-11-20T14:31:27.445+0000] {dagbag.py:588} INFO - Filling up the DagBag from /home/airflow/.local/lib/python3.12/site-packages/airflow/example_dags/example_task_group.py
[2024-11-20T14:31:27.463+0000] {processor.py:925} INFO - DAG(s) 'example_task_group' retrieved from /home/airflow/.local/lib/python3.12/site-packages/airflow/example_dags/example_task_group.py
[2024-11-20T14:31:27.510+0000] {logging_mixin.py:190} INFO - [2024-11-20T14:31:27.509+0000] {dag.py:3239} INFO - Sync 1 DAGs
[2024-11-20T14:31:27.544+0000] {logging_mixin.py:190} INFO - [2024-11-20T14:31:27.543+0000] {dag.py:4180} INFO - Setting next_dagrun for example_task_group to None, run_after=None
[2024-11-20T14:31:27.583+0000] {processor.py:208} INFO - Processing /home/airflow/.local/lib/python3.12/site-packages/airflow/example_dags/example_task_group.py took 0.158 seconds
[2024-11-20T14:32:00.093+0000] {processor.py:186} INFO - Started process (PID=1895) to work on /home/airflow/.local/lib/python3.12/site-packages/airflow/example_dags/example_task_group.py
[2024-11-20T14:32:00.095+0000] {processor.py:914} INFO - Processing file /home/airflow/.local/lib/python3.12/site-packages/airflow/example_dags/example_task_group.py for tasks to queue
[2024-11-20T14:32:00.109+0000] {logging_mixin.py:190} INFO - [2024-11-20T14:32:00.108+0000] {dagbag.py:588} INFO - Filling up the DagBag from /home/airflow/.local/lib/python3.12/site-packages/airflow/example_dags/example_task_group.py
[2024-11-20T14:32:00.133+0000] {processor.py:925} INFO - DAG(s) 'example_task_group' retrieved from /home/airflow/.local/lib/python3.12/site-packages/airflow/example_dags/example_task_group.py
[2024-11-20T14:32:00.194+0000] {logging_mixin.py:190} INFO - [2024-11-20T14:32:00.194+0000] {dag.py:3239} INFO - Sync 1 DAGs
[2024-11-20T14:32:00.281+0000] {logging_mixin.py:190} INFO - [2024-11-20T14:32:00.280+0000] {dag.py:4180} INFO - Setting next_dagrun for example_task_group to None, run_after=None
[2024-11-20T14:32:00.348+0000] {processor.py:208} INFO - Processing /home/airflow/.local/lib/python3.12/site-packages/airflow/example_dags/example_task_group.py took 0.270 seconds
[2024-11-20T14:32:30.405+0000] {processor.py:186} INFO - Started process (PID=1957) to work on /home/airflow/.local/lib/python3.12/site-packages/airflow/example_dags/example_task_group.py
[2024-11-20T14:32:30.406+0000] {processor.py:914} INFO - Processing file /home/airflow/.local/lib/python3.12/site-packages/airflow/example_dags/example_task_group.py for tasks to queue
[2024-11-20T14:32:30.410+0000] {logging_mixin.py:190} INFO - [2024-11-20T14:32:30.410+0000] {dagbag.py:588} INFO - Filling up the DagBag from /home/airflow/.local/lib/python3.12/site-packages/airflow/example_dags/example_task_group.py
[2024-11-20T14:32:30.424+0000] {processor.py:925} INFO - DAG(s) 'example_task_group' retrieved from /home/airflow/.local/lib/python3.12/site-packages/airflow/example_dags/example_task_group.py
[2024-11-20T14:32:30.460+0000] {logging_mixin.py:190} INFO - [2024-11-20T14:32:30.460+0000] {dag.py:3239} INFO - Sync 1 DAGs
[2024-11-20T14:32:30.485+0000] {logging_mixin.py:190} INFO - [2024-11-20T14:32:30.484+0000] {dag.py:4180} INFO - Setting next_dagrun for example_task_group to None, run_after=None
[2024-11-20T14:32:30.520+0000] {processor.py:208} INFO - Processing /home/airflow/.local/lib/python3.12/site-packages/airflow/example_dags/example_task_group.py took 0.124 seconds
[2024-11-20T14:33:01.374+0000] {processor.py:186} INFO - Started process (PID=2020) to work on /home/airflow/.local/lib/python3.12/site-packages/airflow/example_dags/example_task_group.py
[2024-11-20T14:33:01.376+0000] {processor.py:914} INFO - Processing file /home/airflow/.local/lib/python3.12/site-packages/airflow/example_dags/example_task_group.py for tasks to queue
[2024-11-20T14:33:01.382+0000] {logging_mixin.py:190} INFO - [2024-11-20T14:33:01.381+0000] {dagbag.py:588} INFO - Filling up the DagBag from /home/airflow/.local/lib/python3.12/site-packages/airflow/example_dags/example_task_group.py
[2024-11-20T14:33:01.402+0000] {processor.py:925} INFO - DAG(s) 'example_task_group' retrieved from /home/airflow/.local/lib/python3.12/site-packages/airflow/example_dags/example_task_group.py
[2024-11-20T14:33:01.448+0000] {logging_mixin.py:190} INFO - [2024-11-20T14:33:01.448+0000] {dag.py:3239} INFO - Sync 1 DAGs
[2024-11-20T14:33:01.482+0000] {logging_mixin.py:190} INFO - [2024-11-20T14:33:01.482+0000] {dag.py:4180} INFO - Setting next_dagrun for example_task_group to None, run_after=None
[2024-11-20T14:33:01.528+0000] {processor.py:208} INFO - Processing /home/airflow/.local/lib/python3.12/site-packages/airflow/example_dags/example_task_group.py took 0.167 seconds
[2024-11-20T14:33:31.822+0000] {processor.py:186} INFO - Started process (PID=2082) to work on /home/airflow/.local/lib/python3.12/site-packages/airflow/example_dags/example_task_group.py
[2024-11-20T14:33:31.824+0000] {processor.py:914} INFO - Processing file /home/airflow/.local/lib/python3.12/site-packages/airflow/example_dags/example_task_group.py for tasks to queue
[2024-11-20T14:33:31.830+0000] {logging_mixin.py:190} INFO - [2024-11-20T14:33:31.829+0000] {dagbag.py:588} INFO - Filling up the DagBag from /home/airflow/.local/lib/python3.12/site-packages/airflow/example_dags/example_task_group.py
[2024-11-20T14:33:31.851+0000] {processor.py:925} INFO - DAG(s) 'example_task_group' retrieved from /home/airflow/.local/lib/python3.12/site-packages/airflow/example_dags/example_task_group.py
[2024-11-20T14:33:31.901+0000] {logging_mixin.py:190} INFO - [2024-11-20T14:33:31.899+0000] {dag.py:3239} INFO - Sync 1 DAGs
[2024-11-20T14:33:31.940+0000] {logging_mixin.py:190} INFO - [2024-11-20T14:33:31.940+0000] {dag.py:4180} INFO - Setting next_dagrun for example_task_group to None, run_after=None
[2024-11-20T14:33:31.972+0000] {processor.py:208} INFO - Processing /home/airflow/.local/lib/python3.12/site-packages/airflow/example_dags/example_task_group.py took 0.166 seconds
[2024-11-20T14:34:02.970+0000] {processor.py:186} INFO - Started process (PID=2145) to work on /home/airflow/.local/lib/python3.12/site-packages/airflow/example_dags/example_task_group.py
[2024-11-20T14:34:02.972+0000] {processor.py:914} INFO - Processing file /home/airflow/.local/lib/python3.12/site-packages/airflow/example_dags/example_task_group.py for tasks to queue
[2024-11-20T14:34:02.975+0000] {logging_mixin.py:190} INFO - [2024-11-20T14:34:02.975+0000] {dagbag.py:588} INFO - Filling up the DagBag from /home/airflow/.local/lib/python3.12/site-packages/airflow/example_dags/example_task_group.py
[2024-11-20T14:34:02.989+0000] {processor.py:925} INFO - DAG(s) 'example_task_group' retrieved from /home/airflow/.local/lib/python3.12/site-packages/airflow/example_dags/example_task_group.py
[2024-11-20T14:34:03.022+0000] {logging_mixin.py:190} INFO - [2024-11-20T14:34:03.022+0000] {dag.py:3239} INFO - Sync 1 DAGs
[2024-11-20T14:34:03.045+0000] {logging_mixin.py:190} INFO - [2024-11-20T14:34:03.045+0000] {dag.py:4180} INFO - Setting next_dagrun for example_task_group to None, run_after=None
[2024-11-20T14:34:03.078+0000] {processor.py:208} INFO - Processing /home/airflow/.local/lib/python3.12/site-packages/airflow/example_dags/example_task_group.py took 0.118 seconds
[2024-11-20T14:34:33.344+0000] {processor.py:186} INFO - Started process (PID=2208) to work on /home/airflow/.local/lib/python3.12/site-packages/airflow/example_dags/example_task_group.py
[2024-11-20T14:34:33.345+0000] {processor.py:914} INFO - Processing file /home/airflow/.local/lib/python3.12/site-packages/airflow/example_dags/example_task_group.py for tasks to queue
[2024-11-20T14:34:33.348+0000] {logging_mixin.py:190} INFO - [2024-11-20T14:34:33.348+0000] {dagbag.py:588} INFO - Filling up the DagBag from /home/airflow/.local/lib/python3.12/site-packages/airflow/example_dags/example_task_group.py
[2024-11-20T14:34:33.361+0000] {processor.py:925} INFO - DAG(s) 'example_task_group' retrieved from /home/airflow/.local/lib/python3.12/site-packages/airflow/example_dags/example_task_group.py
[2024-11-20T14:34:33.399+0000] {logging_mixin.py:190} INFO - [2024-11-20T14:34:33.399+0000] {dag.py:3239} INFO - Sync 1 DAGs
[2024-11-20T14:34:33.429+0000] {logging_mixin.py:190} INFO - [2024-11-20T14:34:33.429+0000] {dag.py:4180} INFO - Setting next_dagrun for example_task_group to None, run_after=None
[2024-11-20T14:34:33.465+0000] {processor.py:208} INFO - Processing /home/airflow/.local/lib/python3.12/site-packages/airflow/example_dags/example_task_group.py took 0.131 seconds
[2024-11-20T14:35:03.698+0000] {processor.py:186} INFO - Started process (PID=2270) to work on /home/airflow/.local/lib/python3.12/site-packages/airflow/example_dags/example_task_group.py
[2024-11-20T14:35:03.699+0000] {processor.py:914} INFO - Processing file /home/airflow/.local/lib/python3.12/site-packages/airflow/example_dags/example_task_group.py for tasks to queue
[2024-11-20T14:35:03.703+0000] {logging_mixin.py:190} INFO - [2024-11-20T14:35:03.703+0000] {dagbag.py:588} INFO - Filling up the DagBag from /home/airflow/.local/lib/python3.12/site-packages/airflow/example_dags/example_task_group.py
[2024-11-20T14:35:03.716+0000] {processor.py:925} INFO - DAG(s) 'example_task_group' retrieved from /home/airflow/.local/lib/python3.12/site-packages/airflow/example_dags/example_task_group.py
[2024-11-20T14:35:03.751+0000] {logging_mixin.py:190} INFO - [2024-11-20T14:35:03.751+0000] {dag.py:3239} INFO - Sync 1 DAGs
[2024-11-20T14:35:03.775+0000] {logging_mixin.py:190} INFO - [2024-11-20T14:35:03.775+0000] {dag.py:4180} INFO - Setting next_dagrun for example_task_group to None, run_after=None
[2024-11-20T14:35:03.800+0000] {processor.py:208} INFO - Processing /home/airflow/.local/lib/python3.12/site-packages/airflow/example_dags/example_task_group.py took 0.111 seconds
[2024-11-20T14:35:34.654+0000] {processor.py:186} INFO - Started process (PID=2333) to work on /home/airflow/.local/lib/python3.12/site-packages/airflow/example_dags/example_task_group.py
[2024-11-20T14:35:34.656+0000] {processor.py:914} INFO - Processing file /home/airflow/.local/lib/python3.12/site-packages/airflow/example_dags/example_task_group.py for tasks to queue
[2024-11-20T14:35:34.660+0000] {logging_mixin.py:190} INFO - [2024-11-20T14:35:34.659+0000] {dagbag.py:588} INFO - Filling up the DagBag from /home/airflow/.local/lib/python3.12/site-packages/airflow/example_dags/example_task_group.py
[2024-11-20T14:35:34.671+0000] {processor.py:925} INFO - DAG(s) 'example_task_group' retrieved from /home/airflow/.local/lib/python3.12/site-packages/airflow/example_dags/example_task_group.py
[2024-11-20T14:35:34.706+0000] {logging_mixin.py:190} INFO - [2024-11-20T14:35:34.706+0000] {dag.py:3239} INFO - Sync 1 DAGs
[2024-11-20T14:35:34.733+0000] {logging_mixin.py:190} INFO - [2024-11-20T14:35:34.733+0000] {dag.py:4180} INFO - Setting next_dagrun for example_task_group to None, run_after=None
[2024-11-20T14:35:34.770+0000] {processor.py:208} INFO - Processing /home/airflow/.local/lib/python3.12/site-packages/airflow/example_dags/example_task_group.py took 0.125 seconds
[2024-11-20T14:36:05.676+0000] {processor.py:186} INFO - Started process (PID=2396) to work on /home/airflow/.local/lib/python3.12/site-packages/airflow/example_dags/example_task_group.py
[2024-11-20T14:36:05.677+0000] {processor.py:914} INFO - Processing file /home/airflow/.local/lib/python3.12/site-packages/airflow/example_dags/example_task_group.py for tasks to queue
[2024-11-20T14:36:05.682+0000] {logging_mixin.py:190} INFO - [2024-11-20T14:36:05.682+0000] {dagbag.py:588} INFO - Filling up the DagBag from /home/airflow/.local/lib/python3.12/site-packages/airflow/example_dags/example_task_group.py
[2024-11-20T14:36:05.695+0000] {processor.py:925} INFO - DAG(s) 'example_task_group' retrieved from /home/airflow/.local/lib/python3.12/site-packages/airflow/example_dags/example_task_group.py
[2024-11-20T14:36:05.729+0000] {logging_mixin.py:190} INFO - [2024-11-20T14:36:05.728+0000] {dag.py:3239} INFO - Sync 1 DAGs
[2024-11-20T14:36:05.753+0000] {logging_mixin.py:190} INFO - [2024-11-20T14:36:05.753+0000] {dag.py:4180} INFO - Setting next_dagrun for example_task_group to None, run_after=None
[2024-11-20T14:36:05.781+0000] {processor.py:208} INFO - Processing /home/airflow/.local/lib/python3.12/site-packages/airflow/example_dags/example_task_group.py took 0.114 seconds
[2024-11-20T14:36:36.783+0000] {processor.py:186} INFO - Started process (PID=2458) to work on /home/airflow/.local/lib/python3.12/site-packages/airflow/example_dags/example_task_group.py
[2024-11-20T14:36:36.785+0000] {processor.py:914} INFO - Processing file /home/airflow/.local/lib/python3.12/site-packages/airflow/example_dags/example_task_group.py for tasks to queue
[2024-11-20T14:36:36.790+0000] {logging_mixin.py:190} INFO - [2024-11-20T14:36:36.789+0000] {dagbag.py:588} INFO - Filling up the DagBag from /home/airflow/.local/lib/python3.12/site-packages/airflow/example_dags/example_task_group.py
[2024-11-20T14:36:36.808+0000] {processor.py:925} INFO - DAG(s) 'example_task_group' retrieved from /home/airflow/.local/lib/python3.12/site-packages/airflow/example_dags/example_task_group.py
[2024-11-20T14:36:36.849+0000] {logging_mixin.py:190} INFO - [2024-11-20T14:36:36.849+0000] {dag.py:3239} INFO - Sync 1 DAGs
[2024-11-20T14:36:36.882+0000] {logging_mixin.py:190} INFO - [2024-11-20T14:36:36.881+0000] {dag.py:4180} INFO - Setting next_dagrun for example_task_group to None, run_after=None
[2024-11-20T14:36:36.913+0000] {processor.py:208} INFO - Processing /home/airflow/.local/lib/python3.12/site-packages/airflow/example_dags/example_task_group.py took 0.141 seconds
[2024-11-20T14:37:08.033+0000] {processor.py:186} INFO - Started process (PID=2521) to work on /home/airflow/.local/lib/python3.12/site-packages/airflow/example_dags/example_task_group.py
[2024-11-20T14:37:08.036+0000] {processor.py:914} INFO - Processing file /home/airflow/.local/lib/python3.12/site-packages/airflow/example_dags/example_task_group.py for tasks to queue
[2024-11-20T14:37:08.047+0000] {logging_mixin.py:190} INFO - [2024-11-20T14:37:08.046+0000] {dagbag.py:588} INFO - Filling up the DagBag from /home/airflow/.local/lib/python3.12/site-packages/airflow/example_dags/example_task_group.py
[2024-11-20T14:37:08.075+0000] {processor.py:925} INFO - DAG(s) 'example_task_group' retrieved from /home/airflow/.local/lib/python3.12/site-packages/airflow/example_dags/example_task_group.py
[2024-11-20T14:37:08.155+0000] {logging_mixin.py:190} INFO - [2024-11-20T14:37:08.155+0000] {dag.py:3239} INFO - Sync 1 DAGs
[2024-11-20T14:37:08.198+0000] {logging_mixin.py:190} INFO - [2024-11-20T14:37:08.198+0000] {dag.py:4180} INFO - Setting next_dagrun for example_task_group to None, run_after=None
[2024-11-20T14:37:08.257+0000] {processor.py:208} INFO - Processing /home/airflow/.local/lib/python3.12/site-packages/airflow/example_dags/example_task_group.py took 0.240 seconds
[2024-11-20T14:37:38.347+0000] {processor.py:186} INFO - Started process (PID=2582) to work on /home/airflow/.local/lib/python3.12/site-packages/airflow/example_dags/example_task_group.py
[2024-11-20T14:37:38.349+0000] {processor.py:914} INFO - Processing file /home/airflow/.local/lib/python3.12/site-packages/airflow/example_dags/example_task_group.py for tasks to queue
[2024-11-20T14:37:38.356+0000] {logging_mixin.py:190} INFO - [2024-11-20T14:37:38.355+0000] {dagbag.py:588} INFO - Filling up the DagBag from /home/airflow/.local/lib/python3.12/site-packages/airflow/example_dags/example_task_group.py
[2024-11-20T14:37:38.379+0000] {processor.py:925} INFO - DAG(s) 'example_task_group' retrieved from /home/airflow/.local/lib/python3.12/site-packages/airflow/example_dags/example_task_group.py
[2024-11-20T14:37:38.427+0000] {logging_mixin.py:190} INFO - [2024-11-20T14:37:38.426+0000] {dag.py:3239} INFO - Sync 1 DAGs
[2024-11-20T14:37:38.468+0000] {logging_mixin.py:190} INFO - [2024-11-20T14:37:38.468+0000] {dag.py:4180} INFO - Setting next_dagrun for example_task_group to None, run_after=None
[2024-11-20T14:37:38.515+0000] {processor.py:208} INFO - Processing /home/airflow/.local/lib/python3.12/site-packages/airflow/example_dags/example_task_group.py took 0.181 seconds
[2024-11-20T14:38:08.684+0000] {processor.py:186} INFO - Started process (PID=2644) to work on /home/airflow/.local/lib/python3.12/site-packages/airflow/example_dags/example_task_group.py
[2024-11-20T14:38:08.689+0000] {processor.py:914} INFO - Processing file /home/airflow/.local/lib/python3.12/site-packages/airflow/example_dags/example_task_group.py for tasks to queue
[2024-11-20T14:38:08.693+0000] {logging_mixin.py:190} INFO - [2024-11-20T14:38:08.693+0000] {dagbag.py:588} INFO - Filling up the DagBag from /home/airflow/.local/lib/python3.12/site-packages/airflow/example_dags/example_task_group.py
[2024-11-20T14:38:08.712+0000] {processor.py:925} INFO - DAG(s) 'example_task_group' retrieved from /home/airflow/.local/lib/python3.12/site-packages/airflow/example_dags/example_task_group.py
[2024-11-20T14:38:08.765+0000] {logging_mixin.py:190} INFO - [2024-11-20T14:38:08.764+0000] {dag.py:3239} INFO - Sync 1 DAGs
[2024-11-20T14:38:08.807+0000] {logging_mixin.py:190} INFO - [2024-11-20T14:38:08.806+0000] {dag.py:4180} INFO - Setting next_dagrun for example_task_group to None, run_after=None
[2024-11-20T14:38:08.846+0000] {processor.py:208} INFO - Processing /home/airflow/.local/lib/python3.12/site-packages/airflow/example_dags/example_task_group.py took 0.187 seconds
