[2024-11-20T14:16:15.717+0000] {processor.py:186} INFO - Started process (PID=98) to work on /home/airflow/.local/lib/python3.12/site-packages/airflow/example_dags/example_kubernetes_executor.py
[2024-11-20T14:16:15.718+0000] {processor.py:914} INFO - Processing file /home/airflow/.local/lib/python3.12/site-packages/airflow/example_dags/example_kubernetes_executor.py for tasks to queue
[2024-11-20T14:16:15.722+0000] {logging_mixin.py:190} INFO - [2024-11-20T14:16:15.722+0000] {dagbag.py:588} INFO - Filling up the DagBag from /home/airflow/.local/lib/python3.12/site-packages/airflow/example_dags/example_kubernetes_executor.py
[2024-11-20T14:16:15.759+0000] {processor.py:925} INFO - DAG(s) 'example_kubernetes_executor' retrieved from /home/airflow/.local/lib/python3.12/site-packages/airflow/example_dags/example_kubernetes_executor.py
[2024-11-20T14:16:16.046+0000] {logging_mixin.py:190} INFO - [2024-11-20T14:16:16.044+0000] {override.py:1911} INFO - Created Permission View: can delete on DAG:example_kubernetes_executor
[2024-11-20T14:16:16.070+0000] {logging_mixin.py:190} INFO - [2024-11-20T14:16:16.069+0000] {override.py:1911} INFO - Created Permission View: can read on DAG:example_kubernetes_executor
[2024-11-20T14:16:16.084+0000] {logging_mixin.py:190} INFO - [2024-11-20T14:16:16.084+0000] {override.py:1911} INFO - Created Permission View: can edit on DAG:example_kubernetes_executor
[2024-11-20T14:16:16.100+0000] {logging_mixin.py:190} INFO - [2024-11-20T14:16:16.100+0000] {override.py:1911} INFO - Created Permission View: can delete on DAG Run:example_kubernetes_executor
[2024-11-20T14:16:16.115+0000] {logging_mixin.py:190} INFO - [2024-11-20T14:16:16.114+0000] {override.py:1911} INFO - Created Permission View: menu access on DAG Run:example_kubernetes_executor
[2024-11-20T14:16:16.129+0000] {logging_mixin.py:190} INFO - [2024-11-20T14:16:16.128+0000] {override.py:1911} INFO - Created Permission View: can read on DAG Run:example_kubernetes_executor
[2024-11-20T14:16:16.143+0000] {logging_mixin.py:190} INFO - [2024-11-20T14:16:16.143+0000] {override.py:1911} INFO - Created Permission View: can create on DAG Run:example_kubernetes_executor
[2024-11-20T14:16:16.144+0000] {logging_mixin.py:190} INFO - [2024-11-20T14:16:16.144+0000] {dag.py:3239} INFO - Sync 1 DAGs
[2024-11-20T14:16:16.172+0000] {logging_mixin.py:190} INFO - [2024-11-20T14:16:16.172+0000] {dag.py:3262} INFO - Creating ORM DAG for example_kubernetes_executor
[2024-11-20T14:16:16.174+0000] {logging_mixin.py:190} INFO - [2024-11-20T14:16:16.173+0000] {dag.py:4180} INFO - Setting next_dagrun for example_kubernetes_executor to None, run_after=None
[2024-11-20T14:16:16.207+0000] {processor.py:208} INFO - Processing /home/airflow/.local/lib/python3.12/site-packages/airflow/example_dags/example_kubernetes_executor.py took 0.502 seconds
[2024-11-20T14:16:46.287+0000] {processor.py:186} INFO - Started process (PID=160) to work on /home/airflow/.local/lib/python3.12/site-packages/airflow/example_dags/example_kubernetes_executor.py
[2024-11-20T14:16:46.288+0000] {processor.py:914} INFO - Processing file /home/airflow/.local/lib/python3.12/site-packages/airflow/example_dags/example_kubernetes_executor.py for tasks to queue
[2024-11-20T14:16:46.291+0000] {logging_mixin.py:190} INFO - [2024-11-20T14:16:46.290+0000] {dagbag.py:588} INFO - Filling up the DagBag from /home/airflow/.local/lib/python3.12/site-packages/airflow/example_dags/example_kubernetes_executor.py
[2024-11-20T14:16:46.312+0000] {processor.py:925} INFO - DAG(s) 'example_kubernetes_executor' retrieved from /home/airflow/.local/lib/python3.12/site-packages/airflow/example_dags/example_kubernetes_executor.py
[2024-11-20T14:16:46.385+0000] {logging_mixin.py:190} INFO - [2024-11-20T14:16:46.384+0000] {dag.py:3239} INFO - Sync 1 DAGs
[2024-11-20T14:16:46.415+0000] {logging_mixin.py:190} INFO - [2024-11-20T14:16:46.415+0000] {dag.py:4180} INFO - Setting next_dagrun for example_kubernetes_executor to None, run_after=None
[2024-11-20T14:16:46.484+0000] {processor.py:208} INFO - Processing /home/airflow/.local/lib/python3.12/site-packages/airflow/example_dags/example_kubernetes_executor.py took 0.208 seconds
[2024-11-20T14:17:16.729+0000] {processor.py:186} INFO - Started process (PID=222) to work on /home/airflow/.local/lib/python3.12/site-packages/airflow/example_dags/example_kubernetes_executor.py
[2024-11-20T14:17:16.731+0000] {processor.py:914} INFO - Processing file /home/airflow/.local/lib/python3.12/site-packages/airflow/example_dags/example_kubernetes_executor.py for tasks to queue
[2024-11-20T14:17:16.735+0000] {logging_mixin.py:190} INFO - [2024-11-20T14:17:16.734+0000] {dagbag.py:588} INFO - Filling up the DagBag from /home/airflow/.local/lib/python3.12/site-packages/airflow/example_dags/example_kubernetes_executor.py
[2024-11-20T14:17:16.755+0000] {processor.py:925} INFO - DAG(s) 'example_kubernetes_executor' retrieved from /home/airflow/.local/lib/python3.12/site-packages/airflow/example_dags/example_kubernetes_executor.py
[2024-11-20T14:17:16.843+0000] {logging_mixin.py:190} INFO - [2024-11-20T14:17:16.843+0000] {dag.py:3239} INFO - Sync 1 DAGs
[2024-11-20T14:17:16.885+0000] {logging_mixin.py:190} INFO - [2024-11-20T14:17:16.885+0000] {dag.py:4180} INFO - Setting next_dagrun for example_kubernetes_executor to None, run_after=None
[2024-11-20T14:17:16.934+0000] {processor.py:208} INFO - Processing /home/airflow/.local/lib/python3.12/site-packages/airflow/example_dags/example_kubernetes_executor.py took 0.216 seconds
[2024-11-20T14:17:47.940+0000] {processor.py:186} INFO - Started process (PID=285) to work on /home/airflow/.local/lib/python3.12/site-packages/airflow/example_dags/example_kubernetes_executor.py
[2024-11-20T14:17:47.941+0000] {processor.py:914} INFO - Processing file /home/airflow/.local/lib/python3.12/site-packages/airflow/example_dags/example_kubernetes_executor.py for tasks to queue
[2024-11-20T14:17:47.944+0000] {logging_mixin.py:190} INFO - [2024-11-20T14:17:47.944+0000] {dagbag.py:588} INFO - Filling up the DagBag from /home/airflow/.local/lib/python3.12/site-packages/airflow/example_dags/example_kubernetes_executor.py
[2024-11-20T14:17:47.969+0000] {processor.py:925} INFO - DAG(s) 'example_kubernetes_executor' retrieved from /home/airflow/.local/lib/python3.12/site-packages/airflow/example_dags/example_kubernetes_executor.py
[2024-11-20T14:17:48.034+0000] {logging_mixin.py:190} INFO - [2024-11-20T14:17:48.034+0000] {dag.py:3239} INFO - Sync 1 DAGs
[2024-11-20T14:17:48.058+0000] {logging_mixin.py:190} INFO - [2024-11-20T14:17:48.058+0000] {dag.py:4180} INFO - Setting next_dagrun for example_kubernetes_executor to None, run_after=None
[2024-11-20T14:17:48.101+0000] {processor.py:208} INFO - Processing /home/airflow/.local/lib/python3.12/site-packages/airflow/example_dags/example_kubernetes_executor.py took 0.174 seconds
[2024-11-20T14:18:19.657+0000] {processor.py:186} INFO - Started process (PID=348) to work on /home/airflow/.local/lib/python3.12/site-packages/airflow/example_dags/example_kubernetes_executor.py
[2024-11-20T14:18:19.659+0000] {processor.py:914} INFO - Processing file /home/airflow/.local/lib/python3.12/site-packages/airflow/example_dags/example_kubernetes_executor.py for tasks to queue
[2024-11-20T14:18:19.663+0000] {logging_mixin.py:190} INFO - [2024-11-20T14:18:19.662+0000] {dagbag.py:588} INFO - Filling up the DagBag from /home/airflow/.local/lib/python3.12/site-packages/airflow/example_dags/example_kubernetes_executor.py
[2024-11-20T14:18:19.687+0000] {processor.py:925} INFO - DAG(s) 'example_kubernetes_executor' retrieved from /home/airflow/.local/lib/python3.12/site-packages/airflow/example_dags/example_kubernetes_executor.py
[2024-11-20T14:18:19.761+0000] {logging_mixin.py:190} INFO - [2024-11-20T14:18:19.759+0000] {dag.py:3239} INFO - Sync 1 DAGs
[2024-11-20T14:18:19.798+0000] {logging_mixin.py:190} INFO - [2024-11-20T14:18:19.797+0000] {dag.py:4180} INFO - Setting next_dagrun for example_kubernetes_executor to None, run_after=None
[2024-11-20T14:18:19.836+0000] {processor.py:208} INFO - Processing /home/airflow/.local/lib/python3.12/site-packages/airflow/example_dags/example_kubernetes_executor.py took 0.192 seconds
[2024-11-20T14:18:54.498+0000] {processor.py:186} INFO - Started process (PID=413) to work on /home/airflow/.local/lib/python3.12/site-packages/airflow/example_dags/example_kubernetes_executor.py
[2024-11-20T14:18:54.512+0000] {processor.py:914} INFO - Processing file /home/airflow/.local/lib/python3.12/site-packages/airflow/example_dags/example_kubernetes_executor.py for tasks to queue
[2024-11-20T14:18:54.517+0000] {logging_mixin.py:190} INFO - [2024-11-20T14:18:54.516+0000] {dagbag.py:588} INFO - Filling up the DagBag from /home/airflow/.local/lib/python3.12/site-packages/airflow/example_dags/example_kubernetes_executor.py
[2024-11-20T14:18:54.546+0000] {processor.py:925} INFO - DAG(s) 'example_kubernetes_executor' retrieved from /home/airflow/.local/lib/python3.12/site-packages/airflow/example_dags/example_kubernetes_executor.py
[2024-11-20T14:18:54.619+0000] {logging_mixin.py:190} INFO - [2024-11-20T14:18:54.618+0000] {dag.py:3239} INFO - Sync 1 DAGs
[2024-11-20T14:18:54.650+0000] {logging_mixin.py:190} INFO - [2024-11-20T14:18:54.650+0000] {dag.py:4180} INFO - Setting next_dagrun for example_kubernetes_executor to None, run_after=None
[2024-11-20T14:18:54.694+0000] {processor.py:208} INFO - Processing /home/airflow/.local/lib/python3.12/site-packages/airflow/example_dags/example_kubernetes_executor.py took 0.208 seconds
[2024-11-20T14:19:26.709+0000] {processor.py:186} INFO - Started process (PID=475) to work on /home/airflow/.local/lib/python3.12/site-packages/airflow/example_dags/example_kubernetes_executor.py
[2024-11-20T14:19:26.711+0000] {processor.py:914} INFO - Processing file /home/airflow/.local/lib/python3.12/site-packages/airflow/example_dags/example_kubernetes_executor.py for tasks to queue
[2024-11-20T14:19:26.716+0000] {logging_mixin.py:190} INFO - [2024-11-20T14:19:26.715+0000] {dagbag.py:588} INFO - Filling up the DagBag from /home/airflow/.local/lib/python3.12/site-packages/airflow/example_dags/example_kubernetes_executor.py
[2024-11-20T14:19:26.754+0000] {processor.py:925} INFO - DAG(s) 'example_kubernetes_executor' retrieved from /home/airflow/.local/lib/python3.12/site-packages/airflow/example_dags/example_kubernetes_executor.py
[2024-11-20T14:19:26.834+0000] {logging_mixin.py:190} INFO - [2024-11-20T14:19:26.834+0000] {dag.py:3239} INFO - Sync 1 DAGs
[2024-11-20T14:19:26.859+0000] {logging_mixin.py:190} INFO - [2024-11-20T14:19:26.859+0000] {dag.py:4180} INFO - Setting next_dagrun for example_kubernetes_executor to None, run_after=None
[2024-11-20T14:19:26.887+0000] {processor.py:208} INFO - Processing /home/airflow/.local/lib/python3.12/site-packages/airflow/example_dags/example_kubernetes_executor.py took 0.195 seconds
[2024-11-20T14:19:59.078+0000] {processor.py:186} INFO - Started process (PID=538) to work on /home/airflow/.local/lib/python3.12/site-packages/airflow/example_dags/example_kubernetes_executor.py
[2024-11-20T14:19:59.080+0000] {processor.py:914} INFO - Processing file /home/airflow/.local/lib/python3.12/site-packages/airflow/example_dags/example_kubernetes_executor.py for tasks to queue
[2024-11-20T14:19:59.085+0000] {logging_mixin.py:190} INFO - [2024-11-20T14:19:59.084+0000] {dagbag.py:588} INFO - Filling up the DagBag from /home/airflow/.local/lib/python3.12/site-packages/airflow/example_dags/example_kubernetes_executor.py
[2024-11-20T14:19:59.116+0000] {processor.py:925} INFO - DAG(s) 'example_kubernetes_executor' retrieved from /home/airflow/.local/lib/python3.12/site-packages/airflow/example_dags/example_kubernetes_executor.py
[2024-11-20T14:19:59.190+0000] {logging_mixin.py:190} INFO - [2024-11-20T14:19:59.189+0000] {dag.py:3239} INFO - Sync 1 DAGs
[2024-11-20T14:19:59.223+0000] {logging_mixin.py:190} INFO - [2024-11-20T14:19:59.222+0000] {dag.py:4180} INFO - Setting next_dagrun for example_kubernetes_executor to None, run_after=None
[2024-11-20T14:19:59.259+0000] {processor.py:208} INFO - Processing /home/airflow/.local/lib/python3.12/site-packages/airflow/example_dags/example_kubernetes_executor.py took 0.198 seconds
[2024-11-20T14:20:30.531+0000] {processor.py:186} INFO - Started process (PID=601) to work on /home/airflow/.local/lib/python3.12/site-packages/airflow/example_dags/example_kubernetes_executor.py
[2024-11-20T14:20:30.532+0000] {processor.py:914} INFO - Processing file /home/airflow/.local/lib/python3.12/site-packages/airflow/example_dags/example_kubernetes_executor.py for tasks to queue
[2024-11-20T14:20:30.539+0000] {logging_mixin.py:190} INFO - [2024-11-20T14:20:30.538+0000] {dagbag.py:588} INFO - Filling up the DagBag from /home/airflow/.local/lib/python3.12/site-packages/airflow/example_dags/example_kubernetes_executor.py
[2024-11-20T14:20:30.573+0000] {processor.py:925} INFO - DAG(s) 'example_kubernetes_executor' retrieved from /home/airflow/.local/lib/python3.12/site-packages/airflow/example_dags/example_kubernetes_executor.py
[2024-11-20T14:20:30.639+0000] {logging_mixin.py:190} INFO - [2024-11-20T14:20:30.638+0000] {dag.py:3239} INFO - Sync 1 DAGs
[2024-11-20T14:20:30.666+0000] {logging_mixin.py:190} INFO - [2024-11-20T14:20:30.665+0000] {dag.py:4180} INFO - Setting next_dagrun for example_kubernetes_executor to None, run_after=None
[2024-11-20T14:20:30.698+0000] {processor.py:208} INFO - Processing /home/airflow/.local/lib/python3.12/site-packages/airflow/example_dags/example_kubernetes_executor.py took 0.182 seconds
[2024-11-20T14:21:02.077+0000] {processor.py:186} INFO - Started process (PID=664) to work on /home/airflow/.local/lib/python3.12/site-packages/airflow/example_dags/example_kubernetes_executor.py
[2024-11-20T14:21:02.078+0000] {processor.py:914} INFO - Processing file /home/airflow/.local/lib/python3.12/site-packages/airflow/example_dags/example_kubernetes_executor.py for tasks to queue
[2024-11-20T14:21:02.082+0000] {logging_mixin.py:190} INFO - [2024-11-20T14:21:02.082+0000] {dagbag.py:588} INFO - Filling up the DagBag from /home/airflow/.local/lib/python3.12/site-packages/airflow/example_dags/example_kubernetes_executor.py
[2024-11-20T14:21:02.104+0000] {processor.py:925} INFO - DAG(s) 'example_kubernetes_executor' retrieved from /home/airflow/.local/lib/python3.12/site-packages/airflow/example_dags/example_kubernetes_executor.py
[2024-11-20T14:21:02.157+0000] {logging_mixin.py:190} INFO - [2024-11-20T14:21:02.157+0000] {dag.py:3239} INFO - Sync 1 DAGs
[2024-11-20T14:21:02.184+0000] {logging_mixin.py:190} INFO - [2024-11-20T14:21:02.183+0000] {dag.py:4180} INFO - Setting next_dagrun for example_kubernetes_executor to None, run_after=None
[2024-11-20T14:21:02.231+0000] {processor.py:208} INFO - Processing /home/airflow/.local/lib/python3.12/site-packages/airflow/example_dags/example_kubernetes_executor.py took 0.164 seconds
[2024-11-20T14:21:33.248+0000] {processor.py:186} INFO - Started process (PID=727) to work on /home/airflow/.local/lib/python3.12/site-packages/airflow/example_dags/example_kubernetes_executor.py
[2024-11-20T14:21:33.250+0000] {processor.py:914} INFO - Processing file /home/airflow/.local/lib/python3.12/site-packages/airflow/example_dags/example_kubernetes_executor.py for tasks to queue
[2024-11-20T14:21:33.253+0000] {logging_mixin.py:190} INFO - [2024-11-20T14:21:33.253+0000] {dagbag.py:588} INFO - Filling up the DagBag from /home/airflow/.local/lib/python3.12/site-packages/airflow/example_dags/example_kubernetes_executor.py
[2024-11-20T14:21:33.273+0000] {processor.py:925} INFO - DAG(s) 'example_kubernetes_executor' retrieved from /home/airflow/.local/lib/python3.12/site-packages/airflow/example_dags/example_kubernetes_executor.py
[2024-11-20T14:21:33.325+0000] {logging_mixin.py:190} INFO - [2024-11-20T14:21:33.325+0000] {dag.py:3239} INFO - Sync 1 DAGs
[2024-11-20T14:21:33.353+0000] {logging_mixin.py:190} INFO - [2024-11-20T14:21:33.353+0000] {dag.py:4180} INFO - Setting next_dagrun for example_kubernetes_executor to None, run_after=None
[2024-11-20T14:21:33.382+0000] {processor.py:208} INFO - Processing /home/airflow/.local/lib/python3.12/site-packages/airflow/example_dags/example_kubernetes_executor.py took 0.143 seconds
[2024-11-20T14:22:05.724+0000] {processor.py:186} INFO - Started process (PID=790) to work on /home/airflow/.local/lib/python3.12/site-packages/airflow/example_dags/example_kubernetes_executor.py
[2024-11-20T14:22:05.726+0000] {processor.py:914} INFO - Processing file /home/airflow/.local/lib/python3.12/site-packages/airflow/example_dags/example_kubernetes_executor.py for tasks to queue
[2024-11-20T14:22:05.731+0000] {logging_mixin.py:190} INFO - [2024-11-20T14:22:05.730+0000] {dagbag.py:588} INFO - Filling up the DagBag from /home/airflow/.local/lib/python3.12/site-packages/airflow/example_dags/example_kubernetes_executor.py
[2024-11-20T14:22:05.754+0000] {processor.py:925} INFO - DAG(s) 'example_kubernetes_executor' retrieved from /home/airflow/.local/lib/python3.12/site-packages/airflow/example_dags/example_kubernetes_executor.py
[2024-11-20T14:22:05.826+0000] {logging_mixin.py:190} INFO - [2024-11-20T14:22:05.825+0000] {dag.py:3239} INFO - Sync 1 DAGs
[2024-11-20T14:22:05.859+0000] {logging_mixin.py:190} INFO - [2024-11-20T14:22:05.859+0000] {dag.py:4180} INFO - Setting next_dagrun for example_kubernetes_executor to None, run_after=None
[2024-11-20T14:22:05.900+0000] {processor.py:208} INFO - Processing /home/airflow/.local/lib/python3.12/site-packages/airflow/example_dags/example_kubernetes_executor.py took 0.188 seconds
[2024-11-20T14:22:38.376+0000] {processor.py:186} INFO - Started process (PID=853) to work on /home/airflow/.local/lib/python3.12/site-packages/airflow/example_dags/example_kubernetes_executor.py
[2024-11-20T14:22:38.378+0000] {processor.py:914} INFO - Processing file /home/airflow/.local/lib/python3.12/site-packages/airflow/example_dags/example_kubernetes_executor.py for tasks to queue
[2024-11-20T14:22:38.384+0000] {logging_mixin.py:190} INFO - [2024-11-20T14:22:38.383+0000] {dagbag.py:588} INFO - Filling up the DagBag from /home/airflow/.local/lib/python3.12/site-packages/airflow/example_dags/example_kubernetes_executor.py
[2024-11-20T14:22:38.413+0000] {processor.py:925} INFO - DAG(s) 'example_kubernetes_executor' retrieved from /home/airflow/.local/lib/python3.12/site-packages/airflow/example_dags/example_kubernetes_executor.py
[2024-11-20T14:22:38.495+0000] {logging_mixin.py:190} INFO - [2024-11-20T14:22:38.495+0000] {dag.py:3239} INFO - Sync 1 DAGs
[2024-11-20T14:22:38.524+0000] {logging_mixin.py:190} INFO - [2024-11-20T14:22:38.523+0000] {dag.py:4180} INFO - Setting next_dagrun for example_kubernetes_executor to None, run_after=None
[2024-11-20T14:22:38.560+0000] {processor.py:208} INFO - Processing /home/airflow/.local/lib/python3.12/site-packages/airflow/example_dags/example_kubernetes_executor.py took 0.197 seconds
[2024-11-20T14:23:10.446+0000] {processor.py:186} INFO - Started process (PID=917) to work on /home/airflow/.local/lib/python3.12/site-packages/airflow/example_dags/example_kubernetes_executor.py
[2024-11-20T14:23:10.448+0000] {processor.py:914} INFO - Processing file /home/airflow/.local/lib/python3.12/site-packages/airflow/example_dags/example_kubernetes_executor.py for tasks to queue
[2024-11-20T14:23:10.453+0000] {logging_mixin.py:190} INFO - [2024-11-20T14:23:10.453+0000] {dagbag.py:588} INFO - Filling up the DagBag from /home/airflow/.local/lib/python3.12/site-packages/airflow/example_dags/example_kubernetes_executor.py
[2024-11-20T14:23:10.489+0000] {processor.py:925} INFO - DAG(s) 'example_kubernetes_executor' retrieved from /home/airflow/.local/lib/python3.12/site-packages/airflow/example_dags/example_kubernetes_executor.py
[2024-11-20T14:23:10.581+0000] {logging_mixin.py:190} INFO - [2024-11-20T14:23:10.580+0000] {dag.py:3239} INFO - Sync 1 DAGs
[2024-11-20T14:23:10.615+0000] {logging_mixin.py:190} INFO - [2024-11-20T14:23:10.615+0000] {dag.py:4180} INFO - Setting next_dagrun for example_kubernetes_executor to None, run_after=None
[2024-11-20T14:23:10.658+0000] {processor.py:208} INFO - Processing /home/airflow/.local/lib/python3.12/site-packages/airflow/example_dags/example_kubernetes_executor.py took 0.228 seconds
[2024-11-20T14:23:42.207+0000] {processor.py:186} INFO - Started process (PID=979) to work on /home/airflow/.local/lib/python3.12/site-packages/airflow/example_dags/example_kubernetes_executor.py
[2024-11-20T14:23:42.209+0000] {processor.py:914} INFO - Processing file /home/airflow/.local/lib/python3.12/site-packages/airflow/example_dags/example_kubernetes_executor.py for tasks to queue
[2024-11-20T14:23:42.216+0000] {logging_mixin.py:190} INFO - [2024-11-20T14:23:42.216+0000] {dagbag.py:588} INFO - Filling up the DagBag from /home/airflow/.local/lib/python3.12/site-packages/airflow/example_dags/example_kubernetes_executor.py
[2024-11-20T14:23:42.243+0000] {processor.py:925} INFO - DAG(s) 'example_kubernetes_executor' retrieved from /home/airflow/.local/lib/python3.12/site-packages/airflow/example_dags/example_kubernetes_executor.py
[2024-11-20T14:23:42.308+0000] {logging_mixin.py:190} INFO - [2024-11-20T14:23:42.308+0000] {dag.py:3239} INFO - Sync 1 DAGs
[2024-11-20T14:23:42.336+0000] {logging_mixin.py:190} INFO - [2024-11-20T14:23:42.335+0000] {dag.py:4180} INFO - Setting next_dagrun for example_kubernetes_executor to None, run_after=None
[2024-11-20T14:23:42.368+0000] {processor.py:208} INFO - Processing /home/airflow/.local/lib/python3.12/site-packages/airflow/example_dags/example_kubernetes_executor.py took 0.175 seconds
[2024-11-20T14:24:13.747+0000] {processor.py:186} INFO - Started process (PID=1042) to work on /home/airflow/.local/lib/python3.12/site-packages/airflow/example_dags/example_kubernetes_executor.py
[2024-11-20T14:24:13.748+0000] {processor.py:914} INFO - Processing file /home/airflow/.local/lib/python3.12/site-packages/airflow/example_dags/example_kubernetes_executor.py for tasks to queue
[2024-11-20T14:24:13.752+0000] {logging_mixin.py:190} INFO - [2024-11-20T14:24:13.751+0000] {dagbag.py:588} INFO - Filling up the DagBag from /home/airflow/.local/lib/python3.12/site-packages/airflow/example_dags/example_kubernetes_executor.py
[2024-11-20T14:24:13.774+0000] {processor.py:925} INFO - DAG(s) 'example_kubernetes_executor' retrieved from /home/airflow/.local/lib/python3.12/site-packages/airflow/example_dags/example_kubernetes_executor.py
[2024-11-20T14:24:13.834+0000] {logging_mixin.py:190} INFO - [2024-11-20T14:24:13.833+0000] {dag.py:3239} INFO - Sync 1 DAGs
[2024-11-20T14:24:13.859+0000] {logging_mixin.py:190} INFO - [2024-11-20T14:24:13.858+0000] {dag.py:4180} INFO - Setting next_dagrun for example_kubernetes_executor to None, run_after=None
[2024-11-20T14:24:13.900+0000] {processor.py:208} INFO - Processing /home/airflow/.local/lib/python3.12/site-packages/airflow/example_dags/example_kubernetes_executor.py took 0.162 seconds
[2024-11-20T14:24:45.778+0000] {processor.py:186} INFO - Started process (PID=1110) to work on /home/airflow/.local/lib/python3.12/site-packages/airflow/example_dags/example_kubernetes_executor.py
[2024-11-20T14:24:45.779+0000] {processor.py:914} INFO - Processing file /home/airflow/.local/lib/python3.12/site-packages/airflow/example_dags/example_kubernetes_executor.py for tasks to queue
[2024-11-20T14:24:45.783+0000] {logging_mixin.py:190} INFO - [2024-11-20T14:24:45.783+0000] {dagbag.py:588} INFO - Filling up the DagBag from /home/airflow/.local/lib/python3.12/site-packages/airflow/example_dags/example_kubernetes_executor.py
[2024-11-20T14:24:45.805+0000] {processor.py:925} INFO - DAG(s) 'example_kubernetes_executor' retrieved from /home/airflow/.local/lib/python3.12/site-packages/airflow/example_dags/example_kubernetes_executor.py
[2024-11-20T14:24:45.869+0000] {logging_mixin.py:190} INFO - [2024-11-20T14:24:45.869+0000] {dag.py:3239} INFO - Sync 1 DAGs
[2024-11-20T14:24:45.891+0000] {logging_mixin.py:190} INFO - [2024-11-20T14:24:45.891+0000] {dag.py:4180} INFO - Setting next_dagrun for example_kubernetes_executor to None, run_after=None
[2024-11-20T14:24:45.931+0000] {processor.py:208} INFO - Processing /home/airflow/.local/lib/python3.12/site-packages/airflow/example_dags/example_kubernetes_executor.py took 0.162 seconds
[2024-11-20T14:25:17.642+0000] {processor.py:186} INFO - Started process (PID=1173) to work on /home/airflow/.local/lib/python3.12/site-packages/airflow/example_dags/example_kubernetes_executor.py
[2024-11-20T14:25:17.644+0000] {processor.py:914} INFO - Processing file /home/airflow/.local/lib/python3.12/site-packages/airflow/example_dags/example_kubernetes_executor.py for tasks to queue
[2024-11-20T14:25:17.649+0000] {logging_mixin.py:190} INFO - [2024-11-20T14:25:17.648+0000] {dagbag.py:588} INFO - Filling up the DagBag from /home/airflow/.local/lib/python3.12/site-packages/airflow/example_dags/example_kubernetes_executor.py
[2024-11-20T14:25:17.681+0000] {processor.py:925} INFO - DAG(s) 'example_kubernetes_executor' retrieved from /home/airflow/.local/lib/python3.12/site-packages/airflow/example_dags/example_kubernetes_executor.py
[2024-11-20T14:25:17.743+0000] {logging_mixin.py:190} INFO - [2024-11-20T14:25:17.743+0000] {dag.py:3239} INFO - Sync 1 DAGs
[2024-11-20T14:25:17.771+0000] {logging_mixin.py:190} INFO - [2024-11-20T14:25:17.771+0000] {dag.py:4180} INFO - Setting next_dagrun for example_kubernetes_executor to None, run_after=None
[2024-11-20T14:25:17.803+0000] {processor.py:208} INFO - Processing /home/airflow/.local/lib/python3.12/site-packages/airflow/example_dags/example_kubernetes_executor.py took 0.174 seconds
[2024-11-20T14:25:49.071+0000] {processor.py:186} INFO - Started process (PID=1236) to work on /home/airflow/.local/lib/python3.12/site-packages/airflow/example_dags/example_kubernetes_executor.py
[2024-11-20T14:25:49.072+0000] {processor.py:914} INFO - Processing file /home/airflow/.local/lib/python3.12/site-packages/airflow/example_dags/example_kubernetes_executor.py for tasks to queue
[2024-11-20T14:25:49.076+0000] {logging_mixin.py:190} INFO - [2024-11-20T14:25:49.075+0000] {dagbag.py:588} INFO - Filling up the DagBag from /home/airflow/.local/lib/python3.12/site-packages/airflow/example_dags/example_kubernetes_executor.py
[2024-11-20T14:25:49.099+0000] {processor.py:925} INFO - DAG(s) 'example_kubernetes_executor' retrieved from /home/airflow/.local/lib/python3.12/site-packages/airflow/example_dags/example_kubernetes_executor.py
[2024-11-20T14:25:49.159+0000] {logging_mixin.py:190} INFO - [2024-11-20T14:25:49.159+0000] {dag.py:3239} INFO - Sync 1 DAGs
[2024-11-20T14:25:49.180+0000] {logging_mixin.py:190} INFO - [2024-11-20T14:25:49.180+0000] {dag.py:4180} INFO - Setting next_dagrun for example_kubernetes_executor to None, run_after=None
[2024-11-20T14:25:49.209+0000] {processor.py:208} INFO - Processing /home/airflow/.local/lib/python3.12/site-packages/airflow/example_dags/example_kubernetes_executor.py took 0.147 seconds
[2024-11-20T14:26:21.122+0000] {processor.py:186} INFO - Started process (PID=1303) to work on /home/airflow/.local/lib/python3.12/site-packages/airflow/example_dags/example_kubernetes_executor.py
[2024-11-20T14:26:21.123+0000] {processor.py:914} INFO - Processing file /home/airflow/.local/lib/python3.12/site-packages/airflow/example_dags/example_kubernetes_executor.py for tasks to queue
[2024-11-20T14:26:21.128+0000] {logging_mixin.py:190} INFO - [2024-11-20T14:26:21.127+0000] {dagbag.py:588} INFO - Filling up the DagBag from /home/airflow/.local/lib/python3.12/site-packages/airflow/example_dags/example_kubernetes_executor.py
[2024-11-20T14:26:21.156+0000] {processor.py:925} INFO - DAG(s) 'example_kubernetes_executor' retrieved from /home/airflow/.local/lib/python3.12/site-packages/airflow/example_dags/example_kubernetes_executor.py
[2024-11-20T14:26:21.206+0000] {logging_mixin.py:190} INFO - [2024-11-20T14:26:21.206+0000] {dag.py:3239} INFO - Sync 1 DAGs
[2024-11-20T14:26:21.229+0000] {logging_mixin.py:190} INFO - [2024-11-20T14:26:21.229+0000] {dag.py:4180} INFO - Setting next_dagrun for example_kubernetes_executor to None, run_after=None
[2024-11-20T14:26:21.258+0000] {processor.py:208} INFO - Processing /home/airflow/.local/lib/python3.12/site-packages/airflow/example_dags/example_kubernetes_executor.py took 0.145 seconds
[2024-11-20T14:26:51.445+0000] {processor.py:186} INFO - Started process (PID=1365) to work on /home/airflow/.local/lib/python3.12/site-packages/airflow/example_dags/example_kubernetes_executor.py
[2024-11-20T14:26:51.447+0000] {processor.py:914} INFO - Processing file /home/airflow/.local/lib/python3.12/site-packages/airflow/example_dags/example_kubernetes_executor.py for tasks to queue
[2024-11-20T14:26:51.452+0000] {logging_mixin.py:190} INFO - [2024-11-20T14:26:51.451+0000] {dagbag.py:588} INFO - Filling up the DagBag from /home/airflow/.local/lib/python3.12/site-packages/airflow/example_dags/example_kubernetes_executor.py
[2024-11-20T14:26:51.482+0000] {processor.py:925} INFO - DAG(s) 'example_kubernetes_executor' retrieved from /home/airflow/.local/lib/python3.12/site-packages/airflow/example_dags/example_kubernetes_executor.py
[2024-11-20T14:26:51.559+0000] {logging_mixin.py:190} INFO - [2024-11-20T14:26:51.558+0000] {dag.py:3239} INFO - Sync 1 DAGs
[2024-11-20T14:26:51.591+0000] {logging_mixin.py:190} INFO - [2024-11-20T14:26:51.591+0000] {dag.py:4180} INFO - Setting next_dagrun for example_kubernetes_executor to None, run_after=None
[2024-11-20T14:26:51.638+0000] {processor.py:208} INFO - Processing /home/airflow/.local/lib/python3.12/site-packages/airflow/example_dags/example_kubernetes_executor.py took 0.205 seconds
[2024-11-20T14:28:09.386+0000] {processor.py:186} INFO - Started process (PID=1429) to work on /home/airflow/.local/lib/python3.12/site-packages/airflow/example_dags/example_kubernetes_executor.py
[2024-11-20T14:28:09.388+0000] {processor.py:914} INFO - Processing file /home/airflow/.local/lib/python3.12/site-packages/airflow/example_dags/example_kubernetes_executor.py for tasks to queue
[2024-11-20T14:28:09.392+0000] {logging_mixin.py:190} INFO - [2024-11-20T14:28:09.391+0000] {dagbag.py:588} INFO - Filling up the DagBag from /home/airflow/.local/lib/python3.12/site-packages/airflow/example_dags/example_kubernetes_executor.py
[2024-11-20T14:28:09.423+0000] {processor.py:925} INFO - DAG(s) 'example_kubernetes_executor' retrieved from /home/airflow/.local/lib/python3.12/site-packages/airflow/example_dags/example_kubernetes_executor.py
[2024-11-20T14:28:09.484+0000] {logging_mixin.py:190} INFO - [2024-11-20T14:28:09.484+0000] {dag.py:3239} INFO - Sync 1 DAGs
[2024-11-20T14:28:09.508+0000] {logging_mixin.py:190} INFO - [2024-11-20T14:28:09.508+0000] {dag.py:4180} INFO - Setting next_dagrun for example_kubernetes_executor to None, run_after=None
[2024-11-20T14:28:09.637+0000] {processor.py:208} INFO - Processing /home/airflow/.local/lib/python3.12/site-packages/airflow/example_dags/example_kubernetes_executor.py took 0.261 seconds
[2024-11-20T14:28:40.028+0000] {processor.py:186} INFO - Started process (PID=1492) to work on /home/airflow/.local/lib/python3.12/site-packages/airflow/example_dags/example_kubernetes_executor.py
[2024-11-20T14:28:40.029+0000] {processor.py:914} INFO - Processing file /home/airflow/.local/lib/python3.12/site-packages/airflow/example_dags/example_kubernetes_executor.py for tasks to queue
[2024-11-20T14:28:40.034+0000] {logging_mixin.py:190} INFO - [2024-11-20T14:28:40.034+0000] {dagbag.py:588} INFO - Filling up the DagBag from /home/airflow/.local/lib/python3.12/site-packages/airflow/example_dags/example_kubernetes_executor.py
[2024-11-20T14:28:40.063+0000] {processor.py:925} INFO - DAG(s) 'example_kubernetes_executor' retrieved from /home/airflow/.local/lib/python3.12/site-packages/airflow/example_dags/example_kubernetes_executor.py
[2024-11-20T14:28:40.115+0000] {logging_mixin.py:190} INFO - [2024-11-20T14:28:40.115+0000] {dag.py:3239} INFO - Sync 1 DAGs
[2024-11-20T14:28:40.141+0000] {logging_mixin.py:190} INFO - [2024-11-20T14:28:40.141+0000] {dag.py:4180} INFO - Setting next_dagrun for example_kubernetes_executor to None, run_after=None
[2024-11-20T14:28:40.175+0000] {processor.py:208} INFO - Processing /home/airflow/.local/lib/python3.12/site-packages/airflow/example_dags/example_kubernetes_executor.py took 0.163 seconds
[2024-11-20T14:29:10.910+0000] {processor.py:186} INFO - Started process (PID=1554) to work on /home/airflow/.local/lib/python3.12/site-packages/airflow/example_dags/example_kubernetes_executor.py
[2024-11-20T14:29:10.912+0000] {processor.py:914} INFO - Processing file /home/airflow/.local/lib/python3.12/site-packages/airflow/example_dags/example_kubernetes_executor.py for tasks to queue
[2024-11-20T14:29:10.916+0000] {logging_mixin.py:190} INFO - [2024-11-20T14:29:10.916+0000] {dagbag.py:588} INFO - Filling up the DagBag from /home/airflow/.local/lib/python3.12/site-packages/airflow/example_dags/example_kubernetes_executor.py
[2024-11-20T14:29:10.945+0000] {processor.py:925} INFO - DAG(s) 'example_kubernetes_executor' retrieved from /home/airflow/.local/lib/python3.12/site-packages/airflow/example_dags/example_kubernetes_executor.py
[2024-11-20T14:29:10.999+0000] {logging_mixin.py:190} INFO - [2024-11-20T14:29:10.998+0000] {dag.py:3239} INFO - Sync 1 DAGs
[2024-11-20T14:29:11.027+0000] {logging_mixin.py:190} INFO - [2024-11-20T14:29:11.027+0000] {dag.py:4180} INFO - Setting next_dagrun for example_kubernetes_executor to None, run_after=None
[2024-11-20T14:29:11.053+0000] {processor.py:208} INFO - Processing /home/airflow/.local/lib/python3.12/site-packages/airflow/example_dags/example_kubernetes_executor.py took 0.152 seconds
[2024-11-20T14:29:43.054+0000] {processor.py:186} INFO - Started process (PID=1622) to work on /home/airflow/.local/lib/python3.12/site-packages/airflow/example_dags/example_kubernetes_executor.py
[2024-11-20T14:29:43.056+0000] {processor.py:914} INFO - Processing file /home/airflow/.local/lib/python3.12/site-packages/airflow/example_dags/example_kubernetes_executor.py for tasks to queue
[2024-11-20T14:29:43.062+0000] {logging_mixin.py:190} INFO - [2024-11-20T14:29:43.062+0000] {dagbag.py:588} INFO - Filling up the DagBag from /home/airflow/.local/lib/python3.12/site-packages/airflow/example_dags/example_kubernetes_executor.py
[2024-11-20T14:29:43.092+0000] {processor.py:925} INFO - DAG(s) 'example_kubernetes_executor' retrieved from /home/airflow/.local/lib/python3.12/site-packages/airflow/example_dags/example_kubernetes_executor.py
[2024-11-20T14:29:43.167+0000] {logging_mixin.py:190} INFO - [2024-11-20T14:29:43.167+0000] {dag.py:3239} INFO - Sync 1 DAGs
[2024-11-20T14:29:43.195+0000] {logging_mixin.py:190} INFO - [2024-11-20T14:29:43.195+0000] {dag.py:4180} INFO - Setting next_dagrun for example_kubernetes_executor to None, run_after=None
[2024-11-20T14:29:43.252+0000] {processor.py:208} INFO - Processing /home/airflow/.local/lib/python3.12/site-packages/airflow/example_dags/example_kubernetes_executor.py took 0.211 seconds
[2024-11-20T14:30:15.784+0000] {processor.py:186} INFO - Started process (PID=1685) to work on /home/airflow/.local/lib/python3.12/site-packages/airflow/example_dags/example_kubernetes_executor.py
[2024-11-20T14:30:15.785+0000] {processor.py:914} INFO - Processing file /home/airflow/.local/lib/python3.12/site-packages/airflow/example_dags/example_kubernetes_executor.py for tasks to queue
[2024-11-20T14:30:15.791+0000] {logging_mixin.py:190} INFO - [2024-11-20T14:30:15.790+0000] {dagbag.py:588} INFO - Filling up the DagBag from /home/airflow/.local/lib/python3.12/site-packages/airflow/example_dags/example_kubernetes_executor.py
[2024-11-20T14:30:15.822+0000] {processor.py:925} INFO - DAG(s) 'example_kubernetes_executor' retrieved from /home/airflow/.local/lib/python3.12/site-packages/airflow/example_dags/example_kubernetes_executor.py
[2024-11-20T14:30:15.910+0000] {logging_mixin.py:190} INFO - [2024-11-20T14:30:15.909+0000] {dag.py:3239} INFO - Sync 1 DAGs
[2024-11-20T14:30:15.942+0000] {logging_mixin.py:190} INFO - [2024-11-20T14:30:15.942+0000] {dag.py:4180} INFO - Setting next_dagrun for example_kubernetes_executor to None, run_after=None
[2024-11-20T14:30:15.983+0000] {processor.py:208} INFO - Processing /home/airflow/.local/lib/python3.12/site-packages/airflow/example_dags/example_kubernetes_executor.py took 0.215 seconds
[2024-11-20T14:30:48.073+0000] {processor.py:186} INFO - Started process (PID=1748) to work on /home/airflow/.local/lib/python3.12/site-packages/airflow/example_dags/example_kubernetes_executor.py
[2024-11-20T14:30:48.076+0000] {processor.py:914} INFO - Processing file /home/airflow/.local/lib/python3.12/site-packages/airflow/example_dags/example_kubernetes_executor.py for tasks to queue
[2024-11-20T14:30:48.083+0000] {logging_mixin.py:190} INFO - [2024-11-20T14:30:48.082+0000] {dagbag.py:588} INFO - Filling up the DagBag from /home/airflow/.local/lib/python3.12/site-packages/airflow/example_dags/example_kubernetes_executor.py
[2024-11-20T14:30:48.119+0000] {processor.py:925} INFO - DAG(s) 'example_kubernetes_executor' retrieved from /home/airflow/.local/lib/python3.12/site-packages/airflow/example_dags/example_kubernetes_executor.py
[2024-11-20T14:30:48.235+0000] {logging_mixin.py:190} INFO - [2024-11-20T14:30:48.235+0000] {dag.py:3239} INFO - Sync 1 DAGs
[2024-11-20T14:30:48.295+0000] {logging_mixin.py:190} INFO - [2024-11-20T14:30:48.294+0000] {dag.py:4180} INFO - Setting next_dagrun for example_kubernetes_executor to None, run_after=None
[2024-11-20T14:30:48.381+0000] {processor.py:208} INFO - Processing /home/airflow/.local/lib/python3.12/site-packages/airflow/example_dags/example_kubernetes_executor.py took 0.322 seconds
[2024-11-20T14:31:19.908+0000] {processor.py:186} INFO - Started process (PID=1810) to work on /home/airflow/.local/lib/python3.12/site-packages/airflow/example_dags/example_kubernetes_executor.py
[2024-11-20T14:31:19.910+0000] {processor.py:914} INFO - Processing file /home/airflow/.local/lib/python3.12/site-packages/airflow/example_dags/example_kubernetes_executor.py for tasks to queue
[2024-11-20T14:31:19.915+0000] {logging_mixin.py:190} INFO - [2024-11-20T14:31:19.914+0000] {dagbag.py:588} INFO - Filling up the DagBag from /home/airflow/.local/lib/python3.12/site-packages/airflow/example_dags/example_kubernetes_executor.py
[2024-11-20T14:31:19.973+0000] {processor.py:925} INFO - DAG(s) 'example_kubernetes_executor' retrieved from /home/airflow/.local/lib/python3.12/site-packages/airflow/example_dags/example_kubernetes_executor.py
[2024-11-20T14:31:20.071+0000] {logging_mixin.py:190} INFO - [2024-11-20T14:31:20.070+0000] {dag.py:3239} INFO - Sync 1 DAGs
[2024-11-20T14:31:20.127+0000] {logging_mixin.py:190} INFO - [2024-11-20T14:31:20.127+0000] {dag.py:4180} INFO - Setting next_dagrun for example_kubernetes_executor to None, run_after=None
[2024-11-20T14:31:20.185+0000] {processor.py:208} INFO - Processing /home/airflow/.local/lib/python3.12/site-packages/airflow/example_dags/example_kubernetes_executor.py took 0.297 seconds
[2024-11-20T14:31:51.199+0000] {processor.py:186} INFO - Started process (PID=1872) to work on /home/airflow/.local/lib/python3.12/site-packages/airflow/example_dags/example_kubernetes_executor.py
[2024-11-20T14:31:51.200+0000] {processor.py:914} INFO - Processing file /home/airflow/.local/lib/python3.12/site-packages/airflow/example_dags/example_kubernetes_executor.py for tasks to queue
[2024-11-20T14:31:51.206+0000] {logging_mixin.py:190} INFO - [2024-11-20T14:31:51.205+0000] {dagbag.py:588} INFO - Filling up the DagBag from /home/airflow/.local/lib/python3.12/site-packages/airflow/example_dags/example_kubernetes_executor.py
[2024-11-20T14:31:51.241+0000] {processor.py:925} INFO - DAG(s) 'example_kubernetes_executor' retrieved from /home/airflow/.local/lib/python3.12/site-packages/airflow/example_dags/example_kubernetes_executor.py
[2024-11-20T14:31:51.351+0000] {logging_mixin.py:190} INFO - [2024-11-20T14:31:51.351+0000] {dag.py:3239} INFO - Sync 1 DAGs
[2024-11-20T14:31:51.392+0000] {logging_mixin.py:190} INFO - [2024-11-20T14:31:51.391+0000] {dag.py:4180} INFO - Setting next_dagrun for example_kubernetes_executor to None, run_after=None
[2024-11-20T14:31:51.428+0000] {processor.py:208} INFO - Processing /home/airflow/.local/lib/python3.12/site-packages/airflow/example_dags/example_kubernetes_executor.py took 0.246 seconds
[2024-11-20T14:32:21.575+0000] {processor.py:186} INFO - Started process (PID=1934) to work on /home/airflow/.local/lib/python3.12/site-packages/airflow/example_dags/example_kubernetes_executor.py
[2024-11-20T14:32:21.577+0000] {processor.py:914} INFO - Processing file /home/airflow/.local/lib/python3.12/site-packages/airflow/example_dags/example_kubernetes_executor.py for tasks to queue
[2024-11-20T14:32:21.582+0000] {logging_mixin.py:190} INFO - [2024-11-20T14:32:21.581+0000] {dagbag.py:588} INFO - Filling up the DagBag from /home/airflow/.local/lib/python3.12/site-packages/airflow/example_dags/example_kubernetes_executor.py
[2024-11-20T14:32:21.603+0000] {processor.py:925} INFO - DAG(s) 'example_kubernetes_executor' retrieved from /home/airflow/.local/lib/python3.12/site-packages/airflow/example_dags/example_kubernetes_executor.py
[2024-11-20T14:32:21.702+0000] {logging_mixin.py:190} INFO - [2024-11-20T14:32:21.701+0000] {dag.py:3239} INFO - Sync 1 DAGs
[2024-11-20T14:32:21.745+0000] {logging_mixin.py:190} INFO - [2024-11-20T14:32:21.744+0000] {dag.py:4180} INFO - Setting next_dagrun for example_kubernetes_executor to None, run_after=None
[2024-11-20T14:32:21.784+0000] {processor.py:208} INFO - Processing /home/airflow/.local/lib/python3.12/site-packages/airflow/example_dags/example_kubernetes_executor.py took 0.227 seconds
[2024-11-20T14:32:52.833+0000] {processor.py:186} INFO - Started process (PID=1997) to work on /home/airflow/.local/lib/python3.12/site-packages/airflow/example_dags/example_kubernetes_executor.py
[2024-11-20T14:32:52.834+0000] {processor.py:914} INFO - Processing file /home/airflow/.local/lib/python3.12/site-packages/airflow/example_dags/example_kubernetes_executor.py for tasks to queue
[2024-11-20T14:32:52.839+0000] {logging_mixin.py:190} INFO - [2024-11-20T14:32:52.839+0000] {dagbag.py:588} INFO - Filling up the DagBag from /home/airflow/.local/lib/python3.12/site-packages/airflow/example_dags/example_kubernetes_executor.py
[2024-11-20T14:32:52.860+0000] {processor.py:925} INFO - DAG(s) 'example_kubernetes_executor' retrieved from /home/airflow/.local/lib/python3.12/site-packages/airflow/example_dags/example_kubernetes_executor.py
[2024-11-20T14:32:52.923+0000] {logging_mixin.py:190} INFO - [2024-11-20T14:32:52.922+0000] {dag.py:3239} INFO - Sync 1 DAGs
[2024-11-20T14:32:52.963+0000] {logging_mixin.py:190} INFO - [2024-11-20T14:32:52.963+0000] {dag.py:4180} INFO - Setting next_dagrun for example_kubernetes_executor to None, run_after=None
[2024-11-20T14:32:53.024+0000] {processor.py:208} INFO - Processing /home/airflow/.local/lib/python3.12/site-packages/airflow/example_dags/example_kubernetes_executor.py took 0.201 seconds
[2024-11-20T14:33:23.223+0000] {processor.py:186} INFO - Started process (PID=2060) to work on /home/airflow/.local/lib/python3.12/site-packages/airflow/example_dags/example_kubernetes_executor.py
[2024-11-20T14:33:23.225+0000] {processor.py:914} INFO - Processing file /home/airflow/.local/lib/python3.12/site-packages/airflow/example_dags/example_kubernetes_executor.py for tasks to queue
[2024-11-20T14:33:23.229+0000] {logging_mixin.py:190} INFO - [2024-11-20T14:33:23.228+0000] {dagbag.py:588} INFO - Filling up the DagBag from /home/airflow/.local/lib/python3.12/site-packages/airflow/example_dags/example_kubernetes_executor.py
[2024-11-20T14:33:23.249+0000] {processor.py:925} INFO - DAG(s) 'example_kubernetes_executor' retrieved from /home/airflow/.local/lib/python3.12/site-packages/airflow/example_dags/example_kubernetes_executor.py
[2024-11-20T14:33:23.334+0000] {logging_mixin.py:190} INFO - [2024-11-20T14:33:23.333+0000] {dag.py:3239} INFO - Sync 1 DAGs
[2024-11-20T14:33:23.373+0000] {logging_mixin.py:190} INFO - [2024-11-20T14:33:23.372+0000] {dag.py:4180} INFO - Setting next_dagrun for example_kubernetes_executor to None, run_after=None
[2024-11-20T14:33:23.415+0000] {processor.py:208} INFO - Processing /home/airflow/.local/lib/python3.12/site-packages/airflow/example_dags/example_kubernetes_executor.py took 0.207 seconds
[2024-11-20T14:33:54.087+0000] {processor.py:186} INFO - Started process (PID=2123) to work on /home/airflow/.local/lib/python3.12/site-packages/airflow/example_dags/example_kubernetes_executor.py
[2024-11-20T14:33:54.089+0000] {processor.py:914} INFO - Processing file /home/airflow/.local/lib/python3.12/site-packages/airflow/example_dags/example_kubernetes_executor.py for tasks to queue
[2024-11-20T14:33:54.094+0000] {logging_mixin.py:190} INFO - [2024-11-20T14:33:54.093+0000] {dagbag.py:588} INFO - Filling up the DagBag from /home/airflow/.local/lib/python3.12/site-packages/airflow/example_dags/example_kubernetes_executor.py
[2024-11-20T14:33:54.117+0000] {processor.py:925} INFO - DAG(s) 'example_kubernetes_executor' retrieved from /home/airflow/.local/lib/python3.12/site-packages/airflow/example_dags/example_kubernetes_executor.py
[2024-11-20T14:33:54.185+0000] {logging_mixin.py:190} INFO - [2024-11-20T14:33:54.185+0000] {dag.py:3239} INFO - Sync 1 DAGs
[2024-11-20T14:33:54.209+0000] {logging_mixin.py:190} INFO - [2024-11-20T14:33:54.209+0000] {dag.py:4180} INFO - Setting next_dagrun for example_kubernetes_executor to None, run_after=None
[2024-11-20T14:33:54.250+0000] {processor.py:208} INFO - Processing /home/airflow/.local/lib/python3.12/site-packages/airflow/example_dags/example_kubernetes_executor.py took 0.178 seconds
[2024-11-20T14:34:24.339+0000] {processor.py:186} INFO - Started process (PID=2186) to work on /home/airflow/.local/lib/python3.12/site-packages/airflow/example_dags/example_kubernetes_executor.py
[2024-11-20T14:34:24.340+0000] {processor.py:914} INFO - Processing file /home/airflow/.local/lib/python3.12/site-packages/airflow/example_dags/example_kubernetes_executor.py for tasks to queue
[2024-11-20T14:34:24.344+0000] {logging_mixin.py:190} INFO - [2024-11-20T14:34:24.343+0000] {dagbag.py:588} INFO - Filling up the DagBag from /home/airflow/.local/lib/python3.12/site-packages/airflow/example_dags/example_kubernetes_executor.py
[2024-11-20T14:34:24.365+0000] {processor.py:925} INFO - DAG(s) 'example_kubernetes_executor' retrieved from /home/airflow/.local/lib/python3.12/site-packages/airflow/example_dags/example_kubernetes_executor.py
[2024-11-20T14:34:24.435+0000] {logging_mixin.py:190} INFO - [2024-11-20T14:34:24.435+0000] {dag.py:3239} INFO - Sync 1 DAGs
[2024-11-20T14:34:24.464+0000] {logging_mixin.py:190} INFO - [2024-11-20T14:34:24.464+0000] {dag.py:4180} INFO - Setting next_dagrun for example_kubernetes_executor to None, run_after=None
[2024-11-20T14:34:24.497+0000] {processor.py:208} INFO - Processing /home/airflow/.local/lib/python3.12/site-packages/airflow/example_dags/example_kubernetes_executor.py took 0.173 seconds
[2024-11-20T14:34:54.593+0000] {processor.py:186} INFO - Started process (PID=2249) to work on /home/airflow/.local/lib/python3.12/site-packages/airflow/example_dags/example_kubernetes_executor.py
[2024-11-20T14:34:54.594+0000] {processor.py:914} INFO - Processing file /home/airflow/.local/lib/python3.12/site-packages/airflow/example_dags/example_kubernetes_executor.py for tasks to queue
[2024-11-20T14:34:54.598+0000] {logging_mixin.py:190} INFO - [2024-11-20T14:34:54.598+0000] {dagbag.py:588} INFO - Filling up the DagBag from /home/airflow/.local/lib/python3.12/site-packages/airflow/example_dags/example_kubernetes_executor.py
[2024-11-20T14:34:54.623+0000] {processor.py:925} INFO - DAG(s) 'example_kubernetes_executor' retrieved from /home/airflow/.local/lib/python3.12/site-packages/airflow/example_dags/example_kubernetes_executor.py
[2024-11-20T14:34:54.696+0000] {logging_mixin.py:190} INFO - [2024-11-20T14:34:54.696+0000] {dag.py:3239} INFO - Sync 1 DAGs
[2024-11-20T14:34:54.732+0000] {logging_mixin.py:190} INFO - [2024-11-20T14:34:54.732+0000] {dag.py:4180} INFO - Setting next_dagrun for example_kubernetes_executor to None, run_after=None
[2024-11-20T14:34:54.770+0000] {processor.py:208} INFO - Processing /home/airflow/.local/lib/python3.12/site-packages/airflow/example_dags/example_kubernetes_executor.py took 0.191 seconds
[2024-11-20T14:35:25.633+0000] {processor.py:186} INFO - Started process (PID=2312) to work on /home/airflow/.local/lib/python3.12/site-packages/airflow/example_dags/example_kubernetes_executor.py
[2024-11-20T14:35:25.635+0000] {processor.py:914} INFO - Processing file /home/airflow/.local/lib/python3.12/site-packages/airflow/example_dags/example_kubernetes_executor.py for tasks to queue
[2024-11-20T14:35:25.639+0000] {logging_mixin.py:190} INFO - [2024-11-20T14:35:25.638+0000] {dagbag.py:588} INFO - Filling up the DagBag from /home/airflow/.local/lib/python3.12/site-packages/airflow/example_dags/example_kubernetes_executor.py
[2024-11-20T14:35:25.663+0000] {processor.py:925} INFO - DAG(s) 'example_kubernetes_executor' retrieved from /home/airflow/.local/lib/python3.12/site-packages/airflow/example_dags/example_kubernetes_executor.py
[2024-11-20T14:35:25.720+0000] {logging_mixin.py:190} INFO - [2024-11-20T14:35:25.720+0000] {dag.py:3239} INFO - Sync 1 DAGs
[2024-11-20T14:35:25.747+0000] {logging_mixin.py:190} INFO - [2024-11-20T14:35:25.746+0000] {dag.py:4180} INFO - Setting next_dagrun for example_kubernetes_executor to None, run_after=None
[2024-11-20T14:35:25.778+0000] {processor.py:208} INFO - Processing /home/airflow/.local/lib/python3.12/site-packages/airflow/example_dags/example_kubernetes_executor.py took 0.157 seconds
[2024-11-20T14:35:56.473+0000] {processor.py:186} INFO - Started process (PID=2375) to work on /home/airflow/.local/lib/python3.12/site-packages/airflow/example_dags/example_kubernetes_executor.py
[2024-11-20T14:35:56.474+0000] {processor.py:914} INFO - Processing file /home/airflow/.local/lib/python3.12/site-packages/airflow/example_dags/example_kubernetes_executor.py for tasks to queue
[2024-11-20T14:35:56.479+0000] {logging_mixin.py:190} INFO - [2024-11-20T14:35:56.479+0000] {dagbag.py:588} INFO - Filling up the DagBag from /home/airflow/.local/lib/python3.12/site-packages/airflow/example_dags/example_kubernetes_executor.py
[2024-11-20T14:35:56.504+0000] {processor.py:925} INFO - DAG(s) 'example_kubernetes_executor' retrieved from /home/airflow/.local/lib/python3.12/site-packages/airflow/example_dags/example_kubernetes_executor.py
[2024-11-20T14:35:56.579+0000] {logging_mixin.py:190} INFO - [2024-11-20T14:35:56.578+0000] {dag.py:3239} INFO - Sync 1 DAGs
[2024-11-20T14:35:56.624+0000] {logging_mixin.py:190} INFO - [2024-11-20T14:35:56.624+0000] {dag.py:4180} INFO - Setting next_dagrun for example_kubernetes_executor to None, run_after=None
[2024-11-20T14:35:56.683+0000] {processor.py:208} INFO - Processing /home/airflow/.local/lib/python3.12/site-packages/airflow/example_dags/example_kubernetes_executor.py took 0.220 seconds
[2024-11-20T14:36:27.501+0000] {processor.py:186} INFO - Started process (PID=2438) to work on /home/airflow/.local/lib/python3.12/site-packages/airflow/example_dags/example_kubernetes_executor.py
[2024-11-20T14:36:27.503+0000] {processor.py:914} INFO - Processing file /home/airflow/.local/lib/python3.12/site-packages/airflow/example_dags/example_kubernetes_executor.py for tasks to queue
[2024-11-20T14:36:27.508+0000] {logging_mixin.py:190} INFO - [2024-11-20T14:36:27.507+0000] {dagbag.py:588} INFO - Filling up the DagBag from /home/airflow/.local/lib/python3.12/site-packages/airflow/example_dags/example_kubernetes_executor.py
[2024-11-20T14:36:27.528+0000] {processor.py:925} INFO - DAG(s) 'example_kubernetes_executor' retrieved from /home/airflow/.local/lib/python3.12/site-packages/airflow/example_dags/example_kubernetes_executor.py
[2024-11-20T14:36:27.590+0000] {logging_mixin.py:190} INFO - [2024-11-20T14:36:27.590+0000] {dag.py:3239} INFO - Sync 1 DAGs
[2024-11-20T14:36:27.616+0000] {logging_mixin.py:190} INFO - [2024-11-20T14:36:27.616+0000] {dag.py:4180} INFO - Setting next_dagrun for example_kubernetes_executor to None, run_after=None
[2024-11-20T14:36:27.651+0000] {processor.py:208} INFO - Processing /home/airflow/.local/lib/python3.12/site-packages/airflow/example_dags/example_kubernetes_executor.py took 0.163 seconds
[2024-11-20T14:36:58.198+0000] {processor.py:186} INFO - Started process (PID=2501) to work on /home/airflow/.local/lib/python3.12/site-packages/airflow/example_dags/example_kubernetes_executor.py
[2024-11-20T14:36:58.200+0000] {processor.py:914} INFO - Processing file /home/airflow/.local/lib/python3.12/site-packages/airflow/example_dags/example_kubernetes_executor.py for tasks to queue
[2024-11-20T14:36:58.206+0000] {logging_mixin.py:190} INFO - [2024-11-20T14:36:58.206+0000] {dagbag.py:588} INFO - Filling up the DagBag from /home/airflow/.local/lib/python3.12/site-packages/airflow/example_dags/example_kubernetes_executor.py
[2024-11-20T14:36:58.245+0000] {processor.py:925} INFO - DAG(s) 'example_kubernetes_executor' retrieved from /home/airflow/.local/lib/python3.12/site-packages/airflow/example_dags/example_kubernetes_executor.py
[2024-11-20T14:36:58.342+0000] {logging_mixin.py:190} INFO - [2024-11-20T14:36:58.342+0000] {dag.py:3239} INFO - Sync 1 DAGs
[2024-11-20T14:36:58.399+0000] {logging_mixin.py:190} INFO - [2024-11-20T14:36:58.398+0000] {dag.py:4180} INFO - Setting next_dagrun for example_kubernetes_executor to None, run_after=None
[2024-11-20T14:36:58.445+0000] {processor.py:208} INFO - Processing /home/airflow/.local/lib/python3.12/site-packages/airflow/example_dags/example_kubernetes_executor.py took 0.266 seconds
[2024-11-20T14:37:28.779+0000] {processor.py:186} INFO - Started process (PID=2563) to work on /home/airflow/.local/lib/python3.12/site-packages/airflow/example_dags/example_kubernetes_executor.py
[2024-11-20T14:37:28.784+0000] {processor.py:914} INFO - Processing file /home/airflow/.local/lib/python3.12/site-packages/airflow/example_dags/example_kubernetes_executor.py for tasks to queue
[2024-11-20T14:37:28.798+0000] {logging_mixin.py:190} INFO - [2024-11-20T14:37:28.795+0000] {dagbag.py:588} INFO - Filling up the DagBag from /home/airflow/.local/lib/python3.12/site-packages/airflow/example_dags/example_kubernetes_executor.py
[2024-11-20T14:37:28.845+0000] {processor.py:925} INFO - DAG(s) 'example_kubernetes_executor' retrieved from /home/airflow/.local/lib/python3.12/site-packages/airflow/example_dags/example_kubernetes_executor.py
[2024-11-20T14:37:29.001+0000] {logging_mixin.py:190} INFO - [2024-11-20T14:37:28.996+0000] {dag.py:3239} INFO - Sync 1 DAGs
[2024-11-20T14:37:29.089+0000] {logging_mixin.py:190} INFO - [2024-11-20T14:37:29.089+0000] {dag.py:4180} INFO - Setting next_dagrun for example_kubernetes_executor to None, run_after=None
[2024-11-20T14:37:29.150+0000] {processor.py:208} INFO - Processing /home/airflow/.local/lib/python3.12/site-packages/airflow/example_dags/example_kubernetes_executor.py took 0.398 seconds
[2024-11-20T14:37:59.637+0000] {processor.py:186} INFO - Started process (PID=2626) to work on /home/airflow/.local/lib/python3.12/site-packages/airflow/example_dags/example_kubernetes_executor.py
[2024-11-20T14:37:59.641+0000] {processor.py:914} INFO - Processing file /home/airflow/.local/lib/python3.12/site-packages/airflow/example_dags/example_kubernetes_executor.py for tasks to queue
[2024-11-20T14:37:59.647+0000] {logging_mixin.py:190} INFO - [2024-11-20T14:37:59.646+0000] {dagbag.py:588} INFO - Filling up the DagBag from /home/airflow/.local/lib/python3.12/site-packages/airflow/example_dags/example_kubernetes_executor.py
[2024-11-20T14:37:59.693+0000] {processor.py:925} INFO - DAG(s) 'example_kubernetes_executor' retrieved from /home/airflow/.local/lib/python3.12/site-packages/airflow/example_dags/example_kubernetes_executor.py
[2024-11-20T14:37:59.789+0000] {logging_mixin.py:190} INFO - [2024-11-20T14:37:59.788+0000] {dag.py:3239} INFO - Sync 1 DAGs
[2024-11-20T14:37:59.830+0000] {logging_mixin.py:190} INFO - [2024-11-20T14:37:59.830+0000] {dag.py:4180} INFO - Setting next_dagrun for example_kubernetes_executor to None, run_after=None
[2024-11-20T14:37:59.909+0000] {processor.py:208} INFO - Processing /home/airflow/.local/lib/python3.12/site-packages/airflow/example_dags/example_kubernetes_executor.py took 0.292 seconds
