[2024-11-20T14:16:22.723+0000] {processor.py:186} INFO - Started process (PID=117) to work on /home/airflow/.local/lib/python3.12/site-packages/airflow/example_dags/example_subdag_operator.py
[2024-11-20T14:16:22.724+0000] {processor.py:914} INFO - Processing file /home/airflow/.local/lib/python3.12/site-packages/airflow/example_dags/example_subdag_operator.py for tasks to queue
[2024-11-20T14:16:22.731+0000] {logging_mixin.py:190} INFO - [2024-11-20T14:16:22.730+0000] {dagbag.py:588} INFO - Filling up the DagBag from /home/airflow/.local/lib/python3.12/site-packages/airflow/example_dags/example_subdag_operator.py
[2024-11-20T14:16:22.826+0000] {processor.py:925} INFO - DAG(s) 'example_subdag_operator.section-1', 'example_subdag_operator.section-2', 'example_subdag_operator' retrieved from /home/airflow/.local/lib/python3.12/site-packages/airflow/example_dags/example_subdag_operator.py
[2024-11-20T14:16:23.107+0000] {logging_mixin.py:190} INFO - [2024-11-20T14:16:23.105+0000] {override.py:1911} INFO - Created Permission View: can delete on DAG:example_subdag_operator
[2024-11-20T14:16:23.147+0000] {logging_mixin.py:190} INFO - [2024-11-20T14:16:23.146+0000] {override.py:1911} INFO - Created Permission View: can read on DAG:example_subdag_operator
[2024-11-20T14:16:23.183+0000] {logging_mixin.py:190} INFO - [2024-11-20T14:16:23.181+0000] {override.py:1911} INFO - Created Permission View: can edit on DAG:example_subdag_operator
[2024-11-20T14:16:23.221+0000] {logging_mixin.py:190} INFO - [2024-11-20T14:16:23.220+0000] {override.py:1911} INFO - Created Permission View: can delete on DAG Run:example_subdag_operator
[2024-11-20T14:16:23.243+0000] {logging_mixin.py:190} INFO - [2024-11-20T14:16:23.242+0000] {override.py:1911} INFO - Created Permission View: menu access on DAG Run:example_subdag_operator
[2024-11-20T14:16:23.265+0000] {logging_mixin.py:190} INFO - [2024-11-20T14:16:23.264+0000] {override.py:1911} INFO - Created Permission View: can read on DAG Run:example_subdag_operator
[2024-11-20T14:16:23.433+0000] {logging_mixin.py:190} INFO - [2024-11-20T14:16:23.432+0000] {override.py:1911} INFO - Created Permission View: can create on DAG Run:example_subdag_operator
[2024-11-20T14:16:23.434+0000] {logging_mixin.py:190} INFO - [2024-11-20T14:16:23.433+0000] {dag.py:3239} INFO - Sync 3 DAGs
[2024-11-20T14:16:23.469+0000] {logging_mixin.py:190} INFO - [2024-11-20T14:16:23.468+0000] {dag.py:3262} INFO - Creating ORM DAG for example_subdag_operator.section-1
[2024-11-20T14:16:23.471+0000] {logging_mixin.py:190} INFO - [2024-11-20T14:16:23.471+0000] {dag.py:3262} INFO - Creating ORM DAG for example_subdag_operator.section-2
[2024-11-20T14:16:23.473+0000] {logging_mixin.py:190} INFO - [2024-11-20T14:16:23.472+0000] {dag.py:3262} INFO - Creating ORM DAG for example_subdag_operator
[2024-11-20T14:16:23.494+0000] {logging_mixin.py:190} INFO - [2024-11-20T14:16:23.493+0000] {dag.py:4180} INFO - Setting next_dagrun for example_subdag_operator to 2022-01-01 00:00:00+00:00, run_after=2022-01-01 00:00:00+00:00
[2024-11-20T14:16:23.495+0000] {logging_mixin.py:190} INFO - [2024-11-20T14:16:23.495+0000] {dag.py:4180} INFO - Setting next_dagrun for example_subdag_operator.section-1 to None, run_after=None
[2024-11-20T14:16:23.496+0000] {logging_mixin.py:190} INFO - [2024-11-20T14:16:23.496+0000] {dag.py:4180} INFO - Setting next_dagrun for example_subdag_operator.section-2 to None, run_after=None
[2024-11-20T14:16:23.517+0000] {logging_mixin.py:190} INFO - [2024-11-20T14:16:23.516+0000] {dag.py:3239} INFO - Sync 2 DAGs
[2024-11-20T14:16:23.530+0000] {logging_mixin.py:190} INFO - [2024-11-20T14:16:23.530+0000] {dag.py:4180} INFO - Setting next_dagrun for example_subdag_operator.section-1 to None, run_after=None
[2024-11-20T14:16:23.537+0000] {logging_mixin.py:190} INFO - [2024-11-20T14:16:23.536+0000] {dag.py:4180} INFO - Setting next_dagrun for example_subdag_operator.section-2 to None, run_after=None
[2024-11-20T14:16:23.582+0000] {processor.py:208} INFO - Processing /home/airflow/.local/lib/python3.12/site-packages/airflow/example_dags/example_subdag_operator.py took 0.873 seconds
[2024-11-20T14:16:54.391+0000] {processor.py:186} INFO - Started process (PID=180) to work on /home/airflow/.local/lib/python3.12/site-packages/airflow/example_dags/example_subdag_operator.py
[2024-11-20T14:16:54.393+0000] {processor.py:914} INFO - Processing file /home/airflow/.local/lib/python3.12/site-packages/airflow/example_dags/example_subdag_operator.py for tasks to queue
[2024-11-20T14:16:54.396+0000] {logging_mixin.py:190} INFO - [2024-11-20T14:16:54.396+0000] {dagbag.py:588} INFO - Filling up the DagBag from /home/airflow/.local/lib/python3.12/site-packages/airflow/example_dags/example_subdag_operator.py
[2024-11-20T14:16:54.442+0000] {processor.py:925} INFO - DAG(s) 'example_subdag_operator.section-1', 'example_subdag_operator.section-2', 'example_subdag_operator' retrieved from /home/airflow/.local/lib/python3.12/site-packages/airflow/example_dags/example_subdag_operator.py
[2024-11-20T14:16:54.473+0000] {logging_mixin.py:190} INFO - [2024-11-20T14:16:54.473+0000] {dag.py:3239} INFO - Sync 3 DAGs
[2024-11-20T14:16:54.526+0000] {logging_mixin.py:190} INFO - [2024-11-20T14:16:54.526+0000] {dag.py:4180} INFO - Setting next_dagrun for example_subdag_operator to 2022-01-01 00:00:00+00:00, run_after=2022-01-01 00:00:00+00:00
[2024-11-20T14:16:54.532+0000] {logging_mixin.py:190} INFO - [2024-11-20T14:16:54.532+0000] {dag.py:4180} INFO - Setting next_dagrun for example_subdag_operator.section-1 to None, run_after=None
[2024-11-20T14:16:54.537+0000] {logging_mixin.py:190} INFO - [2024-11-20T14:16:54.537+0000] {dag.py:4180} INFO - Setting next_dagrun for example_subdag_operator.section-2 to None, run_after=None
[2024-11-20T14:16:54.549+0000] {logging_mixin.py:190} INFO - [2024-11-20T14:16:54.548+0000] {dag.py:3239} INFO - Sync 2 DAGs
[2024-11-20T14:16:54.557+0000] {logging_mixin.py:190} INFO - [2024-11-20T14:16:54.557+0000] {dag.py:4180} INFO - Setting next_dagrun for example_subdag_operator.section-1 to None, run_after=None
[2024-11-20T14:16:54.558+0000] {logging_mixin.py:190} INFO - [2024-11-20T14:16:54.558+0000] {dag.py:4180} INFO - Setting next_dagrun for example_subdag_operator.section-2 to None, run_after=None
[2024-11-20T14:16:54.581+0000] {processor.py:208} INFO - Processing /home/airflow/.local/lib/python3.12/site-packages/airflow/example_dags/example_subdag_operator.py took 0.203 seconds
[2024-11-20T14:17:25.094+0000] {processor.py:186} INFO - Started process (PID=243) to work on /home/airflow/.local/lib/python3.12/site-packages/airflow/example_dags/example_subdag_operator.py
[2024-11-20T14:17:25.096+0000] {processor.py:914} INFO - Processing file /home/airflow/.local/lib/python3.12/site-packages/airflow/example_dags/example_subdag_operator.py for tasks to queue
[2024-11-20T14:17:25.101+0000] {logging_mixin.py:190} INFO - [2024-11-20T14:17:25.100+0000] {dagbag.py:588} INFO - Filling up the DagBag from /home/airflow/.local/lib/python3.12/site-packages/airflow/example_dags/example_subdag_operator.py
[2024-11-20T14:17:25.139+0000] {processor.py:925} INFO - DAG(s) 'example_subdag_operator.section-1', 'example_subdag_operator.section-2', 'example_subdag_operator' retrieved from /home/airflow/.local/lib/python3.12/site-packages/airflow/example_dags/example_subdag_operator.py
[2024-11-20T14:17:25.162+0000] {logging_mixin.py:190} INFO - [2024-11-20T14:17:25.161+0000] {dag.py:3239} INFO - Sync 3 DAGs
[2024-11-20T14:17:25.197+0000] {logging_mixin.py:190} INFO - [2024-11-20T14:17:25.197+0000] {dag.py:4180} INFO - Setting next_dagrun for example_subdag_operator to 2022-01-01 00:00:00+00:00, run_after=2022-01-01 00:00:00+00:00
[2024-11-20T14:17:25.204+0000] {logging_mixin.py:190} INFO - [2024-11-20T14:17:25.203+0000] {dag.py:4180} INFO - Setting next_dagrun for example_subdag_operator.section-1 to None, run_after=None
[2024-11-20T14:17:25.206+0000] {logging_mixin.py:190} INFO - [2024-11-20T14:17:25.206+0000] {dag.py:4180} INFO - Setting next_dagrun for example_subdag_operator.section-2 to None, run_after=None
[2024-11-20T14:17:25.219+0000] {logging_mixin.py:190} INFO - [2024-11-20T14:17:25.219+0000] {dag.py:3239} INFO - Sync 2 DAGs
[2024-11-20T14:17:25.228+0000] {logging_mixin.py:190} INFO - [2024-11-20T14:17:25.228+0000] {dag.py:4180} INFO - Setting next_dagrun for example_subdag_operator.section-1 to None, run_after=None
[2024-11-20T14:17:25.229+0000] {logging_mixin.py:190} INFO - [2024-11-20T14:17:25.228+0000] {dag.py:4180} INFO - Setting next_dagrun for example_subdag_operator.section-2 to None, run_after=None
[2024-11-20T14:17:25.247+0000] {processor.py:208} INFO - Processing /home/airflow/.local/lib/python3.12/site-packages/airflow/example_dags/example_subdag_operator.py took 0.165 seconds
[2024-11-20T14:17:55.705+0000] {processor.py:186} INFO - Started process (PID=306) to work on /home/airflow/.local/lib/python3.12/site-packages/airflow/example_dags/example_subdag_operator.py
[2024-11-20T14:17:55.707+0000] {processor.py:914} INFO - Processing file /home/airflow/.local/lib/python3.12/site-packages/airflow/example_dags/example_subdag_operator.py for tasks to queue
[2024-11-20T14:17:55.712+0000] {logging_mixin.py:190} INFO - [2024-11-20T14:17:55.711+0000] {dagbag.py:588} INFO - Filling up the DagBag from /home/airflow/.local/lib/python3.12/site-packages/airflow/example_dags/example_subdag_operator.py
[2024-11-20T14:17:55.753+0000] {processor.py:925} INFO - DAG(s) 'example_subdag_operator.section-1', 'example_subdag_operator.section-2', 'example_subdag_operator' retrieved from /home/airflow/.local/lib/python3.12/site-packages/airflow/example_dags/example_subdag_operator.py
[2024-11-20T14:17:55.787+0000] {logging_mixin.py:190} INFO - [2024-11-20T14:17:55.787+0000] {dag.py:3239} INFO - Sync 3 DAGs
[2024-11-20T14:17:55.834+0000] {logging_mixin.py:190} INFO - [2024-11-20T14:17:55.833+0000] {dag.py:4180} INFO - Setting next_dagrun for example_subdag_operator to 2022-01-01 00:00:00+00:00, run_after=2022-01-01 00:00:00+00:00
[2024-11-20T14:17:55.845+0000] {logging_mixin.py:190} INFO - [2024-11-20T14:17:55.844+0000] {dag.py:4180} INFO - Setting next_dagrun for example_subdag_operator.section-1 to None, run_after=None
[2024-11-20T14:17:55.848+0000] {logging_mixin.py:190} INFO - [2024-11-20T14:17:55.847+0000] {dag.py:4180} INFO - Setting next_dagrun for example_subdag_operator.section-2 to None, run_after=None
[2024-11-20T14:17:55.862+0000] {logging_mixin.py:190} INFO - [2024-11-20T14:17:55.862+0000] {dag.py:3239} INFO - Sync 2 DAGs
[2024-11-20T14:17:55.870+0000] {logging_mixin.py:190} INFO - [2024-11-20T14:17:55.870+0000] {dag.py:4180} INFO - Setting next_dagrun for example_subdag_operator.section-1 to None, run_after=None
[2024-11-20T14:17:55.871+0000] {logging_mixin.py:190} INFO - [2024-11-20T14:17:55.871+0000] {dag.py:4180} INFO - Setting next_dagrun for example_subdag_operator.section-2 to None, run_after=None
[2024-11-20T14:17:55.888+0000] {processor.py:208} INFO - Processing /home/airflow/.local/lib/python3.12/site-packages/airflow/example_dags/example_subdag_operator.py took 0.195 seconds
[2024-11-20T14:18:26.612+0000] {processor.py:186} INFO - Started process (PID=369) to work on /home/airflow/.local/lib/python3.12/site-packages/airflow/example_dags/example_subdag_operator.py
[2024-11-20T14:18:26.613+0000] {processor.py:914} INFO - Processing file /home/airflow/.local/lib/python3.12/site-packages/airflow/example_dags/example_subdag_operator.py for tasks to queue
[2024-11-20T14:18:26.618+0000] {logging_mixin.py:190} INFO - [2024-11-20T14:18:26.617+0000] {dagbag.py:588} INFO - Filling up the DagBag from /home/airflow/.local/lib/python3.12/site-packages/airflow/example_dags/example_subdag_operator.py
[2024-11-20T14:18:26.661+0000] {processor.py:925} INFO - DAG(s) 'example_subdag_operator.section-1', 'example_subdag_operator.section-2', 'example_subdag_operator' retrieved from /home/airflow/.local/lib/python3.12/site-packages/airflow/example_dags/example_subdag_operator.py
[2024-11-20T14:18:26.684+0000] {logging_mixin.py:190} INFO - [2024-11-20T14:18:26.684+0000] {dag.py:3239} INFO - Sync 3 DAGs
[2024-11-20T14:18:26.722+0000] {logging_mixin.py:190} INFO - [2024-11-20T14:18:26.721+0000] {dag.py:4180} INFO - Setting next_dagrun for example_subdag_operator to 2022-01-01 00:00:00+00:00, run_after=2022-01-01 00:00:00+00:00
[2024-11-20T14:18:26.728+0000] {logging_mixin.py:190} INFO - [2024-11-20T14:18:26.727+0000] {dag.py:4180} INFO - Setting next_dagrun for example_subdag_operator.section-1 to None, run_after=None
[2024-11-20T14:18:26.730+0000] {logging_mixin.py:190} INFO - [2024-11-20T14:18:26.729+0000] {dag.py:4180} INFO - Setting next_dagrun for example_subdag_operator.section-2 to None, run_after=None
[2024-11-20T14:18:26.742+0000] {logging_mixin.py:190} INFO - [2024-11-20T14:18:26.741+0000] {dag.py:3239} INFO - Sync 2 DAGs
[2024-11-20T14:18:26.750+0000] {logging_mixin.py:190} INFO - [2024-11-20T14:18:26.749+0000] {dag.py:4180} INFO - Setting next_dagrun for example_subdag_operator.section-1 to None, run_after=None
[2024-11-20T14:18:26.750+0000] {logging_mixin.py:190} INFO - [2024-11-20T14:18:26.750+0000] {dag.py:4180} INFO - Setting next_dagrun for example_subdag_operator.section-2 to None, run_after=None
[2024-11-20T14:18:26.767+0000] {processor.py:208} INFO - Processing /home/airflow/.local/lib/python3.12/site-packages/airflow/example_dags/example_subdag_operator.py took 0.170 seconds
[2024-11-20T14:18:58.309+0000] {processor.py:186} INFO - Started process (PID=432) to work on /home/airflow/.local/lib/python3.12/site-packages/airflow/example_dags/example_subdag_operator.py
[2024-11-20T14:18:58.313+0000] {processor.py:914} INFO - Processing file /home/airflow/.local/lib/python3.12/site-packages/airflow/example_dags/example_subdag_operator.py for tasks to queue
[2024-11-20T14:18:58.329+0000] {logging_mixin.py:190} INFO - [2024-11-20T14:18:58.323+0000] {dagbag.py:588} INFO - Filling up the DagBag from /home/airflow/.local/lib/python3.12/site-packages/airflow/example_dags/example_subdag_operator.py
[2024-11-20T14:18:58.412+0000] {processor.py:925} INFO - DAG(s) 'example_subdag_operator.section-1', 'example_subdag_operator.section-2', 'example_subdag_operator' retrieved from /home/airflow/.local/lib/python3.12/site-packages/airflow/example_dags/example_subdag_operator.py
[2024-11-20T14:18:58.451+0000] {logging_mixin.py:190} INFO - [2024-11-20T14:18:58.450+0000] {dag.py:3239} INFO - Sync 3 DAGs
[2024-11-20T14:18:58.510+0000] {logging_mixin.py:190} INFO - [2024-11-20T14:18:58.510+0000] {dag.py:4180} INFO - Setting next_dagrun for example_subdag_operator to 2022-01-01 00:00:00+00:00, run_after=2022-01-01 00:00:00+00:00
[2024-11-20T14:18:58.519+0000] {logging_mixin.py:190} INFO - [2024-11-20T14:18:58.519+0000] {dag.py:4180} INFO - Setting next_dagrun for example_subdag_operator.section-1 to None, run_after=None
[2024-11-20T14:18:58.522+0000] {logging_mixin.py:190} INFO - [2024-11-20T14:18:58.522+0000] {dag.py:4180} INFO - Setting next_dagrun for example_subdag_operator.section-2 to None, run_after=None
[2024-11-20T14:18:58.539+0000] {logging_mixin.py:190} INFO - [2024-11-20T14:18:58.539+0000] {dag.py:3239} INFO - Sync 2 DAGs
[2024-11-20T14:18:58.555+0000] {logging_mixin.py:190} INFO - [2024-11-20T14:18:58.554+0000] {dag.py:4180} INFO - Setting next_dagrun for example_subdag_operator.section-1 to None, run_after=None
[2024-11-20T14:18:58.556+0000] {logging_mixin.py:190} INFO - [2024-11-20T14:18:58.556+0000] {dag.py:4180} INFO - Setting next_dagrun for example_subdag_operator.section-2 to None, run_after=None
[2024-11-20T14:18:58.580+0000] {processor.py:208} INFO - Processing /home/airflow/.local/lib/python3.12/site-packages/airflow/example_dags/example_subdag_operator.py took 0.287 seconds
[2024-11-20T14:19:29.546+0000] {processor.py:186} INFO - Started process (PID=494) to work on /home/airflow/.local/lib/python3.12/site-packages/airflow/example_dags/example_subdag_operator.py
[2024-11-20T14:19:29.548+0000] {processor.py:914} INFO - Processing file /home/airflow/.local/lib/python3.12/site-packages/airflow/example_dags/example_subdag_operator.py for tasks to queue
[2024-11-20T14:19:29.553+0000] {logging_mixin.py:190} INFO - [2024-11-20T14:19:29.553+0000] {dagbag.py:588} INFO - Filling up the DagBag from /home/airflow/.local/lib/python3.12/site-packages/airflow/example_dags/example_subdag_operator.py
[2024-11-20T14:19:29.604+0000] {processor.py:925} INFO - DAG(s) 'example_subdag_operator.section-1', 'example_subdag_operator.section-2', 'example_subdag_operator' retrieved from /home/airflow/.local/lib/python3.12/site-packages/airflow/example_dags/example_subdag_operator.py
[2024-11-20T14:19:29.646+0000] {logging_mixin.py:190} INFO - [2024-11-20T14:19:29.645+0000] {dag.py:3239} INFO - Sync 3 DAGs
[2024-11-20T14:19:29.698+0000] {logging_mixin.py:190} INFO - [2024-11-20T14:19:29.697+0000] {dag.py:4180} INFO - Setting next_dagrun for example_subdag_operator to 2022-01-01 00:00:00+00:00, run_after=2022-01-01 00:00:00+00:00
[2024-11-20T14:19:29.704+0000] {logging_mixin.py:190} INFO - [2024-11-20T14:19:29.704+0000] {dag.py:4180} INFO - Setting next_dagrun for example_subdag_operator.section-1 to None, run_after=None
[2024-11-20T14:19:29.708+0000] {logging_mixin.py:190} INFO - [2024-11-20T14:19:29.708+0000] {dag.py:4180} INFO - Setting next_dagrun for example_subdag_operator.section-2 to None, run_after=None
[2024-11-20T14:19:29.721+0000] {logging_mixin.py:190} INFO - [2024-11-20T14:19:29.720+0000] {dag.py:3239} INFO - Sync 2 DAGs
[2024-11-20T14:19:29.730+0000] {logging_mixin.py:190} INFO - [2024-11-20T14:19:29.729+0000] {dag.py:4180} INFO - Setting next_dagrun for example_subdag_operator.section-1 to None, run_after=None
[2024-11-20T14:19:29.730+0000] {logging_mixin.py:190} INFO - [2024-11-20T14:19:29.730+0000] {dag.py:4180} INFO - Setting next_dagrun for example_subdag_operator.section-2 to None, run_after=None
[2024-11-20T14:19:29.749+0000] {processor.py:208} INFO - Processing /home/airflow/.local/lib/python3.12/site-packages/airflow/example_dags/example_subdag_operator.py took 0.217 seconds
[2024-11-20T14:20:01.701+0000] {processor.py:186} INFO - Started process (PID=557) to work on /home/airflow/.local/lib/python3.12/site-packages/airflow/example_dags/example_subdag_operator.py
[2024-11-20T14:20:01.703+0000] {processor.py:914} INFO - Processing file /home/airflow/.local/lib/python3.12/site-packages/airflow/example_dags/example_subdag_operator.py for tasks to queue
[2024-11-20T14:20:01.707+0000] {logging_mixin.py:190} INFO - [2024-11-20T14:20:01.707+0000] {dagbag.py:588} INFO - Filling up the DagBag from /home/airflow/.local/lib/python3.12/site-packages/airflow/example_dags/example_subdag_operator.py
[2024-11-20T14:20:01.761+0000] {processor.py:925} INFO - DAG(s) 'example_subdag_operator.section-1', 'example_subdag_operator.section-2', 'example_subdag_operator' retrieved from /home/airflow/.local/lib/python3.12/site-packages/airflow/example_dags/example_subdag_operator.py
[2024-11-20T14:20:01.785+0000] {logging_mixin.py:190} INFO - [2024-11-20T14:20:01.785+0000] {dag.py:3239} INFO - Sync 3 DAGs
[2024-11-20T14:20:01.850+0000] {logging_mixin.py:190} INFO - [2024-11-20T14:20:01.848+0000] {dag.py:4180} INFO - Setting next_dagrun for example_subdag_operator to 2022-01-01 00:00:00+00:00, run_after=2022-01-01 00:00:00+00:00
[2024-11-20T14:20:01.869+0000] {logging_mixin.py:190} INFO - [2024-11-20T14:20:01.868+0000] {dag.py:4180} INFO - Setting next_dagrun for example_subdag_operator.section-1 to None, run_after=None
[2024-11-20T14:20:01.874+0000] {logging_mixin.py:190} INFO - [2024-11-20T14:20:01.873+0000] {dag.py:4180} INFO - Setting next_dagrun for example_subdag_operator.section-2 to None, run_after=None
[2024-11-20T14:20:01.894+0000] {logging_mixin.py:190} INFO - [2024-11-20T14:20:01.893+0000] {dag.py:3239} INFO - Sync 2 DAGs
[2024-11-20T14:20:01.909+0000] {logging_mixin.py:190} INFO - [2024-11-20T14:20:01.909+0000] {dag.py:4180} INFO - Setting next_dagrun for example_subdag_operator.section-1 to None, run_after=None
[2024-11-20T14:20:01.910+0000] {logging_mixin.py:190} INFO - [2024-11-20T14:20:01.910+0000] {dag.py:4180} INFO - Setting next_dagrun for example_subdag_operator.section-2 to None, run_after=None
[2024-11-20T14:20:01.934+0000] {processor.py:208} INFO - Processing /home/airflow/.local/lib/python3.12/site-packages/airflow/example_dags/example_subdag_operator.py took 0.244 seconds
[2024-11-20T14:20:32.812+0000] {processor.py:186} INFO - Started process (PID=619) to work on /home/airflow/.local/lib/python3.12/site-packages/airflow/example_dags/example_subdag_operator.py
[2024-11-20T14:20:32.815+0000] {processor.py:914} INFO - Processing file /home/airflow/.local/lib/python3.12/site-packages/airflow/example_dags/example_subdag_operator.py for tasks to queue
[2024-11-20T14:20:32.826+0000] {logging_mixin.py:190} INFO - [2024-11-20T14:20:32.825+0000] {dagbag.py:588} INFO - Filling up the DagBag from /home/airflow/.local/lib/python3.12/site-packages/airflow/example_dags/example_subdag_operator.py
[2024-11-20T14:20:32.888+0000] {processor.py:925} INFO - DAG(s) 'example_subdag_operator.section-1', 'example_subdag_operator.section-2', 'example_subdag_operator' retrieved from /home/airflow/.local/lib/python3.12/site-packages/airflow/example_dags/example_subdag_operator.py
[2024-11-20T14:20:32.913+0000] {logging_mixin.py:190} INFO - [2024-11-20T14:20:32.912+0000] {dag.py:3239} INFO - Sync 3 DAGs
[2024-11-20T14:20:32.972+0000] {logging_mixin.py:190} INFO - [2024-11-20T14:20:32.971+0000] {dag.py:4180} INFO - Setting next_dagrun for example_subdag_operator to 2022-01-01 00:00:00+00:00, run_after=2022-01-01 00:00:00+00:00
[2024-11-20T14:20:32.980+0000] {logging_mixin.py:190} INFO - [2024-11-20T14:20:32.980+0000] {dag.py:4180} INFO - Setting next_dagrun for example_subdag_operator.section-1 to None, run_after=None
[2024-11-20T14:20:32.983+0000] {logging_mixin.py:190} INFO - [2024-11-20T14:20:32.983+0000] {dag.py:4180} INFO - Setting next_dagrun for example_subdag_operator.section-2 to None, run_after=None
[2024-11-20T14:20:32.998+0000] {logging_mixin.py:190} INFO - [2024-11-20T14:20:32.998+0000] {dag.py:3239} INFO - Sync 2 DAGs
[2024-11-20T14:20:33.011+0000] {logging_mixin.py:190} INFO - [2024-11-20T14:20:33.011+0000] {dag.py:4180} INFO - Setting next_dagrun for example_subdag_operator.section-1 to None, run_after=None
[2024-11-20T14:20:33.012+0000] {logging_mixin.py:190} INFO - [2024-11-20T14:20:33.012+0000] {dag.py:4180} INFO - Setting next_dagrun for example_subdag_operator.section-2 to None, run_after=None
[2024-11-20T14:20:33.032+0000] {processor.py:208} INFO - Processing /home/airflow/.local/lib/python3.12/site-packages/airflow/example_dags/example_subdag_operator.py took 0.239 seconds
[2024-11-20T14:21:03.623+0000] {processor.py:186} INFO - Started process (PID=682) to work on /home/airflow/.local/lib/python3.12/site-packages/airflow/example_dags/example_subdag_operator.py
[2024-11-20T14:21:03.624+0000] {processor.py:914} INFO - Processing file /home/airflow/.local/lib/python3.12/site-packages/airflow/example_dags/example_subdag_operator.py for tasks to queue
[2024-11-20T14:21:03.629+0000] {logging_mixin.py:190} INFO - [2024-11-20T14:21:03.629+0000] {dagbag.py:588} INFO - Filling up the DagBag from /home/airflow/.local/lib/python3.12/site-packages/airflow/example_dags/example_subdag_operator.py
[2024-11-20T14:21:03.669+0000] {processor.py:925} INFO - DAG(s) 'example_subdag_operator.section-1', 'example_subdag_operator.section-2', 'example_subdag_operator' retrieved from /home/airflow/.local/lib/python3.12/site-packages/airflow/example_dags/example_subdag_operator.py
[2024-11-20T14:21:03.697+0000] {logging_mixin.py:190} INFO - [2024-11-20T14:21:03.696+0000] {dag.py:3239} INFO - Sync 3 DAGs
[2024-11-20T14:21:03.740+0000] {logging_mixin.py:190} INFO - [2024-11-20T14:21:03.739+0000] {dag.py:4180} INFO - Setting next_dagrun for example_subdag_operator to 2022-01-01 00:00:00+00:00, run_after=2022-01-01 00:00:00+00:00
[2024-11-20T14:21:03.747+0000] {logging_mixin.py:190} INFO - [2024-11-20T14:21:03.746+0000] {dag.py:4180} INFO - Setting next_dagrun for example_subdag_operator.section-1 to None, run_after=None
[2024-11-20T14:21:03.749+0000] {logging_mixin.py:190} INFO - [2024-11-20T14:21:03.749+0000] {dag.py:4180} INFO - Setting next_dagrun for example_subdag_operator.section-2 to None, run_after=None
[2024-11-20T14:21:03.761+0000] {logging_mixin.py:190} INFO - [2024-11-20T14:21:03.760+0000] {dag.py:3239} INFO - Sync 2 DAGs
[2024-11-20T14:21:03.771+0000] {logging_mixin.py:190} INFO - [2024-11-20T14:21:03.771+0000] {dag.py:4180} INFO - Setting next_dagrun for example_subdag_operator.section-1 to None, run_after=None
[2024-11-20T14:21:03.772+0000] {logging_mixin.py:190} INFO - [2024-11-20T14:21:03.772+0000] {dag.py:4180} INFO - Setting next_dagrun for example_subdag_operator.section-2 to None, run_after=None
[2024-11-20T14:21:03.788+0000] {processor.py:208} INFO - Processing /home/airflow/.local/lib/python3.12/site-packages/airflow/example_dags/example_subdag_operator.py took 0.174 seconds
[2024-11-20T14:21:35.633+0000] {processor.py:186} INFO - Started process (PID=745) to work on /home/airflow/.local/lib/python3.12/site-packages/airflow/example_dags/example_subdag_operator.py
[2024-11-20T14:21:35.635+0000] {processor.py:914} INFO - Processing file /home/airflow/.local/lib/python3.12/site-packages/airflow/example_dags/example_subdag_operator.py for tasks to queue
[2024-11-20T14:21:35.639+0000] {logging_mixin.py:190} INFO - [2024-11-20T14:21:35.639+0000] {dagbag.py:588} INFO - Filling up the DagBag from /home/airflow/.local/lib/python3.12/site-packages/airflow/example_dags/example_subdag_operator.py
[2024-11-20T14:21:35.685+0000] {processor.py:925} INFO - DAG(s) 'example_subdag_operator.section-1', 'example_subdag_operator.section-2', 'example_subdag_operator' retrieved from /home/airflow/.local/lib/python3.12/site-packages/airflow/example_dags/example_subdag_operator.py
[2024-11-20T14:21:35.720+0000] {logging_mixin.py:190} INFO - [2024-11-20T14:21:35.719+0000] {dag.py:3239} INFO - Sync 3 DAGs
[2024-11-20T14:21:35.762+0000] {logging_mixin.py:190} INFO - [2024-11-20T14:21:35.761+0000] {dag.py:4180} INFO - Setting next_dagrun for example_subdag_operator to 2022-01-01 00:00:00+00:00, run_after=2022-01-01 00:00:00+00:00
[2024-11-20T14:21:35.770+0000] {logging_mixin.py:190} INFO - [2024-11-20T14:21:35.769+0000] {dag.py:4180} INFO - Setting next_dagrun for example_subdag_operator.section-1 to None, run_after=None
[2024-11-20T14:21:35.773+0000] {logging_mixin.py:190} INFO - [2024-11-20T14:21:35.772+0000] {dag.py:4180} INFO - Setting next_dagrun for example_subdag_operator.section-2 to None, run_after=None
[2024-11-20T14:21:35.788+0000] {logging_mixin.py:190} INFO - [2024-11-20T14:21:35.788+0000] {dag.py:3239} INFO - Sync 2 DAGs
[2024-11-20T14:21:35.801+0000] {logging_mixin.py:190} INFO - [2024-11-20T14:21:35.800+0000] {dag.py:4180} INFO - Setting next_dagrun for example_subdag_operator.section-1 to None, run_after=None
[2024-11-20T14:21:35.802+0000] {logging_mixin.py:190} INFO - [2024-11-20T14:21:35.801+0000] {dag.py:4180} INFO - Setting next_dagrun for example_subdag_operator.section-2 to None, run_after=None
[2024-11-20T14:21:35.828+0000] {processor.py:208} INFO - Processing /home/airflow/.local/lib/python3.12/site-packages/airflow/example_dags/example_subdag_operator.py took 0.208 seconds
[2024-11-20T14:22:07.463+0000] {processor.py:186} INFO - Started process (PID=808) to work on /home/airflow/.local/lib/python3.12/site-packages/airflow/example_dags/example_subdag_operator.py
[2024-11-20T14:22:07.465+0000] {processor.py:914} INFO - Processing file /home/airflow/.local/lib/python3.12/site-packages/airflow/example_dags/example_subdag_operator.py for tasks to queue
[2024-11-20T14:22:07.469+0000] {logging_mixin.py:190} INFO - [2024-11-20T14:22:07.469+0000] {dagbag.py:588} INFO - Filling up the DagBag from /home/airflow/.local/lib/python3.12/site-packages/airflow/example_dags/example_subdag_operator.py
[2024-11-20T14:22:07.509+0000] {processor.py:925} INFO - DAG(s) 'example_subdag_operator.section-1', 'example_subdag_operator.section-2', 'example_subdag_operator' retrieved from /home/airflow/.local/lib/python3.12/site-packages/airflow/example_dags/example_subdag_operator.py
[2024-11-20T14:22:07.538+0000] {logging_mixin.py:190} INFO - [2024-11-20T14:22:07.537+0000] {dag.py:3239} INFO - Sync 3 DAGs
[2024-11-20T14:22:07.575+0000] {logging_mixin.py:190} INFO - [2024-11-20T14:22:07.574+0000] {dag.py:4180} INFO - Setting next_dagrun for example_subdag_operator to 2022-01-01 00:00:00+00:00, run_after=2022-01-01 00:00:00+00:00
[2024-11-20T14:22:07.581+0000] {logging_mixin.py:190} INFO - [2024-11-20T14:22:07.580+0000] {dag.py:4180} INFO - Setting next_dagrun for example_subdag_operator.section-1 to None, run_after=None
[2024-11-20T14:22:07.583+0000] {logging_mixin.py:190} INFO - [2024-11-20T14:22:07.582+0000] {dag.py:4180} INFO - Setting next_dagrun for example_subdag_operator.section-2 to None, run_after=None
[2024-11-20T14:22:07.593+0000] {logging_mixin.py:190} INFO - [2024-11-20T14:22:07.592+0000] {dag.py:3239} INFO - Sync 2 DAGs
[2024-11-20T14:22:07.601+0000] {logging_mixin.py:190} INFO - [2024-11-20T14:22:07.600+0000] {dag.py:4180} INFO - Setting next_dagrun for example_subdag_operator.section-1 to None, run_after=None
[2024-11-20T14:22:07.601+0000] {logging_mixin.py:190} INFO - [2024-11-20T14:22:07.601+0000] {dag.py:4180} INFO - Setting next_dagrun for example_subdag_operator.section-2 to None, run_after=None
[2024-11-20T14:22:07.616+0000] {processor.py:208} INFO - Processing /home/airflow/.local/lib/python3.12/site-packages/airflow/example_dags/example_subdag_operator.py took 0.163 seconds
[2024-11-20T14:22:40.228+0000] {processor.py:186} INFO - Started process (PID=871) to work on /home/airflow/.local/lib/python3.12/site-packages/airflow/example_dags/example_subdag_operator.py
[2024-11-20T14:22:40.230+0000] {processor.py:914} INFO - Processing file /home/airflow/.local/lib/python3.12/site-packages/airflow/example_dags/example_subdag_operator.py for tasks to queue
[2024-11-20T14:22:40.242+0000] {logging_mixin.py:190} INFO - [2024-11-20T14:22:40.237+0000] {dagbag.py:588} INFO - Filling up the DagBag from /home/airflow/.local/lib/python3.12/site-packages/airflow/example_dags/example_subdag_operator.py
[2024-11-20T14:22:40.324+0000] {processor.py:925} INFO - DAG(s) 'example_subdag_operator.section-1', 'example_subdag_operator.section-2', 'example_subdag_operator' retrieved from /home/airflow/.local/lib/python3.12/site-packages/airflow/example_dags/example_subdag_operator.py
[2024-11-20T14:22:40.371+0000] {logging_mixin.py:190} INFO - [2024-11-20T14:22:40.370+0000] {dag.py:3239} INFO - Sync 3 DAGs
[2024-11-20T14:22:40.436+0000] {logging_mixin.py:190} INFO - [2024-11-20T14:22:40.435+0000] {dag.py:4180} INFO - Setting next_dagrun for example_subdag_operator to 2022-01-01 00:00:00+00:00, run_after=2022-01-01 00:00:00+00:00
[2024-11-20T14:22:40.446+0000] {logging_mixin.py:190} INFO - [2024-11-20T14:22:40.445+0000] {dag.py:4180} INFO - Setting next_dagrun for example_subdag_operator.section-1 to None, run_after=None
[2024-11-20T14:22:40.448+0000] {logging_mixin.py:190} INFO - [2024-11-20T14:22:40.447+0000] {dag.py:4180} INFO - Setting next_dagrun for example_subdag_operator.section-2 to None, run_after=None
[2024-11-20T14:22:40.461+0000] {logging_mixin.py:190} INFO - [2024-11-20T14:22:40.460+0000] {dag.py:3239} INFO - Sync 2 DAGs
[2024-11-20T14:22:40.477+0000] {logging_mixin.py:190} INFO - [2024-11-20T14:22:40.476+0000] {dag.py:4180} INFO - Setting next_dagrun for example_subdag_operator.section-1 to None, run_after=None
[2024-11-20T14:22:40.480+0000] {logging_mixin.py:190} INFO - [2024-11-20T14:22:40.477+0000] {dag.py:4180} INFO - Setting next_dagrun for example_subdag_operator.section-2 to None, run_after=None
[2024-11-20T14:22:40.505+0000] {processor.py:208} INFO - Processing /home/airflow/.local/lib/python3.12/site-packages/airflow/example_dags/example_subdag_operator.py took 0.302 seconds
[2024-11-20T14:23:12.900+0000] {processor.py:186} INFO - Started process (PID=935) to work on /home/airflow/.local/lib/python3.12/site-packages/airflow/example_dags/example_subdag_operator.py
[2024-11-20T14:23:12.901+0000] {processor.py:914} INFO - Processing file /home/airflow/.local/lib/python3.12/site-packages/airflow/example_dags/example_subdag_operator.py for tasks to queue
[2024-11-20T14:23:12.908+0000] {logging_mixin.py:190} INFO - [2024-11-20T14:23:12.906+0000] {dagbag.py:588} INFO - Filling up the DagBag from /home/airflow/.local/lib/python3.12/site-packages/airflow/example_dags/example_subdag_operator.py
[2024-11-20T14:23:12.967+0000] {processor.py:925} INFO - DAG(s) 'example_subdag_operator.section-1', 'example_subdag_operator.section-2', 'example_subdag_operator' retrieved from /home/airflow/.local/lib/python3.12/site-packages/airflow/example_dags/example_subdag_operator.py
[2024-11-20T14:23:13.014+0000] {logging_mixin.py:190} INFO - [2024-11-20T14:23:13.014+0000] {dag.py:3239} INFO - Sync 3 DAGs
[2024-11-20T14:23:13.078+0000] {logging_mixin.py:190} INFO - [2024-11-20T14:23:13.076+0000] {dag.py:4180} INFO - Setting next_dagrun for example_subdag_operator to 2022-01-01 00:00:00+00:00, run_after=2022-01-01 00:00:00+00:00
[2024-11-20T14:23:13.094+0000] {logging_mixin.py:190} INFO - [2024-11-20T14:23:13.094+0000] {dag.py:4180} INFO - Setting next_dagrun for example_subdag_operator.section-1 to None, run_after=None
[2024-11-20T14:23:13.098+0000] {logging_mixin.py:190} INFO - [2024-11-20T14:23:13.097+0000] {dag.py:4180} INFO - Setting next_dagrun for example_subdag_operator.section-2 to None, run_after=None
[2024-11-20T14:23:13.115+0000] {logging_mixin.py:190} INFO - [2024-11-20T14:23:13.114+0000] {dag.py:3239} INFO - Sync 2 DAGs
[2024-11-20T14:23:13.130+0000] {logging_mixin.py:190} INFO - [2024-11-20T14:23:13.129+0000] {dag.py:4180} INFO - Setting next_dagrun for example_subdag_operator.section-1 to None, run_after=None
[2024-11-20T14:23:13.132+0000] {logging_mixin.py:190} INFO - [2024-11-20T14:23:13.131+0000] {dag.py:4180} INFO - Setting next_dagrun for example_subdag_operator.section-2 to None, run_after=None
[2024-11-20T14:23:13.156+0000] {processor.py:208} INFO - Processing /home/airflow/.local/lib/python3.12/site-packages/airflow/example_dags/example_subdag_operator.py took 0.272 seconds
[2024-11-20T14:23:43.936+0000] {processor.py:186} INFO - Started process (PID=997) to work on /home/airflow/.local/lib/python3.12/site-packages/airflow/example_dags/example_subdag_operator.py
[2024-11-20T14:23:43.938+0000] {processor.py:914} INFO - Processing file /home/airflow/.local/lib/python3.12/site-packages/airflow/example_dags/example_subdag_operator.py for tasks to queue
[2024-11-20T14:23:43.943+0000] {logging_mixin.py:190} INFO - [2024-11-20T14:23:43.942+0000] {dagbag.py:588} INFO - Filling up the DagBag from /home/airflow/.local/lib/python3.12/site-packages/airflow/example_dags/example_subdag_operator.py
[2024-11-20T14:23:43.978+0000] {processor.py:925} INFO - DAG(s) 'example_subdag_operator.section-1', 'example_subdag_operator.section-2', 'example_subdag_operator' retrieved from /home/airflow/.local/lib/python3.12/site-packages/airflow/example_dags/example_subdag_operator.py
[2024-11-20T14:23:44.003+0000] {logging_mixin.py:190} INFO - [2024-11-20T14:23:44.002+0000] {dag.py:3239} INFO - Sync 3 DAGs
[2024-11-20T14:23:44.042+0000] {logging_mixin.py:190} INFO - [2024-11-20T14:23:44.041+0000] {dag.py:4180} INFO - Setting next_dagrun for example_subdag_operator to 2022-01-01 00:00:00+00:00, run_after=2022-01-01 00:00:00+00:00
[2024-11-20T14:23:44.048+0000] {logging_mixin.py:190} INFO - [2024-11-20T14:23:44.048+0000] {dag.py:4180} INFO - Setting next_dagrun for example_subdag_operator.section-1 to None, run_after=None
[2024-11-20T14:23:44.051+0000] {logging_mixin.py:190} INFO - [2024-11-20T14:23:44.051+0000] {dag.py:4180} INFO - Setting next_dagrun for example_subdag_operator.section-2 to None, run_after=None
[2024-11-20T14:23:44.063+0000] {logging_mixin.py:190} INFO - [2024-11-20T14:23:44.063+0000] {dag.py:3239} INFO - Sync 2 DAGs
[2024-11-20T14:23:44.073+0000] {logging_mixin.py:190} INFO - [2024-11-20T14:23:44.073+0000] {dag.py:4180} INFO - Setting next_dagrun for example_subdag_operator.section-1 to None, run_after=None
[2024-11-20T14:23:44.074+0000] {logging_mixin.py:190} INFO - [2024-11-20T14:23:44.074+0000] {dag.py:4180} INFO - Setting next_dagrun for example_subdag_operator.section-2 to None, run_after=None
[2024-11-20T14:23:44.091+0000] {processor.py:208} INFO - Processing /home/airflow/.local/lib/python3.12/site-packages/airflow/example_dags/example_subdag_operator.py took 0.165 seconds
[2024-11-20T14:24:15.945+0000] {processor.py:186} INFO - Started process (PID=1071) to work on /home/airflow/.local/lib/python3.12/site-packages/airflow/example_dags/example_subdag_operator.py
[2024-11-20T14:24:15.947+0000] {processor.py:914} INFO - Processing file /home/airflow/.local/lib/python3.12/site-packages/airflow/example_dags/example_subdag_operator.py for tasks to queue
[2024-11-20T14:24:15.950+0000] {logging_mixin.py:190} INFO - [2024-11-20T14:24:15.950+0000] {dagbag.py:588} INFO - Filling up the DagBag from /home/airflow/.local/lib/python3.12/site-packages/airflow/example_dags/example_subdag_operator.py
[2024-11-20T14:24:15.989+0000] {processor.py:925} INFO - DAG(s) 'example_subdag_operator.section-1', 'example_subdag_operator.section-2', 'example_subdag_operator' retrieved from /home/airflow/.local/lib/python3.12/site-packages/airflow/example_dags/example_subdag_operator.py
[2024-11-20T14:24:16.015+0000] {logging_mixin.py:190} INFO - [2024-11-20T14:24:16.015+0000] {dag.py:3239} INFO - Sync 3 DAGs
[2024-11-20T14:24:16.062+0000] {logging_mixin.py:190} INFO - [2024-11-20T14:24:16.062+0000] {dag.py:4180} INFO - Setting next_dagrun for example_subdag_operator to 2022-01-01 00:00:00+00:00, run_after=2022-01-01 00:00:00+00:00
[2024-11-20T14:24:16.070+0000] {logging_mixin.py:190} INFO - [2024-11-20T14:24:16.070+0000] {dag.py:4180} INFO - Setting next_dagrun for example_subdag_operator.section-1 to None, run_after=None
[2024-11-20T14:24:16.073+0000] {logging_mixin.py:190} INFO - [2024-11-20T14:24:16.073+0000] {dag.py:4180} INFO - Setting next_dagrun for example_subdag_operator.section-2 to None, run_after=None
[2024-11-20T14:24:16.085+0000] {logging_mixin.py:190} INFO - [2024-11-20T14:24:16.085+0000] {dag.py:3239} INFO - Sync 2 DAGs
[2024-11-20T14:24:16.096+0000] {logging_mixin.py:190} INFO - [2024-11-20T14:24:16.095+0000] {dag.py:4180} INFO - Setting next_dagrun for example_subdag_operator.section-1 to None, run_after=None
[2024-11-20T14:24:16.096+0000] {logging_mixin.py:190} INFO - [2024-11-20T14:24:16.096+0000] {dag.py:4180} INFO - Setting next_dagrun for example_subdag_operator.section-2 to None, run_after=None
[2024-11-20T14:24:16.115+0000] {processor.py:208} INFO - Processing /home/airflow/.local/lib/python3.12/site-packages/airflow/example_dags/example_subdag_operator.py took 0.181 seconds
[2024-11-20T14:24:48.158+0000] {processor.py:186} INFO - Started process (PID=1133) to work on /home/airflow/.local/lib/python3.12/site-packages/airflow/example_dags/example_subdag_operator.py
[2024-11-20T14:24:48.161+0000] {processor.py:914} INFO - Processing file /home/airflow/.local/lib/python3.12/site-packages/airflow/example_dags/example_subdag_operator.py for tasks to queue
[2024-11-20T14:24:48.167+0000] {logging_mixin.py:190} INFO - [2024-11-20T14:24:48.166+0000] {dagbag.py:588} INFO - Filling up the DagBag from /home/airflow/.local/lib/python3.12/site-packages/airflow/example_dags/example_subdag_operator.py
[2024-11-20T14:24:48.220+0000] {processor.py:925} INFO - DAG(s) 'example_subdag_operator.section-1', 'example_subdag_operator.section-2', 'example_subdag_operator' retrieved from /home/airflow/.local/lib/python3.12/site-packages/airflow/example_dags/example_subdag_operator.py
[2024-11-20T14:24:48.253+0000] {logging_mixin.py:190} INFO - [2024-11-20T14:24:48.252+0000] {dag.py:3239} INFO - Sync 3 DAGs
[2024-11-20T14:24:48.304+0000] {logging_mixin.py:190} INFO - [2024-11-20T14:24:48.304+0000] {dag.py:4180} INFO - Setting next_dagrun for example_subdag_operator to 2022-01-01 00:00:00+00:00, run_after=2022-01-01 00:00:00+00:00
[2024-11-20T14:24:48.313+0000] {logging_mixin.py:190} INFO - [2024-11-20T14:24:48.312+0000] {dag.py:4180} INFO - Setting next_dagrun for example_subdag_operator.section-1 to None, run_after=None
[2024-11-20T14:24:48.316+0000] {logging_mixin.py:190} INFO - [2024-11-20T14:24:48.315+0000] {dag.py:4180} INFO - Setting next_dagrun for example_subdag_operator.section-2 to None, run_after=None
[2024-11-20T14:24:48.330+0000] {logging_mixin.py:190} INFO - [2024-11-20T14:24:48.330+0000] {dag.py:3239} INFO - Sync 2 DAGs
[2024-11-20T14:24:48.341+0000] {logging_mixin.py:190} INFO - [2024-11-20T14:24:48.341+0000] {dag.py:4180} INFO - Setting next_dagrun for example_subdag_operator.section-1 to None, run_after=None
[2024-11-20T14:24:48.342+0000] {logging_mixin.py:190} INFO - [2024-11-20T14:24:48.341+0000] {dag.py:4180} INFO - Setting next_dagrun for example_subdag_operator.section-2 to None, run_after=None
[2024-11-20T14:24:48.358+0000] {processor.py:208} INFO - Processing /home/airflow/.local/lib/python3.12/site-packages/airflow/example_dags/example_subdag_operator.py took 0.214 seconds
[2024-11-20T14:25:19.738+0000] {processor.py:186} INFO - Started process (PID=1196) to work on /home/airflow/.local/lib/python3.12/site-packages/airflow/example_dags/example_subdag_operator.py
[2024-11-20T14:25:19.739+0000] {processor.py:914} INFO - Processing file /home/airflow/.local/lib/python3.12/site-packages/airflow/example_dags/example_subdag_operator.py for tasks to queue
[2024-11-20T14:25:19.744+0000] {logging_mixin.py:190} INFO - [2024-11-20T14:25:19.743+0000] {dagbag.py:588} INFO - Filling up the DagBag from /home/airflow/.local/lib/python3.12/site-packages/airflow/example_dags/example_subdag_operator.py
[2024-11-20T14:25:19.786+0000] {processor.py:925} INFO - DAG(s) 'example_subdag_operator.section-1', 'example_subdag_operator.section-2', 'example_subdag_operator' retrieved from /home/airflow/.local/lib/python3.12/site-packages/airflow/example_dags/example_subdag_operator.py
[2024-11-20T14:25:19.810+0000] {logging_mixin.py:190} INFO - [2024-11-20T14:25:19.809+0000] {dag.py:3239} INFO - Sync 3 DAGs
[2024-11-20T14:25:19.847+0000] {logging_mixin.py:190} INFO - [2024-11-20T14:25:19.846+0000] {dag.py:4180} INFO - Setting next_dagrun for example_subdag_operator to 2022-01-01 00:00:00+00:00, run_after=2022-01-01 00:00:00+00:00
[2024-11-20T14:25:19.853+0000] {logging_mixin.py:190} INFO - [2024-11-20T14:25:19.853+0000] {dag.py:4180} INFO - Setting next_dagrun for example_subdag_operator.section-1 to None, run_after=None
[2024-11-20T14:25:19.855+0000] {logging_mixin.py:190} INFO - [2024-11-20T14:25:19.855+0000] {dag.py:4180} INFO - Setting next_dagrun for example_subdag_operator.section-2 to None, run_after=None
[2024-11-20T14:25:19.870+0000] {logging_mixin.py:190} INFO - [2024-11-20T14:25:19.869+0000] {dag.py:3239} INFO - Sync 2 DAGs
[2024-11-20T14:25:19.883+0000] {logging_mixin.py:190} INFO - [2024-11-20T14:25:19.882+0000] {dag.py:4180} INFO - Setting next_dagrun for example_subdag_operator.section-1 to None, run_after=None
[2024-11-20T14:25:19.883+0000] {logging_mixin.py:190} INFO - [2024-11-20T14:25:19.883+0000] {dag.py:4180} INFO - Setting next_dagrun for example_subdag_operator.section-2 to None, run_after=None
[2024-11-20T14:25:19.905+0000] {processor.py:208} INFO - Processing /home/airflow/.local/lib/python3.12/site-packages/airflow/example_dags/example_subdag_operator.py took 0.176 seconds
[2024-11-20T14:25:51.706+0000] {processor.py:186} INFO - Started process (PID=1259) to work on /home/airflow/.local/lib/python3.12/site-packages/airflow/example_dags/example_subdag_operator.py
[2024-11-20T14:25:51.707+0000] {processor.py:914} INFO - Processing file /home/airflow/.local/lib/python3.12/site-packages/airflow/example_dags/example_subdag_operator.py for tasks to queue
[2024-11-20T14:25:51.711+0000] {logging_mixin.py:190} INFO - [2024-11-20T14:25:51.710+0000] {dagbag.py:588} INFO - Filling up the DagBag from /home/airflow/.local/lib/python3.12/site-packages/airflow/example_dags/example_subdag_operator.py
[2024-11-20T14:25:51.747+0000] {processor.py:925} INFO - DAG(s) 'example_subdag_operator.section-1', 'example_subdag_operator.section-2', 'example_subdag_operator' retrieved from /home/airflow/.local/lib/python3.12/site-packages/airflow/example_dags/example_subdag_operator.py
[2024-11-20T14:25:51.771+0000] {logging_mixin.py:190} INFO - [2024-11-20T14:25:51.770+0000] {dag.py:3239} INFO - Sync 3 DAGs
[2024-11-20T14:25:51.805+0000] {logging_mixin.py:190} INFO - [2024-11-20T14:25:51.804+0000] {dag.py:4180} INFO - Setting next_dagrun for example_subdag_operator to 2022-01-01 00:00:00+00:00, run_after=2022-01-01 00:00:00+00:00
[2024-11-20T14:25:51.812+0000] {logging_mixin.py:190} INFO - [2024-11-20T14:25:51.811+0000] {dag.py:4180} INFO - Setting next_dagrun for example_subdag_operator.section-1 to None, run_after=None
[2024-11-20T14:25:51.814+0000] {logging_mixin.py:190} INFO - [2024-11-20T14:25:51.813+0000] {dag.py:4180} INFO - Setting next_dagrun for example_subdag_operator.section-2 to None, run_after=None
[2024-11-20T14:25:51.824+0000] {logging_mixin.py:190} INFO - [2024-11-20T14:25:51.823+0000] {dag.py:3239} INFO - Sync 2 DAGs
[2024-11-20T14:25:51.832+0000] {logging_mixin.py:190} INFO - [2024-11-20T14:25:51.832+0000] {dag.py:4180} INFO - Setting next_dagrun for example_subdag_operator.section-1 to None, run_after=None
[2024-11-20T14:25:51.833+0000] {logging_mixin.py:190} INFO - [2024-11-20T14:25:51.833+0000] {dag.py:4180} INFO - Setting next_dagrun for example_subdag_operator.section-2 to None, run_after=None
[2024-11-20T14:25:51.849+0000] {processor.py:208} INFO - Processing /home/airflow/.local/lib/python3.12/site-packages/airflow/example_dags/example_subdag_operator.py took 0.153 seconds
[2024-11-20T14:26:23.268+0000] {processor.py:186} INFO - Started process (PID=1322) to work on /home/airflow/.local/lib/python3.12/site-packages/airflow/example_dags/example_subdag_operator.py
[2024-11-20T14:26:23.270+0000] {processor.py:914} INFO - Processing file /home/airflow/.local/lib/python3.12/site-packages/airflow/example_dags/example_subdag_operator.py for tasks to queue
[2024-11-20T14:26:23.277+0000] {logging_mixin.py:190} INFO - [2024-11-20T14:26:23.276+0000] {dagbag.py:588} INFO - Filling up the DagBag from /home/airflow/.local/lib/python3.12/site-packages/airflow/example_dags/example_subdag_operator.py
[2024-11-20T14:26:23.334+0000] {processor.py:925} INFO - DAG(s) 'example_subdag_operator.section-1', 'example_subdag_operator.section-2', 'example_subdag_operator' retrieved from /home/airflow/.local/lib/python3.12/site-packages/airflow/example_dags/example_subdag_operator.py
[2024-11-20T14:26:23.371+0000] {logging_mixin.py:190} INFO - [2024-11-20T14:26:23.370+0000] {dag.py:3239} INFO - Sync 3 DAGs
[2024-11-20T14:26:23.428+0000] {logging_mixin.py:190} INFO - [2024-11-20T14:26:23.427+0000] {dag.py:4180} INFO - Setting next_dagrun for example_subdag_operator to 2022-01-01 00:00:00+00:00, run_after=2022-01-01 00:00:00+00:00
[2024-11-20T14:26:23.437+0000] {logging_mixin.py:190} INFO - [2024-11-20T14:26:23.436+0000] {dag.py:4180} INFO - Setting next_dagrun for example_subdag_operator.section-1 to None, run_after=None
[2024-11-20T14:26:23.439+0000] {logging_mixin.py:190} INFO - [2024-11-20T14:26:23.439+0000] {dag.py:4180} INFO - Setting next_dagrun for example_subdag_operator.section-2 to None, run_after=None
[2024-11-20T14:26:23.455+0000] {logging_mixin.py:190} INFO - [2024-11-20T14:26:23.455+0000] {dag.py:3239} INFO - Sync 2 DAGs
[2024-11-20T14:26:23.473+0000] {logging_mixin.py:190} INFO - [2024-11-20T14:26:23.472+0000] {dag.py:4180} INFO - Setting next_dagrun for example_subdag_operator.section-1 to None, run_after=None
[2024-11-20T14:26:23.474+0000] {logging_mixin.py:190} INFO - [2024-11-20T14:26:23.474+0000] {dag.py:4180} INFO - Setting next_dagrun for example_subdag_operator.section-2 to None, run_after=None
[2024-11-20T14:26:23.500+0000] {processor.py:208} INFO - Processing /home/airflow/.local/lib/python3.12/site-packages/airflow/example_dags/example_subdag_operator.py took 0.254 seconds
[2024-11-20T14:26:55.394+0000] {processor.py:186} INFO - Started process (PID=1385) to work on /home/airflow/.local/lib/python3.12/site-packages/airflow/example_dags/example_subdag_operator.py
[2024-11-20T14:26:55.404+0000] {processor.py:914} INFO - Processing file /home/airflow/.local/lib/python3.12/site-packages/airflow/example_dags/example_subdag_operator.py for tasks to queue
[2024-11-20T14:26:55.407+0000] {logging_mixin.py:190} INFO - [2024-11-20T14:26:55.407+0000] {dagbag.py:588} INFO - Filling up the DagBag from /home/airflow/.local/lib/python3.12/site-packages/airflow/example_dags/example_subdag_operator.py
[2024-11-20T14:26:55.448+0000] {processor.py:925} INFO - DAG(s) 'example_subdag_operator.section-1', 'example_subdag_operator.section-2', 'example_subdag_operator' retrieved from /home/airflow/.local/lib/python3.12/site-packages/airflow/example_dags/example_subdag_operator.py
[2024-11-20T14:26:55.470+0000] {logging_mixin.py:190} INFO - [2024-11-20T14:26:55.470+0000] {dag.py:3239} INFO - Sync 3 DAGs
[2024-11-20T14:26:55.508+0000] {logging_mixin.py:190} INFO - [2024-11-20T14:26:55.507+0000] {dag.py:4180} INFO - Setting next_dagrun for example_subdag_operator to 2022-01-01 00:00:00+00:00, run_after=2022-01-01 00:00:00+00:00
[2024-11-20T14:26:55.513+0000] {logging_mixin.py:190} INFO - [2024-11-20T14:26:55.513+0000] {dag.py:4180} INFO - Setting next_dagrun for example_subdag_operator.section-1 to None, run_after=None
[2024-11-20T14:26:55.515+0000] {logging_mixin.py:190} INFO - [2024-11-20T14:26:55.515+0000] {dag.py:4180} INFO - Setting next_dagrun for example_subdag_operator.section-2 to None, run_after=None
[2024-11-20T14:26:55.527+0000] {logging_mixin.py:190} INFO - [2024-11-20T14:26:55.526+0000] {dag.py:3239} INFO - Sync 2 DAGs
[2024-11-20T14:26:55.535+0000] {logging_mixin.py:190} INFO - [2024-11-20T14:26:55.535+0000] {dag.py:4180} INFO - Setting next_dagrun for example_subdag_operator.section-1 to None, run_after=None
[2024-11-20T14:26:55.536+0000] {logging_mixin.py:190} INFO - [2024-11-20T14:26:55.535+0000] {dag.py:4180} INFO - Setting next_dagrun for example_subdag_operator.section-2 to None, run_after=None
[2024-11-20T14:26:55.552+0000] {processor.py:208} INFO - Processing /home/airflow/.local/lib/python3.12/site-packages/airflow/example_dags/example_subdag_operator.py took 0.168 seconds
[2024-11-20T14:28:13.591+0000] {processor.py:186} INFO - Started process (PID=1454) to work on /home/airflow/.local/lib/python3.12/site-packages/airflow/example_dags/example_subdag_operator.py
[2024-11-20T14:28:13.597+0000] {processor.py:914} INFO - Processing file /home/airflow/.local/lib/python3.12/site-packages/airflow/example_dags/example_subdag_operator.py for tasks to queue
[2024-11-20T14:28:13.603+0000] {logging_mixin.py:190} INFO - [2024-11-20T14:28:13.602+0000] {dagbag.py:588} INFO - Filling up the DagBag from /home/airflow/.local/lib/python3.12/site-packages/airflow/example_dags/example_subdag_operator.py
[2024-11-20T14:28:13.661+0000] {processor.py:925} INFO - DAG(s) 'example_subdag_operator.section-1', 'example_subdag_operator.section-2', 'example_subdag_operator' retrieved from /home/airflow/.local/lib/python3.12/site-packages/airflow/example_dags/example_subdag_operator.py
[2024-11-20T14:28:13.699+0000] {logging_mixin.py:190} INFO - [2024-11-20T14:28:13.699+0000] {dag.py:3239} INFO - Sync 3 DAGs
[2024-11-20T14:28:13.742+0000] {logging_mixin.py:190} INFO - [2024-11-20T14:28:13.742+0000] {dag.py:4180} INFO - Setting next_dagrun for example_subdag_operator to 2022-01-01 00:00:00+00:00, run_after=2022-01-01 00:00:00+00:00
[2024-11-20T14:28:13.748+0000] {logging_mixin.py:190} INFO - [2024-11-20T14:28:13.747+0000] {dag.py:4180} INFO - Setting next_dagrun for example_subdag_operator.section-1 to None, run_after=None
[2024-11-20T14:28:13.750+0000] {logging_mixin.py:190} INFO - [2024-11-20T14:28:13.750+0000] {dag.py:4180} INFO - Setting next_dagrun for example_subdag_operator.section-2 to None, run_after=None
[2024-11-20T14:28:13.761+0000] {logging_mixin.py:190} INFO - [2024-11-20T14:28:13.761+0000] {dag.py:3239} INFO - Sync 2 DAGs
[2024-11-20T14:28:13.770+0000] {logging_mixin.py:190} INFO - [2024-11-20T14:28:13.769+0000] {dag.py:4180} INFO - Setting next_dagrun for example_subdag_operator.section-1 to None, run_after=None
[2024-11-20T14:28:13.770+0000] {logging_mixin.py:190} INFO - [2024-11-20T14:28:13.770+0000] {dag.py:4180} INFO - Setting next_dagrun for example_subdag_operator.section-2 to None, run_after=None
[2024-11-20T14:28:13.787+0000] {processor.py:208} INFO - Processing /home/airflow/.local/lib/python3.12/site-packages/airflow/example_dags/example_subdag_operator.py took 0.246 seconds
[2024-11-20T14:28:43.995+0000] {processor.py:186} INFO - Started process (PID=1517) to work on /home/airflow/.local/lib/python3.12/site-packages/airflow/example_dags/example_subdag_operator.py
[2024-11-20T14:28:43.995+0000] {processor.py:914} INFO - Processing file /home/airflow/.local/lib/python3.12/site-packages/airflow/example_dags/example_subdag_operator.py for tasks to queue
[2024-11-20T14:28:44.000+0000] {logging_mixin.py:190} INFO - [2024-11-20T14:28:43.999+0000] {dagbag.py:588} INFO - Filling up the DagBag from /home/airflow/.local/lib/python3.12/site-packages/airflow/example_dags/example_subdag_operator.py
[2024-11-20T14:28:44.043+0000] {processor.py:925} INFO - DAG(s) 'example_subdag_operator.section-1', 'example_subdag_operator.section-2', 'example_subdag_operator' retrieved from /home/airflow/.local/lib/python3.12/site-packages/airflow/example_dags/example_subdag_operator.py
[2024-11-20T14:28:44.073+0000] {logging_mixin.py:190} INFO - [2024-11-20T14:28:44.073+0000] {dag.py:3239} INFO - Sync 3 DAGs
[2024-11-20T14:28:44.118+0000] {logging_mixin.py:190} INFO - [2024-11-20T14:28:44.118+0000] {dag.py:4180} INFO - Setting next_dagrun for example_subdag_operator to 2022-01-01 00:00:00+00:00, run_after=2022-01-01 00:00:00+00:00
[2024-11-20T14:28:44.125+0000] {logging_mixin.py:190} INFO - [2024-11-20T14:28:44.124+0000] {dag.py:4180} INFO - Setting next_dagrun for example_subdag_operator.section-1 to None, run_after=None
[2024-11-20T14:28:44.127+0000] {logging_mixin.py:190} INFO - [2024-11-20T14:28:44.127+0000] {dag.py:4180} INFO - Setting next_dagrun for example_subdag_operator.section-2 to None, run_after=None
[2024-11-20T14:28:44.140+0000] {logging_mixin.py:190} INFO - [2024-11-20T14:28:44.139+0000] {dag.py:3239} INFO - Sync 2 DAGs
[2024-11-20T14:28:44.151+0000] {logging_mixin.py:190} INFO - [2024-11-20T14:28:44.150+0000] {dag.py:4180} INFO - Setting next_dagrun for example_subdag_operator.section-1 to None, run_after=None
[2024-11-20T14:28:44.151+0000] {logging_mixin.py:190} INFO - [2024-11-20T14:28:44.151+0000] {dag.py:4180} INFO - Setting next_dagrun for example_subdag_operator.section-2 to None, run_after=None
[2024-11-20T14:28:44.171+0000] {processor.py:208} INFO - Processing /home/airflow/.local/lib/python3.12/site-packages/airflow/example_dags/example_subdag_operator.py took 0.186 seconds
[2024-11-20T14:29:14.592+0000] {processor.py:186} INFO - Started process (PID=1580) to work on /home/airflow/.local/lib/python3.12/site-packages/airflow/example_dags/example_subdag_operator.py
[2024-11-20T14:29:14.594+0000] {processor.py:914} INFO - Processing file /home/airflow/.local/lib/python3.12/site-packages/airflow/example_dags/example_subdag_operator.py for tasks to queue
[2024-11-20T14:29:14.597+0000] {logging_mixin.py:190} INFO - [2024-11-20T14:29:14.597+0000] {dagbag.py:588} INFO - Filling up the DagBag from /home/airflow/.local/lib/python3.12/site-packages/airflow/example_dags/example_subdag_operator.py
[2024-11-20T14:29:14.636+0000] {processor.py:925} INFO - DAG(s) 'example_subdag_operator.section-1', 'example_subdag_operator.section-2', 'example_subdag_operator' retrieved from /home/airflow/.local/lib/python3.12/site-packages/airflow/example_dags/example_subdag_operator.py
[2024-11-20T14:29:14.658+0000] {logging_mixin.py:190} INFO - [2024-11-20T14:29:14.658+0000] {dag.py:3239} INFO - Sync 3 DAGs
[2024-11-20T14:29:14.695+0000] {logging_mixin.py:190} INFO - [2024-11-20T14:29:14.695+0000] {dag.py:4180} INFO - Setting next_dagrun for example_subdag_operator to 2022-01-01 00:00:00+00:00, run_after=2022-01-01 00:00:00+00:00
[2024-11-20T14:29:14.703+0000] {logging_mixin.py:190} INFO - [2024-11-20T14:29:14.702+0000] {dag.py:4180} INFO - Setting next_dagrun for example_subdag_operator.section-1 to None, run_after=None
[2024-11-20T14:29:14.705+0000] {logging_mixin.py:190} INFO - [2024-11-20T14:29:14.705+0000] {dag.py:4180} INFO - Setting next_dagrun for example_subdag_operator.section-2 to None, run_after=None
[2024-11-20T14:29:14.716+0000] {logging_mixin.py:190} INFO - [2024-11-20T14:29:14.716+0000] {dag.py:3239} INFO - Sync 2 DAGs
[2024-11-20T14:29:14.726+0000] {logging_mixin.py:190} INFO - [2024-11-20T14:29:14.726+0000] {dag.py:4180} INFO - Setting next_dagrun for example_subdag_operator.section-1 to None, run_after=None
[2024-11-20T14:29:14.727+0000] {logging_mixin.py:190} INFO - [2024-11-20T14:29:14.727+0000] {dag.py:4180} INFO - Setting next_dagrun for example_subdag_operator.section-2 to None, run_after=None
[2024-11-20T14:29:14.746+0000] {processor.py:208} INFO - Processing /home/airflow/.local/lib/python3.12/site-packages/airflow/example_dags/example_subdag_operator.py took 0.163 seconds
[2024-11-20T14:29:45.428+0000] {processor.py:186} INFO - Started process (PID=1641) to work on /home/airflow/.local/lib/python3.12/site-packages/airflow/example_dags/example_subdag_operator.py
[2024-11-20T14:29:45.430+0000] {processor.py:914} INFO - Processing file /home/airflow/.local/lib/python3.12/site-packages/airflow/example_dags/example_subdag_operator.py for tasks to queue
[2024-11-20T14:29:45.434+0000] {logging_mixin.py:190} INFO - [2024-11-20T14:29:45.434+0000] {dagbag.py:588} INFO - Filling up the DagBag from /home/airflow/.local/lib/python3.12/site-packages/airflow/example_dags/example_subdag_operator.py
[2024-11-20T14:29:45.482+0000] {processor.py:925} INFO - DAG(s) 'example_subdag_operator.section-1', 'example_subdag_operator.section-2', 'example_subdag_operator' retrieved from /home/airflow/.local/lib/python3.12/site-packages/airflow/example_dags/example_subdag_operator.py
[2024-11-20T14:29:45.506+0000] {logging_mixin.py:190} INFO - [2024-11-20T14:29:45.506+0000] {dag.py:3239} INFO - Sync 3 DAGs
[2024-11-20T14:29:45.548+0000] {logging_mixin.py:190} INFO - [2024-11-20T14:29:45.548+0000] {dag.py:4180} INFO - Setting next_dagrun for example_subdag_operator to 2022-01-01 00:00:00+00:00, run_after=2022-01-01 00:00:00+00:00
[2024-11-20T14:29:45.555+0000] {logging_mixin.py:190} INFO - [2024-11-20T14:29:45.555+0000] {dag.py:4180} INFO - Setting next_dagrun for example_subdag_operator.section-1 to None, run_after=None
[2024-11-20T14:29:45.558+0000] {logging_mixin.py:190} INFO - [2024-11-20T14:29:45.557+0000] {dag.py:4180} INFO - Setting next_dagrun for example_subdag_operator.section-2 to None, run_after=None
[2024-11-20T14:29:45.568+0000] {logging_mixin.py:190} INFO - [2024-11-20T14:29:45.568+0000] {dag.py:3239} INFO - Sync 2 DAGs
[2024-11-20T14:29:45.577+0000] {logging_mixin.py:190} INFO - [2024-11-20T14:29:45.577+0000] {dag.py:4180} INFO - Setting next_dagrun for example_subdag_operator.section-1 to None, run_after=None
[2024-11-20T14:29:45.578+0000] {logging_mixin.py:190} INFO - [2024-11-20T14:29:45.578+0000] {dag.py:4180} INFO - Setting next_dagrun for example_subdag_operator.section-2 to None, run_after=None
[2024-11-20T14:29:45.596+0000] {processor.py:208} INFO - Processing /home/airflow/.local/lib/python3.12/site-packages/airflow/example_dags/example_subdag_operator.py took 0.180 seconds
[2024-11-20T14:30:19.163+0000] {processor.py:186} INFO - Started process (PID=1704) to work on /home/airflow/.local/lib/python3.12/site-packages/airflow/example_dags/example_subdag_operator.py
[2024-11-20T14:30:19.166+0000] {processor.py:914} INFO - Processing file /home/airflow/.local/lib/python3.12/site-packages/airflow/example_dags/example_subdag_operator.py for tasks to queue
[2024-11-20T14:30:19.175+0000] {logging_mixin.py:190} INFO - [2024-11-20T14:30:19.174+0000] {dagbag.py:588} INFO - Filling up the DagBag from /home/airflow/.local/lib/python3.12/site-packages/airflow/example_dags/example_subdag_operator.py
[2024-11-20T14:30:19.240+0000] {processor.py:925} INFO - DAG(s) 'example_subdag_operator.section-1', 'example_subdag_operator.section-2', 'example_subdag_operator' retrieved from /home/airflow/.local/lib/python3.12/site-packages/airflow/example_dags/example_subdag_operator.py
[2024-11-20T14:30:19.286+0000] {logging_mixin.py:190} INFO - [2024-11-20T14:30:19.286+0000] {dag.py:3239} INFO - Sync 3 DAGs
[2024-11-20T14:30:19.354+0000] {logging_mixin.py:190} INFO - [2024-11-20T14:30:19.353+0000] {dag.py:4180} INFO - Setting next_dagrun for example_subdag_operator to 2022-01-01 00:00:00+00:00, run_after=2022-01-01 00:00:00+00:00
[2024-11-20T14:30:19.365+0000] {logging_mixin.py:190} INFO - [2024-11-20T14:30:19.365+0000] {dag.py:4180} INFO - Setting next_dagrun for example_subdag_operator.section-1 to None, run_after=None
[2024-11-20T14:30:19.371+0000] {logging_mixin.py:190} INFO - [2024-11-20T14:30:19.370+0000] {dag.py:4180} INFO - Setting next_dagrun for example_subdag_operator.section-2 to None, run_after=None
[2024-11-20T14:30:19.388+0000] {logging_mixin.py:190} INFO - [2024-11-20T14:30:19.387+0000] {dag.py:3239} INFO - Sync 2 DAGs
[2024-11-20T14:30:19.400+0000] {logging_mixin.py:190} INFO - [2024-11-20T14:30:19.400+0000] {dag.py:4180} INFO - Setting next_dagrun for example_subdag_operator.section-1 to None, run_after=None
[2024-11-20T14:30:19.401+0000] {logging_mixin.py:190} INFO - [2024-11-20T14:30:19.401+0000] {dag.py:4180} INFO - Setting next_dagrun for example_subdag_operator.section-2 to None, run_after=None
[2024-11-20T14:30:19.423+0000] {processor.py:208} INFO - Processing /home/airflow/.local/lib/python3.12/site-packages/airflow/example_dags/example_subdag_operator.py took 0.274 seconds
[2024-11-20T14:30:53.297+0000] {processor.py:186} INFO - Started process (PID=1767) to work on /home/airflow/.local/lib/python3.12/site-packages/airflow/example_dags/example_subdag_operator.py
[2024-11-20T14:30:53.299+0000] {processor.py:914} INFO - Processing file /home/airflow/.local/lib/python3.12/site-packages/airflow/example_dags/example_subdag_operator.py for tasks to queue
[2024-11-20T14:30:53.307+0000] {logging_mixin.py:190} INFO - [2024-11-20T14:30:53.305+0000] {dagbag.py:588} INFO - Filling up the DagBag from /home/airflow/.local/lib/python3.12/site-packages/airflow/example_dags/example_subdag_operator.py
[2024-11-20T14:30:53.409+0000] {processor.py:925} INFO - DAG(s) 'example_subdag_operator.section-1', 'example_subdag_operator.section-2', 'example_subdag_operator' retrieved from /home/airflow/.local/lib/python3.12/site-packages/airflow/example_dags/example_subdag_operator.py
[2024-11-20T14:30:53.485+0000] {logging_mixin.py:190} INFO - [2024-11-20T14:30:53.484+0000] {dag.py:3239} INFO - Sync 3 DAGs
[2024-11-20T14:30:53.600+0000] {logging_mixin.py:190} INFO - [2024-11-20T14:30:53.599+0000] {dag.py:4180} INFO - Setting next_dagrun for example_subdag_operator to 2022-01-01 00:00:00+00:00, run_after=2022-01-01 00:00:00+00:00
[2024-11-20T14:30:53.650+0000] {logging_mixin.py:190} INFO - [2024-11-20T14:30:53.646+0000] {dag.py:4180} INFO - Setting next_dagrun for example_subdag_operator.section-1 to None, run_after=None
[2024-11-20T14:30:53.657+0000] {logging_mixin.py:190} INFO - [2024-11-20T14:30:53.657+0000] {dag.py:4180} INFO - Setting next_dagrun for example_subdag_operator.section-2 to None, run_after=None
[2024-11-20T14:30:53.684+0000] {logging_mixin.py:190} INFO - [2024-11-20T14:30:53.681+0000] {dag.py:3239} INFO - Sync 2 DAGs
[2024-11-20T14:30:53.703+0000] {logging_mixin.py:190} INFO - [2024-11-20T14:30:53.702+0000] {dag.py:4180} INFO - Setting next_dagrun for example_subdag_operator.section-1 to None, run_after=None
[2024-11-20T14:30:53.703+0000] {logging_mixin.py:190} INFO - [2024-11-20T14:30:53.703+0000] {dag.py:4180} INFO - Setting next_dagrun for example_subdag_operator.section-2 to None, run_after=None
[2024-11-20T14:30:53.742+0000] {processor.py:208} INFO - Processing /home/airflow/.local/lib/python3.12/site-packages/airflow/example_dags/example_subdag_operator.py took 0.465 seconds
[2024-11-20T14:31:27.180+0000] {processor.py:186} INFO - Started process (PID=1831) to work on /home/airflow/.local/lib/python3.12/site-packages/airflow/example_dags/example_subdag_operator.py
[2024-11-20T14:31:27.182+0000] {processor.py:914} INFO - Processing file /home/airflow/.local/lib/python3.12/site-packages/airflow/example_dags/example_subdag_operator.py for tasks to queue
[2024-11-20T14:31:27.187+0000] {logging_mixin.py:190} INFO - [2024-11-20T14:31:27.186+0000] {dagbag.py:588} INFO - Filling up the DagBag from /home/airflow/.local/lib/python3.12/site-packages/airflow/example_dags/example_subdag_operator.py
[2024-11-20T14:31:27.239+0000] {processor.py:925} INFO - DAG(s) 'example_subdag_operator.section-1', 'example_subdag_operator.section-2', 'example_subdag_operator' retrieved from /home/airflow/.local/lib/python3.12/site-packages/airflow/example_dags/example_subdag_operator.py
[2024-11-20T14:31:27.277+0000] {logging_mixin.py:190} INFO - [2024-11-20T14:31:27.276+0000] {dag.py:3239} INFO - Sync 3 DAGs
[2024-11-20T14:31:27.328+0000] {logging_mixin.py:190} INFO - [2024-11-20T14:31:27.328+0000] {dag.py:4180} INFO - Setting next_dagrun for example_subdag_operator to 2022-01-01 00:00:00+00:00, run_after=2022-01-01 00:00:00+00:00
[2024-11-20T14:31:27.336+0000] {logging_mixin.py:190} INFO - [2024-11-20T14:31:27.335+0000] {dag.py:4180} INFO - Setting next_dagrun for example_subdag_operator.section-1 to None, run_after=None
[2024-11-20T14:31:27.338+0000] {logging_mixin.py:190} INFO - [2024-11-20T14:31:27.338+0000] {dag.py:4180} INFO - Setting next_dagrun for example_subdag_operator.section-2 to None, run_after=None
[2024-11-20T14:31:27.353+0000] {logging_mixin.py:190} INFO - [2024-11-20T14:31:27.353+0000] {dag.py:3239} INFO - Sync 2 DAGs
[2024-11-20T14:31:27.366+0000] {logging_mixin.py:190} INFO - [2024-11-20T14:31:27.365+0000] {dag.py:4180} INFO - Setting next_dagrun for example_subdag_operator.section-1 to None, run_after=None
[2024-11-20T14:31:27.366+0000] {logging_mixin.py:190} INFO - [2024-11-20T14:31:27.366+0000] {dag.py:4180} INFO - Setting next_dagrun for example_subdag_operator.section-2 to None, run_after=None
[2024-11-20T14:31:27.387+0000] {processor.py:208} INFO - Processing /home/airflow/.local/lib/python3.12/site-packages/airflow/example_dags/example_subdag_operator.py took 0.221 seconds
[2024-11-20T14:31:59.653+0000] {processor.py:186} INFO - Started process (PID=1894) to work on /home/airflow/.local/lib/python3.12/site-packages/airflow/example_dags/example_subdag_operator.py
[2024-11-20T14:31:59.657+0000] {processor.py:914} INFO - Processing file /home/airflow/.local/lib/python3.12/site-packages/airflow/example_dags/example_subdag_operator.py for tasks to queue
[2024-11-20T14:31:59.667+0000] {logging_mixin.py:190} INFO - [2024-11-20T14:31:59.667+0000] {dagbag.py:588} INFO - Filling up the DagBag from /home/airflow/.local/lib/python3.12/site-packages/airflow/example_dags/example_subdag_operator.py
[2024-11-20T14:31:59.786+0000] {processor.py:925} INFO - DAG(s) 'example_subdag_operator.section-1', 'example_subdag_operator.section-2', 'example_subdag_operator' retrieved from /home/airflow/.local/lib/python3.12/site-packages/airflow/example_dags/example_subdag_operator.py
[2024-11-20T14:31:59.835+0000] {logging_mixin.py:190} INFO - [2024-11-20T14:31:59.835+0000] {dag.py:3239} INFO - Sync 3 DAGs
[2024-11-20T14:31:59.911+0000] {logging_mixin.py:190} INFO - [2024-11-20T14:31:59.911+0000] {dag.py:4180} INFO - Setting next_dagrun for example_subdag_operator to 2022-01-01 00:00:00+00:00, run_after=2022-01-01 00:00:00+00:00
[2024-11-20T14:31:59.925+0000] {logging_mixin.py:190} INFO - [2024-11-20T14:31:59.924+0000] {dag.py:4180} INFO - Setting next_dagrun for example_subdag_operator.section-1 to None, run_after=None
[2024-11-20T14:31:59.929+0000] {logging_mixin.py:190} INFO - [2024-11-20T14:31:59.928+0000] {dag.py:4180} INFO - Setting next_dagrun for example_subdag_operator.section-2 to None, run_after=None
[2024-11-20T14:31:59.947+0000] {logging_mixin.py:190} INFO - [2024-11-20T14:31:59.946+0000] {dag.py:3239} INFO - Sync 2 DAGs
[2024-11-20T14:31:59.962+0000] {logging_mixin.py:190} INFO - [2024-11-20T14:31:59.962+0000] {dag.py:4180} INFO - Setting next_dagrun for example_subdag_operator.section-1 to None, run_after=None
[2024-11-20T14:31:59.964+0000] {logging_mixin.py:190} INFO - [2024-11-20T14:31:59.964+0000] {dag.py:4180} INFO - Setting next_dagrun for example_subdag_operator.section-2 to None, run_after=None
[2024-11-20T14:32:00.018+0000] {processor.py:208} INFO - Processing /home/airflow/.local/lib/python3.12/site-packages/airflow/example_dags/example_subdag_operator.py took 0.385 seconds
[2024-11-20T14:32:30.174+0000] {processor.py:186} INFO - Started process (PID=1956) to work on /home/airflow/.local/lib/python3.12/site-packages/airflow/example_dags/example_subdag_operator.py
[2024-11-20T14:32:30.175+0000] {processor.py:914} INFO - Processing file /home/airflow/.local/lib/python3.12/site-packages/airflow/example_dags/example_subdag_operator.py for tasks to queue
[2024-11-20T14:32:30.180+0000] {logging_mixin.py:190} INFO - [2024-11-20T14:32:30.179+0000] {dagbag.py:588} INFO - Filling up the DagBag from /home/airflow/.local/lib/python3.12/site-packages/airflow/example_dags/example_subdag_operator.py
[2024-11-20T14:32:30.232+0000] {processor.py:925} INFO - DAG(s) 'example_subdag_operator.section-1', 'example_subdag_operator.section-2', 'example_subdag_operator' retrieved from /home/airflow/.local/lib/python3.12/site-packages/airflow/example_dags/example_subdag_operator.py
[2024-11-20T14:32:30.258+0000] {logging_mixin.py:190} INFO - [2024-11-20T14:32:30.258+0000] {dag.py:3239} INFO - Sync 3 DAGs
[2024-11-20T14:32:30.311+0000] {logging_mixin.py:190} INFO - [2024-11-20T14:32:30.311+0000] {dag.py:4180} INFO - Setting next_dagrun for example_subdag_operator to 2022-01-01 00:00:00+00:00, run_after=2022-01-01 00:00:00+00:00
[2024-11-20T14:32:30.318+0000] {logging_mixin.py:190} INFO - [2024-11-20T14:32:30.318+0000] {dag.py:4180} INFO - Setting next_dagrun for example_subdag_operator.section-1 to None, run_after=None
[2024-11-20T14:32:30.321+0000] {logging_mixin.py:190} INFO - [2024-11-20T14:32:30.320+0000] {dag.py:4180} INFO - Setting next_dagrun for example_subdag_operator.section-2 to None, run_after=None
[2024-11-20T14:32:30.332+0000] {logging_mixin.py:190} INFO - [2024-11-20T14:32:30.331+0000] {dag.py:3239} INFO - Sync 2 DAGs
[2024-11-20T14:32:30.342+0000] {logging_mixin.py:190} INFO - [2024-11-20T14:32:30.342+0000] {dag.py:4180} INFO - Setting next_dagrun for example_subdag_operator.section-1 to None, run_after=None
[2024-11-20T14:32:30.343+0000] {logging_mixin.py:190} INFO - [2024-11-20T14:32:30.343+0000] {dag.py:4180} INFO - Setting next_dagrun for example_subdag_operator.section-2 to None, run_after=None
[2024-11-20T14:32:30.363+0000] {processor.py:208} INFO - Processing /home/airflow/.local/lib/python3.12/site-packages/airflow/example_dags/example_subdag_operator.py took 0.203 seconds
[2024-11-20T14:33:01.121+0000] {processor.py:186} INFO - Started process (PID=2019) to work on /home/airflow/.local/lib/python3.12/site-packages/airflow/example_dags/example_subdag_operator.py
[2024-11-20T14:33:01.123+0000] {processor.py:914} INFO - Processing file /home/airflow/.local/lib/python3.12/site-packages/airflow/example_dags/example_subdag_operator.py for tasks to queue
[2024-11-20T14:33:01.128+0000] {logging_mixin.py:190} INFO - [2024-11-20T14:33:01.127+0000] {dagbag.py:588} INFO - Filling up the DagBag from /home/airflow/.local/lib/python3.12/site-packages/airflow/example_dags/example_subdag_operator.py
[2024-11-20T14:33:01.179+0000] {processor.py:925} INFO - DAG(s) 'example_subdag_operator.section-1', 'example_subdag_operator.section-2', 'example_subdag_operator' retrieved from /home/airflow/.local/lib/python3.12/site-packages/airflow/example_dags/example_subdag_operator.py
[2024-11-20T14:33:01.212+0000] {logging_mixin.py:190} INFO - [2024-11-20T14:33:01.212+0000] {dag.py:3239} INFO - Sync 3 DAGs
[2024-11-20T14:33:01.265+0000] {logging_mixin.py:190} INFO - [2024-11-20T14:33:01.265+0000] {dag.py:4180} INFO - Setting next_dagrun for example_subdag_operator to 2022-01-01 00:00:00+00:00, run_after=2022-01-01 00:00:00+00:00
[2024-11-20T14:33:01.273+0000] {logging_mixin.py:190} INFO - [2024-11-20T14:33:01.273+0000] {dag.py:4180} INFO - Setting next_dagrun for example_subdag_operator.section-1 to None, run_after=None
[2024-11-20T14:33:01.276+0000] {logging_mixin.py:190} INFO - [2024-11-20T14:33:01.276+0000] {dag.py:4180} INFO - Setting next_dagrun for example_subdag_operator.section-2 to None, run_after=None
[2024-11-20T14:33:01.288+0000] {logging_mixin.py:190} INFO - [2024-11-20T14:33:01.288+0000] {dag.py:3239} INFO - Sync 2 DAGs
[2024-11-20T14:33:01.302+0000] {logging_mixin.py:190} INFO - [2024-11-20T14:33:01.301+0000] {dag.py:4180} INFO - Setting next_dagrun for example_subdag_operator.section-1 to None, run_after=None
[2024-11-20T14:33:01.304+0000] {logging_mixin.py:190} INFO - [2024-11-20T14:33:01.302+0000] {dag.py:4180} INFO - Setting next_dagrun for example_subdag_operator.section-2 to None, run_after=None
[2024-11-20T14:33:01.325+0000] {processor.py:208} INFO - Processing /home/airflow/.local/lib/python3.12/site-packages/airflow/example_dags/example_subdag_operator.py took 0.217 seconds
[2024-11-20T14:33:31.800+0000] {processor.py:186} INFO - Started process (PID=2081) to work on /home/airflow/.local/lib/python3.12/site-packages/airflow/example_dags/example_subdag_operator.py
[2024-11-20T14:33:31.804+0000] {processor.py:914} INFO - Processing file /home/airflow/.local/lib/python3.12/site-packages/airflow/example_dags/example_subdag_operator.py for tasks to queue
[2024-11-20T14:33:31.809+0000] {logging_mixin.py:190} INFO - [2024-11-20T14:33:31.808+0000] {dagbag.py:588} INFO - Filling up the DagBag from /home/airflow/.local/lib/python3.12/site-packages/airflow/example_dags/example_subdag_operator.py
[2024-11-20T14:33:31.853+0000] {processor.py:925} INFO - DAG(s) 'example_subdag_operator.section-1', 'example_subdag_operator.section-2', 'example_subdag_operator' retrieved from /home/airflow/.local/lib/python3.12/site-packages/airflow/example_dags/example_subdag_operator.py
[2024-11-20T14:33:31.885+0000] {logging_mixin.py:190} INFO - [2024-11-20T14:33:31.884+0000] {dag.py:3239} INFO - Sync 3 DAGs
[2024-11-20T14:33:31.944+0000] {logging_mixin.py:190} INFO - [2024-11-20T14:33:31.944+0000] {dag.py:4180} INFO - Setting next_dagrun for example_subdag_operator to 2022-01-01 00:00:00+00:00, run_after=2022-01-01 00:00:00+00:00
[2024-11-20T14:33:31.953+0000] {logging_mixin.py:190} INFO - [2024-11-20T14:33:31.952+0000] {dag.py:4180} INFO - Setting next_dagrun for example_subdag_operator.section-1 to None, run_after=None
[2024-11-20T14:33:31.956+0000] {logging_mixin.py:190} INFO - [2024-11-20T14:33:31.956+0000] {dag.py:4180} INFO - Setting next_dagrun for example_subdag_operator.section-2 to None, run_after=None
[2024-11-20T14:33:31.972+0000] {logging_mixin.py:190} INFO - [2024-11-20T14:33:31.972+0000] {dag.py:3239} INFO - Sync 2 DAGs
[2024-11-20T14:33:31.985+0000] {logging_mixin.py:190} INFO - [2024-11-20T14:33:31.984+0000] {dag.py:4180} INFO - Setting next_dagrun for example_subdag_operator.section-1 to None, run_after=None
[2024-11-20T14:33:31.986+0000] {logging_mixin.py:190} INFO - [2024-11-20T14:33:31.985+0000] {dag.py:4180} INFO - Setting next_dagrun for example_subdag_operator.section-2 to None, run_after=None
[2024-11-20T14:33:32.010+0000] {processor.py:208} INFO - Processing /home/airflow/.local/lib/python3.12/site-packages/airflow/example_dags/example_subdag_operator.py took 0.224 seconds
[2024-11-20T14:34:02.800+0000] {processor.py:186} INFO - Started process (PID=2144) to work on /home/airflow/.local/lib/python3.12/site-packages/airflow/example_dags/example_subdag_operator.py
[2024-11-20T14:34:02.801+0000] {processor.py:914} INFO - Processing file /home/airflow/.local/lib/python3.12/site-packages/airflow/example_dags/example_subdag_operator.py for tasks to queue
[2024-11-20T14:34:02.805+0000] {logging_mixin.py:190} INFO - [2024-11-20T14:34:02.805+0000] {dagbag.py:588} INFO - Filling up the DagBag from /home/airflow/.local/lib/python3.12/site-packages/airflow/example_dags/example_subdag_operator.py
[2024-11-20T14:34:02.846+0000] {processor.py:925} INFO - DAG(s) 'example_subdag_operator.section-1', 'example_subdag_operator.section-2', 'example_subdag_operator' retrieved from /home/airflow/.local/lib/python3.12/site-packages/airflow/example_dags/example_subdag_operator.py
[2024-11-20T14:34:02.869+0000] {logging_mixin.py:190} INFO - [2024-11-20T14:34:02.868+0000] {dag.py:3239} INFO - Sync 3 DAGs
[2024-11-20T14:34:02.917+0000] {logging_mixin.py:190} INFO - [2024-11-20T14:34:02.916+0000] {dag.py:4180} INFO - Setting next_dagrun for example_subdag_operator to 2022-01-01 00:00:00+00:00, run_after=2022-01-01 00:00:00+00:00
[2024-11-20T14:34:02.924+0000] {logging_mixin.py:190} INFO - [2024-11-20T14:34:02.924+0000] {dag.py:4180} INFO - Setting next_dagrun for example_subdag_operator.section-1 to None, run_after=None
[2024-11-20T14:34:02.926+0000] {logging_mixin.py:190} INFO - [2024-11-20T14:34:02.926+0000] {dag.py:4180} INFO - Setting next_dagrun for example_subdag_operator.section-2 to None, run_after=None
[2024-11-20T14:34:02.938+0000] {logging_mixin.py:190} INFO - [2024-11-20T14:34:02.937+0000] {dag.py:3239} INFO - Sync 2 DAGs
[2024-11-20T14:34:02.949+0000] {logging_mixin.py:190} INFO - [2024-11-20T14:34:02.948+0000] {dag.py:4180} INFO - Setting next_dagrun for example_subdag_operator.section-1 to None, run_after=None
[2024-11-20T14:34:02.949+0000] {logging_mixin.py:190} INFO - [2024-11-20T14:34:02.949+0000] {dag.py:4180} INFO - Setting next_dagrun for example_subdag_operator.section-2 to None, run_after=None
[2024-11-20T14:34:02.965+0000] {processor.py:208} INFO - Processing /home/airflow/.local/lib/python3.12/site-packages/airflow/example_dags/example_subdag_operator.py took 0.175 seconds
[2024-11-20T14:34:33.141+0000] {processor.py:186} INFO - Started process (PID=2207) to work on /home/airflow/.local/lib/python3.12/site-packages/airflow/example_dags/example_subdag_operator.py
[2024-11-20T14:34:33.142+0000] {processor.py:914} INFO - Processing file /home/airflow/.local/lib/python3.12/site-packages/airflow/example_dags/example_subdag_operator.py for tasks to queue
[2024-11-20T14:34:33.145+0000] {logging_mixin.py:190} INFO - [2024-11-20T14:34:33.145+0000] {dagbag.py:588} INFO - Filling up the DagBag from /home/airflow/.local/lib/python3.12/site-packages/airflow/example_dags/example_subdag_operator.py
[2024-11-20T14:34:33.185+0000] {processor.py:925} INFO - DAG(s) 'example_subdag_operator.section-1', 'example_subdag_operator.section-2', 'example_subdag_operator' retrieved from /home/airflow/.local/lib/python3.12/site-packages/airflow/example_dags/example_subdag_operator.py
[2024-11-20T14:34:33.212+0000] {logging_mixin.py:190} INFO - [2024-11-20T14:34:33.212+0000] {dag.py:3239} INFO - Sync 3 DAGs
[2024-11-20T14:34:33.250+0000] {logging_mixin.py:190} INFO - [2024-11-20T14:34:33.249+0000] {dag.py:4180} INFO - Setting next_dagrun for example_subdag_operator to 2022-01-01 00:00:00+00:00, run_after=2022-01-01 00:00:00+00:00
[2024-11-20T14:34:33.255+0000] {logging_mixin.py:190} INFO - [2024-11-20T14:34:33.255+0000] {dag.py:4180} INFO - Setting next_dagrun for example_subdag_operator.section-1 to None, run_after=None
[2024-11-20T14:34:33.257+0000] {logging_mixin.py:190} INFO - [2024-11-20T14:34:33.257+0000] {dag.py:4180} INFO - Setting next_dagrun for example_subdag_operator.section-2 to None, run_after=None
[2024-11-20T14:34:33.268+0000] {logging_mixin.py:190} INFO - [2024-11-20T14:34:33.268+0000] {dag.py:3239} INFO - Sync 2 DAGs
[2024-11-20T14:34:33.279+0000] {logging_mixin.py:190} INFO - [2024-11-20T14:34:33.279+0000] {dag.py:4180} INFO - Setting next_dagrun for example_subdag_operator.section-1 to None, run_after=None
[2024-11-20T14:34:33.280+0000] {logging_mixin.py:190} INFO - [2024-11-20T14:34:33.280+0000] {dag.py:4180} INFO - Setting next_dagrun for example_subdag_operator.section-2 to None, run_after=None
[2024-11-20T14:34:33.299+0000] {processor.py:208} INFO - Processing /home/airflow/.local/lib/python3.12/site-packages/airflow/example_dags/example_subdag_operator.py took 0.168 seconds
[2024-11-20T14:35:03.502+0000] {processor.py:186} INFO - Started process (PID=2269) to work on /home/airflow/.local/lib/python3.12/site-packages/airflow/example_dags/example_subdag_operator.py
[2024-11-20T14:35:03.503+0000] {processor.py:914} INFO - Processing file /home/airflow/.local/lib/python3.12/site-packages/airflow/example_dags/example_subdag_operator.py for tasks to queue
[2024-11-20T14:35:03.507+0000] {logging_mixin.py:190} INFO - [2024-11-20T14:35:03.507+0000] {dagbag.py:588} INFO - Filling up the DagBag from /home/airflow/.local/lib/python3.12/site-packages/airflow/example_dags/example_subdag_operator.py
[2024-11-20T14:35:03.547+0000] {processor.py:925} INFO - DAG(s) 'example_subdag_operator.section-1', 'example_subdag_operator.section-2', 'example_subdag_operator' retrieved from /home/airflow/.local/lib/python3.12/site-packages/airflow/example_dags/example_subdag_operator.py
[2024-11-20T14:35:03.569+0000] {logging_mixin.py:190} INFO - [2024-11-20T14:35:03.569+0000] {dag.py:3239} INFO - Sync 3 DAGs
[2024-11-20T14:35:03.604+0000] {logging_mixin.py:190} INFO - [2024-11-20T14:35:03.603+0000] {dag.py:4180} INFO - Setting next_dagrun for example_subdag_operator to 2022-01-01 00:00:00+00:00, run_after=2022-01-01 00:00:00+00:00
[2024-11-20T14:35:03.609+0000] {logging_mixin.py:190} INFO - [2024-11-20T14:35:03.609+0000] {dag.py:4180} INFO - Setting next_dagrun for example_subdag_operator.section-1 to None, run_after=None
[2024-11-20T14:35:03.611+0000] {logging_mixin.py:190} INFO - [2024-11-20T14:35:03.611+0000] {dag.py:4180} INFO - Setting next_dagrun for example_subdag_operator.section-2 to None, run_after=None
[2024-11-20T14:35:03.622+0000] {logging_mixin.py:190} INFO - [2024-11-20T14:35:03.621+0000] {dag.py:3239} INFO - Sync 2 DAGs
[2024-11-20T14:35:03.634+0000] {logging_mixin.py:190} INFO - [2024-11-20T14:35:03.634+0000] {dag.py:4180} INFO - Setting next_dagrun for example_subdag_operator.section-1 to None, run_after=None
[2024-11-20T14:35:03.635+0000] {logging_mixin.py:190} INFO - [2024-11-20T14:35:03.635+0000] {dag.py:4180} INFO - Setting next_dagrun for example_subdag_operator.section-2 to None, run_after=None
[2024-11-20T14:35:03.655+0000] {processor.py:208} INFO - Processing /home/airflow/.local/lib/python3.12/site-packages/airflow/example_dags/example_subdag_operator.py took 0.162 seconds
[2024-11-20T14:35:34.437+0000] {processor.py:186} INFO - Started process (PID=2332) to work on /home/airflow/.local/lib/python3.12/site-packages/airflow/example_dags/example_subdag_operator.py
[2024-11-20T14:35:34.439+0000] {processor.py:914} INFO - Processing file /home/airflow/.local/lib/python3.12/site-packages/airflow/example_dags/example_subdag_operator.py for tasks to queue
[2024-11-20T14:35:34.443+0000] {logging_mixin.py:190} INFO - [2024-11-20T14:35:34.442+0000] {dagbag.py:588} INFO - Filling up the DagBag from /home/airflow/.local/lib/python3.12/site-packages/airflow/example_dags/example_subdag_operator.py
[2024-11-20T14:35:34.486+0000] {processor.py:925} INFO - DAG(s) 'example_subdag_operator.section-1', 'example_subdag_operator.section-2', 'example_subdag_operator' retrieved from /home/airflow/.local/lib/python3.12/site-packages/airflow/example_dags/example_subdag_operator.py
[2024-11-20T14:35:34.518+0000] {logging_mixin.py:190} INFO - [2024-11-20T14:35:34.518+0000] {dag.py:3239} INFO - Sync 3 DAGs
[2024-11-20T14:35:34.565+0000] {logging_mixin.py:190} INFO - [2024-11-20T14:35:34.565+0000] {dag.py:4180} INFO - Setting next_dagrun for example_subdag_operator to 2022-01-01 00:00:00+00:00, run_after=2022-01-01 00:00:00+00:00
[2024-11-20T14:35:34.572+0000] {logging_mixin.py:190} INFO - [2024-11-20T14:35:34.572+0000] {dag.py:4180} INFO - Setting next_dagrun for example_subdag_operator.section-1 to None, run_after=None
[2024-11-20T14:35:34.574+0000] {logging_mixin.py:190} INFO - [2024-11-20T14:35:34.574+0000] {dag.py:4180} INFO - Setting next_dagrun for example_subdag_operator.section-2 to None, run_after=None
[2024-11-20T14:35:34.584+0000] {logging_mixin.py:190} INFO - [2024-11-20T14:35:34.583+0000] {dag.py:3239} INFO - Sync 2 DAGs
[2024-11-20T14:35:34.593+0000] {logging_mixin.py:190} INFO - [2024-11-20T14:35:34.592+0000] {dag.py:4180} INFO - Setting next_dagrun for example_subdag_operator.section-1 to None, run_after=None
[2024-11-20T14:35:34.593+0000] {logging_mixin.py:190} INFO - [2024-11-20T14:35:34.593+0000] {dag.py:4180} INFO - Setting next_dagrun for example_subdag_operator.section-2 to None, run_after=None
[2024-11-20T14:35:34.613+0000] {processor.py:208} INFO - Processing /home/airflow/.local/lib/python3.12/site-packages/airflow/example_dags/example_subdag_operator.py took 0.185 seconds
[2024-11-20T14:36:05.439+0000] {processor.py:186} INFO - Started process (PID=2395) to work on /home/airflow/.local/lib/python3.12/site-packages/airflow/example_dags/example_subdag_operator.py
[2024-11-20T14:36:05.440+0000] {processor.py:914} INFO - Processing file /home/airflow/.local/lib/python3.12/site-packages/airflow/example_dags/example_subdag_operator.py for tasks to queue
[2024-11-20T14:36:05.446+0000] {logging_mixin.py:190} INFO - [2024-11-20T14:36:05.445+0000] {dagbag.py:588} INFO - Filling up the DagBag from /home/airflow/.local/lib/python3.12/site-packages/airflow/example_dags/example_subdag_operator.py
[2024-11-20T14:36:05.496+0000] {processor.py:925} INFO - DAG(s) 'example_subdag_operator.section-1', 'example_subdag_operator.section-2', 'example_subdag_operator' retrieved from /home/airflow/.local/lib/python3.12/site-packages/airflow/example_dags/example_subdag_operator.py
[2024-11-20T14:36:05.532+0000] {logging_mixin.py:190} INFO - [2024-11-20T14:36:05.532+0000] {dag.py:3239} INFO - Sync 3 DAGs
[2024-11-20T14:36:05.578+0000] {logging_mixin.py:190} INFO - [2024-11-20T14:36:05.577+0000] {dag.py:4180} INFO - Setting next_dagrun for example_subdag_operator to 2022-01-01 00:00:00+00:00, run_after=2022-01-01 00:00:00+00:00
[2024-11-20T14:36:05.583+0000] {logging_mixin.py:190} INFO - [2024-11-20T14:36:05.583+0000] {dag.py:4180} INFO - Setting next_dagrun for example_subdag_operator.section-1 to None, run_after=None
[2024-11-20T14:36:05.586+0000] {logging_mixin.py:190} INFO - [2024-11-20T14:36:05.585+0000] {dag.py:4180} INFO - Setting next_dagrun for example_subdag_operator.section-2 to None, run_after=None
[2024-11-20T14:36:05.603+0000] {logging_mixin.py:190} INFO - [2024-11-20T14:36:05.602+0000] {dag.py:3239} INFO - Sync 2 DAGs
[2024-11-20T14:36:05.615+0000] {logging_mixin.py:190} INFO - [2024-11-20T14:36:05.615+0000] {dag.py:4180} INFO - Setting next_dagrun for example_subdag_operator.section-1 to None, run_after=None
[2024-11-20T14:36:05.619+0000] {logging_mixin.py:190} INFO - [2024-11-20T14:36:05.618+0000] {dag.py:4180} INFO - Setting next_dagrun for example_subdag_operator.section-2 to None, run_after=None
[2024-11-20T14:36:05.637+0000] {processor.py:208} INFO - Processing /home/airflow/.local/lib/python3.12/site-packages/airflow/example_dags/example_subdag_operator.py took 0.212 seconds
[2024-11-20T14:36:36.645+0000] {processor.py:186} INFO - Started process (PID=2457) to work on /home/airflow/.local/lib/python3.12/site-packages/airflow/example_dags/example_subdag_operator.py
[2024-11-20T14:36:36.647+0000] {processor.py:914} INFO - Processing file /home/airflow/.local/lib/python3.12/site-packages/airflow/example_dags/example_subdag_operator.py for tasks to queue
[2024-11-20T14:36:36.654+0000] {logging_mixin.py:190} INFO - [2024-11-20T14:36:36.653+0000] {dagbag.py:588} INFO - Filling up the DagBag from /home/airflow/.local/lib/python3.12/site-packages/airflow/example_dags/example_subdag_operator.py
[2024-11-20T14:36:36.699+0000] {processor.py:925} INFO - DAG(s) 'example_subdag_operator.section-1', 'example_subdag_operator.section-2', 'example_subdag_operator' retrieved from /home/airflow/.local/lib/python3.12/site-packages/airflow/example_dags/example_subdag_operator.py
[2024-11-20T14:36:36.730+0000] {logging_mixin.py:190} INFO - [2024-11-20T14:36:36.730+0000] {dag.py:3239} INFO - Sync 3 DAGs
[2024-11-20T14:36:36.785+0000] {logging_mixin.py:190} INFO - [2024-11-20T14:36:36.785+0000] {dag.py:4180} INFO - Setting next_dagrun for example_subdag_operator to 2022-01-01 00:00:00+00:00, run_after=2022-01-01 00:00:00+00:00
[2024-11-20T14:36:36.794+0000] {logging_mixin.py:190} INFO - [2024-11-20T14:36:36.793+0000] {dag.py:4180} INFO - Setting next_dagrun for example_subdag_operator.section-1 to None, run_after=None
[2024-11-20T14:36:36.797+0000] {logging_mixin.py:190} INFO - [2024-11-20T14:36:36.796+0000] {dag.py:4180} INFO - Setting next_dagrun for example_subdag_operator.section-2 to None, run_after=None
[2024-11-20T14:36:36.811+0000] {logging_mixin.py:190} INFO - [2024-11-20T14:36:36.810+0000] {dag.py:3239} INFO - Sync 2 DAGs
[2024-11-20T14:36:36.823+0000] {logging_mixin.py:190} INFO - [2024-11-20T14:36:36.822+0000] {dag.py:4180} INFO - Setting next_dagrun for example_subdag_operator.section-1 to None, run_after=None
[2024-11-20T14:36:36.824+0000] {logging_mixin.py:190} INFO - [2024-11-20T14:36:36.823+0000] {dag.py:4180} INFO - Setting next_dagrun for example_subdag_operator.section-2 to None, run_after=None
[2024-11-20T14:36:36.844+0000] {processor.py:208} INFO - Processing /home/airflow/.local/lib/python3.12/site-packages/airflow/example_dags/example_subdag_operator.py took 0.213 seconds
[2024-11-20T14:37:07.464+0000] {processor.py:186} INFO - Started process (PID=2520) to work on /home/airflow/.local/lib/python3.12/site-packages/airflow/example_dags/example_subdag_operator.py
[2024-11-20T14:37:07.469+0000] {processor.py:914} INFO - Processing file /home/airflow/.local/lib/python3.12/site-packages/airflow/example_dags/example_subdag_operator.py for tasks to queue
[2024-11-20T14:37:07.480+0000] {logging_mixin.py:190} INFO - [2024-11-20T14:37:07.479+0000] {dagbag.py:588} INFO - Filling up the DagBag from /home/airflow/.local/lib/python3.12/site-packages/airflow/example_dags/example_subdag_operator.py
[2024-11-20T14:37:07.573+0000] {processor.py:925} INFO - DAG(s) 'example_subdag_operator.section-1', 'example_subdag_operator.section-2', 'example_subdag_operator' retrieved from /home/airflow/.local/lib/python3.12/site-packages/airflow/example_dags/example_subdag_operator.py
[2024-11-20T14:37:07.634+0000] {logging_mixin.py:190} INFO - [2024-11-20T14:37:07.633+0000] {dag.py:3239} INFO - Sync 3 DAGs
[2024-11-20T14:37:07.751+0000] {logging_mixin.py:190} INFO - [2024-11-20T14:37:07.750+0000] {dag.py:4180} INFO - Setting next_dagrun for example_subdag_operator to 2022-01-01 00:00:00+00:00, run_after=2022-01-01 00:00:00+00:00
[2024-11-20T14:37:07.765+0000] {logging_mixin.py:190} INFO - [2024-11-20T14:37:07.765+0000] {dag.py:4180} INFO - Setting next_dagrun for example_subdag_operator.section-1 to None, run_after=None
[2024-11-20T14:37:07.775+0000] {logging_mixin.py:190} INFO - [2024-11-20T14:37:07.775+0000] {dag.py:4180} INFO - Setting next_dagrun for example_subdag_operator.section-2 to None, run_after=None
[2024-11-20T14:37:07.815+0000] {logging_mixin.py:190} INFO - [2024-11-20T14:37:07.813+0000] {dag.py:3239} INFO - Sync 2 DAGs
[2024-11-20T14:37:07.845+0000] {logging_mixin.py:190} INFO - [2024-11-20T14:37:07.845+0000] {dag.py:4180} INFO - Setting next_dagrun for example_subdag_operator.section-1 to None, run_after=None
[2024-11-20T14:37:07.847+0000] {logging_mixin.py:190} INFO - [2024-11-20T14:37:07.846+0000] {dag.py:4180} INFO - Setting next_dagrun for example_subdag_operator.section-2 to None, run_after=None
[2024-11-20T14:37:07.920+0000] {processor.py:208} INFO - Processing /home/airflow/.local/lib/python3.12/site-packages/airflow/example_dags/example_subdag_operator.py took 0.481 seconds
[2024-11-20T14:37:38.104+0000] {processor.py:186} INFO - Started process (PID=2581) to work on /home/airflow/.local/lib/python3.12/site-packages/airflow/example_dags/example_subdag_operator.py
[2024-11-20T14:37:38.106+0000] {processor.py:914} INFO - Processing file /home/airflow/.local/lib/python3.12/site-packages/airflow/example_dags/example_subdag_operator.py for tasks to queue
[2024-11-20T14:37:38.112+0000] {logging_mixin.py:190} INFO - [2024-11-20T14:37:38.112+0000] {dagbag.py:588} INFO - Filling up the DagBag from /home/airflow/.local/lib/python3.12/site-packages/airflow/example_dags/example_subdag_operator.py
[2024-11-20T14:37:38.160+0000] {processor.py:925} INFO - DAG(s) 'example_subdag_operator.section-1', 'example_subdag_operator.section-2', 'example_subdag_operator' retrieved from /home/airflow/.local/lib/python3.12/site-packages/airflow/example_dags/example_subdag_operator.py
[2024-11-20T14:37:38.193+0000] {logging_mixin.py:190} INFO - [2024-11-20T14:37:38.192+0000] {dag.py:3239} INFO - Sync 3 DAGs
[2024-11-20T14:37:38.241+0000] {logging_mixin.py:190} INFO - [2024-11-20T14:37:38.240+0000] {dag.py:4180} INFO - Setting next_dagrun for example_subdag_operator to 2022-01-01 00:00:00+00:00, run_after=2022-01-01 00:00:00+00:00
[2024-11-20T14:37:38.248+0000] {logging_mixin.py:190} INFO - [2024-11-20T14:37:38.247+0000] {dag.py:4180} INFO - Setting next_dagrun for example_subdag_operator.section-1 to None, run_after=None
[2024-11-20T14:37:38.250+0000] {logging_mixin.py:190} INFO - [2024-11-20T14:37:38.249+0000] {dag.py:4180} INFO - Setting next_dagrun for example_subdag_operator.section-2 to None, run_after=None
[2024-11-20T14:37:38.262+0000] {logging_mixin.py:190} INFO - [2024-11-20T14:37:38.262+0000] {dag.py:3239} INFO - Sync 2 DAGs
[2024-11-20T14:37:38.272+0000] {logging_mixin.py:190} INFO - [2024-11-20T14:37:38.272+0000] {dag.py:4180} INFO - Setting next_dagrun for example_subdag_operator.section-1 to None, run_after=None
[2024-11-20T14:37:38.273+0000] {logging_mixin.py:190} INFO - [2024-11-20T14:37:38.272+0000] {dag.py:4180} INFO - Setting next_dagrun for example_subdag_operator.section-2 to None, run_after=None
[2024-11-20T14:37:38.293+0000] {processor.py:208} INFO - Processing /home/airflow/.local/lib/python3.12/site-packages/airflow/example_dags/example_subdag_operator.py took 0.203 seconds
[2024-11-20T14:38:08.370+0000] {processor.py:186} INFO - Started process (PID=2643) to work on /home/airflow/.local/lib/python3.12/site-packages/airflow/example_dags/example_subdag_operator.py
[2024-11-20T14:38:08.373+0000] {processor.py:914} INFO - Processing file /home/airflow/.local/lib/python3.12/site-packages/airflow/example_dags/example_subdag_operator.py for tasks to queue
[2024-11-20T14:38:08.384+0000] {logging_mixin.py:190} INFO - [2024-11-20T14:38:08.383+0000] {dagbag.py:588} INFO - Filling up the DagBag from /home/airflow/.local/lib/python3.12/site-packages/airflow/example_dags/example_subdag_operator.py
[2024-11-20T14:38:08.440+0000] {processor.py:925} INFO - DAG(s) 'example_subdag_operator.section-1', 'example_subdag_operator.section-2', 'example_subdag_operator' retrieved from /home/airflow/.local/lib/python3.12/site-packages/airflow/example_dags/example_subdag_operator.py
[2024-11-20T14:38:08.482+0000] {logging_mixin.py:190} INFO - [2024-11-20T14:38:08.482+0000] {dag.py:3239} INFO - Sync 3 DAGs
[2024-11-20T14:38:08.543+0000] {logging_mixin.py:190} INFO - [2024-11-20T14:38:08.542+0000] {dag.py:4180} INFO - Setting next_dagrun for example_subdag_operator to 2022-01-01 00:00:00+00:00, run_after=2022-01-01 00:00:00+00:00
[2024-11-20T14:38:08.552+0000] {logging_mixin.py:190} INFO - [2024-11-20T14:38:08.551+0000] {dag.py:4180} INFO - Setting next_dagrun for example_subdag_operator.section-1 to None, run_after=None
[2024-11-20T14:38:08.554+0000] {logging_mixin.py:190} INFO - [2024-11-20T14:38:08.554+0000] {dag.py:4180} INFO - Setting next_dagrun for example_subdag_operator.section-2 to None, run_after=None
[2024-11-20T14:38:08.571+0000] {logging_mixin.py:190} INFO - [2024-11-20T14:38:08.571+0000] {dag.py:3239} INFO - Sync 2 DAGs
[2024-11-20T14:38:08.584+0000] {logging_mixin.py:190} INFO - [2024-11-20T14:38:08.583+0000] {dag.py:4180} INFO - Setting next_dagrun for example_subdag_operator.section-1 to None, run_after=None
[2024-11-20T14:38:08.585+0000] {logging_mixin.py:190} INFO - [2024-11-20T14:38:08.585+0000] {dag.py:4180} INFO - Setting next_dagrun for example_subdag_operator.section-2 to None, run_after=None
[2024-11-20T14:38:08.611+0000] {processor.py:208} INFO - Processing /home/airflow/.local/lib/python3.12/site-packages/airflow/example_dags/example_subdag_operator.py took 0.254 seconds
