[2024-11-20T14:16:20.430+0000] {processor.py:186} INFO - Started process (PID=111) to work on /home/airflow/.local/lib/python3.12/site-packages/airflow/example_dags/example_setup_teardown.py
[2024-11-20T14:16:20.432+0000] {processor.py:914} INFO - Processing file /home/airflow/.local/lib/python3.12/site-packages/airflow/example_dags/example_setup_teardown.py for tasks to queue
[2024-11-20T14:16:20.437+0000] {logging_mixin.py:190} INFO - [2024-11-20T14:16:20.436+0000] {dagbag.py:588} INFO - Filling up the DagBag from /home/airflow/.local/lib/python3.12/site-packages/airflow/example_dags/example_setup_teardown.py
[2024-11-20T14:16:20.459+0000] {processor.py:925} INFO - DAG(s) 'example_setup_teardown' retrieved from /home/airflow/.local/lib/python3.12/site-packages/airflow/example_dags/example_setup_teardown.py
[2024-11-20T14:16:20.667+0000] {logging_mixin.py:190} INFO - [2024-11-20T14:16:20.665+0000] {override.py:1911} INFO - Created Permission View: can delete on DAG:example_setup_teardown
[2024-11-20T14:16:20.699+0000] {logging_mixin.py:190} INFO - [2024-11-20T14:16:20.698+0000] {override.py:1911} INFO - Created Permission View: can read on DAG:example_setup_teardown
[2024-11-20T14:16:20.715+0000] {logging_mixin.py:190} INFO - [2024-11-20T14:16:20.714+0000] {override.py:1911} INFO - Created Permission View: can edit on DAG:example_setup_teardown
[2024-11-20T14:16:20.734+0000] {logging_mixin.py:190} INFO - [2024-11-20T14:16:20.733+0000] {override.py:1911} INFO - Created Permission View: can delete on DAG Run:example_setup_teardown
[2024-11-20T14:16:20.743+0000] {logging_mixin.py:190} INFO - [2024-11-20T14:16:20.743+0000] {override.py:1911} INFO - Created Permission View: menu access on DAG Run:example_setup_teardown
[2024-11-20T14:16:20.753+0000] {logging_mixin.py:190} INFO - [2024-11-20T14:16:20.753+0000] {override.py:1911} INFO - Created Permission View: can read on DAG Run:example_setup_teardown
[2024-11-20T14:16:20.766+0000] {logging_mixin.py:190} INFO - [2024-11-20T14:16:20.765+0000] {override.py:1911} INFO - Created Permission View: can create on DAG Run:example_setup_teardown
[2024-11-20T14:16:20.766+0000] {logging_mixin.py:190} INFO - [2024-11-20T14:16:20.766+0000] {dag.py:3239} INFO - Sync 1 DAGs
[2024-11-20T14:16:20.793+0000] {logging_mixin.py:190} INFO - [2024-11-20T14:16:20.792+0000] {dag.py:3262} INFO - Creating ORM DAG for example_setup_teardown
[2024-11-20T14:16:20.794+0000] {logging_mixin.py:190} INFO - [2024-11-20T14:16:20.794+0000] {dag.py:4180} INFO - Setting next_dagrun for example_setup_teardown to None, run_after=None
[2024-11-20T14:16:20.825+0000] {processor.py:208} INFO - Processing /home/airflow/.local/lib/python3.12/site-packages/airflow/example_dags/example_setup_teardown.py took 0.407 seconds
[2024-11-20T14:16:50.900+0000] {processor.py:186} INFO - Started process (PID=174) to work on /home/airflow/.local/lib/python3.12/site-packages/airflow/example_dags/example_setup_teardown.py
[2024-11-20T14:16:50.901+0000] {processor.py:914} INFO - Processing file /home/airflow/.local/lib/python3.12/site-packages/airflow/example_dags/example_setup_teardown.py for tasks to queue
[2024-11-20T14:16:50.904+0000] {logging_mixin.py:190} INFO - [2024-11-20T14:16:50.904+0000] {dagbag.py:588} INFO - Filling up the DagBag from /home/airflow/.local/lib/python3.12/site-packages/airflow/example_dags/example_setup_teardown.py
[2024-11-20T14:16:50.918+0000] {processor.py:925} INFO - DAG(s) 'example_setup_teardown' retrieved from /home/airflow/.local/lib/python3.12/site-packages/airflow/example_dags/example_setup_teardown.py
[2024-11-20T14:16:50.948+0000] {logging_mixin.py:190} INFO - [2024-11-20T14:16:50.948+0000] {dag.py:3239} INFO - Sync 1 DAGs
[2024-11-20T14:16:50.973+0000] {logging_mixin.py:190} INFO - [2024-11-20T14:16:50.972+0000] {dag.py:4180} INFO - Setting next_dagrun for example_setup_teardown to None, run_after=None
[2024-11-20T14:16:51.004+0000] {processor.py:208} INFO - Processing /home/airflow/.local/lib/python3.12/site-packages/airflow/example_dags/example_setup_teardown.py took 0.115 seconds
[2024-11-20T14:17:21.869+0000] {processor.py:186} INFO - Started process (PID=237) to work on /home/airflow/.local/lib/python3.12/site-packages/airflow/example_dags/example_setup_teardown.py
[2024-11-20T14:17:21.871+0000] {processor.py:914} INFO - Processing file /home/airflow/.local/lib/python3.12/site-packages/airflow/example_dags/example_setup_teardown.py for tasks to queue
[2024-11-20T14:17:21.876+0000] {logging_mixin.py:190} INFO - [2024-11-20T14:17:21.875+0000] {dagbag.py:588} INFO - Filling up the DagBag from /home/airflow/.local/lib/python3.12/site-packages/airflow/example_dags/example_setup_teardown.py
[2024-11-20T14:17:21.893+0000] {processor.py:925} INFO - DAG(s) 'example_setup_teardown' retrieved from /home/airflow/.local/lib/python3.12/site-packages/airflow/example_dags/example_setup_teardown.py
[2024-11-20T14:17:21.932+0000] {logging_mixin.py:190} INFO - [2024-11-20T14:17:21.931+0000] {dag.py:3239} INFO - Sync 1 DAGs
[2024-11-20T14:17:21.963+0000] {logging_mixin.py:190} INFO - [2024-11-20T14:17:21.962+0000] {dag.py:4180} INFO - Setting next_dagrun for example_setup_teardown to None, run_after=None
[2024-11-20T14:17:21.996+0000] {processor.py:208} INFO - Processing /home/airflow/.local/lib/python3.12/site-packages/airflow/example_dags/example_setup_teardown.py took 0.139 seconds
[2024-11-20T14:17:52.149+0000] {processor.py:186} INFO - Started process (PID=299) to work on /home/airflow/.local/lib/python3.12/site-packages/airflow/example_dags/example_setup_teardown.py
[2024-11-20T14:17:52.151+0000] {processor.py:914} INFO - Processing file /home/airflow/.local/lib/python3.12/site-packages/airflow/example_dags/example_setup_teardown.py for tasks to queue
[2024-11-20T14:17:52.155+0000] {logging_mixin.py:190} INFO - [2024-11-20T14:17:52.154+0000] {dagbag.py:588} INFO - Filling up the DagBag from /home/airflow/.local/lib/python3.12/site-packages/airflow/example_dags/example_setup_teardown.py
[2024-11-20T14:17:52.176+0000] {processor.py:925} INFO - DAG(s) 'example_setup_teardown' retrieved from /home/airflow/.local/lib/python3.12/site-packages/airflow/example_dags/example_setup_teardown.py
[2024-11-20T14:17:52.230+0000] {logging_mixin.py:190} INFO - [2024-11-20T14:17:52.230+0000] {dag.py:3239} INFO - Sync 1 DAGs
[2024-11-20T14:17:52.270+0000] {logging_mixin.py:190} INFO - [2024-11-20T14:17:52.269+0000] {dag.py:4180} INFO - Setting next_dagrun for example_setup_teardown to None, run_after=None
[2024-11-20T14:17:52.328+0000] {processor.py:208} INFO - Processing /home/airflow/.local/lib/python3.12/site-packages/airflow/example_dags/example_setup_teardown.py took 0.193 seconds
[2024-11-20T14:18:23.167+0000] {processor.py:186} INFO - Started process (PID=362) to work on /home/airflow/.local/lib/python3.12/site-packages/airflow/example_dags/example_setup_teardown.py
[2024-11-20T14:18:23.181+0000] {processor.py:914} INFO - Processing file /home/airflow/.local/lib/python3.12/site-packages/airflow/example_dags/example_setup_teardown.py for tasks to queue
[2024-11-20T14:18:23.185+0000] {logging_mixin.py:190} INFO - [2024-11-20T14:18:23.184+0000] {dagbag.py:588} INFO - Filling up the DagBag from /home/airflow/.local/lib/python3.12/site-packages/airflow/example_dags/example_setup_teardown.py
[2024-11-20T14:18:23.198+0000] {processor.py:925} INFO - DAG(s) 'example_setup_teardown' retrieved from /home/airflow/.local/lib/python3.12/site-packages/airflow/example_dags/example_setup_teardown.py
[2024-11-20T14:18:23.227+0000] {logging_mixin.py:190} INFO - [2024-11-20T14:18:23.227+0000] {dag.py:3239} INFO - Sync 1 DAGs
[2024-11-20T14:18:23.248+0000] {logging_mixin.py:190} INFO - [2024-11-20T14:18:23.247+0000] {dag.py:4180} INFO - Setting next_dagrun for example_setup_teardown to None, run_after=None
[2024-11-20T14:18:23.286+0000] {processor.py:208} INFO - Processing /home/airflow/.local/lib/python3.12/site-packages/airflow/example_dags/example_setup_teardown.py took 0.127 seconds
[2024-11-20T14:18:56.333+0000] {processor.py:186} INFO - Started process (PID=425) to work on /home/airflow/.local/lib/python3.12/site-packages/airflow/example_dags/example_setup_teardown.py
[2024-11-20T14:18:56.334+0000] {processor.py:914} INFO - Processing file /home/airflow/.local/lib/python3.12/site-packages/airflow/example_dags/example_setup_teardown.py for tasks to queue
[2024-11-20T14:18:56.338+0000] {logging_mixin.py:190} INFO - [2024-11-20T14:18:56.338+0000] {dagbag.py:588} INFO - Filling up the DagBag from /home/airflow/.local/lib/python3.12/site-packages/airflow/example_dags/example_setup_teardown.py
[2024-11-20T14:18:56.355+0000] {processor.py:925} INFO - DAG(s) 'example_setup_teardown' retrieved from /home/airflow/.local/lib/python3.12/site-packages/airflow/example_dags/example_setup_teardown.py
[2024-11-20T14:18:56.414+0000] {logging_mixin.py:190} INFO - [2024-11-20T14:18:56.414+0000] {dag.py:3239} INFO - Sync 1 DAGs
[2024-11-20T14:18:56.475+0000] {logging_mixin.py:190} INFO - [2024-11-20T14:18:56.475+0000] {dag.py:4180} INFO - Setting next_dagrun for example_setup_teardown to None, run_after=None
[2024-11-20T14:18:56.612+0000] {processor.py:208} INFO - Processing /home/airflow/.local/lib/python3.12/site-packages/airflow/example_dags/example_setup_teardown.py took 0.288 seconds
[2024-11-20T14:19:27.923+0000] {processor.py:186} INFO - Started process (PID=487) to work on /home/airflow/.local/lib/python3.12/site-packages/airflow/example_dags/example_setup_teardown.py
[2024-11-20T14:19:27.925+0000] {processor.py:914} INFO - Processing file /home/airflow/.local/lib/python3.12/site-packages/airflow/example_dags/example_setup_teardown.py for tasks to queue
[2024-11-20T14:19:27.930+0000] {logging_mixin.py:190} INFO - [2024-11-20T14:19:27.929+0000] {dagbag.py:588} INFO - Filling up the DagBag from /home/airflow/.local/lib/python3.12/site-packages/airflow/example_dags/example_setup_teardown.py
[2024-11-20T14:19:27.948+0000] {processor.py:925} INFO - DAG(s) 'example_setup_teardown' retrieved from /home/airflow/.local/lib/python3.12/site-packages/airflow/example_dags/example_setup_teardown.py
[2024-11-20T14:19:27.990+0000] {logging_mixin.py:190} INFO - [2024-11-20T14:19:27.989+0000] {dag.py:3239} INFO - Sync 1 DAGs
[2024-11-20T14:19:28.024+0000] {logging_mixin.py:190} INFO - [2024-11-20T14:19:28.023+0000] {dag.py:4180} INFO - Setting next_dagrun for example_setup_teardown to None, run_after=None
[2024-11-20T14:19:28.063+0000] {processor.py:208} INFO - Processing /home/airflow/.local/lib/python3.12/site-packages/airflow/example_dags/example_setup_teardown.py took 0.154 seconds
[2024-11-20T14:20:00.719+0000] {processor.py:186} INFO - Started process (PID=550) to work on /home/airflow/.local/lib/python3.12/site-packages/airflow/example_dags/example_setup_teardown.py
[2024-11-20T14:20:00.720+0000] {processor.py:914} INFO - Processing file /home/airflow/.local/lib/python3.12/site-packages/airflow/example_dags/example_setup_teardown.py for tasks to queue
[2024-11-20T14:20:00.724+0000] {logging_mixin.py:190} INFO - [2024-11-20T14:20:00.723+0000] {dagbag.py:588} INFO - Filling up the DagBag from /home/airflow/.local/lib/python3.12/site-packages/airflow/example_dags/example_setup_teardown.py
[2024-11-20T14:20:00.744+0000] {processor.py:925} INFO - DAG(s) 'example_setup_teardown' retrieved from /home/airflow/.local/lib/python3.12/site-packages/airflow/example_dags/example_setup_teardown.py
[2024-11-20T14:20:00.791+0000] {logging_mixin.py:190} INFO - [2024-11-20T14:20:00.790+0000] {dag.py:3239} INFO - Sync 1 DAGs
[2024-11-20T14:20:00.819+0000] {logging_mixin.py:190} INFO - [2024-11-20T14:20:00.819+0000] {dag.py:4180} INFO - Setting next_dagrun for example_setup_teardown to None, run_after=None
[2024-11-20T14:20:00.860+0000] {processor.py:208} INFO - Processing /home/airflow/.local/lib/python3.12/site-packages/airflow/example_dags/example_setup_teardown.py took 0.154 seconds
[2024-11-20T14:20:31.988+0000] {processor.py:186} INFO - Started process (PID=613) to work on /home/airflow/.local/lib/python3.12/site-packages/airflow/example_dags/example_setup_teardown.py
[2024-11-20T14:20:31.991+0000] {processor.py:914} INFO - Processing file /home/airflow/.local/lib/python3.12/site-packages/airflow/example_dags/example_setup_teardown.py for tasks to queue
[2024-11-20T14:20:31.997+0000] {logging_mixin.py:190} INFO - [2024-11-20T14:20:31.996+0000] {dagbag.py:588} INFO - Filling up the DagBag from /home/airflow/.local/lib/python3.12/site-packages/airflow/example_dags/example_setup_teardown.py
[2024-11-20T14:20:32.015+0000] {processor.py:925} INFO - DAG(s) 'example_setup_teardown' retrieved from /home/airflow/.local/lib/python3.12/site-packages/airflow/example_dags/example_setup_teardown.py
[2024-11-20T14:20:32.056+0000] {logging_mixin.py:190} INFO - [2024-11-20T14:20:32.055+0000] {dag.py:3239} INFO - Sync 1 DAGs
[2024-11-20T14:20:32.094+0000] {logging_mixin.py:190} INFO - [2024-11-20T14:20:32.094+0000] {dag.py:4180} INFO - Setting next_dagrun for example_setup_teardown to None, run_after=None
[2024-11-20T14:20:32.130+0000] {processor.py:208} INFO - Processing /home/airflow/.local/lib/python3.12/site-packages/airflow/example_dags/example_setup_teardown.py took 0.154 seconds
[2024-11-20T14:21:03.143+0000] {processor.py:186} INFO - Started process (PID=676) to work on /home/airflow/.local/lib/python3.12/site-packages/airflow/example_dags/example_setup_teardown.py
[2024-11-20T14:21:03.144+0000] {processor.py:914} INFO - Processing file /home/airflow/.local/lib/python3.12/site-packages/airflow/example_dags/example_setup_teardown.py for tasks to queue
[2024-11-20T14:21:03.148+0000] {logging_mixin.py:190} INFO - [2024-11-20T14:21:03.147+0000] {dagbag.py:588} INFO - Filling up the DagBag from /home/airflow/.local/lib/python3.12/site-packages/airflow/example_dags/example_setup_teardown.py
[2024-11-20T14:21:03.160+0000] {processor.py:925} INFO - DAG(s) 'example_setup_teardown' retrieved from /home/airflow/.local/lib/python3.12/site-packages/airflow/example_dags/example_setup_teardown.py
[2024-11-20T14:21:03.194+0000] {logging_mixin.py:190} INFO - [2024-11-20T14:21:03.194+0000] {dag.py:3239} INFO - Sync 1 DAGs
[2024-11-20T14:21:03.224+0000] {logging_mixin.py:190} INFO - [2024-11-20T14:21:03.224+0000] {dag.py:4180} INFO - Setting next_dagrun for example_setup_teardown to None, run_after=None
[2024-11-20T14:21:03.256+0000] {processor.py:208} INFO - Processing /home/airflow/.local/lib/python3.12/site-packages/airflow/example_dags/example_setup_teardown.py took 0.122 seconds
[2024-11-20T14:21:35.034+0000] {processor.py:186} INFO - Started process (PID=739) to work on /home/airflow/.local/lib/python3.12/site-packages/airflow/example_dags/example_setup_teardown.py
[2024-11-20T14:21:35.035+0000] {processor.py:914} INFO - Processing file /home/airflow/.local/lib/python3.12/site-packages/airflow/example_dags/example_setup_teardown.py for tasks to queue
[2024-11-20T14:21:35.039+0000] {logging_mixin.py:190} INFO - [2024-11-20T14:21:35.038+0000] {dagbag.py:588} INFO - Filling up the DagBag from /home/airflow/.local/lib/python3.12/site-packages/airflow/example_dags/example_setup_teardown.py
[2024-11-20T14:21:35.054+0000] {processor.py:925} INFO - DAG(s) 'example_setup_teardown' retrieved from /home/airflow/.local/lib/python3.12/site-packages/airflow/example_dags/example_setup_teardown.py
[2024-11-20T14:21:35.096+0000] {logging_mixin.py:190} INFO - [2024-11-20T14:21:35.096+0000] {dag.py:3239} INFO - Sync 1 DAGs
[2024-11-20T14:21:35.129+0000] {logging_mixin.py:190} INFO - [2024-11-20T14:21:35.129+0000] {dag.py:4180} INFO - Setting next_dagrun for example_setup_teardown to None, run_after=None
[2024-11-20T14:21:35.167+0000] {processor.py:208} INFO - Processing /home/airflow/.local/lib/python3.12/site-packages/airflow/example_dags/example_setup_teardown.py took 0.145 seconds
[2024-11-20T14:22:06.921+0000] {processor.py:186} INFO - Started process (PID=802) to work on /home/airflow/.local/lib/python3.12/site-packages/airflow/example_dags/example_setup_teardown.py
[2024-11-20T14:22:06.923+0000] {processor.py:914} INFO - Processing file /home/airflow/.local/lib/python3.12/site-packages/airflow/example_dags/example_setup_teardown.py for tasks to queue
[2024-11-20T14:22:06.928+0000] {logging_mixin.py:190} INFO - [2024-11-20T14:22:06.927+0000] {dagbag.py:588} INFO - Filling up the DagBag from /home/airflow/.local/lib/python3.12/site-packages/airflow/example_dags/example_setup_teardown.py
[2024-11-20T14:22:06.944+0000] {processor.py:925} INFO - DAG(s) 'example_setup_teardown' retrieved from /home/airflow/.local/lib/python3.12/site-packages/airflow/example_dags/example_setup_teardown.py
[2024-11-20T14:22:06.974+0000] {logging_mixin.py:190} INFO - [2024-11-20T14:22:06.973+0000] {dag.py:3239} INFO - Sync 1 DAGs
[2024-11-20T14:22:07.000+0000] {logging_mixin.py:190} INFO - [2024-11-20T14:22:06.999+0000] {dag.py:4180} INFO - Setting next_dagrun for example_setup_teardown to None, run_after=None
[2024-11-20T14:22:07.053+0000] {processor.py:208} INFO - Processing /home/airflow/.local/lib/python3.12/site-packages/airflow/example_dags/example_setup_teardown.py took 0.144 seconds
[2024-11-20T14:22:39.612+0000] {processor.py:186} INFO - Started process (PID=865) to work on /home/airflow/.local/lib/python3.12/site-packages/airflow/example_dags/example_setup_teardown.py
[2024-11-20T14:22:39.613+0000] {processor.py:914} INFO - Processing file /home/airflow/.local/lib/python3.12/site-packages/airflow/example_dags/example_setup_teardown.py for tasks to queue
[2024-11-20T14:22:39.617+0000] {logging_mixin.py:190} INFO - [2024-11-20T14:22:39.616+0000] {dagbag.py:588} INFO - Filling up the DagBag from /home/airflow/.local/lib/python3.12/site-packages/airflow/example_dags/example_setup_teardown.py
[2024-11-20T14:22:39.634+0000] {processor.py:925} INFO - DAG(s) 'example_setup_teardown' retrieved from /home/airflow/.local/lib/python3.12/site-packages/airflow/example_dags/example_setup_teardown.py
[2024-11-20T14:22:39.663+0000] {logging_mixin.py:190} INFO - [2024-11-20T14:22:39.662+0000] {dag.py:3239} INFO - Sync 1 DAGs
[2024-11-20T14:22:39.685+0000] {logging_mixin.py:190} INFO - [2024-11-20T14:22:39.685+0000] {dag.py:4180} INFO - Setting next_dagrun for example_setup_teardown to None, run_after=None
[2024-11-20T14:22:39.712+0000] {processor.py:208} INFO - Processing /home/airflow/.local/lib/python3.12/site-packages/airflow/example_dags/example_setup_teardown.py took 0.110 seconds
[2024-11-20T14:23:12.316+0000] {processor.py:186} INFO - Started process (PID=929) to work on /home/airflow/.local/lib/python3.12/site-packages/airflow/example_dags/example_setup_teardown.py
[2024-11-20T14:23:12.330+0000] {processor.py:914} INFO - Processing file /home/airflow/.local/lib/python3.12/site-packages/airflow/example_dags/example_setup_teardown.py for tasks to queue
[2024-11-20T14:23:12.334+0000] {logging_mixin.py:190} INFO - [2024-11-20T14:23:12.333+0000] {dagbag.py:588} INFO - Filling up the DagBag from /home/airflow/.local/lib/python3.12/site-packages/airflow/example_dags/example_setup_teardown.py
[2024-11-20T14:23:12.349+0000] {processor.py:925} INFO - DAG(s) 'example_setup_teardown' retrieved from /home/airflow/.local/lib/python3.12/site-packages/airflow/example_dags/example_setup_teardown.py
[2024-11-20T14:23:12.386+0000] {logging_mixin.py:190} INFO - [2024-11-20T14:23:12.385+0000] {dag.py:3239} INFO - Sync 1 DAGs
[2024-11-20T14:23:12.410+0000] {logging_mixin.py:190} INFO - [2024-11-20T14:23:12.409+0000] {dag.py:4180} INFO - Setting next_dagrun for example_setup_teardown to None, run_after=None
[2024-11-20T14:23:12.440+0000] {processor.py:208} INFO - Processing /home/airflow/.local/lib/python3.12/site-packages/airflow/example_dags/example_setup_teardown.py took 0.138 seconds
[2024-11-20T14:23:43.455+0000] {processor.py:186} INFO - Started process (PID=991) to work on /home/airflow/.local/lib/python3.12/site-packages/airflow/example_dags/example_setup_teardown.py
[2024-11-20T14:23:43.457+0000] {processor.py:914} INFO - Processing file /home/airflow/.local/lib/python3.12/site-packages/airflow/example_dags/example_setup_teardown.py for tasks to queue
[2024-11-20T14:23:43.460+0000] {logging_mixin.py:190} INFO - [2024-11-20T14:23:43.460+0000] {dagbag.py:588} INFO - Filling up the DagBag from /home/airflow/.local/lib/python3.12/site-packages/airflow/example_dags/example_setup_teardown.py
[2024-11-20T14:23:43.474+0000] {processor.py:925} INFO - DAG(s) 'example_setup_teardown' retrieved from /home/airflow/.local/lib/python3.12/site-packages/airflow/example_dags/example_setup_teardown.py
[2024-11-20T14:23:43.503+0000] {logging_mixin.py:190} INFO - [2024-11-20T14:23:43.503+0000] {dag.py:3239} INFO - Sync 1 DAGs
[2024-11-20T14:23:43.525+0000] {logging_mixin.py:190} INFO - [2024-11-20T14:23:43.524+0000] {dag.py:4180} INFO - Setting next_dagrun for example_setup_teardown to None, run_after=None
[2024-11-20T14:23:43.552+0000] {processor.py:208} INFO - Processing /home/airflow/.local/lib/python3.12/site-packages/airflow/example_dags/example_setup_teardown.py took 0.106 seconds
[2024-11-20T14:24:14.836+0000] {processor.py:186} INFO - Started process (PID=1054) to work on /home/airflow/.local/lib/python3.12/site-packages/airflow/example_dags/example_setup_teardown.py
[2024-11-20T14:24:14.837+0000] {processor.py:914} INFO - Processing file /home/airflow/.local/lib/python3.12/site-packages/airflow/example_dags/example_setup_teardown.py for tasks to queue
[2024-11-20T14:24:14.841+0000] {logging_mixin.py:190} INFO - [2024-11-20T14:24:14.840+0000] {dagbag.py:588} INFO - Filling up the DagBag from /home/airflow/.local/lib/python3.12/site-packages/airflow/example_dags/example_setup_teardown.py
[2024-11-20T14:24:14.854+0000] {processor.py:925} INFO - DAG(s) 'example_setup_teardown' retrieved from /home/airflow/.local/lib/python3.12/site-packages/airflow/example_dags/example_setup_teardown.py
[2024-11-20T14:24:14.888+0000] {logging_mixin.py:190} INFO - [2024-11-20T14:24:14.887+0000] {dag.py:3239} INFO - Sync 1 DAGs
[2024-11-20T14:24:14.914+0000] {logging_mixin.py:190} INFO - [2024-11-20T14:24:14.913+0000] {dag.py:4180} INFO - Setting next_dagrun for example_setup_teardown to None, run_after=None
[2024-11-20T14:24:14.956+0000] {processor.py:208} INFO - Processing /home/airflow/.local/lib/python3.12/site-packages/airflow/example_dags/example_setup_teardown.py took 0.129 seconds
[2024-11-20T14:24:47.564+0000] {processor.py:186} INFO - Started process (PID=1127) to work on /home/airflow/.local/lib/python3.12/site-packages/airflow/example_dags/example_setup_teardown.py
[2024-11-20T14:24:47.566+0000] {processor.py:914} INFO - Processing file /home/airflow/.local/lib/python3.12/site-packages/airflow/example_dags/example_setup_teardown.py for tasks to queue
[2024-11-20T14:24:47.571+0000] {logging_mixin.py:190} INFO - [2024-11-20T14:24:47.571+0000] {dagbag.py:588} INFO - Filling up the DagBag from /home/airflow/.local/lib/python3.12/site-packages/airflow/example_dags/example_setup_teardown.py
[2024-11-20T14:24:47.587+0000] {processor.py:925} INFO - DAG(s) 'example_setup_teardown' retrieved from /home/airflow/.local/lib/python3.12/site-packages/airflow/example_dags/example_setup_teardown.py
[2024-11-20T14:24:47.629+0000] {logging_mixin.py:190} INFO - [2024-11-20T14:24:47.628+0000] {dag.py:3239} INFO - Sync 1 DAGs
[2024-11-20T14:24:47.664+0000] {logging_mixin.py:190} INFO - [2024-11-20T14:24:47.663+0000] {dag.py:4180} INFO - Setting next_dagrun for example_setup_teardown to None, run_after=None
[2024-11-20T14:24:47.698+0000] {processor.py:208} INFO - Processing /home/airflow/.local/lib/python3.12/site-packages/airflow/example_dags/example_setup_teardown.py took 0.147 seconds
[2024-11-20T14:25:19.245+0000] {processor.py:186} INFO - Started process (PID=1190) to work on /home/airflow/.local/lib/python3.12/site-packages/airflow/example_dags/example_setup_teardown.py
[2024-11-20T14:25:19.247+0000] {processor.py:914} INFO - Processing file /home/airflow/.local/lib/python3.12/site-packages/airflow/example_dags/example_setup_teardown.py for tasks to queue
[2024-11-20T14:25:19.251+0000] {logging_mixin.py:190} INFO - [2024-11-20T14:25:19.251+0000] {dagbag.py:588} INFO - Filling up the DagBag from /home/airflow/.local/lib/python3.12/site-packages/airflow/example_dags/example_setup_teardown.py
[2024-11-20T14:25:19.264+0000] {processor.py:925} INFO - DAG(s) 'example_setup_teardown' retrieved from /home/airflow/.local/lib/python3.12/site-packages/airflow/example_dags/example_setup_teardown.py
[2024-11-20T14:25:19.298+0000] {logging_mixin.py:190} INFO - [2024-11-20T14:25:19.297+0000] {dag.py:3239} INFO - Sync 1 DAGs
[2024-11-20T14:25:19.325+0000] {logging_mixin.py:190} INFO - [2024-11-20T14:25:19.325+0000] {dag.py:4180} INFO - Setting next_dagrun for example_setup_teardown to None, run_after=None
[2024-11-20T14:25:19.356+0000] {processor.py:208} INFO - Processing /home/airflow/.local/lib/python3.12/site-packages/airflow/example_dags/example_setup_teardown.py took 0.120 seconds
[2024-11-20T14:25:51.239+0000] {processor.py:186} INFO - Started process (PID=1253) to work on /home/airflow/.local/lib/python3.12/site-packages/airflow/example_dags/example_setup_teardown.py
[2024-11-20T14:25:51.240+0000] {processor.py:914} INFO - Processing file /home/airflow/.local/lib/python3.12/site-packages/airflow/example_dags/example_setup_teardown.py for tasks to queue
[2024-11-20T14:25:51.244+0000] {logging_mixin.py:190} INFO - [2024-11-20T14:25:51.243+0000] {dagbag.py:588} INFO - Filling up the DagBag from /home/airflow/.local/lib/python3.12/site-packages/airflow/example_dags/example_setup_teardown.py
[2024-11-20T14:25:51.258+0000] {processor.py:925} INFO - DAG(s) 'example_setup_teardown' retrieved from /home/airflow/.local/lib/python3.12/site-packages/airflow/example_dags/example_setup_teardown.py
[2024-11-20T14:25:51.293+0000] {logging_mixin.py:190} INFO - [2024-11-20T14:25:51.293+0000] {dag.py:3239} INFO - Sync 1 DAGs
[2024-11-20T14:25:51.316+0000] {logging_mixin.py:190} INFO - [2024-11-20T14:25:51.316+0000] {dag.py:4180} INFO - Setting next_dagrun for example_setup_teardown to None, run_after=None
[2024-11-20T14:25:51.345+0000] {processor.py:208} INFO - Processing /home/airflow/.local/lib/python3.12/site-packages/airflow/example_dags/example_setup_teardown.py took 0.118 seconds
[2024-11-20T14:26:22.690+0000] {processor.py:186} INFO - Started process (PID=1316) to work on /home/airflow/.local/lib/python3.12/site-packages/airflow/example_dags/example_setup_teardown.py
[2024-11-20T14:26:22.705+0000] {processor.py:914} INFO - Processing file /home/airflow/.local/lib/python3.12/site-packages/airflow/example_dags/example_setup_teardown.py for tasks to queue
[2024-11-20T14:26:22.709+0000] {logging_mixin.py:190} INFO - [2024-11-20T14:26:22.708+0000] {dagbag.py:588} INFO - Filling up the DagBag from /home/airflow/.local/lib/python3.12/site-packages/airflow/example_dags/example_setup_teardown.py
[2024-11-20T14:26:22.726+0000] {processor.py:925} INFO - DAG(s) 'example_setup_teardown' retrieved from /home/airflow/.local/lib/python3.12/site-packages/airflow/example_dags/example_setup_teardown.py
[2024-11-20T14:26:22.763+0000] {logging_mixin.py:190} INFO - [2024-11-20T14:26:22.762+0000] {dag.py:3239} INFO - Sync 1 DAGs
[2024-11-20T14:26:22.790+0000] {logging_mixin.py:190} INFO - [2024-11-20T14:26:22.789+0000] {dag.py:4180} INFO - Setting next_dagrun for example_setup_teardown to None, run_after=None
[2024-11-20T14:26:22.825+0000] {processor.py:208} INFO - Processing /home/airflow/.local/lib/python3.12/site-packages/airflow/example_dags/example_setup_teardown.py took 0.147 seconds
[2024-11-20T14:26:54.903+0000] {processor.py:186} INFO - Started process (PID=1379) to work on /home/airflow/.local/lib/python3.12/site-packages/airflow/example_dags/example_setup_teardown.py
[2024-11-20T14:26:54.905+0000] {processor.py:914} INFO - Processing file /home/airflow/.local/lib/python3.12/site-packages/airflow/example_dags/example_setup_teardown.py for tasks to queue
[2024-11-20T14:26:54.909+0000] {logging_mixin.py:190} INFO - [2024-11-20T14:26:54.908+0000] {dagbag.py:588} INFO - Filling up the DagBag from /home/airflow/.local/lib/python3.12/site-packages/airflow/example_dags/example_setup_teardown.py
[2024-11-20T14:26:54.921+0000] {processor.py:925} INFO - DAG(s) 'example_setup_teardown' retrieved from /home/airflow/.local/lib/python3.12/site-packages/airflow/example_dags/example_setup_teardown.py
[2024-11-20T14:26:54.954+0000] {logging_mixin.py:190} INFO - [2024-11-20T14:26:54.954+0000] {dag.py:3239} INFO - Sync 1 DAGs
[2024-11-20T14:26:54.981+0000] {logging_mixin.py:190} INFO - [2024-11-20T14:26:54.981+0000] {dag.py:4180} INFO - Setting next_dagrun for example_setup_teardown to None, run_after=None
[2024-11-20T14:26:55.013+0000] {processor.py:208} INFO - Processing /home/airflow/.local/lib/python3.12/site-packages/airflow/example_dags/example_setup_teardown.py took 0.120 seconds
[2024-11-20T14:28:12.362+0000] {processor.py:186} INFO - Started process (PID=1448) to work on /home/airflow/.local/lib/python3.12/site-packages/airflow/example_dags/example_setup_teardown.py
[2024-11-20T14:28:12.364+0000] {processor.py:914} INFO - Processing file /home/airflow/.local/lib/python3.12/site-packages/airflow/example_dags/example_setup_teardown.py for tasks to queue
[2024-11-20T14:28:12.370+0000] {logging_mixin.py:190} INFO - [2024-11-20T14:28:12.369+0000] {dagbag.py:588} INFO - Filling up the DagBag from /home/airflow/.local/lib/python3.12/site-packages/airflow/example_dags/example_setup_teardown.py
[2024-11-20T14:28:12.388+0000] {processor.py:925} INFO - DAG(s) 'example_setup_teardown' retrieved from /home/airflow/.local/lib/python3.12/site-packages/airflow/example_dags/example_setup_teardown.py
[2024-11-20T14:28:12.472+0000] {logging_mixin.py:190} INFO - [2024-11-20T14:28:12.472+0000] {dag.py:3239} INFO - Sync 1 DAGs
[2024-11-20T14:28:12.521+0000] {logging_mixin.py:190} INFO - [2024-11-20T14:28:12.520+0000] {dag.py:4180} INFO - Setting next_dagrun for example_setup_teardown to None, run_after=None
[2024-11-20T14:28:12.643+0000] {processor.py:208} INFO - Processing /home/airflow/.local/lib/python3.12/site-packages/airflow/example_dags/example_setup_teardown.py took 0.298 seconds
[2024-11-20T14:28:43.286+0000] {processor.py:186} INFO - Started process (PID=1511) to work on /home/airflow/.local/lib/python3.12/site-packages/airflow/example_dags/example_setup_teardown.py
[2024-11-20T14:28:43.288+0000] {processor.py:914} INFO - Processing file /home/airflow/.local/lib/python3.12/site-packages/airflow/example_dags/example_setup_teardown.py for tasks to queue
[2024-11-20T14:28:43.292+0000] {logging_mixin.py:190} INFO - [2024-11-20T14:28:43.292+0000] {dagbag.py:588} INFO - Filling up the DagBag from /home/airflow/.local/lib/python3.12/site-packages/airflow/example_dags/example_setup_teardown.py
[2024-11-20T14:28:43.309+0000] {processor.py:925} INFO - DAG(s) 'example_setup_teardown' retrieved from /home/airflow/.local/lib/python3.12/site-packages/airflow/example_dags/example_setup_teardown.py
[2024-11-20T14:28:43.351+0000] {logging_mixin.py:190} INFO - [2024-11-20T14:28:43.350+0000] {dag.py:3239} INFO - Sync 1 DAGs
[2024-11-20T14:28:43.380+0000] {logging_mixin.py:190} INFO - [2024-11-20T14:28:43.380+0000] {dag.py:4180} INFO - Setting next_dagrun for example_setup_teardown to None, run_after=None
[2024-11-20T14:28:43.413+0000] {processor.py:208} INFO - Processing /home/airflow/.local/lib/python3.12/site-packages/airflow/example_dags/example_setup_teardown.py took 0.141 seconds
[2024-11-20T14:29:13.558+0000] {processor.py:186} INFO - Started process (PID=1573) to work on /home/airflow/.local/lib/python3.12/site-packages/airflow/example_dags/example_setup_teardown.py
[2024-11-20T14:29:13.560+0000] {processor.py:914} INFO - Processing file /home/airflow/.local/lib/python3.12/site-packages/airflow/example_dags/example_setup_teardown.py for tasks to queue
[2024-11-20T14:29:13.563+0000] {logging_mixin.py:190} INFO - [2024-11-20T14:29:13.563+0000] {dagbag.py:588} INFO - Filling up the DagBag from /home/airflow/.local/lib/python3.12/site-packages/airflow/example_dags/example_setup_teardown.py
[2024-11-20T14:29:13.577+0000] {processor.py:925} INFO - DAG(s) 'example_setup_teardown' retrieved from /home/airflow/.local/lib/python3.12/site-packages/airflow/example_dags/example_setup_teardown.py
[2024-11-20T14:29:13.612+0000] {logging_mixin.py:190} INFO - [2024-11-20T14:29:13.612+0000] {dag.py:3239} INFO - Sync 1 DAGs
[2024-11-20T14:29:13.639+0000] {logging_mixin.py:190} INFO - [2024-11-20T14:29:13.639+0000] {dag.py:4180} INFO - Setting next_dagrun for example_setup_teardown to None, run_after=None
[2024-11-20T14:29:13.675+0000] {processor.py:208} INFO - Processing /home/airflow/.local/lib/python3.12/site-packages/airflow/example_dags/example_setup_teardown.py took 0.127 seconds
[2024-11-20T14:29:44.938+0000] {processor.py:186} INFO - Started process (PID=1635) to work on /home/airflow/.local/lib/python3.12/site-packages/airflow/example_dags/example_setup_teardown.py
[2024-11-20T14:29:44.940+0000] {processor.py:914} INFO - Processing file /home/airflow/.local/lib/python3.12/site-packages/airflow/example_dags/example_setup_teardown.py for tasks to queue
[2024-11-20T14:29:44.946+0000] {logging_mixin.py:190} INFO - [2024-11-20T14:29:44.945+0000] {dagbag.py:588} INFO - Filling up the DagBag from /home/airflow/.local/lib/python3.12/site-packages/airflow/example_dags/example_setup_teardown.py
[2024-11-20T14:29:44.962+0000] {processor.py:925} INFO - DAG(s) 'example_setup_teardown' retrieved from /home/airflow/.local/lib/python3.12/site-packages/airflow/example_dags/example_setup_teardown.py
[2024-11-20T14:29:44.993+0000] {logging_mixin.py:190} INFO - [2024-11-20T14:29:44.993+0000] {dag.py:3239} INFO - Sync 1 DAGs
[2024-11-20T14:29:45.017+0000] {logging_mixin.py:190} INFO - [2024-11-20T14:29:45.016+0000] {dag.py:4180} INFO - Setting next_dagrun for example_setup_teardown to None, run_after=None
[2024-11-20T14:29:45.046+0000] {processor.py:208} INFO - Processing /home/airflow/.local/lib/python3.12/site-packages/airflow/example_dags/example_setup_teardown.py took 0.120 seconds
[2024-11-20T14:30:18.122+0000] {processor.py:186} INFO - Started process (PID=1698) to work on /home/airflow/.local/lib/python3.12/site-packages/airflow/example_dags/example_setup_teardown.py
[2024-11-20T14:30:18.124+0000] {processor.py:914} INFO - Processing file /home/airflow/.local/lib/python3.12/site-packages/airflow/example_dags/example_setup_teardown.py for tasks to queue
[2024-11-20T14:30:18.128+0000] {logging_mixin.py:190} INFO - [2024-11-20T14:30:18.127+0000] {dagbag.py:588} INFO - Filling up the DagBag from /home/airflow/.local/lib/python3.12/site-packages/airflow/example_dags/example_setup_teardown.py
[2024-11-20T14:30:18.145+0000] {processor.py:925} INFO - DAG(s) 'example_setup_teardown' retrieved from /home/airflow/.local/lib/python3.12/site-packages/airflow/example_dags/example_setup_teardown.py
[2024-11-20T14:30:18.195+0000] {logging_mixin.py:190} INFO - [2024-11-20T14:30:18.195+0000] {dag.py:3239} INFO - Sync 1 DAGs
[2024-11-20T14:30:18.233+0000] {logging_mixin.py:190} INFO - [2024-11-20T14:30:18.233+0000] {dag.py:4180} INFO - Setting next_dagrun for example_setup_teardown to None, run_after=None
[2024-11-20T14:30:18.279+0000] {processor.py:208} INFO - Processing /home/airflow/.local/lib/python3.12/site-packages/airflow/example_dags/example_setup_teardown.py took 0.170 seconds
[2024-11-20T14:30:52.415+0000] {processor.py:186} INFO - Started process (PID=1761) to work on /home/airflow/.local/lib/python3.12/site-packages/airflow/example_dags/example_setup_teardown.py
[2024-11-20T14:30:52.416+0000] {processor.py:914} INFO - Processing file /home/airflow/.local/lib/python3.12/site-packages/airflow/example_dags/example_setup_teardown.py for tasks to queue
[2024-11-20T14:30:52.422+0000] {logging_mixin.py:190} INFO - [2024-11-20T14:30:52.420+0000] {dagbag.py:588} INFO - Filling up the DagBag from /home/airflow/.local/lib/python3.12/site-packages/airflow/example_dags/example_setup_teardown.py
[2024-11-20T14:30:52.447+0000] {processor.py:925} INFO - DAG(s) 'example_setup_teardown' retrieved from /home/airflow/.local/lib/python3.12/site-packages/airflow/example_dags/example_setup_teardown.py
[2024-11-20T14:30:52.504+0000] {logging_mixin.py:190} INFO - [2024-11-20T14:30:52.502+0000] {dag.py:3239} INFO - Sync 1 DAGs
[2024-11-20T14:30:52.552+0000] {logging_mixin.py:190} INFO - [2024-11-20T14:30:52.552+0000] {dag.py:4180} INFO - Setting next_dagrun for example_setup_teardown to None, run_after=None
[2024-11-20T14:30:52.609+0000] {processor.py:208} INFO - Processing /home/airflow/.local/lib/python3.12/site-packages/airflow/example_dags/example_setup_teardown.py took 0.214 seconds
[2024-11-20T14:31:25.349+0000] {processor.py:186} INFO - Started process (PID=1824) to work on /home/airflow/.local/lib/python3.12/site-packages/airflow/example_dags/example_setup_teardown.py
[2024-11-20T14:31:25.351+0000] {processor.py:914} INFO - Processing file /home/airflow/.local/lib/python3.12/site-packages/airflow/example_dags/example_setup_teardown.py for tasks to queue
[2024-11-20T14:31:25.356+0000] {logging_mixin.py:190} INFO - [2024-11-20T14:31:25.355+0000] {dagbag.py:588} INFO - Filling up the DagBag from /home/airflow/.local/lib/python3.12/site-packages/airflow/example_dags/example_setup_teardown.py
[2024-11-20T14:31:25.386+0000] {processor.py:925} INFO - DAG(s) 'example_setup_teardown' retrieved from /home/airflow/.local/lib/python3.12/site-packages/airflow/example_dags/example_setup_teardown.py
[2024-11-20T14:31:25.459+0000] {logging_mixin.py:190} INFO - [2024-11-20T14:31:25.458+0000] {dag.py:3239} INFO - Sync 1 DAGs
[2024-11-20T14:31:25.514+0000] {logging_mixin.py:190} INFO - [2024-11-20T14:31:25.512+0000] {dag.py:4180} INFO - Setting next_dagrun for example_setup_teardown to None, run_after=None
[2024-11-20T14:31:25.575+0000] {processor.py:208} INFO - Processing /home/airflow/.local/lib/python3.12/site-packages/airflow/example_dags/example_setup_teardown.py took 0.247 seconds
[2024-11-20T14:31:57.824+0000] {processor.py:186} INFO - Started process (PID=1887) to work on /home/airflow/.local/lib/python3.12/site-packages/airflow/example_dags/example_setup_teardown.py
[2024-11-20T14:31:57.830+0000] {processor.py:914} INFO - Processing file /home/airflow/.local/lib/python3.12/site-packages/airflow/example_dags/example_setup_teardown.py for tasks to queue
[2024-11-20T14:31:57.838+0000] {logging_mixin.py:190} INFO - [2024-11-20T14:31:57.837+0000] {dagbag.py:588} INFO - Filling up the DagBag from /home/airflow/.local/lib/python3.12/site-packages/airflow/example_dags/example_setup_teardown.py
[2024-11-20T14:31:57.861+0000] {processor.py:925} INFO - DAG(s) 'example_setup_teardown' retrieved from /home/airflow/.local/lib/python3.12/site-packages/airflow/example_dags/example_setup_teardown.py
[2024-11-20T14:31:57.929+0000] {logging_mixin.py:190} INFO - [2024-11-20T14:31:57.928+0000] {dag.py:3239} INFO - Sync 1 DAGs
[2024-11-20T14:31:57.988+0000] {logging_mixin.py:190} INFO - [2024-11-20T14:31:57.987+0000] {dag.py:4180} INFO - Setting next_dagrun for example_setup_teardown to None, run_after=None
[2024-11-20T14:31:58.066+0000] {processor.py:208} INFO - Processing /home/airflow/.local/lib/python3.12/site-packages/airflow/example_dags/example_setup_teardown.py took 0.276 seconds
[2024-11-20T14:32:28.984+0000] {processor.py:186} INFO - Started process (PID=1950) to work on /home/airflow/.local/lib/python3.12/site-packages/airflow/example_dags/example_setup_teardown.py
[2024-11-20T14:32:28.986+0000] {processor.py:914} INFO - Processing file /home/airflow/.local/lib/python3.12/site-packages/airflow/example_dags/example_setup_teardown.py for tasks to queue
[2024-11-20T14:32:28.991+0000] {logging_mixin.py:190} INFO - [2024-11-20T14:32:28.990+0000] {dagbag.py:588} INFO - Filling up the DagBag from /home/airflow/.local/lib/python3.12/site-packages/airflow/example_dags/example_setup_teardown.py
[2024-11-20T14:32:29.006+0000] {processor.py:925} INFO - DAG(s) 'example_setup_teardown' retrieved from /home/airflow/.local/lib/python3.12/site-packages/airflow/example_dags/example_setup_teardown.py
[2024-11-20T14:32:29.037+0000] {logging_mixin.py:190} INFO - [2024-11-20T14:32:29.037+0000] {dag.py:3239} INFO - Sync 1 DAGs
[2024-11-20T14:32:29.060+0000] {logging_mixin.py:190} INFO - [2024-11-20T14:32:29.060+0000] {dag.py:4180} INFO - Setting next_dagrun for example_setup_teardown to None, run_after=None
[2024-11-20T14:32:29.093+0000] {processor.py:208} INFO - Processing /home/airflow/.local/lib/python3.12/site-packages/airflow/example_dags/example_setup_teardown.py took 0.124 seconds
[2024-11-20T14:32:59.355+0000] {processor.py:186} INFO - Started process (PID=2012) to work on /home/airflow/.local/lib/python3.12/site-packages/airflow/example_dags/example_setup_teardown.py
[2024-11-20T14:32:59.357+0000] {processor.py:914} INFO - Processing file /home/airflow/.local/lib/python3.12/site-packages/airflow/example_dags/example_setup_teardown.py for tasks to queue
[2024-11-20T14:32:59.364+0000] {logging_mixin.py:190} INFO - [2024-11-20T14:32:59.363+0000] {dagbag.py:588} INFO - Filling up the DagBag from /home/airflow/.local/lib/python3.12/site-packages/airflow/example_dags/example_setup_teardown.py
[2024-11-20T14:32:59.382+0000] {processor.py:925} INFO - DAG(s) 'example_setup_teardown' retrieved from /home/airflow/.local/lib/python3.12/site-packages/airflow/example_dags/example_setup_teardown.py
[2024-11-20T14:32:59.415+0000] {logging_mixin.py:190} INFO - [2024-11-20T14:32:59.415+0000] {dag.py:3239} INFO - Sync 1 DAGs
[2024-11-20T14:32:59.441+0000] {logging_mixin.py:190} INFO - [2024-11-20T14:32:59.440+0000] {dag.py:4180} INFO - Setting next_dagrun for example_setup_teardown to None, run_after=None
[2024-11-20T14:32:59.471+0000] {processor.py:208} INFO - Processing /home/airflow/.local/lib/python3.12/site-packages/airflow/example_dags/example_setup_teardown.py took 0.130 seconds
[2024-11-20T14:33:29.738+0000] {processor.py:186} INFO - Started process (PID=2075) to work on /home/airflow/.local/lib/python3.12/site-packages/airflow/example_dags/example_setup_teardown.py
[2024-11-20T14:33:29.740+0000] {processor.py:914} INFO - Processing file /home/airflow/.local/lib/python3.12/site-packages/airflow/example_dags/example_setup_teardown.py for tasks to queue
[2024-11-20T14:33:29.744+0000] {logging_mixin.py:190} INFO - [2024-11-20T14:33:29.744+0000] {dagbag.py:588} INFO - Filling up the DagBag from /home/airflow/.local/lib/python3.12/site-packages/airflow/example_dags/example_setup_teardown.py
[2024-11-20T14:33:29.762+0000] {processor.py:925} INFO - DAG(s) 'example_setup_teardown' retrieved from /home/airflow/.local/lib/python3.12/site-packages/airflow/example_dags/example_setup_teardown.py
[2024-11-20T14:33:29.792+0000] {logging_mixin.py:190} INFO - [2024-11-20T14:33:29.791+0000] {dag.py:3239} INFO - Sync 1 DAGs
[2024-11-20T14:33:29.815+0000] {logging_mixin.py:190} INFO - [2024-11-20T14:33:29.815+0000] {dag.py:4180} INFO - Setting next_dagrun for example_setup_teardown to None, run_after=None
[2024-11-20T14:33:29.850+0000] {processor.py:208} INFO - Processing /home/airflow/.local/lib/python3.12/site-packages/airflow/example_dags/example_setup_teardown.py took 0.124 seconds
[2024-11-20T14:34:00.090+0000] {processor.py:186} INFO - Started process (PID=2137) to work on /home/airflow/.local/lib/python3.12/site-packages/airflow/example_dags/example_setup_teardown.py
[2024-11-20T14:34:00.091+0000] {processor.py:914} INFO - Processing file /home/airflow/.local/lib/python3.12/site-packages/airflow/example_dags/example_setup_teardown.py for tasks to queue
[2024-11-20T14:34:00.094+0000] {logging_mixin.py:190} INFO - [2024-11-20T14:34:00.094+0000] {dagbag.py:588} INFO - Filling up the DagBag from /home/airflow/.local/lib/python3.12/site-packages/airflow/example_dags/example_setup_teardown.py
[2024-11-20T14:34:00.107+0000] {processor.py:925} INFO - DAG(s) 'example_setup_teardown' retrieved from /home/airflow/.local/lib/python3.12/site-packages/airflow/example_dags/example_setup_teardown.py
[2024-11-20T14:34:00.148+0000] {logging_mixin.py:190} INFO - [2024-11-20T14:34:00.147+0000] {dag.py:3239} INFO - Sync 1 DAGs
[2024-11-20T14:34:00.173+0000] {logging_mixin.py:190} INFO - [2024-11-20T14:34:00.173+0000] {dag.py:4180} INFO - Setting next_dagrun for example_setup_teardown to None, run_after=None
[2024-11-20T14:34:00.201+0000] {processor.py:208} INFO - Processing /home/airflow/.local/lib/python3.12/site-packages/airflow/example_dags/example_setup_teardown.py took 0.124 seconds
[2024-11-20T14:34:30.596+0000] {processor.py:186} INFO - Started process (PID=2200) to work on /home/airflow/.local/lib/python3.12/site-packages/airflow/example_dags/example_setup_teardown.py
[2024-11-20T14:34:30.598+0000] {processor.py:914} INFO - Processing file /home/airflow/.local/lib/python3.12/site-packages/airflow/example_dags/example_setup_teardown.py for tasks to queue
[2024-11-20T14:34:30.603+0000] {logging_mixin.py:190} INFO - [2024-11-20T14:34:30.602+0000] {dagbag.py:588} INFO - Filling up the DagBag from /home/airflow/.local/lib/python3.12/site-packages/airflow/example_dags/example_setup_teardown.py
[2024-11-20T14:34:30.621+0000] {processor.py:925} INFO - DAG(s) 'example_setup_teardown' retrieved from /home/airflow/.local/lib/python3.12/site-packages/airflow/example_dags/example_setup_teardown.py
[2024-11-20T14:34:30.658+0000] {logging_mixin.py:190} INFO - [2024-11-20T14:34:30.658+0000] {dag.py:3239} INFO - Sync 1 DAGs
[2024-11-20T14:34:30.688+0000] {logging_mixin.py:190} INFO - [2024-11-20T14:34:30.688+0000] {dag.py:4180} INFO - Setting next_dagrun for example_setup_teardown to None, run_after=None
[2024-11-20T14:34:30.727+0000] {processor.py:208} INFO - Processing /home/airflow/.local/lib/python3.12/site-packages/airflow/example_dags/example_setup_teardown.py took 0.145 seconds
[2024-11-20T14:35:01.207+0000] {processor.py:186} INFO - Started process (PID=2262) to work on /home/airflow/.local/lib/python3.12/site-packages/airflow/example_dags/example_setup_teardown.py
[2024-11-20T14:35:01.209+0000] {processor.py:914} INFO - Processing file /home/airflow/.local/lib/python3.12/site-packages/airflow/example_dags/example_setup_teardown.py for tasks to queue
[2024-11-20T14:35:01.216+0000] {logging_mixin.py:190} INFO - [2024-11-20T14:35:01.214+0000] {dagbag.py:588} INFO - Filling up the DagBag from /home/airflow/.local/lib/python3.12/site-packages/airflow/example_dags/example_setup_teardown.py
[2024-11-20T14:35:01.237+0000] {processor.py:925} INFO - DAG(s) 'example_setup_teardown' retrieved from /home/airflow/.local/lib/python3.12/site-packages/airflow/example_dags/example_setup_teardown.py
[2024-11-20T14:35:01.292+0000] {logging_mixin.py:190} INFO - [2024-11-20T14:35:01.291+0000] {dag.py:3239} INFO - Sync 1 DAGs
[2024-11-20T14:35:01.328+0000] {logging_mixin.py:190} INFO - [2024-11-20T14:35:01.327+0000] {dag.py:4180} INFO - Setting next_dagrun for example_setup_teardown to None, run_after=None
[2024-11-20T14:35:01.373+0000] {processor.py:208} INFO - Processing /home/airflow/.local/lib/python3.12/site-packages/airflow/example_dags/example_setup_teardown.py took 0.183 seconds
[2024-11-20T14:35:31.905+0000] {processor.py:186} INFO - Started process (PID=2325) to work on /home/airflow/.local/lib/python3.12/site-packages/airflow/example_dags/example_setup_teardown.py
[2024-11-20T14:35:31.907+0000] {processor.py:914} INFO - Processing file /home/airflow/.local/lib/python3.12/site-packages/airflow/example_dags/example_setup_teardown.py for tasks to queue
[2024-11-20T14:35:31.913+0000] {logging_mixin.py:190} INFO - [2024-11-20T14:35:31.912+0000] {dagbag.py:588} INFO - Filling up the DagBag from /home/airflow/.local/lib/python3.12/site-packages/airflow/example_dags/example_setup_teardown.py
[2024-11-20T14:35:31.937+0000] {processor.py:925} INFO - DAG(s) 'example_setup_teardown' retrieved from /home/airflow/.local/lib/python3.12/site-packages/airflow/example_dags/example_setup_teardown.py
[2024-11-20T14:35:31.986+0000] {logging_mixin.py:190} INFO - [2024-11-20T14:35:31.986+0000] {dag.py:3239} INFO - Sync 1 DAGs
[2024-11-20T14:35:32.023+0000] {logging_mixin.py:190} INFO - [2024-11-20T14:35:32.023+0000] {dag.py:4180} INFO - Setting next_dagrun for example_setup_teardown to None, run_after=None
[2024-11-20T14:35:32.065+0000] {processor.py:208} INFO - Processing /home/airflow/.local/lib/python3.12/site-packages/airflow/example_dags/example_setup_teardown.py took 0.179 seconds
[2024-11-20T14:36:02.799+0000] {processor.py:186} INFO - Started process (PID=2387) to work on /home/airflow/.local/lib/python3.12/site-packages/airflow/example_dags/example_setup_teardown.py
[2024-11-20T14:36:02.800+0000] {processor.py:914} INFO - Processing file /home/airflow/.local/lib/python3.12/site-packages/airflow/example_dags/example_setup_teardown.py for tasks to queue
[2024-11-20T14:36:02.805+0000] {logging_mixin.py:190} INFO - [2024-11-20T14:36:02.805+0000] {dagbag.py:588} INFO - Filling up the DagBag from /home/airflow/.local/lib/python3.12/site-packages/airflow/example_dags/example_setup_teardown.py
[2024-11-20T14:36:02.821+0000] {processor.py:925} INFO - DAG(s) 'example_setup_teardown' retrieved from /home/airflow/.local/lib/python3.12/site-packages/airflow/example_dags/example_setup_teardown.py
[2024-11-20T14:36:02.857+0000] {logging_mixin.py:190} INFO - [2024-11-20T14:36:02.857+0000] {dag.py:3239} INFO - Sync 1 DAGs
[2024-11-20T14:36:02.885+0000] {logging_mixin.py:190} INFO - [2024-11-20T14:36:02.885+0000] {dag.py:4180} INFO - Setting next_dagrun for example_setup_teardown to None, run_after=None
[2024-11-20T14:36:02.916+0000] {processor.py:208} INFO - Processing /home/airflow/.local/lib/python3.12/site-packages/airflow/example_dags/example_setup_teardown.py took 0.133 seconds
[2024-11-20T14:36:33.064+0000] {processor.py:186} INFO - Started process (PID=2450) to work on /home/airflow/.local/lib/python3.12/site-packages/airflow/example_dags/example_setup_teardown.py
[2024-11-20T14:36:33.066+0000] {processor.py:914} INFO - Processing file /home/airflow/.local/lib/python3.12/site-packages/airflow/example_dags/example_setup_teardown.py for tasks to queue
[2024-11-20T14:36:33.072+0000] {logging_mixin.py:190} INFO - [2024-11-20T14:36:33.071+0000] {dagbag.py:588} INFO - Filling up the DagBag from /home/airflow/.local/lib/python3.12/site-packages/airflow/example_dags/example_setup_teardown.py
[2024-11-20T14:36:33.090+0000] {processor.py:925} INFO - DAG(s) 'example_setup_teardown' retrieved from /home/airflow/.local/lib/python3.12/site-packages/airflow/example_dags/example_setup_teardown.py
[2024-11-20T14:36:33.129+0000] {logging_mixin.py:190} INFO - [2024-11-20T14:36:33.129+0000] {dag.py:3239} INFO - Sync 1 DAGs
[2024-11-20T14:36:33.164+0000] {logging_mixin.py:190} INFO - [2024-11-20T14:36:33.163+0000] {dag.py:4180} INFO - Setting next_dagrun for example_setup_teardown to None, run_after=None
[2024-11-20T14:36:33.196+0000] {processor.py:208} INFO - Processing /home/airflow/.local/lib/python3.12/site-packages/airflow/example_dags/example_setup_teardown.py took 0.147 seconds
[2024-11-20T14:37:03.661+0000] {processor.py:186} INFO - Started process (PID=2513) to work on /home/airflow/.local/lib/python3.12/site-packages/airflow/example_dags/example_setup_teardown.py
[2024-11-20T14:37:03.663+0000] {processor.py:914} INFO - Processing file /home/airflow/.local/lib/python3.12/site-packages/airflow/example_dags/example_setup_teardown.py for tasks to queue
[2024-11-20T14:37:03.667+0000] {logging_mixin.py:190} INFO - [2024-11-20T14:37:03.667+0000] {dagbag.py:588} INFO - Filling up the DagBag from /home/airflow/.local/lib/python3.12/site-packages/airflow/example_dags/example_setup_teardown.py
[2024-11-20T14:37:03.685+0000] {processor.py:925} INFO - DAG(s) 'example_setup_teardown' retrieved from /home/airflow/.local/lib/python3.12/site-packages/airflow/example_dags/example_setup_teardown.py
[2024-11-20T14:37:03.728+0000] {logging_mixin.py:190} INFO - [2024-11-20T14:37:03.728+0000] {dag.py:3239} INFO - Sync 1 DAGs
[2024-11-20T14:37:03.765+0000] {logging_mixin.py:190} INFO - [2024-11-20T14:37:03.764+0000] {dag.py:4180} INFO - Setting next_dagrun for example_setup_teardown to None, run_after=None
[2024-11-20T14:37:03.807+0000] {processor.py:208} INFO - Processing /home/airflow/.local/lib/python3.12/site-packages/airflow/example_dags/example_setup_teardown.py took 0.160 seconds
[2024-11-20T14:37:34.325+0000] {processor.py:186} INFO - Started process (PID=2575) to work on /home/airflow/.local/lib/python3.12/site-packages/airflow/example_dags/example_setup_teardown.py
[2024-11-20T14:37:34.327+0000] {processor.py:914} INFO - Processing file /home/airflow/.local/lib/python3.12/site-packages/airflow/example_dags/example_setup_teardown.py for tasks to queue
[2024-11-20T14:37:34.332+0000] {logging_mixin.py:190} INFO - [2024-11-20T14:37:34.332+0000] {dagbag.py:588} INFO - Filling up the DagBag from /home/airflow/.local/lib/python3.12/site-packages/airflow/example_dags/example_setup_teardown.py
[2024-11-20T14:37:34.353+0000] {processor.py:925} INFO - DAG(s) 'example_setup_teardown' retrieved from /home/airflow/.local/lib/python3.12/site-packages/airflow/example_dags/example_setup_teardown.py
[2024-11-20T14:37:34.405+0000] {logging_mixin.py:190} INFO - [2024-11-20T14:37:34.404+0000] {dag.py:3239} INFO - Sync 1 DAGs
[2024-11-20T14:37:34.444+0000] {logging_mixin.py:190} INFO - [2024-11-20T14:37:34.444+0000] {dag.py:4180} INFO - Setting next_dagrun for example_setup_teardown to None, run_after=None
[2024-11-20T14:37:34.491+0000] {processor.py:208} INFO - Processing /home/airflow/.local/lib/python3.12/site-packages/airflow/example_dags/example_setup_teardown.py took 0.180 seconds
[2024-11-20T14:38:04.580+0000] {processor.py:186} INFO - Started process (PID=2637) to work on /home/airflow/.local/lib/python3.12/site-packages/airflow/example_dags/example_setup_teardown.py
[2024-11-20T14:38:04.582+0000] {processor.py:914} INFO - Processing file /home/airflow/.local/lib/python3.12/site-packages/airflow/example_dags/example_setup_teardown.py for tasks to queue
[2024-11-20T14:38:04.589+0000] {logging_mixin.py:190} INFO - [2024-11-20T14:38:04.588+0000] {dagbag.py:588} INFO - Filling up the DagBag from /home/airflow/.local/lib/python3.12/site-packages/airflow/example_dags/example_setup_teardown.py
[2024-11-20T14:38:04.607+0000] {processor.py:925} INFO - DAG(s) 'example_setup_teardown' retrieved from /home/airflow/.local/lib/python3.12/site-packages/airflow/example_dags/example_setup_teardown.py
[2024-11-20T14:38:04.642+0000] {logging_mixin.py:190} INFO - [2024-11-20T14:38:04.642+0000] {dag.py:3239} INFO - Sync 1 DAGs
[2024-11-20T14:38:04.679+0000] {logging_mixin.py:190} INFO - [2024-11-20T14:38:04.679+0000] {dag.py:4180} INFO - Setting next_dagrun for example_setup_teardown to None, run_after=None
[2024-11-20T14:38:04.720+0000] {processor.py:208} INFO - Processing /home/airflow/.local/lib/python3.12/site-packages/airflow/example_dags/example_setup_teardown.py took 0.155 seconds
