[2024-11-20T14:16:05.173+0000] {processor.py:186} INFO - Started process (PID=83) to work on /home/airflow/.local/lib/python3.12/site-packages/airflow/example_dags/example_complex.py
[2024-11-20T14:16:05.174+0000] {processor.py:914} INFO - Processing file /home/airflow/.local/lib/python3.12/site-packages/airflow/example_dags/example_complex.py for tasks to queue
[2024-11-20T14:16:05.179+0000] {logging_mixin.py:190} INFO - [2024-11-20T14:16:05.178+0000] {dagbag.py:588} INFO - Filling up the DagBag from /home/airflow/.local/lib/python3.12/site-packages/airflow/example_dags/example_complex.py
[2024-11-20T14:16:05.208+0000] {processor.py:925} INFO - DAG(s) 'example_complex' retrieved from /home/airflow/.local/lib/python3.12/site-packages/airflow/example_dags/example_complex.py
[2024-11-20T14:16:05.597+0000] {logging_mixin.py:190} INFO - [2024-11-20T14:16:05.596+0000] {override.py:1911} INFO - Created Permission View: can delete on DAG:example_complex
[2024-11-20T14:16:05.614+0000] {logging_mixin.py:190} INFO - [2024-11-20T14:16:05.613+0000] {override.py:1911} INFO - Created Permission View: can read on DAG:example_complex
[2024-11-20T14:16:05.782+0000] {logging_mixin.py:190} INFO - [2024-11-20T14:16:05.781+0000] {override.py:1911} INFO - Created Permission View: can edit on DAG:example_complex
[2024-11-20T14:16:05.800+0000] {logging_mixin.py:190} INFO - [2024-11-20T14:16:05.800+0000] {override.py:1911} INFO - Created Permission View: can delete on DAG Run:example_complex
[2024-11-20T14:16:05.827+0000] {logging_mixin.py:190} INFO - [2024-11-20T14:16:05.827+0000] {override.py:1911} INFO - Created Permission View: menu access on DAG Run:example_complex
[2024-11-20T14:16:05.843+0000] {logging_mixin.py:190} INFO - [2024-11-20T14:16:05.843+0000] {override.py:1911} INFO - Created Permission View: can read on DAG Run:example_complex
[2024-11-20T14:16:05.856+0000] {logging_mixin.py:190} INFO - [2024-11-20T14:16:05.855+0000] {override.py:1911} INFO - Created Permission View: can create on DAG Run:example_complex
[2024-11-20T14:16:05.856+0000] {logging_mixin.py:190} INFO - [2024-11-20T14:16:05.856+0000] {dag.py:3239} INFO - Sync 1 DAGs
[2024-11-20T14:16:05.877+0000] {logging_mixin.py:190} INFO - [2024-11-20T14:16:05.877+0000] {dag.py:3262} INFO - Creating ORM DAG for example_complex
[2024-11-20T14:16:05.879+0000] {logging_mixin.py:190} INFO - [2024-11-20T14:16:05.878+0000] {dag.py:4180} INFO - Setting next_dagrun for example_complex to None, run_after=None
[2024-11-20T14:16:05.910+0000] {processor.py:208} INFO - Processing /home/airflow/.local/lib/python3.12/site-packages/airflow/example_dags/example_complex.py took 0.747 seconds
[2024-11-20T14:16:36.821+0000] {processor.py:186} INFO - Started process (PID=145) to work on /home/airflow/.local/lib/python3.12/site-packages/airflow/example_dags/example_complex.py
[2024-11-20T14:16:36.823+0000] {processor.py:914} INFO - Processing file /home/airflow/.local/lib/python3.12/site-packages/airflow/example_dags/example_complex.py for tasks to queue
[2024-11-20T14:16:36.828+0000] {logging_mixin.py:190} INFO - [2024-11-20T14:16:36.827+0000] {dagbag.py:588} INFO - Filling up the DagBag from /home/airflow/.local/lib/python3.12/site-packages/airflow/example_dags/example_complex.py
[2024-11-20T14:16:36.859+0000] {processor.py:925} INFO - DAG(s) 'example_complex' retrieved from /home/airflow/.local/lib/python3.12/site-packages/airflow/example_dags/example_complex.py
[2024-11-20T14:16:36.936+0000] {logging_mixin.py:190} INFO - [2024-11-20T14:16:36.936+0000] {dag.py:3239} INFO - Sync 1 DAGs
[2024-11-20T14:16:36.969+0000] {logging_mixin.py:190} INFO - [2024-11-20T14:16:36.968+0000] {dag.py:4180} INFO - Setting next_dagrun for example_complex to None, run_after=None
[2024-11-20T14:16:37.008+0000] {processor.py:208} INFO - Processing /home/airflow/.local/lib/python3.12/site-packages/airflow/example_dags/example_complex.py took 0.201 seconds
[2024-11-20T14:17:07.517+0000] {processor.py:186} INFO - Started process (PID=208) to work on /home/airflow/.local/lib/python3.12/site-packages/airflow/example_dags/example_complex.py
[2024-11-20T14:17:07.519+0000] {processor.py:914} INFO - Processing file /home/airflow/.local/lib/python3.12/site-packages/airflow/example_dags/example_complex.py for tasks to queue
[2024-11-20T14:17:07.523+0000] {logging_mixin.py:190} INFO - [2024-11-20T14:17:07.523+0000] {dagbag.py:588} INFO - Filling up the DagBag from /home/airflow/.local/lib/python3.12/site-packages/airflow/example_dags/example_complex.py
[2024-11-20T14:17:07.566+0000] {processor.py:925} INFO - DAG(s) 'example_complex' retrieved from /home/airflow/.local/lib/python3.12/site-packages/airflow/example_dags/example_complex.py
[2024-11-20T14:17:07.639+0000] {logging_mixin.py:190} INFO - [2024-11-20T14:17:07.638+0000] {dag.py:3239} INFO - Sync 1 DAGs
[2024-11-20T14:17:07.664+0000] {logging_mixin.py:190} INFO - [2024-11-20T14:17:07.664+0000] {dag.py:4180} INFO - Setting next_dagrun for example_complex to None, run_after=None
[2024-11-20T14:17:07.698+0000] {processor.py:208} INFO - Processing /home/airflow/.local/lib/python3.12/site-packages/airflow/example_dags/example_complex.py took 0.196 seconds
[2024-11-20T14:17:38.242+0000] {processor.py:186} INFO - Started process (PID=271) to work on /home/airflow/.local/lib/python3.12/site-packages/airflow/example_dags/example_complex.py
[2024-11-20T14:17:38.245+0000] {processor.py:914} INFO - Processing file /home/airflow/.local/lib/python3.12/site-packages/airflow/example_dags/example_complex.py for tasks to queue
[2024-11-20T14:17:38.251+0000] {logging_mixin.py:190} INFO - [2024-11-20T14:17:38.250+0000] {dagbag.py:588} INFO - Filling up the DagBag from /home/airflow/.local/lib/python3.12/site-packages/airflow/example_dags/example_complex.py
[2024-11-20T14:17:38.284+0000] {processor.py:925} INFO - DAG(s) 'example_complex' retrieved from /home/airflow/.local/lib/python3.12/site-packages/airflow/example_dags/example_complex.py
[2024-11-20T14:17:38.371+0000] {logging_mixin.py:190} INFO - [2024-11-20T14:17:38.371+0000] {dag.py:3239} INFO - Sync 1 DAGs
[2024-11-20T14:17:38.405+0000] {logging_mixin.py:190} INFO - [2024-11-20T14:17:38.404+0000] {dag.py:4180} INFO - Setting next_dagrun for example_complex to None, run_after=None
[2024-11-20T14:17:38.447+0000] {processor.py:208} INFO - Processing /home/airflow/.local/lib/python3.12/site-packages/airflow/example_dags/example_complex.py took 0.217 seconds
[2024-11-20T14:18:08.997+0000] {processor.py:186} INFO - Started process (PID=334) to work on /home/airflow/.local/lib/python3.12/site-packages/airflow/example_dags/example_complex.py
[2024-11-20T14:18:08.999+0000] {processor.py:914} INFO - Processing file /home/airflow/.local/lib/python3.12/site-packages/airflow/example_dags/example_complex.py for tasks to queue
[2024-11-20T14:18:09.004+0000] {logging_mixin.py:190} INFO - [2024-11-20T14:18:09.003+0000] {dagbag.py:588} INFO - Filling up the DagBag from /home/airflow/.local/lib/python3.12/site-packages/airflow/example_dags/example_complex.py
[2024-11-20T14:18:09.027+0000] {processor.py:925} INFO - DAG(s) 'example_complex' retrieved from /home/airflow/.local/lib/python3.12/site-packages/airflow/example_dags/example_complex.py
[2024-11-20T14:18:09.074+0000] {logging_mixin.py:190} INFO - [2024-11-20T14:18:09.074+0000] {dag.py:3239} INFO - Sync 1 DAGs
[2024-11-20T14:18:09.097+0000] {logging_mixin.py:190} INFO - [2024-11-20T14:18:09.097+0000] {dag.py:4180} INFO - Setting next_dagrun for example_complex to None, run_after=None
[2024-11-20T14:18:09.128+0000] {processor.py:208} INFO - Processing /home/airflow/.local/lib/python3.12/site-packages/airflow/example_dags/example_complex.py took 0.143 seconds
[2024-11-20T14:18:39.487+0000] {processor.py:186} INFO - Started process (PID=397) to work on /home/airflow/.local/lib/python3.12/site-packages/airflow/example_dags/example_complex.py
[2024-11-20T14:18:39.489+0000] {processor.py:914} INFO - Processing file /home/airflow/.local/lib/python3.12/site-packages/airflow/example_dags/example_complex.py for tasks to queue
[2024-11-20T14:18:39.493+0000] {logging_mixin.py:190} INFO - [2024-11-20T14:18:39.492+0000] {dagbag.py:588} INFO - Filling up the DagBag from /home/airflow/.local/lib/python3.12/site-packages/airflow/example_dags/example_complex.py
[2024-11-20T14:18:39.514+0000] {processor.py:925} INFO - DAG(s) 'example_complex' retrieved from /home/airflow/.local/lib/python3.12/site-packages/airflow/example_dags/example_complex.py
[2024-11-20T14:18:39.584+0000] {logging_mixin.py:190} INFO - [2024-11-20T14:18:39.583+0000] {dag.py:3239} INFO - Sync 1 DAGs
[2024-11-20T14:18:39.607+0000] {logging_mixin.py:190} INFO - [2024-11-20T14:18:39.606+0000] {dag.py:4180} INFO - Setting next_dagrun for example_complex to None, run_after=None
[2024-11-20T14:18:39.635+0000] {processor.py:208} INFO - Processing /home/airflow/.local/lib/python3.12/site-packages/airflow/example_dags/example_complex.py took 0.161 seconds
[2024-11-20T14:19:10.462+0000] {processor.py:186} INFO - Started process (PID=460) to work on /home/airflow/.local/lib/python3.12/site-packages/airflow/example_dags/example_complex.py
[2024-11-20T14:19:10.464+0000] {processor.py:914} INFO - Processing file /home/airflow/.local/lib/python3.12/site-packages/airflow/example_dags/example_complex.py for tasks to queue
[2024-11-20T14:19:10.468+0000] {logging_mixin.py:190} INFO - [2024-11-20T14:19:10.467+0000] {dagbag.py:588} INFO - Filling up the DagBag from /home/airflow/.local/lib/python3.12/site-packages/airflow/example_dags/example_complex.py
[2024-11-20T14:19:10.486+0000] {processor.py:925} INFO - DAG(s) 'example_complex' retrieved from /home/airflow/.local/lib/python3.12/site-packages/airflow/example_dags/example_complex.py
[2024-11-20T14:19:10.549+0000] {logging_mixin.py:190} INFO - [2024-11-20T14:19:10.549+0000] {dag.py:3239} INFO - Sync 1 DAGs
[2024-11-20T14:19:10.577+0000] {logging_mixin.py:190} INFO - [2024-11-20T14:19:10.577+0000] {dag.py:4180} INFO - Setting next_dagrun for example_complex to None, run_after=None
[2024-11-20T14:19:10.602+0000] {processor.py:208} INFO - Processing /home/airflow/.local/lib/python3.12/site-packages/airflow/example_dags/example_complex.py took 0.151 seconds
[2024-11-20T14:19:40.898+0000] {processor.py:186} INFO - Started process (PID=522) to work on /home/airflow/.local/lib/python3.12/site-packages/airflow/example_dags/example_complex.py
[2024-11-20T14:19:40.900+0000] {processor.py:914} INFO - Processing file /home/airflow/.local/lib/python3.12/site-packages/airflow/example_dags/example_complex.py for tasks to queue
[2024-11-20T14:19:40.904+0000] {logging_mixin.py:190} INFO - [2024-11-20T14:19:40.904+0000] {dagbag.py:588} INFO - Filling up the DagBag from /home/airflow/.local/lib/python3.12/site-packages/airflow/example_dags/example_complex.py
[2024-11-20T14:19:40.926+0000] {processor.py:925} INFO - DAG(s) 'example_complex' retrieved from /home/airflow/.local/lib/python3.12/site-packages/airflow/example_dags/example_complex.py
[2024-11-20T14:19:40.973+0000] {logging_mixin.py:190} INFO - [2024-11-20T14:19:40.973+0000] {dag.py:3239} INFO - Sync 1 DAGs
[2024-11-20T14:19:40.997+0000] {logging_mixin.py:190} INFO - [2024-11-20T14:19:40.996+0000] {dag.py:4180} INFO - Setting next_dagrun for example_complex to None, run_after=None
[2024-11-20T14:19:41.039+0000] {processor.py:208} INFO - Processing /home/airflow/.local/lib/python3.12/site-packages/airflow/example_dags/example_complex.py took 0.153 seconds
[2024-11-20T14:20:11.316+0000] {processor.py:186} INFO - Started process (PID=585) to work on /home/airflow/.local/lib/python3.12/site-packages/airflow/example_dags/example_complex.py
[2024-11-20T14:20:11.318+0000] {processor.py:914} INFO - Processing file /home/airflow/.local/lib/python3.12/site-packages/airflow/example_dags/example_complex.py for tasks to queue
[2024-11-20T14:20:11.335+0000] {logging_mixin.py:190} INFO - [2024-11-20T14:20:11.334+0000] {dagbag.py:588} INFO - Filling up the DagBag from /home/airflow/.local/lib/python3.12/site-packages/airflow/example_dags/example_complex.py
[2024-11-20T14:20:11.451+0000] {processor.py:925} INFO - DAG(s) 'example_complex' retrieved from /home/airflow/.local/lib/python3.12/site-packages/airflow/example_dags/example_complex.py
[2024-11-20T14:20:11.675+0000] {logging_mixin.py:190} INFO - [2024-11-20T14:20:11.672+0000] {dag.py:3239} INFO - Sync 1 DAGs
[2024-11-20T14:20:11.781+0000] {logging_mixin.py:190} INFO - [2024-11-20T14:20:11.780+0000] {dag.py:4180} INFO - Setting next_dagrun for example_complex to None, run_after=None
[2024-11-20T14:20:11.972+0000] {processor.py:208} INFO - Processing /home/airflow/.local/lib/python3.12/site-packages/airflow/example_dags/example_complex.py took 0.677 seconds
[2024-11-20T14:20:42.185+0000] {processor.py:186} INFO - Started process (PID=648) to work on /home/airflow/.local/lib/python3.12/site-packages/airflow/example_dags/example_complex.py
[2024-11-20T14:20:42.186+0000] {processor.py:914} INFO - Processing file /home/airflow/.local/lib/python3.12/site-packages/airflow/example_dags/example_complex.py for tasks to queue
[2024-11-20T14:20:42.190+0000] {logging_mixin.py:190} INFO - [2024-11-20T14:20:42.190+0000] {dagbag.py:588} INFO - Filling up the DagBag from /home/airflow/.local/lib/python3.12/site-packages/airflow/example_dags/example_complex.py
[2024-11-20T14:20:42.208+0000] {processor.py:925} INFO - DAG(s) 'example_complex' retrieved from /home/airflow/.local/lib/python3.12/site-packages/airflow/example_dags/example_complex.py
[2024-11-20T14:20:42.259+0000] {logging_mixin.py:190} INFO - [2024-11-20T14:20:42.258+0000] {dag.py:3239} INFO - Sync 1 DAGs
[2024-11-20T14:20:42.282+0000] {logging_mixin.py:190} INFO - [2024-11-20T14:20:42.282+0000] {dag.py:4180} INFO - Setting next_dagrun for example_complex to None, run_after=None
[2024-11-20T14:20:42.313+0000] {processor.py:208} INFO - Processing /home/airflow/.local/lib/python3.12/site-packages/airflow/example_dags/example_complex.py took 0.139 seconds
[2024-11-20T14:21:12.656+0000] {processor.py:186} INFO - Started process (PID=711) to work on /home/airflow/.local/lib/python3.12/site-packages/airflow/example_dags/example_complex.py
[2024-11-20T14:21:12.657+0000] {processor.py:914} INFO - Processing file /home/airflow/.local/lib/python3.12/site-packages/airflow/example_dags/example_complex.py for tasks to queue
[2024-11-20T14:21:12.661+0000] {logging_mixin.py:190} INFO - [2024-11-20T14:21:12.660+0000] {dagbag.py:588} INFO - Filling up the DagBag from /home/airflow/.local/lib/python3.12/site-packages/airflow/example_dags/example_complex.py
[2024-11-20T14:21:12.691+0000] {processor.py:925} INFO - DAG(s) 'example_complex' retrieved from /home/airflow/.local/lib/python3.12/site-packages/airflow/example_dags/example_complex.py
[2024-11-20T14:21:12.752+0000] {logging_mixin.py:190} INFO - [2024-11-20T14:21:12.751+0000] {dag.py:3239} INFO - Sync 1 DAGs
[2024-11-20T14:21:12.778+0000] {logging_mixin.py:190} INFO - [2024-11-20T14:21:12.778+0000] {dag.py:4180} INFO - Setting next_dagrun for example_complex to None, run_after=None
[2024-11-20T14:21:12.813+0000] {processor.py:208} INFO - Processing /home/airflow/.local/lib/python3.12/site-packages/airflow/example_dags/example_complex.py took 0.167 seconds
[2024-11-20T14:21:43.695+0000] {processor.py:186} INFO - Started process (PID=774) to work on /home/airflow/.local/lib/python3.12/site-packages/airflow/example_dags/example_complex.py
[2024-11-20T14:21:43.696+0000] {processor.py:914} INFO - Processing file /home/airflow/.local/lib/python3.12/site-packages/airflow/example_dags/example_complex.py for tasks to queue
[2024-11-20T14:21:43.701+0000] {logging_mixin.py:190} INFO - [2024-11-20T14:21:43.700+0000] {dagbag.py:588} INFO - Filling up the DagBag from /home/airflow/.local/lib/python3.12/site-packages/airflow/example_dags/example_complex.py
[2024-11-20T14:21:43.724+0000] {processor.py:925} INFO - DAG(s) 'example_complex' retrieved from /home/airflow/.local/lib/python3.12/site-packages/airflow/example_dags/example_complex.py
[2024-11-20T14:21:43.788+0000] {logging_mixin.py:190} INFO - [2024-11-20T14:21:43.787+0000] {dag.py:3239} INFO - Sync 1 DAGs
[2024-11-20T14:21:43.816+0000] {logging_mixin.py:190} INFO - [2024-11-20T14:21:43.815+0000] {dag.py:4180} INFO - Setting next_dagrun for example_complex to None, run_after=None
[2024-11-20T14:21:43.843+0000] {processor.py:208} INFO - Processing /home/airflow/.local/lib/python3.12/site-packages/airflow/example_dags/example_complex.py took 0.159 seconds
[2024-11-20T14:22:14.412+0000] {processor.py:186} INFO - Started process (PID=837) to work on /home/airflow/.local/lib/python3.12/site-packages/airflow/example_dags/example_complex.py
[2024-11-20T14:22:14.413+0000] {processor.py:914} INFO - Processing file /home/airflow/.local/lib/python3.12/site-packages/airflow/example_dags/example_complex.py for tasks to queue
[2024-11-20T14:22:14.417+0000] {logging_mixin.py:190} INFO - [2024-11-20T14:22:14.416+0000] {dagbag.py:588} INFO - Filling up the DagBag from /home/airflow/.local/lib/python3.12/site-packages/airflow/example_dags/example_complex.py
[2024-11-20T14:22:14.435+0000] {processor.py:925} INFO - DAG(s) 'example_complex' retrieved from /home/airflow/.local/lib/python3.12/site-packages/airflow/example_dags/example_complex.py
[2024-11-20T14:22:14.485+0000] {logging_mixin.py:190} INFO - [2024-11-20T14:22:14.485+0000] {dag.py:3239} INFO - Sync 1 DAGs
[2024-11-20T14:22:14.507+0000] {logging_mixin.py:190} INFO - [2024-11-20T14:22:14.506+0000] {dag.py:4180} INFO - Setting next_dagrun for example_complex to None, run_after=None
[2024-11-20T14:22:14.536+0000] {processor.py:208} INFO - Processing /home/airflow/.local/lib/python3.12/site-packages/airflow/example_dags/example_complex.py took 0.134 seconds
[2024-11-20T14:22:44.783+0000] {processor.py:186} INFO - Started process (PID=900) to work on /home/airflow/.local/lib/python3.12/site-packages/airflow/example_dags/example_complex.py
[2024-11-20T14:22:44.785+0000] {processor.py:914} INFO - Processing file /home/airflow/.local/lib/python3.12/site-packages/airflow/example_dags/example_complex.py for tasks to queue
[2024-11-20T14:22:44.789+0000] {logging_mixin.py:190} INFO - [2024-11-20T14:22:44.788+0000] {dagbag.py:588} INFO - Filling up the DagBag from /home/airflow/.local/lib/python3.12/site-packages/airflow/example_dags/example_complex.py
[2024-11-20T14:22:44.807+0000] {processor.py:925} INFO - DAG(s) 'example_complex' retrieved from /home/airflow/.local/lib/python3.12/site-packages/airflow/example_dags/example_complex.py
[2024-11-20T14:22:44.881+0000] {logging_mixin.py:190} INFO - [2024-11-20T14:22:44.881+0000] {dag.py:3239} INFO - Sync 1 DAGs
[2024-11-20T14:22:44.940+0000] {logging_mixin.py:190} INFO - [2024-11-20T14:22:44.940+0000] {dag.py:4180} INFO - Setting next_dagrun for example_complex to None, run_after=None
[2024-11-20T14:22:44.979+0000] {processor.py:208} INFO - Processing /home/airflow/.local/lib/python3.12/site-packages/airflow/example_dags/example_complex.py took 0.207 seconds
[2024-11-20T14:23:17.672+0000] {processor.py:186} INFO - Started process (PID=969) to work on /home/airflow/.local/lib/python3.12/site-packages/airflow/example_dags/example_complex.py
[2024-11-20T14:23:17.673+0000] {processor.py:914} INFO - Processing file /home/airflow/.local/lib/python3.12/site-packages/airflow/example_dags/example_complex.py for tasks to queue
[2024-11-20T14:23:17.679+0000] {logging_mixin.py:190} INFO - [2024-11-20T14:23:17.678+0000] {dagbag.py:588} INFO - Filling up the DagBag from /home/airflow/.local/lib/python3.12/site-packages/airflow/example_dags/example_complex.py
[2024-11-20T14:23:17.706+0000] {processor.py:925} INFO - DAG(s) 'example_complex' retrieved from /home/airflow/.local/lib/python3.12/site-packages/airflow/example_dags/example_complex.py
[2024-11-20T14:23:17.776+0000] {logging_mixin.py:190} INFO - [2024-11-20T14:23:17.775+0000] {dag.py:3239} INFO - Sync 1 DAGs
[2024-11-20T14:23:17.803+0000] {logging_mixin.py:190} INFO - [2024-11-20T14:23:17.803+0000] {dag.py:4180} INFO - Setting next_dagrun for example_complex to None, run_after=None
[2024-11-20T14:23:17.839+0000] {processor.py:208} INFO - Processing /home/airflow/.local/lib/python3.12/site-packages/airflow/example_dags/example_complex.py took 0.181 seconds
[2024-11-20T14:23:48.690+0000] {processor.py:186} INFO - Started process (PID=1032) to work on /home/airflow/.local/lib/python3.12/site-packages/airflow/example_dags/example_complex.py
[2024-11-20T14:23:48.693+0000] {processor.py:914} INFO - Processing file /home/airflow/.local/lib/python3.12/site-packages/airflow/example_dags/example_complex.py for tasks to queue
[2024-11-20T14:23:48.698+0000] {logging_mixin.py:190} INFO - [2024-11-20T14:23:48.697+0000] {dagbag.py:588} INFO - Filling up the DagBag from /home/airflow/.local/lib/python3.12/site-packages/airflow/example_dags/example_complex.py
[2024-11-20T14:23:48.729+0000] {processor.py:925} INFO - DAG(s) 'example_complex' retrieved from /home/airflow/.local/lib/python3.12/site-packages/airflow/example_dags/example_complex.py
[2024-11-20T14:23:48.779+0000] {logging_mixin.py:190} INFO - [2024-11-20T14:23:48.778+0000] {dag.py:3239} INFO - Sync 1 DAGs
[2024-11-20T14:23:48.802+0000] {logging_mixin.py:190} INFO - [2024-11-20T14:23:48.802+0000] {dag.py:4180} INFO - Setting next_dagrun for example_complex to None, run_after=None
[2024-11-20T14:23:48.835+0000] {processor.py:208} INFO - Processing /home/airflow/.local/lib/python3.12/site-packages/airflow/example_dags/example_complex.py took 0.159 seconds
[2024-11-20T14:24:19.509+0000] {processor.py:186} INFO - Started process (PID=1092) to work on /home/airflow/.local/lib/python3.12/site-packages/airflow/example_dags/example_complex.py
[2024-11-20T14:24:19.513+0000] {processor.py:914} INFO - Processing file /home/airflow/.local/lib/python3.12/site-packages/airflow/example_dags/example_complex.py for tasks to queue
[2024-11-20T14:24:19.520+0000] {logging_mixin.py:190} INFO - [2024-11-20T14:24:19.519+0000] {dagbag.py:588} INFO - Filling up the DagBag from /home/airflow/.local/lib/python3.12/site-packages/airflow/example_dags/example_complex.py
[2024-11-20T14:24:19.555+0000] {processor.py:925} INFO - DAG(s) 'example_complex' retrieved from /home/airflow/.local/lib/python3.12/site-packages/airflow/example_dags/example_complex.py
[2024-11-20T14:24:19.616+0000] {logging_mixin.py:190} INFO - [2024-11-20T14:24:19.615+0000] {dag.py:3239} INFO - Sync 1 DAGs
[2024-11-20T14:24:19.642+0000] {logging_mixin.py:190} INFO - [2024-11-20T14:24:19.642+0000] {dag.py:4180} INFO - Setting next_dagrun for example_complex to None, run_after=None
[2024-11-20T14:24:19.676+0000] {processor.py:208} INFO - Processing /home/airflow/.local/lib/python3.12/site-packages/airflow/example_dags/example_complex.py took 0.180 seconds
[2024-11-20T14:24:50.017+0000] {processor.py:186} INFO - Started process (PID=1154) to work on /home/airflow/.local/lib/python3.12/site-packages/airflow/example_dags/example_complex.py
[2024-11-20T14:24:50.018+0000] {processor.py:914} INFO - Processing file /home/airflow/.local/lib/python3.12/site-packages/airflow/example_dags/example_complex.py for tasks to queue
[2024-11-20T14:24:50.022+0000] {logging_mixin.py:190} INFO - [2024-11-20T14:24:50.021+0000] {dagbag.py:588} INFO - Filling up the DagBag from /home/airflow/.local/lib/python3.12/site-packages/airflow/example_dags/example_complex.py
[2024-11-20T14:24:50.042+0000] {processor.py:925} INFO - DAG(s) 'example_complex' retrieved from /home/airflow/.local/lib/python3.12/site-packages/airflow/example_dags/example_complex.py
[2024-11-20T14:24:50.090+0000] {logging_mixin.py:190} INFO - [2024-11-20T14:24:50.090+0000] {dag.py:3239} INFO - Sync 1 DAGs
[2024-11-20T14:24:50.116+0000] {logging_mixin.py:190} INFO - [2024-11-20T14:24:50.116+0000] {dag.py:4180} INFO - Setting next_dagrun for example_complex to None, run_after=None
[2024-11-20T14:24:50.157+0000] {processor.py:208} INFO - Processing /home/airflow/.local/lib/python3.12/site-packages/airflow/example_dags/example_complex.py took 0.155 seconds
[2024-11-20T14:25:21.303+0000] {processor.py:186} INFO - Started process (PID=1212) to work on /home/airflow/.local/lib/python3.12/site-packages/airflow/example_dags/example_complex.py
[2024-11-20T14:25:21.305+0000] {processor.py:914} INFO - Processing file /home/airflow/.local/lib/python3.12/site-packages/airflow/example_dags/example_complex.py for tasks to queue
[2024-11-20T14:25:21.308+0000] {logging_mixin.py:190} INFO - [2024-11-20T14:25:21.308+0000] {dagbag.py:588} INFO - Filling up the DagBag from /home/airflow/.local/lib/python3.12/site-packages/airflow/example_dags/example_complex.py
[2024-11-20T14:25:21.326+0000] {processor.py:925} INFO - DAG(s) 'example_complex' retrieved from /home/airflow/.local/lib/python3.12/site-packages/airflow/example_dags/example_complex.py
[2024-11-20T14:25:21.381+0000] {logging_mixin.py:190} INFO - [2024-11-20T14:25:21.380+0000] {dag.py:3239} INFO - Sync 1 DAGs
[2024-11-20T14:25:21.403+0000] {logging_mixin.py:190} INFO - [2024-11-20T14:25:21.402+0000] {dag.py:4180} INFO - Setting next_dagrun for example_complex to None, run_after=None
[2024-11-20T14:25:21.433+0000] {processor.py:208} INFO - Processing /home/airflow/.local/lib/python3.12/site-packages/airflow/example_dags/example_complex.py took 0.139 seconds
[2024-11-20T14:25:53.190+0000] {processor.py:186} INFO - Started process (PID=1273) to work on /home/airflow/.local/lib/python3.12/site-packages/airflow/example_dags/example_complex.py
[2024-11-20T14:25:53.193+0000] {processor.py:914} INFO - Processing file /home/airflow/.local/lib/python3.12/site-packages/airflow/example_dags/example_complex.py for tasks to queue
[2024-11-20T14:25:53.198+0000] {logging_mixin.py:190} INFO - [2024-11-20T14:25:53.197+0000] {dagbag.py:588} INFO - Filling up the DagBag from /home/airflow/.local/lib/python3.12/site-packages/airflow/example_dags/example_complex.py
[2024-11-20T14:25:53.223+0000] {processor.py:925} INFO - DAG(s) 'example_complex' retrieved from /home/airflow/.local/lib/python3.12/site-packages/airflow/example_dags/example_complex.py
[2024-11-20T14:25:53.297+0000] {logging_mixin.py:190} INFO - [2024-11-20T14:25:53.296+0000] {dag.py:3239} INFO - Sync 1 DAGs
[2024-11-20T14:25:53.323+0000] {logging_mixin.py:190} INFO - [2024-11-20T14:25:53.322+0000] {dag.py:4180} INFO - Setting next_dagrun for example_complex to None, run_after=None
[2024-11-20T14:25:53.354+0000] {processor.py:208} INFO - Processing /home/airflow/.local/lib/python3.12/site-packages/airflow/example_dags/example_complex.py took 0.174 seconds
[2024-11-20T14:26:24.618+0000] {processor.py:186} INFO - Started process (PID=1333) to work on /home/airflow/.local/lib/python3.12/site-packages/airflow/example_dags/example_complex.py
[2024-11-20T14:26:24.619+0000] {processor.py:914} INFO - Processing file /home/airflow/.local/lib/python3.12/site-packages/airflow/example_dags/example_complex.py for tasks to queue
[2024-11-20T14:26:24.624+0000] {logging_mixin.py:190} INFO - [2024-11-20T14:26:24.624+0000] {dagbag.py:588} INFO - Filling up the DagBag from /home/airflow/.local/lib/python3.12/site-packages/airflow/example_dags/example_complex.py
[2024-11-20T14:26:24.653+0000] {processor.py:925} INFO - DAG(s) 'example_complex' retrieved from /home/airflow/.local/lib/python3.12/site-packages/airflow/example_dags/example_complex.py
[2024-11-20T14:26:24.706+0000] {logging_mixin.py:190} INFO - [2024-11-20T14:26:24.705+0000] {dag.py:3239} INFO - Sync 1 DAGs
[2024-11-20T14:26:24.729+0000] {logging_mixin.py:190} INFO - [2024-11-20T14:26:24.729+0000] {dag.py:4180} INFO - Setting next_dagrun for example_complex to None, run_after=None
[2024-11-20T14:26:24.764+0000] {processor.py:208} INFO - Processing /home/airflow/.local/lib/python3.12/site-packages/airflow/example_dags/example_complex.py took 0.158 seconds
[2024-11-20T14:26:56.122+0000] {processor.py:186} INFO - Started process (PID=1393) to work on /home/airflow/.local/lib/python3.12/site-packages/airflow/example_dags/example_complex.py
[2024-11-20T14:26:56.133+0000] {processor.py:914} INFO - Processing file /home/airflow/.local/lib/python3.12/site-packages/airflow/example_dags/example_complex.py for tasks to queue
[2024-11-20T14:26:56.136+0000] {logging_mixin.py:190} INFO - [2024-11-20T14:26:56.136+0000] {dagbag.py:588} INFO - Filling up the DagBag from /home/airflow/.local/lib/python3.12/site-packages/airflow/example_dags/example_complex.py
[2024-11-20T14:26:56.154+0000] {processor.py:925} INFO - DAG(s) 'example_complex' retrieved from /home/airflow/.local/lib/python3.12/site-packages/airflow/example_dags/example_complex.py
[2024-11-20T14:26:56.202+0000] {logging_mixin.py:190} INFO - [2024-11-20T14:26:56.201+0000] {dag.py:3239} INFO - Sync 1 DAGs
[2024-11-20T14:26:56.224+0000] {logging_mixin.py:190} INFO - [2024-11-20T14:26:56.224+0000] {dag.py:4180} INFO - Setting next_dagrun for example_complex to None, run_after=None
[2024-11-20T14:26:56.254+0000] {processor.py:208} INFO - Processing /home/airflow/.local/lib/python3.12/site-packages/airflow/example_dags/example_complex.py took 0.144 seconds
[2024-11-20T14:28:05.046+0000] {processor.py:186} INFO - Started process (PID=1419) to work on /home/airflow/.local/lib/python3.12/site-packages/airflow/example_dags/example_complex.py
[2024-11-20T14:28:05.072+0000] {processor.py:914} INFO - Processing file /home/airflow/.local/lib/python3.12/site-packages/airflow/example_dags/example_complex.py for tasks to queue
[2024-11-20T14:28:05.076+0000] {logging_mixin.py:190} INFO - [2024-11-20T14:28:05.076+0000] {dagbag.py:588} INFO - Filling up the DagBag from /home/airflow/.local/lib/python3.12/site-packages/airflow/example_dags/example_complex.py
[2024-11-20T14:28:05.095+0000] {processor.py:925} INFO - DAG(s) 'example_complex' retrieved from /home/airflow/.local/lib/python3.12/site-packages/airflow/example_dags/example_complex.py
[2024-11-20T14:28:05.146+0000] {logging_mixin.py:190} INFO - [2024-11-20T14:28:05.146+0000] {dag.py:3239} INFO - Sync 1 DAGs
[2024-11-20T14:28:05.168+0000] {logging_mixin.py:190} INFO - [2024-11-20T14:28:05.167+0000] {dag.py:4180} INFO - Setting next_dagrun for example_complex to None, run_after=None
[2024-11-20T14:28:05.277+0000] {processor.py:208} INFO - Processing /home/airflow/.local/lib/python3.12/site-packages/airflow/example_dags/example_complex.py took 0.242 seconds
[2024-11-20T14:28:35.848+0000] {processor.py:186} INFO - Started process (PID=1482) to work on /home/airflow/.local/lib/python3.12/site-packages/airflow/example_dags/example_complex.py
[2024-11-20T14:28:35.849+0000] {processor.py:914} INFO - Processing file /home/airflow/.local/lib/python3.12/site-packages/airflow/example_dags/example_complex.py for tasks to queue
[2024-11-20T14:28:35.854+0000] {logging_mixin.py:190} INFO - [2024-11-20T14:28:35.854+0000] {dagbag.py:588} INFO - Filling up the DagBag from /home/airflow/.local/lib/python3.12/site-packages/airflow/example_dags/example_complex.py
[2024-11-20T14:28:35.878+0000] {processor.py:925} INFO - DAG(s) 'example_complex' retrieved from /home/airflow/.local/lib/python3.12/site-packages/airflow/example_dags/example_complex.py
[2024-11-20T14:28:35.956+0000] {logging_mixin.py:190} INFO - [2024-11-20T14:28:35.955+0000] {dag.py:3239} INFO - Sync 1 DAGs
[2024-11-20T14:28:35.988+0000] {logging_mixin.py:190} INFO - [2024-11-20T14:28:35.988+0000] {dag.py:4180} INFO - Setting next_dagrun for example_complex to None, run_after=None
[2024-11-20T14:28:36.030+0000] {processor.py:208} INFO - Processing /home/airflow/.local/lib/python3.12/site-packages/airflow/example_dags/example_complex.py took 0.194 seconds
[2024-11-20T14:29:06.273+0000] {processor.py:186} INFO - Started process (PID=1545) to work on /home/airflow/.local/lib/python3.12/site-packages/airflow/example_dags/example_complex.py
[2024-11-20T14:29:06.275+0000] {processor.py:914} INFO - Processing file /home/airflow/.local/lib/python3.12/site-packages/airflow/example_dags/example_complex.py for tasks to queue
[2024-11-20T14:29:06.280+0000] {logging_mixin.py:190} INFO - [2024-11-20T14:29:06.280+0000] {dagbag.py:588} INFO - Filling up the DagBag from /home/airflow/.local/lib/python3.12/site-packages/airflow/example_dags/example_complex.py
[2024-11-20T14:29:06.309+0000] {processor.py:925} INFO - DAG(s) 'example_complex' retrieved from /home/airflow/.local/lib/python3.12/site-packages/airflow/example_dags/example_complex.py
[2024-11-20T14:29:06.377+0000] {logging_mixin.py:190} INFO - [2024-11-20T14:29:06.376+0000] {dag.py:3239} INFO - Sync 1 DAGs
[2024-11-20T14:29:06.410+0000] {logging_mixin.py:190} INFO - [2024-11-20T14:29:06.410+0000] {dag.py:4180} INFO - Setting next_dagrun for example_complex to None, run_after=None
[2024-11-20T14:29:06.447+0000] {processor.py:208} INFO - Processing /home/airflow/.local/lib/python3.12/site-packages/airflow/example_dags/example_complex.py took 0.187 seconds
[2024-11-20T14:29:36.609+0000] {processor.py:186} INFO - Started process (PID=1608) to work on /home/airflow/.local/lib/python3.12/site-packages/airflow/example_dags/example_complex.py
[2024-11-20T14:29:36.611+0000] {processor.py:914} INFO - Processing file /home/airflow/.local/lib/python3.12/site-packages/airflow/example_dags/example_complex.py for tasks to queue
[2024-11-20T14:29:36.616+0000] {logging_mixin.py:190} INFO - [2024-11-20T14:29:36.615+0000] {dagbag.py:588} INFO - Filling up the DagBag from /home/airflow/.local/lib/python3.12/site-packages/airflow/example_dags/example_complex.py
[2024-11-20T14:29:36.639+0000] {processor.py:925} INFO - DAG(s) 'example_complex' retrieved from /home/airflow/.local/lib/python3.12/site-packages/airflow/example_dags/example_complex.py
[2024-11-20T14:29:36.711+0000] {logging_mixin.py:190} INFO - [2024-11-20T14:29:36.710+0000] {dag.py:3239} INFO - Sync 1 DAGs
[2024-11-20T14:29:36.737+0000] {logging_mixin.py:190} INFO - [2024-11-20T14:29:36.737+0000] {dag.py:4180} INFO - Setting next_dagrun for example_complex to None, run_after=None
[2024-11-20T14:29:36.772+0000] {processor.py:208} INFO - Processing /home/airflow/.local/lib/python3.12/site-packages/airflow/example_dags/example_complex.py took 0.177 seconds
[2024-11-20T14:30:07.289+0000] {processor.py:186} INFO - Started process (PID=1670) to work on /home/airflow/.local/lib/python3.12/site-packages/airflow/example_dags/example_complex.py
[2024-11-20T14:30:07.291+0000] {processor.py:914} INFO - Processing file /home/airflow/.local/lib/python3.12/site-packages/airflow/example_dags/example_complex.py for tasks to queue
[2024-11-20T14:30:07.297+0000] {logging_mixin.py:190} INFO - [2024-11-20T14:30:07.296+0000] {dagbag.py:588} INFO - Filling up the DagBag from /home/airflow/.local/lib/python3.12/site-packages/airflow/example_dags/example_complex.py
[2024-11-20T14:30:07.327+0000] {processor.py:925} INFO - DAG(s) 'example_complex' retrieved from /home/airflow/.local/lib/python3.12/site-packages/airflow/example_dags/example_complex.py
[2024-11-20T14:30:07.426+0000] {logging_mixin.py:190} INFO - [2024-11-20T14:30:07.426+0000] {dag.py:3239} INFO - Sync 1 DAGs
[2024-11-20T14:30:07.475+0000] {logging_mixin.py:190} INFO - [2024-11-20T14:30:07.475+0000] {dag.py:4180} INFO - Setting next_dagrun for example_complex to None, run_after=None
[2024-11-20T14:30:07.520+0000] {processor.py:208} INFO - Processing /home/airflow/.local/lib/python3.12/site-packages/airflow/example_dags/example_complex.py took 0.249 seconds
[2024-11-20T14:30:38.344+0000] {processor.py:186} INFO - Started process (PID=1733) to work on /home/airflow/.local/lib/python3.12/site-packages/airflow/example_dags/example_complex.py
[2024-11-20T14:30:38.346+0000] {processor.py:914} INFO - Processing file /home/airflow/.local/lib/python3.12/site-packages/airflow/example_dags/example_complex.py for tasks to queue
[2024-11-20T14:30:38.355+0000] {logging_mixin.py:190} INFO - [2024-11-20T14:30:38.354+0000] {dagbag.py:588} INFO - Filling up the DagBag from /home/airflow/.local/lib/python3.12/site-packages/airflow/example_dags/example_complex.py
[2024-11-20T14:30:38.394+0000] {processor.py:925} INFO - DAG(s) 'example_complex' retrieved from /home/airflow/.local/lib/python3.12/site-packages/airflow/example_dags/example_complex.py
[2024-11-20T14:30:38.503+0000] {logging_mixin.py:190} INFO - [2024-11-20T14:30:38.502+0000] {dag.py:3239} INFO - Sync 1 DAGs
[2024-11-20T14:30:38.560+0000] {logging_mixin.py:190} INFO - [2024-11-20T14:30:38.559+0000] {dag.py:4180} INFO - Setting next_dagrun for example_complex to None, run_after=None
[2024-11-20T14:30:38.605+0000] {processor.py:208} INFO - Processing /home/airflow/.local/lib/python3.12/site-packages/airflow/example_dags/example_complex.py took 0.278 seconds
[2024-11-20T14:31:08.759+0000] {processor.py:186} INFO - Started process (PID=1796) to work on /home/airflow/.local/lib/python3.12/site-packages/airflow/example_dags/example_complex.py
[2024-11-20T14:31:08.763+0000] {processor.py:914} INFO - Processing file /home/airflow/.local/lib/python3.12/site-packages/airflow/example_dags/example_complex.py for tasks to queue
[2024-11-20T14:31:08.768+0000] {logging_mixin.py:190} INFO - [2024-11-20T14:31:08.767+0000] {dagbag.py:588} INFO - Filling up the DagBag from /home/airflow/.local/lib/python3.12/site-packages/airflow/example_dags/example_complex.py
[2024-11-20T14:31:08.790+0000] {processor.py:925} INFO - DAG(s) 'example_complex' retrieved from /home/airflow/.local/lib/python3.12/site-packages/airflow/example_dags/example_complex.py
[2024-11-20T14:31:08.867+0000] {logging_mixin.py:190} INFO - [2024-11-20T14:31:08.867+0000] {dag.py:3239} INFO - Sync 1 DAGs
[2024-11-20T14:31:08.901+0000] {logging_mixin.py:190} INFO - [2024-11-20T14:31:08.901+0000] {dag.py:4180} INFO - Setting next_dagrun for example_complex to None, run_after=None
[2024-11-20T14:31:08.939+0000] {processor.py:208} INFO - Processing /home/airflow/.local/lib/python3.12/site-packages/airflow/example_dags/example_complex.py took 0.193 seconds
[2024-11-20T14:31:39.234+0000] {processor.py:186} INFO - Started process (PID=1859) to work on /home/airflow/.local/lib/python3.12/site-packages/airflow/example_dags/example_complex.py
[2024-11-20T14:31:39.235+0000] {processor.py:914} INFO - Processing file /home/airflow/.local/lib/python3.12/site-packages/airflow/example_dags/example_complex.py for tasks to queue
[2024-11-20T14:31:39.240+0000] {logging_mixin.py:190} INFO - [2024-11-20T14:31:39.240+0000] {dagbag.py:588} INFO - Filling up the DagBag from /home/airflow/.local/lib/python3.12/site-packages/airflow/example_dags/example_complex.py
[2024-11-20T14:31:39.265+0000] {processor.py:925} INFO - DAG(s) 'example_complex' retrieved from /home/airflow/.local/lib/python3.12/site-packages/airflow/example_dags/example_complex.py
[2024-11-20T14:31:39.327+0000] {logging_mixin.py:190} INFO - [2024-11-20T14:31:39.326+0000] {dag.py:3239} INFO - Sync 1 DAGs
[2024-11-20T14:31:39.355+0000] {logging_mixin.py:190} INFO - [2024-11-20T14:31:39.355+0000] {dag.py:4180} INFO - Setting next_dagrun for example_complex to None, run_after=None
[2024-11-20T14:31:39.393+0000] {processor.py:208} INFO - Processing /home/airflow/.local/lib/python3.12/site-packages/airflow/example_dags/example_complex.py took 0.177 seconds
[2024-11-20T14:32:09.737+0000] {processor.py:186} INFO - Started process (PID=1922) to work on /home/airflow/.local/lib/python3.12/site-packages/airflow/example_dags/example_complex.py
[2024-11-20T14:32:09.739+0000] {processor.py:914} INFO - Processing file /home/airflow/.local/lib/python3.12/site-packages/airflow/example_dags/example_complex.py for tasks to queue
[2024-11-20T14:32:09.745+0000] {logging_mixin.py:190} INFO - [2024-11-20T14:32:09.744+0000] {dagbag.py:588} INFO - Filling up the DagBag from /home/airflow/.local/lib/python3.12/site-packages/airflow/example_dags/example_complex.py
[2024-11-20T14:32:09.777+0000] {processor.py:925} INFO - DAG(s) 'example_complex' retrieved from /home/airflow/.local/lib/python3.12/site-packages/airflow/example_dags/example_complex.py
[2024-11-20T14:32:09.848+0000] {logging_mixin.py:190} INFO - [2024-11-20T14:32:09.848+0000] {dag.py:3239} INFO - Sync 1 DAGs
[2024-11-20T14:32:09.873+0000] {logging_mixin.py:190} INFO - [2024-11-20T14:32:09.873+0000] {dag.py:4180} INFO - Setting next_dagrun for example_complex to None, run_after=None
[2024-11-20T14:32:09.899+0000] {processor.py:208} INFO - Processing /home/airflow/.local/lib/python3.12/site-packages/airflow/example_dags/example_complex.py took 0.178 seconds
[2024-11-20T14:32:40.054+0000] {processor.py:186} INFO - Started process (PID=1985) to work on /home/airflow/.local/lib/python3.12/site-packages/airflow/example_dags/example_complex.py
[2024-11-20T14:32:40.056+0000] {processor.py:914} INFO - Processing file /home/airflow/.local/lib/python3.12/site-packages/airflow/example_dags/example_complex.py for tasks to queue
[2024-11-20T14:32:40.061+0000] {logging_mixin.py:190} INFO - [2024-11-20T14:32:40.061+0000] {dagbag.py:588} INFO - Filling up the DagBag from /home/airflow/.local/lib/python3.12/site-packages/airflow/example_dags/example_complex.py
[2024-11-20T14:32:40.093+0000] {processor.py:925} INFO - DAG(s) 'example_complex' retrieved from /home/airflow/.local/lib/python3.12/site-packages/airflow/example_dags/example_complex.py
[2024-11-20T14:32:40.169+0000] {logging_mixin.py:190} INFO - [2024-11-20T14:32:40.169+0000] {dag.py:3239} INFO - Sync 1 DAGs
[2024-11-20T14:32:40.199+0000] {logging_mixin.py:190} INFO - [2024-11-20T14:32:40.199+0000] {dag.py:4180} INFO - Setting next_dagrun for example_complex to None, run_after=None
[2024-11-20T14:32:40.235+0000] {processor.py:208} INFO - Processing /home/airflow/.local/lib/python3.12/site-packages/airflow/example_dags/example_complex.py took 0.194 seconds
[2024-11-20T14:33:10.343+0000] {processor.py:186} INFO - Started process (PID=2048) to work on /home/airflow/.local/lib/python3.12/site-packages/airflow/example_dags/example_complex.py
[2024-11-20T14:33:10.345+0000] {processor.py:914} INFO - Processing file /home/airflow/.local/lib/python3.12/site-packages/airflow/example_dags/example_complex.py for tasks to queue
[2024-11-20T14:33:10.350+0000] {logging_mixin.py:190} INFO - [2024-11-20T14:33:10.349+0000] {dagbag.py:588} INFO - Filling up the DagBag from /home/airflow/.local/lib/python3.12/site-packages/airflow/example_dags/example_complex.py
[2024-11-20T14:33:10.379+0000] {processor.py:925} INFO - DAG(s) 'example_complex' retrieved from /home/airflow/.local/lib/python3.12/site-packages/airflow/example_dags/example_complex.py
[2024-11-20T14:33:10.455+0000] {logging_mixin.py:190} INFO - [2024-11-20T14:33:10.455+0000] {dag.py:3239} INFO - Sync 1 DAGs
[2024-11-20T14:33:10.484+0000] {logging_mixin.py:190} INFO - [2024-11-20T14:33:10.484+0000] {dag.py:4180} INFO - Setting next_dagrun for example_complex to None, run_after=None
[2024-11-20T14:33:10.510+0000] {processor.py:208} INFO - Processing /home/airflow/.local/lib/python3.12/site-packages/airflow/example_dags/example_complex.py took 0.181 seconds
[2024-11-20T14:33:41.049+0000] {processor.py:186} INFO - Started process (PID=2111) to work on /home/airflow/.local/lib/python3.12/site-packages/airflow/example_dags/example_complex.py
[2024-11-20T14:33:41.051+0000] {processor.py:914} INFO - Processing file /home/airflow/.local/lib/python3.12/site-packages/airflow/example_dags/example_complex.py for tasks to queue
[2024-11-20T14:33:41.056+0000] {logging_mixin.py:190} INFO - [2024-11-20T14:33:41.056+0000] {dagbag.py:588} INFO - Filling up the DagBag from /home/airflow/.local/lib/python3.12/site-packages/airflow/example_dags/example_complex.py
[2024-11-20T14:33:41.078+0000] {processor.py:925} INFO - DAG(s) 'example_complex' retrieved from /home/airflow/.local/lib/python3.12/site-packages/airflow/example_dags/example_complex.py
[2024-11-20T14:33:41.135+0000] {logging_mixin.py:190} INFO - [2024-11-20T14:33:41.135+0000] {dag.py:3239} INFO - Sync 1 DAGs
[2024-11-20T14:33:41.162+0000] {logging_mixin.py:190} INFO - [2024-11-20T14:33:41.162+0000] {dag.py:4180} INFO - Setting next_dagrun for example_complex to None, run_after=None
[2024-11-20T14:33:41.194+0000] {processor.py:208} INFO - Processing /home/airflow/.local/lib/python3.12/site-packages/airflow/example_dags/example_complex.py took 0.159 seconds
[2024-11-20T14:34:11.489+0000] {processor.py:186} INFO - Started process (PID=2174) to work on /home/airflow/.local/lib/python3.12/site-packages/airflow/example_dags/example_complex.py
[2024-11-20T14:34:11.490+0000] {processor.py:914} INFO - Processing file /home/airflow/.local/lib/python3.12/site-packages/airflow/example_dags/example_complex.py for tasks to queue
[2024-11-20T14:34:11.495+0000] {logging_mixin.py:190} INFO - [2024-11-20T14:34:11.494+0000] {dagbag.py:588} INFO - Filling up the DagBag from /home/airflow/.local/lib/python3.12/site-packages/airflow/example_dags/example_complex.py
[2024-11-20T14:34:11.521+0000] {processor.py:925} INFO - DAG(s) 'example_complex' retrieved from /home/airflow/.local/lib/python3.12/site-packages/airflow/example_dags/example_complex.py
[2024-11-20T14:34:11.584+0000] {logging_mixin.py:190} INFO - [2024-11-20T14:34:11.583+0000] {dag.py:3239} INFO - Sync 1 DAGs
[2024-11-20T14:34:11.613+0000] {logging_mixin.py:190} INFO - [2024-11-20T14:34:11.613+0000] {dag.py:4180} INFO - Setting next_dagrun for example_complex to None, run_after=None
[2024-11-20T14:34:11.665+0000] {processor.py:208} INFO - Processing /home/airflow/.local/lib/python3.12/site-packages/airflow/example_dags/example_complex.py took 0.185 seconds
[2024-11-20T14:34:41.944+0000] {processor.py:186} INFO - Started process (PID=2237) to work on /home/airflow/.local/lib/python3.12/site-packages/airflow/example_dags/example_complex.py
[2024-11-20T14:34:41.946+0000] {processor.py:914} INFO - Processing file /home/airflow/.local/lib/python3.12/site-packages/airflow/example_dags/example_complex.py for tasks to queue
[2024-11-20T14:34:41.950+0000] {logging_mixin.py:190} INFO - [2024-11-20T14:34:41.949+0000] {dagbag.py:588} INFO - Filling up the DagBag from /home/airflow/.local/lib/python3.12/site-packages/airflow/example_dags/example_complex.py
[2024-11-20T14:34:41.968+0000] {processor.py:925} INFO - DAG(s) 'example_complex' retrieved from /home/airflow/.local/lib/python3.12/site-packages/airflow/example_dags/example_complex.py
[2024-11-20T14:34:42.017+0000] {logging_mixin.py:190} INFO - [2024-11-20T14:34:42.016+0000] {dag.py:3239} INFO - Sync 1 DAGs
[2024-11-20T14:34:42.041+0000] {logging_mixin.py:190} INFO - [2024-11-20T14:34:42.041+0000] {dag.py:4180} INFO - Setting next_dagrun for example_complex to None, run_after=None
[2024-11-20T14:34:42.071+0000] {processor.py:208} INFO - Processing /home/airflow/.local/lib/python3.12/site-packages/airflow/example_dags/example_complex.py took 0.137 seconds
[2024-11-20T14:35:12.845+0000] {processor.py:186} INFO - Started process (PID=2300) to work on /home/airflow/.local/lib/python3.12/site-packages/airflow/example_dags/example_complex.py
[2024-11-20T14:35:12.847+0000] {processor.py:914} INFO - Processing file /home/airflow/.local/lib/python3.12/site-packages/airflow/example_dags/example_complex.py for tasks to queue
[2024-11-20T14:35:12.852+0000] {logging_mixin.py:190} INFO - [2024-11-20T14:35:12.851+0000] {dagbag.py:588} INFO - Filling up the DagBag from /home/airflow/.local/lib/python3.12/site-packages/airflow/example_dags/example_complex.py
[2024-11-20T14:35:12.881+0000] {processor.py:925} INFO - DAG(s) 'example_complex' retrieved from /home/airflow/.local/lib/python3.12/site-packages/airflow/example_dags/example_complex.py
[2024-11-20T14:35:12.954+0000] {logging_mixin.py:190} INFO - [2024-11-20T14:35:12.954+0000] {dag.py:3239} INFO - Sync 1 DAGs
[2024-11-20T14:35:12.984+0000] {logging_mixin.py:190} INFO - [2024-11-20T14:35:12.983+0000] {dag.py:4180} INFO - Setting next_dagrun for example_complex to None, run_after=None
[2024-11-20T14:35:13.016+0000] {processor.py:208} INFO - Processing /home/airflow/.local/lib/python3.12/site-packages/airflow/example_dags/example_complex.py took 0.185 seconds
[2024-11-20T14:35:43.773+0000] {processor.py:186} INFO - Started process (PID=2369) to work on /home/airflow/.local/lib/python3.12/site-packages/airflow/example_dags/example_complex.py
[2024-11-20T14:35:43.776+0000] {processor.py:914} INFO - Processing file /home/airflow/.local/lib/python3.12/site-packages/airflow/example_dags/example_complex.py for tasks to queue
[2024-11-20T14:35:43.781+0000] {logging_mixin.py:190} INFO - [2024-11-20T14:35:43.781+0000] {dagbag.py:588} INFO - Filling up the DagBag from /home/airflow/.local/lib/python3.12/site-packages/airflow/example_dags/example_complex.py
[2024-11-20T14:35:43.806+0000] {processor.py:925} INFO - DAG(s) 'example_complex' retrieved from /home/airflow/.local/lib/python3.12/site-packages/airflow/example_dags/example_complex.py
[2024-11-20T14:35:43.876+0000] {logging_mixin.py:190} INFO - [2024-11-20T14:35:43.876+0000] {dag.py:3239} INFO - Sync 1 DAGs
[2024-11-20T14:35:43.908+0000] {logging_mixin.py:190} INFO - [2024-11-20T14:35:43.907+0000] {dag.py:4180} INFO - Setting next_dagrun for example_complex to None, run_after=None
[2024-11-20T14:35:43.941+0000] {processor.py:208} INFO - Processing /home/airflow/.local/lib/python3.12/site-packages/airflow/example_dags/example_complex.py took 0.181 seconds
[2024-11-20T14:36:14.636+0000] {processor.py:186} INFO - Started process (PID=2432) to work on /home/airflow/.local/lib/python3.12/site-packages/airflow/example_dags/example_complex.py
[2024-11-20T14:36:14.637+0000] {processor.py:914} INFO - Processing file /home/airflow/.local/lib/python3.12/site-packages/airflow/example_dags/example_complex.py for tasks to queue
[2024-11-20T14:36:14.643+0000] {logging_mixin.py:190} INFO - [2024-11-20T14:36:14.642+0000] {dagbag.py:588} INFO - Filling up the DagBag from /home/airflow/.local/lib/python3.12/site-packages/airflow/example_dags/example_complex.py
[2024-11-20T14:36:14.677+0000] {processor.py:925} INFO - DAG(s) 'example_complex' retrieved from /home/airflow/.local/lib/python3.12/site-packages/airflow/example_dags/example_complex.py
[2024-11-20T14:36:14.750+0000] {logging_mixin.py:190} INFO - [2024-11-20T14:36:14.750+0000] {dag.py:3239} INFO - Sync 1 DAGs
[2024-11-20T14:36:14.775+0000] {logging_mixin.py:190} INFO - [2024-11-20T14:36:14.774+0000] {dag.py:4180} INFO - Setting next_dagrun for example_complex to None, run_after=None
[2024-11-20T14:36:14.812+0000] {processor.py:208} INFO - Processing /home/airflow/.local/lib/python3.12/site-packages/airflow/example_dags/example_complex.py took 0.190 seconds
[2024-11-20T14:36:46.424+0000] {processor.py:186} INFO - Started process (PID=2495) to work on /home/airflow/.local/lib/python3.12/site-packages/airflow/example_dags/example_complex.py
[2024-11-20T14:36:46.427+0000] {processor.py:914} INFO - Processing file /home/airflow/.local/lib/python3.12/site-packages/airflow/example_dags/example_complex.py for tasks to queue
[2024-11-20T14:36:46.440+0000] {logging_mixin.py:190} INFO - [2024-11-20T14:36:46.439+0000] {dagbag.py:588} INFO - Filling up the DagBag from /home/airflow/.local/lib/python3.12/site-packages/airflow/example_dags/example_complex.py
[2024-11-20T14:36:46.516+0000] {processor.py:925} INFO - DAG(s) 'example_complex' retrieved from /home/airflow/.local/lib/python3.12/site-packages/airflow/example_dags/example_complex.py
[2024-11-20T14:36:46.718+0000] {logging_mixin.py:190} INFO - [2024-11-20T14:36:46.718+0000] {dag.py:3239} INFO - Sync 1 DAGs
[2024-11-20T14:36:46.766+0000] {logging_mixin.py:190} INFO - [2024-11-20T14:36:46.765+0000] {dag.py:4180} INFO - Setting next_dagrun for example_complex to None, run_after=None
[2024-11-20T14:36:46.854+0000] {processor.py:208} INFO - Processing /home/airflow/.local/lib/python3.12/site-packages/airflow/example_dags/example_complex.py took 0.469 seconds
[2024-11-20T14:37:17.515+0000] {processor.py:186} INFO - Started process (PID=2556) to work on /home/airflow/.local/lib/python3.12/site-packages/airflow/example_dags/example_complex.py
[2024-11-20T14:37:17.517+0000] {processor.py:914} INFO - Processing file /home/airflow/.local/lib/python3.12/site-packages/airflow/example_dags/example_complex.py for tasks to queue
[2024-11-20T14:37:17.524+0000] {logging_mixin.py:190} INFO - [2024-11-20T14:37:17.523+0000] {dagbag.py:588} INFO - Filling up the DagBag from /home/airflow/.local/lib/python3.12/site-packages/airflow/example_dags/example_complex.py
[2024-11-20T14:37:17.549+0000] {processor.py:925} INFO - DAG(s) 'example_complex' retrieved from /home/airflow/.local/lib/python3.12/site-packages/airflow/example_dags/example_complex.py
[2024-11-20T14:37:17.615+0000] {logging_mixin.py:190} INFO - [2024-11-20T14:37:17.615+0000] {dag.py:3239} INFO - Sync 1 DAGs
[2024-11-20T14:37:17.646+0000] {logging_mixin.py:190} INFO - [2024-11-20T14:37:17.646+0000] {dag.py:4180} INFO - Setting next_dagrun for example_complex to None, run_after=None
[2024-11-20T14:37:17.694+0000] {processor.py:208} INFO - Processing /home/airflow/.local/lib/python3.12/site-packages/airflow/example_dags/example_complex.py took 0.197 seconds
[2024-11-20T14:37:47.895+0000] {processor.py:186} INFO - Started process (PID=2618) to work on /home/airflow/.local/lib/python3.12/site-packages/airflow/example_dags/example_complex.py
[2024-11-20T14:37:47.896+0000] {processor.py:914} INFO - Processing file /home/airflow/.local/lib/python3.12/site-packages/airflow/example_dags/example_complex.py for tasks to queue
[2024-11-20T14:37:47.900+0000] {logging_mixin.py:190} INFO - [2024-11-20T14:37:47.899+0000] {dagbag.py:588} INFO - Filling up the DagBag from /home/airflow/.local/lib/python3.12/site-packages/airflow/example_dags/example_complex.py
[2024-11-20T14:37:47.918+0000] {processor.py:925} INFO - DAG(s) 'example_complex' retrieved from /home/airflow/.local/lib/python3.12/site-packages/airflow/example_dags/example_complex.py
[2024-11-20T14:37:47.972+0000] {logging_mixin.py:190} INFO - [2024-11-20T14:37:47.970+0000] {dag.py:3239} INFO - Sync 1 DAGs
[2024-11-20T14:37:48.016+0000] {logging_mixin.py:190} INFO - [2024-11-20T14:37:48.016+0000] {dag.py:4180} INFO - Setting next_dagrun for example_complex to None, run_after=None
[2024-11-20T14:37:48.057+0000] {processor.py:208} INFO - Processing /home/airflow/.local/lib/python3.12/site-packages/airflow/example_dags/example_complex.py took 0.171 seconds
