[2024-11-20T14:16:16.545+0000] {processor.py:186} INFO - Started process (PID=100) to work on /home/airflow/.local/lib/python3.12/site-packages/airflow/example_dags/example_latest_only_with_trigger.py
[2024-11-20T14:16:16.546+0000] {processor.py:914} INFO - Processing file /home/airflow/.local/lib/python3.12/site-packages/airflow/example_dags/example_latest_only_with_trigger.py for tasks to queue
[2024-11-20T14:16:16.550+0000] {logging_mixin.py:190} INFO - [2024-11-20T14:16:16.549+0000] {dagbag.py:588} INFO - Filling up the DagBag from /home/airflow/.local/lib/python3.12/site-packages/airflow/example_dags/example_latest_only_with_trigger.py
[2024-11-20T14:16:16.563+0000] {processor.py:925} INFO - DAG(s) 'latest_only_with_trigger' retrieved from /home/airflow/.local/lib/python3.12/site-packages/airflow/example_dags/example_latest_only_with_trigger.py
[2024-11-20T14:16:16.773+0000] {logging_mixin.py:190} INFO - [2024-11-20T14:16:16.772+0000] {override.py:1911} INFO - Created Permission View: can delete on DAG:latest_only_with_trigger
[2024-11-20T14:16:16.796+0000] {logging_mixin.py:190} INFO - [2024-11-20T14:16:16.795+0000] {override.py:1911} INFO - Created Permission View: can read on DAG:latest_only_with_trigger
[2024-11-20T14:16:16.814+0000] {logging_mixin.py:190} INFO - [2024-11-20T14:16:16.814+0000] {override.py:1911} INFO - Created Permission View: can edit on DAG:latest_only_with_trigger
[2024-11-20T14:16:16.835+0000] {logging_mixin.py:190} INFO - [2024-11-20T14:16:16.834+0000] {override.py:1911} INFO - Created Permission View: can delete on DAG Run:latest_only_with_trigger
[2024-11-20T14:16:16.854+0000] {logging_mixin.py:190} INFO - [2024-11-20T14:16:16.854+0000] {override.py:1911} INFO - Created Permission View: menu access on DAG Run:latest_only_with_trigger
[2024-11-20T14:16:16.870+0000] {logging_mixin.py:190} INFO - [2024-11-20T14:16:16.870+0000] {override.py:1911} INFO - Created Permission View: can read on DAG Run:latest_only_with_trigger
[2024-11-20T14:16:16.880+0000] {logging_mixin.py:190} INFO - [2024-11-20T14:16:16.880+0000] {override.py:1911} INFO - Created Permission View: can create on DAG Run:latest_only_with_trigger
[2024-11-20T14:16:16.881+0000] {logging_mixin.py:190} INFO - [2024-11-20T14:16:16.880+0000] {dag.py:3239} INFO - Sync 1 DAGs
[2024-11-20T14:16:16.899+0000] {logging_mixin.py:190} INFO - [2024-11-20T14:16:16.899+0000] {dag.py:3262} INFO - Creating ORM DAG for latest_only_with_trigger
[2024-11-20T14:16:16.915+0000] {logging_mixin.py:190} INFO - [2024-11-20T14:16:16.915+0000] {dag.py:4180} INFO - Setting next_dagrun for latest_only_with_trigger to 2024-11-20 08:00:00+00:00, run_after=2024-11-20 12:00:00+00:00
[2024-11-20T14:16:16.938+0000] {processor.py:208} INFO - Processing /home/airflow/.local/lib/python3.12/site-packages/airflow/example_dags/example_latest_only_with_trigger.py took 0.404 seconds
[2024-11-20T14:16:47.863+0000] {processor.py:186} INFO - Started process (PID=163) to work on /home/airflow/.local/lib/python3.12/site-packages/airflow/example_dags/example_latest_only_with_trigger.py
[2024-11-20T14:16:47.864+0000] {processor.py:914} INFO - Processing file /home/airflow/.local/lib/python3.12/site-packages/airflow/example_dags/example_latest_only_with_trigger.py for tasks to queue
[2024-11-20T14:16:47.869+0000] {logging_mixin.py:190} INFO - [2024-11-20T14:16:47.868+0000] {dagbag.py:588} INFO - Filling up the DagBag from /home/airflow/.local/lib/python3.12/site-packages/airflow/example_dags/example_latest_only_with_trigger.py
[2024-11-20T14:16:47.882+0000] {processor.py:925} INFO - DAG(s) 'latest_only_with_trigger' retrieved from /home/airflow/.local/lib/python3.12/site-packages/airflow/example_dags/example_latest_only_with_trigger.py
[2024-11-20T14:16:47.919+0000] {logging_mixin.py:190} INFO - [2024-11-20T14:16:47.919+0000] {dag.py:3239} INFO - Sync 1 DAGs
[2024-11-20T14:16:47.960+0000] {logging_mixin.py:190} INFO - [2024-11-20T14:16:47.960+0000] {dag.py:4180} INFO - Setting next_dagrun for latest_only_with_trigger to 2024-11-20 08:00:00+00:00, run_after=2024-11-20 12:00:00+00:00
[2024-11-20T14:16:48.032+0000] {processor.py:208} INFO - Processing /home/airflow/.local/lib/python3.12/site-packages/airflow/example_dags/example_latest_only_with_trigger.py took 0.179 seconds
[2024-11-20T14:17:18.146+0000] {processor.py:186} INFO - Started process (PID=225) to work on /home/airflow/.local/lib/python3.12/site-packages/airflow/example_dags/example_latest_only_with_trigger.py
[2024-11-20T14:17:18.148+0000] {processor.py:914} INFO - Processing file /home/airflow/.local/lib/python3.12/site-packages/airflow/example_dags/example_latest_only_with_trigger.py for tasks to queue
[2024-11-20T14:17:18.152+0000] {logging_mixin.py:190} INFO - [2024-11-20T14:17:18.152+0000] {dagbag.py:588} INFO - Filling up the DagBag from /home/airflow/.local/lib/python3.12/site-packages/airflow/example_dags/example_latest_only_with_trigger.py
[2024-11-20T14:17:18.169+0000] {processor.py:925} INFO - DAG(s) 'latest_only_with_trigger' retrieved from /home/airflow/.local/lib/python3.12/site-packages/airflow/example_dags/example_latest_only_with_trigger.py
[2024-11-20T14:17:18.218+0000] {logging_mixin.py:190} INFO - [2024-11-20T14:17:18.217+0000] {dag.py:3239} INFO - Sync 1 DAGs
[2024-11-20T14:17:18.270+0000] {logging_mixin.py:190} INFO - [2024-11-20T14:17:18.270+0000] {dag.py:4180} INFO - Setting next_dagrun for latest_only_with_trigger to 2024-11-20 08:00:00+00:00, run_after=2024-11-20 12:00:00+00:00
[2024-11-20T14:17:18.315+0000] {processor.py:208} INFO - Processing /home/airflow/.local/lib/python3.12/site-packages/airflow/example_dags/example_latest_only_with_trigger.py took 0.182 seconds
[2024-11-20T14:17:48.401+0000] {processor.py:186} INFO - Started process (PID=287) to work on /home/airflow/.local/lib/python3.12/site-packages/airflow/example_dags/example_latest_only_with_trigger.py
[2024-11-20T14:17:48.403+0000] {processor.py:914} INFO - Processing file /home/airflow/.local/lib/python3.12/site-packages/airflow/example_dags/example_latest_only_with_trigger.py for tasks to queue
[2024-11-20T14:17:48.408+0000] {logging_mixin.py:190} INFO - [2024-11-20T14:17:48.407+0000] {dagbag.py:588} INFO - Filling up the DagBag from /home/airflow/.local/lib/python3.12/site-packages/airflow/example_dags/example_latest_only_with_trigger.py
[2024-11-20T14:17:48.422+0000] {processor.py:925} INFO - DAG(s) 'latest_only_with_trigger' retrieved from /home/airflow/.local/lib/python3.12/site-packages/airflow/example_dags/example_latest_only_with_trigger.py
[2024-11-20T14:17:48.454+0000] {logging_mixin.py:190} INFO - [2024-11-20T14:17:48.454+0000] {dag.py:3239} INFO - Sync 1 DAGs
[2024-11-20T14:17:48.496+0000] {logging_mixin.py:190} INFO - [2024-11-20T14:17:48.496+0000] {dag.py:4180} INFO - Setting next_dagrun for latest_only_with_trigger to 2024-11-20 08:00:00+00:00, run_after=2024-11-20 12:00:00+00:00
[2024-11-20T14:17:48.531+0000] {processor.py:208} INFO - Processing /home/airflow/.local/lib/python3.12/site-packages/airflow/example_dags/example_latest_only_with_trigger.py took 0.142 seconds
[2024-11-20T14:18:19.893+0000] {processor.py:186} INFO - Started process (PID=350) to work on /home/airflow/.local/lib/python3.12/site-packages/airflow/example_dags/example_latest_only_with_trigger.py
[2024-11-20T14:18:19.902+0000] {processor.py:914} INFO - Processing file /home/airflow/.local/lib/python3.12/site-packages/airflow/example_dags/example_latest_only_with_trigger.py for tasks to queue
[2024-11-20T14:18:19.907+0000] {logging_mixin.py:190} INFO - [2024-11-20T14:18:19.906+0000] {dagbag.py:588} INFO - Filling up the DagBag from /home/airflow/.local/lib/python3.12/site-packages/airflow/example_dags/example_latest_only_with_trigger.py
[2024-11-20T14:18:19.922+0000] {processor.py:925} INFO - DAG(s) 'latest_only_with_trigger' retrieved from /home/airflow/.local/lib/python3.12/site-packages/airflow/example_dags/example_latest_only_with_trigger.py
[2024-11-20T14:18:19.979+0000] {logging_mixin.py:190} INFO - [2024-11-20T14:18:19.978+0000] {dag.py:3239} INFO - Sync 1 DAGs
[2024-11-20T14:18:20.032+0000] {logging_mixin.py:190} INFO - [2024-11-20T14:18:20.032+0000] {dag.py:4180} INFO - Setting next_dagrun for latest_only_with_trigger to 2024-11-20 08:00:00+00:00, run_after=2024-11-20 12:00:00+00:00
[2024-11-20T14:18:20.068+0000] {processor.py:208} INFO - Processing /home/airflow/.local/lib/python3.12/site-packages/airflow/example_dags/example_latest_only_with_trigger.py took 0.187 seconds
[2024-11-20T14:18:54.749+0000] {processor.py:186} INFO - Started process (PID=415) to work on /home/airflow/.local/lib/python3.12/site-packages/airflow/example_dags/example_latest_only_with_trigger.py
[2024-11-20T14:18:54.751+0000] {processor.py:914} INFO - Processing file /home/airflow/.local/lib/python3.12/site-packages/airflow/example_dags/example_latest_only_with_trigger.py for tasks to queue
[2024-11-20T14:18:54.756+0000] {logging_mixin.py:190} INFO - [2024-11-20T14:18:54.755+0000] {dagbag.py:588} INFO - Filling up the DagBag from /home/airflow/.local/lib/python3.12/site-packages/airflow/example_dags/example_latest_only_with_trigger.py
[2024-11-20T14:18:54.773+0000] {processor.py:925} INFO - DAG(s) 'latest_only_with_trigger' retrieved from /home/airflow/.local/lib/python3.12/site-packages/airflow/example_dags/example_latest_only_with_trigger.py
[2024-11-20T14:18:54.817+0000] {logging_mixin.py:190} INFO - [2024-11-20T14:18:54.816+0000] {dag.py:3239} INFO - Sync 1 DAGs
[2024-11-20T14:18:54.873+0000] {logging_mixin.py:190} INFO - [2024-11-20T14:18:54.873+0000] {dag.py:4180} INFO - Setting next_dagrun for latest_only_with_trigger to 2024-11-20 08:00:00+00:00, run_after=2024-11-20 12:00:00+00:00
[2024-11-20T14:18:54.907+0000] {processor.py:208} INFO - Processing /home/airflow/.local/lib/python3.12/site-packages/airflow/example_dags/example_latest_only_with_trigger.py took 0.169 seconds
[2024-11-20T14:19:26.930+0000] {processor.py:186} INFO - Started process (PID=477) to work on /home/airflow/.local/lib/python3.12/site-packages/airflow/example_dags/example_latest_only_with_trigger.py
[2024-11-20T14:19:26.932+0000] {processor.py:914} INFO - Processing file /home/airflow/.local/lib/python3.12/site-packages/airflow/example_dags/example_latest_only_with_trigger.py for tasks to queue
[2024-11-20T14:19:26.935+0000] {logging_mixin.py:190} INFO - [2024-11-20T14:19:26.934+0000] {dagbag.py:588} INFO - Filling up the DagBag from /home/airflow/.local/lib/python3.12/site-packages/airflow/example_dags/example_latest_only_with_trigger.py
[2024-11-20T14:19:26.948+0000] {processor.py:925} INFO - DAG(s) 'latest_only_with_trigger' retrieved from /home/airflow/.local/lib/python3.12/site-packages/airflow/example_dags/example_latest_only_with_trigger.py
[2024-11-20T14:19:26.978+0000] {logging_mixin.py:190} INFO - [2024-11-20T14:19:26.978+0000] {dag.py:3239} INFO - Sync 1 DAGs
[2024-11-20T14:19:27.023+0000] {logging_mixin.py:190} INFO - [2024-11-20T14:19:27.023+0000] {dag.py:4180} INFO - Setting next_dagrun for latest_only_with_trigger to 2024-11-20 08:00:00+00:00, run_after=2024-11-20 12:00:00+00:00
[2024-11-20T14:19:27.051+0000] {processor.py:208} INFO - Processing /home/airflow/.local/lib/python3.12/site-packages/airflow/example_dags/example_latest_only_with_trigger.py took 0.130 seconds
[2024-11-20T14:19:59.486+0000] {processor.py:186} INFO - Started process (PID=540) to work on /home/airflow/.local/lib/python3.12/site-packages/airflow/example_dags/example_latest_only_with_trigger.py
[2024-11-20T14:19:59.488+0000] {processor.py:914} INFO - Processing file /home/airflow/.local/lib/python3.12/site-packages/airflow/example_dags/example_latest_only_with_trigger.py for tasks to queue
[2024-11-20T14:19:59.493+0000] {logging_mixin.py:190} INFO - [2024-11-20T14:19:59.492+0000] {dagbag.py:588} INFO - Filling up the DagBag from /home/airflow/.local/lib/python3.12/site-packages/airflow/example_dags/example_latest_only_with_trigger.py
[2024-11-20T14:19:59.511+0000] {processor.py:925} INFO - DAG(s) 'latest_only_with_trigger' retrieved from /home/airflow/.local/lib/python3.12/site-packages/airflow/example_dags/example_latest_only_with_trigger.py
[2024-11-20T14:19:59.578+0000] {logging_mixin.py:190} INFO - [2024-11-20T14:19:59.577+0000] {dag.py:3239} INFO - Sync 1 DAGs
[2024-11-20T14:19:59.674+0000] {logging_mixin.py:190} INFO - [2024-11-20T14:19:59.673+0000] {dag.py:4180} INFO - Setting next_dagrun for latest_only_with_trigger to 2024-11-20 08:00:00+00:00, run_after=2024-11-20 12:00:00+00:00
[2024-11-20T14:19:59.720+0000] {processor.py:208} INFO - Processing /home/airflow/.local/lib/python3.12/site-packages/airflow/example_dags/example_latest_only_with_trigger.py took 0.247 seconds
[2024-11-20T14:20:30.745+0000] {processor.py:186} INFO - Started process (PID=603) to work on /home/airflow/.local/lib/python3.12/site-packages/airflow/example_dags/example_latest_only_with_trigger.py
[2024-11-20T14:20:30.747+0000] {processor.py:914} INFO - Processing file /home/airflow/.local/lib/python3.12/site-packages/airflow/example_dags/example_latest_only_with_trigger.py for tasks to queue
[2024-11-20T14:20:30.751+0000] {logging_mixin.py:190} INFO - [2024-11-20T14:20:30.751+0000] {dagbag.py:588} INFO - Filling up the DagBag from /home/airflow/.local/lib/python3.12/site-packages/airflow/example_dags/example_latest_only_with_trigger.py
[2024-11-20T14:20:30.766+0000] {processor.py:925} INFO - DAG(s) 'latest_only_with_trigger' retrieved from /home/airflow/.local/lib/python3.12/site-packages/airflow/example_dags/example_latest_only_with_trigger.py
[2024-11-20T14:20:30.806+0000] {logging_mixin.py:190} INFO - [2024-11-20T14:20:30.805+0000] {dag.py:3239} INFO - Sync 1 DAGs
[2024-11-20T14:20:30.854+0000] {logging_mixin.py:190} INFO - [2024-11-20T14:20:30.853+0000] {dag.py:4180} INFO - Setting next_dagrun for latest_only_with_trigger to 2024-11-20 08:00:00+00:00, run_after=2024-11-20 12:00:00+00:00
[2024-11-20T14:20:30.892+0000] {processor.py:208} INFO - Processing /home/airflow/.local/lib/python3.12/site-packages/airflow/example_dags/example_latest_only_with_trigger.py took 0.159 seconds
[2024-11-20T14:21:02.271+0000] {processor.py:186} INFO - Started process (PID=666) to work on /home/airflow/.local/lib/python3.12/site-packages/airflow/example_dags/example_latest_only_with_trigger.py
[2024-11-20T14:21:02.273+0000] {processor.py:914} INFO - Processing file /home/airflow/.local/lib/python3.12/site-packages/airflow/example_dags/example_latest_only_with_trigger.py for tasks to queue
[2024-11-20T14:21:02.277+0000] {logging_mixin.py:190} INFO - [2024-11-20T14:21:02.276+0000] {dagbag.py:588} INFO - Filling up the DagBag from /home/airflow/.local/lib/python3.12/site-packages/airflow/example_dags/example_latest_only_with_trigger.py
[2024-11-20T14:21:02.287+0000] {processor.py:925} INFO - DAG(s) 'latest_only_with_trigger' retrieved from /home/airflow/.local/lib/python3.12/site-packages/airflow/example_dags/example_latest_only_with_trigger.py
[2024-11-20T14:21:02.325+0000] {logging_mixin.py:190} INFO - [2024-11-20T14:21:02.325+0000] {dag.py:3239} INFO - Sync 1 DAGs
[2024-11-20T14:21:02.368+0000] {logging_mixin.py:190} INFO - [2024-11-20T14:21:02.367+0000] {dag.py:4180} INFO - Setting next_dagrun for latest_only_with_trigger to 2024-11-20 08:00:00+00:00, run_after=2024-11-20 12:00:00+00:00
[2024-11-20T14:21:02.398+0000] {processor.py:208} INFO - Processing /home/airflow/.local/lib/python3.12/site-packages/airflow/example_dags/example_latest_only_with_trigger.py took 0.135 seconds
[2024-11-20T14:21:33.577+0000] {processor.py:186} INFO - Started process (PID=729) to work on /home/airflow/.local/lib/python3.12/site-packages/airflow/example_dags/example_latest_only_with_trigger.py
[2024-11-20T14:21:33.578+0000] {processor.py:914} INFO - Processing file /home/airflow/.local/lib/python3.12/site-packages/airflow/example_dags/example_latest_only_with_trigger.py for tasks to queue
[2024-11-20T14:21:33.582+0000] {logging_mixin.py:190} INFO - [2024-11-20T14:21:33.581+0000] {dagbag.py:588} INFO - Filling up the DagBag from /home/airflow/.local/lib/python3.12/site-packages/airflow/example_dags/example_latest_only_with_trigger.py
[2024-11-20T14:21:33.592+0000] {processor.py:925} INFO - DAG(s) 'latest_only_with_trigger' retrieved from /home/airflow/.local/lib/python3.12/site-packages/airflow/example_dags/example_latest_only_with_trigger.py
[2024-11-20T14:21:33.645+0000] {logging_mixin.py:190} INFO - [2024-11-20T14:21:33.645+0000] {dag.py:3239} INFO - Sync 1 DAGs
[2024-11-20T14:21:33.700+0000] {logging_mixin.py:190} INFO - [2024-11-20T14:21:33.699+0000] {dag.py:4180} INFO - Setting next_dagrun for latest_only_with_trigger to 2024-11-20 08:00:00+00:00, run_after=2024-11-20 12:00:00+00:00
[2024-11-20T14:21:33.739+0000] {processor.py:208} INFO - Processing /home/airflow/.local/lib/python3.12/site-packages/airflow/example_dags/example_latest_only_with_trigger.py took 0.171 seconds
[2024-11-20T14:22:05.950+0000] {processor.py:186} INFO - Started process (PID=792) to work on /home/airflow/.local/lib/python3.12/site-packages/airflow/example_dags/example_latest_only_with_trigger.py
[2024-11-20T14:22:05.952+0000] {processor.py:914} INFO - Processing file /home/airflow/.local/lib/python3.12/site-packages/airflow/example_dags/example_latest_only_with_trigger.py for tasks to queue
[2024-11-20T14:22:05.957+0000] {logging_mixin.py:190} INFO - [2024-11-20T14:22:05.957+0000] {dagbag.py:588} INFO - Filling up the DagBag from /home/airflow/.local/lib/python3.12/site-packages/airflow/example_dags/example_latest_only_with_trigger.py
[2024-11-20T14:22:05.974+0000] {processor.py:925} INFO - DAG(s) 'latest_only_with_trigger' retrieved from /home/airflow/.local/lib/python3.12/site-packages/airflow/example_dags/example_latest_only_with_trigger.py
[2024-11-20T14:22:06.012+0000] {logging_mixin.py:190} INFO - [2024-11-20T14:22:06.012+0000] {dag.py:3239} INFO - Sync 1 DAGs
[2024-11-20T14:22:06.080+0000] {logging_mixin.py:190} INFO - [2024-11-20T14:22:06.080+0000] {dag.py:4180} INFO - Setting next_dagrun for latest_only_with_trigger to 2024-11-20 08:00:00+00:00, run_after=2024-11-20 12:00:00+00:00
[2024-11-20T14:22:06.130+0000] {processor.py:208} INFO - Processing /home/airflow/.local/lib/python3.12/site-packages/airflow/example_dags/example_latest_only_with_trigger.py took 0.192 seconds
[2024-11-20T14:22:38.608+0000] {processor.py:186} INFO - Started process (PID=855) to work on /home/airflow/.local/lib/python3.12/site-packages/airflow/example_dags/example_latest_only_with_trigger.py
[2024-11-20T14:22:38.619+0000] {processor.py:914} INFO - Processing file /home/airflow/.local/lib/python3.12/site-packages/airflow/example_dags/example_latest_only_with_trigger.py for tasks to queue
[2024-11-20T14:22:38.624+0000] {logging_mixin.py:190} INFO - [2024-11-20T14:22:38.623+0000] {dagbag.py:588} INFO - Filling up the DagBag from /home/airflow/.local/lib/python3.12/site-packages/airflow/example_dags/example_latest_only_with_trigger.py
[2024-11-20T14:22:38.640+0000] {processor.py:925} INFO - DAG(s) 'latest_only_with_trigger' retrieved from /home/airflow/.local/lib/python3.12/site-packages/airflow/example_dags/example_latest_only_with_trigger.py
[2024-11-20T14:22:38.680+0000] {logging_mixin.py:190} INFO - [2024-11-20T14:22:38.680+0000] {dag.py:3239} INFO - Sync 1 DAGs
[2024-11-20T14:22:38.728+0000] {logging_mixin.py:190} INFO - [2024-11-20T14:22:38.728+0000] {dag.py:4180} INFO - Setting next_dagrun for latest_only_with_trigger to 2024-11-20 08:00:00+00:00, run_after=2024-11-20 12:00:00+00:00
[2024-11-20T14:22:38.767+0000] {processor.py:208} INFO - Processing /home/airflow/.local/lib/python3.12/site-packages/airflow/example_dags/example_latest_only_with_trigger.py took 0.172 seconds
[2024-11-20T14:23:10.724+0000] {processor.py:186} INFO - Started process (PID=919) to work on /home/airflow/.local/lib/python3.12/site-packages/airflow/example_dags/example_latest_only_with_trigger.py
[2024-11-20T14:23:10.726+0000] {processor.py:914} INFO - Processing file /home/airflow/.local/lib/python3.12/site-packages/airflow/example_dags/example_latest_only_with_trigger.py for tasks to queue
[2024-11-20T14:23:10.732+0000] {logging_mixin.py:190} INFO - [2024-11-20T14:23:10.731+0000] {dagbag.py:588} INFO - Filling up the DagBag from /home/airflow/.local/lib/python3.12/site-packages/airflow/example_dags/example_latest_only_with_trigger.py
[2024-11-20T14:23:10.759+0000] {processor.py:925} INFO - DAG(s) 'latest_only_with_trigger' retrieved from /home/airflow/.local/lib/python3.12/site-packages/airflow/example_dags/example_latest_only_with_trigger.py
[2024-11-20T14:23:10.816+0000] {logging_mixin.py:190} INFO - [2024-11-20T14:23:10.815+0000] {dag.py:3239} INFO - Sync 1 DAGs
[2024-11-20T14:23:10.869+0000] {logging_mixin.py:190} INFO - [2024-11-20T14:23:10.869+0000] {dag.py:4180} INFO - Setting next_dagrun for latest_only_with_trigger to 2024-11-20 08:00:00+00:00, run_after=2024-11-20 12:00:00+00:00
[2024-11-20T14:23:10.931+0000] {processor.py:208} INFO - Processing /home/airflow/.local/lib/python3.12/site-packages/airflow/example_dags/example_latest_only_with_trigger.py took 0.220 seconds
[2024-11-20T14:23:42.417+0000] {processor.py:186} INFO - Started process (PID=981) to work on /home/airflow/.local/lib/python3.12/site-packages/airflow/example_dags/example_latest_only_with_trigger.py
[2024-11-20T14:23:42.418+0000] {processor.py:914} INFO - Processing file /home/airflow/.local/lib/python3.12/site-packages/airflow/example_dags/example_latest_only_with_trigger.py for tasks to queue
[2024-11-20T14:23:42.421+0000] {logging_mixin.py:190} INFO - [2024-11-20T14:23:42.421+0000] {dagbag.py:588} INFO - Filling up the DagBag from /home/airflow/.local/lib/python3.12/site-packages/airflow/example_dags/example_latest_only_with_trigger.py
[2024-11-20T14:23:42.434+0000] {processor.py:925} INFO - DAG(s) 'latest_only_with_trigger' retrieved from /home/airflow/.local/lib/python3.12/site-packages/airflow/example_dags/example_latest_only_with_trigger.py
[2024-11-20T14:23:42.465+0000] {logging_mixin.py:190} INFO - [2024-11-20T14:23:42.464+0000] {dag.py:3239} INFO - Sync 1 DAGs
[2024-11-20T14:23:42.504+0000] {logging_mixin.py:190} INFO - [2024-11-20T14:23:42.503+0000] {dag.py:4180} INFO - Setting next_dagrun for latest_only_with_trigger to 2024-11-20 08:00:00+00:00, run_after=2024-11-20 12:00:00+00:00
[2024-11-20T14:23:42.530+0000] {processor.py:208} INFO - Processing /home/airflow/.local/lib/python3.12/site-packages/airflow/example_dags/example_latest_only_with_trigger.py took 0.123 seconds
[2024-11-20T14:24:13.942+0000] {processor.py:186} INFO - Started process (PID=1044) to work on /home/airflow/.local/lib/python3.12/site-packages/airflow/example_dags/example_latest_only_with_trigger.py
[2024-11-20T14:24:13.944+0000] {processor.py:914} INFO - Processing file /home/airflow/.local/lib/python3.12/site-packages/airflow/example_dags/example_latest_only_with_trigger.py for tasks to queue
[2024-11-20T14:24:13.948+0000] {logging_mixin.py:190} INFO - [2024-11-20T14:24:13.948+0000] {dagbag.py:588} INFO - Filling up the DagBag from /home/airflow/.local/lib/python3.12/site-packages/airflow/example_dags/example_latest_only_with_trigger.py
[2024-11-20T14:24:13.962+0000] {processor.py:925} INFO - DAG(s) 'latest_only_with_trigger' retrieved from /home/airflow/.local/lib/python3.12/site-packages/airflow/example_dags/example_latest_only_with_trigger.py
[2024-11-20T14:24:13.997+0000] {logging_mixin.py:190} INFO - [2024-11-20T14:24:13.997+0000] {dag.py:3239} INFO - Sync 1 DAGs
[2024-11-20T14:24:14.042+0000] {logging_mixin.py:190} INFO - [2024-11-20T14:24:14.042+0000] {dag.py:4180} INFO - Setting next_dagrun for latest_only_with_trigger to 2024-11-20 08:00:00+00:00, run_after=2024-11-20 12:00:00+00:00
[2024-11-20T14:24:14.071+0000] {processor.py:208} INFO - Processing /home/airflow/.local/lib/python3.12/site-packages/airflow/example_dags/example_latest_only_with_trigger.py took 0.138 seconds
[2024-11-20T14:24:45.978+0000] {processor.py:186} INFO - Started process (PID=1112) to work on /home/airflow/.local/lib/python3.12/site-packages/airflow/example_dags/example_latest_only_with_trigger.py
[2024-11-20T14:24:45.980+0000] {processor.py:914} INFO - Processing file /home/airflow/.local/lib/python3.12/site-packages/airflow/example_dags/example_latest_only_with_trigger.py for tasks to queue
[2024-11-20T14:24:45.984+0000] {logging_mixin.py:190} INFO - [2024-11-20T14:24:45.983+0000] {dagbag.py:588} INFO - Filling up the DagBag from /home/airflow/.local/lib/python3.12/site-packages/airflow/example_dags/example_latest_only_with_trigger.py
[2024-11-20T14:24:45.995+0000] {processor.py:925} INFO - DAG(s) 'latest_only_with_trigger' retrieved from /home/airflow/.local/lib/python3.12/site-packages/airflow/example_dags/example_latest_only_with_trigger.py
[2024-11-20T14:24:46.031+0000] {logging_mixin.py:190} INFO - [2024-11-20T14:24:46.031+0000] {dag.py:3239} INFO - Sync 1 DAGs
[2024-11-20T14:24:46.074+0000] {logging_mixin.py:190} INFO - [2024-11-20T14:24:46.074+0000] {dag.py:4180} INFO - Setting next_dagrun for latest_only_with_trigger to 2024-11-20 08:00:00+00:00, run_after=2024-11-20 12:00:00+00:00
[2024-11-20T14:24:46.104+0000] {processor.py:208} INFO - Processing /home/airflow/.local/lib/python3.12/site-packages/airflow/example_dags/example_latest_only_with_trigger.py took 0.135 seconds
[2024-11-20T14:25:17.859+0000] {processor.py:186} INFO - Started process (PID=1175) to work on /home/airflow/.local/lib/python3.12/site-packages/airflow/example_dags/example_latest_only_with_trigger.py
[2024-11-20T14:25:17.860+0000] {processor.py:914} INFO - Processing file /home/airflow/.local/lib/python3.12/site-packages/airflow/example_dags/example_latest_only_with_trigger.py for tasks to queue
[2024-11-20T14:25:17.866+0000] {logging_mixin.py:190} INFO - [2024-11-20T14:25:17.865+0000] {dagbag.py:588} INFO - Filling up the DagBag from /home/airflow/.local/lib/python3.12/site-packages/airflow/example_dags/example_latest_only_with_trigger.py
[2024-11-20T14:25:17.882+0000] {processor.py:925} INFO - DAG(s) 'latest_only_with_trigger' retrieved from /home/airflow/.local/lib/python3.12/site-packages/airflow/example_dags/example_latest_only_with_trigger.py
[2024-11-20T14:25:17.924+0000] {logging_mixin.py:190} INFO - [2024-11-20T14:25:17.923+0000] {dag.py:3239} INFO - Sync 1 DAGs
[2024-11-20T14:25:17.975+0000] {logging_mixin.py:190} INFO - [2024-11-20T14:25:17.975+0000] {dag.py:4180} INFO - Setting next_dagrun for latest_only_with_trigger to 2024-11-20 08:00:00+00:00, run_after=2024-11-20 12:00:00+00:00
[2024-11-20T14:25:18.015+0000] {processor.py:208} INFO - Processing /home/airflow/.local/lib/python3.12/site-packages/airflow/example_dags/example_latest_only_with_trigger.py took 0.170 seconds
[2024-11-20T14:25:49.789+0000] {processor.py:186} INFO - Started process (PID=1243) to work on /home/airflow/.local/lib/python3.12/site-packages/airflow/example_dags/example_latest_only_with_trigger.py
[2024-11-20T14:25:49.791+0000] {processor.py:914} INFO - Processing file /home/airflow/.local/lib/python3.12/site-packages/airflow/example_dags/example_latest_only_with_trigger.py for tasks to queue
[2024-11-20T14:25:49.794+0000] {logging_mixin.py:190} INFO - [2024-11-20T14:25:49.794+0000] {dagbag.py:588} INFO - Filling up the DagBag from /home/airflow/.local/lib/python3.12/site-packages/airflow/example_dags/example_latest_only_with_trigger.py
[2024-11-20T14:25:49.804+0000] {processor.py:925} INFO - DAG(s) 'latest_only_with_trigger' retrieved from /home/airflow/.local/lib/python3.12/site-packages/airflow/example_dags/example_latest_only_with_trigger.py
[2024-11-20T14:25:49.848+0000] {logging_mixin.py:190} INFO - [2024-11-20T14:25:49.847+0000] {dag.py:3239} INFO - Sync 1 DAGs
[2024-11-20T14:25:49.904+0000] {logging_mixin.py:190} INFO - [2024-11-20T14:25:49.904+0000] {dag.py:4180} INFO - Setting next_dagrun for latest_only_with_trigger to 2024-11-20 08:00:00+00:00, run_after=2024-11-20 12:00:00+00:00
[2024-11-20T14:25:49.957+0000] {processor.py:208} INFO - Processing /home/airflow/.local/lib/python3.12/site-packages/airflow/example_dags/example_latest_only_with_trigger.py took 0.178 seconds
[2024-11-20T14:26:21.671+0000] {processor.py:186} INFO - Started process (PID=1306) to work on /home/airflow/.local/lib/python3.12/site-packages/airflow/example_dags/example_latest_only_with_trigger.py
[2024-11-20T14:26:21.672+0000] {processor.py:914} INFO - Processing file /home/airflow/.local/lib/python3.12/site-packages/airflow/example_dags/example_latest_only_with_trigger.py for tasks to queue
[2024-11-20T14:26:21.676+0000] {logging_mixin.py:190} INFO - [2024-11-20T14:26:21.675+0000] {dagbag.py:588} INFO - Filling up the DagBag from /home/airflow/.local/lib/python3.12/site-packages/airflow/example_dags/example_latest_only_with_trigger.py
[2024-11-20T14:26:21.686+0000] {processor.py:925} INFO - DAG(s) 'latest_only_with_trigger' retrieved from /home/airflow/.local/lib/python3.12/site-packages/airflow/example_dags/example_latest_only_with_trigger.py
[2024-11-20T14:26:21.717+0000] {logging_mixin.py:190} INFO - [2024-11-20T14:26:21.716+0000] {dag.py:3239} INFO - Sync 1 DAGs
[2024-11-20T14:26:21.751+0000] {logging_mixin.py:190} INFO - [2024-11-20T14:26:21.751+0000] {dag.py:4180} INFO - Setting next_dagrun for latest_only_with_trigger to 2024-11-20 08:00:00+00:00, run_after=2024-11-20 12:00:00+00:00
[2024-11-20T14:26:21.778+0000] {processor.py:208} INFO - Processing /home/airflow/.local/lib/python3.12/site-packages/airflow/example_dags/example_latest_only_with_trigger.py took 0.116 seconds
[2024-11-20T14:26:53.241+0000] {processor.py:186} INFO - Started process (PID=1369) to work on /home/airflow/.local/lib/python3.12/site-packages/airflow/example_dags/example_latest_only_with_trigger.py
[2024-11-20T14:26:53.243+0000] {processor.py:914} INFO - Processing file /home/airflow/.local/lib/python3.12/site-packages/airflow/example_dags/example_latest_only_with_trigger.py for tasks to queue
[2024-11-20T14:26:53.248+0000] {logging_mixin.py:190} INFO - [2024-11-20T14:26:53.248+0000] {dagbag.py:588} INFO - Filling up the DagBag from /home/airflow/.local/lib/python3.12/site-packages/airflow/example_dags/example_latest_only_with_trigger.py
[2024-11-20T14:26:53.265+0000] {processor.py:925} INFO - DAG(s) 'latest_only_with_trigger' retrieved from /home/airflow/.local/lib/python3.12/site-packages/airflow/example_dags/example_latest_only_with_trigger.py
[2024-11-20T14:26:53.307+0000] {logging_mixin.py:190} INFO - [2024-11-20T14:26:53.307+0000] {dag.py:3239} INFO - Sync 1 DAGs
[2024-11-20T14:26:53.362+0000] {logging_mixin.py:190} INFO - [2024-11-20T14:26:53.362+0000] {dag.py:4180} INFO - Setting next_dagrun for latest_only_with_trigger to 2024-11-20 08:00:00+00:00, run_after=2024-11-20 12:00:00+00:00
[2024-11-20T14:26:53.401+0000] {processor.py:208} INFO - Processing /home/airflow/.local/lib/python3.12/site-packages/airflow/example_dags/example_latest_only_with_trigger.py took 0.183 seconds
[2024-11-20T14:28:09.869+0000] {processor.py:186} INFO - Started process (PID=1431) to work on /home/airflow/.local/lib/python3.12/site-packages/airflow/example_dags/example_latest_only_with_trigger.py
[2024-11-20T14:28:09.872+0000] {processor.py:914} INFO - Processing file /home/airflow/.local/lib/python3.12/site-packages/airflow/example_dags/example_latest_only_with_trigger.py for tasks to queue
[2024-11-20T14:28:09.876+0000] {logging_mixin.py:190} INFO - [2024-11-20T14:28:09.876+0000] {dagbag.py:588} INFO - Filling up the DagBag from /home/airflow/.local/lib/python3.12/site-packages/airflow/example_dags/example_latest_only_with_trigger.py
[2024-11-20T14:28:09.888+0000] {processor.py:925} INFO - DAG(s) 'latest_only_with_trigger' retrieved from /home/airflow/.local/lib/python3.12/site-packages/airflow/example_dags/example_latest_only_with_trigger.py
[2024-11-20T14:28:09.938+0000] {logging_mixin.py:190} INFO - [2024-11-20T14:28:09.937+0000] {dag.py:3239} INFO - Sync 1 DAGs
[2024-11-20T14:28:09.986+0000] {logging_mixin.py:190} INFO - [2024-11-20T14:28:09.986+0000] {dag.py:4180} INFO - Setting next_dagrun for latest_only_with_trigger to 2024-11-20 08:00:00+00:00, run_after=2024-11-20 12:00:00+00:00
[2024-11-20T14:28:10.066+0000] {processor.py:208} INFO - Processing /home/airflow/.local/lib/python3.12/site-packages/airflow/example_dags/example_latest_only_with_trigger.py took 0.210 seconds
[2024-11-20T14:28:40.392+0000] {processor.py:186} INFO - Started process (PID=1494) to work on /home/airflow/.local/lib/python3.12/site-packages/airflow/example_dags/example_latest_only_with_trigger.py
[2024-11-20T14:28:40.393+0000] {processor.py:914} INFO - Processing file /home/airflow/.local/lib/python3.12/site-packages/airflow/example_dags/example_latest_only_with_trigger.py for tasks to queue
[2024-11-20T14:28:40.397+0000] {logging_mixin.py:190} INFO - [2024-11-20T14:28:40.397+0000] {dagbag.py:588} INFO - Filling up the DagBag from /home/airflow/.local/lib/python3.12/site-packages/airflow/example_dags/example_latest_only_with_trigger.py
[2024-11-20T14:28:40.410+0000] {processor.py:925} INFO - DAG(s) 'latest_only_with_trigger' retrieved from /home/airflow/.local/lib/python3.12/site-packages/airflow/example_dags/example_latest_only_with_trigger.py
[2024-11-20T14:28:40.449+0000] {logging_mixin.py:190} INFO - [2024-11-20T14:28:40.449+0000] {dag.py:3239} INFO - Sync 1 DAGs
[2024-11-20T14:28:40.499+0000] {logging_mixin.py:190} INFO - [2024-11-20T14:28:40.498+0000] {dag.py:4180} INFO - Setting next_dagrun for latest_only_with_trigger to 2024-11-20 08:00:00+00:00, run_after=2024-11-20 12:00:00+00:00
[2024-11-20T14:28:40.540+0000] {processor.py:208} INFO - Processing /home/airflow/.local/lib/python3.12/site-packages/airflow/example_dags/example_latest_only_with_trigger.py took 0.160 seconds
[2024-11-20T14:29:11.249+0000] {processor.py:186} INFO - Started process (PID=1556) to work on /home/airflow/.local/lib/python3.12/site-packages/airflow/example_dags/example_latest_only_with_trigger.py
[2024-11-20T14:29:11.251+0000] {processor.py:914} INFO - Processing file /home/airflow/.local/lib/python3.12/site-packages/airflow/example_dags/example_latest_only_with_trigger.py for tasks to queue
[2024-11-20T14:29:11.255+0000] {logging_mixin.py:190} INFO - [2024-11-20T14:29:11.254+0000] {dagbag.py:588} INFO - Filling up the DagBag from /home/airflow/.local/lib/python3.12/site-packages/airflow/example_dags/example_latest_only_with_trigger.py
[2024-11-20T14:29:11.266+0000] {processor.py:925} INFO - DAG(s) 'latest_only_with_trigger' retrieved from /home/airflow/.local/lib/python3.12/site-packages/airflow/example_dags/example_latest_only_with_trigger.py
[2024-11-20T14:29:11.300+0000] {logging_mixin.py:190} INFO - [2024-11-20T14:29:11.300+0000] {dag.py:3239} INFO - Sync 1 DAGs
[2024-11-20T14:29:11.345+0000] {logging_mixin.py:190} INFO - [2024-11-20T14:29:11.345+0000] {dag.py:4180} INFO - Setting next_dagrun for latest_only_with_trigger to 2024-11-20 08:00:00+00:00, run_after=2024-11-20 12:00:00+00:00
[2024-11-20T14:29:11.387+0000] {processor.py:208} INFO - Processing /home/airflow/.local/lib/python3.12/site-packages/airflow/example_dags/example_latest_only_with_trigger.py took 0.148 seconds
[2024-11-20T14:29:43.305+0000] {processor.py:186} INFO - Started process (PID=1624) to work on /home/airflow/.local/lib/python3.12/site-packages/airflow/example_dags/example_latest_only_with_trigger.py
[2024-11-20T14:29:43.307+0000] {processor.py:914} INFO - Processing file /home/airflow/.local/lib/python3.12/site-packages/airflow/example_dags/example_latest_only_with_trigger.py for tasks to queue
[2024-11-20T14:29:43.313+0000] {logging_mixin.py:190} INFO - [2024-11-20T14:29:43.312+0000] {dagbag.py:588} INFO - Filling up the DagBag from /home/airflow/.local/lib/python3.12/site-packages/airflow/example_dags/example_latest_only_with_trigger.py
[2024-11-20T14:29:43.329+0000] {processor.py:925} INFO - DAG(s) 'latest_only_with_trigger' retrieved from /home/airflow/.local/lib/python3.12/site-packages/airflow/example_dags/example_latest_only_with_trigger.py
[2024-11-20T14:29:43.371+0000] {logging_mixin.py:190} INFO - [2024-11-20T14:29:43.370+0000] {dag.py:3239} INFO - Sync 1 DAGs
[2024-11-20T14:29:43.423+0000] {logging_mixin.py:190} INFO - [2024-11-20T14:29:43.422+0000] {dag.py:4180} INFO - Setting next_dagrun for latest_only_with_trigger to 2024-11-20 08:00:00+00:00, run_after=2024-11-20 12:00:00+00:00
[2024-11-20T14:29:43.479+0000] {processor.py:208} INFO - Processing /home/airflow/.local/lib/python3.12/site-packages/airflow/example_dags/example_latest_only_with_trigger.py took 0.186 seconds
[2024-11-20T14:30:16.047+0000] {processor.py:186} INFO - Started process (PID=1687) to work on /home/airflow/.local/lib/python3.12/site-packages/airflow/example_dags/example_latest_only_with_trigger.py
[2024-11-20T14:30:16.049+0000] {processor.py:914} INFO - Processing file /home/airflow/.local/lib/python3.12/site-packages/airflow/example_dags/example_latest_only_with_trigger.py for tasks to queue
[2024-11-20T14:30:16.053+0000] {logging_mixin.py:190} INFO - [2024-11-20T14:30:16.053+0000] {dagbag.py:588} INFO - Filling up the DagBag from /home/airflow/.local/lib/python3.12/site-packages/airflow/example_dags/example_latest_only_with_trigger.py
[2024-11-20T14:30:16.070+0000] {processor.py:925} INFO - DAG(s) 'latest_only_with_trigger' retrieved from /home/airflow/.local/lib/python3.12/site-packages/airflow/example_dags/example_latest_only_with_trigger.py
[2024-11-20T14:30:16.125+0000] {logging_mixin.py:190} INFO - [2024-11-20T14:30:16.124+0000] {dag.py:3239} INFO - Sync 1 DAGs
[2024-11-20T14:30:16.202+0000] {logging_mixin.py:190} INFO - [2024-11-20T14:30:16.202+0000] {dag.py:4180} INFO - Setting next_dagrun for latest_only_with_trigger to 2024-11-20 08:00:00+00:00, run_after=2024-11-20 12:00:00+00:00
[2024-11-20T14:30:16.276+0000] {processor.py:208} INFO - Processing /home/airflow/.local/lib/python3.12/site-packages/airflow/example_dags/example_latest_only_with_trigger.py took 0.244 seconds
[2024-11-20T14:30:49.001+0000] {processor.py:186} INFO - Started process (PID=1750) to work on /home/airflow/.local/lib/python3.12/site-packages/airflow/example_dags/example_latest_only_with_trigger.py
[2024-11-20T14:30:49.002+0000] {processor.py:914} INFO - Processing file /home/airflow/.local/lib/python3.12/site-packages/airflow/example_dags/example_latest_only_with_trigger.py for tasks to queue
[2024-11-20T14:30:49.008+0000] {logging_mixin.py:190} INFO - [2024-11-20T14:30:49.008+0000] {dagbag.py:588} INFO - Filling up the DagBag from /home/airflow/.local/lib/python3.12/site-packages/airflow/example_dags/example_latest_only_with_trigger.py
[2024-11-20T14:30:49.026+0000] {processor.py:925} INFO - DAG(s) 'latest_only_with_trigger' retrieved from /home/airflow/.local/lib/python3.12/site-packages/airflow/example_dags/example_latest_only_with_trigger.py
[2024-11-20T14:30:49.072+0000] {logging_mixin.py:190} INFO - [2024-11-20T14:30:49.072+0000] {dag.py:3239} INFO - Sync 1 DAGs
[2024-11-20T14:30:49.132+0000] {logging_mixin.py:190} INFO - [2024-11-20T14:30:49.131+0000] {dag.py:4180} INFO - Setting next_dagrun for latest_only_with_trigger to 2024-11-20 08:00:00+00:00, run_after=2024-11-20 12:00:00+00:00
[2024-11-20T14:30:49.184+0000] {processor.py:208} INFO - Processing /home/airflow/.local/lib/python3.12/site-packages/airflow/example_dags/example_latest_only_with_trigger.py took 0.198 seconds
[2024-11-20T14:31:21.806+0000] {processor.py:186} INFO - Started process (PID=1813) to work on /home/airflow/.local/lib/python3.12/site-packages/airflow/example_dags/example_latest_only_with_trigger.py
[2024-11-20T14:31:21.809+0000] {processor.py:914} INFO - Processing file /home/airflow/.local/lib/python3.12/site-packages/airflow/example_dags/example_latest_only_with_trigger.py for tasks to queue
[2024-11-20T14:31:21.818+0000] {logging_mixin.py:190} INFO - [2024-11-20T14:31:21.817+0000] {dagbag.py:588} INFO - Filling up the DagBag from /home/airflow/.local/lib/python3.12/site-packages/airflow/example_dags/example_latest_only_with_trigger.py
[2024-11-20T14:31:21.836+0000] {processor.py:925} INFO - DAG(s) 'latest_only_with_trigger' retrieved from /home/airflow/.local/lib/python3.12/site-packages/airflow/example_dags/example_latest_only_with_trigger.py
[2024-11-20T14:31:21.888+0000] {logging_mixin.py:190} INFO - [2024-11-20T14:31:21.887+0000] {dag.py:3239} INFO - Sync 1 DAGs
[2024-11-20T14:31:21.948+0000] {logging_mixin.py:190} INFO - [2024-11-20T14:31:21.947+0000] {dag.py:4180} INFO - Setting next_dagrun for latest_only_with_trigger to 2024-11-20 08:00:00+00:00, run_after=2024-11-20 12:00:00+00:00
[2024-11-20T14:31:22.000+0000] {processor.py:208} INFO - Processing /home/airflow/.local/lib/python3.12/site-packages/airflow/example_dags/example_latest_only_with_trigger.py took 0.224 seconds
[2024-11-20T14:31:52.912+0000] {processor.py:186} INFO - Started process (PID=1875) to work on /home/airflow/.local/lib/python3.12/site-packages/airflow/example_dags/example_latest_only_with_trigger.py
[2024-11-20T14:31:52.916+0000] {processor.py:914} INFO - Processing file /home/airflow/.local/lib/python3.12/site-packages/airflow/example_dags/example_latest_only_with_trigger.py for tasks to queue
[2024-11-20T14:31:52.923+0000] {logging_mixin.py:190} INFO - [2024-11-20T14:31:52.922+0000] {dagbag.py:588} INFO - Filling up the DagBag from /home/airflow/.local/lib/python3.12/site-packages/airflow/example_dags/example_latest_only_with_trigger.py
[2024-11-20T14:31:52.944+0000] {processor.py:925} INFO - DAG(s) 'latest_only_with_trigger' retrieved from /home/airflow/.local/lib/python3.12/site-packages/airflow/example_dags/example_latest_only_with_trigger.py
[2024-11-20T14:31:53.021+0000] {logging_mixin.py:190} INFO - [2024-11-20T14:31:53.020+0000] {dag.py:3239} INFO - Sync 1 DAGs
[2024-11-20T14:31:53.109+0000] {logging_mixin.py:190} INFO - [2024-11-20T14:31:53.107+0000] {dag.py:4180} INFO - Setting next_dagrun for latest_only_with_trigger to 2024-11-20 08:00:00+00:00, run_after=2024-11-20 12:00:00+00:00
[2024-11-20T14:31:53.164+0000] {processor.py:208} INFO - Processing /home/airflow/.local/lib/python3.12/site-packages/airflow/example_dags/example_latest_only_with_trigger.py took 0.269 seconds
[2024-11-20T14:32:24.002+0000] {processor.py:186} INFO - Started process (PID=1938) to work on /home/airflow/.local/lib/python3.12/site-packages/airflow/example_dags/example_latest_only_with_trigger.py
[2024-11-20T14:32:24.004+0000] {processor.py:914} INFO - Processing file /home/airflow/.local/lib/python3.12/site-packages/airflow/example_dags/example_latest_only_with_trigger.py for tasks to queue
[2024-11-20T14:32:24.010+0000] {logging_mixin.py:190} INFO - [2024-11-20T14:32:24.009+0000] {dagbag.py:588} INFO - Filling up the DagBag from /home/airflow/.local/lib/python3.12/site-packages/airflow/example_dags/example_latest_only_with_trigger.py
[2024-11-20T14:32:24.021+0000] {processor.py:925} INFO - DAG(s) 'latest_only_with_trigger' retrieved from /home/airflow/.local/lib/python3.12/site-packages/airflow/example_dags/example_latest_only_with_trigger.py
[2024-11-20T14:32:24.049+0000] {logging_mixin.py:190} INFO - [2024-11-20T14:32:24.049+0000] {dag.py:3239} INFO - Sync 1 DAGs
[2024-11-20T14:32:24.097+0000] {logging_mixin.py:190} INFO - [2024-11-20T14:32:24.097+0000] {dag.py:4180} INFO - Setting next_dagrun for latest_only_with_trigger to 2024-11-20 08:00:00+00:00, run_after=2024-11-20 12:00:00+00:00
[2024-11-20T14:32:24.131+0000] {processor.py:208} INFO - Processing /home/airflow/.local/lib/python3.12/site-packages/airflow/example_dags/example_latest_only_with_trigger.py took 0.141 seconds
[2024-11-20T14:32:54.281+0000] {processor.py:186} INFO - Started process (PID=2000) to work on /home/airflow/.local/lib/python3.12/site-packages/airflow/example_dags/example_latest_only_with_trigger.py
[2024-11-20T14:32:54.283+0000] {processor.py:914} INFO - Processing file /home/airflow/.local/lib/python3.12/site-packages/airflow/example_dags/example_latest_only_with_trigger.py for tasks to queue
[2024-11-20T14:32:54.287+0000] {logging_mixin.py:190} INFO - [2024-11-20T14:32:54.286+0000] {dagbag.py:588} INFO - Filling up the DagBag from /home/airflow/.local/lib/python3.12/site-packages/airflow/example_dags/example_latest_only_with_trigger.py
[2024-11-20T14:32:54.303+0000] {processor.py:925} INFO - DAG(s) 'latest_only_with_trigger' retrieved from /home/airflow/.local/lib/python3.12/site-packages/airflow/example_dags/example_latest_only_with_trigger.py
[2024-11-20T14:32:54.354+0000] {logging_mixin.py:190} INFO - [2024-11-20T14:32:54.354+0000] {dag.py:3239} INFO - Sync 1 DAGs
[2024-11-20T14:32:54.404+0000] {logging_mixin.py:190} INFO - [2024-11-20T14:32:54.403+0000] {dag.py:4180} INFO - Setting next_dagrun for latest_only_with_trigger to 2024-11-20 08:00:00+00:00, run_after=2024-11-20 12:00:00+00:00
[2024-11-20T14:32:54.439+0000] {processor.py:208} INFO - Processing /home/airflow/.local/lib/python3.12/site-packages/airflow/example_dags/example_latest_only_with_trigger.py took 0.174 seconds
[2024-11-20T14:33:24.649+0000] {processor.py:186} INFO - Started process (PID=2063) to work on /home/airflow/.local/lib/python3.12/site-packages/airflow/example_dags/example_latest_only_with_trigger.py
[2024-11-20T14:33:24.652+0000] {processor.py:914} INFO - Processing file /home/airflow/.local/lib/python3.12/site-packages/airflow/example_dags/example_latest_only_with_trigger.py for tasks to queue
[2024-11-20T14:33:24.657+0000] {logging_mixin.py:190} INFO - [2024-11-20T14:33:24.656+0000] {dagbag.py:588} INFO - Filling up the DagBag from /home/airflow/.local/lib/python3.12/site-packages/airflow/example_dags/example_latest_only_with_trigger.py
[2024-11-20T14:33:24.674+0000] {processor.py:925} INFO - DAG(s) 'latest_only_with_trigger' retrieved from /home/airflow/.local/lib/python3.12/site-packages/airflow/example_dags/example_latest_only_with_trigger.py
[2024-11-20T14:33:24.714+0000] {logging_mixin.py:190} INFO - [2024-11-20T14:33:24.714+0000] {dag.py:3239} INFO - Sync 1 DAGs
[2024-11-20T14:33:24.761+0000] {logging_mixin.py:190} INFO - [2024-11-20T14:33:24.760+0000] {dag.py:4180} INFO - Setting next_dagrun for latest_only_with_trigger to 2024-11-20 08:00:00+00:00, run_after=2024-11-20 12:00:00+00:00
[2024-11-20T14:33:24.801+0000] {processor.py:208} INFO - Processing /home/airflow/.local/lib/python3.12/site-packages/airflow/example_dags/example_latest_only_with_trigger.py took 0.166 seconds
[2024-11-20T14:33:55.132+0000] {processor.py:186} INFO - Started process (PID=2125) to work on /home/airflow/.local/lib/python3.12/site-packages/airflow/example_dags/example_latest_only_with_trigger.py
[2024-11-20T14:33:55.133+0000] {processor.py:914} INFO - Processing file /home/airflow/.local/lib/python3.12/site-packages/airflow/example_dags/example_latest_only_with_trigger.py for tasks to queue
[2024-11-20T14:33:55.137+0000] {logging_mixin.py:190} INFO - [2024-11-20T14:33:55.136+0000] {dagbag.py:588} INFO - Filling up the DagBag from /home/airflow/.local/lib/python3.12/site-packages/airflow/example_dags/example_latest_only_with_trigger.py
[2024-11-20T14:33:55.153+0000] {processor.py:925} INFO - DAG(s) 'latest_only_with_trigger' retrieved from /home/airflow/.local/lib/python3.12/site-packages/airflow/example_dags/example_latest_only_with_trigger.py
[2024-11-20T14:33:55.189+0000] {logging_mixin.py:190} INFO - [2024-11-20T14:33:55.189+0000] {dag.py:3239} INFO - Sync 1 DAGs
[2024-11-20T14:33:55.239+0000] {logging_mixin.py:190} INFO - [2024-11-20T14:33:55.238+0000] {dag.py:4180} INFO - Setting next_dagrun for latest_only_with_trigger to 2024-11-20 08:00:00+00:00, run_after=2024-11-20 12:00:00+00:00
[2024-11-20T14:33:55.275+0000] {processor.py:208} INFO - Processing /home/airflow/.local/lib/python3.12/site-packages/airflow/example_dags/example_latest_only_with_trigger.py took 0.157 seconds
[2024-11-20T14:34:25.411+0000] {processor.py:186} INFO - Started process (PID=2188) to work on /home/airflow/.local/lib/python3.12/site-packages/airflow/example_dags/example_latest_only_with_trigger.py
[2024-11-20T14:34:25.412+0000] {processor.py:914} INFO - Processing file /home/airflow/.local/lib/python3.12/site-packages/airflow/example_dags/example_latest_only_with_trigger.py for tasks to queue
[2024-11-20T14:34:25.420+0000] {logging_mixin.py:190} INFO - [2024-11-20T14:34:25.419+0000] {dagbag.py:588} INFO - Filling up the DagBag from /home/airflow/.local/lib/python3.12/site-packages/airflow/example_dags/example_latest_only_with_trigger.py
[2024-11-20T14:34:25.446+0000] {processor.py:925} INFO - DAG(s) 'latest_only_with_trigger' retrieved from /home/airflow/.local/lib/python3.12/site-packages/airflow/example_dags/example_latest_only_with_trigger.py
[2024-11-20T14:34:25.514+0000] {logging_mixin.py:190} INFO - [2024-11-20T14:34:25.514+0000] {dag.py:3239} INFO - Sync 1 DAGs
[2024-11-20T14:34:25.573+0000] {logging_mixin.py:190} INFO - [2024-11-20T14:34:25.572+0000] {dag.py:4180} INFO - Setting next_dagrun for latest_only_with_trigger to 2024-11-20 08:00:00+00:00, run_after=2024-11-20 12:00:00+00:00
[2024-11-20T14:34:25.615+0000] {processor.py:208} INFO - Processing /home/airflow/.local/lib/python3.12/site-packages/airflow/example_dags/example_latest_only_with_trigger.py took 0.218 seconds
[2024-11-20T14:34:55.879+0000] {processor.py:186} INFO - Started process (PID=2251) to work on /home/airflow/.local/lib/python3.12/site-packages/airflow/example_dags/example_latest_only_with_trigger.py
[2024-11-20T14:34:55.881+0000] {processor.py:914} INFO - Processing file /home/airflow/.local/lib/python3.12/site-packages/airflow/example_dags/example_latest_only_with_trigger.py for tasks to queue
[2024-11-20T14:34:55.886+0000] {logging_mixin.py:190} INFO - [2024-11-20T14:34:55.885+0000] {dagbag.py:588} INFO - Filling up the DagBag from /home/airflow/.local/lib/python3.12/site-packages/airflow/example_dags/example_latest_only_with_trigger.py
[2024-11-20T14:34:55.909+0000] {processor.py:925} INFO - DAG(s) 'latest_only_with_trigger' retrieved from /home/airflow/.local/lib/python3.12/site-packages/airflow/example_dags/example_latest_only_with_trigger.py
[2024-11-20T14:34:55.952+0000] {logging_mixin.py:190} INFO - [2024-11-20T14:34:55.951+0000] {dag.py:3239} INFO - Sync 1 DAGs
[2024-11-20T14:34:56.010+0000] {logging_mixin.py:190} INFO - [2024-11-20T14:34:56.009+0000] {dag.py:4180} INFO - Setting next_dagrun for latest_only_with_trigger to 2024-11-20 08:00:00+00:00, run_after=2024-11-20 12:00:00+00:00
[2024-11-20T14:34:56.048+0000] {processor.py:208} INFO - Processing /home/airflow/.local/lib/python3.12/site-packages/airflow/example_dags/example_latest_only_with_trigger.py took 0.191 seconds
[2024-11-20T14:35:26.707+0000] {processor.py:186} INFO - Started process (PID=2314) to work on /home/airflow/.local/lib/python3.12/site-packages/airflow/example_dags/example_latest_only_with_trigger.py
[2024-11-20T14:35:26.709+0000] {processor.py:914} INFO - Processing file /home/airflow/.local/lib/python3.12/site-packages/airflow/example_dags/example_latest_only_with_trigger.py for tasks to queue
[2024-11-20T14:35:26.714+0000] {logging_mixin.py:190} INFO - [2024-11-20T14:35:26.714+0000] {dagbag.py:588} INFO - Filling up the DagBag from /home/airflow/.local/lib/python3.12/site-packages/airflow/example_dags/example_latest_only_with_trigger.py
[2024-11-20T14:35:26.729+0000] {processor.py:925} INFO - DAG(s) 'latest_only_with_trigger' retrieved from /home/airflow/.local/lib/python3.12/site-packages/airflow/example_dags/example_latest_only_with_trigger.py
[2024-11-20T14:35:26.768+0000] {logging_mixin.py:190} INFO - [2024-11-20T14:35:26.767+0000] {dag.py:3239} INFO - Sync 1 DAGs
[2024-11-20T14:35:26.809+0000] {logging_mixin.py:190} INFO - [2024-11-20T14:35:26.809+0000] {dag.py:4180} INFO - Setting next_dagrun for latest_only_with_trigger to 2024-11-20 08:00:00+00:00, run_after=2024-11-20 12:00:00+00:00
[2024-11-20T14:35:26.840+0000] {processor.py:208} INFO - Processing /home/airflow/.local/lib/python3.12/site-packages/airflow/example_dags/example_latest_only_with_trigger.py took 0.147 seconds
[2024-11-20T14:35:57.520+0000] {processor.py:186} INFO - Started process (PID=2377) to work on /home/airflow/.local/lib/python3.12/site-packages/airflow/example_dags/example_latest_only_with_trigger.py
[2024-11-20T14:35:57.522+0000] {processor.py:914} INFO - Processing file /home/airflow/.local/lib/python3.12/site-packages/airflow/example_dags/example_latest_only_with_trigger.py for tasks to queue
[2024-11-20T14:35:57.526+0000] {logging_mixin.py:190} INFO - [2024-11-20T14:35:57.525+0000] {dagbag.py:588} INFO - Filling up the DagBag from /home/airflow/.local/lib/python3.12/site-packages/airflow/example_dags/example_latest_only_with_trigger.py
[2024-11-20T14:35:57.541+0000] {processor.py:925} INFO - DAG(s) 'latest_only_with_trigger' retrieved from /home/airflow/.local/lib/python3.12/site-packages/airflow/example_dags/example_latest_only_with_trigger.py
[2024-11-20T14:35:57.581+0000] {logging_mixin.py:190} INFO - [2024-11-20T14:35:57.580+0000] {dag.py:3239} INFO - Sync 1 DAGs
[2024-11-20T14:35:57.633+0000] {logging_mixin.py:190} INFO - [2024-11-20T14:35:57.633+0000] {dag.py:4180} INFO - Setting next_dagrun for latest_only_with_trigger to 2024-11-20 08:00:00+00:00, run_after=2024-11-20 12:00:00+00:00
[2024-11-20T14:35:57.660+0000] {processor.py:208} INFO - Processing /home/airflow/.local/lib/python3.12/site-packages/airflow/example_dags/example_latest_only_with_trigger.py took 0.152 seconds
[2024-11-20T14:36:27.965+0000] {processor.py:186} INFO - Started process (PID=2440) to work on /home/airflow/.local/lib/python3.12/site-packages/airflow/example_dags/example_latest_only_with_trigger.py
[2024-11-20T14:36:27.967+0000] {processor.py:914} INFO - Processing file /home/airflow/.local/lib/python3.12/site-packages/airflow/example_dags/example_latest_only_with_trigger.py for tasks to queue
[2024-11-20T14:36:27.972+0000] {logging_mixin.py:190} INFO - [2024-11-20T14:36:27.972+0000] {dagbag.py:588} INFO - Filling up the DagBag from /home/airflow/.local/lib/python3.12/site-packages/airflow/example_dags/example_latest_only_with_trigger.py
[2024-11-20T14:36:27.987+0000] {processor.py:925} INFO - DAG(s) 'latest_only_with_trigger' retrieved from /home/airflow/.local/lib/python3.12/site-packages/airflow/example_dags/example_latest_only_with_trigger.py
[2024-11-20T14:36:28.023+0000] {logging_mixin.py:190} INFO - [2024-11-20T14:36:28.023+0000] {dag.py:3239} INFO - Sync 1 DAGs
[2024-11-20T14:36:28.071+0000] {logging_mixin.py:190} INFO - [2024-11-20T14:36:28.071+0000] {dag.py:4180} INFO - Setting next_dagrun for latest_only_with_trigger to 2024-11-20 08:00:00+00:00, run_after=2024-11-20 12:00:00+00:00
[2024-11-20T14:36:28.105+0000] {processor.py:208} INFO - Processing /home/airflow/.local/lib/python3.12/site-packages/airflow/example_dags/example_latest_only_with_trigger.py took 0.152 seconds
[2024-11-20T14:36:58.531+0000] {processor.py:186} INFO - Started process (PID=2503) to work on /home/airflow/.local/lib/python3.12/site-packages/airflow/example_dags/example_latest_only_with_trigger.py
[2024-11-20T14:36:58.534+0000] {processor.py:914} INFO - Processing file /home/airflow/.local/lib/python3.12/site-packages/airflow/example_dags/example_latest_only_with_trigger.py for tasks to queue
[2024-11-20T14:36:58.541+0000] {logging_mixin.py:190} INFO - [2024-11-20T14:36:58.540+0000] {dagbag.py:588} INFO - Filling up the DagBag from /home/airflow/.local/lib/python3.12/site-packages/airflow/example_dags/example_latest_only_with_trigger.py
[2024-11-20T14:36:58.569+0000] {processor.py:925} INFO - DAG(s) 'latest_only_with_trigger' retrieved from /home/airflow/.local/lib/python3.12/site-packages/airflow/example_dags/example_latest_only_with_trigger.py
[2024-11-20T14:36:58.619+0000] {logging_mixin.py:190} INFO - [2024-11-20T14:36:58.618+0000] {dag.py:3239} INFO - Sync 1 DAGs
[2024-11-20T14:36:58.675+0000] {logging_mixin.py:190} INFO - [2024-11-20T14:36:58.675+0000] {dag.py:4180} INFO - Setting next_dagrun for latest_only_with_trigger to 2024-11-20 08:00:00+00:00, run_after=2024-11-20 12:00:00+00:00
[2024-11-20T14:36:58.731+0000] {processor.py:208} INFO - Processing /home/airflow/.local/lib/python3.12/site-packages/airflow/example_dags/example_latest_only_with_trigger.py took 0.225 seconds
[2024-11-20T14:37:29.236+0000] {processor.py:186} INFO - Started process (PID=2565) to work on /home/airflow/.local/lib/python3.12/site-packages/airflow/example_dags/example_latest_only_with_trigger.py
[2024-11-20T14:37:29.238+0000] {processor.py:914} INFO - Processing file /home/airflow/.local/lib/python3.12/site-packages/airflow/example_dags/example_latest_only_with_trigger.py for tasks to queue
[2024-11-20T14:37:29.244+0000] {logging_mixin.py:190} INFO - [2024-11-20T14:37:29.243+0000] {dagbag.py:588} INFO - Filling up the DagBag from /home/airflow/.local/lib/python3.12/site-packages/airflow/example_dags/example_latest_only_with_trigger.py
[2024-11-20T14:37:29.273+0000] {processor.py:925} INFO - DAG(s) 'latest_only_with_trigger' retrieved from /home/airflow/.local/lib/python3.12/site-packages/airflow/example_dags/example_latest_only_with_trigger.py
[2024-11-20T14:37:29.342+0000] {logging_mixin.py:190} INFO - [2024-11-20T14:37:29.341+0000] {dag.py:3239} INFO - Sync 1 DAGs
[2024-11-20T14:37:29.464+0000] {logging_mixin.py:190} INFO - [2024-11-20T14:37:29.464+0000] {dag.py:4180} INFO - Setting next_dagrun for latest_only_with_trigger to 2024-11-20 08:00:00+00:00, run_after=2024-11-20 12:00:00+00:00
[2024-11-20T14:37:29.572+0000] {processor.py:208} INFO - Processing /home/airflow/.local/lib/python3.12/site-packages/airflow/example_dags/example_latest_only_with_trigger.py took 0.355 seconds
[2024-11-20T14:37:59.984+0000] {processor.py:186} INFO - Started process (PID=2627) to work on /home/airflow/.local/lib/python3.12/site-packages/airflow/example_dags/example_latest_only_with_trigger.py
[2024-11-20T14:37:59.987+0000] {processor.py:914} INFO - Processing file /home/airflow/.local/lib/python3.12/site-packages/airflow/example_dags/example_latest_only_with_trigger.py for tasks to queue
[2024-11-20T14:38:00.000+0000] {logging_mixin.py:190} INFO - [2024-11-20T14:37:59.998+0000] {dagbag.py:588} INFO - Filling up the DagBag from /home/airflow/.local/lib/python3.12/site-packages/airflow/example_dags/example_latest_only_with_trigger.py
[2024-11-20T14:38:00.020+0000] {processor.py:925} INFO - DAG(s) 'latest_only_with_trigger' retrieved from /home/airflow/.local/lib/python3.12/site-packages/airflow/example_dags/example_latest_only_with_trigger.py
[2024-11-20T14:38:00.091+0000] {logging_mixin.py:190} INFO - [2024-11-20T14:38:00.091+0000] {dag.py:3239} INFO - Sync 1 DAGs
[2024-11-20T14:38:00.167+0000] {logging_mixin.py:190} INFO - [2024-11-20T14:38:00.166+0000] {dag.py:4180} INFO - Setting next_dagrun for latest_only_with_trigger to 2024-11-20 08:00:00+00:00, run_after=2024-11-20 12:00:00+00:00
[2024-11-20T14:38:00.219+0000] {processor.py:208} INFO - Processing /home/airflow/.local/lib/python3.12/site-packages/airflow/example_dags/example_latest_only_with_trigger.py took 0.253 seconds
