[2024-11-20T14:16:16.260+0000] {processor.py:186} INFO - Started process (PID=99) to work on /home/airflow/.local/lib/python3.12/site-packages/airflow/example_dags/example_latest_only.py
[2024-11-20T14:16:16.262+0000] {processor.py:914} INFO - Processing file /home/airflow/.local/lib/python3.12/site-packages/airflow/example_dags/example_latest_only.py for tasks to queue
[2024-11-20T14:16:16.266+0000] {logging_mixin.py:190} INFO - [2024-11-20T14:16:16.265+0000] {dagbag.py:588} INFO - Filling up the DagBag from /home/airflow/.local/lib/python3.12/site-packages/airflow/example_dags/example_latest_only.py
[2024-11-20T14:16:16.285+0000] {processor.py:925} INFO - DAG(s) 'latest_only' retrieved from /home/airflow/.local/lib/python3.12/site-packages/airflow/example_dags/example_latest_only.py
[2024-11-20T14:16:16.512+0000] {logging_mixin.py:190} INFO - [2024-11-20T14:16:16.511+0000] {override.py:1911} INFO - Created Permission View: can delete on DAG:latest_only
[2024-11-20T14:16:16.526+0000] {logging_mixin.py:190} INFO - [2024-11-20T14:16:16.526+0000] {override.py:1911} INFO - Created Permission View: can read on DAG:latest_only
[2024-11-20T14:16:16.541+0000] {logging_mixin.py:190} INFO - [2024-11-20T14:16:16.540+0000] {override.py:1911} INFO - Created Permission View: can edit on DAG:latest_only
[2024-11-20T14:16:16.561+0000] {logging_mixin.py:190} INFO - [2024-11-20T14:16:16.560+0000] {override.py:1911} INFO - Created Permission View: can delete on DAG Run:latest_only
[2024-11-20T14:16:16.575+0000] {logging_mixin.py:190} INFO - [2024-11-20T14:16:16.575+0000] {override.py:1911} INFO - Created Permission View: menu access on DAG Run:latest_only
[2024-11-20T14:16:16.592+0000] {logging_mixin.py:190} INFO - [2024-11-20T14:16:16.591+0000] {override.py:1911} INFO - Created Permission View: can read on DAG Run:latest_only
[2024-11-20T14:16:16.604+0000] {logging_mixin.py:190} INFO - [2024-11-20T14:16:16.603+0000] {override.py:1911} INFO - Created Permission View: can create on DAG Run:latest_only
[2024-11-20T14:16:16.604+0000] {logging_mixin.py:190} INFO - [2024-11-20T14:16:16.604+0000] {dag.py:3239} INFO - Sync 1 DAGs
[2024-11-20T14:16:16.632+0000] {logging_mixin.py:190} INFO - [2024-11-20T14:16:16.632+0000] {dag.py:3262} INFO - Creating ORM DAG for latest_only
[2024-11-20T14:16:16.656+0000] {logging_mixin.py:190} INFO - [2024-11-20T14:16:16.656+0000] {dag.py:4180} INFO - Setting next_dagrun for latest_only to 2024-11-20 08:00:00+00:00, run_after=2024-11-20 12:00:00+00:00
[2024-11-20T14:16:16.692+0000] {processor.py:208} INFO - Processing /home/airflow/.local/lib/python3.12/site-packages/airflow/example_dags/example_latest_only.py took 0.446 seconds
[2024-11-20T14:16:47.586+0000] {processor.py:186} INFO - Started process (PID=162) to work on /home/airflow/.local/lib/python3.12/site-packages/airflow/example_dags/example_latest_only.py
[2024-11-20T14:16:47.587+0000] {processor.py:914} INFO - Processing file /home/airflow/.local/lib/python3.12/site-packages/airflow/example_dags/example_latest_only.py for tasks to queue
[2024-11-20T14:16:47.593+0000] {logging_mixin.py:190} INFO - [2024-11-20T14:16:47.592+0000] {dagbag.py:588} INFO - Filling up the DagBag from /home/airflow/.local/lib/python3.12/site-packages/airflow/example_dags/example_latest_only.py
[2024-11-20T14:16:47.621+0000] {processor.py:925} INFO - DAG(s) 'latest_only' retrieved from /home/airflow/.local/lib/python3.12/site-packages/airflow/example_dags/example_latest_only.py
[2024-11-20T14:16:47.675+0000] {logging_mixin.py:190} INFO - [2024-11-20T14:16:47.674+0000] {dag.py:3239} INFO - Sync 1 DAGs
[2024-11-20T14:16:47.733+0000] {logging_mixin.py:190} INFO - [2024-11-20T14:16:47.732+0000] {dag.py:4180} INFO - Setting next_dagrun for latest_only to 2024-11-20 08:00:00+00:00, run_after=2024-11-20 12:00:00+00:00
[2024-11-20T14:16:47.820+0000] {processor.py:208} INFO - Processing /home/airflow/.local/lib/python3.12/site-packages/airflow/example_dags/example_latest_only.py took 0.249 seconds
[2024-11-20T14:17:17.995+0000] {processor.py:186} INFO - Started process (PID=224) to work on /home/airflow/.local/lib/python3.12/site-packages/airflow/example_dags/example_latest_only.py
[2024-11-20T14:17:17.996+0000] {processor.py:914} INFO - Processing file /home/airflow/.local/lib/python3.12/site-packages/airflow/example_dags/example_latest_only.py for tasks to queue
[2024-11-20T14:17:17.999+0000] {logging_mixin.py:190} INFO - [2024-11-20T14:17:17.999+0000] {dagbag.py:588} INFO - Filling up the DagBag from /home/airflow/.local/lib/python3.12/site-packages/airflow/example_dags/example_latest_only.py
[2024-11-20T14:17:18.011+0000] {processor.py:925} INFO - DAG(s) 'latest_only' retrieved from /home/airflow/.local/lib/python3.12/site-packages/airflow/example_dags/example_latest_only.py
[2024-11-20T14:17:18.040+0000] {logging_mixin.py:190} INFO - [2024-11-20T14:17:18.039+0000] {dag.py:3239} INFO - Sync 1 DAGs
[2024-11-20T14:17:18.076+0000] {logging_mixin.py:190} INFO - [2024-11-20T14:17:18.075+0000] {dag.py:4180} INFO - Setting next_dagrun for latest_only to 2024-11-20 08:00:00+00:00, run_after=2024-11-20 12:00:00+00:00
[2024-11-20T14:17:18.104+0000] {processor.py:208} INFO - Processing /home/airflow/.local/lib/python3.12/site-packages/airflow/example_dags/example_latest_only.py took 0.117 seconds
[2024-11-20T14:17:48.156+0000] {processor.py:186} INFO - Started process (PID=286) to work on /home/airflow/.local/lib/python3.12/site-packages/airflow/example_dags/example_latest_only.py
[2024-11-20T14:17:48.158+0000] {processor.py:914} INFO - Processing file /home/airflow/.local/lib/python3.12/site-packages/airflow/example_dags/example_latest_only.py for tasks to queue
[2024-11-20T14:17:48.163+0000] {logging_mixin.py:190} INFO - [2024-11-20T14:17:48.162+0000] {dagbag.py:588} INFO - Filling up the DagBag from /home/airflow/.local/lib/python3.12/site-packages/airflow/example_dags/example_latest_only.py
[2024-11-20T14:17:48.180+0000] {processor.py:925} INFO - DAG(s) 'latest_only' retrieved from /home/airflow/.local/lib/python3.12/site-packages/airflow/example_dags/example_latest_only.py
[2024-11-20T14:17:48.230+0000] {logging_mixin.py:190} INFO - [2024-11-20T14:17:48.229+0000] {dag.py:3239} INFO - Sync 1 DAGs
[2024-11-20T14:17:48.294+0000] {logging_mixin.py:190} INFO - [2024-11-20T14:17:48.291+0000] {dag.py:4180} INFO - Setting next_dagrun for latest_only to 2024-11-20 08:00:00+00:00, run_after=2024-11-20 12:00:00+00:00
[2024-11-20T14:17:48.340+0000] {processor.py:208} INFO - Processing /home/airflow/.local/lib/python3.12/site-packages/airflow/example_dags/example_latest_only.py took 0.200 seconds
[2024-11-20T14:18:19.770+0000] {processor.py:186} INFO - Started process (PID=349) to work on /home/airflow/.local/lib/python3.12/site-packages/airflow/example_dags/example_latest_only.py
[2024-11-20T14:18:19.772+0000] {processor.py:914} INFO - Processing file /home/airflow/.local/lib/python3.12/site-packages/airflow/example_dags/example_latest_only.py for tasks to queue
[2024-11-20T14:18:19.777+0000] {logging_mixin.py:190} INFO - [2024-11-20T14:18:19.776+0000] {dagbag.py:588} INFO - Filling up the DagBag from /home/airflow/.local/lib/python3.12/site-packages/airflow/example_dags/example_latest_only.py
[2024-11-20T14:18:19.791+0000] {processor.py:925} INFO - DAG(s) 'latest_only' retrieved from /home/airflow/.local/lib/python3.12/site-packages/airflow/example_dags/example_latest_only.py
[2024-11-20T14:18:19.823+0000] {logging_mixin.py:190} INFO - [2024-11-20T14:18:19.823+0000] {dag.py:3239} INFO - Sync 1 DAGs
[2024-11-20T14:18:19.866+0000] {logging_mixin.py:190} INFO - [2024-11-20T14:18:19.866+0000] {dag.py:4180} INFO - Setting next_dagrun for latest_only to 2024-11-20 08:00:00+00:00, run_after=2024-11-20 12:00:00+00:00
[2024-11-20T14:18:19.897+0000] {processor.py:208} INFO - Processing /home/airflow/.local/lib/python3.12/site-packages/airflow/example_dags/example_latest_only.py took 0.141 seconds
[2024-11-20T14:18:54.526+0000] {processor.py:186} INFO - Started process (PID=414) to work on /home/airflow/.local/lib/python3.12/site-packages/airflow/example_dags/example_latest_only.py
[2024-11-20T14:18:54.528+0000] {processor.py:914} INFO - Processing file /home/airflow/.local/lib/python3.12/site-packages/airflow/example_dags/example_latest_only.py for tasks to queue
[2024-11-20T14:18:54.532+0000] {logging_mixin.py:190} INFO - [2024-11-20T14:18:54.531+0000] {dagbag.py:588} INFO - Filling up the DagBag from /home/airflow/.local/lib/python3.12/site-packages/airflow/example_dags/example_latest_only.py
[2024-11-20T14:18:54.547+0000] {processor.py:925} INFO - DAG(s) 'latest_only' retrieved from /home/airflow/.local/lib/python3.12/site-packages/airflow/example_dags/example_latest_only.py
[2024-11-20T14:18:54.596+0000] {logging_mixin.py:190} INFO - [2024-11-20T14:18:54.596+0000] {dag.py:3239} INFO - Sync 1 DAGs
[2024-11-20T14:18:54.652+0000] {logging_mixin.py:190} INFO - [2024-11-20T14:18:54.652+0000] {dag.py:4180} INFO - Setting next_dagrun for latest_only to 2024-11-20 08:00:00+00:00, run_after=2024-11-20 12:00:00+00:00
[2024-11-20T14:18:54.711+0000] {processor.py:208} INFO - Processing /home/airflow/.local/lib/python3.12/site-packages/airflow/example_dags/example_latest_only.py took 0.198 seconds
[2024-11-20T14:19:26.846+0000] {processor.py:186} INFO - Started process (PID=476) to work on /home/airflow/.local/lib/python3.12/site-packages/airflow/example_dags/example_latest_only.py
[2024-11-20T14:19:26.848+0000] {processor.py:914} INFO - Processing file /home/airflow/.local/lib/python3.12/site-packages/airflow/example_dags/example_latest_only.py for tasks to queue
[2024-11-20T14:19:26.852+0000] {logging_mixin.py:190} INFO - [2024-11-20T14:19:26.851+0000] {dagbag.py:588} INFO - Filling up the DagBag from /home/airflow/.local/lib/python3.12/site-packages/airflow/example_dags/example_latest_only.py
[2024-11-20T14:19:26.865+0000] {processor.py:925} INFO - DAG(s) 'latest_only' retrieved from /home/airflow/.local/lib/python3.12/site-packages/airflow/example_dags/example_latest_only.py
[2024-11-20T14:19:26.895+0000] {logging_mixin.py:190} INFO - [2024-11-20T14:19:26.894+0000] {dag.py:3239} INFO - Sync 1 DAGs
[2024-11-20T14:19:26.934+0000] {logging_mixin.py:190} INFO - [2024-11-20T14:19:26.934+0000] {dag.py:4180} INFO - Setting next_dagrun for latest_only to 2024-11-20 08:00:00+00:00, run_after=2024-11-20 12:00:00+00:00
[2024-11-20T14:19:26.966+0000] {processor.py:208} INFO - Processing /home/airflow/.local/lib/python3.12/site-packages/airflow/example_dags/example_latest_only.py took 0.129 seconds
[2024-11-20T14:19:59.305+0000] {processor.py:186} INFO - Started process (PID=539) to work on /home/airflow/.local/lib/python3.12/site-packages/airflow/example_dags/example_latest_only.py
[2024-11-20T14:19:59.306+0000] {processor.py:914} INFO - Processing file /home/airflow/.local/lib/python3.12/site-packages/airflow/example_dags/example_latest_only.py for tasks to queue
[2024-11-20T14:19:59.310+0000] {logging_mixin.py:190} INFO - [2024-11-20T14:19:59.310+0000] {dagbag.py:588} INFO - Filling up the DagBag from /home/airflow/.local/lib/python3.12/site-packages/airflow/example_dags/example_latest_only.py
[2024-11-20T14:19:59.320+0000] {processor.py:925} INFO - DAG(s) 'latest_only' retrieved from /home/airflow/.local/lib/python3.12/site-packages/airflow/example_dags/example_latest_only.py
[2024-11-20T14:19:59.356+0000] {logging_mixin.py:190} INFO - [2024-11-20T14:19:59.355+0000] {dag.py:3239} INFO - Sync 1 DAGs
[2024-11-20T14:19:59.406+0000] {logging_mixin.py:190} INFO - [2024-11-20T14:19:59.405+0000] {dag.py:4180} INFO - Setting next_dagrun for latest_only to 2024-11-20 08:00:00+00:00, run_after=2024-11-20 12:00:00+00:00
[2024-11-20T14:19:59.439+0000] {processor.py:208} INFO - Processing /home/airflow/.local/lib/python3.12/site-packages/airflow/example_dags/example_latest_only.py took 0.142 seconds
[2024-11-20T14:20:30.703+0000] {processor.py:186} INFO - Started process (PID=602) to work on /home/airflow/.local/lib/python3.12/site-packages/airflow/example_dags/example_latest_only.py
[2024-11-20T14:20:30.705+0000] {processor.py:914} INFO - Processing file /home/airflow/.local/lib/python3.12/site-packages/airflow/example_dags/example_latest_only.py for tasks to queue
[2024-11-20T14:20:30.709+0000] {logging_mixin.py:190} INFO - [2024-11-20T14:20:30.708+0000] {dagbag.py:588} INFO - Filling up the DagBag from /home/airflow/.local/lib/python3.12/site-packages/airflow/example_dags/example_latest_only.py
[2024-11-20T14:20:30.719+0000] {processor.py:925} INFO - DAG(s) 'latest_only' retrieved from /home/airflow/.local/lib/python3.12/site-packages/airflow/example_dags/example_latest_only.py
[2024-11-20T14:20:30.752+0000] {logging_mixin.py:190} INFO - [2024-11-20T14:20:30.752+0000] {dag.py:3239} INFO - Sync 1 DAGs
[2024-11-20T14:20:30.800+0000] {logging_mixin.py:190} INFO - [2024-11-20T14:20:30.799+0000] {dag.py:4180} INFO - Setting next_dagrun for latest_only to 2024-11-20 08:00:00+00:00, run_after=2024-11-20 12:00:00+00:00
[2024-11-20T14:20:30.832+0000] {processor.py:208} INFO - Processing /home/airflow/.local/lib/python3.12/site-packages/airflow/example_dags/example_latest_only.py took 0.138 seconds
[2024-11-20T14:21:02.196+0000] {processor.py:186} INFO - Started process (PID=665) to work on /home/airflow/.local/lib/python3.12/site-packages/airflow/example_dags/example_latest_only.py
[2024-11-20T14:21:02.197+0000] {processor.py:914} INFO - Processing file /home/airflow/.local/lib/python3.12/site-packages/airflow/example_dags/example_latest_only.py for tasks to queue
[2024-11-20T14:21:02.201+0000] {logging_mixin.py:190} INFO - [2024-11-20T14:21:02.201+0000] {dagbag.py:588} INFO - Filling up the DagBag from /home/airflow/.local/lib/python3.12/site-packages/airflow/example_dags/example_latest_only.py
[2024-11-20T14:21:02.212+0000] {processor.py:925} INFO - DAG(s) 'latest_only' retrieved from /home/airflow/.local/lib/python3.12/site-packages/airflow/example_dags/example_latest_only.py
[2024-11-20T14:21:02.244+0000] {logging_mixin.py:190} INFO - [2024-11-20T14:21:02.243+0000] {dag.py:3239} INFO - Sync 1 DAGs
[2024-11-20T14:21:02.281+0000] {logging_mixin.py:190} INFO - [2024-11-20T14:21:02.280+0000] {dag.py:4180} INFO - Setting next_dagrun for latest_only to 2024-11-20 08:00:00+00:00, run_after=2024-11-20 12:00:00+00:00
[2024-11-20T14:21:02.311+0000] {processor.py:208} INFO - Processing /home/airflow/.local/lib/python3.12/site-packages/airflow/example_dags/example_latest_only.py took 0.125 seconds
[2024-11-20T14:21:33.428+0000] {processor.py:186} INFO - Started process (PID=728) to work on /home/airflow/.local/lib/python3.12/site-packages/airflow/example_dags/example_latest_only.py
[2024-11-20T14:21:33.429+0000] {processor.py:914} INFO - Processing file /home/airflow/.local/lib/python3.12/site-packages/airflow/example_dags/example_latest_only.py for tasks to queue
[2024-11-20T14:21:33.433+0000] {logging_mixin.py:190} INFO - [2024-11-20T14:21:33.432+0000] {dagbag.py:588} INFO - Filling up the DagBag from /home/airflow/.local/lib/python3.12/site-packages/airflow/example_dags/example_latest_only.py
[2024-11-20T14:21:33.444+0000] {processor.py:925} INFO - DAG(s) 'latest_only' retrieved from /home/airflow/.local/lib/python3.12/site-packages/airflow/example_dags/example_latest_only.py
[2024-11-20T14:21:33.472+0000] {logging_mixin.py:190} INFO - [2024-11-20T14:21:33.472+0000] {dag.py:3239} INFO - Sync 1 DAGs
[2024-11-20T14:21:33.510+0000] {logging_mixin.py:190} INFO - [2024-11-20T14:21:33.510+0000] {dag.py:4180} INFO - Setting next_dagrun for latest_only to 2024-11-20 08:00:00+00:00, run_after=2024-11-20 12:00:00+00:00
[2024-11-20T14:21:33.538+0000] {processor.py:208} INFO - Processing /home/airflow/.local/lib/python3.12/site-packages/airflow/example_dags/example_latest_only.py took 0.120 seconds
[2024-11-20T14:22:05.837+0000] {processor.py:186} INFO - Started process (PID=791) to work on /home/airflow/.local/lib/python3.12/site-packages/airflow/example_dags/example_latest_only.py
[2024-11-20T14:22:05.842+0000] {processor.py:914} INFO - Processing file /home/airflow/.local/lib/python3.12/site-packages/airflow/example_dags/example_latest_only.py for tasks to queue
[2024-11-20T14:22:05.850+0000] {logging_mixin.py:190} INFO - [2024-11-20T14:22:05.849+0000] {dagbag.py:588} INFO - Filling up the DagBag from /home/airflow/.local/lib/python3.12/site-packages/airflow/example_dags/example_latest_only.py
[2024-11-20T14:22:05.864+0000] {processor.py:925} INFO - DAG(s) 'latest_only' retrieved from /home/airflow/.local/lib/python3.12/site-packages/airflow/example_dags/example_latest_only.py
[2024-11-20T14:22:05.902+0000] {logging_mixin.py:190} INFO - [2024-11-20T14:22:05.902+0000] {dag.py:3239} INFO - Sync 1 DAGs
[2024-11-20T14:22:05.952+0000] {logging_mixin.py:190} INFO - [2024-11-20T14:22:05.951+0000] {dag.py:4180} INFO - Setting next_dagrun for latest_only to 2024-11-20 08:00:00+00:00, run_after=2024-11-20 12:00:00+00:00
[2024-11-20T14:22:05.986+0000] {processor.py:208} INFO - Processing /home/airflow/.local/lib/python3.12/site-packages/airflow/example_dags/example_latest_only.py took 0.164 seconds
[2024-11-20T14:22:38.474+0000] {processor.py:186} INFO - Started process (PID=854) to work on /home/airflow/.local/lib/python3.12/site-packages/airflow/example_dags/example_latest_only.py
[2024-11-20T14:22:38.476+0000] {processor.py:914} INFO - Processing file /home/airflow/.local/lib/python3.12/site-packages/airflow/example_dags/example_latest_only.py for tasks to queue
[2024-11-20T14:22:38.480+0000] {logging_mixin.py:190} INFO - [2024-11-20T14:22:38.480+0000] {dagbag.py:588} INFO - Filling up the DagBag from /home/airflow/.local/lib/python3.12/site-packages/airflow/example_dags/example_latest_only.py
[2024-11-20T14:22:38.495+0000] {processor.py:925} INFO - DAG(s) 'latest_only' retrieved from /home/airflow/.local/lib/python3.12/site-packages/airflow/example_dags/example_latest_only.py
[2024-11-20T14:22:38.534+0000] {logging_mixin.py:190} INFO - [2024-11-20T14:22:38.534+0000] {dag.py:3239} INFO - Sync 1 DAGs
[2024-11-20T14:22:38.586+0000] {logging_mixin.py:190} INFO - [2024-11-20T14:22:38.586+0000] {dag.py:4180} INFO - Setting next_dagrun for latest_only to 2024-11-20 08:00:00+00:00, run_after=2024-11-20 12:00:00+00:00
[2024-11-20T14:22:38.614+0000] {processor.py:208} INFO - Processing /home/airflow/.local/lib/python3.12/site-packages/airflow/example_dags/example_latest_only.py took 0.148 seconds
[2024-11-20T14:23:10.687+0000] {processor.py:186} INFO - Started process (PID=918) to work on /home/airflow/.local/lib/python3.12/site-packages/airflow/example_dags/example_latest_only.py
[2024-11-20T14:23:10.689+0000] {processor.py:914} INFO - Processing file /home/airflow/.local/lib/python3.12/site-packages/airflow/example_dags/example_latest_only.py for tasks to queue
[2024-11-20T14:23:10.694+0000] {logging_mixin.py:190} INFO - [2024-11-20T14:23:10.693+0000] {dagbag.py:588} INFO - Filling up the DagBag from /home/airflow/.local/lib/python3.12/site-packages/airflow/example_dags/example_latest_only.py
[2024-11-20T14:23:10.708+0000] {processor.py:925} INFO - DAG(s) 'latest_only' retrieved from /home/airflow/.local/lib/python3.12/site-packages/airflow/example_dags/example_latest_only.py
[2024-11-20T14:23:10.746+0000] {logging_mixin.py:190} INFO - [2024-11-20T14:23:10.746+0000] {dag.py:3239} INFO - Sync 1 DAGs
[2024-11-20T14:23:10.808+0000] {logging_mixin.py:190} INFO - [2024-11-20T14:23:10.805+0000] {dag.py:4180} INFO - Setting next_dagrun for latest_only to 2024-11-20 08:00:00+00:00, run_after=2024-11-20 12:00:00+00:00
[2024-11-20T14:23:10.858+0000] {processor.py:208} INFO - Processing /home/airflow/.local/lib/python3.12/site-packages/airflow/example_dags/example_latest_only.py took 0.183 seconds
[2024-11-20T14:23:42.360+0000] {processor.py:186} INFO - Started process (PID=980) to work on /home/airflow/.local/lib/python3.12/site-packages/airflow/example_dags/example_latest_only.py
[2024-11-20T14:23:42.362+0000] {processor.py:914} INFO - Processing file /home/airflow/.local/lib/python3.12/site-packages/airflow/example_dags/example_latest_only.py for tasks to queue
[2024-11-20T14:23:42.366+0000] {logging_mixin.py:190} INFO - [2024-11-20T14:23:42.366+0000] {dagbag.py:588} INFO - Filling up the DagBag from /home/airflow/.local/lib/python3.12/site-packages/airflow/example_dags/example_latest_only.py
[2024-11-20T14:23:42.380+0000] {processor.py:925} INFO - DAG(s) 'latest_only' retrieved from /home/airflow/.local/lib/python3.12/site-packages/airflow/example_dags/example_latest_only.py
[2024-11-20T14:23:42.412+0000] {logging_mixin.py:190} INFO - [2024-11-20T14:23:42.412+0000] {dag.py:3239} INFO - Sync 1 DAGs
[2024-11-20T14:23:42.452+0000] {logging_mixin.py:190} INFO - [2024-11-20T14:23:42.452+0000] {dag.py:4180} INFO - Setting next_dagrun for latest_only to 2024-11-20 08:00:00+00:00, run_after=2024-11-20 12:00:00+00:00
[2024-11-20T14:23:42.480+0000] {processor.py:208} INFO - Processing /home/airflow/.local/lib/python3.12/site-packages/airflow/example_dags/example_latest_only.py took 0.129 seconds
[2024-11-20T14:24:13.864+0000] {processor.py:186} INFO - Started process (PID=1043) to work on /home/airflow/.local/lib/python3.12/site-packages/airflow/example_dags/example_latest_only.py
[2024-11-20T14:24:13.865+0000] {processor.py:914} INFO - Processing file /home/airflow/.local/lib/python3.12/site-packages/airflow/example_dags/example_latest_only.py for tasks to queue
[2024-11-20T14:24:13.869+0000] {logging_mixin.py:190} INFO - [2024-11-20T14:24:13.869+0000] {dagbag.py:588} INFO - Filling up the DagBag from /home/airflow/.local/lib/python3.12/site-packages/airflow/example_dags/example_latest_only.py
[2024-11-20T14:24:13.880+0000] {processor.py:925} INFO - DAG(s) 'latest_only' retrieved from /home/airflow/.local/lib/python3.12/site-packages/airflow/example_dags/example_latest_only.py
[2024-11-20T14:24:13.912+0000] {logging_mixin.py:190} INFO - [2024-11-20T14:24:13.911+0000] {dag.py:3239} INFO - Sync 1 DAGs
[2024-11-20T14:24:13.956+0000] {logging_mixin.py:190} INFO - [2024-11-20T14:24:13.956+0000] {dag.py:4180} INFO - Setting next_dagrun for latest_only to 2024-11-20 08:00:00+00:00, run_after=2024-11-20 12:00:00+00:00
[2024-11-20T14:24:13.988+0000] {processor.py:208} INFO - Processing /home/airflow/.local/lib/python3.12/site-packages/airflow/example_dags/example_latest_only.py took 0.134 seconds
[2024-11-20T14:24:45.894+0000] {processor.py:186} INFO - Started process (PID=1111) to work on /home/airflow/.local/lib/python3.12/site-packages/airflow/example_dags/example_latest_only.py
[2024-11-20T14:24:45.896+0000] {processor.py:914} INFO - Processing file /home/airflow/.local/lib/python3.12/site-packages/airflow/example_dags/example_latest_only.py for tasks to queue
[2024-11-20T14:24:45.899+0000] {logging_mixin.py:190} INFO - [2024-11-20T14:24:45.899+0000] {dagbag.py:588} INFO - Filling up the DagBag from /home/airflow/.local/lib/python3.12/site-packages/airflow/example_dags/example_latest_only.py
[2024-11-20T14:24:45.912+0000] {processor.py:925} INFO - DAG(s) 'latest_only' retrieved from /home/airflow/.local/lib/python3.12/site-packages/airflow/example_dags/example_latest_only.py
[2024-11-20T14:24:45.948+0000] {logging_mixin.py:190} INFO - [2024-11-20T14:24:45.948+0000] {dag.py:3239} INFO - Sync 1 DAGs
[2024-11-20T14:24:45.988+0000] {logging_mixin.py:190} INFO - [2024-11-20T14:24:45.988+0000] {dag.py:4180} INFO - Setting next_dagrun for latest_only to 2024-11-20 08:00:00+00:00, run_after=2024-11-20 12:00:00+00:00
[2024-11-20T14:24:46.018+0000] {processor.py:208} INFO - Processing /home/airflow/.local/lib/python3.12/site-packages/airflow/example_dags/example_latest_only.py took 0.133 seconds
[2024-11-20T14:25:17.807+0000] {processor.py:186} INFO - Started process (PID=1174) to work on /home/airflow/.local/lib/python3.12/site-packages/airflow/example_dags/example_latest_only.py
[2024-11-20T14:25:17.810+0000] {processor.py:914} INFO - Processing file /home/airflow/.local/lib/python3.12/site-packages/airflow/example_dags/example_latest_only.py for tasks to queue
[2024-11-20T14:25:17.814+0000] {logging_mixin.py:190} INFO - [2024-11-20T14:25:17.814+0000] {dagbag.py:588} INFO - Filling up the DagBag from /home/airflow/.local/lib/python3.12/site-packages/airflow/example_dags/example_latest_only.py
[2024-11-20T14:25:17.830+0000] {processor.py:925} INFO - DAG(s) 'latest_only' retrieved from /home/airflow/.local/lib/python3.12/site-packages/airflow/example_dags/example_latest_only.py
[2024-11-20T14:25:17.864+0000] {logging_mixin.py:190} INFO - [2024-11-20T14:25:17.863+0000] {dag.py:3239} INFO - Sync 1 DAGs
[2024-11-20T14:25:17.917+0000] {logging_mixin.py:190} INFO - [2024-11-20T14:25:17.917+0000] {dag.py:4180} INFO - Setting next_dagrun for latest_only to 2024-11-20 08:00:00+00:00, run_after=2024-11-20 12:00:00+00:00
[2024-11-20T14:25:17.954+0000] {processor.py:208} INFO - Processing /home/airflow/.local/lib/python3.12/site-packages/airflow/example_dags/example_latest_only.py took 0.160 seconds
[2024-11-20T14:25:49.628+0000] {processor.py:186} INFO - Started process (PID=1242) to work on /home/airflow/.local/lib/python3.12/site-packages/airflow/example_dags/example_latest_only.py
[2024-11-20T14:25:49.630+0000] {processor.py:914} INFO - Processing file /home/airflow/.local/lib/python3.12/site-packages/airflow/example_dags/example_latest_only.py for tasks to queue
[2024-11-20T14:25:49.633+0000] {logging_mixin.py:190} INFO - [2024-11-20T14:25:49.633+0000] {dagbag.py:588} INFO - Filling up the DagBag from /home/airflow/.local/lib/python3.12/site-packages/airflow/example_dags/example_latest_only.py
[2024-11-20T14:25:49.646+0000] {processor.py:925} INFO - DAG(s) 'latest_only' retrieved from /home/airflow/.local/lib/python3.12/site-packages/airflow/example_dags/example_latest_only.py
[2024-11-20T14:25:49.678+0000] {logging_mixin.py:190} INFO - [2024-11-20T14:25:49.677+0000] {dag.py:3239} INFO - Sync 1 DAGs
[2024-11-20T14:25:49.725+0000] {logging_mixin.py:190} INFO - [2024-11-20T14:25:49.724+0000] {dag.py:4180} INFO - Setting next_dagrun for latest_only to 2024-11-20 08:00:00+00:00, run_after=2024-11-20 12:00:00+00:00
[2024-11-20T14:25:49.758+0000] {processor.py:208} INFO - Processing /home/airflow/.local/lib/python3.12/site-packages/airflow/example_dags/example_latest_only.py took 0.139 seconds
[2024-11-20T14:26:21.525+0000] {processor.py:186} INFO - Started process (PID=1305) to work on /home/airflow/.local/lib/python3.12/site-packages/airflow/example_dags/example_latest_only.py
[2024-11-20T14:26:21.527+0000] {processor.py:914} INFO - Processing file /home/airflow/.local/lib/python3.12/site-packages/airflow/example_dags/example_latest_only.py for tasks to queue
[2024-11-20T14:26:21.530+0000] {logging_mixin.py:190} INFO - [2024-11-20T14:26:21.530+0000] {dagbag.py:588} INFO - Filling up the DagBag from /home/airflow/.local/lib/python3.12/site-packages/airflow/example_dags/example_latest_only.py
[2024-11-20T14:26:21.540+0000] {processor.py:925} INFO - DAG(s) 'latest_only' retrieved from /home/airflow/.local/lib/python3.12/site-packages/airflow/example_dags/example_latest_only.py
[2024-11-20T14:26:21.568+0000] {logging_mixin.py:190} INFO - [2024-11-20T14:26:21.568+0000] {dag.py:3239} INFO - Sync 1 DAGs
[2024-11-20T14:26:21.608+0000] {logging_mixin.py:190} INFO - [2024-11-20T14:26:21.608+0000] {dag.py:4180} INFO - Setting next_dagrun for latest_only to 2024-11-20 08:00:00+00:00, run_after=2024-11-20 12:00:00+00:00
[2024-11-20T14:26:21.634+0000] {processor.py:208} INFO - Processing /home/airflow/.local/lib/python3.12/site-packages/airflow/example_dags/example_latest_only.py took 0.117 seconds
[2024-11-20T14:26:51.945+0000] {processor.py:186} INFO - Started process (PID=1367) to work on /home/airflow/.local/lib/python3.12/site-packages/airflow/example_dags/example_latest_only.py
[2024-11-20T14:26:51.947+0000] {processor.py:914} INFO - Processing file /home/airflow/.local/lib/python3.12/site-packages/airflow/example_dags/example_latest_only.py for tasks to queue
[2024-11-20T14:26:51.952+0000] {logging_mixin.py:190} INFO - [2024-11-20T14:26:51.951+0000] {dagbag.py:588} INFO - Filling up the DagBag from /home/airflow/.local/lib/python3.12/site-packages/airflow/example_dags/example_latest_only.py
[2024-11-20T14:26:51.969+0000] {processor.py:925} INFO - DAG(s) 'latest_only' retrieved from /home/airflow/.local/lib/python3.12/site-packages/airflow/example_dags/example_latest_only.py
[2024-11-20T14:26:52.023+0000] {logging_mixin.py:190} INFO - [2024-11-20T14:26:52.022+0000] {dag.py:3239} INFO - Sync 1 DAGs
[2024-11-20T14:26:52.083+0000] {logging_mixin.py:190} INFO - [2024-11-20T14:26:52.083+0000] {dag.py:4180} INFO - Setting next_dagrun for latest_only to 2024-11-20 08:00:00+00:00, run_after=2024-11-20 12:00:00+00:00
[2024-11-20T14:26:52.122+0000] {processor.py:208} INFO - Processing /home/airflow/.local/lib/python3.12/site-packages/airflow/example_dags/example_latest_only.py took 0.199 seconds
[2024-11-20T14:28:09.679+0000] {processor.py:186} INFO - Started process (PID=1430) to work on /home/airflow/.local/lib/python3.12/site-packages/airflow/example_dags/example_latest_only.py
[2024-11-20T14:28:09.682+0000] {processor.py:914} INFO - Processing file /home/airflow/.local/lib/python3.12/site-packages/airflow/example_dags/example_latest_only.py for tasks to queue
[2024-11-20T14:28:09.687+0000] {logging_mixin.py:190} INFO - [2024-11-20T14:28:09.686+0000] {dagbag.py:588} INFO - Filling up the DagBag from /home/airflow/.local/lib/python3.12/site-packages/airflow/example_dags/example_latest_only.py
[2024-11-20T14:28:09.702+0000] {processor.py:925} INFO - DAG(s) 'latest_only' retrieved from /home/airflow/.local/lib/python3.12/site-packages/airflow/example_dags/example_latest_only.py
[2024-11-20T14:28:09.736+0000] {logging_mixin.py:190} INFO - [2024-11-20T14:28:09.735+0000] {dag.py:3239} INFO - Sync 1 DAGs
[2024-11-20T14:28:09.781+0000] {logging_mixin.py:190} INFO - [2024-11-20T14:28:09.780+0000] {dag.py:4180} INFO - Setting next_dagrun for latest_only to 2024-11-20 08:00:00+00:00, run_after=2024-11-20 12:00:00+00:00
[2024-11-20T14:28:09.920+0000] {processor.py:208} INFO - Processing /home/airflow/.local/lib/python3.12/site-packages/airflow/example_dags/example_latest_only.py took 0.251 seconds
[2024-11-20T14:28:40.220+0000] {processor.py:186} INFO - Started process (PID=1493) to work on /home/airflow/.local/lib/python3.12/site-packages/airflow/example_dags/example_latest_only.py
[2024-11-20T14:28:40.221+0000] {processor.py:914} INFO - Processing file /home/airflow/.local/lib/python3.12/site-packages/airflow/example_dags/example_latest_only.py for tasks to queue
[2024-11-20T14:28:40.224+0000] {logging_mixin.py:190} INFO - [2024-11-20T14:28:40.224+0000] {dagbag.py:588} INFO - Filling up the DagBag from /home/airflow/.local/lib/python3.12/site-packages/airflow/example_dags/example_latest_only.py
[2024-11-20T14:28:40.234+0000] {processor.py:925} INFO - DAG(s) 'latest_only' retrieved from /home/airflow/.local/lib/python3.12/site-packages/airflow/example_dags/example_latest_only.py
[2024-11-20T14:28:40.272+0000] {logging_mixin.py:190} INFO - [2024-11-20T14:28:40.271+0000] {dag.py:3239} INFO - Sync 1 DAGs
[2024-11-20T14:28:40.322+0000] {logging_mixin.py:190} INFO - [2024-11-20T14:28:40.322+0000] {dag.py:4180} INFO - Setting next_dagrun for latest_only to 2024-11-20 08:00:00+00:00, run_after=2024-11-20 12:00:00+00:00
[2024-11-20T14:28:40.348+0000] {processor.py:208} INFO - Processing /home/airflow/.local/lib/python3.12/site-packages/airflow/example_dags/example_latest_only.py took 0.138 seconds
[2024-11-20T14:29:11.092+0000] {processor.py:186} INFO - Started process (PID=1555) to work on /home/airflow/.local/lib/python3.12/site-packages/airflow/example_dags/example_latest_only.py
[2024-11-20T14:29:11.093+0000] {processor.py:914} INFO - Processing file /home/airflow/.local/lib/python3.12/site-packages/airflow/example_dags/example_latest_only.py for tasks to queue
[2024-11-20T14:29:11.097+0000] {logging_mixin.py:190} INFO - [2024-11-20T14:29:11.096+0000] {dagbag.py:588} INFO - Filling up the DagBag from /home/airflow/.local/lib/python3.12/site-packages/airflow/example_dags/example_latest_only.py
[2024-11-20T14:29:11.107+0000] {processor.py:925} INFO - DAG(s) 'latest_only' retrieved from /home/airflow/.local/lib/python3.12/site-packages/airflow/example_dags/example_latest_only.py
[2024-11-20T14:29:11.136+0000] {logging_mixin.py:190} INFO - [2024-11-20T14:29:11.135+0000] {dag.py:3239} INFO - Sync 1 DAGs
[2024-11-20T14:29:11.176+0000] {logging_mixin.py:190} INFO - [2024-11-20T14:29:11.176+0000] {dag.py:4180} INFO - Setting next_dagrun for latest_only to 2024-11-20 08:00:00+00:00, run_after=2024-11-20 12:00:00+00:00
[2024-11-20T14:29:11.206+0000] {processor.py:208} INFO - Processing /home/airflow/.local/lib/python3.12/site-packages/airflow/example_dags/example_latest_only.py took 0.123 seconds
[2024-11-20T14:29:43.211+0000] {processor.py:186} INFO - Started process (PID=1623) to work on /home/airflow/.local/lib/python3.12/site-packages/airflow/example_dags/example_latest_only.py
[2024-11-20T14:29:43.213+0000] {processor.py:914} INFO - Processing file /home/airflow/.local/lib/python3.12/site-packages/airflow/example_dags/example_latest_only.py for tasks to queue
[2024-11-20T14:29:43.216+0000] {logging_mixin.py:190} INFO - [2024-11-20T14:29:43.216+0000] {dagbag.py:588} INFO - Filling up the DagBag from /home/airflow/.local/lib/python3.12/site-packages/airflow/example_dags/example_latest_only.py
[2024-11-20T14:29:43.228+0000] {processor.py:925} INFO - DAG(s) 'latest_only' retrieved from /home/airflow/.local/lib/python3.12/site-packages/airflow/example_dags/example_latest_only.py
[2024-11-20T14:29:43.261+0000] {logging_mixin.py:190} INFO - [2024-11-20T14:29:43.261+0000] {dag.py:3239} INFO - Sync 1 DAGs
[2024-11-20T14:29:43.314+0000] {logging_mixin.py:190} INFO - [2024-11-20T14:29:43.313+0000] {dag.py:4180} INFO - Setting next_dagrun for latest_only to 2024-11-20 08:00:00+00:00, run_after=2024-11-20 12:00:00+00:00
[2024-11-20T14:29:43.349+0000] {processor.py:208} INFO - Processing /home/airflow/.local/lib/python3.12/site-packages/airflow/example_dags/example_latest_only.py took 0.150 seconds
[2024-11-20T14:30:15.972+0000] {processor.py:186} INFO - Started process (PID=1686) to work on /home/airflow/.local/lib/python3.12/site-packages/airflow/example_dags/example_latest_only.py
[2024-11-20T14:30:15.987+0000] {processor.py:914} INFO - Processing file /home/airflow/.local/lib/python3.12/site-packages/airflow/example_dags/example_latest_only.py for tasks to queue
[2024-11-20T14:30:15.992+0000] {logging_mixin.py:190} INFO - [2024-11-20T14:30:15.992+0000] {dagbag.py:588} INFO - Filling up the DagBag from /home/airflow/.local/lib/python3.12/site-packages/airflow/example_dags/example_latest_only.py
[2024-11-20T14:30:16.009+0000] {processor.py:925} INFO - DAG(s) 'latest_only' retrieved from /home/airflow/.local/lib/python3.12/site-packages/airflow/example_dags/example_latest_only.py
[2024-11-20T14:30:16.051+0000] {logging_mixin.py:190} INFO - [2024-11-20T14:30:16.051+0000] {dag.py:3239} INFO - Sync 1 DAGs
[2024-11-20T14:30:16.111+0000] {logging_mixin.py:190} INFO - [2024-11-20T14:30:16.110+0000] {dag.py:4180} INFO - Setting next_dagrun for latest_only to 2024-11-20 08:00:00+00:00, run_after=2024-11-20 12:00:00+00:00
[2024-11-20T14:30:16.155+0000] {processor.py:208} INFO - Processing /home/airflow/.local/lib/python3.12/site-packages/airflow/example_dags/example_latest_only.py took 0.197 seconds
[2024-11-20T14:30:48.566+0000] {processor.py:186} INFO - Started process (PID=1749) to work on /home/airflow/.local/lib/python3.12/site-packages/airflow/example_dags/example_latest_only.py
[2024-11-20T14:30:48.571+0000] {processor.py:914} INFO - Processing file /home/airflow/.local/lib/python3.12/site-packages/airflow/example_dags/example_latest_only.py for tasks to queue
[2024-11-20T14:30:48.582+0000] {logging_mixin.py:190} INFO - [2024-11-20T14:30:48.581+0000] {dagbag.py:588} INFO - Filling up the DagBag from /home/airflow/.local/lib/python3.12/site-packages/airflow/example_dags/example_latest_only.py
[2024-11-20T14:30:48.599+0000] {processor.py:925} INFO - DAG(s) 'latest_only' retrieved from /home/airflow/.local/lib/python3.12/site-packages/airflow/example_dags/example_latest_only.py
[2024-11-20T14:30:48.685+0000] {logging_mixin.py:190} INFO - [2024-11-20T14:30:48.684+0000] {dag.py:3239} INFO - Sync 1 DAGs
[2024-11-20T14:30:48.815+0000] {logging_mixin.py:190} INFO - [2024-11-20T14:30:48.815+0000] {dag.py:4180} INFO - Setting next_dagrun for latest_only to 2024-11-20 08:00:00+00:00, run_after=2024-11-20 12:00:00+00:00
[2024-11-20T14:30:48.904+0000] {processor.py:208} INFO - Processing /home/airflow/.local/lib/python3.12/site-packages/airflow/example_dags/example_latest_only.py took 0.368 seconds
[2024-11-20T14:31:21.338+0000] {processor.py:186} INFO - Started process (PID=1812) to work on /home/airflow/.local/lib/python3.12/site-packages/airflow/example_dags/example_latest_only.py
[2024-11-20T14:31:21.340+0000] {processor.py:914} INFO - Processing file /home/airflow/.local/lib/python3.12/site-packages/airflow/example_dags/example_latest_only.py for tasks to queue
[2024-11-20T14:31:21.349+0000] {logging_mixin.py:190} INFO - [2024-11-20T14:31:21.348+0000] {dagbag.py:588} INFO - Filling up the DagBag from /home/airflow/.local/lib/python3.12/site-packages/airflow/example_dags/example_latest_only.py
[2024-11-20T14:31:21.396+0000] {processor.py:925} INFO - DAG(s) 'latest_only' retrieved from /home/airflow/.local/lib/python3.12/site-packages/airflow/example_dags/example_latest_only.py
[2024-11-20T14:31:21.458+0000] {logging_mixin.py:190} INFO - [2024-11-20T14:31:21.455+0000] {dag.py:3239} INFO - Sync 1 DAGs
[2024-11-20T14:31:21.622+0000] {logging_mixin.py:190} INFO - [2024-11-20T14:31:21.621+0000] {dag.py:4180} INFO - Setting next_dagrun for latest_only to 2024-11-20 08:00:00+00:00, run_after=2024-11-20 12:00:00+00:00
[2024-11-20T14:31:21.707+0000] {processor.py:208} INFO - Processing /home/airflow/.local/lib/python3.12/site-packages/airflow/example_dags/example_latest_only.py took 0.387 seconds
[2024-11-20T14:31:52.563+0000] {processor.py:186} INFO - Started process (PID=1874) to work on /home/airflow/.local/lib/python3.12/site-packages/airflow/example_dags/example_latest_only.py
[2024-11-20T14:31:52.564+0000] {processor.py:914} INFO - Processing file /home/airflow/.local/lib/python3.12/site-packages/airflow/example_dags/example_latest_only.py for tasks to queue
[2024-11-20T14:31:52.570+0000] {logging_mixin.py:190} INFO - [2024-11-20T14:31:52.569+0000] {dagbag.py:588} INFO - Filling up the DagBag from /home/airflow/.local/lib/python3.12/site-packages/airflow/example_dags/example_latest_only.py
[2024-11-20T14:31:52.589+0000] {processor.py:925} INFO - DAG(s) 'latest_only' retrieved from /home/airflow/.local/lib/python3.12/site-packages/airflow/example_dags/example_latest_only.py
[2024-11-20T14:31:52.649+0000] {logging_mixin.py:190} INFO - [2024-11-20T14:31:52.648+0000] {dag.py:3239} INFO - Sync 1 DAGs
[2024-11-20T14:31:52.733+0000] {logging_mixin.py:190} INFO - [2024-11-20T14:31:52.733+0000] {dag.py:4180} INFO - Setting next_dagrun for latest_only to 2024-11-20 08:00:00+00:00, run_after=2024-11-20 12:00:00+00:00
[2024-11-20T14:31:52.808+0000] {processor.py:208} INFO - Processing /home/airflow/.local/lib/python3.12/site-packages/airflow/example_dags/example_latest_only.py took 0.263 seconds
[2024-11-20T14:32:22.951+0000] {processor.py:186} INFO - Started process (PID=1936) to work on /home/airflow/.local/lib/python3.12/site-packages/airflow/example_dags/example_latest_only.py
[2024-11-20T14:32:22.953+0000] {processor.py:914} INFO - Processing file /home/airflow/.local/lib/python3.12/site-packages/airflow/example_dags/example_latest_only.py for tasks to queue
[2024-11-20T14:32:22.957+0000] {logging_mixin.py:190} INFO - [2024-11-20T14:32:22.957+0000] {dagbag.py:588} INFO - Filling up the DagBag from /home/airflow/.local/lib/python3.12/site-packages/airflow/example_dags/example_latest_only.py
[2024-11-20T14:32:22.971+0000] {processor.py:925} INFO - DAG(s) 'latest_only' retrieved from /home/airflow/.local/lib/python3.12/site-packages/airflow/example_dags/example_latest_only.py
[2024-11-20T14:32:23.005+0000] {logging_mixin.py:190} INFO - [2024-11-20T14:32:23.004+0000] {dag.py:3239} INFO - Sync 1 DAGs
[2024-11-20T14:32:23.045+0000] {logging_mixin.py:190} INFO - [2024-11-20T14:32:23.045+0000] {dag.py:4180} INFO - Setting next_dagrun for latest_only to 2024-11-20 08:00:00+00:00, run_after=2024-11-20 12:00:00+00:00
[2024-11-20T14:32:23.081+0000] {processor.py:208} INFO - Processing /home/airflow/.local/lib/python3.12/site-packages/airflow/example_dags/example_latest_only.py took 0.139 seconds
[2024-11-20T14:32:53.868+0000] {processor.py:186} INFO - Started process (PID=1999) to work on /home/airflow/.local/lib/python3.12/site-packages/airflow/example_dags/example_latest_only.py
[2024-11-20T14:32:53.870+0000] {processor.py:914} INFO - Processing file /home/airflow/.local/lib/python3.12/site-packages/airflow/example_dags/example_latest_only.py for tasks to queue
[2024-11-20T14:32:53.873+0000] {logging_mixin.py:190} INFO - [2024-11-20T14:32:53.873+0000] {dagbag.py:588} INFO - Filling up the DagBag from /home/airflow/.local/lib/python3.12/site-packages/airflow/example_dags/example_latest_only.py
[2024-11-20T14:32:53.883+0000] {processor.py:925} INFO - DAG(s) 'latest_only' retrieved from /home/airflow/.local/lib/python3.12/site-packages/airflow/example_dags/example_latest_only.py
[2024-11-20T14:32:53.911+0000] {logging_mixin.py:190} INFO - [2024-11-20T14:32:53.911+0000] {dag.py:3239} INFO - Sync 1 DAGs
[2024-11-20T14:32:53.949+0000] {logging_mixin.py:190} INFO - [2024-11-20T14:32:53.949+0000] {dag.py:4180} INFO - Setting next_dagrun for latest_only to 2024-11-20 08:00:00+00:00, run_after=2024-11-20 12:00:00+00:00
[2024-11-20T14:32:53.976+0000] {processor.py:208} INFO - Processing /home/airflow/.local/lib/python3.12/site-packages/airflow/example_dags/example_latest_only.py took 0.117 seconds
[2024-11-20T14:33:24.442+0000] {processor.py:186} INFO - Started process (PID=2062) to work on /home/airflow/.local/lib/python3.12/site-packages/airflow/example_dags/example_latest_only.py
[2024-11-20T14:33:24.444+0000] {processor.py:914} INFO - Processing file /home/airflow/.local/lib/python3.12/site-packages/airflow/example_dags/example_latest_only.py for tasks to queue
[2024-11-20T14:33:24.448+0000] {logging_mixin.py:190} INFO - [2024-11-20T14:33:24.448+0000] {dagbag.py:588} INFO - Filling up the DagBag from /home/airflow/.local/lib/python3.12/site-packages/airflow/example_dags/example_latest_only.py
[2024-11-20T14:33:24.463+0000] {processor.py:925} INFO - DAG(s) 'latest_only' retrieved from /home/airflow/.local/lib/python3.12/site-packages/airflow/example_dags/example_latest_only.py
[2024-11-20T14:33:24.501+0000] {logging_mixin.py:190} INFO - [2024-11-20T14:33:24.501+0000] {dag.py:3239} INFO - Sync 1 DAGs
[2024-11-20T14:33:24.556+0000] {logging_mixin.py:190} INFO - [2024-11-20T14:33:24.556+0000] {dag.py:4180} INFO - Setting next_dagrun for latest_only to 2024-11-20 08:00:00+00:00, run_after=2024-11-20 12:00:00+00:00
[2024-11-20T14:33:24.595+0000] {processor.py:208} INFO - Processing /home/airflow/.local/lib/python3.12/site-packages/airflow/example_dags/example_latest_only.py took 0.163 seconds
[2024-11-20T14:33:55.117+0000] {processor.py:186} INFO - Started process (PID=2124) to work on /home/airflow/.local/lib/python3.12/site-packages/airflow/example_dags/example_latest_only.py
[2024-11-20T14:33:55.118+0000] {processor.py:914} INFO - Processing file /home/airflow/.local/lib/python3.12/site-packages/airflow/example_dags/example_latest_only.py for tasks to queue
[2024-11-20T14:33:55.122+0000] {logging_mixin.py:190} INFO - [2024-11-20T14:33:55.121+0000] {dagbag.py:588} INFO - Filling up the DagBag from /home/airflow/.local/lib/python3.12/site-packages/airflow/example_dags/example_latest_only.py
[2024-11-20T14:33:55.137+0000] {processor.py:925} INFO - DAG(s) 'latest_only' retrieved from /home/airflow/.local/lib/python3.12/site-packages/airflow/example_dags/example_latest_only.py
[2024-11-20T14:33:55.177+0000] {logging_mixin.py:190} INFO - [2024-11-20T14:33:55.176+0000] {dag.py:3239} INFO - Sync 1 DAGs
[2024-11-20T14:33:55.222+0000] {logging_mixin.py:190} INFO - [2024-11-20T14:33:55.221+0000] {dag.py:4180} INFO - Setting next_dagrun for latest_only to 2024-11-20 08:00:00+00:00, run_after=2024-11-20 12:00:00+00:00
[2024-11-20T14:33:55.252+0000] {processor.py:208} INFO - Processing /home/airflow/.local/lib/python3.12/site-packages/airflow/example_dags/example_latest_only.py took 0.149 seconds
[2024-11-20T14:34:25.384+0000] {processor.py:186} INFO - Started process (PID=2187) to work on /home/airflow/.local/lib/python3.12/site-packages/airflow/example_dags/example_latest_only.py
[2024-11-20T14:34:25.389+0000] {processor.py:914} INFO - Processing file /home/airflow/.local/lib/python3.12/site-packages/airflow/example_dags/example_latest_only.py for tasks to queue
[2024-11-20T14:34:25.397+0000] {logging_mixin.py:190} INFO - [2024-11-20T14:34:25.396+0000] {dagbag.py:588} INFO - Filling up the DagBag from /home/airflow/.local/lib/python3.12/site-packages/airflow/example_dags/example_latest_only.py
[2024-11-20T14:34:25.419+0000] {processor.py:925} INFO - DAG(s) 'latest_only' retrieved from /home/airflow/.local/lib/python3.12/site-packages/airflow/example_dags/example_latest_only.py
[2024-11-20T14:34:25.477+0000] {logging_mixin.py:190} INFO - [2024-11-20T14:34:25.476+0000] {dag.py:3239} INFO - Sync 1 DAGs
[2024-11-20T14:34:25.557+0000] {logging_mixin.py:190} INFO - [2024-11-20T14:34:25.557+0000] {dag.py:4180} INFO - Setting next_dagrun for latest_only to 2024-11-20 08:00:00+00:00, run_after=2024-11-20 12:00:00+00:00
[2024-11-20T14:34:25.609+0000] {processor.py:208} INFO - Processing /home/airflow/.local/lib/python3.12/site-packages/airflow/example_dags/example_latest_only.py took 0.242 seconds
[2024-11-20T14:34:55.859+0000] {processor.py:186} INFO - Started process (PID=2250) to work on /home/airflow/.local/lib/python3.12/site-packages/airflow/example_dags/example_latest_only.py
[2024-11-20T14:34:55.861+0000] {processor.py:914} INFO - Processing file /home/airflow/.local/lib/python3.12/site-packages/airflow/example_dags/example_latest_only.py for tasks to queue
[2024-11-20T14:34:55.868+0000] {logging_mixin.py:190} INFO - [2024-11-20T14:34:55.867+0000] {dagbag.py:588} INFO - Filling up the DagBag from /home/airflow/.local/lib/python3.12/site-packages/airflow/example_dags/example_latest_only.py
[2024-11-20T14:34:55.887+0000] {processor.py:925} INFO - DAG(s) 'latest_only' retrieved from /home/airflow/.local/lib/python3.12/site-packages/airflow/example_dags/example_latest_only.py
[2024-11-20T14:34:55.952+0000] {logging_mixin.py:190} INFO - [2024-11-20T14:34:55.951+0000] {dag.py:3239} INFO - Sync 1 DAGs
[2024-11-20T14:34:56.030+0000] {logging_mixin.py:190} INFO - [2024-11-20T14:34:56.030+0000] {dag.py:4180} INFO - Setting next_dagrun for latest_only to 2024-11-20 08:00:00+00:00, run_after=2024-11-20 12:00:00+00:00
[2024-11-20T14:34:56.075+0000] {processor.py:208} INFO - Processing /home/airflow/.local/lib/python3.12/site-packages/airflow/example_dags/example_latest_only.py took 0.242 seconds
[2024-11-20T14:35:26.694+0000] {processor.py:186} INFO - Started process (PID=2313) to work on /home/airflow/.local/lib/python3.12/site-packages/airflow/example_dags/example_latest_only.py
[2024-11-20T14:35:26.696+0000] {processor.py:914} INFO - Processing file /home/airflow/.local/lib/python3.12/site-packages/airflow/example_dags/example_latest_only.py for tasks to queue
[2024-11-20T14:35:26.701+0000] {logging_mixin.py:190} INFO - [2024-11-20T14:35:26.700+0000] {dagbag.py:588} INFO - Filling up the DagBag from /home/airflow/.local/lib/python3.12/site-packages/airflow/example_dags/example_latest_only.py
[2024-11-20T14:35:26.716+0000] {processor.py:925} INFO - DAG(s) 'latest_only' retrieved from /home/airflow/.local/lib/python3.12/site-packages/airflow/example_dags/example_latest_only.py
[2024-11-20T14:35:26.750+0000] {logging_mixin.py:190} INFO - [2024-11-20T14:35:26.749+0000] {dag.py:3239} INFO - Sync 1 DAGs
[2024-11-20T14:35:26.795+0000] {logging_mixin.py:190} INFO - [2024-11-20T14:35:26.795+0000] {dag.py:4180} INFO - Setting next_dagrun for latest_only to 2024-11-20 08:00:00+00:00, run_after=2024-11-20 12:00:00+00:00
[2024-11-20T14:35:26.826+0000] {processor.py:208} INFO - Processing /home/airflow/.local/lib/python3.12/site-packages/airflow/example_dags/example_latest_only.py took 0.152 seconds
[2024-11-20T14:35:57.505+0000] {processor.py:186} INFO - Started process (PID=2376) to work on /home/airflow/.local/lib/python3.12/site-packages/airflow/example_dags/example_latest_only.py
[2024-11-20T14:35:57.507+0000] {processor.py:914} INFO - Processing file /home/airflow/.local/lib/python3.12/site-packages/airflow/example_dags/example_latest_only.py for tasks to queue
[2024-11-20T14:35:57.512+0000] {logging_mixin.py:190} INFO - [2024-11-20T14:35:57.512+0000] {dagbag.py:588} INFO - Filling up the DagBag from /home/airflow/.local/lib/python3.12/site-packages/airflow/example_dags/example_latest_only.py
[2024-11-20T14:35:57.527+0000] {processor.py:925} INFO - DAG(s) 'latest_only' retrieved from /home/airflow/.local/lib/python3.12/site-packages/airflow/example_dags/example_latest_only.py
[2024-11-20T14:35:57.564+0000] {logging_mixin.py:190} INFO - [2024-11-20T14:35:57.564+0000] {dag.py:3239} INFO - Sync 1 DAGs
[2024-11-20T14:35:57.617+0000] {logging_mixin.py:190} INFO - [2024-11-20T14:35:57.617+0000] {dag.py:4180} INFO - Setting next_dagrun for latest_only to 2024-11-20 08:00:00+00:00, run_after=2024-11-20 12:00:00+00:00
[2024-11-20T14:35:57.650+0000] {processor.py:208} INFO - Processing /home/airflow/.local/lib/python3.12/site-packages/airflow/example_dags/example_latest_only.py took 0.154 seconds
[2024-11-20T14:36:27.712+0000] {processor.py:186} INFO - Started process (PID=2439) to work on /home/airflow/.local/lib/python3.12/site-packages/airflow/example_dags/example_latest_only.py
[2024-11-20T14:36:27.715+0000] {processor.py:914} INFO - Processing file /home/airflow/.local/lib/python3.12/site-packages/airflow/example_dags/example_latest_only.py for tasks to queue
[2024-11-20T14:36:27.724+0000] {logging_mixin.py:190} INFO - [2024-11-20T14:36:27.723+0000] {dagbag.py:588} INFO - Filling up the DagBag from /home/airflow/.local/lib/python3.12/site-packages/airflow/example_dags/example_latest_only.py
[2024-11-20T14:36:27.747+0000] {processor.py:925} INFO - DAG(s) 'latest_only' retrieved from /home/airflow/.local/lib/python3.12/site-packages/airflow/example_dags/example_latest_only.py
[2024-11-20T14:36:27.806+0000] {logging_mixin.py:190} INFO - [2024-11-20T14:36:27.805+0000] {dag.py:3239} INFO - Sync 1 DAGs
[2024-11-20T14:36:27.860+0000] {logging_mixin.py:190} INFO - [2024-11-20T14:36:27.859+0000] {dag.py:4180} INFO - Setting next_dagrun for latest_only to 2024-11-20 08:00:00+00:00, run_after=2024-11-20 12:00:00+00:00
[2024-11-20T14:36:27.902+0000] {processor.py:208} INFO - Processing /home/airflow/.local/lib/python3.12/site-packages/airflow/example_dags/example_latest_only.py took 0.205 seconds
[2024-11-20T14:36:58.215+0000] {processor.py:186} INFO - Started process (PID=2502) to work on /home/airflow/.local/lib/python3.12/site-packages/airflow/example_dags/example_latest_only.py
[2024-11-20T14:36:58.216+0000] {processor.py:914} INFO - Processing file /home/airflow/.local/lib/python3.12/site-packages/airflow/example_dags/example_latest_only.py for tasks to queue
[2024-11-20T14:36:58.223+0000] {logging_mixin.py:190} INFO - [2024-11-20T14:36:58.222+0000] {dagbag.py:588} INFO - Filling up the DagBag from /home/airflow/.local/lib/python3.12/site-packages/airflow/example_dags/example_latest_only.py
[2024-11-20T14:36:58.241+0000] {processor.py:925} INFO - DAG(s) 'latest_only' retrieved from /home/airflow/.local/lib/python3.12/site-packages/airflow/example_dags/example_latest_only.py
[2024-11-20T14:36:58.299+0000] {logging_mixin.py:190} INFO - [2024-11-20T14:36:58.298+0000] {dag.py:3239} INFO - Sync 1 DAGs
[2024-11-20T14:36:58.411+0000] {logging_mixin.py:190} INFO - [2024-11-20T14:36:58.410+0000] {dag.py:4180} INFO - Setting next_dagrun for latest_only to 2024-11-20 08:00:00+00:00, run_after=2024-11-20 12:00:00+00:00
[2024-11-20T14:36:58.459+0000] {processor.py:208} INFO - Processing /home/airflow/.local/lib/python3.12/site-packages/airflow/example_dags/example_latest_only.py took 0.260 seconds
[2024-11-20T14:37:28.832+0000] {processor.py:186} INFO - Started process (PID=2564) to work on /home/airflow/.local/lib/python3.12/site-packages/airflow/example_dags/example_latest_only.py
[2024-11-20T14:37:28.837+0000] {processor.py:914} INFO - Processing file /home/airflow/.local/lib/python3.12/site-packages/airflow/example_dags/example_latest_only.py for tasks to queue
[2024-11-20T14:37:28.851+0000] {logging_mixin.py:190} INFO - [2024-11-20T14:37:28.850+0000] {dagbag.py:588} INFO - Filling up the DagBag from /home/airflow/.local/lib/python3.12/site-packages/airflow/example_dags/example_latest_only.py
[2024-11-20T14:37:28.881+0000] {processor.py:925} INFO - DAG(s) 'latest_only' retrieved from /home/airflow/.local/lib/python3.12/site-packages/airflow/example_dags/example_latest_only.py
[2024-11-20T14:37:28.958+0000] {logging_mixin.py:190} INFO - [2024-11-20T14:37:28.957+0000] {dag.py:3239} INFO - Sync 1 DAGs
[2024-11-20T14:37:29.095+0000] {logging_mixin.py:190} INFO - [2024-11-20T14:37:29.094+0000] {dag.py:4180} INFO - Setting next_dagrun for latest_only to 2024-11-20 08:00:00+00:00, run_after=2024-11-20 12:00:00+00:00
[2024-11-20T14:37:29.146+0000] {processor.py:208} INFO - Processing /home/airflow/.local/lib/python3.12/site-packages/airflow/example_dags/example_latest_only.py took 0.364 seconds
[2024-11-20T14:37:59.221+0000] {processor.py:186} INFO - Started process (PID=2625) to work on /home/airflow/.local/lib/python3.12/site-packages/airflow/example_dags/example_latest_only.py
[2024-11-20T14:37:59.223+0000] {processor.py:914} INFO - Processing file /home/airflow/.local/lib/python3.12/site-packages/airflow/example_dags/example_latest_only.py for tasks to queue
[2024-11-20T14:37:59.232+0000] {logging_mixin.py:190} INFO - [2024-11-20T14:37:59.231+0000] {dagbag.py:588} INFO - Filling up the DagBag from /home/airflow/.local/lib/python3.12/site-packages/airflow/example_dags/example_latest_only.py
[2024-11-20T14:37:59.273+0000] {processor.py:925} INFO - DAG(s) 'latest_only' retrieved from /home/airflow/.local/lib/python3.12/site-packages/airflow/example_dags/example_latest_only.py
[2024-11-20T14:37:59.385+0000] {logging_mixin.py:190} INFO - [2024-11-20T14:37:59.384+0000] {dag.py:3239} INFO - Sync 1 DAGs
[2024-11-20T14:37:59.481+0000] {logging_mixin.py:190} INFO - [2024-11-20T14:37:59.480+0000] {dag.py:4180} INFO - Setting next_dagrun for latest_only to 2024-11-20 08:00:00+00:00, run_after=2024-11-20 12:00:00+00:00
[2024-11-20T14:37:59.543+0000] {processor.py:208} INFO - Processing /home/airflow/.local/lib/python3.12/site-packages/airflow/example_dags/example_latest_only.py took 0.336 seconds
