[2024-11-20T14:16:19.415+0000] {processor.py:186} INFO - Started process (PID=108) to work on /home/airflow/.local/lib/python3.12/site-packages/airflow/example_dags/example_python_operator.py
[2024-11-20T14:16:19.416+0000] {processor.py:914} INFO - Processing file /home/airflow/.local/lib/python3.12/site-packages/airflow/example_dags/example_python_operator.py for tasks to queue
[2024-11-20T14:16:19.420+0000] {logging_mixin.py:190} INFO - [2024-11-20T14:16:19.419+0000] {dagbag.py:588} INFO - Filling up the DagBag from /home/airflow/.local/lib/python3.12/site-packages/airflow/example_dags/example_python_operator.py
[2024-11-20T14:16:19.445+0000] {processor.py:925} INFO - DAG(s) 'example_python_operator' retrieved from /home/airflow/.local/lib/python3.12/site-packages/airflow/example_dags/example_python_operator.py
[2024-11-20T14:16:19.693+0000] {logging_mixin.py:190} INFO - [2024-11-20T14:16:19.692+0000] {override.py:1911} INFO - Created Permission View: can delete on DAG:example_python_operator
[2024-11-20T14:16:19.713+0000] {logging_mixin.py:190} INFO - [2024-11-20T14:16:19.713+0000] {override.py:1911} INFO - Created Permission View: can read on DAG:example_python_operator
[2024-11-20T14:16:19.727+0000] {logging_mixin.py:190} INFO - [2024-11-20T14:16:19.726+0000] {override.py:1911} INFO - Created Permission View: can edit on DAG:example_python_operator
[2024-11-20T14:16:19.746+0000] {logging_mixin.py:190} INFO - [2024-11-20T14:16:19.745+0000] {override.py:1911} INFO - Created Permission View: can delete on DAG Run:example_python_operator
[2024-11-20T14:16:19.757+0000] {logging_mixin.py:190} INFO - [2024-11-20T14:16:19.757+0000] {override.py:1911} INFO - Created Permission View: menu access on DAG Run:example_python_operator
[2024-11-20T14:16:19.769+0000] {logging_mixin.py:190} INFO - [2024-11-20T14:16:19.768+0000] {override.py:1911} INFO - Created Permission View: can read on DAG Run:example_python_operator
[2024-11-20T14:16:19.783+0000] {logging_mixin.py:190} INFO - [2024-11-20T14:16:19.783+0000] {override.py:1911} INFO - Created Permission View: can create on DAG Run:example_python_operator
[2024-11-20T14:16:19.784+0000] {logging_mixin.py:190} INFO - [2024-11-20T14:16:19.784+0000] {dag.py:3239} INFO - Sync 1 DAGs
[2024-11-20T14:16:19.816+0000] {logging_mixin.py:190} INFO - [2024-11-20T14:16:19.815+0000] {dag.py:3262} INFO - Creating ORM DAG for example_python_operator
[2024-11-20T14:16:19.817+0000] {logging_mixin.py:190} INFO - [2024-11-20T14:16:19.817+0000] {dag.py:4180} INFO - Setting next_dagrun for example_python_operator to None, run_after=None
[2024-11-20T14:16:19.852+0000] {processor.py:208} INFO - Processing /home/airflow/.local/lib/python3.12/site-packages/airflow/example_dags/example_python_operator.py took 0.446 seconds
[2024-11-20T14:16:50.121+0000] {processor.py:186} INFO - Started process (PID=171) to work on /home/airflow/.local/lib/python3.12/site-packages/airflow/example_dags/example_python_operator.py
[2024-11-20T14:16:50.122+0000] {processor.py:914} INFO - Processing file /home/airflow/.local/lib/python3.12/site-packages/airflow/example_dags/example_python_operator.py for tasks to queue
[2024-11-20T14:16:50.125+0000] {logging_mixin.py:190} INFO - [2024-11-20T14:16:50.124+0000] {dagbag.py:588} INFO - Filling up the DagBag from /home/airflow/.local/lib/python3.12/site-packages/airflow/example_dags/example_python_operator.py
[2024-11-20T14:16:50.144+0000] {processor.py:925} INFO - DAG(s) 'example_python_operator' retrieved from /home/airflow/.local/lib/python3.12/site-packages/airflow/example_dags/example_python_operator.py
[2024-11-20T14:16:50.178+0000] {logging_mixin.py:190} INFO - [2024-11-20T14:16:50.177+0000] {dag.py:3239} INFO - Sync 1 DAGs
[2024-11-20T14:16:50.201+0000] {logging_mixin.py:190} INFO - [2024-11-20T14:16:50.201+0000] {dag.py:4180} INFO - Setting next_dagrun for example_python_operator to None, run_after=None
[2024-11-20T14:16:50.231+0000] {processor.py:208} INFO - Processing /home/airflow/.local/lib/python3.12/site-packages/airflow/example_dags/example_python_operator.py took 0.120 seconds
[2024-11-20T14:17:20.341+0000] {processor.py:186} INFO - Started process (PID=233) to work on /home/airflow/.local/lib/python3.12/site-packages/airflow/example_dags/example_python_operator.py
[2024-11-20T14:17:20.342+0000] {processor.py:914} INFO - Processing file /home/airflow/.local/lib/python3.12/site-packages/airflow/example_dags/example_python_operator.py for tasks to queue
[2024-11-20T14:17:20.345+0000] {logging_mixin.py:190} INFO - [2024-11-20T14:17:20.345+0000] {dagbag.py:588} INFO - Filling up the DagBag from /home/airflow/.local/lib/python3.12/site-packages/airflow/example_dags/example_python_operator.py
[2024-11-20T14:17:20.364+0000] {processor.py:925} INFO - DAG(s) 'example_python_operator' retrieved from /home/airflow/.local/lib/python3.12/site-packages/airflow/example_dags/example_python_operator.py
[2024-11-20T14:17:20.398+0000] {logging_mixin.py:190} INFO - [2024-11-20T14:17:20.397+0000] {dag.py:3239} INFO - Sync 1 DAGs
[2024-11-20T14:17:20.423+0000] {logging_mixin.py:190} INFO - [2024-11-20T14:17:20.422+0000] {dag.py:4180} INFO - Setting next_dagrun for example_python_operator to None, run_after=None
[2024-11-20T14:17:20.455+0000] {processor.py:208} INFO - Processing /home/airflow/.local/lib/python3.12/site-packages/airflow/example_dags/example_python_operator.py took 0.125 seconds
[2024-11-20T14:17:51.567+0000] {processor.py:186} INFO - Started process (PID=296) to work on /home/airflow/.local/lib/python3.12/site-packages/airflow/example_dags/example_python_operator.py
[2024-11-20T14:17:51.569+0000] {processor.py:914} INFO - Processing file /home/airflow/.local/lib/python3.12/site-packages/airflow/example_dags/example_python_operator.py for tasks to queue
[2024-11-20T14:17:51.573+0000] {logging_mixin.py:190} INFO - [2024-11-20T14:17:51.572+0000] {dagbag.py:588} INFO - Filling up the DagBag from /home/airflow/.local/lib/python3.12/site-packages/airflow/example_dags/example_python_operator.py
[2024-11-20T14:17:51.594+0000] {processor.py:925} INFO - DAG(s) 'example_python_operator' retrieved from /home/airflow/.local/lib/python3.12/site-packages/airflow/example_dags/example_python_operator.py
[2024-11-20T14:17:51.629+0000] {logging_mixin.py:190} INFO - [2024-11-20T14:17:51.629+0000] {dag.py:3239} INFO - Sync 1 DAGs
[2024-11-20T14:17:51.654+0000] {logging_mixin.py:190} INFO - [2024-11-20T14:17:51.653+0000] {dag.py:4180} INFO - Setting next_dagrun for example_python_operator to None, run_after=None
[2024-11-20T14:17:51.684+0000] {processor.py:208} INFO - Processing /home/airflow/.local/lib/python3.12/site-packages/airflow/example_dags/example_python_operator.py took 0.129 seconds
[2024-11-20T14:18:22.899+0000] {processor.py:186} INFO - Started process (PID=359) to work on /home/airflow/.local/lib/python3.12/site-packages/airflow/example_dags/example_python_operator.py
[2024-11-20T14:18:22.901+0000] {processor.py:914} INFO - Processing file /home/airflow/.local/lib/python3.12/site-packages/airflow/example_dags/example_python_operator.py for tasks to queue
[2024-11-20T14:18:22.904+0000] {logging_mixin.py:190} INFO - [2024-11-20T14:18:22.904+0000] {dagbag.py:588} INFO - Filling up the DagBag from /home/airflow/.local/lib/python3.12/site-packages/airflow/example_dags/example_python_operator.py
[2024-11-20T14:18:22.924+0000] {processor.py:925} INFO - DAG(s) 'example_python_operator' retrieved from /home/airflow/.local/lib/python3.12/site-packages/airflow/example_dags/example_python_operator.py
[2024-11-20T14:18:22.955+0000] {logging_mixin.py:190} INFO - [2024-11-20T14:18:22.954+0000] {dag.py:3239} INFO - Sync 1 DAGs
[2024-11-20T14:18:22.980+0000] {logging_mixin.py:190} INFO - [2024-11-20T14:18:22.980+0000] {dag.py:4180} INFO - Setting next_dagrun for example_python_operator to None, run_after=None
[2024-11-20T14:18:23.013+0000] {processor.py:208} INFO - Processing /home/airflow/.local/lib/python3.12/site-packages/airflow/example_dags/example_python_operator.py took 0.123 seconds
[2024-11-20T14:18:55.926+0000] {processor.py:186} INFO - Started process (PID=422) to work on /home/airflow/.local/lib/python3.12/site-packages/airflow/example_dags/example_python_operator.py
[2024-11-20T14:18:55.929+0000] {processor.py:914} INFO - Processing file /home/airflow/.local/lib/python3.12/site-packages/airflow/example_dags/example_python_operator.py for tasks to queue
[2024-11-20T14:18:55.934+0000] {logging_mixin.py:190} INFO - [2024-11-20T14:18:55.933+0000] {dagbag.py:588} INFO - Filling up the DagBag from /home/airflow/.local/lib/python3.12/site-packages/airflow/example_dags/example_python_operator.py
[2024-11-20T14:18:55.963+0000] {processor.py:925} INFO - DAG(s) 'example_python_operator' retrieved from /home/airflow/.local/lib/python3.12/site-packages/airflow/example_dags/example_python_operator.py
[2024-11-20T14:18:56.015+0000] {logging_mixin.py:190} INFO - [2024-11-20T14:18:56.015+0000] {dag.py:3239} INFO - Sync 1 DAGs
[2024-11-20T14:18:56.051+0000] {logging_mixin.py:190} INFO - [2024-11-20T14:18:56.050+0000] {dag.py:4180} INFO - Setting next_dagrun for example_python_operator to None, run_after=None
[2024-11-20T14:18:56.090+0000] {processor.py:208} INFO - Processing /home/airflow/.local/lib/python3.12/site-packages/airflow/example_dags/example_python_operator.py took 0.176 seconds
[2024-11-20T14:19:27.630+0000] {processor.py:186} INFO - Started process (PID=484) to work on /home/airflow/.local/lib/python3.12/site-packages/airflow/example_dags/example_python_operator.py
[2024-11-20T14:19:27.647+0000] {processor.py:914} INFO - Processing file /home/airflow/.local/lib/python3.12/site-packages/airflow/example_dags/example_python_operator.py for tasks to queue
[2024-11-20T14:19:27.653+0000] {logging_mixin.py:190} INFO - [2024-11-20T14:19:27.652+0000] {dagbag.py:588} INFO - Filling up the DagBag from /home/airflow/.local/lib/python3.12/site-packages/airflow/example_dags/example_python_operator.py
[2024-11-20T14:19:27.677+0000] {processor.py:925} INFO - DAG(s) 'example_python_operator' retrieved from /home/airflow/.local/lib/python3.12/site-packages/airflow/example_dags/example_python_operator.py
[2024-11-20T14:19:27.723+0000] {logging_mixin.py:190} INFO - [2024-11-20T14:19:27.722+0000] {dag.py:3239} INFO - Sync 1 DAGs
[2024-11-20T14:19:27.751+0000] {logging_mixin.py:190} INFO - [2024-11-20T14:19:27.751+0000] {dag.py:4180} INFO - Setting next_dagrun for example_python_operator to None, run_after=None
[2024-11-20T14:19:27.783+0000] {processor.py:208} INFO - Processing /home/airflow/.local/lib/python3.12/site-packages/airflow/example_dags/example_python_operator.py took 0.166 seconds
[2024-11-20T14:20:00.454+0000] {processor.py:186} INFO - Started process (PID=547) to work on /home/airflow/.local/lib/python3.12/site-packages/airflow/example_dags/example_python_operator.py
[2024-11-20T14:20:00.455+0000] {processor.py:914} INFO - Processing file /home/airflow/.local/lib/python3.12/site-packages/airflow/example_dags/example_python_operator.py for tasks to queue
[2024-11-20T14:20:00.460+0000] {logging_mixin.py:190} INFO - [2024-11-20T14:20:00.459+0000] {dagbag.py:588} INFO - Filling up the DagBag from /home/airflow/.local/lib/python3.12/site-packages/airflow/example_dags/example_python_operator.py
[2024-11-20T14:20:00.486+0000] {processor.py:925} INFO - DAG(s) 'example_python_operator' retrieved from /home/airflow/.local/lib/python3.12/site-packages/airflow/example_dags/example_python_operator.py
[2024-11-20T14:20:00.536+0000] {logging_mixin.py:190} INFO - [2024-11-20T14:20:00.535+0000] {dag.py:3239} INFO - Sync 1 DAGs
[2024-11-20T14:20:00.571+0000] {logging_mixin.py:190} INFO - [2024-11-20T14:20:00.571+0000] {dag.py:4180} INFO - Setting next_dagrun for example_python_operator to None, run_after=None
[2024-11-20T14:20:00.621+0000] {processor.py:208} INFO - Processing /home/airflow/.local/lib/python3.12/site-packages/airflow/example_dags/example_python_operator.py took 0.177 seconds
[2024-11-20T14:20:31.524+0000] {processor.py:186} INFO - Started process (PID=610) to work on /home/airflow/.local/lib/python3.12/site-packages/airflow/example_dags/example_python_operator.py
[2024-11-20T14:20:31.527+0000] {processor.py:914} INFO - Processing file /home/airflow/.local/lib/python3.12/site-packages/airflow/example_dags/example_python_operator.py for tasks to queue
[2024-11-20T14:20:31.532+0000] {logging_mixin.py:190} INFO - [2024-11-20T14:20:31.531+0000] {dagbag.py:588} INFO - Filling up the DagBag from /home/airflow/.local/lib/python3.12/site-packages/airflow/example_dags/example_python_operator.py
[2024-11-20T14:20:31.560+0000] {processor.py:925} INFO - DAG(s) 'example_python_operator' retrieved from /home/airflow/.local/lib/python3.12/site-packages/airflow/example_dags/example_python_operator.py
[2024-11-20T14:20:31.636+0000] {logging_mixin.py:190} INFO - [2024-11-20T14:20:31.635+0000] {dag.py:3239} INFO - Sync 1 DAGs
[2024-11-20T14:20:31.676+0000] {logging_mixin.py:190} INFO - [2024-11-20T14:20:31.676+0000] {dag.py:4180} INFO - Setting next_dagrun for example_python_operator to None, run_after=None
[2024-11-20T14:20:31.720+0000] {processor.py:208} INFO - Processing /home/airflow/.local/lib/python3.12/site-packages/airflow/example_dags/example_python_operator.py took 0.210 seconds
[2024-11-20T14:21:02.901+0000] {processor.py:186} INFO - Started process (PID=673) to work on /home/airflow/.local/lib/python3.12/site-packages/airflow/example_dags/example_python_operator.py
[2024-11-20T14:21:02.903+0000] {processor.py:914} INFO - Processing file /home/airflow/.local/lib/python3.12/site-packages/airflow/example_dags/example_python_operator.py for tasks to queue
[2024-11-20T14:21:02.907+0000] {logging_mixin.py:190} INFO - [2024-11-20T14:21:02.906+0000] {dagbag.py:588} INFO - Filling up the DagBag from /home/airflow/.local/lib/python3.12/site-packages/airflow/example_dags/example_python_operator.py
[2024-11-20T14:21:02.929+0000] {processor.py:925} INFO - DAG(s) 'example_python_operator' retrieved from /home/airflow/.local/lib/python3.12/site-packages/airflow/example_dags/example_python_operator.py
[2024-11-20T14:21:02.966+0000] {logging_mixin.py:190} INFO - [2024-11-20T14:21:02.966+0000] {dag.py:3239} INFO - Sync 1 DAGs
[2024-11-20T14:21:02.988+0000] {logging_mixin.py:190} INFO - [2024-11-20T14:21:02.988+0000] {dag.py:4180} INFO - Setting next_dagrun for example_python_operator to None, run_after=None
[2024-11-20T14:21:03.020+0000] {processor.py:208} INFO - Processing /home/airflow/.local/lib/python3.12/site-packages/airflow/example_dags/example_python_operator.py took 0.131 seconds
[2024-11-20T14:21:34.680+0000] {processor.py:186} INFO - Started process (PID=736) to work on /home/airflow/.local/lib/python3.12/site-packages/airflow/example_dags/example_python_operator.py
[2024-11-20T14:21:34.681+0000] {processor.py:914} INFO - Processing file /home/airflow/.local/lib/python3.12/site-packages/airflow/example_dags/example_python_operator.py for tasks to queue
[2024-11-20T14:21:34.685+0000] {logging_mixin.py:190} INFO - [2024-11-20T14:21:34.684+0000] {dagbag.py:588} INFO - Filling up the DagBag from /home/airflow/.local/lib/python3.12/site-packages/airflow/example_dags/example_python_operator.py
[2024-11-20T14:21:34.709+0000] {processor.py:925} INFO - DAG(s) 'example_python_operator' retrieved from /home/airflow/.local/lib/python3.12/site-packages/airflow/example_dags/example_python_operator.py
[2024-11-20T14:21:34.750+0000] {logging_mixin.py:190} INFO - [2024-11-20T14:21:34.749+0000] {dag.py:3239} INFO - Sync 1 DAGs
[2024-11-20T14:21:34.778+0000] {logging_mixin.py:190} INFO - [2024-11-20T14:21:34.777+0000] {dag.py:4180} INFO - Setting next_dagrun for example_python_operator to None, run_after=None
[2024-11-20T14:21:34.810+0000] {processor.py:208} INFO - Processing /home/airflow/.local/lib/python3.12/site-packages/airflow/example_dags/example_python_operator.py took 0.144 seconds
[2024-11-20T14:22:06.668+0000] {processor.py:186} INFO - Started process (PID=799) to work on /home/airflow/.local/lib/python3.12/site-packages/airflow/example_dags/example_python_operator.py
[2024-11-20T14:22:06.669+0000] {processor.py:914} INFO - Processing file /home/airflow/.local/lib/python3.12/site-packages/airflow/example_dags/example_python_operator.py for tasks to queue
[2024-11-20T14:22:06.672+0000] {logging_mixin.py:190} INFO - [2024-11-20T14:22:06.672+0000] {dagbag.py:588} INFO - Filling up the DagBag from /home/airflow/.local/lib/python3.12/site-packages/airflow/example_dags/example_python_operator.py
[2024-11-20T14:22:06.690+0000] {processor.py:925} INFO - DAG(s) 'example_python_operator' retrieved from /home/airflow/.local/lib/python3.12/site-packages/airflow/example_dags/example_python_operator.py
[2024-11-20T14:22:06.727+0000] {logging_mixin.py:190} INFO - [2024-11-20T14:22:06.727+0000] {dag.py:3239} INFO - Sync 1 DAGs
[2024-11-20T14:22:06.750+0000] {logging_mixin.py:190} INFO - [2024-11-20T14:22:06.750+0000] {dag.py:4180} INFO - Setting next_dagrun for example_python_operator to None, run_after=None
[2024-11-20T14:22:06.787+0000] {processor.py:208} INFO - Processing /home/airflow/.local/lib/python3.12/site-packages/airflow/example_dags/example_python_operator.py took 0.128 seconds
[2024-11-20T14:22:39.400+0000] {processor.py:186} INFO - Started process (PID=862) to work on /home/airflow/.local/lib/python3.12/site-packages/airflow/example_dags/example_python_operator.py
[2024-11-20T14:22:39.402+0000] {processor.py:914} INFO - Processing file /home/airflow/.local/lib/python3.12/site-packages/airflow/example_dags/example_python_operator.py for tasks to queue
[2024-11-20T14:22:39.408+0000] {logging_mixin.py:190} INFO - [2024-11-20T14:22:39.407+0000] {dagbag.py:588} INFO - Filling up the DagBag from /home/airflow/.local/lib/python3.12/site-packages/airflow/example_dags/example_python_operator.py
[2024-11-20T14:22:39.437+0000] {processor.py:925} INFO - DAG(s) 'example_python_operator' retrieved from /home/airflow/.local/lib/python3.12/site-packages/airflow/example_dags/example_python_operator.py
[2024-11-20T14:22:39.480+0000] {logging_mixin.py:190} INFO - [2024-11-20T14:22:39.479+0000] {dag.py:3239} INFO - Sync 1 DAGs
[2024-11-20T14:22:39.512+0000] {logging_mixin.py:190} INFO - [2024-11-20T14:22:39.512+0000] {dag.py:4180} INFO - Setting next_dagrun for example_python_operator to None, run_after=None
[2024-11-20T14:22:39.541+0000] {processor.py:208} INFO - Processing /home/airflow/.local/lib/python3.12/site-packages/airflow/example_dags/example_python_operator.py took 0.155 seconds
[2024-11-20T14:23:11.934+0000] {processor.py:186} INFO - Started process (PID=926) to work on /home/airflow/.local/lib/python3.12/site-packages/airflow/example_dags/example_python_operator.py
[2024-11-20T14:23:11.936+0000] {processor.py:914} INFO - Processing file /home/airflow/.local/lib/python3.12/site-packages/airflow/example_dags/example_python_operator.py for tasks to queue
[2024-11-20T14:23:11.942+0000] {logging_mixin.py:190} INFO - [2024-11-20T14:23:11.941+0000] {dagbag.py:588} INFO - Filling up the DagBag from /home/airflow/.local/lib/python3.12/site-packages/airflow/example_dags/example_python_operator.py
[2024-11-20T14:23:11.973+0000] {processor.py:925} INFO - DAG(s) 'example_python_operator' retrieved from /home/airflow/.local/lib/python3.12/site-packages/airflow/example_dags/example_python_operator.py
[2024-11-20T14:23:12.015+0000] {logging_mixin.py:190} INFO - [2024-11-20T14:23:12.014+0000] {dag.py:3239} INFO - Sync 1 DAGs
[2024-11-20T14:23:12.041+0000] {logging_mixin.py:190} INFO - [2024-11-20T14:23:12.040+0000] {dag.py:4180} INFO - Setting next_dagrun for example_python_operator to None, run_after=None
[2024-11-20T14:23:12.073+0000] {processor.py:208} INFO - Processing /home/airflow/.local/lib/python3.12/site-packages/airflow/example_dags/example_python_operator.py took 0.154 seconds
[2024-11-20T14:23:43.117+0000] {processor.py:186} INFO - Started process (PID=988) to work on /home/airflow/.local/lib/python3.12/site-packages/airflow/example_dags/example_python_operator.py
[2024-11-20T14:23:43.119+0000] {processor.py:914} INFO - Processing file /home/airflow/.local/lib/python3.12/site-packages/airflow/example_dags/example_python_operator.py for tasks to queue
[2024-11-20T14:23:43.123+0000] {logging_mixin.py:190} INFO - [2024-11-20T14:23:43.122+0000] {dagbag.py:588} INFO - Filling up the DagBag from /home/airflow/.local/lib/python3.12/site-packages/airflow/example_dags/example_python_operator.py
[2024-11-20T14:23:43.144+0000] {processor.py:925} INFO - DAG(s) 'example_python_operator' retrieved from /home/airflow/.local/lib/python3.12/site-packages/airflow/example_dags/example_python_operator.py
[2024-11-20T14:23:43.174+0000] {logging_mixin.py:190} INFO - [2024-11-20T14:23:43.173+0000] {dag.py:3239} INFO - Sync 1 DAGs
[2024-11-20T14:23:43.197+0000] {logging_mixin.py:190} INFO - [2024-11-20T14:23:43.197+0000] {dag.py:4180} INFO - Setting next_dagrun for example_python_operator to None, run_after=None
[2024-11-20T14:23:43.224+0000] {processor.py:208} INFO - Processing /home/airflow/.local/lib/python3.12/site-packages/airflow/example_dags/example_python_operator.py took 0.118 seconds
[2024-11-20T14:24:14.605+0000] {processor.py:186} INFO - Started process (PID=1051) to work on /home/airflow/.local/lib/python3.12/site-packages/airflow/example_dags/example_python_operator.py
[2024-11-20T14:24:14.606+0000] {processor.py:914} INFO - Processing file /home/airflow/.local/lib/python3.12/site-packages/airflow/example_dags/example_python_operator.py for tasks to queue
[2024-11-20T14:24:14.610+0000] {logging_mixin.py:190} INFO - [2024-11-20T14:24:14.609+0000] {dagbag.py:588} INFO - Filling up the DagBag from /home/airflow/.local/lib/python3.12/site-packages/airflow/example_dags/example_python_operator.py
[2024-11-20T14:24:14.630+0000] {processor.py:925} INFO - DAG(s) 'example_python_operator' retrieved from /home/airflow/.local/lib/python3.12/site-packages/airflow/example_dags/example_python_operator.py
[2024-11-20T14:24:14.665+0000] {logging_mixin.py:190} INFO - [2024-11-20T14:24:14.664+0000] {dag.py:3239} INFO - Sync 1 DAGs
[2024-11-20T14:24:14.688+0000] {logging_mixin.py:190} INFO - [2024-11-20T14:24:14.687+0000] {dag.py:4180} INFO - Setting next_dagrun for example_python_operator to None, run_after=None
[2024-11-20T14:24:14.719+0000] {processor.py:208} INFO - Processing /home/airflow/.local/lib/python3.12/site-packages/airflow/example_dags/example_python_operator.py took 0.124 seconds
[2024-11-20T14:24:47.254+0000] {processor.py:186} INFO - Started process (PID=1124) to work on /home/airflow/.local/lib/python3.12/site-packages/airflow/example_dags/example_python_operator.py
[2024-11-20T14:24:47.256+0000] {processor.py:914} INFO - Processing file /home/airflow/.local/lib/python3.12/site-packages/airflow/example_dags/example_python_operator.py for tasks to queue
[2024-11-20T14:24:47.261+0000] {logging_mixin.py:190} INFO - [2024-11-20T14:24:47.260+0000] {dagbag.py:588} INFO - Filling up the DagBag from /home/airflow/.local/lib/python3.12/site-packages/airflow/example_dags/example_python_operator.py
[2024-11-20T14:24:47.288+0000] {processor.py:925} INFO - DAG(s) 'example_python_operator' retrieved from /home/airflow/.local/lib/python3.12/site-packages/airflow/example_dags/example_python_operator.py
[2024-11-20T14:24:47.334+0000] {logging_mixin.py:190} INFO - [2024-11-20T14:24:47.333+0000] {dag.py:3239} INFO - Sync 1 DAGs
[2024-11-20T14:24:47.363+0000] {logging_mixin.py:190} INFO - [2024-11-20T14:24:47.362+0000] {dag.py:4180} INFO - Setting next_dagrun for example_python_operator to None, run_after=None
[2024-11-20T14:24:47.411+0000] {processor.py:208} INFO - Processing /home/airflow/.local/lib/python3.12/site-packages/airflow/example_dags/example_python_operator.py took 0.170 seconds
[2024-11-20T14:25:19.015+0000] {processor.py:186} INFO - Started process (PID=1187) to work on /home/airflow/.local/lib/python3.12/site-packages/airflow/example_dags/example_python_operator.py
[2024-11-20T14:25:19.016+0000] {processor.py:914} INFO - Processing file /home/airflow/.local/lib/python3.12/site-packages/airflow/example_dags/example_python_operator.py for tasks to queue
[2024-11-20T14:25:19.020+0000] {logging_mixin.py:190} INFO - [2024-11-20T14:25:19.019+0000] {dagbag.py:588} INFO - Filling up the DagBag from /home/airflow/.local/lib/python3.12/site-packages/airflow/example_dags/example_python_operator.py
[2024-11-20T14:25:19.038+0000] {processor.py:925} INFO - DAG(s) 'example_python_operator' retrieved from /home/airflow/.local/lib/python3.12/site-packages/airflow/example_dags/example_python_operator.py
[2024-11-20T14:25:19.077+0000] {logging_mixin.py:190} INFO - [2024-11-20T14:25:19.077+0000] {dag.py:3239} INFO - Sync 1 DAGs
[2024-11-20T14:25:19.100+0000] {logging_mixin.py:190} INFO - [2024-11-20T14:25:19.099+0000] {dag.py:4180} INFO - Setting next_dagrun for example_python_operator to None, run_after=None
[2024-11-20T14:25:19.127+0000] {processor.py:208} INFO - Processing /home/airflow/.local/lib/python3.12/site-packages/airflow/example_dags/example_python_operator.py took 0.123 seconds
[2024-11-20T14:25:50.834+0000] {processor.py:186} INFO - Started process (PID=1250) to work on /home/airflow/.local/lib/python3.12/site-packages/airflow/example_dags/example_python_operator.py
[2024-11-20T14:25:50.836+0000] {processor.py:914} INFO - Processing file /home/airflow/.local/lib/python3.12/site-packages/airflow/example_dags/example_python_operator.py for tasks to queue
[2024-11-20T14:25:50.842+0000] {logging_mixin.py:190} INFO - [2024-11-20T14:25:50.841+0000] {dagbag.py:588} INFO - Filling up the DagBag from /home/airflow/.local/lib/python3.12/site-packages/airflow/example_dags/example_python_operator.py
[2024-11-20T14:25:50.867+0000] {processor.py:925} INFO - DAG(s) 'example_python_operator' retrieved from /home/airflow/.local/lib/python3.12/site-packages/airflow/example_dags/example_python_operator.py
[2024-11-20T14:25:50.911+0000] {logging_mixin.py:190} INFO - [2024-11-20T14:25:50.911+0000] {dag.py:3239} INFO - Sync 1 DAGs
[2024-11-20T14:25:50.933+0000] {logging_mixin.py:190} INFO - [2024-11-20T14:25:50.932+0000] {dag.py:4180} INFO - Setting next_dagrun for example_python_operator to None, run_after=None
[2024-11-20T14:25:50.970+0000] {processor.py:208} INFO - Processing /home/airflow/.local/lib/python3.12/site-packages/airflow/example_dags/example_python_operator.py took 0.153 seconds
[2024-11-20T14:26:22.365+0000] {processor.py:186} INFO - Started process (PID=1313) to work on /home/airflow/.local/lib/python3.12/site-packages/airflow/example_dags/example_python_operator.py
[2024-11-20T14:26:22.367+0000] {processor.py:914} INFO - Processing file /home/airflow/.local/lib/python3.12/site-packages/airflow/example_dags/example_python_operator.py for tasks to queue
[2024-11-20T14:26:22.373+0000] {logging_mixin.py:190} INFO - [2024-11-20T14:26:22.372+0000] {dagbag.py:588} INFO - Filling up the DagBag from /home/airflow/.local/lib/python3.12/site-packages/airflow/example_dags/example_python_operator.py
[2024-11-20T14:26:22.396+0000] {processor.py:925} INFO - DAG(s) 'example_python_operator' retrieved from /home/airflow/.local/lib/python3.12/site-packages/airflow/example_dags/example_python_operator.py
[2024-11-20T14:26:22.437+0000] {logging_mixin.py:190} INFO - [2024-11-20T14:26:22.437+0000] {dag.py:3239} INFO - Sync 1 DAGs
[2024-11-20T14:26:22.466+0000] {logging_mixin.py:190} INFO - [2024-11-20T14:26:22.465+0000] {dag.py:4180} INFO - Setting next_dagrun for example_python_operator to None, run_after=None
[2024-11-20T14:26:22.501+0000] {processor.py:208} INFO - Processing /home/airflow/.local/lib/python3.12/site-packages/airflow/example_dags/example_python_operator.py took 0.149 seconds
[2024-11-20T14:26:54.576+0000] {processor.py:186} INFO - Started process (PID=1376) to work on /home/airflow/.local/lib/python3.12/site-packages/airflow/example_dags/example_python_operator.py
[2024-11-20T14:26:54.577+0000] {processor.py:914} INFO - Processing file /home/airflow/.local/lib/python3.12/site-packages/airflow/example_dags/example_python_operator.py for tasks to queue
[2024-11-20T14:26:54.581+0000] {logging_mixin.py:190} INFO - [2024-11-20T14:26:54.581+0000] {dagbag.py:588} INFO - Filling up the DagBag from /home/airflow/.local/lib/python3.12/site-packages/airflow/example_dags/example_python_operator.py
[2024-11-20T14:26:54.603+0000] {processor.py:925} INFO - DAG(s) 'example_python_operator' retrieved from /home/airflow/.local/lib/python3.12/site-packages/airflow/example_dags/example_python_operator.py
[2024-11-20T14:26:54.647+0000] {logging_mixin.py:190} INFO - [2024-11-20T14:26:54.646+0000] {dag.py:3239} INFO - Sync 1 DAGs
[2024-11-20T14:26:54.676+0000] {logging_mixin.py:190} INFO - [2024-11-20T14:26:54.675+0000] {dag.py:4180} INFO - Setting next_dagrun for example_python_operator to None, run_after=None
[2024-11-20T14:26:54.710+0000] {processor.py:208} INFO - Processing /home/airflow/.local/lib/python3.12/site-packages/airflow/example_dags/example_python_operator.py took 0.144 seconds
[2024-11-20T14:28:11.888+0000] {processor.py:186} INFO - Started process (PID=1445) to work on /home/airflow/.local/lib/python3.12/site-packages/airflow/example_dags/example_python_operator.py
[2024-11-20T14:28:11.894+0000] {processor.py:914} INFO - Processing file /home/airflow/.local/lib/python3.12/site-packages/airflow/example_dags/example_python_operator.py for tasks to queue
[2024-11-20T14:28:11.905+0000] {logging_mixin.py:190} INFO - [2024-11-20T14:28:11.903+0000] {dagbag.py:588} INFO - Filling up the DagBag from /home/airflow/.local/lib/python3.12/site-packages/airflow/example_dags/example_python_operator.py
[2024-11-20T14:28:11.957+0000] {processor.py:925} INFO - DAG(s) 'example_python_operator' retrieved from /home/airflow/.local/lib/python3.12/site-packages/airflow/example_dags/example_python_operator.py
[2024-11-20T14:28:12.036+0000] {logging_mixin.py:190} INFO - [2024-11-20T14:28:12.036+0000] {dag.py:3239} INFO - Sync 1 DAGs
[2024-11-20T14:28:12.082+0000] {logging_mixin.py:190} INFO - [2024-11-20T14:28:12.081+0000] {dag.py:4180} INFO - Setting next_dagrun for example_python_operator to None, run_after=None
[2024-11-20T14:28:12.185+0000] {processor.py:208} INFO - Processing /home/airflow/.local/lib/python3.12/site-packages/airflow/example_dags/example_python_operator.py took 0.317 seconds
[2024-11-20T14:28:42.684+0000] {processor.py:186} INFO - Started process (PID=1508) to work on /home/airflow/.local/lib/python3.12/site-packages/airflow/example_dags/example_python_operator.py
[2024-11-20T14:28:42.686+0000] {processor.py:914} INFO - Processing file /home/airflow/.local/lib/python3.12/site-packages/airflow/example_dags/example_python_operator.py for tasks to queue
[2024-11-20T14:28:42.691+0000] {logging_mixin.py:190} INFO - [2024-11-20T14:28:42.690+0000] {dagbag.py:588} INFO - Filling up the DagBag from /home/airflow/.local/lib/python3.12/site-packages/airflow/example_dags/example_python_operator.py
[2024-11-20T14:28:42.714+0000] {processor.py:925} INFO - DAG(s) 'example_python_operator' retrieved from /home/airflow/.local/lib/python3.12/site-packages/airflow/example_dags/example_python_operator.py
[2024-11-20T14:28:42.766+0000] {logging_mixin.py:190} INFO - [2024-11-20T14:28:42.766+0000] {dag.py:3239} INFO - Sync 1 DAGs
[2024-11-20T14:28:42.809+0000] {logging_mixin.py:190} INFO - [2024-11-20T14:28:42.809+0000] {dag.py:4180} INFO - Setting next_dagrun for example_python_operator to None, run_after=None
[2024-11-20T14:28:42.851+0000] {processor.py:208} INFO - Processing /home/airflow/.local/lib/python3.12/site-packages/airflow/example_dags/example_python_operator.py took 0.181 seconds
[2024-11-20T14:29:13.053+0000] {processor.py:186} INFO - Started process (PID=1570) to work on /home/airflow/.local/lib/python3.12/site-packages/airflow/example_dags/example_python_operator.py
[2024-11-20T14:29:13.055+0000] {processor.py:914} INFO - Processing file /home/airflow/.local/lib/python3.12/site-packages/airflow/example_dags/example_python_operator.py for tasks to queue
[2024-11-20T14:29:13.060+0000] {logging_mixin.py:190} INFO - [2024-11-20T14:29:13.059+0000] {dagbag.py:588} INFO - Filling up the DagBag from /home/airflow/.local/lib/python3.12/site-packages/airflow/example_dags/example_python_operator.py
[2024-11-20T14:29:13.081+0000] {processor.py:925} INFO - DAG(s) 'example_python_operator' retrieved from /home/airflow/.local/lib/python3.12/site-packages/airflow/example_dags/example_python_operator.py
[2024-11-20T14:29:13.117+0000] {logging_mixin.py:190} INFO - [2024-11-20T14:29:13.117+0000] {dag.py:3239} INFO - Sync 1 DAGs
[2024-11-20T14:29:13.146+0000] {logging_mixin.py:190} INFO - [2024-11-20T14:29:13.146+0000] {dag.py:4180} INFO - Setting next_dagrun for example_python_operator to None, run_after=None
[2024-11-20T14:29:13.177+0000] {processor.py:208} INFO - Processing /home/airflow/.local/lib/python3.12/site-packages/airflow/example_dags/example_python_operator.py took 0.134 seconds
[2024-11-20T14:29:44.697+0000] {processor.py:186} INFO - Started process (PID=1632) to work on /home/airflow/.local/lib/python3.12/site-packages/airflow/example_dags/example_python_operator.py
[2024-11-20T14:29:44.698+0000] {processor.py:914} INFO - Processing file /home/airflow/.local/lib/python3.12/site-packages/airflow/example_dags/example_python_operator.py for tasks to queue
[2024-11-20T14:29:44.702+0000] {logging_mixin.py:190} INFO - [2024-11-20T14:29:44.701+0000] {dagbag.py:588} INFO - Filling up the DagBag from /home/airflow/.local/lib/python3.12/site-packages/airflow/example_dags/example_python_operator.py
[2024-11-20T14:29:44.721+0000] {processor.py:925} INFO - DAG(s) 'example_python_operator' retrieved from /home/airflow/.local/lib/python3.12/site-packages/airflow/example_dags/example_python_operator.py
[2024-11-20T14:29:44.754+0000] {logging_mixin.py:190} INFO - [2024-11-20T14:29:44.754+0000] {dag.py:3239} INFO - Sync 1 DAGs
[2024-11-20T14:29:44.778+0000] {logging_mixin.py:190} INFO - [2024-11-20T14:29:44.778+0000] {dag.py:4180} INFO - Setting next_dagrun for example_python_operator to None, run_after=None
[2024-11-20T14:29:44.807+0000] {processor.py:208} INFO - Processing /home/airflow/.local/lib/python3.12/site-packages/airflow/example_dags/example_python_operator.py took 0.119 seconds
[2024-11-20T14:30:17.689+0000] {processor.py:186} INFO - Started process (PID=1695) to work on /home/airflow/.local/lib/python3.12/site-packages/airflow/example_dags/example_python_operator.py
[2024-11-20T14:30:17.691+0000] {processor.py:914} INFO - Processing file /home/airflow/.local/lib/python3.12/site-packages/airflow/example_dags/example_python_operator.py for tasks to queue
[2024-11-20T14:30:17.697+0000] {logging_mixin.py:190} INFO - [2024-11-20T14:30:17.695+0000] {dagbag.py:588} INFO - Filling up the DagBag from /home/airflow/.local/lib/python3.12/site-packages/airflow/example_dags/example_python_operator.py
[2024-11-20T14:30:17.722+0000] {processor.py:925} INFO - DAG(s) 'example_python_operator' retrieved from /home/airflow/.local/lib/python3.12/site-packages/airflow/example_dags/example_python_operator.py
[2024-11-20T14:30:17.768+0000] {logging_mixin.py:190} INFO - [2024-11-20T14:30:17.768+0000] {dag.py:3239} INFO - Sync 1 DAGs
[2024-11-20T14:30:17.801+0000] {logging_mixin.py:190} INFO - [2024-11-20T14:30:17.801+0000] {dag.py:4180} INFO - Setting next_dagrun for example_python_operator to None, run_after=None
[2024-11-20T14:30:17.842+0000] {processor.py:208} INFO - Processing /home/airflow/.local/lib/python3.12/site-packages/airflow/example_dags/example_python_operator.py took 0.167 seconds
[2024-11-20T14:30:51.905+0000] {processor.py:186} INFO - Started process (PID=1758) to work on /home/airflow/.local/lib/python3.12/site-packages/airflow/example_dags/example_python_operator.py
[2024-11-20T14:30:51.907+0000] {processor.py:914} INFO - Processing file /home/airflow/.local/lib/python3.12/site-packages/airflow/example_dags/example_python_operator.py for tasks to queue
[2024-11-20T14:30:51.914+0000] {logging_mixin.py:190} INFO - [2024-11-20T14:30:51.913+0000] {dagbag.py:588} INFO - Filling up the DagBag from /home/airflow/.local/lib/python3.12/site-packages/airflow/example_dags/example_python_operator.py
[2024-11-20T14:30:51.950+0000] {processor.py:925} INFO - DAG(s) 'example_python_operator' retrieved from /home/airflow/.local/lib/python3.12/site-packages/airflow/example_dags/example_python_operator.py
[2024-11-20T14:30:52.042+0000] {logging_mixin.py:190} INFO - [2024-11-20T14:30:52.041+0000] {dag.py:3239} INFO - Sync 1 DAGs
[2024-11-20T14:30:52.086+0000] {logging_mixin.py:190} INFO - [2024-11-20T14:30:52.086+0000] {dag.py:4180} INFO - Setting next_dagrun for example_python_operator to None, run_after=None
[2024-11-20T14:30:52.142+0000] {processor.py:208} INFO - Processing /home/airflow/.local/lib/python3.12/site-packages/airflow/example_dags/example_python_operator.py took 0.252 seconds
[2024-11-20T14:31:24.577+0000] {processor.py:186} INFO - Started process (PID=1821) to work on /home/airflow/.local/lib/python3.12/site-packages/airflow/example_dags/example_python_operator.py
[2024-11-20T14:31:24.581+0000] {processor.py:914} INFO - Processing file /home/airflow/.local/lib/python3.12/site-packages/airflow/example_dags/example_python_operator.py for tasks to queue
[2024-11-20T14:31:24.590+0000] {logging_mixin.py:190} INFO - [2024-11-20T14:31:24.589+0000] {dagbag.py:588} INFO - Filling up the DagBag from /home/airflow/.local/lib/python3.12/site-packages/airflow/example_dags/example_python_operator.py
[2024-11-20T14:31:24.649+0000] {processor.py:925} INFO - DAG(s) 'example_python_operator' retrieved from /home/airflow/.local/lib/python3.12/site-packages/airflow/example_dags/example_python_operator.py
[2024-11-20T14:31:24.731+0000] {logging_mixin.py:190} INFO - [2024-11-20T14:31:24.728+0000] {dag.py:3239} INFO - Sync 1 DAGs
[2024-11-20T14:31:24.777+0000] {logging_mixin.py:190} INFO - [2024-11-20T14:31:24.776+0000] {dag.py:4180} INFO - Setting next_dagrun for example_python_operator to None, run_after=None
[2024-11-20T14:31:24.844+0000] {processor.py:208} INFO - Processing /home/airflow/.local/lib/python3.12/site-packages/airflow/example_dags/example_python_operator.py took 0.297 seconds
[2024-11-20T14:31:56.858+0000] {processor.py:186} INFO - Started process (PID=1884) to work on /home/airflow/.local/lib/python3.12/site-packages/airflow/example_dags/example_python_operator.py
[2024-11-20T14:31:56.864+0000] {processor.py:914} INFO - Processing file /home/airflow/.local/lib/python3.12/site-packages/airflow/example_dags/example_python_operator.py for tasks to queue
[2024-11-20T14:31:56.884+0000] {logging_mixin.py:190} INFO - [2024-11-20T14:31:56.881+0000] {dagbag.py:588} INFO - Filling up the DagBag from /home/airflow/.local/lib/python3.12/site-packages/airflow/example_dags/example_python_operator.py
[2024-11-20T14:31:56.947+0000] {processor.py:925} INFO - DAG(s) 'example_python_operator' retrieved from /home/airflow/.local/lib/python3.12/site-packages/airflow/example_dags/example_python_operator.py
[2024-11-20T14:31:57.020+0000] {logging_mixin.py:190} INFO - [2024-11-20T14:31:57.020+0000] {dag.py:3239} INFO - Sync 1 DAGs
[2024-11-20T14:31:57.071+0000] {logging_mixin.py:190} INFO - [2024-11-20T14:31:57.070+0000] {dag.py:4180} INFO - Setting next_dagrun for example_python_operator to None, run_after=None
[2024-11-20T14:31:57.118+0000] {processor.py:208} INFO - Processing /home/airflow/.local/lib/python3.12/site-packages/airflow/example_dags/example_python_operator.py took 0.285 seconds
[2024-11-20T14:32:27.754+0000] {processor.py:186} INFO - Started process (PID=1946) to work on /home/airflow/.local/lib/python3.12/site-packages/airflow/example_dags/example_python_operator.py
[2024-11-20T14:32:27.755+0000] {processor.py:914} INFO - Processing file /home/airflow/.local/lib/python3.12/site-packages/airflow/example_dags/example_python_operator.py for tasks to queue
[2024-11-20T14:32:27.759+0000] {logging_mixin.py:190} INFO - [2024-11-20T14:32:27.758+0000] {dagbag.py:588} INFO - Filling up the DagBag from /home/airflow/.local/lib/python3.12/site-packages/airflow/example_dags/example_python_operator.py
[2024-11-20T14:32:27.782+0000] {processor.py:925} INFO - DAG(s) 'example_python_operator' retrieved from /home/airflow/.local/lib/python3.12/site-packages/airflow/example_dags/example_python_operator.py
[2024-11-20T14:32:27.813+0000] {logging_mixin.py:190} INFO - [2024-11-20T14:32:27.813+0000] {dag.py:3239} INFO - Sync 1 DAGs
[2024-11-20T14:32:27.840+0000] {logging_mixin.py:190} INFO - [2024-11-20T14:32:27.839+0000] {dag.py:4180} INFO - Setting next_dagrun for example_python_operator to None, run_after=None
[2024-11-20T14:32:27.870+0000] {processor.py:208} INFO - Processing /home/airflow/.local/lib/python3.12/site-packages/airflow/example_dags/example_python_operator.py took 0.129 seconds
[2024-11-20T14:32:58.069+0000] {processor.py:186} INFO - Started process (PID=2009) to work on /home/airflow/.local/lib/python3.12/site-packages/airflow/example_dags/example_python_operator.py
[2024-11-20T14:32:58.070+0000] {processor.py:914} INFO - Processing file /home/airflow/.local/lib/python3.12/site-packages/airflow/example_dags/example_python_operator.py for tasks to queue
[2024-11-20T14:32:58.075+0000] {logging_mixin.py:190} INFO - [2024-11-20T14:32:58.074+0000] {dagbag.py:588} INFO - Filling up the DagBag from /home/airflow/.local/lib/python3.12/site-packages/airflow/example_dags/example_python_operator.py
[2024-11-20T14:32:58.099+0000] {processor.py:925} INFO - DAG(s) 'example_python_operator' retrieved from /home/airflow/.local/lib/python3.12/site-packages/airflow/example_dags/example_python_operator.py
[2024-11-20T14:32:58.131+0000] {logging_mixin.py:190} INFO - [2024-11-20T14:32:58.131+0000] {dag.py:3239} INFO - Sync 1 DAGs
[2024-11-20T14:32:58.153+0000] {logging_mixin.py:190} INFO - [2024-11-20T14:32:58.152+0000] {dag.py:4180} INFO - Setting next_dagrun for example_python_operator to None, run_after=None
[2024-11-20T14:32:58.185+0000] {processor.py:208} INFO - Processing /home/airflow/.local/lib/python3.12/site-packages/airflow/example_dags/example_python_operator.py took 0.130 seconds
[2024-11-20T14:33:28.526+0000] {processor.py:186} INFO - Started process (PID=2071) to work on /home/airflow/.local/lib/python3.12/site-packages/airflow/example_dags/example_python_operator.py
[2024-11-20T14:33:28.528+0000] {processor.py:914} INFO - Processing file /home/airflow/.local/lib/python3.12/site-packages/airflow/example_dags/example_python_operator.py for tasks to queue
[2024-11-20T14:33:28.531+0000] {logging_mixin.py:190} INFO - [2024-11-20T14:33:28.531+0000] {dagbag.py:588} INFO - Filling up the DagBag from /home/airflow/.local/lib/python3.12/site-packages/airflow/example_dags/example_python_operator.py
[2024-11-20T14:33:28.551+0000] {processor.py:925} INFO - DAG(s) 'example_python_operator' retrieved from /home/airflow/.local/lib/python3.12/site-packages/airflow/example_dags/example_python_operator.py
[2024-11-20T14:33:28.586+0000] {logging_mixin.py:190} INFO - [2024-11-20T14:33:28.585+0000] {dag.py:3239} INFO - Sync 1 DAGs
[2024-11-20T14:33:28.608+0000] {logging_mixin.py:190} INFO - [2024-11-20T14:33:28.608+0000] {dag.py:4180} INFO - Setting next_dagrun for example_python_operator to None, run_after=None
[2024-11-20T14:33:28.635+0000] {processor.py:208} INFO - Processing /home/airflow/.local/lib/python3.12/site-packages/airflow/example_dags/example_python_operator.py took 0.118 seconds
[2024-11-20T14:33:58.931+0000] {processor.py:186} INFO - Started process (PID=2134) to work on /home/airflow/.local/lib/python3.12/site-packages/airflow/example_dags/example_python_operator.py
[2024-11-20T14:33:58.932+0000] {processor.py:914} INFO - Processing file /home/airflow/.local/lib/python3.12/site-packages/airflow/example_dags/example_python_operator.py for tasks to queue
[2024-11-20T14:33:58.935+0000] {logging_mixin.py:190} INFO - [2024-11-20T14:33:58.935+0000] {dagbag.py:588} INFO - Filling up the DagBag from /home/airflow/.local/lib/python3.12/site-packages/airflow/example_dags/example_python_operator.py
[2024-11-20T14:33:58.954+0000] {processor.py:925} INFO - DAG(s) 'example_python_operator' retrieved from /home/airflow/.local/lib/python3.12/site-packages/airflow/example_dags/example_python_operator.py
[2024-11-20T14:33:58.990+0000] {logging_mixin.py:190} INFO - [2024-11-20T14:33:58.989+0000] {dag.py:3239} INFO - Sync 1 DAGs
[2024-11-20T14:33:59.018+0000] {logging_mixin.py:190} INFO - [2024-11-20T14:33:59.018+0000] {dag.py:4180} INFO - Setting next_dagrun for example_python_operator to None, run_after=None
[2024-11-20T14:33:59.049+0000] {processor.py:208} INFO - Processing /home/airflow/.local/lib/python3.12/site-packages/airflow/example_dags/example_python_operator.py took 0.129 seconds
[2024-11-20T14:34:29.375+0000] {processor.py:186} INFO - Started process (PID=2196) to work on /home/airflow/.local/lib/python3.12/site-packages/airflow/example_dags/example_python_operator.py
[2024-11-20T14:34:29.377+0000] {processor.py:914} INFO - Processing file /home/airflow/.local/lib/python3.12/site-packages/airflow/example_dags/example_python_operator.py for tasks to queue
[2024-11-20T14:34:29.380+0000] {logging_mixin.py:190} INFO - [2024-11-20T14:34:29.380+0000] {dagbag.py:588} INFO - Filling up the DagBag from /home/airflow/.local/lib/python3.12/site-packages/airflow/example_dags/example_python_operator.py
[2024-11-20T14:34:29.400+0000] {processor.py:925} INFO - DAG(s) 'example_python_operator' retrieved from /home/airflow/.local/lib/python3.12/site-packages/airflow/example_dags/example_python_operator.py
[2024-11-20T14:34:29.439+0000] {logging_mixin.py:190} INFO - [2024-11-20T14:34:29.439+0000] {dag.py:3239} INFO - Sync 1 DAGs
[2024-11-20T14:34:29.464+0000] {logging_mixin.py:190} INFO - [2024-11-20T14:34:29.463+0000] {dag.py:4180} INFO - Setting next_dagrun for example_python_operator to None, run_after=None
[2024-11-20T14:34:29.496+0000] {processor.py:208} INFO - Processing /home/airflow/.local/lib/python3.12/site-packages/airflow/example_dags/example_python_operator.py took 0.132 seconds
[2024-11-20T14:34:59.820+0000] {processor.py:186} INFO - Started process (PID=2259) to work on /home/airflow/.local/lib/python3.12/site-packages/airflow/example_dags/example_python_operator.py
[2024-11-20T14:34:59.822+0000] {processor.py:914} INFO - Processing file /home/airflow/.local/lib/python3.12/site-packages/airflow/example_dags/example_python_operator.py for tasks to queue
[2024-11-20T14:34:59.827+0000] {logging_mixin.py:190} INFO - [2024-11-20T14:34:59.826+0000] {dagbag.py:588} INFO - Filling up the DagBag from /home/airflow/.local/lib/python3.12/site-packages/airflow/example_dags/example_python_operator.py
[2024-11-20T14:34:59.853+0000] {processor.py:925} INFO - DAG(s) 'example_python_operator' retrieved from /home/airflow/.local/lib/python3.12/site-packages/airflow/example_dags/example_python_operator.py
[2024-11-20T14:34:59.902+0000] {logging_mixin.py:190} INFO - [2024-11-20T14:34:59.902+0000] {dag.py:3239} INFO - Sync 1 DAGs
[2024-11-20T14:34:59.937+0000] {logging_mixin.py:190} INFO - [2024-11-20T14:34:59.936+0000] {dag.py:4180} INFO - Setting next_dagrun for example_python_operator to None, run_after=None
[2024-11-20T14:34:59.974+0000] {processor.py:208} INFO - Processing /home/airflow/.local/lib/python3.12/site-packages/airflow/example_dags/example_python_operator.py took 0.167 seconds
[2024-11-20T14:35:30.609+0000] {processor.py:186} INFO - Started process (PID=2321) to work on /home/airflow/.local/lib/python3.12/site-packages/airflow/example_dags/example_python_operator.py
[2024-11-20T14:35:30.610+0000] {processor.py:914} INFO - Processing file /home/airflow/.local/lib/python3.12/site-packages/airflow/example_dags/example_python_operator.py for tasks to queue
[2024-11-20T14:35:30.615+0000] {logging_mixin.py:190} INFO - [2024-11-20T14:35:30.615+0000] {dagbag.py:588} INFO - Filling up the DagBag from /home/airflow/.local/lib/python3.12/site-packages/airflow/example_dags/example_python_operator.py
[2024-11-20T14:35:30.643+0000] {processor.py:925} INFO - DAG(s) 'example_python_operator' retrieved from /home/airflow/.local/lib/python3.12/site-packages/airflow/example_dags/example_python_operator.py
[2024-11-20T14:35:30.702+0000] {logging_mixin.py:190} INFO - [2024-11-20T14:35:30.701+0000] {dag.py:3239} INFO - Sync 1 DAGs
[2024-11-20T14:35:30.739+0000] {logging_mixin.py:190} INFO - [2024-11-20T14:35:30.738+0000] {dag.py:4180} INFO - Setting next_dagrun for example_python_operator to None, run_after=None
[2024-11-20T14:35:30.779+0000] {processor.py:208} INFO - Processing /home/airflow/.local/lib/python3.12/site-packages/airflow/example_dags/example_python_operator.py took 0.202 seconds
[2024-11-20T14:36:01.573+0000] {processor.py:186} INFO - Started process (PID=2384) to work on /home/airflow/.local/lib/python3.12/site-packages/airflow/example_dags/example_python_operator.py
[2024-11-20T14:36:01.575+0000] {processor.py:914} INFO - Processing file /home/airflow/.local/lib/python3.12/site-packages/airflow/example_dags/example_python_operator.py for tasks to queue
[2024-11-20T14:36:01.580+0000] {logging_mixin.py:190} INFO - [2024-11-20T14:36:01.580+0000] {dagbag.py:588} INFO - Filling up the DagBag from /home/airflow/.local/lib/python3.12/site-packages/airflow/example_dags/example_python_operator.py
[2024-11-20T14:36:01.608+0000] {processor.py:925} INFO - DAG(s) 'example_python_operator' retrieved from /home/airflow/.local/lib/python3.12/site-packages/airflow/example_dags/example_python_operator.py
[2024-11-20T14:36:01.656+0000] {logging_mixin.py:190} INFO - [2024-11-20T14:36:01.655+0000] {dag.py:3239} INFO - Sync 1 DAGs
[2024-11-20T14:36:01.682+0000] {logging_mixin.py:190} INFO - [2024-11-20T14:36:01.682+0000] {dag.py:4180} INFO - Setting next_dagrun for example_python_operator to None, run_after=None
[2024-11-20T14:36:01.712+0000] {processor.py:208} INFO - Processing /home/airflow/.local/lib/python3.12/site-packages/airflow/example_dags/example_python_operator.py took 0.152 seconds
[2024-11-20T14:36:31.845+0000] {processor.py:186} INFO - Started process (PID=2447) to work on /home/airflow/.local/lib/python3.12/site-packages/airflow/example_dags/example_python_operator.py
[2024-11-20T14:36:31.847+0000] {processor.py:914} INFO - Processing file /home/airflow/.local/lib/python3.12/site-packages/airflow/example_dags/example_python_operator.py for tasks to queue
[2024-11-20T14:36:31.852+0000] {logging_mixin.py:190} INFO - [2024-11-20T14:36:31.851+0000] {dagbag.py:588} INFO - Filling up the DagBag from /home/airflow/.local/lib/python3.12/site-packages/airflow/example_dags/example_python_operator.py
[2024-11-20T14:36:31.880+0000] {processor.py:925} INFO - DAG(s) 'example_python_operator' retrieved from /home/airflow/.local/lib/python3.12/site-packages/airflow/example_dags/example_python_operator.py
[2024-11-20T14:36:31.922+0000] {logging_mixin.py:190} INFO - [2024-11-20T14:36:31.921+0000] {dag.py:3239} INFO - Sync 1 DAGs
[2024-11-20T14:36:31.956+0000] {logging_mixin.py:190} INFO - [2024-11-20T14:36:31.956+0000] {dag.py:4180} INFO - Setting next_dagrun for example_python_operator to None, run_after=None
[2024-11-20T14:36:31.991+0000] {processor.py:208} INFO - Processing /home/airflow/.local/lib/python3.12/site-packages/airflow/example_dags/example_python_operator.py took 0.161 seconds
[2024-11-20T14:37:02.378+0000] {processor.py:186} INFO - Started process (PID=2510) to work on /home/airflow/.local/lib/python3.12/site-packages/airflow/example_dags/example_python_operator.py
[2024-11-20T14:37:02.379+0000] {processor.py:914} INFO - Processing file /home/airflow/.local/lib/python3.12/site-packages/airflow/example_dags/example_python_operator.py for tasks to queue
[2024-11-20T14:37:02.385+0000] {logging_mixin.py:190} INFO - [2024-11-20T14:37:02.384+0000] {dagbag.py:588} INFO - Filling up the DagBag from /home/airflow/.local/lib/python3.12/site-packages/airflow/example_dags/example_python_operator.py
[2024-11-20T14:37:02.418+0000] {processor.py:925} INFO - DAG(s) 'example_python_operator' retrieved from /home/airflow/.local/lib/python3.12/site-packages/airflow/example_dags/example_python_operator.py
[2024-11-20T14:37:02.499+0000] {logging_mixin.py:190} INFO - [2024-11-20T14:37:02.498+0000] {dag.py:3239} INFO - Sync 1 DAGs
[2024-11-20T14:37:02.541+0000] {logging_mixin.py:190} INFO - [2024-11-20T14:37:02.540+0000] {dag.py:4180} INFO - Setting next_dagrun for example_python_operator to None, run_after=None
[2024-11-20T14:37:02.583+0000] {processor.py:208} INFO - Processing /home/airflow/.local/lib/python3.12/site-packages/airflow/example_dags/example_python_operator.py took 0.220 seconds
[2024-11-20T14:37:33.027+0000] {processor.py:186} INFO - Started process (PID=2572) to work on /home/airflow/.local/lib/python3.12/site-packages/airflow/example_dags/example_python_operator.py
[2024-11-20T14:37:33.031+0000] {processor.py:914} INFO - Processing file /home/airflow/.local/lib/python3.12/site-packages/airflow/example_dags/example_python_operator.py for tasks to queue
[2024-11-20T14:37:33.038+0000] {logging_mixin.py:190} INFO - [2024-11-20T14:37:33.037+0000] {dagbag.py:588} INFO - Filling up the DagBag from /home/airflow/.local/lib/python3.12/site-packages/airflow/example_dags/example_python_operator.py
[2024-11-20T14:37:33.074+0000] {processor.py:925} INFO - DAG(s) 'example_python_operator' retrieved from /home/airflow/.local/lib/python3.12/site-packages/airflow/example_dags/example_python_operator.py
[2024-11-20T14:37:33.154+0000] {logging_mixin.py:190} INFO - [2024-11-20T14:37:33.153+0000] {dag.py:3239} INFO - Sync 1 DAGs
[2024-11-20T14:37:33.193+0000] {logging_mixin.py:190} INFO - [2024-11-20T14:37:33.192+0000] {dag.py:4180} INFO - Setting next_dagrun for example_python_operator to None, run_after=None
[2024-11-20T14:37:33.238+0000] {processor.py:208} INFO - Processing /home/airflow/.local/lib/python3.12/site-packages/airflow/example_dags/example_python_operator.py took 0.231 seconds
[2024-11-20T14:38:03.358+0000] {processor.py:186} INFO - Started process (PID=2634) to work on /home/airflow/.local/lib/python3.12/site-packages/airflow/example_dags/example_python_operator.py
[2024-11-20T14:38:03.359+0000] {processor.py:914} INFO - Processing file /home/airflow/.local/lib/python3.12/site-packages/airflow/example_dags/example_python_operator.py for tasks to queue
[2024-11-20T14:38:03.365+0000] {logging_mixin.py:190} INFO - [2024-11-20T14:38:03.364+0000] {dagbag.py:588} INFO - Filling up the DagBag from /home/airflow/.local/lib/python3.12/site-packages/airflow/example_dags/example_python_operator.py
[2024-11-20T14:38:03.393+0000] {processor.py:925} INFO - DAG(s) 'example_python_operator' retrieved from /home/airflow/.local/lib/python3.12/site-packages/airflow/example_dags/example_python_operator.py
[2024-11-20T14:38:03.454+0000] {logging_mixin.py:190} INFO - [2024-11-20T14:38:03.454+0000] {dag.py:3239} INFO - Sync 1 DAGs
[2024-11-20T14:38:03.480+0000] {logging_mixin.py:190} INFO - [2024-11-20T14:38:03.480+0000] {dag.py:4180} INFO - Setting next_dagrun for example_python_operator to None, run_after=None
[2024-11-20T14:38:03.515+0000] {processor.py:208} INFO - Processing /home/airflow/.local/lib/python3.12/site-packages/airflow/example_dags/example_python_operator.py took 0.172 seconds
