[2024-11-20T14:16:00.263+0000] {processor.py:186} INFO - Started process (PID=76) to work on /home/airflow/.local/lib/python3.12/site-packages/airflow/example_dags/example_bash_operator.py
[2024-11-20T14:16:00.271+0000] {processor.py:914} INFO - Processing file /home/airflow/.local/lib/python3.12/site-packages/airflow/example_dags/example_bash_operator.py for tasks to queue
[2024-11-20T14:16:00.286+0000] {logging_mixin.py:190} INFO - [2024-11-20T14:16:00.281+0000] {dagbag.py:588} INFO - Filling up the DagBag from /home/airflow/.local/lib/python3.12/site-packages/airflow/example_dags/example_bash_operator.py
[2024-11-20T14:16:00.402+0000] {processor.py:925} INFO - DAG(s) 'example_bash_operator' retrieved from /home/airflow/.local/lib/python3.12/site-packages/airflow/example_dags/example_bash_operator.py
[2024-11-20T14:16:01.970+0000] {logging_mixin.py:190} INFO - [2024-11-20T14:16:01.967+0000] {override.py:1911} INFO - Created Permission View: can delete on DAG:example_bash_operator
[2024-11-20T14:16:02.016+0000] {logging_mixin.py:190} INFO - [2024-11-20T14:16:02.015+0000] {override.py:1911} INFO - Created Permission View: can read on DAG:example_bash_operator
[2024-11-20T14:16:02.037+0000] {logging_mixin.py:190} INFO - [2024-11-20T14:16:02.036+0000] {override.py:1911} INFO - Created Permission View: can edit on DAG:example_bash_operator
[2024-11-20T14:16:02.088+0000] {logging_mixin.py:190} INFO - [2024-11-20T14:16:02.087+0000] {override.py:1911} INFO - Created Permission View: can delete on DAG Run:example_bash_operator
[2024-11-20T14:16:02.121+0000] {logging_mixin.py:190} INFO - [2024-11-20T14:16:02.120+0000] {override.py:1911} INFO - Created Permission View: menu access on DAG Run:example_bash_operator
[2024-11-20T14:16:02.163+0000] {logging_mixin.py:190} INFO - [2024-11-20T14:16:02.162+0000] {override.py:1911} INFO - Created Permission View: can read on DAG Run:example_bash_operator
[2024-11-20T14:16:02.193+0000] {logging_mixin.py:190} INFO - [2024-11-20T14:16:02.192+0000] {override.py:1911} INFO - Created Permission View: can create on DAG Run:example_bash_operator
[2024-11-20T14:16:02.197+0000] {logging_mixin.py:190} INFO - [2024-11-20T14:16:02.196+0000] {dag.py:3239} INFO - Sync 1 DAGs
[2024-11-20T14:16:02.284+0000] {logging_mixin.py:190} INFO - [2024-11-20T14:16:02.283+0000] {dag.py:3262} INFO - Creating ORM DAG for example_bash_operator
[2024-11-20T14:16:02.360+0000] {logging_mixin.py:190} INFO - [2024-11-20T14:16:02.359+0000] {dag.py:4180} INFO - Setting next_dagrun for example_bash_operator to 2024-11-19 00:00:00+00:00, run_after=2024-11-20 00:00:00+00:00
[2024-11-20T14:16:02.461+0000] {processor.py:208} INFO - Processing /home/airflow/.local/lib/python3.12/site-packages/airflow/example_dags/example_bash_operator.py took 2.227 seconds
[2024-11-20T14:16:32.744+0000] {processor.py:186} INFO - Started process (PID=138) to work on /home/airflow/.local/lib/python3.12/site-packages/airflow/example_dags/example_bash_operator.py
[2024-11-20T14:16:32.746+0000] {processor.py:914} INFO - Processing file /home/airflow/.local/lib/python3.12/site-packages/airflow/example_dags/example_bash_operator.py for tasks to queue
[2024-11-20T14:16:32.751+0000] {logging_mixin.py:190} INFO - [2024-11-20T14:16:32.750+0000] {dagbag.py:588} INFO - Filling up the DagBag from /home/airflow/.local/lib/python3.12/site-packages/airflow/example_dags/example_bash_operator.py
[2024-11-20T14:16:32.787+0000] {processor.py:925} INFO - DAG(s) 'example_bash_operator' retrieved from /home/airflow/.local/lib/python3.12/site-packages/airflow/example_dags/example_bash_operator.py
[2024-11-20T14:16:32.857+0000] {logging_mixin.py:190} INFO - [2024-11-20T14:16:32.857+0000] {dag.py:3239} INFO - Sync 1 DAGs
[2024-11-20T14:16:32.919+0000] {logging_mixin.py:190} INFO - [2024-11-20T14:16:32.918+0000] {dag.py:4180} INFO - Setting next_dagrun for example_bash_operator to 2024-11-19 00:00:00+00:00, run_after=2024-11-20 00:00:00+00:00
[2024-11-20T14:16:32.960+0000] {processor.py:208} INFO - Processing /home/airflow/.local/lib/python3.12/site-packages/airflow/example_dags/example_bash_operator.py took 0.229 seconds
[2024-11-20T14:17:03.207+0000] {processor.py:186} INFO - Started process (PID=201) to work on /home/airflow/.local/lib/python3.12/site-packages/airflow/example_dags/example_bash_operator.py
[2024-11-20T14:17:03.211+0000] {processor.py:914} INFO - Processing file /home/airflow/.local/lib/python3.12/site-packages/airflow/example_dags/example_bash_operator.py for tasks to queue
[2024-11-20T14:17:03.216+0000] {logging_mixin.py:190} INFO - [2024-11-20T14:17:03.216+0000] {dagbag.py:588} INFO - Filling up the DagBag from /home/airflow/.local/lib/python3.12/site-packages/airflow/example_dags/example_bash_operator.py
[2024-11-20T14:17:03.245+0000] {processor.py:925} INFO - DAG(s) 'example_bash_operator' retrieved from /home/airflow/.local/lib/python3.12/site-packages/airflow/example_dags/example_bash_operator.py
[2024-11-20T14:17:03.309+0000] {logging_mixin.py:190} INFO - [2024-11-20T14:17:03.309+0000] {dag.py:3239} INFO - Sync 1 DAGs
[2024-11-20T14:17:03.367+0000] {logging_mixin.py:190} INFO - [2024-11-20T14:17:03.366+0000] {dag.py:4180} INFO - Setting next_dagrun for example_bash_operator to 2024-11-19 00:00:00+00:00, run_after=2024-11-20 00:00:00+00:00
[2024-11-20T14:17:03.409+0000] {processor.py:208} INFO - Processing /home/airflow/.local/lib/python3.12/site-packages/airflow/example_dags/example_bash_operator.py took 0.218 seconds
[2024-11-20T14:17:33.622+0000] {processor.py:186} INFO - Started process (PID=264) to work on /home/airflow/.local/lib/python3.12/site-packages/airflow/example_dags/example_bash_operator.py
[2024-11-20T14:17:33.624+0000] {processor.py:914} INFO - Processing file /home/airflow/.local/lib/python3.12/site-packages/airflow/example_dags/example_bash_operator.py for tasks to queue
[2024-11-20T14:17:33.628+0000] {logging_mixin.py:190} INFO - [2024-11-20T14:17:33.628+0000] {dagbag.py:588} INFO - Filling up the DagBag from /home/airflow/.local/lib/python3.12/site-packages/airflow/example_dags/example_bash_operator.py
[2024-11-20T14:17:33.652+0000] {processor.py:925} INFO - DAG(s) 'example_bash_operator' retrieved from /home/airflow/.local/lib/python3.12/site-packages/airflow/example_dags/example_bash_operator.py
[2024-11-20T14:17:33.691+0000] {logging_mixin.py:190} INFO - [2024-11-20T14:17:33.691+0000] {dag.py:3239} INFO - Sync 1 DAGs
[2024-11-20T14:17:33.729+0000] {logging_mixin.py:190} INFO - [2024-11-20T14:17:33.729+0000] {dag.py:4180} INFO - Setting next_dagrun for example_bash_operator to 2024-11-19 00:00:00+00:00, run_after=2024-11-20 00:00:00+00:00
[2024-11-20T14:17:33.756+0000] {processor.py:208} INFO - Processing /home/airflow/.local/lib/python3.12/site-packages/airflow/example_dags/example_bash_operator.py took 0.147 seconds
[2024-11-20T14:18:04.287+0000] {processor.py:186} INFO - Started process (PID=327) to work on /home/airflow/.local/lib/python3.12/site-packages/airflow/example_dags/example_bash_operator.py
[2024-11-20T14:18:04.289+0000] {processor.py:914} INFO - Processing file /home/airflow/.local/lib/python3.12/site-packages/airflow/example_dags/example_bash_operator.py for tasks to queue
[2024-11-20T14:18:04.294+0000] {logging_mixin.py:190} INFO - [2024-11-20T14:18:04.293+0000] {dagbag.py:588} INFO - Filling up the DagBag from /home/airflow/.local/lib/python3.12/site-packages/airflow/example_dags/example_bash_operator.py
[2024-11-20T14:18:04.317+0000] {processor.py:925} INFO - DAG(s) 'example_bash_operator' retrieved from /home/airflow/.local/lib/python3.12/site-packages/airflow/example_dags/example_bash_operator.py
[2024-11-20T14:18:04.371+0000] {logging_mixin.py:190} INFO - [2024-11-20T14:18:04.370+0000] {dag.py:3239} INFO - Sync 1 DAGs
[2024-11-20T14:18:04.414+0000] {logging_mixin.py:190} INFO - [2024-11-20T14:18:04.414+0000] {dag.py:4180} INFO - Setting next_dagrun for example_bash_operator to 2024-11-19 00:00:00+00:00, run_after=2024-11-20 00:00:00+00:00
[2024-11-20T14:18:04.452+0000] {processor.py:208} INFO - Processing /home/airflow/.local/lib/python3.12/site-packages/airflow/example_dags/example_bash_operator.py took 0.178 seconds
[2024-11-20T14:18:34.781+0000] {processor.py:186} INFO - Started process (PID=390) to work on /home/airflow/.local/lib/python3.12/site-packages/airflow/example_dags/example_bash_operator.py
[2024-11-20T14:18:34.782+0000] {processor.py:914} INFO - Processing file /home/airflow/.local/lib/python3.12/site-packages/airflow/example_dags/example_bash_operator.py for tasks to queue
[2024-11-20T14:18:34.786+0000] {logging_mixin.py:190} INFO - [2024-11-20T14:18:34.785+0000] {dagbag.py:588} INFO - Filling up the DagBag from /home/airflow/.local/lib/python3.12/site-packages/airflow/example_dags/example_bash_operator.py
[2024-11-20T14:18:34.808+0000] {processor.py:925} INFO - DAG(s) 'example_bash_operator' retrieved from /home/airflow/.local/lib/python3.12/site-packages/airflow/example_dags/example_bash_operator.py
[2024-11-20T14:18:34.861+0000] {logging_mixin.py:190} INFO - [2024-11-20T14:18:34.861+0000] {dag.py:3239} INFO - Sync 1 DAGs
[2024-11-20T14:18:34.904+0000] {logging_mixin.py:190} INFO - [2024-11-20T14:18:34.904+0000] {dag.py:4180} INFO - Setting next_dagrun for example_bash_operator to 2024-11-19 00:00:00+00:00, run_after=2024-11-20 00:00:00+00:00
[2024-11-20T14:18:34.935+0000] {processor.py:208} INFO - Processing /home/airflow/.local/lib/python3.12/site-packages/airflow/example_dags/example_bash_operator.py took 0.166 seconds
[2024-11-20T14:19:05.784+0000] {processor.py:186} INFO - Started process (PID=453) to work on /home/airflow/.local/lib/python3.12/site-packages/airflow/example_dags/example_bash_operator.py
[2024-11-20T14:19:05.786+0000] {processor.py:914} INFO - Processing file /home/airflow/.local/lib/python3.12/site-packages/airflow/example_dags/example_bash_operator.py for tasks to queue
[2024-11-20T14:19:05.790+0000] {logging_mixin.py:190} INFO - [2024-11-20T14:19:05.790+0000] {dagbag.py:588} INFO - Filling up the DagBag from /home/airflow/.local/lib/python3.12/site-packages/airflow/example_dags/example_bash_operator.py
[2024-11-20T14:19:05.812+0000] {processor.py:925} INFO - DAG(s) 'example_bash_operator' retrieved from /home/airflow/.local/lib/python3.12/site-packages/airflow/example_dags/example_bash_operator.py
[2024-11-20T14:19:05.862+0000] {logging_mixin.py:190} INFO - [2024-11-20T14:19:05.861+0000] {dag.py:3239} INFO - Sync 1 DAGs
[2024-11-20T14:19:05.903+0000] {logging_mixin.py:190} INFO - [2024-11-20T14:19:05.903+0000] {dag.py:4180} INFO - Setting next_dagrun for example_bash_operator to 2024-11-19 00:00:00+00:00, run_after=2024-11-20 00:00:00+00:00
[2024-11-20T14:19:05.935+0000] {processor.py:208} INFO - Processing /home/airflow/.local/lib/python3.12/site-packages/airflow/example_dags/example_bash_operator.py took 0.164 seconds
[2024-11-20T14:19:36.210+0000] {processor.py:186} INFO - Started process (PID=515) to work on /home/airflow/.local/lib/python3.12/site-packages/airflow/example_dags/example_bash_operator.py
[2024-11-20T14:19:36.212+0000] {processor.py:914} INFO - Processing file /home/airflow/.local/lib/python3.12/site-packages/airflow/example_dags/example_bash_operator.py for tasks to queue
[2024-11-20T14:19:36.216+0000] {logging_mixin.py:190} INFO - [2024-11-20T14:19:36.215+0000] {dagbag.py:588} INFO - Filling up the DagBag from /home/airflow/.local/lib/python3.12/site-packages/airflow/example_dags/example_bash_operator.py
[2024-11-20T14:19:36.244+0000] {processor.py:925} INFO - DAG(s) 'example_bash_operator' retrieved from /home/airflow/.local/lib/python3.12/site-packages/airflow/example_dags/example_bash_operator.py
[2024-11-20T14:19:36.311+0000] {logging_mixin.py:190} INFO - [2024-11-20T14:19:36.311+0000] {dag.py:3239} INFO - Sync 1 DAGs
[2024-11-20T14:19:36.369+0000] {logging_mixin.py:190} INFO - [2024-11-20T14:19:36.368+0000] {dag.py:4180} INFO - Setting next_dagrun for example_bash_operator to 2024-11-19 00:00:00+00:00, run_after=2024-11-20 00:00:00+00:00
[2024-11-20T14:19:36.404+0000] {processor.py:208} INFO - Processing /home/airflow/.local/lib/python3.12/site-packages/airflow/example_dags/example_bash_operator.py took 0.206 seconds
[2024-11-20T14:20:07.242+0000] {processor.py:186} INFO - Started process (PID=578) to work on /home/airflow/.local/lib/python3.12/site-packages/airflow/example_dags/example_bash_operator.py
[2024-11-20T14:20:07.245+0000] {processor.py:914} INFO - Processing file /home/airflow/.local/lib/python3.12/site-packages/airflow/example_dags/example_bash_operator.py for tasks to queue
[2024-11-20T14:20:07.270+0000] {logging_mixin.py:190} INFO - [2024-11-20T14:20:07.269+0000] {dagbag.py:588} INFO - Filling up the DagBag from /home/airflow/.local/lib/python3.12/site-packages/airflow/example_dags/example_bash_operator.py
[2024-11-20T14:20:07.315+0000] {processor.py:925} INFO - DAG(s) 'example_bash_operator' retrieved from /home/airflow/.local/lib/python3.12/site-packages/airflow/example_dags/example_bash_operator.py
[2024-11-20T14:20:07.507+0000] {logging_mixin.py:190} INFO - [2024-11-20T14:20:07.507+0000] {dag.py:3239} INFO - Sync 1 DAGs
[2024-11-20T14:20:07.600+0000] {logging_mixin.py:190} INFO - [2024-11-20T14:20:07.600+0000] {dag.py:4180} INFO - Setting next_dagrun for example_bash_operator to 2024-11-19 00:00:00+00:00, run_after=2024-11-20 00:00:00+00:00
[2024-11-20T14:20:07.657+0000] {processor.py:208} INFO - Processing /home/airflow/.local/lib/python3.12/site-packages/airflow/example_dags/example_bash_operator.py took 0.443 seconds
[2024-11-20T14:20:38.446+0000] {processor.py:186} INFO - Started process (PID=641) to work on /home/airflow/.local/lib/python3.12/site-packages/airflow/example_dags/example_bash_operator.py
[2024-11-20T14:20:38.448+0000] {processor.py:914} INFO - Processing file /home/airflow/.local/lib/python3.12/site-packages/airflow/example_dags/example_bash_operator.py for tasks to queue
[2024-11-20T14:20:38.451+0000] {logging_mixin.py:190} INFO - [2024-11-20T14:20:38.451+0000] {dagbag.py:588} INFO - Filling up the DagBag from /home/airflow/.local/lib/python3.12/site-packages/airflow/example_dags/example_bash_operator.py
[2024-11-20T14:20:38.472+0000] {processor.py:925} INFO - DAG(s) 'example_bash_operator' retrieved from /home/airflow/.local/lib/python3.12/site-packages/airflow/example_dags/example_bash_operator.py
[2024-11-20T14:20:38.530+0000] {logging_mixin.py:190} INFO - [2024-11-20T14:20:38.530+0000] {dag.py:3239} INFO - Sync 1 DAGs
[2024-11-20T14:20:38.576+0000] {logging_mixin.py:190} INFO - [2024-11-20T14:20:38.576+0000] {dag.py:4180} INFO - Setting next_dagrun for example_bash_operator to 2024-11-19 00:00:00+00:00, run_after=2024-11-20 00:00:00+00:00
[2024-11-20T14:20:38.609+0000] {processor.py:208} INFO - Processing /home/airflow/.local/lib/python3.12/site-packages/airflow/example_dags/example_bash_operator.py took 0.173 seconds
[2024-11-20T14:21:09.010+0000] {processor.py:186} INFO - Started process (PID=704) to work on /home/airflow/.local/lib/python3.12/site-packages/airflow/example_dags/example_bash_operator.py
[2024-11-20T14:21:09.012+0000] {processor.py:914} INFO - Processing file /home/airflow/.local/lib/python3.12/site-packages/airflow/example_dags/example_bash_operator.py for tasks to queue
[2024-11-20T14:21:09.019+0000] {logging_mixin.py:190} INFO - [2024-11-20T14:21:09.018+0000] {dagbag.py:588} INFO - Filling up the DagBag from /home/airflow/.local/lib/python3.12/site-packages/airflow/example_dags/example_bash_operator.py
[2024-11-20T14:21:09.046+0000] {processor.py:925} INFO - DAG(s) 'example_bash_operator' retrieved from /home/airflow/.local/lib/python3.12/site-packages/airflow/example_dags/example_bash_operator.py
[2024-11-20T14:21:09.087+0000] {logging_mixin.py:190} INFO - [2024-11-20T14:21:09.087+0000] {dag.py:3239} INFO - Sync 1 DAGs
[2024-11-20T14:21:09.126+0000] {logging_mixin.py:190} INFO - [2024-11-20T14:21:09.126+0000] {dag.py:4180} INFO - Setting next_dagrun for example_bash_operator to 2024-11-19 00:00:00+00:00, run_after=2024-11-20 00:00:00+00:00
[2024-11-20T14:21:09.154+0000] {processor.py:208} INFO - Processing /home/airflow/.local/lib/python3.12/site-packages/airflow/example_dags/example_bash_operator.py took 0.157 seconds
[2024-11-20T14:21:39.960+0000] {processor.py:186} INFO - Started process (PID=767) to work on /home/airflow/.local/lib/python3.12/site-packages/airflow/example_dags/example_bash_operator.py
[2024-11-20T14:21:39.962+0000] {processor.py:914} INFO - Processing file /home/airflow/.local/lib/python3.12/site-packages/airflow/example_dags/example_bash_operator.py for tasks to queue
[2024-11-20T14:21:39.967+0000] {logging_mixin.py:190} INFO - [2024-11-20T14:21:39.966+0000] {dagbag.py:588} INFO - Filling up the DagBag from /home/airflow/.local/lib/python3.12/site-packages/airflow/example_dags/example_bash_operator.py
[2024-11-20T14:21:39.988+0000] {processor.py:925} INFO - DAG(s) 'example_bash_operator' retrieved from /home/airflow/.local/lib/python3.12/site-packages/airflow/example_dags/example_bash_operator.py
[2024-11-20T14:21:40.034+0000] {logging_mixin.py:190} INFO - [2024-11-20T14:21:40.033+0000] {dag.py:3239} INFO - Sync 1 DAGs
[2024-11-20T14:21:40.079+0000] {logging_mixin.py:190} INFO - [2024-11-20T14:21:40.078+0000] {dag.py:4180} INFO - Setting next_dagrun for example_bash_operator to 2024-11-19 00:00:00+00:00, run_after=2024-11-20 00:00:00+00:00
[2024-11-20T14:21:40.114+0000] {processor.py:208} INFO - Processing /home/airflow/.local/lib/python3.12/site-packages/airflow/example_dags/example_bash_operator.py took 0.167 seconds
[2024-11-20T14:22:10.618+0000] {processor.py:186} INFO - Started process (PID=830) to work on /home/airflow/.local/lib/python3.12/site-packages/airflow/example_dags/example_bash_operator.py
[2024-11-20T14:22:10.619+0000] {processor.py:914} INFO - Processing file /home/airflow/.local/lib/python3.12/site-packages/airflow/example_dags/example_bash_operator.py for tasks to queue
[2024-11-20T14:22:10.623+0000] {logging_mixin.py:190} INFO - [2024-11-20T14:22:10.622+0000] {dagbag.py:588} INFO - Filling up the DagBag from /home/airflow/.local/lib/python3.12/site-packages/airflow/example_dags/example_bash_operator.py
[2024-11-20T14:22:10.646+0000] {processor.py:925} INFO - DAG(s) 'example_bash_operator' retrieved from /home/airflow/.local/lib/python3.12/site-packages/airflow/example_dags/example_bash_operator.py
[2024-11-20T14:22:10.705+0000] {logging_mixin.py:190} INFO - [2024-11-20T14:22:10.704+0000] {dag.py:3239} INFO - Sync 1 DAGs
[2024-11-20T14:22:10.751+0000] {logging_mixin.py:190} INFO - [2024-11-20T14:22:10.751+0000] {dag.py:4180} INFO - Setting next_dagrun for example_bash_operator to 2024-11-19 00:00:00+00:00, run_after=2024-11-20 00:00:00+00:00
[2024-11-20T14:22:10.786+0000] {processor.py:208} INFO - Processing /home/airflow/.local/lib/python3.12/site-packages/airflow/example_dags/example_bash_operator.py took 0.179 seconds
[2024-11-20T14:22:41.860+0000] {processor.py:186} INFO - Started process (PID=882) to work on /home/airflow/.local/lib/python3.12/site-packages/airflow/example_dags/example_bash_operator.py
[2024-11-20T14:22:41.862+0000] {processor.py:914} INFO - Processing file /home/airflow/.local/lib/python3.12/site-packages/airflow/example_dags/example_bash_operator.py for tasks to queue
[2024-11-20T14:22:41.870+0000] {logging_mixin.py:190} INFO - [2024-11-20T14:22:41.869+0000] {dagbag.py:588} INFO - Filling up the DagBag from /home/airflow/.local/lib/python3.12/site-packages/airflow/example_dags/example_bash_operator.py
[2024-11-20T14:22:41.912+0000] {processor.py:925} INFO - DAG(s) 'example_bash_operator' retrieved from /home/airflow/.local/lib/python3.12/site-packages/airflow/example_dags/example_bash_operator.py
[2024-11-20T14:22:42.009+0000] {logging_mixin.py:190} INFO - [2024-11-20T14:22:42.007+0000] {dag.py:3239} INFO - Sync 1 DAGs
[2024-11-20T14:22:42.105+0000] {logging_mixin.py:190} INFO - [2024-11-20T14:22:42.105+0000] {dag.py:4180} INFO - Setting next_dagrun for example_bash_operator to 2024-11-19 00:00:00+00:00, run_after=2024-11-20 00:00:00+00:00
[2024-11-20T14:22:42.163+0000] {processor.py:208} INFO - Processing /home/airflow/.local/lib/python3.12/site-packages/airflow/example_dags/example_bash_operator.py took 0.322 seconds
[2024-11-20T14:23:13.952+0000] {processor.py:186} INFO - Started process (PID=942) to work on /home/airflow/.local/lib/python3.12/site-packages/airflow/example_dags/example_bash_operator.py
[2024-11-20T14:23:13.954+0000] {processor.py:914} INFO - Processing file /home/airflow/.local/lib/python3.12/site-packages/airflow/example_dags/example_bash_operator.py for tasks to queue
[2024-11-20T14:23:13.959+0000] {logging_mixin.py:190} INFO - [2024-11-20T14:23:13.959+0000] {dagbag.py:588} INFO - Filling up the DagBag from /home/airflow/.local/lib/python3.12/site-packages/airflow/example_dags/example_bash_operator.py
[2024-11-20T14:23:13.989+0000] {processor.py:925} INFO - DAG(s) 'example_bash_operator' retrieved from /home/airflow/.local/lib/python3.12/site-packages/airflow/example_dags/example_bash_operator.py
[2024-11-20T14:23:14.094+0000] {logging_mixin.py:190} INFO - [2024-11-20T14:23:14.090+0000] {dag.py:3239} INFO - Sync 1 DAGs
[2024-11-20T14:23:14.169+0000] {logging_mixin.py:190} INFO - [2024-11-20T14:23:14.168+0000] {dag.py:4180} INFO - Setting next_dagrun for example_bash_operator to 2024-11-19 00:00:00+00:00, run_after=2024-11-20 00:00:00+00:00
[2024-11-20T14:23:14.207+0000] {processor.py:208} INFO - Processing /home/airflow/.local/lib/python3.12/site-packages/airflow/example_dags/example_bash_operator.py took 0.269 seconds
[2024-11-20T14:23:44.689+0000] {processor.py:186} INFO - Started process (PID=1004) to work on /home/airflow/.local/lib/python3.12/site-packages/airflow/example_dags/example_bash_operator.py
[2024-11-20T14:23:44.691+0000] {processor.py:914} INFO - Processing file /home/airflow/.local/lib/python3.12/site-packages/airflow/example_dags/example_bash_operator.py for tasks to queue
[2024-11-20T14:23:44.697+0000] {logging_mixin.py:190} INFO - [2024-11-20T14:23:44.696+0000] {dagbag.py:588} INFO - Filling up the DagBag from /home/airflow/.local/lib/python3.12/site-packages/airflow/example_dags/example_bash_operator.py
[2024-11-20T14:23:44.720+0000] {processor.py:925} INFO - DAG(s) 'example_bash_operator' retrieved from /home/airflow/.local/lib/python3.12/site-packages/airflow/example_dags/example_bash_operator.py
[2024-11-20T14:23:44.771+0000] {logging_mixin.py:190} INFO - [2024-11-20T14:23:44.771+0000] {dag.py:3239} INFO - Sync 1 DAGs
[2024-11-20T14:23:44.818+0000] {logging_mixin.py:190} INFO - [2024-11-20T14:23:44.818+0000] {dag.py:4180} INFO - Setting next_dagrun for example_bash_operator to 2024-11-19 00:00:00+00:00, run_after=2024-11-20 00:00:00+00:00
[2024-11-20T14:23:44.861+0000] {processor.py:208} INFO - Processing /home/airflow/.local/lib/python3.12/site-packages/airflow/example_dags/example_bash_operator.py took 0.187 seconds
[2024-11-20T14:24:15.561+0000] {processor.py:186} INFO - Started process (PID=1067) to work on /home/airflow/.local/lib/python3.12/site-packages/airflow/example_dags/example_bash_operator.py
[2024-11-20T14:24:15.562+0000] {processor.py:914} INFO - Processing file /home/airflow/.local/lib/python3.12/site-packages/airflow/example_dags/example_bash_operator.py for tasks to queue
[2024-11-20T14:24:15.567+0000] {logging_mixin.py:190} INFO - [2024-11-20T14:24:15.567+0000] {dagbag.py:588} INFO - Filling up the DagBag from /home/airflow/.local/lib/python3.12/site-packages/airflow/example_dags/example_bash_operator.py
[2024-11-20T14:24:15.592+0000] {processor.py:925} INFO - DAG(s) 'example_bash_operator' retrieved from /home/airflow/.local/lib/python3.12/site-packages/airflow/example_dags/example_bash_operator.py
[2024-11-20T14:24:15.634+0000] {logging_mixin.py:190} INFO - [2024-11-20T14:24:15.634+0000] {dag.py:3239} INFO - Sync 1 DAGs
[2024-11-20T14:24:15.677+0000] {logging_mixin.py:190} INFO - [2024-11-20T14:24:15.676+0000] {dag.py:4180} INFO - Setting next_dagrun for example_bash_operator to 2024-11-19 00:00:00+00:00, run_after=2024-11-20 00:00:00+00:00
[2024-11-20T14:24:15.705+0000] {processor.py:208} INFO - Processing /home/airflow/.local/lib/python3.12/site-packages/airflow/example_dags/example_bash_operator.py took 0.156 seconds
[2024-11-20T14:24:46.584+0000] {processor.py:186} INFO - Started process (PID=1118) to work on /home/airflow/.local/lib/python3.12/site-packages/airflow/example_dags/example_bash_operator.py
[2024-11-20T14:24:46.585+0000] {processor.py:914} INFO - Processing file /home/airflow/.local/lib/python3.12/site-packages/airflow/example_dags/example_bash_operator.py for tasks to queue
[2024-11-20T14:24:46.590+0000] {logging_mixin.py:190} INFO - [2024-11-20T14:24:46.590+0000] {dagbag.py:588} INFO - Filling up the DagBag from /home/airflow/.local/lib/python3.12/site-packages/airflow/example_dags/example_bash_operator.py
[2024-11-20T14:24:46.622+0000] {processor.py:925} INFO - DAG(s) 'example_bash_operator' retrieved from /home/airflow/.local/lib/python3.12/site-packages/airflow/example_dags/example_bash_operator.py
[2024-11-20T14:24:46.679+0000] {logging_mixin.py:190} INFO - [2024-11-20T14:24:46.679+0000] {dag.py:3239} INFO - Sync 1 DAGs
[2024-11-20T14:24:46.740+0000] {logging_mixin.py:190} INFO - [2024-11-20T14:24:46.740+0000] {dag.py:4180} INFO - Setting next_dagrun for example_bash_operator to 2024-11-19 00:00:00+00:00, run_after=2024-11-20 00:00:00+00:00
[2024-11-20T14:24:46.776+0000] {processor.py:208} INFO - Processing /home/airflow/.local/lib/python3.12/site-packages/airflow/example_dags/example_bash_operator.py took 0.206 seconds
[2024-11-20T14:25:18.067+0000] {processor.py:186} INFO - Started process (PID=1177) to work on /home/airflow/.local/lib/python3.12/site-packages/airflow/example_dags/example_bash_operator.py
[2024-11-20T14:25:18.068+0000] {processor.py:914} INFO - Processing file /home/airflow/.local/lib/python3.12/site-packages/airflow/example_dags/example_bash_operator.py for tasks to queue
[2024-11-20T14:25:18.072+0000] {logging_mixin.py:190} INFO - [2024-11-20T14:25:18.071+0000] {dagbag.py:588} INFO - Filling up the DagBag from /home/airflow/.local/lib/python3.12/site-packages/airflow/example_dags/example_bash_operator.py
[2024-11-20T14:25:18.098+0000] {processor.py:925} INFO - DAG(s) 'example_bash_operator' retrieved from /home/airflow/.local/lib/python3.12/site-packages/airflow/example_dags/example_bash_operator.py
[2024-11-20T14:25:18.154+0000] {logging_mixin.py:190} INFO - [2024-11-20T14:25:18.154+0000] {dag.py:3239} INFO - Sync 1 DAGs
[2024-11-20T14:25:18.213+0000] {logging_mixin.py:190} INFO - [2024-11-20T14:25:18.212+0000] {dag.py:4180} INFO - Setting next_dagrun for example_bash_operator to 2024-11-19 00:00:00+00:00, run_after=2024-11-20 00:00:00+00:00
[2024-11-20T14:25:18.243+0000] {processor.py:208} INFO - Processing /home/airflow/.local/lib/python3.12/site-packages/airflow/example_dags/example_bash_operator.py took 0.187 seconds
[2024-11-20T14:25:49.283+0000] {processor.py:186} INFO - Started process (PID=1238) to work on /home/airflow/.local/lib/python3.12/site-packages/airflow/example_dags/example_bash_operator.py
[2024-11-20T14:25:49.285+0000] {processor.py:914} INFO - Processing file /home/airflow/.local/lib/python3.12/site-packages/airflow/example_dags/example_bash_operator.py for tasks to queue
[2024-11-20T14:25:49.289+0000] {logging_mixin.py:190} INFO - [2024-11-20T14:25:49.289+0000] {dagbag.py:588} INFO - Filling up the DagBag from /home/airflow/.local/lib/python3.12/site-packages/airflow/example_dags/example_bash_operator.py
[2024-11-20T14:25:49.310+0000] {processor.py:925} INFO - DAG(s) 'example_bash_operator' retrieved from /home/airflow/.local/lib/python3.12/site-packages/airflow/example_dags/example_bash_operator.py
[2024-11-20T14:25:49.351+0000] {logging_mixin.py:190} INFO - [2024-11-20T14:25:49.351+0000] {dag.py:3239} INFO - Sync 1 DAGs
[2024-11-20T14:25:49.391+0000] {logging_mixin.py:190} INFO - [2024-11-20T14:25:49.390+0000] {dag.py:4180} INFO - Setting next_dagrun for example_bash_operator to 2024-11-19 00:00:00+00:00, run_after=2024-11-20 00:00:00+00:00
[2024-11-20T14:25:49.418+0000] {processor.py:208} INFO - Processing /home/airflow/.local/lib/python3.12/site-packages/airflow/example_dags/example_bash_operator.py took 0.147 seconds
[2024-11-20T14:26:19.667+0000] {processor.py:186} INFO - Started process (PID=1298) to work on /home/airflow/.local/lib/python3.12/site-packages/airflow/example_dags/example_bash_operator.py
[2024-11-20T14:26:19.669+0000] {processor.py:914} INFO - Processing file /home/airflow/.local/lib/python3.12/site-packages/airflow/example_dags/example_bash_operator.py for tasks to queue
[2024-11-20T14:26:19.673+0000] {logging_mixin.py:190} INFO - [2024-11-20T14:26:19.672+0000] {dagbag.py:588} INFO - Filling up the DagBag from /home/airflow/.local/lib/python3.12/site-packages/airflow/example_dags/example_bash_operator.py
[2024-11-20T14:26:19.694+0000] {processor.py:925} INFO - DAG(s) 'example_bash_operator' retrieved from /home/airflow/.local/lib/python3.12/site-packages/airflow/example_dags/example_bash_operator.py
[2024-11-20T14:26:19.737+0000] {logging_mixin.py:190} INFO - [2024-11-20T14:26:19.736+0000] {dag.py:3239} INFO - Sync 1 DAGs
[2024-11-20T14:26:19.776+0000] {logging_mixin.py:190} INFO - [2024-11-20T14:26:19.776+0000] {dag.py:4180} INFO - Setting next_dagrun for example_bash_operator to 2024-11-19 00:00:00+00:00, run_after=2024-11-20 00:00:00+00:00
[2024-11-20T14:26:19.807+0000] {processor.py:208} INFO - Processing /home/airflow/.local/lib/python3.12/site-packages/airflow/example_dags/example_bash_operator.py took 0.152 seconds
[2024-11-20T14:26:50.010+0000] {processor.py:186} INFO - Started process (PID=1361) to work on /home/airflow/.local/lib/python3.12/site-packages/airflow/example_dags/example_bash_operator.py
[2024-11-20T14:26:50.011+0000] {processor.py:914} INFO - Processing file /home/airflow/.local/lib/python3.12/site-packages/airflow/example_dags/example_bash_operator.py for tasks to queue
[2024-11-20T14:26:50.016+0000] {logging_mixin.py:190} INFO - [2024-11-20T14:26:50.016+0000] {dagbag.py:588} INFO - Filling up the DagBag from /home/airflow/.local/lib/python3.12/site-packages/airflow/example_dags/example_bash_operator.py
[2024-11-20T14:26:50.045+0000] {processor.py:925} INFO - DAG(s) 'example_bash_operator' retrieved from /home/airflow/.local/lib/python3.12/site-packages/airflow/example_dags/example_bash_operator.py
[2024-11-20T14:26:50.101+0000] {logging_mixin.py:190} INFO - [2024-11-20T14:26:50.100+0000] {dag.py:3239} INFO - Sync 1 DAGs
[2024-11-20T14:26:50.149+0000] {logging_mixin.py:190} INFO - [2024-11-20T14:26:50.148+0000] {dag.py:4180} INFO - Setting next_dagrun for example_bash_operator to 2024-11-19 00:00:00+00:00, run_after=2024-11-20 00:00:00+00:00
[2024-11-20T14:26:50.177+0000] {processor.py:208} INFO - Processing /home/airflow/.local/lib/python3.12/site-packages/airflow/example_dags/example_bash_operator.py took 0.180 seconds
[2024-11-20T14:28:03.666+0000] {processor.py:186} INFO - Started process (PID=1412) to work on /home/airflow/.local/lib/python3.12/site-packages/airflow/example_dags/example_bash_operator.py
[2024-11-20T14:28:03.669+0000] {processor.py:914} INFO - Processing file /home/airflow/.local/lib/python3.12/site-packages/airflow/example_dags/example_bash_operator.py for tasks to queue
[2024-11-20T14:28:03.681+0000] {logging_mixin.py:190} INFO - [2024-11-20T14:28:03.677+0000] {dagbag.py:588} INFO - Filling up the DagBag from /home/airflow/.local/lib/python3.12/site-packages/airflow/example_dags/example_bash_operator.py
[2024-11-20T14:28:03.751+0000] {processor.py:925} INFO - DAG(s) 'example_bash_operator' retrieved from /home/airflow/.local/lib/python3.12/site-packages/airflow/example_dags/example_bash_operator.py
[2024-11-20T14:28:03.830+0000] {logging_mixin.py:190} INFO - [2024-11-20T14:28:03.829+0000] {dag.py:3239} INFO - Sync 1 DAGs
[2024-11-20T14:28:03.893+0000] {logging_mixin.py:190} INFO - [2024-11-20T14:28:03.893+0000] {dag.py:4180} INFO - Setting next_dagrun for example_bash_operator to 2024-11-19 00:00:00+00:00, run_after=2024-11-20 00:00:00+00:00
[2024-11-20T14:28:03.923+0000] {processor.py:208} INFO - Processing /home/airflow/.local/lib/python3.12/site-packages/airflow/example_dags/example_bash_operator.py took 0.280 seconds
[2024-11-20T14:28:34.159+0000] {processor.py:186} INFO - Started process (PID=1475) to work on /home/airflow/.local/lib/python3.12/site-packages/airflow/example_dags/example_bash_operator.py
[2024-11-20T14:28:34.160+0000] {processor.py:914} INFO - Processing file /home/airflow/.local/lib/python3.12/site-packages/airflow/example_dags/example_bash_operator.py for tasks to queue
[2024-11-20T14:28:34.165+0000] {logging_mixin.py:190} INFO - [2024-11-20T14:28:34.164+0000] {dagbag.py:588} INFO - Filling up the DagBag from /home/airflow/.local/lib/python3.12/site-packages/airflow/example_dags/example_bash_operator.py
[2024-11-20T14:28:34.186+0000] {processor.py:925} INFO - DAG(s) 'example_bash_operator' retrieved from /home/airflow/.local/lib/python3.12/site-packages/airflow/example_dags/example_bash_operator.py
[2024-11-20T14:28:34.231+0000] {logging_mixin.py:190} INFO - [2024-11-20T14:28:34.230+0000] {dag.py:3239} INFO - Sync 1 DAGs
[2024-11-20T14:28:34.274+0000] {logging_mixin.py:190} INFO - [2024-11-20T14:28:34.273+0000] {dag.py:4180} INFO - Setting next_dagrun for example_bash_operator to 2024-11-19 00:00:00+00:00, run_after=2024-11-20 00:00:00+00:00
[2024-11-20T14:28:34.302+0000] {processor.py:208} INFO - Processing /home/airflow/.local/lib/python3.12/site-packages/airflow/example_dags/example_bash_operator.py took 0.157 seconds
[2024-11-20T14:29:04.409+0000] {processor.py:186} INFO - Started process (PID=1538) to work on /home/airflow/.local/lib/python3.12/site-packages/airflow/example_dags/example_bash_operator.py
[2024-11-20T14:29:04.411+0000] {processor.py:914} INFO - Processing file /home/airflow/.local/lib/python3.12/site-packages/airflow/example_dags/example_bash_operator.py for tasks to queue
[2024-11-20T14:29:04.414+0000] {logging_mixin.py:190} INFO - [2024-11-20T14:29:04.414+0000] {dagbag.py:588} INFO - Filling up the DagBag from /home/airflow/.local/lib/python3.12/site-packages/airflow/example_dags/example_bash_operator.py
[2024-11-20T14:29:04.434+0000] {processor.py:925} INFO - DAG(s) 'example_bash_operator' retrieved from /home/airflow/.local/lib/python3.12/site-packages/airflow/example_dags/example_bash_operator.py
[2024-11-20T14:29:04.474+0000] {logging_mixin.py:190} INFO - [2024-11-20T14:29:04.474+0000] {dag.py:3239} INFO - Sync 1 DAGs
[2024-11-20T14:29:04.515+0000] {logging_mixin.py:190} INFO - [2024-11-20T14:29:04.515+0000] {dag.py:4180} INFO - Setting next_dagrun for example_bash_operator to 2024-11-19 00:00:00+00:00, run_after=2024-11-20 00:00:00+00:00
[2024-11-20T14:29:04.545+0000] {processor.py:208} INFO - Processing /home/airflow/.local/lib/python3.12/site-packages/airflow/example_dags/example_bash_operator.py took 0.146 seconds
[2024-11-20T14:29:34.676+0000] {processor.py:186} INFO - Started process (PID=1601) to work on /home/airflow/.local/lib/python3.12/site-packages/airflow/example_dags/example_bash_operator.py
[2024-11-20T14:29:34.678+0000] {processor.py:914} INFO - Processing file /home/airflow/.local/lib/python3.12/site-packages/airflow/example_dags/example_bash_operator.py for tasks to queue
[2024-11-20T14:29:34.683+0000] {logging_mixin.py:190} INFO - [2024-11-20T14:29:34.682+0000] {dagbag.py:588} INFO - Filling up the DagBag from /home/airflow/.local/lib/python3.12/site-packages/airflow/example_dags/example_bash_operator.py
[2024-11-20T14:29:34.711+0000] {processor.py:925} INFO - DAG(s) 'example_bash_operator' retrieved from /home/airflow/.local/lib/python3.12/site-packages/airflow/example_dags/example_bash_operator.py
[2024-11-20T14:29:34.765+0000] {logging_mixin.py:190} INFO - [2024-11-20T14:29:34.765+0000] {dag.py:3239} INFO - Sync 1 DAGs
[2024-11-20T14:29:34.812+0000] {logging_mixin.py:190} INFO - [2024-11-20T14:29:34.812+0000] {dag.py:4180} INFO - Setting next_dagrun for example_bash_operator to 2024-11-19 00:00:00+00:00, run_after=2024-11-20 00:00:00+00:00
[2024-11-20T14:29:34.848+0000] {processor.py:208} INFO - Processing /home/airflow/.local/lib/python3.12/site-packages/airflow/example_dags/example_bash_operator.py took 0.185 seconds
[2024-11-20T14:30:04.940+0000] {processor.py:186} INFO - Started process (PID=1663) to work on /home/airflow/.local/lib/python3.12/site-packages/airflow/example_dags/example_bash_operator.py
[2024-11-20T14:30:04.942+0000] {processor.py:914} INFO - Processing file /home/airflow/.local/lib/python3.12/site-packages/airflow/example_dags/example_bash_operator.py for tasks to queue
[2024-11-20T14:30:04.948+0000] {logging_mixin.py:190} INFO - [2024-11-20T14:30:04.948+0000] {dagbag.py:588} INFO - Filling up the DagBag from /home/airflow/.local/lib/python3.12/site-packages/airflow/example_dags/example_bash_operator.py
[2024-11-20T14:30:04.977+0000] {processor.py:925} INFO - DAG(s) 'example_bash_operator' retrieved from /home/airflow/.local/lib/python3.12/site-packages/airflow/example_dags/example_bash_operator.py
[2024-11-20T14:30:05.112+0000] {logging_mixin.py:190} INFO - [2024-11-20T14:30:05.112+0000] {dag.py:3239} INFO - Sync 1 DAGs
[2024-11-20T14:30:05.214+0000] {logging_mixin.py:190} INFO - [2024-11-20T14:30:05.214+0000] {dag.py:4180} INFO - Setting next_dagrun for example_bash_operator to 2024-11-19 00:00:00+00:00, run_after=2024-11-20 00:00:00+00:00
[2024-11-20T14:30:05.264+0000] {processor.py:208} INFO - Processing /home/airflow/.local/lib/python3.12/site-packages/airflow/example_dags/example_bash_operator.py took 0.339 seconds
[2024-11-20T14:30:35.895+0000] {processor.py:186} INFO - Started process (PID=1726) to work on /home/airflow/.local/lib/python3.12/site-packages/airflow/example_dags/example_bash_operator.py
[2024-11-20T14:30:35.899+0000] {processor.py:914} INFO - Processing file /home/airflow/.local/lib/python3.12/site-packages/airflow/example_dags/example_bash_operator.py for tasks to queue
[2024-11-20T14:30:35.921+0000] {logging_mixin.py:190} INFO - [2024-11-20T14:30:35.913+0000] {dagbag.py:588} INFO - Filling up the DagBag from /home/airflow/.local/lib/python3.12/site-packages/airflow/example_dags/example_bash_operator.py
[2024-11-20T14:30:35.968+0000] {processor.py:925} INFO - DAG(s) 'example_bash_operator' retrieved from /home/airflow/.local/lib/python3.12/site-packages/airflow/example_dags/example_bash_operator.py
[2024-11-20T14:30:36.053+0000] {logging_mixin.py:190} INFO - [2024-11-20T14:30:36.053+0000] {dag.py:3239} INFO - Sync 1 DAGs
[2024-11-20T14:30:36.126+0000] {logging_mixin.py:190} INFO - [2024-11-20T14:30:36.125+0000] {dag.py:4180} INFO - Setting next_dagrun for example_bash_operator to 2024-11-19 00:00:00+00:00, run_after=2024-11-20 00:00:00+00:00
[2024-11-20T14:30:36.183+0000] {processor.py:208} INFO - Processing /home/airflow/.local/lib/python3.12/site-packages/airflow/example_dags/example_bash_operator.py took 0.313 seconds
[2024-11-20T14:31:06.325+0000] {processor.py:186} INFO - Started process (PID=1789) to work on /home/airflow/.local/lib/python3.12/site-packages/airflow/example_dags/example_bash_operator.py
[2024-11-20T14:31:06.328+0000] {processor.py:914} INFO - Processing file /home/airflow/.local/lib/python3.12/site-packages/airflow/example_dags/example_bash_operator.py for tasks to queue
[2024-11-20T14:31:06.336+0000] {logging_mixin.py:190} INFO - [2024-11-20T14:31:06.334+0000] {dagbag.py:588} INFO - Filling up the DagBag from /home/airflow/.local/lib/python3.12/site-packages/airflow/example_dags/example_bash_operator.py
[2024-11-20T14:31:06.369+0000] {processor.py:925} INFO - DAG(s) 'example_bash_operator' retrieved from /home/airflow/.local/lib/python3.12/site-packages/airflow/example_dags/example_bash_operator.py
[2024-11-20T14:31:06.442+0000] {logging_mixin.py:190} INFO - [2024-11-20T14:31:06.440+0000] {dag.py:3239} INFO - Sync 1 DAGs
[2024-11-20T14:31:06.518+0000] {logging_mixin.py:190} INFO - [2024-11-20T14:31:06.518+0000] {dag.py:4180} INFO - Setting next_dagrun for example_bash_operator to 2024-11-19 00:00:00+00:00, run_after=2024-11-20 00:00:00+00:00
[2024-11-20T14:31:06.567+0000] {processor.py:208} INFO - Processing /home/airflow/.local/lib/python3.12/site-packages/airflow/example_dags/example_bash_operator.py took 0.256 seconds
[2024-11-20T14:31:36.878+0000] {processor.py:186} INFO - Started process (PID=1852) to work on /home/airflow/.local/lib/python3.12/site-packages/airflow/example_dags/example_bash_operator.py
[2024-11-20T14:31:36.880+0000] {processor.py:914} INFO - Processing file /home/airflow/.local/lib/python3.12/site-packages/airflow/example_dags/example_bash_operator.py for tasks to queue
[2024-11-20T14:31:36.885+0000] {logging_mixin.py:190} INFO - [2024-11-20T14:31:36.884+0000] {dagbag.py:588} INFO - Filling up the DagBag from /home/airflow/.local/lib/python3.12/site-packages/airflow/example_dags/example_bash_operator.py
[2024-11-20T14:31:36.929+0000] {processor.py:925} INFO - DAG(s) 'example_bash_operator' retrieved from /home/airflow/.local/lib/python3.12/site-packages/airflow/example_dags/example_bash_operator.py
[2024-11-20T14:31:37.002+0000] {logging_mixin.py:190} INFO - [2024-11-20T14:31:37.002+0000] {dag.py:3239} INFO - Sync 1 DAGs
[2024-11-20T14:31:37.097+0000] {logging_mixin.py:190} INFO - [2024-11-20T14:31:37.096+0000] {dag.py:4180} INFO - Setting next_dagrun for example_bash_operator to 2024-11-19 00:00:00+00:00, run_after=2024-11-20 00:00:00+00:00
[2024-11-20T14:31:37.153+0000] {processor.py:208} INFO - Processing /home/airflow/.local/lib/python3.12/site-packages/airflow/example_dags/example_bash_operator.py took 0.294 seconds
[2024-11-20T14:32:07.829+0000] {processor.py:186} INFO - Started process (PID=1915) to work on /home/airflow/.local/lib/python3.12/site-packages/airflow/example_dags/example_bash_operator.py
[2024-11-20T14:32:07.830+0000] {processor.py:914} INFO - Processing file /home/airflow/.local/lib/python3.12/site-packages/airflow/example_dags/example_bash_operator.py for tasks to queue
[2024-11-20T14:32:07.834+0000] {logging_mixin.py:190} INFO - [2024-11-20T14:32:07.834+0000] {dagbag.py:588} INFO - Filling up the DagBag from /home/airflow/.local/lib/python3.12/site-packages/airflow/example_dags/example_bash_operator.py
[2024-11-20T14:32:07.864+0000] {processor.py:925} INFO - DAG(s) 'example_bash_operator' retrieved from /home/airflow/.local/lib/python3.12/site-packages/airflow/example_dags/example_bash_operator.py
[2024-11-20T14:32:07.922+0000] {logging_mixin.py:190} INFO - [2024-11-20T14:32:07.921+0000] {dag.py:3239} INFO - Sync 1 DAGs
[2024-11-20T14:32:07.975+0000] {logging_mixin.py:190} INFO - [2024-11-20T14:32:07.975+0000] {dag.py:4180} INFO - Setting next_dagrun for example_bash_operator to 2024-11-19 00:00:00+00:00, run_after=2024-11-20 00:00:00+00:00
[2024-11-20T14:32:08.015+0000] {processor.py:208} INFO - Processing /home/airflow/.local/lib/python3.12/site-packages/airflow/example_dags/example_bash_operator.py took 0.199 seconds
[2024-11-20T14:32:38.279+0000] {processor.py:186} INFO - Started process (PID=1978) to work on /home/airflow/.local/lib/python3.12/site-packages/airflow/example_dags/example_bash_operator.py
[2024-11-20T14:32:38.281+0000] {processor.py:914} INFO - Processing file /home/airflow/.local/lib/python3.12/site-packages/airflow/example_dags/example_bash_operator.py for tasks to queue
[2024-11-20T14:32:38.286+0000] {logging_mixin.py:190} INFO - [2024-11-20T14:32:38.286+0000] {dagbag.py:588} INFO - Filling up the DagBag from /home/airflow/.local/lib/python3.12/site-packages/airflow/example_dags/example_bash_operator.py
[2024-11-20T14:32:38.317+0000] {processor.py:925} INFO - DAG(s) 'example_bash_operator' retrieved from /home/airflow/.local/lib/python3.12/site-packages/airflow/example_dags/example_bash_operator.py
[2024-11-20T14:32:38.374+0000] {logging_mixin.py:190} INFO - [2024-11-20T14:32:38.373+0000] {dag.py:3239} INFO - Sync 1 DAGs
[2024-11-20T14:32:38.414+0000] {logging_mixin.py:190} INFO - [2024-11-20T14:32:38.414+0000] {dag.py:4180} INFO - Setting next_dagrun for example_bash_operator to 2024-11-19 00:00:00+00:00, run_after=2024-11-20 00:00:00+00:00
[2024-11-20T14:32:38.443+0000] {processor.py:208} INFO - Processing /home/airflow/.local/lib/python3.12/site-packages/airflow/example_dags/example_bash_operator.py took 0.177 seconds
[2024-11-20T14:33:08.500+0000] {processor.py:186} INFO - Started process (PID=2041) to work on /home/airflow/.local/lib/python3.12/site-packages/airflow/example_dags/example_bash_operator.py
[2024-11-20T14:33:08.501+0000] {processor.py:914} INFO - Processing file /home/airflow/.local/lib/python3.12/site-packages/airflow/example_dags/example_bash_operator.py for tasks to queue
[2024-11-20T14:33:08.505+0000] {logging_mixin.py:190} INFO - [2024-11-20T14:33:08.505+0000] {dagbag.py:588} INFO - Filling up the DagBag from /home/airflow/.local/lib/python3.12/site-packages/airflow/example_dags/example_bash_operator.py
[2024-11-20T14:33:08.526+0000] {processor.py:925} INFO - DAG(s) 'example_bash_operator' retrieved from /home/airflow/.local/lib/python3.12/site-packages/airflow/example_dags/example_bash_operator.py
[2024-11-20T14:33:08.586+0000] {logging_mixin.py:190} INFO - [2024-11-20T14:33:08.586+0000] {dag.py:3239} INFO - Sync 1 DAGs
[2024-11-20T14:33:08.628+0000] {logging_mixin.py:190} INFO - [2024-11-20T14:33:08.628+0000] {dag.py:4180} INFO - Setting next_dagrun for example_bash_operator to 2024-11-19 00:00:00+00:00, run_after=2024-11-20 00:00:00+00:00
[2024-11-20T14:33:08.657+0000] {processor.py:208} INFO - Processing /home/airflow/.local/lib/python3.12/site-packages/airflow/example_dags/example_bash_operator.py took 0.166 seconds
[2024-11-20T14:33:39.393+0000] {processor.py:186} INFO - Started process (PID=2104) to work on /home/airflow/.local/lib/python3.12/site-packages/airflow/example_dags/example_bash_operator.py
[2024-11-20T14:33:39.394+0000] {processor.py:914} INFO - Processing file /home/airflow/.local/lib/python3.12/site-packages/airflow/example_dags/example_bash_operator.py for tasks to queue
[2024-11-20T14:33:39.399+0000] {logging_mixin.py:190} INFO - [2024-11-20T14:33:39.398+0000] {dagbag.py:588} INFO - Filling up the DagBag from /home/airflow/.local/lib/python3.12/site-packages/airflow/example_dags/example_bash_operator.py
[2024-11-20T14:33:39.419+0000] {processor.py:925} INFO - DAG(s) 'example_bash_operator' retrieved from /home/airflow/.local/lib/python3.12/site-packages/airflow/example_dags/example_bash_operator.py
[2024-11-20T14:33:39.461+0000] {logging_mixin.py:190} INFO - [2024-11-20T14:33:39.461+0000] {dag.py:3239} INFO - Sync 1 DAGs
[2024-11-20T14:33:39.501+0000] {logging_mixin.py:190} INFO - [2024-11-20T14:33:39.501+0000] {dag.py:4180} INFO - Setting next_dagrun for example_bash_operator to 2024-11-19 00:00:00+00:00, run_after=2024-11-20 00:00:00+00:00
[2024-11-20T14:33:39.533+0000] {processor.py:208} INFO - Processing /home/airflow/.local/lib/python3.12/site-packages/airflow/example_dags/example_bash_operator.py took 0.153 seconds
[2024-11-20T14:34:09.623+0000] {processor.py:186} INFO - Started process (PID=2167) to work on /home/airflow/.local/lib/python3.12/site-packages/airflow/example_dags/example_bash_operator.py
[2024-11-20T14:34:09.625+0000] {processor.py:914} INFO - Processing file /home/airflow/.local/lib/python3.12/site-packages/airflow/example_dags/example_bash_operator.py for tasks to queue
[2024-11-20T14:34:09.628+0000] {logging_mixin.py:190} INFO - [2024-11-20T14:34:09.628+0000] {dagbag.py:588} INFO - Filling up the DagBag from /home/airflow/.local/lib/python3.12/site-packages/airflow/example_dags/example_bash_operator.py
[2024-11-20T14:34:09.649+0000] {processor.py:925} INFO - DAG(s) 'example_bash_operator' retrieved from /home/airflow/.local/lib/python3.12/site-packages/airflow/example_dags/example_bash_operator.py
[2024-11-20T14:34:09.694+0000] {logging_mixin.py:190} INFO - [2024-11-20T14:34:09.694+0000] {dag.py:3239} INFO - Sync 1 DAGs
[2024-11-20T14:34:09.738+0000] {logging_mixin.py:190} INFO - [2024-11-20T14:34:09.737+0000] {dag.py:4180} INFO - Setting next_dagrun for example_bash_operator to 2024-11-19 00:00:00+00:00, run_after=2024-11-20 00:00:00+00:00
[2024-11-20T14:34:09.767+0000] {processor.py:208} INFO - Processing /home/airflow/.local/lib/python3.12/site-packages/airflow/example_dags/example_bash_operator.py took 0.154 seconds
[2024-11-20T14:34:40.333+0000] {processor.py:186} INFO - Started process (PID=2230) to work on /home/airflow/.local/lib/python3.12/site-packages/airflow/example_dags/example_bash_operator.py
[2024-11-20T14:34:40.335+0000] {processor.py:914} INFO - Processing file /home/airflow/.local/lib/python3.12/site-packages/airflow/example_dags/example_bash_operator.py for tasks to queue
[2024-11-20T14:34:40.340+0000] {logging_mixin.py:190} INFO - [2024-11-20T14:34:40.339+0000] {dagbag.py:588} INFO - Filling up the DagBag from /home/airflow/.local/lib/python3.12/site-packages/airflow/example_dags/example_bash_operator.py
[2024-11-20T14:34:40.367+0000] {processor.py:925} INFO - DAG(s) 'example_bash_operator' retrieved from /home/airflow/.local/lib/python3.12/site-packages/airflow/example_dags/example_bash_operator.py
[2024-11-20T14:34:40.406+0000] {logging_mixin.py:190} INFO - [2024-11-20T14:34:40.405+0000] {dag.py:3239} INFO - Sync 1 DAGs
[2024-11-20T14:34:40.447+0000] {logging_mixin.py:190} INFO - [2024-11-20T14:34:40.447+0000] {dag.py:4180} INFO - Setting next_dagrun for example_bash_operator to 2024-11-19 00:00:00+00:00, run_after=2024-11-20 00:00:00+00:00
[2024-11-20T14:34:40.477+0000] {processor.py:208} INFO - Processing /home/airflow/.local/lib/python3.12/site-packages/airflow/example_dags/example_bash_operator.py took 0.159 seconds
[2024-11-20T14:35:11.187+0000] {processor.py:186} INFO - Started process (PID=2293) to work on /home/airflow/.local/lib/python3.12/site-packages/airflow/example_dags/example_bash_operator.py
[2024-11-20T14:35:11.189+0000] {processor.py:914} INFO - Processing file /home/airflow/.local/lib/python3.12/site-packages/airflow/example_dags/example_bash_operator.py for tasks to queue
[2024-11-20T14:35:11.193+0000] {logging_mixin.py:190} INFO - [2024-11-20T14:35:11.193+0000] {dagbag.py:588} INFO - Filling up the DagBag from /home/airflow/.local/lib/python3.12/site-packages/airflow/example_dags/example_bash_operator.py
[2024-11-20T14:35:11.214+0000] {processor.py:925} INFO - DAG(s) 'example_bash_operator' retrieved from /home/airflow/.local/lib/python3.12/site-packages/airflow/example_dags/example_bash_operator.py
[2024-11-20T14:35:11.259+0000] {logging_mixin.py:190} INFO - [2024-11-20T14:35:11.259+0000] {dag.py:3239} INFO - Sync 1 DAGs
[2024-11-20T14:35:11.299+0000] {logging_mixin.py:190} INFO - [2024-11-20T14:35:11.299+0000] {dag.py:4180} INFO - Setting next_dagrun for example_bash_operator to 2024-11-19 00:00:00+00:00, run_after=2024-11-20 00:00:00+00:00
[2024-11-20T14:35:11.326+0000] {processor.py:208} INFO - Processing /home/airflow/.local/lib/python3.12/site-packages/airflow/example_dags/example_bash_operator.py took 0.147 seconds
[2024-11-20T14:35:41.691+0000] {processor.py:186} INFO - Started process (PID=2356) to work on /home/airflow/.local/lib/python3.12/site-packages/airflow/example_dags/example_bash_operator.py
[2024-11-20T14:35:41.693+0000] {processor.py:914} INFO - Processing file /home/airflow/.local/lib/python3.12/site-packages/airflow/example_dags/example_bash_operator.py for tasks to queue
[2024-11-20T14:35:41.698+0000] {logging_mixin.py:190} INFO - [2024-11-20T14:35:41.697+0000] {dagbag.py:588} INFO - Filling up the DagBag from /home/airflow/.local/lib/python3.12/site-packages/airflow/example_dags/example_bash_operator.py
[2024-11-20T14:35:41.730+0000] {processor.py:925} INFO - DAG(s) 'example_bash_operator' retrieved from /home/airflow/.local/lib/python3.12/site-packages/airflow/example_dags/example_bash_operator.py
[2024-11-20T14:35:41.793+0000] {logging_mixin.py:190} INFO - [2024-11-20T14:35:41.792+0000] {dag.py:3239} INFO - Sync 1 DAGs
[2024-11-20T14:35:41.848+0000] {logging_mixin.py:190} INFO - [2024-11-20T14:35:41.848+0000] {dag.py:4180} INFO - Setting next_dagrun for example_bash_operator to 2024-11-19 00:00:00+00:00, run_after=2024-11-20 00:00:00+00:00
[2024-11-20T14:35:41.881+0000] {processor.py:208} INFO - Processing /home/airflow/.local/lib/python3.12/site-packages/airflow/example_dags/example_bash_operator.py took 0.207 seconds
[2024-11-20T14:36:12.001+0000] {processor.py:186} INFO - Started process (PID=2418) to work on /home/airflow/.local/lib/python3.12/site-packages/airflow/example_dags/example_bash_operator.py
[2024-11-20T14:36:12.002+0000] {processor.py:914} INFO - Processing file /home/airflow/.local/lib/python3.12/site-packages/airflow/example_dags/example_bash_operator.py for tasks to queue
[2024-11-20T14:36:12.006+0000] {logging_mixin.py:190} INFO - [2024-11-20T14:36:12.006+0000] {dagbag.py:588} INFO - Filling up the DagBag from /home/airflow/.local/lib/python3.12/site-packages/airflow/example_dags/example_bash_operator.py
[2024-11-20T14:36:12.030+0000] {processor.py:925} INFO - DAG(s) 'example_bash_operator' retrieved from /home/airflow/.local/lib/python3.12/site-packages/airflow/example_dags/example_bash_operator.py
[2024-11-20T14:36:12.093+0000] {logging_mixin.py:190} INFO - [2024-11-20T14:36:12.092+0000] {dag.py:3239} INFO - Sync 1 DAGs
[2024-11-20T14:36:12.157+0000] {logging_mixin.py:190} INFO - [2024-11-20T14:36:12.156+0000] {dag.py:4180} INFO - Setting next_dagrun for example_bash_operator to 2024-11-19 00:00:00+00:00, run_after=2024-11-20 00:00:00+00:00
[2024-11-20T14:36:12.189+0000] {processor.py:208} INFO - Processing /home/airflow/.local/lib/python3.12/site-packages/airflow/example_dags/example_bash_operator.py took 0.197 seconds
[2024-11-20T14:36:42.774+0000] {processor.py:186} INFO - Started process (PID=2480) to work on /home/airflow/.local/lib/python3.12/site-packages/airflow/example_dags/example_bash_operator.py
[2024-11-20T14:36:42.778+0000] {processor.py:914} INFO - Processing file /home/airflow/.local/lib/python3.12/site-packages/airflow/example_dags/example_bash_operator.py for tasks to queue
[2024-11-20T14:36:42.783+0000] {logging_mixin.py:190} INFO - [2024-11-20T14:36:42.782+0000] {dagbag.py:588} INFO - Filling up the DagBag from /home/airflow/.local/lib/python3.12/site-packages/airflow/example_dags/example_bash_operator.py
[2024-11-20T14:36:42.832+0000] {processor.py:925} INFO - DAG(s) 'example_bash_operator' retrieved from /home/airflow/.local/lib/python3.12/site-packages/airflow/example_dags/example_bash_operator.py
[2024-11-20T14:36:42.923+0000] {logging_mixin.py:190} INFO - [2024-11-20T14:36:42.922+0000] {dag.py:3239} INFO - Sync 1 DAGs
[2024-11-20T14:36:43.019+0000] {logging_mixin.py:190} INFO - [2024-11-20T14:36:43.018+0000] {dag.py:4180} INFO - Setting next_dagrun for example_bash_operator to 2024-11-19 00:00:00+00:00, run_after=2024-11-20 00:00:00+00:00
[2024-11-20T14:36:43.073+0000] {processor.py:208} INFO - Processing /home/airflow/.local/lib/python3.12/site-packages/airflow/example_dags/example_bash_operator.py took 0.332 seconds
[2024-11-20T14:37:14.182+0000] {processor.py:186} INFO - Started process (PID=2548) to work on /home/airflow/.local/lib/python3.12/site-packages/airflow/example_dags/example_bash_operator.py
[2024-11-20T14:37:14.183+0000] {processor.py:914} INFO - Processing file /home/airflow/.local/lib/python3.12/site-packages/airflow/example_dags/example_bash_operator.py for tasks to queue
[2024-11-20T14:37:14.188+0000] {logging_mixin.py:190} INFO - [2024-11-20T14:37:14.187+0000] {dagbag.py:588} INFO - Filling up the DagBag from /home/airflow/.local/lib/python3.12/site-packages/airflow/example_dags/example_bash_operator.py
[2024-11-20T14:37:14.214+0000] {processor.py:925} INFO - DAG(s) 'example_bash_operator' retrieved from /home/airflow/.local/lib/python3.12/site-packages/airflow/example_dags/example_bash_operator.py
[2024-11-20T14:37:14.267+0000] {logging_mixin.py:190} INFO - [2024-11-20T14:37:14.267+0000] {dag.py:3239} INFO - Sync 1 DAGs
[2024-11-20T14:37:14.327+0000] {logging_mixin.py:190} INFO - [2024-11-20T14:37:14.326+0000] {dag.py:4180} INFO - Setting next_dagrun for example_bash_operator to 2024-11-19 00:00:00+00:00, run_after=2024-11-20 00:00:00+00:00
[2024-11-20T14:37:14.367+0000] {processor.py:208} INFO - Processing /home/airflow/.local/lib/python3.12/site-packages/airflow/example_dags/example_bash_operator.py took 0.199 seconds
[2024-11-20T14:37:45.020+0000] {processor.py:186} INFO - Started process (PID=2609) to work on /home/airflow/.local/lib/python3.12/site-packages/airflow/example_dags/example_bash_operator.py
[2024-11-20T14:37:45.022+0000] {processor.py:914} INFO - Processing file /home/airflow/.local/lib/python3.12/site-packages/airflow/example_dags/example_bash_operator.py for tasks to queue
[2024-11-20T14:37:45.027+0000] {logging_mixin.py:190} INFO - [2024-11-20T14:37:45.026+0000] {dagbag.py:588} INFO - Filling up the DagBag from /home/airflow/.local/lib/python3.12/site-packages/airflow/example_dags/example_bash_operator.py
[2024-11-20T14:37:45.054+0000] {processor.py:925} INFO - DAG(s) 'example_bash_operator' retrieved from /home/airflow/.local/lib/python3.12/site-packages/airflow/example_dags/example_bash_operator.py
[2024-11-20T14:37:45.102+0000] {logging_mixin.py:190} INFO - [2024-11-20T14:37:45.101+0000] {dag.py:3239} INFO - Sync 1 DAGs
[2024-11-20T14:37:45.142+0000] {logging_mixin.py:190} INFO - [2024-11-20T14:37:45.142+0000] {dag.py:4180} INFO - Setting next_dagrun for example_bash_operator to 2024-11-19 00:00:00+00:00, run_after=2024-11-20 00:00:00+00:00
[2024-11-20T14:37:45.176+0000] {processor.py:208} INFO - Processing /home/airflow/.local/lib/python3.12/site-packages/airflow/example_dags/example_bash_operator.py took 0.170 seconds
