[2024-11-20T14:16:21.540+0000] {processor.py:186} INFO - Started process (PID=114) to work on /home/airflow/.local/lib/python3.12/site-packages/airflow/example_dags/example_short_circuit_operator.py
[2024-11-20T14:16:21.542+0000] {processor.py:914} INFO - Processing file /home/airflow/.local/lib/python3.12/site-packages/airflow/example_dags/example_short_circuit_operator.py for tasks to queue
[2024-11-20T14:16:21.546+0000] {logging_mixin.py:190} INFO - [2024-11-20T14:16:21.546+0000] {dagbag.py:588} INFO - Filling up the DagBag from /home/airflow/.local/lib/python3.12/site-packages/airflow/example_dags/example_short_circuit_operator.py
[2024-11-20T14:16:21.570+0000] {processor.py:925} INFO - DAG(s) 'example_short_circuit_operator' retrieved from /home/airflow/.local/lib/python3.12/site-packages/airflow/example_dags/example_short_circuit_operator.py
[2024-11-20T14:16:21.999+0000] {logging_mixin.py:190} INFO - [2024-11-20T14:16:21.998+0000] {override.py:1911} INFO - Created Permission View: can delete on DAG:example_short_circuit_operator
[2024-11-20T14:16:22.078+0000] {logging_mixin.py:190} INFO - [2024-11-20T14:16:22.077+0000] {override.py:1911} INFO - Created Permission View: can read on DAG:example_short_circuit_operator
[2024-11-20T14:16:22.113+0000] {logging_mixin.py:190} INFO - [2024-11-20T14:16:22.113+0000] {override.py:1911} INFO - Created Permission View: can edit on DAG:example_short_circuit_operator
[2024-11-20T14:16:22.153+0000] {logging_mixin.py:190} INFO - [2024-11-20T14:16:22.152+0000] {override.py:1911} INFO - Created Permission View: can delete on DAG Run:example_short_circuit_operator
[2024-11-20T14:16:22.185+0000] {logging_mixin.py:190} INFO - [2024-11-20T14:16:22.184+0000] {override.py:1911} INFO - Created Permission View: menu access on DAG Run:example_short_circuit_operator
[2024-11-20T14:16:22.249+0000] {logging_mixin.py:190} INFO - [2024-11-20T14:16:22.248+0000] {override.py:1911} INFO - Created Permission View: can read on DAG Run:example_short_circuit_operator
[2024-11-20T14:16:22.266+0000] {logging_mixin.py:190} INFO - [2024-11-20T14:16:22.265+0000] {override.py:1911} INFO - Created Permission View: can create on DAG Run:example_short_circuit_operator
[2024-11-20T14:16:22.266+0000] {logging_mixin.py:190} INFO - [2024-11-20T14:16:22.266+0000] {dag.py:3239} INFO - Sync 1 DAGs
[2024-11-20T14:16:22.331+0000] {logging_mixin.py:190} INFO - [2024-11-20T14:16:22.326+0000] {dag.py:3262} INFO - Creating ORM DAG for example_short_circuit_operator
[2024-11-20T14:16:22.336+0000] {logging_mixin.py:190} INFO - [2024-11-20T14:16:22.335+0000] {dag.py:4180} INFO - Setting next_dagrun for example_short_circuit_operator to None, run_after=None
[2024-11-20T14:16:22.394+0000] {processor.py:208} INFO - Processing /home/airflow/.local/lib/python3.12/site-packages/airflow/example_dags/example_short_circuit_operator.py took 0.867 seconds
[2024-11-20T14:16:53.174+0000] {processor.py:186} INFO - Started process (PID=177) to work on /home/airflow/.local/lib/python3.12/site-packages/airflow/example_dags/example_short_circuit_operator.py
[2024-11-20T14:16:53.176+0000] {processor.py:914} INFO - Processing file /home/airflow/.local/lib/python3.12/site-packages/airflow/example_dags/example_short_circuit_operator.py for tasks to queue
[2024-11-20T14:16:53.182+0000] {logging_mixin.py:190} INFO - [2024-11-20T14:16:53.181+0000] {dagbag.py:588} INFO - Filling up the DagBag from /home/airflow/.local/lib/python3.12/site-packages/airflow/example_dags/example_short_circuit_operator.py
[2024-11-20T14:16:53.194+0000] {processor.py:925} INFO - DAG(s) 'example_short_circuit_operator' retrieved from /home/airflow/.local/lib/python3.12/site-packages/airflow/example_dags/example_short_circuit_operator.py
[2024-11-20T14:16:53.233+0000] {logging_mixin.py:190} INFO - [2024-11-20T14:16:53.232+0000] {dag.py:3239} INFO - Sync 1 DAGs
[2024-11-20T14:16:53.264+0000] {logging_mixin.py:190} INFO - [2024-11-20T14:16:53.263+0000] {dag.py:4180} INFO - Setting next_dagrun for example_short_circuit_operator to None, run_after=None
[2024-11-20T14:16:53.294+0000] {processor.py:208} INFO - Processing /home/airflow/.local/lib/python3.12/site-packages/airflow/example_dags/example_short_circuit_operator.py took 0.131 seconds
[2024-11-20T14:17:23.895+0000] {processor.py:186} INFO - Started process (PID=240) to work on /home/airflow/.local/lib/python3.12/site-packages/airflow/example_dags/example_short_circuit_operator.py
[2024-11-20T14:17:23.896+0000] {processor.py:914} INFO - Processing file /home/airflow/.local/lib/python3.12/site-packages/airflow/example_dags/example_short_circuit_operator.py for tasks to queue
[2024-11-20T14:17:23.900+0000] {logging_mixin.py:190} INFO - [2024-11-20T14:17:23.900+0000] {dagbag.py:588} INFO - Filling up the DagBag from /home/airflow/.local/lib/python3.12/site-packages/airflow/example_dags/example_short_circuit_operator.py
[2024-11-20T14:17:23.914+0000] {processor.py:925} INFO - DAG(s) 'example_short_circuit_operator' retrieved from /home/airflow/.local/lib/python3.12/site-packages/airflow/example_dags/example_short_circuit_operator.py
[2024-11-20T14:17:23.946+0000] {logging_mixin.py:190} INFO - [2024-11-20T14:17:23.946+0000] {dag.py:3239} INFO - Sync 1 DAGs
[2024-11-20T14:17:23.972+0000] {logging_mixin.py:190} INFO - [2024-11-20T14:17:23.972+0000] {dag.py:4180} INFO - Setting next_dagrun for example_short_circuit_operator to None, run_after=None
[2024-11-20T14:17:24.008+0000] {processor.py:208} INFO - Processing /home/airflow/.local/lib/python3.12/site-packages/airflow/example_dags/example_short_circuit_operator.py took 0.124 seconds
[2024-11-20T14:17:54.376+0000] {processor.py:186} INFO - Started process (PID=303) to work on /home/airflow/.local/lib/python3.12/site-packages/airflow/example_dags/example_short_circuit_operator.py
[2024-11-20T14:17:54.378+0000] {processor.py:914} INFO - Processing file /home/airflow/.local/lib/python3.12/site-packages/airflow/example_dags/example_short_circuit_operator.py for tasks to queue
[2024-11-20T14:17:54.383+0000] {logging_mixin.py:190} INFO - [2024-11-20T14:17:54.382+0000] {dagbag.py:588} INFO - Filling up the DagBag from /home/airflow/.local/lib/python3.12/site-packages/airflow/example_dags/example_short_circuit_operator.py
[2024-11-20T14:17:54.397+0000] {processor.py:925} INFO - DAG(s) 'example_short_circuit_operator' retrieved from /home/airflow/.local/lib/python3.12/site-packages/airflow/example_dags/example_short_circuit_operator.py
[2024-11-20T14:17:54.447+0000] {logging_mixin.py:190} INFO - [2024-11-20T14:17:54.447+0000] {dag.py:3239} INFO - Sync 1 DAGs
[2024-11-20T14:17:54.484+0000] {logging_mixin.py:190} INFO - [2024-11-20T14:17:54.484+0000] {dag.py:4180} INFO - Setting next_dagrun for example_short_circuit_operator to None, run_after=None
[2024-11-20T14:17:54.517+0000] {processor.py:208} INFO - Processing /home/airflow/.local/lib/python3.12/site-packages/airflow/example_dags/example_short_circuit_operator.py took 0.156 seconds
[2024-11-20T14:18:25.354+0000] {processor.py:186} INFO - Started process (PID=366) to work on /home/airflow/.local/lib/python3.12/site-packages/airflow/example_dags/example_short_circuit_operator.py
[2024-11-20T14:18:25.356+0000] {processor.py:914} INFO - Processing file /home/airflow/.local/lib/python3.12/site-packages/airflow/example_dags/example_short_circuit_operator.py for tasks to queue
[2024-11-20T14:18:25.360+0000] {logging_mixin.py:190} INFO - [2024-11-20T14:18:25.360+0000] {dagbag.py:588} INFO - Filling up the DagBag from /home/airflow/.local/lib/python3.12/site-packages/airflow/example_dags/example_short_circuit_operator.py
[2024-11-20T14:18:25.373+0000] {processor.py:925} INFO - DAG(s) 'example_short_circuit_operator' retrieved from /home/airflow/.local/lib/python3.12/site-packages/airflow/example_dags/example_short_circuit_operator.py
[2024-11-20T14:18:25.405+0000] {logging_mixin.py:190} INFO - [2024-11-20T14:18:25.405+0000] {dag.py:3239} INFO - Sync 1 DAGs
[2024-11-20T14:18:25.428+0000] {logging_mixin.py:190} INFO - [2024-11-20T14:18:25.427+0000] {dag.py:4180} INFO - Setting next_dagrun for example_short_circuit_operator to None, run_after=None
[2024-11-20T14:18:25.456+0000] {processor.py:208} INFO - Processing /home/airflow/.local/lib/python3.12/site-packages/airflow/example_dags/example_short_circuit_operator.py took 0.111 seconds
[2024-11-20T14:18:57.134+0000] {processor.py:186} INFO - Started process (PID=429) to work on /home/airflow/.local/lib/python3.12/site-packages/airflow/example_dags/example_short_circuit_operator.py
[2024-11-20T14:18:57.139+0000] {processor.py:914} INFO - Processing file /home/airflow/.local/lib/python3.12/site-packages/airflow/example_dags/example_short_circuit_operator.py for tasks to queue
[2024-11-20T14:18:57.159+0000] {logging_mixin.py:190} INFO - [2024-11-20T14:18:57.158+0000] {dagbag.py:588} INFO - Filling up the DagBag from /home/airflow/.local/lib/python3.12/site-packages/airflow/example_dags/example_short_circuit_operator.py
[2024-11-20T14:18:57.228+0000] {processor.py:925} INFO - DAG(s) 'example_short_circuit_operator' retrieved from /home/airflow/.local/lib/python3.12/site-packages/airflow/example_dags/example_short_circuit_operator.py
[2024-11-20T14:18:57.404+0000] {logging_mixin.py:190} INFO - [2024-11-20T14:18:57.404+0000] {dag.py:3239} INFO - Sync 1 DAGs
[2024-11-20T14:18:57.471+0000] {logging_mixin.py:190} INFO - [2024-11-20T14:18:57.470+0000] {dag.py:4180} INFO - Setting next_dagrun for example_short_circuit_operator to None, run_after=None
[2024-11-20T14:18:57.524+0000] {processor.py:208} INFO - Processing /home/airflow/.local/lib/python3.12/site-packages/airflow/example_dags/example_short_circuit_operator.py took 0.424 seconds
[2024-11-20T14:19:28.267+0000] {processor.py:186} INFO - Started process (PID=490) to work on /home/airflow/.local/lib/python3.12/site-packages/airflow/example_dags/example_short_circuit_operator.py
[2024-11-20T14:19:28.269+0000] {processor.py:914} INFO - Processing file /home/airflow/.local/lib/python3.12/site-packages/airflow/example_dags/example_short_circuit_operator.py for tasks to queue
[2024-11-20T14:19:28.273+0000] {logging_mixin.py:190} INFO - [2024-11-20T14:19:28.272+0000] {dagbag.py:588} INFO - Filling up the DagBag from /home/airflow/.local/lib/python3.12/site-packages/airflow/example_dags/example_short_circuit_operator.py
[2024-11-20T14:19:28.286+0000] {processor.py:925} INFO - DAG(s) 'example_short_circuit_operator' retrieved from /home/airflow/.local/lib/python3.12/site-packages/airflow/example_dags/example_short_circuit_operator.py
[2024-11-20T14:19:28.320+0000] {logging_mixin.py:190} INFO - [2024-11-20T14:19:28.320+0000] {dag.py:3239} INFO - Sync 1 DAGs
[2024-11-20T14:19:28.344+0000] {logging_mixin.py:190} INFO - [2024-11-20T14:19:28.344+0000] {dag.py:4180} INFO - Setting next_dagrun for example_short_circuit_operator to None, run_after=None
[2024-11-20T14:19:28.373+0000] {processor.py:208} INFO - Processing /home/airflow/.local/lib/python3.12/site-packages/airflow/example_dags/example_short_circuit_operator.py took 0.119 seconds
[2024-11-20T14:20:01.142+0000] {processor.py:186} INFO - Started process (PID=553) to work on /home/airflow/.local/lib/python3.12/site-packages/airflow/example_dags/example_short_circuit_operator.py
[2024-11-20T14:20:01.144+0000] {processor.py:914} INFO - Processing file /home/airflow/.local/lib/python3.12/site-packages/airflow/example_dags/example_short_circuit_operator.py for tasks to queue
[2024-11-20T14:20:01.149+0000] {logging_mixin.py:190} INFO - [2024-11-20T14:20:01.148+0000] {dagbag.py:588} INFO - Filling up the DagBag from /home/airflow/.local/lib/python3.12/site-packages/airflow/example_dags/example_short_circuit_operator.py
[2024-11-20T14:20:01.168+0000] {processor.py:925} INFO - DAG(s) 'example_short_circuit_operator' retrieved from /home/airflow/.local/lib/python3.12/site-packages/airflow/example_dags/example_short_circuit_operator.py
[2024-11-20T14:20:01.218+0000] {logging_mixin.py:190} INFO - [2024-11-20T14:20:01.217+0000] {dag.py:3239} INFO - Sync 1 DAGs
[2024-11-20T14:20:01.252+0000] {logging_mixin.py:190} INFO - [2024-11-20T14:20:01.251+0000] {dag.py:4180} INFO - Setting next_dagrun for example_short_circuit_operator to None, run_after=None
[2024-11-20T14:20:01.290+0000] {processor.py:208} INFO - Processing /home/airflow/.local/lib/python3.12/site-packages/airflow/example_dags/example_short_circuit_operator.py took 0.162 seconds
[2024-11-20T14:20:32.432+0000] {processor.py:186} INFO - Started process (PID=616) to work on /home/airflow/.local/lib/python3.12/site-packages/airflow/example_dags/example_short_circuit_operator.py
[2024-11-20T14:20:32.433+0000] {processor.py:914} INFO - Processing file /home/airflow/.local/lib/python3.12/site-packages/airflow/example_dags/example_short_circuit_operator.py for tasks to queue
[2024-11-20T14:20:32.437+0000] {logging_mixin.py:190} INFO - [2024-11-20T14:20:32.436+0000] {dagbag.py:588} INFO - Filling up the DagBag from /home/airflow/.local/lib/python3.12/site-packages/airflow/example_dags/example_short_circuit_operator.py
[2024-11-20T14:20:32.456+0000] {processor.py:925} INFO - DAG(s) 'example_short_circuit_operator' retrieved from /home/airflow/.local/lib/python3.12/site-packages/airflow/example_dags/example_short_circuit_operator.py
[2024-11-20T14:20:32.499+0000] {logging_mixin.py:190} INFO - [2024-11-20T14:20:32.499+0000] {dag.py:3239} INFO - Sync 1 DAGs
[2024-11-20T14:20:32.532+0000] {logging_mixin.py:190} INFO - [2024-11-20T14:20:32.532+0000] {dag.py:4180} INFO - Setting next_dagrun for example_short_circuit_operator to None, run_after=None
[2024-11-20T14:20:32.571+0000] {processor.py:208} INFO - Processing /home/airflow/.local/lib/python3.12/site-packages/airflow/example_dags/example_short_circuit_operator.py took 0.151 seconds
[2024-11-20T14:21:03.375+0000] {processor.py:186} INFO - Started process (PID=679) to work on /home/airflow/.local/lib/python3.12/site-packages/airflow/example_dags/example_short_circuit_operator.py
[2024-11-20T14:21:03.377+0000] {processor.py:914} INFO - Processing file /home/airflow/.local/lib/python3.12/site-packages/airflow/example_dags/example_short_circuit_operator.py for tasks to queue
[2024-11-20T14:21:03.381+0000] {logging_mixin.py:190} INFO - [2024-11-20T14:21:03.381+0000] {dagbag.py:588} INFO - Filling up the DagBag from /home/airflow/.local/lib/python3.12/site-packages/airflow/example_dags/example_short_circuit_operator.py
[2024-11-20T14:21:03.398+0000] {processor.py:925} INFO - DAG(s) 'example_short_circuit_operator' retrieved from /home/airflow/.local/lib/python3.12/site-packages/airflow/example_dags/example_short_circuit_operator.py
[2024-11-20T14:21:03.434+0000] {logging_mixin.py:190} INFO - [2024-11-20T14:21:03.433+0000] {dag.py:3239} INFO - Sync 1 DAGs
[2024-11-20T14:21:03.459+0000] {logging_mixin.py:190} INFO - [2024-11-20T14:21:03.459+0000] {dag.py:4180} INFO - Setting next_dagrun for example_short_circuit_operator to None, run_after=None
[2024-11-20T14:21:03.487+0000] {processor.py:208} INFO - Processing /home/airflow/.local/lib/python3.12/site-packages/airflow/example_dags/example_short_circuit_operator.py took 0.121 seconds
[2024-11-20T14:21:35.252+0000] {processor.py:186} INFO - Started process (PID=742) to work on /home/airflow/.local/lib/python3.12/site-packages/airflow/example_dags/example_short_circuit_operator.py
[2024-11-20T14:21:35.255+0000] {processor.py:914} INFO - Processing file /home/airflow/.local/lib/python3.12/site-packages/airflow/example_dags/example_short_circuit_operator.py for tasks to queue
[2024-11-20T14:21:35.261+0000] {logging_mixin.py:190} INFO - [2024-11-20T14:21:35.260+0000] {dagbag.py:588} INFO - Filling up the DagBag from /home/airflow/.local/lib/python3.12/site-packages/airflow/example_dags/example_short_circuit_operator.py
[2024-11-20T14:21:35.278+0000] {processor.py:925} INFO - DAG(s) 'example_short_circuit_operator' retrieved from /home/airflow/.local/lib/python3.12/site-packages/airflow/example_dags/example_short_circuit_operator.py
[2024-11-20T14:21:35.326+0000] {logging_mixin.py:190} INFO - [2024-11-20T14:21:35.326+0000] {dag.py:3239} INFO - Sync 1 DAGs
[2024-11-20T14:21:35.356+0000] {logging_mixin.py:190} INFO - [2024-11-20T14:21:35.356+0000] {dag.py:4180} INFO - Setting next_dagrun for example_short_circuit_operator to None, run_after=None
[2024-11-20T14:21:35.391+0000] {processor.py:208} INFO - Processing /home/airflow/.local/lib/python3.12/site-packages/airflow/example_dags/example_short_circuit_operator.py took 0.154 seconds
[2024-11-20T14:22:07.178+0000] {processor.py:186} INFO - Started process (PID=805) to work on /home/airflow/.local/lib/python3.12/site-packages/airflow/example_dags/example_short_circuit_operator.py
[2024-11-20T14:22:07.179+0000] {processor.py:914} INFO - Processing file /home/airflow/.local/lib/python3.12/site-packages/airflow/example_dags/example_short_circuit_operator.py for tasks to queue
[2024-11-20T14:22:07.183+0000] {logging_mixin.py:190} INFO - [2024-11-20T14:22:07.182+0000] {dagbag.py:588} INFO - Filling up the DagBag from /home/airflow/.local/lib/python3.12/site-packages/airflow/example_dags/example_short_circuit_operator.py
[2024-11-20T14:22:07.196+0000] {processor.py:925} INFO - DAG(s) 'example_short_circuit_operator' retrieved from /home/airflow/.local/lib/python3.12/site-packages/airflow/example_dags/example_short_circuit_operator.py
[2024-11-20T14:22:07.232+0000] {logging_mixin.py:190} INFO - [2024-11-20T14:22:07.231+0000] {dag.py:3239} INFO - Sync 1 DAGs
[2024-11-20T14:22:07.259+0000] {logging_mixin.py:190} INFO - [2024-11-20T14:22:07.258+0000] {dag.py:4180} INFO - Setting next_dagrun for example_short_circuit_operator to None, run_after=None
[2024-11-20T14:22:07.298+0000] {processor.py:208} INFO - Processing /home/airflow/.local/lib/python3.12/site-packages/airflow/example_dags/example_short_circuit_operator.py took 0.130 seconds
[2024-11-20T14:22:39.943+0000] {processor.py:186} INFO - Started process (PID=868) to work on /home/airflow/.local/lib/python3.12/site-packages/airflow/example_dags/example_short_circuit_operator.py
[2024-11-20T14:22:39.945+0000] {processor.py:914} INFO - Processing file /home/airflow/.local/lib/python3.12/site-packages/airflow/example_dags/example_short_circuit_operator.py for tasks to queue
[2024-11-20T14:22:39.950+0000] {logging_mixin.py:190} INFO - [2024-11-20T14:22:39.949+0000] {dagbag.py:588} INFO - Filling up the DagBag from /home/airflow/.local/lib/python3.12/site-packages/airflow/example_dags/example_short_circuit_operator.py
[2024-11-20T14:22:39.968+0000] {processor.py:925} INFO - DAG(s) 'example_short_circuit_operator' retrieved from /home/airflow/.local/lib/python3.12/site-packages/airflow/example_dags/example_short_circuit_operator.py
[2024-11-20T14:22:40.026+0000] {logging_mixin.py:190} INFO - [2024-11-20T14:22:40.025+0000] {dag.py:3239} INFO - Sync 1 DAGs
[2024-11-20T14:22:40.059+0000] {logging_mixin.py:190} INFO - [2024-11-20T14:22:40.058+0000] {dag.py:4180} INFO - Setting next_dagrun for example_short_circuit_operator to None, run_after=None
[2024-11-20T14:22:40.098+0000] {processor.py:208} INFO - Processing /home/airflow/.local/lib/python3.12/site-packages/airflow/example_dags/example_short_circuit_operator.py took 0.168 seconds
[2024-11-20T14:23:12.587+0000] {processor.py:186} INFO - Started process (PID=932) to work on /home/airflow/.local/lib/python3.12/site-packages/airflow/example_dags/example_short_circuit_operator.py
[2024-11-20T14:23:12.606+0000] {processor.py:914} INFO - Processing file /home/airflow/.local/lib/python3.12/site-packages/airflow/example_dags/example_short_circuit_operator.py for tasks to queue
[2024-11-20T14:23:12.611+0000] {logging_mixin.py:190} INFO - [2024-11-20T14:23:12.610+0000] {dagbag.py:588} INFO - Filling up the DagBag from /home/airflow/.local/lib/python3.12/site-packages/airflow/example_dags/example_short_circuit_operator.py
[2024-11-20T14:23:12.631+0000] {processor.py:925} INFO - DAG(s) 'example_short_circuit_operator' retrieved from /home/airflow/.local/lib/python3.12/site-packages/airflow/example_dags/example_short_circuit_operator.py
[2024-11-20T14:23:12.682+0000] {logging_mixin.py:190} INFO - [2024-11-20T14:23:12.681+0000] {dag.py:3239} INFO - Sync 1 DAGs
[2024-11-20T14:23:12.731+0000] {logging_mixin.py:190} INFO - [2024-11-20T14:23:12.731+0000] {dag.py:4180} INFO - Setting next_dagrun for example_short_circuit_operator to None, run_after=None
[2024-11-20T14:23:12.770+0000] {processor.py:208} INFO - Processing /home/airflow/.local/lib/python3.12/site-packages/airflow/example_dags/example_short_circuit_operator.py took 0.196 seconds
[2024-11-20T14:23:43.618+0000] {processor.py:186} INFO - Started process (PID=994) to work on /home/airflow/.local/lib/python3.12/site-packages/airflow/example_dags/example_short_circuit_operator.py
[2024-11-20T14:23:43.620+0000] {processor.py:914} INFO - Processing file /home/airflow/.local/lib/python3.12/site-packages/airflow/example_dags/example_short_circuit_operator.py for tasks to queue
[2024-11-20T14:23:43.625+0000] {logging_mixin.py:190} INFO - [2024-11-20T14:23:43.624+0000] {dagbag.py:588} INFO - Filling up the DagBag from /home/airflow/.local/lib/python3.12/site-packages/airflow/example_dags/example_short_circuit_operator.py
[2024-11-20T14:23:43.640+0000] {processor.py:925} INFO - DAG(s) 'example_short_circuit_operator' retrieved from /home/airflow/.local/lib/python3.12/site-packages/airflow/example_dags/example_short_circuit_operator.py
[2024-11-20T14:23:43.685+0000] {logging_mixin.py:190} INFO - [2024-11-20T14:23:43.685+0000] {dag.py:3239} INFO - Sync 1 DAGs
[2024-11-20T14:23:43.717+0000] {logging_mixin.py:190} INFO - [2024-11-20T14:23:43.716+0000] {dag.py:4180} INFO - Setting next_dagrun for example_short_circuit_operator to None, run_after=None
[2024-11-20T14:23:43.746+0000] {processor.py:208} INFO - Processing /home/airflow/.local/lib/python3.12/site-packages/airflow/example_dags/example_short_circuit_operator.py took 0.137 seconds
[2024-11-20T14:24:15.074+0000] {processor.py:186} INFO - Started process (PID=1057) to work on /home/airflow/.local/lib/python3.12/site-packages/airflow/example_dags/example_short_circuit_operator.py
[2024-11-20T14:24:15.076+0000] {processor.py:914} INFO - Processing file /home/airflow/.local/lib/python3.12/site-packages/airflow/example_dags/example_short_circuit_operator.py for tasks to queue
[2024-11-20T14:24:15.080+0000] {logging_mixin.py:190} INFO - [2024-11-20T14:24:15.079+0000] {dagbag.py:588} INFO - Filling up the DagBag from /home/airflow/.local/lib/python3.12/site-packages/airflow/example_dags/example_short_circuit_operator.py
[2024-11-20T14:24:15.096+0000] {processor.py:925} INFO - DAG(s) 'example_short_circuit_operator' retrieved from /home/airflow/.local/lib/python3.12/site-packages/airflow/example_dags/example_short_circuit_operator.py
[2024-11-20T14:24:15.133+0000] {logging_mixin.py:190} INFO - [2024-11-20T14:24:15.132+0000] {dag.py:3239} INFO - Sync 1 DAGs
[2024-11-20T14:24:15.159+0000] {logging_mixin.py:190} INFO - [2024-11-20T14:24:15.159+0000] {dag.py:4180} INFO - Setting next_dagrun for example_short_circuit_operator to None, run_after=None
[2024-11-20T14:24:15.191+0000] {processor.py:208} INFO - Processing /home/airflow/.local/lib/python3.12/site-packages/airflow/example_dags/example_short_circuit_operator.py took 0.125 seconds
[2024-11-20T14:24:47.895+0000] {processor.py:186} INFO - Started process (PID=1130) to work on /home/airflow/.local/lib/python3.12/site-packages/airflow/example_dags/example_short_circuit_operator.py
[2024-11-20T14:24:47.909+0000] {processor.py:914} INFO - Processing file /home/airflow/.local/lib/python3.12/site-packages/airflow/example_dags/example_short_circuit_operator.py for tasks to queue
[2024-11-20T14:24:47.914+0000] {logging_mixin.py:190} INFO - [2024-11-20T14:24:47.914+0000] {dagbag.py:588} INFO - Filling up the DagBag from /home/airflow/.local/lib/python3.12/site-packages/airflow/example_dags/example_short_circuit_operator.py
[2024-11-20T14:24:47.933+0000] {processor.py:925} INFO - DAG(s) 'example_short_circuit_operator' retrieved from /home/airflow/.local/lib/python3.12/site-packages/airflow/example_dags/example_short_circuit_operator.py
[2024-11-20T14:24:47.981+0000] {logging_mixin.py:190} INFO - [2024-11-20T14:24:47.980+0000] {dag.py:3239} INFO - Sync 1 DAGs
[2024-11-20T14:24:48.015+0000] {logging_mixin.py:190} INFO - [2024-11-20T14:24:48.014+0000] {dag.py:4180} INFO - Setting next_dagrun for example_short_circuit_operator to None, run_after=None
[2024-11-20T14:24:48.049+0000] {processor.py:208} INFO - Processing /home/airflow/.local/lib/python3.12/site-packages/airflow/example_dags/example_short_circuit_operator.py took 0.167 seconds
[2024-11-20T14:25:19.488+0000] {processor.py:186} INFO - Started process (PID=1193) to work on /home/airflow/.local/lib/python3.12/site-packages/airflow/example_dags/example_short_circuit_operator.py
[2024-11-20T14:25:19.490+0000] {processor.py:914} INFO - Processing file /home/airflow/.local/lib/python3.12/site-packages/airflow/example_dags/example_short_circuit_operator.py for tasks to queue
[2024-11-20T14:25:19.494+0000] {logging_mixin.py:190} INFO - [2024-11-20T14:25:19.493+0000] {dagbag.py:588} INFO - Filling up the DagBag from /home/airflow/.local/lib/python3.12/site-packages/airflow/example_dags/example_short_circuit_operator.py
[2024-11-20T14:25:19.506+0000] {processor.py:925} INFO - DAG(s) 'example_short_circuit_operator' retrieved from /home/airflow/.local/lib/python3.12/site-packages/airflow/example_dags/example_short_circuit_operator.py
[2024-11-20T14:25:19.543+0000] {logging_mixin.py:190} INFO - [2024-11-20T14:25:19.543+0000] {dag.py:3239} INFO - Sync 1 DAGs
[2024-11-20T14:25:19.565+0000] {logging_mixin.py:190} INFO - [2024-11-20T14:25:19.565+0000] {dag.py:4180} INFO - Setting next_dagrun for example_short_circuit_operator to None, run_after=None
[2024-11-20T14:25:19.602+0000] {processor.py:208} INFO - Processing /home/airflow/.local/lib/python3.12/site-packages/airflow/example_dags/example_short_circuit_operator.py took 0.123 seconds
[2024-11-20T14:25:51.410+0000] {processor.py:186} INFO - Started process (PID=1256) to work on /home/airflow/.local/lib/python3.12/site-packages/airflow/example_dags/example_short_circuit_operator.py
[2024-11-20T14:25:51.411+0000] {processor.py:914} INFO - Processing file /home/airflow/.local/lib/python3.12/site-packages/airflow/example_dags/example_short_circuit_operator.py for tasks to queue
[2024-11-20T14:25:51.415+0000] {logging_mixin.py:190} INFO - [2024-11-20T14:25:51.414+0000] {dagbag.py:588} INFO - Filling up the DagBag from /home/airflow/.local/lib/python3.12/site-packages/airflow/example_dags/example_short_circuit_operator.py
[2024-11-20T14:25:51.428+0000] {processor.py:925} INFO - DAG(s) 'example_short_circuit_operator' retrieved from /home/airflow/.local/lib/python3.12/site-packages/airflow/example_dags/example_short_circuit_operator.py
[2024-11-20T14:25:51.468+0000] {logging_mixin.py:190} INFO - [2024-11-20T14:25:51.468+0000] {dag.py:3239} INFO - Sync 1 DAGs
[2024-11-20T14:25:51.493+0000] {logging_mixin.py:190} INFO - [2024-11-20T14:25:51.493+0000] {dag.py:4180} INFO - Setting next_dagrun for example_short_circuit_operator to None, run_after=None
[2024-11-20T14:25:51.528+0000] {processor.py:208} INFO - Processing /home/airflow/.local/lib/python3.12/site-packages/airflow/example_dags/example_short_circuit_operator.py took 0.127 seconds
[2024-11-20T14:26:22.933+0000] {processor.py:186} INFO - Started process (PID=1319) to work on /home/airflow/.local/lib/python3.12/site-packages/airflow/example_dags/example_short_circuit_operator.py
[2024-11-20T14:26:22.934+0000] {processor.py:914} INFO - Processing file /home/airflow/.local/lib/python3.12/site-packages/airflow/example_dags/example_short_circuit_operator.py for tasks to queue
[2024-11-20T14:26:22.938+0000] {logging_mixin.py:190} INFO - [2024-11-20T14:26:22.937+0000] {dagbag.py:588} INFO - Filling up the DagBag from /home/airflow/.local/lib/python3.12/site-packages/airflow/example_dags/example_short_circuit_operator.py
[2024-11-20T14:26:22.953+0000] {processor.py:925} INFO - DAG(s) 'example_short_circuit_operator' retrieved from /home/airflow/.local/lib/python3.12/site-packages/airflow/example_dags/example_short_circuit_operator.py
[2024-11-20T14:26:22.993+0000] {logging_mixin.py:190} INFO - [2024-11-20T14:26:22.992+0000] {dag.py:3239} INFO - Sync 1 DAGs
[2024-11-20T14:26:23.024+0000] {logging_mixin.py:190} INFO - [2024-11-20T14:26:23.023+0000] {dag.py:4180} INFO - Setting next_dagrun for example_short_circuit_operator to None, run_after=None
[2024-11-20T14:26:23.049+0000] {processor.py:208} INFO - Processing /home/airflow/.local/lib/python3.12/site-packages/airflow/example_dags/example_short_circuit_operator.py took 0.128 seconds
[2024-11-20T14:26:55.098+0000] {processor.py:186} INFO - Started process (PID=1382) to work on /home/airflow/.local/lib/python3.12/site-packages/airflow/example_dags/example_short_circuit_operator.py
[2024-11-20T14:26:55.100+0000] {processor.py:914} INFO - Processing file /home/airflow/.local/lib/python3.12/site-packages/airflow/example_dags/example_short_circuit_operator.py for tasks to queue
[2024-11-20T14:26:55.103+0000] {logging_mixin.py:190} INFO - [2024-11-20T14:26:55.103+0000] {dagbag.py:588} INFO - Filling up the DagBag from /home/airflow/.local/lib/python3.12/site-packages/airflow/example_dags/example_short_circuit_operator.py
[2024-11-20T14:26:55.118+0000] {processor.py:925} INFO - DAG(s) 'example_short_circuit_operator' retrieved from /home/airflow/.local/lib/python3.12/site-packages/airflow/example_dags/example_short_circuit_operator.py
[2024-11-20T14:26:55.161+0000] {logging_mixin.py:190} INFO - [2024-11-20T14:26:55.160+0000] {dag.py:3239} INFO - Sync 1 DAGs
[2024-11-20T14:26:55.192+0000] {logging_mixin.py:190} INFO - [2024-11-20T14:26:55.192+0000] {dag.py:4180} INFO - Setting next_dagrun for example_short_circuit_operator to None, run_after=None
[2024-11-20T14:26:55.228+0000] {processor.py:208} INFO - Processing /home/airflow/.local/lib/python3.12/site-packages/airflow/example_dags/example_short_circuit_operator.py took 0.139 seconds
[2024-11-20T14:28:12.985+0000] {processor.py:186} INFO - Started process (PID=1451) to work on /home/airflow/.local/lib/python3.12/site-packages/airflow/example_dags/example_short_circuit_operator.py
[2024-11-20T14:28:12.987+0000] {processor.py:914} INFO - Processing file /home/airflow/.local/lib/python3.12/site-packages/airflow/example_dags/example_short_circuit_operator.py for tasks to queue
[2024-11-20T14:28:12.993+0000] {logging_mixin.py:190} INFO - [2024-11-20T14:28:12.992+0000] {dagbag.py:588} INFO - Filling up the DagBag from /home/airflow/.local/lib/python3.12/site-packages/airflow/example_dags/example_short_circuit_operator.py
[2024-11-20T14:28:13.017+0000] {processor.py:925} INFO - DAG(s) 'example_short_circuit_operator' retrieved from /home/airflow/.local/lib/python3.12/site-packages/airflow/example_dags/example_short_circuit_operator.py
[2024-11-20T14:28:13.092+0000] {logging_mixin.py:190} INFO - [2024-11-20T14:28:13.092+0000] {dag.py:3239} INFO - Sync 1 DAGs
[2024-11-20T14:28:13.133+0000] {logging_mixin.py:190} INFO - [2024-11-20T14:28:13.132+0000] {dag.py:4180} INFO - Setting next_dagrun for example_short_circuit_operator to None, run_after=None
[2024-11-20T14:28:13.181+0000] {processor.py:208} INFO - Processing /home/airflow/.local/lib/python3.12/site-packages/airflow/example_dags/example_short_circuit_operator.py took 0.213 seconds
[2024-11-20T14:28:43.806+0000] {processor.py:186} INFO - Started process (PID=1514) to work on /home/airflow/.local/lib/python3.12/site-packages/airflow/example_dags/example_short_circuit_operator.py
[2024-11-20T14:28:43.807+0000] {processor.py:914} INFO - Processing file /home/airflow/.local/lib/python3.12/site-packages/airflow/example_dags/example_short_circuit_operator.py for tasks to queue
[2024-11-20T14:28:43.811+0000] {logging_mixin.py:190} INFO - [2024-11-20T14:28:43.810+0000] {dagbag.py:588} INFO - Filling up the DagBag from /home/airflow/.local/lib/python3.12/site-packages/airflow/example_dags/example_short_circuit_operator.py
[2024-11-20T14:28:43.824+0000] {processor.py:925} INFO - DAG(s) 'example_short_circuit_operator' retrieved from /home/airflow/.local/lib/python3.12/site-packages/airflow/example_dags/example_short_circuit_operator.py
[2024-11-20T14:28:43.864+0000] {logging_mixin.py:190} INFO - [2024-11-20T14:28:43.863+0000] {dag.py:3239} INFO - Sync 1 DAGs
[2024-11-20T14:28:43.894+0000] {logging_mixin.py:190} INFO - [2024-11-20T14:28:43.894+0000] {dag.py:4180} INFO - Setting next_dagrun for example_short_circuit_operator to None, run_after=None
[2024-11-20T14:28:43.928+0000] {processor.py:208} INFO - Processing /home/airflow/.local/lib/python3.12/site-packages/airflow/example_dags/example_short_circuit_operator.py took 0.134 seconds
[2024-11-20T14:29:14.069+0000] {processor.py:186} INFO - Started process (PID=1577) to work on /home/airflow/.local/lib/python3.12/site-packages/airflow/example_dags/example_short_circuit_operator.py
[2024-11-20T14:29:14.070+0000] {processor.py:914} INFO - Processing file /home/airflow/.local/lib/python3.12/site-packages/airflow/example_dags/example_short_circuit_operator.py for tasks to queue
[2024-11-20T14:29:14.074+0000] {logging_mixin.py:190} INFO - [2024-11-20T14:29:14.074+0000] {dagbag.py:588} INFO - Filling up the DagBag from /home/airflow/.local/lib/python3.12/site-packages/airflow/example_dags/example_short_circuit_operator.py
[2024-11-20T14:29:14.087+0000] {processor.py:925} INFO - DAG(s) 'example_short_circuit_operator' retrieved from /home/airflow/.local/lib/python3.12/site-packages/airflow/example_dags/example_short_circuit_operator.py
[2024-11-20T14:29:14.134+0000] {logging_mixin.py:190} INFO - [2024-11-20T14:29:14.133+0000] {dag.py:3239} INFO - Sync 1 DAGs
[2024-11-20T14:29:14.166+0000] {logging_mixin.py:190} INFO - [2024-11-20T14:29:14.166+0000] {dag.py:4180} INFO - Setting next_dagrun for example_short_circuit_operator to None, run_after=None
[2024-11-20T14:29:14.201+0000] {processor.py:208} INFO - Processing /home/airflow/.local/lib/python3.12/site-packages/airflow/example_dags/example_short_circuit_operator.py took 0.141 seconds
[2024-11-20T14:29:45.178+0000] {processor.py:186} INFO - Started process (PID=1638) to work on /home/airflow/.local/lib/python3.12/site-packages/airflow/example_dags/example_short_circuit_operator.py
[2024-11-20T14:29:45.180+0000] {processor.py:914} INFO - Processing file /home/airflow/.local/lib/python3.12/site-packages/airflow/example_dags/example_short_circuit_operator.py for tasks to queue
[2024-11-20T14:29:45.186+0000] {logging_mixin.py:190} INFO - [2024-11-20T14:29:45.185+0000] {dagbag.py:588} INFO - Filling up the DagBag from /home/airflow/.local/lib/python3.12/site-packages/airflow/example_dags/example_short_circuit_operator.py
[2024-11-20T14:29:45.201+0000] {processor.py:925} INFO - DAG(s) 'example_short_circuit_operator' retrieved from /home/airflow/.local/lib/python3.12/site-packages/airflow/example_dags/example_short_circuit_operator.py
[2024-11-20T14:29:45.241+0000] {logging_mixin.py:190} INFO - [2024-11-20T14:29:45.241+0000] {dag.py:3239} INFO - Sync 1 DAGs
[2024-11-20T14:29:45.266+0000] {logging_mixin.py:190} INFO - [2024-11-20T14:29:45.265+0000] {dag.py:4180} INFO - Setting next_dagrun for example_short_circuit_operator to None, run_after=None
[2024-11-20T14:29:45.295+0000] {processor.py:208} INFO - Processing /home/airflow/.local/lib/python3.12/site-packages/airflow/example_dags/example_short_circuit_operator.py took 0.128 seconds
[2024-11-20T14:30:18.605+0000] {processor.py:186} INFO - Started process (PID=1701) to work on /home/airflow/.local/lib/python3.12/site-packages/airflow/example_dags/example_short_circuit_operator.py
[2024-11-20T14:30:18.607+0000] {processor.py:914} INFO - Processing file /home/airflow/.local/lib/python3.12/site-packages/airflow/example_dags/example_short_circuit_operator.py for tasks to queue
[2024-11-20T14:30:18.614+0000] {logging_mixin.py:190} INFO - [2024-11-20T14:30:18.613+0000] {dagbag.py:588} INFO - Filling up the DagBag from /home/airflow/.local/lib/python3.12/site-packages/airflow/example_dags/example_short_circuit_operator.py
[2024-11-20T14:30:18.637+0000] {processor.py:925} INFO - DAG(s) 'example_short_circuit_operator' retrieved from /home/airflow/.local/lib/python3.12/site-packages/airflow/example_dags/example_short_circuit_operator.py
[2024-11-20T14:30:18.696+0000] {logging_mixin.py:190} INFO - [2024-11-20T14:30:18.695+0000] {dag.py:3239} INFO - Sync 1 DAGs
[2024-11-20T14:30:18.736+0000] {logging_mixin.py:190} INFO - [2024-11-20T14:30:18.735+0000] {dag.py:4180} INFO - Setting next_dagrun for example_short_circuit_operator to None, run_after=None
[2024-11-20T14:30:18.792+0000] {processor.py:208} INFO - Processing /home/airflow/.local/lib/python3.12/site-packages/airflow/example_dags/example_short_circuit_operator.py took 0.203 seconds
[2024-11-20T14:30:52.777+0000] {processor.py:186} INFO - Started process (PID=1764) to work on /home/airflow/.local/lib/python3.12/site-packages/airflow/example_dags/example_short_circuit_operator.py
[2024-11-20T14:30:52.781+0000] {processor.py:914} INFO - Processing file /home/airflow/.local/lib/python3.12/site-packages/airflow/example_dags/example_short_circuit_operator.py for tasks to queue
[2024-11-20T14:30:52.787+0000] {logging_mixin.py:190} INFO - [2024-11-20T14:30:52.786+0000] {dagbag.py:588} INFO - Filling up the DagBag from /home/airflow/.local/lib/python3.12/site-packages/airflow/example_dags/example_short_circuit_operator.py
[2024-11-20T14:30:52.811+0000] {processor.py:925} INFO - DAG(s) 'example_short_circuit_operator' retrieved from /home/airflow/.local/lib/python3.12/site-packages/airflow/example_dags/example_short_circuit_operator.py
[2024-11-20T14:30:52.879+0000] {logging_mixin.py:190} INFO - [2024-11-20T14:30:52.878+0000] {dag.py:3239} INFO - Sync 1 DAGs
[2024-11-20T14:30:52.923+0000] {logging_mixin.py:190} INFO - [2024-11-20T14:30:52.922+0000] {dag.py:4180} INFO - Setting next_dagrun for example_short_circuit_operator to None, run_after=None
[2024-11-20T14:30:52.977+0000] {processor.py:208} INFO - Processing /home/airflow/.local/lib/python3.12/site-packages/airflow/example_dags/example_short_circuit_operator.py took 0.216 seconds
[2024-11-20T14:31:25.910+0000] {processor.py:186} INFO - Started process (PID=1827) to work on /home/airflow/.local/lib/python3.12/site-packages/airflow/example_dags/example_short_circuit_operator.py
[2024-11-20T14:31:25.912+0000] {processor.py:914} INFO - Processing file /home/airflow/.local/lib/python3.12/site-packages/airflow/example_dags/example_short_circuit_operator.py for tasks to queue
[2024-11-20T14:31:25.917+0000] {logging_mixin.py:190} INFO - [2024-11-20T14:31:25.916+0000] {dagbag.py:588} INFO - Filling up the DagBag from /home/airflow/.local/lib/python3.12/site-packages/airflow/example_dags/example_short_circuit_operator.py
[2024-11-20T14:31:25.938+0000] {processor.py:925} INFO - DAG(s) 'example_short_circuit_operator' retrieved from /home/airflow/.local/lib/python3.12/site-packages/airflow/example_dags/example_short_circuit_operator.py
[2024-11-20T14:31:26.012+0000] {logging_mixin.py:190} INFO - [2024-11-20T14:31:26.012+0000] {dag.py:3239} INFO - Sync 1 DAGs
[2024-11-20T14:31:26.051+0000] {logging_mixin.py:190} INFO - [2024-11-20T14:31:26.050+0000] {dag.py:4180} INFO - Setting next_dagrun for example_short_circuit_operator to None, run_after=None
[2024-11-20T14:31:26.085+0000] {processor.py:208} INFO - Processing /home/airflow/.local/lib/python3.12/site-packages/airflow/example_dags/example_short_circuit_operator.py took 0.187 seconds
[2024-11-20T14:31:58.538+0000] {processor.py:186} INFO - Started process (PID=1890) to work on /home/airflow/.local/lib/python3.12/site-packages/airflow/example_dags/example_short_circuit_operator.py
[2024-11-20T14:31:58.547+0000] {processor.py:914} INFO - Processing file /home/airflow/.local/lib/python3.12/site-packages/airflow/example_dags/example_short_circuit_operator.py for tasks to queue
[2024-11-20T14:31:58.562+0000] {logging_mixin.py:190} INFO - [2024-11-20T14:31:58.561+0000] {dagbag.py:588} INFO - Filling up the DagBag from /home/airflow/.local/lib/python3.12/site-packages/airflow/example_dags/example_short_circuit_operator.py
[2024-11-20T14:31:58.597+0000] {processor.py:925} INFO - DAG(s) 'example_short_circuit_operator' retrieved from /home/airflow/.local/lib/python3.12/site-packages/airflow/example_dags/example_short_circuit_operator.py
[2024-11-20T14:31:58.676+0000] {logging_mixin.py:190} INFO - [2024-11-20T14:31:58.675+0000] {dag.py:3239} INFO - Sync 1 DAGs
[2024-11-20T14:31:58.724+0000] {logging_mixin.py:190} INFO - [2024-11-20T14:31:58.724+0000] {dag.py:4180} INFO - Setting next_dagrun for example_short_circuit_operator to None, run_after=None
[2024-11-20T14:31:58.790+0000] {processor.py:208} INFO - Processing /home/airflow/.local/lib/python3.12/site-packages/airflow/example_dags/example_short_circuit_operator.py took 0.297 seconds
[2024-11-20T14:32:29.463+0000] {processor.py:186} INFO - Started process (PID=1953) to work on /home/airflow/.local/lib/python3.12/site-packages/airflow/example_dags/example_short_circuit_operator.py
[2024-11-20T14:32:29.465+0000] {processor.py:914} INFO - Processing file /home/airflow/.local/lib/python3.12/site-packages/airflow/example_dags/example_short_circuit_operator.py for tasks to queue
[2024-11-20T14:32:29.469+0000] {logging_mixin.py:190} INFO - [2024-11-20T14:32:29.469+0000] {dagbag.py:588} INFO - Filling up the DagBag from /home/airflow/.local/lib/python3.12/site-packages/airflow/example_dags/example_short_circuit_operator.py
[2024-11-20T14:32:29.482+0000] {processor.py:925} INFO - DAG(s) 'example_short_circuit_operator' retrieved from /home/airflow/.local/lib/python3.12/site-packages/airflow/example_dags/example_short_circuit_operator.py
[2024-11-20T14:32:29.516+0000] {logging_mixin.py:190} INFO - [2024-11-20T14:32:29.516+0000] {dag.py:3239} INFO - Sync 1 DAGs
[2024-11-20T14:32:29.540+0000] {logging_mixin.py:190} INFO - [2024-11-20T14:32:29.540+0000] {dag.py:4180} INFO - Setting next_dagrun for example_short_circuit_operator to None, run_after=None
[2024-11-20T14:32:29.571+0000] {processor.py:208} INFO - Processing /home/airflow/.local/lib/python3.12/site-packages/airflow/example_dags/example_short_circuit_operator.py took 0.118 seconds
[2024-11-20T14:32:59.741+0000] {processor.py:186} INFO - Started process (PID=2015) to work on /home/airflow/.local/lib/python3.12/site-packages/airflow/example_dags/example_short_circuit_operator.py
[2024-11-20T14:32:59.743+0000] {processor.py:914} INFO - Processing file /home/airflow/.local/lib/python3.12/site-packages/airflow/example_dags/example_short_circuit_operator.py for tasks to queue
[2024-11-20T14:32:59.749+0000] {logging_mixin.py:190} INFO - [2024-11-20T14:32:59.749+0000] {dagbag.py:588} INFO - Filling up the DagBag from /home/airflow/.local/lib/python3.12/site-packages/airflow/example_dags/example_short_circuit_operator.py
[2024-11-20T14:32:59.765+0000] {processor.py:925} INFO - DAG(s) 'example_short_circuit_operator' retrieved from /home/airflow/.local/lib/python3.12/site-packages/airflow/example_dags/example_short_circuit_operator.py
[2024-11-20T14:32:59.804+0000] {logging_mixin.py:190} INFO - [2024-11-20T14:32:59.803+0000] {dag.py:3239} INFO - Sync 1 DAGs
[2024-11-20T14:32:59.837+0000] {logging_mixin.py:190} INFO - [2024-11-20T14:32:59.837+0000] {dag.py:4180} INFO - Setting next_dagrun for example_short_circuit_operator to None, run_after=None
[2024-11-20T14:32:59.876+0000] {processor.py:208} INFO - Processing /home/airflow/.local/lib/python3.12/site-packages/airflow/example_dags/example_short_circuit_operator.py took 0.152 seconds
[2024-11-20T14:33:30.217+0000] {processor.py:186} INFO - Started process (PID=2078) to work on /home/airflow/.local/lib/python3.12/site-packages/airflow/example_dags/example_short_circuit_operator.py
[2024-11-20T14:33:30.219+0000] {processor.py:914} INFO - Processing file /home/airflow/.local/lib/python3.12/site-packages/airflow/example_dags/example_short_circuit_operator.py for tasks to queue
[2024-11-20T14:33:30.223+0000] {logging_mixin.py:190} INFO - [2024-11-20T14:33:30.222+0000] {dagbag.py:588} INFO - Filling up the DagBag from /home/airflow/.local/lib/python3.12/site-packages/airflow/example_dags/example_short_circuit_operator.py
[2024-11-20T14:33:30.236+0000] {processor.py:925} INFO - DAG(s) 'example_short_circuit_operator' retrieved from /home/airflow/.local/lib/python3.12/site-packages/airflow/example_dags/example_short_circuit_operator.py
[2024-11-20T14:33:30.270+0000] {logging_mixin.py:190} INFO - [2024-11-20T14:33:30.269+0000] {dag.py:3239} INFO - Sync 1 DAGs
[2024-11-20T14:33:30.291+0000] {logging_mixin.py:190} INFO - [2024-11-20T14:33:30.291+0000] {dag.py:4180} INFO - Setting next_dagrun for example_short_circuit_operator to None, run_after=None
[2024-11-20T14:33:30.320+0000] {processor.py:208} INFO - Processing /home/airflow/.local/lib/python3.12/site-packages/airflow/example_dags/example_short_circuit_operator.py took 0.112 seconds
[2024-11-20T14:34:00.432+0000] {processor.py:186} INFO - Started process (PID=2140) to work on /home/airflow/.local/lib/python3.12/site-packages/airflow/example_dags/example_short_circuit_operator.py
[2024-11-20T14:34:00.433+0000] {processor.py:914} INFO - Processing file /home/airflow/.local/lib/python3.12/site-packages/airflow/example_dags/example_short_circuit_operator.py for tasks to queue
[2024-11-20T14:34:00.437+0000] {logging_mixin.py:190} INFO - [2024-11-20T14:34:00.437+0000] {dagbag.py:588} INFO - Filling up the DagBag from /home/airflow/.local/lib/python3.12/site-packages/airflow/example_dags/example_short_circuit_operator.py
[2024-11-20T14:34:00.454+0000] {processor.py:925} INFO - DAG(s) 'example_short_circuit_operator' retrieved from /home/airflow/.local/lib/python3.12/site-packages/airflow/example_dags/example_short_circuit_operator.py
[2024-11-20T14:34:00.496+0000] {logging_mixin.py:190} INFO - [2024-11-20T14:34:00.496+0000] {dag.py:3239} INFO - Sync 1 DAGs
[2024-11-20T14:34:00.526+0000] {logging_mixin.py:190} INFO - [2024-11-20T14:34:00.526+0000] {dag.py:4180} INFO - Setting next_dagrun for example_short_circuit_operator to None, run_after=None
[2024-11-20T14:34:00.555+0000] {processor.py:208} INFO - Processing /home/airflow/.local/lib/python3.12/site-packages/airflow/example_dags/example_short_circuit_operator.py took 0.137 seconds
[2024-11-20T14:34:31.175+0000] {processor.py:186} INFO - Started process (PID=2203) to work on /home/airflow/.local/lib/python3.12/site-packages/airflow/example_dags/example_short_circuit_operator.py
[2024-11-20T14:34:31.177+0000] {processor.py:914} INFO - Processing file /home/airflow/.local/lib/python3.12/site-packages/airflow/example_dags/example_short_circuit_operator.py for tasks to queue
[2024-11-20T14:34:31.181+0000] {logging_mixin.py:190} INFO - [2024-11-20T14:34:31.181+0000] {dagbag.py:588} INFO - Filling up the DagBag from /home/airflow/.local/lib/python3.12/site-packages/airflow/example_dags/example_short_circuit_operator.py
[2024-11-20T14:34:31.200+0000] {processor.py:925} INFO - DAG(s) 'example_short_circuit_operator' retrieved from /home/airflow/.local/lib/python3.12/site-packages/airflow/example_dags/example_short_circuit_operator.py
[2024-11-20T14:34:31.248+0000] {logging_mixin.py:190} INFO - [2024-11-20T14:34:31.248+0000] {dag.py:3239} INFO - Sync 1 DAGs
[2024-11-20T14:34:31.274+0000] {logging_mixin.py:190} INFO - [2024-11-20T14:34:31.274+0000] {dag.py:4180} INFO - Setting next_dagrun for example_short_circuit_operator to None, run_after=None
[2024-11-20T14:34:31.309+0000] {processor.py:208} INFO - Processing /home/airflow/.local/lib/python3.12/site-packages/airflow/example_dags/example_short_circuit_operator.py took 0.147 seconds
[2024-11-20T14:35:01.674+0000] {processor.py:186} INFO - Started process (PID=2265) to work on /home/airflow/.local/lib/python3.12/site-packages/airflow/example_dags/example_short_circuit_operator.py
[2024-11-20T14:35:01.676+0000] {processor.py:914} INFO - Processing file /home/airflow/.local/lib/python3.12/site-packages/airflow/example_dags/example_short_circuit_operator.py for tasks to queue
[2024-11-20T14:35:01.686+0000] {logging_mixin.py:190} INFO - [2024-11-20T14:35:01.683+0000] {dagbag.py:588} INFO - Filling up the DagBag from /home/airflow/.local/lib/python3.12/site-packages/airflow/example_dags/example_short_circuit_operator.py
[2024-11-20T14:35:01.715+0000] {processor.py:925} INFO - DAG(s) 'example_short_circuit_operator' retrieved from /home/airflow/.local/lib/python3.12/site-packages/airflow/example_dags/example_short_circuit_operator.py
[2024-11-20T14:35:01.789+0000] {logging_mixin.py:190} INFO - [2024-11-20T14:35:01.789+0000] {dag.py:3239} INFO - Sync 1 DAGs
[2024-11-20T14:35:01.839+0000] {logging_mixin.py:190} INFO - [2024-11-20T14:35:01.838+0000] {dag.py:4180} INFO - Setting next_dagrun for example_short_circuit_operator to None, run_after=None
[2024-11-20T14:35:01.900+0000] {processor.py:208} INFO - Processing /home/airflow/.local/lib/python3.12/site-packages/airflow/example_dags/example_short_circuit_operator.py took 0.247 seconds
[2024-11-20T14:35:32.633+0000] {processor.py:186} INFO - Started process (PID=2328) to work on /home/airflow/.local/lib/python3.12/site-packages/airflow/example_dags/example_short_circuit_operator.py
[2024-11-20T14:35:32.634+0000] {processor.py:914} INFO - Processing file /home/airflow/.local/lib/python3.12/site-packages/airflow/example_dags/example_short_circuit_operator.py for tasks to queue
[2024-11-20T14:35:32.638+0000] {logging_mixin.py:190} INFO - [2024-11-20T14:35:32.637+0000] {dagbag.py:588} INFO - Filling up the DagBag from /home/airflow/.local/lib/python3.12/site-packages/airflow/example_dags/example_short_circuit_operator.py
[2024-11-20T14:35:32.652+0000] {processor.py:925} INFO - DAG(s) 'example_short_circuit_operator' retrieved from /home/airflow/.local/lib/python3.12/site-packages/airflow/example_dags/example_short_circuit_operator.py
[2024-11-20T14:35:32.689+0000] {logging_mixin.py:190} INFO - [2024-11-20T14:35:32.689+0000] {dag.py:3239} INFO - Sync 1 DAGs
[2024-11-20T14:35:32.714+0000] {logging_mixin.py:190} INFO - [2024-11-20T14:35:32.713+0000] {dag.py:4180} INFO - Setting next_dagrun for example_short_circuit_operator to None, run_after=None
[2024-11-20T14:35:32.744+0000] {processor.py:208} INFO - Processing /home/airflow/.local/lib/python3.12/site-packages/airflow/example_dags/example_short_circuit_operator.py took 0.121 seconds
[2024-11-20T14:36:02.996+0000] {processor.py:186} INFO - Started process (PID=2390) to work on /home/airflow/.local/lib/python3.12/site-packages/airflow/example_dags/example_short_circuit_operator.py
[2024-11-20T14:36:02.997+0000] {processor.py:914} INFO - Processing file /home/airflow/.local/lib/python3.12/site-packages/airflow/example_dags/example_short_circuit_operator.py for tasks to queue
[2024-11-20T14:36:03.001+0000] {logging_mixin.py:190} INFO - [2024-11-20T14:36:03.000+0000] {dagbag.py:588} INFO - Filling up the DagBag from /home/airflow/.local/lib/python3.12/site-packages/airflow/example_dags/example_short_circuit_operator.py
[2024-11-20T14:36:03.016+0000] {processor.py:925} INFO - DAG(s) 'example_short_circuit_operator' retrieved from /home/airflow/.local/lib/python3.12/site-packages/airflow/example_dags/example_short_circuit_operator.py
[2024-11-20T14:36:03.049+0000] {logging_mixin.py:190} INFO - [2024-11-20T14:36:03.048+0000] {dag.py:3239} INFO - Sync 1 DAGs
[2024-11-20T14:36:03.077+0000] {logging_mixin.py:190} INFO - [2024-11-20T14:36:03.076+0000] {dag.py:4180} INFO - Setting next_dagrun for example_short_circuit_operator to None, run_after=None
[2024-11-20T14:36:03.107+0000] {processor.py:208} INFO - Processing /home/airflow/.local/lib/python3.12/site-packages/airflow/example_dags/example_short_circuit_operator.py took 0.122 seconds
[2024-11-20T14:36:33.263+0000] {processor.py:186} INFO - Started process (PID=2453) to work on /home/airflow/.local/lib/python3.12/site-packages/airflow/example_dags/example_short_circuit_operator.py
[2024-11-20T14:36:33.264+0000] {processor.py:914} INFO - Processing file /home/airflow/.local/lib/python3.12/site-packages/airflow/example_dags/example_short_circuit_operator.py for tasks to queue
[2024-11-20T14:36:33.269+0000] {logging_mixin.py:190} INFO - [2024-11-20T14:36:33.268+0000] {dagbag.py:588} INFO - Filling up the DagBag from /home/airflow/.local/lib/python3.12/site-packages/airflow/example_dags/example_short_circuit_operator.py
[2024-11-20T14:36:33.281+0000] {processor.py:925} INFO - DAG(s) 'example_short_circuit_operator' retrieved from /home/airflow/.local/lib/python3.12/site-packages/airflow/example_dags/example_short_circuit_operator.py
[2024-11-20T14:36:33.322+0000] {logging_mixin.py:190} INFO - [2024-11-20T14:36:33.322+0000] {dag.py:3239} INFO - Sync 1 DAGs
[2024-11-20T14:36:33.350+0000] {logging_mixin.py:190} INFO - [2024-11-20T14:36:33.350+0000] {dag.py:4180} INFO - Setting next_dagrun for example_short_circuit_operator to None, run_after=None
[2024-11-20T14:36:33.380+0000] {processor.py:208} INFO - Processing /home/airflow/.local/lib/python3.12/site-packages/airflow/example_dags/example_short_circuit_operator.py took 0.127 seconds
[2024-11-20T14:37:03.889+0000] {processor.py:186} INFO - Started process (PID=2516) to work on /home/airflow/.local/lib/python3.12/site-packages/airflow/example_dags/example_short_circuit_operator.py
[2024-11-20T14:37:03.891+0000] {processor.py:914} INFO - Processing file /home/airflow/.local/lib/python3.12/site-packages/airflow/example_dags/example_short_circuit_operator.py for tasks to queue
[2024-11-20T14:37:03.897+0000] {logging_mixin.py:190} INFO - [2024-11-20T14:37:03.896+0000] {dagbag.py:588} INFO - Filling up the DagBag from /home/airflow/.local/lib/python3.12/site-packages/airflow/example_dags/example_short_circuit_operator.py
[2024-11-20T14:37:03.916+0000] {processor.py:925} INFO - DAG(s) 'example_short_circuit_operator' retrieved from /home/airflow/.local/lib/python3.12/site-packages/airflow/example_dags/example_short_circuit_operator.py
[2024-11-20T14:37:03.971+0000] {logging_mixin.py:190} INFO - [2024-11-20T14:37:03.970+0000] {dag.py:3239} INFO - Sync 1 DAGs
[2024-11-20T14:37:04.037+0000] {logging_mixin.py:190} INFO - [2024-11-20T14:37:04.037+0000] {dag.py:4180} INFO - Setting next_dagrun for example_short_circuit_operator to None, run_after=None
[2024-11-20T14:37:04.096+0000] {processor.py:208} INFO - Processing /home/airflow/.local/lib/python3.12/site-packages/airflow/example_dags/example_short_circuit_operator.py took 0.216 seconds
[2024-11-20T14:37:34.593+0000] {processor.py:186} INFO - Started process (PID=2578) to work on /home/airflow/.local/lib/python3.12/site-packages/airflow/example_dags/example_short_circuit_operator.py
[2024-11-20T14:37:34.594+0000] {processor.py:914} INFO - Processing file /home/airflow/.local/lib/python3.12/site-packages/airflow/example_dags/example_short_circuit_operator.py for tasks to queue
[2024-11-20T14:37:34.600+0000] {logging_mixin.py:190} INFO - [2024-11-20T14:37:34.599+0000] {dagbag.py:588} INFO - Filling up the DagBag from /home/airflow/.local/lib/python3.12/site-packages/airflow/example_dags/example_short_circuit_operator.py
[2024-11-20T14:37:34.620+0000] {processor.py:925} INFO - DAG(s) 'example_short_circuit_operator' retrieved from /home/airflow/.local/lib/python3.12/site-packages/airflow/example_dags/example_short_circuit_operator.py
[2024-11-20T14:37:34.665+0000] {logging_mixin.py:190} INFO - [2024-11-20T14:37:34.665+0000] {dag.py:3239} INFO - Sync 1 DAGs
[2024-11-20T14:37:34.701+0000] {logging_mixin.py:190} INFO - [2024-11-20T14:37:34.700+0000] {dag.py:4180} INFO - Setting next_dagrun for example_short_circuit_operator to None, run_after=None
[2024-11-20T14:37:34.745+0000] {processor.py:208} INFO - Processing /home/airflow/.local/lib/python3.12/site-packages/airflow/example_dags/example_short_circuit_operator.py took 0.167 seconds
[2024-11-20T14:38:04.975+0000] {processor.py:186} INFO - Started process (PID=2640) to work on /home/airflow/.local/lib/python3.12/site-packages/airflow/example_dags/example_short_circuit_operator.py
[2024-11-20T14:38:04.978+0000] {processor.py:914} INFO - Processing file /home/airflow/.local/lib/python3.12/site-packages/airflow/example_dags/example_short_circuit_operator.py for tasks to queue
[2024-11-20T14:38:04.983+0000] {logging_mixin.py:190} INFO - [2024-11-20T14:38:04.982+0000] {dagbag.py:588} INFO - Filling up the DagBag from /home/airflow/.local/lib/python3.12/site-packages/airflow/example_dags/example_short_circuit_operator.py
[2024-11-20T14:38:05.003+0000] {processor.py:925} INFO - DAG(s) 'example_short_circuit_operator' retrieved from /home/airflow/.local/lib/python3.12/site-packages/airflow/example_dags/example_short_circuit_operator.py
[2024-11-20T14:38:05.056+0000] {logging_mixin.py:190} INFO - [2024-11-20T14:38:05.056+0000] {dag.py:3239} INFO - Sync 1 DAGs
[2024-11-20T14:38:05.096+0000] {logging_mixin.py:190} INFO - [2024-11-20T14:38:05.095+0000] {dag.py:4180} INFO - Setting next_dagrun for example_short_circuit_operator to None, run_after=None
[2024-11-20T14:38:05.135+0000] {processor.py:208} INFO - Processing /home/airflow/.local/lib/python3.12/site-packages/airflow/example_dags/example_short_circuit_operator.py took 0.175 seconds
