[2024-11-20T14:16:19.341+0000] {processor.py:186} INFO - Started process (PID=107) to work on /home/airflow/.local/lib/python3.12/site-packages/airflow/example_dags/example_python_decorator.py
[2024-11-20T14:16:19.342+0000] {processor.py:914} INFO - Processing file /home/airflow/.local/lib/python3.12/site-packages/airflow/example_dags/example_python_decorator.py for tasks to queue
[2024-11-20T14:16:19.347+0000] {logging_mixin.py:190} INFO - [2024-11-20T14:16:19.346+0000] {dagbag.py:588} INFO - Filling up the DagBag from /home/airflow/.local/lib/python3.12/site-packages/airflow/example_dags/example_python_decorator.py
[2024-11-20T14:16:19.380+0000] {processor.py:925} INFO - DAG(s) 'example_python_decorator' retrieved from /home/airflow/.local/lib/python3.12/site-packages/airflow/example_dags/example_python_decorator.py
[2024-11-20T14:16:19.613+0000] {logging_mixin.py:190} INFO - [2024-11-20T14:16:19.612+0000] {override.py:1911} INFO - Created Permission View: can delete on DAG:example_python_decorator
[2024-11-20T14:16:19.628+0000] {logging_mixin.py:190} INFO - [2024-11-20T14:16:19.628+0000] {override.py:1911} INFO - Created Permission View: can read on DAG:example_python_decorator
[2024-11-20T14:16:19.638+0000] {logging_mixin.py:190} INFO - [2024-11-20T14:16:19.638+0000] {override.py:1911} INFO - Created Permission View: can edit on DAG:example_python_decorator
[2024-11-20T14:16:19.650+0000] {logging_mixin.py:190} INFO - [2024-11-20T14:16:19.649+0000] {override.py:1911} INFO - Created Permission View: can delete on DAG Run:example_python_decorator
[2024-11-20T14:16:19.660+0000] {logging_mixin.py:190} INFO - [2024-11-20T14:16:19.659+0000] {override.py:1911} INFO - Created Permission View: menu access on DAG Run:example_python_decorator
[2024-11-20T14:16:19.670+0000] {logging_mixin.py:190} INFO - [2024-11-20T14:16:19.669+0000] {override.py:1911} INFO - Created Permission View: can read on DAG Run:example_python_decorator
[2024-11-20T14:16:19.682+0000] {logging_mixin.py:190} INFO - [2024-11-20T14:16:19.681+0000] {override.py:1911} INFO - Created Permission View: can create on DAG Run:example_python_decorator
[2024-11-20T14:16:19.682+0000] {logging_mixin.py:190} INFO - [2024-11-20T14:16:19.682+0000] {dag.py:3239} INFO - Sync 1 DAGs
[2024-11-20T14:16:19.706+0000] {logging_mixin.py:190} INFO - [2024-11-20T14:16:19.706+0000] {dag.py:3262} INFO - Creating ORM DAG for example_python_decorator
[2024-11-20T14:16:19.707+0000] {logging_mixin.py:190} INFO - [2024-11-20T14:16:19.707+0000] {dag.py:4180} INFO - Setting next_dagrun for example_python_decorator to None, run_after=None
[2024-11-20T14:16:19.736+0000] {processor.py:208} INFO - Processing /home/airflow/.local/lib/python3.12/site-packages/airflow/example_dags/example_python_decorator.py took 0.408 seconds
[2024-11-20T14:16:49.976+0000] {processor.py:186} INFO - Started process (PID=170) to work on /home/airflow/.local/lib/python3.12/site-packages/airflow/example_dags/example_python_decorator.py
[2024-11-20T14:16:49.978+0000] {processor.py:914} INFO - Processing file /home/airflow/.local/lib/python3.12/site-packages/airflow/example_dags/example_python_decorator.py for tasks to queue
[2024-11-20T14:16:49.981+0000] {logging_mixin.py:190} INFO - [2024-11-20T14:16:49.981+0000] {dagbag.py:588} INFO - Filling up the DagBag from /home/airflow/.local/lib/python3.12/site-packages/airflow/example_dags/example_python_decorator.py
[2024-11-20T14:16:50.004+0000] {processor.py:925} INFO - DAG(s) 'example_python_decorator' retrieved from /home/airflow/.local/lib/python3.12/site-packages/airflow/example_dags/example_python_decorator.py
[2024-11-20T14:16:50.036+0000] {logging_mixin.py:190} INFO - [2024-11-20T14:16:50.035+0000] {dag.py:3239} INFO - Sync 1 DAGs
[2024-11-20T14:16:50.057+0000] {logging_mixin.py:190} INFO - [2024-11-20T14:16:50.056+0000] {dag.py:4180} INFO - Setting next_dagrun for example_python_decorator to None, run_after=None
[2024-11-20T14:16:50.082+0000] {processor.py:208} INFO - Processing /home/airflow/.local/lib/python3.12/site-packages/airflow/example_dags/example_python_decorator.py took 0.115 seconds
[2024-11-20T14:17:20.326+0000] {processor.py:186} INFO - Started process (PID=232) to work on /home/airflow/.local/lib/python3.12/site-packages/airflow/example_dags/example_python_decorator.py
[2024-11-20T14:17:20.328+0000] {processor.py:914} INFO - Processing file /home/airflow/.local/lib/python3.12/site-packages/airflow/example_dags/example_python_decorator.py for tasks to queue
[2024-11-20T14:17:20.332+0000] {logging_mixin.py:190} INFO - [2024-11-20T14:17:20.331+0000] {dagbag.py:588} INFO - Filling up the DagBag from /home/airflow/.local/lib/python3.12/site-packages/airflow/example_dags/example_python_decorator.py
[2024-11-20T14:17:20.355+0000] {processor.py:925} INFO - DAG(s) 'example_python_decorator' retrieved from /home/airflow/.local/lib/python3.12/site-packages/airflow/example_dags/example_python_decorator.py
[2024-11-20T14:17:20.390+0000] {logging_mixin.py:190} INFO - [2024-11-20T14:17:20.389+0000] {dag.py:3239} INFO - Sync 1 DAGs
[2024-11-20T14:17:20.414+0000] {logging_mixin.py:190} INFO - [2024-11-20T14:17:20.414+0000] {dag.py:4180} INFO - Setting next_dagrun for example_python_decorator to None, run_after=None
[2024-11-20T14:17:20.446+0000] {processor.py:208} INFO - Processing /home/airflow/.local/lib/python3.12/site-packages/airflow/example_dags/example_python_decorator.py took 0.131 seconds
[2024-11-20T14:17:51.366+0000] {processor.py:186} INFO - Started process (PID=295) to work on /home/airflow/.local/lib/python3.12/site-packages/airflow/example_dags/example_python_decorator.py
[2024-11-20T14:17:51.368+0000] {processor.py:914} INFO - Processing file /home/airflow/.local/lib/python3.12/site-packages/airflow/example_dags/example_python_decorator.py for tasks to queue
[2024-11-20T14:17:51.372+0000] {logging_mixin.py:190} INFO - [2024-11-20T14:17:51.371+0000] {dagbag.py:588} INFO - Filling up the DagBag from /home/airflow/.local/lib/python3.12/site-packages/airflow/example_dags/example_python_decorator.py
[2024-11-20T14:17:51.395+0000] {processor.py:925} INFO - DAG(s) 'example_python_decorator' retrieved from /home/airflow/.local/lib/python3.12/site-packages/airflow/example_dags/example_python_decorator.py
[2024-11-20T14:17:51.437+0000] {logging_mixin.py:190} INFO - [2024-11-20T14:17:51.437+0000] {dag.py:3239} INFO - Sync 1 DAGs
[2024-11-20T14:17:51.469+0000] {logging_mixin.py:190} INFO - [2024-11-20T14:17:51.468+0000] {dag.py:4180} INFO - Setting next_dagrun for example_python_decorator to None, run_after=None
[2024-11-20T14:17:51.513+0000] {processor.py:208} INFO - Processing /home/airflow/.local/lib/python3.12/site-packages/airflow/example_dags/example_python_decorator.py took 0.156 seconds
[2024-11-20T14:18:22.870+0000] {processor.py:186} INFO - Started process (PID=358) to work on /home/airflow/.local/lib/python3.12/site-packages/airflow/example_dags/example_python_decorator.py
[2024-11-20T14:18:22.872+0000] {processor.py:914} INFO - Processing file /home/airflow/.local/lib/python3.12/site-packages/airflow/example_dags/example_python_decorator.py for tasks to queue
[2024-11-20T14:18:22.875+0000] {logging_mixin.py:190} INFO - [2024-11-20T14:18:22.875+0000] {dagbag.py:588} INFO - Filling up the DagBag from /home/airflow/.local/lib/python3.12/site-packages/airflow/example_dags/example_python_decorator.py
[2024-11-20T14:18:22.897+0000] {processor.py:925} INFO - DAG(s) 'example_python_decorator' retrieved from /home/airflow/.local/lib/python3.12/site-packages/airflow/example_dags/example_python_decorator.py
[2024-11-20T14:18:22.928+0000] {logging_mixin.py:190} INFO - [2024-11-20T14:18:22.928+0000] {dag.py:3239} INFO - Sync 1 DAGs
[2024-11-20T14:18:22.951+0000] {logging_mixin.py:190} INFO - [2024-11-20T14:18:22.951+0000] {dag.py:4180} INFO - Setting next_dagrun for example_python_decorator to None, run_after=None
[2024-11-20T14:18:22.980+0000] {processor.py:208} INFO - Processing /home/airflow/.local/lib/python3.12/site-packages/airflow/example_dags/example_python_decorator.py took 0.120 seconds
[2024-11-20T14:18:55.740+0000] {processor.py:186} INFO - Started process (PID=421) to work on /home/airflow/.local/lib/python3.12/site-packages/airflow/example_dags/example_python_decorator.py
[2024-11-20T14:18:55.744+0000] {processor.py:914} INFO - Processing file /home/airflow/.local/lib/python3.12/site-packages/airflow/example_dags/example_python_decorator.py for tasks to queue
[2024-11-20T14:18:55.748+0000] {logging_mixin.py:190} INFO - [2024-11-20T14:18:55.747+0000] {dagbag.py:588} INFO - Filling up the DagBag from /home/airflow/.local/lib/python3.12/site-packages/airflow/example_dags/example_python_decorator.py
[2024-11-20T14:18:55.784+0000] {processor.py:925} INFO - DAG(s) 'example_python_decorator' retrieved from /home/airflow/.local/lib/python3.12/site-packages/airflow/example_dags/example_python_decorator.py
[2024-11-20T14:18:55.826+0000] {logging_mixin.py:190} INFO - [2024-11-20T14:18:55.825+0000] {dag.py:3239} INFO - Sync 1 DAGs
[2024-11-20T14:18:55.850+0000] {logging_mixin.py:190} INFO - [2024-11-20T14:18:55.850+0000] {dag.py:4180} INFO - Setting next_dagrun for example_python_decorator to None, run_after=None
[2024-11-20T14:18:55.879+0000] {processor.py:208} INFO - Processing /home/airflow/.local/lib/python3.12/site-packages/airflow/example_dags/example_python_decorator.py took 0.151 seconds
[2024-11-20T14:19:27.507+0000] {processor.py:186} INFO - Started process (PID=483) to work on /home/airflow/.local/lib/python3.12/site-packages/airflow/example_dags/example_python_decorator.py
[2024-11-20T14:19:27.509+0000] {processor.py:914} INFO - Processing file /home/airflow/.local/lib/python3.12/site-packages/airflow/example_dags/example_python_decorator.py for tasks to queue
[2024-11-20T14:19:27.513+0000] {logging_mixin.py:190} INFO - [2024-11-20T14:19:27.512+0000] {dagbag.py:588} INFO - Filling up the DagBag from /home/airflow/.local/lib/python3.12/site-packages/airflow/example_dags/example_python_decorator.py
[2024-11-20T14:19:27.539+0000] {processor.py:925} INFO - DAG(s) 'example_python_decorator' retrieved from /home/airflow/.local/lib/python3.12/site-packages/airflow/example_dags/example_python_decorator.py
[2024-11-20T14:19:27.575+0000] {logging_mixin.py:190} INFO - [2024-11-20T14:19:27.575+0000] {dag.py:3239} INFO - Sync 1 DAGs
[2024-11-20T14:19:27.603+0000] {logging_mixin.py:190} INFO - [2024-11-20T14:19:27.602+0000] {dag.py:4180} INFO - Setting next_dagrun for example_python_decorator to None, run_after=None
[2024-11-20T14:19:27.638+0000] {processor.py:208} INFO - Processing /home/airflow/.local/lib/python3.12/site-packages/airflow/example_dags/example_python_decorator.py took 0.144 seconds
[2024-11-20T14:20:00.235+0000] {processor.py:186} INFO - Started process (PID=546) to work on /home/airflow/.local/lib/python3.12/site-packages/airflow/example_dags/example_python_decorator.py
[2024-11-20T14:20:00.237+0000] {processor.py:914} INFO - Processing file /home/airflow/.local/lib/python3.12/site-packages/airflow/example_dags/example_python_decorator.py for tasks to queue
[2024-11-20T14:20:00.245+0000] {logging_mixin.py:190} INFO - [2024-11-20T14:20:00.244+0000] {dagbag.py:588} INFO - Filling up the DagBag from /home/airflow/.local/lib/python3.12/site-packages/airflow/example_dags/example_python_decorator.py
[2024-11-20T14:20:00.278+0000] {processor.py:925} INFO - DAG(s) 'example_python_decorator' retrieved from /home/airflow/.local/lib/python3.12/site-packages/airflow/example_dags/example_python_decorator.py
[2024-11-20T14:20:00.332+0000] {logging_mixin.py:190} INFO - [2024-11-20T14:20:00.331+0000] {dag.py:3239} INFO - Sync 1 DAGs
[2024-11-20T14:20:00.379+0000] {logging_mixin.py:190} INFO - [2024-11-20T14:20:00.378+0000] {dag.py:4180} INFO - Setting next_dagrun for example_python_decorator to None, run_after=None
[2024-11-20T14:20:00.442+0000] {processor.py:208} INFO - Processing /home/airflow/.local/lib/python3.12/site-packages/airflow/example_dags/example_python_decorator.py took 0.220 seconds
[2024-11-20T14:20:31.355+0000] {processor.py:186} INFO - Started process (PID=609) to work on /home/airflow/.local/lib/python3.12/site-packages/airflow/example_dags/example_python_decorator.py
[2024-11-20T14:20:31.356+0000] {processor.py:914} INFO - Processing file /home/airflow/.local/lib/python3.12/site-packages/airflow/example_dags/example_python_decorator.py for tasks to queue
[2024-11-20T14:20:31.360+0000] {logging_mixin.py:190} INFO - [2024-11-20T14:20:31.360+0000] {dagbag.py:588} INFO - Filling up the DagBag from /home/airflow/.local/lib/python3.12/site-packages/airflow/example_dags/example_python_decorator.py
[2024-11-20T14:20:31.383+0000] {processor.py:925} INFO - DAG(s) 'example_python_decorator' retrieved from /home/airflow/.local/lib/python3.12/site-packages/airflow/example_dags/example_python_decorator.py
[2024-11-20T14:20:31.427+0000] {logging_mixin.py:190} INFO - [2024-11-20T14:20:31.426+0000] {dag.py:3239} INFO - Sync 1 DAGs
[2024-11-20T14:20:31.459+0000] {logging_mixin.py:190} INFO - [2024-11-20T14:20:31.459+0000] {dag.py:4180} INFO - Setting next_dagrun for example_python_decorator to None, run_after=None
[2024-11-20T14:20:31.506+0000] {processor.py:208} INFO - Processing /home/airflow/.local/lib/python3.12/site-packages/airflow/example_dags/example_python_decorator.py took 0.160 seconds
[2024-11-20T14:21:02.806+0000] {processor.py:186} INFO - Started process (PID=672) to work on /home/airflow/.local/lib/python3.12/site-packages/airflow/example_dags/example_python_decorator.py
[2024-11-20T14:21:02.807+0000] {processor.py:914} INFO - Processing file /home/airflow/.local/lib/python3.12/site-packages/airflow/example_dags/example_python_decorator.py for tasks to queue
[2024-11-20T14:21:02.811+0000] {logging_mixin.py:190} INFO - [2024-11-20T14:21:02.811+0000] {dagbag.py:588} INFO - Filling up the DagBag from /home/airflow/.local/lib/python3.12/site-packages/airflow/example_dags/example_python_decorator.py
[2024-11-20T14:21:02.832+0000] {processor.py:925} INFO - DAG(s) 'example_python_decorator' retrieved from /home/airflow/.local/lib/python3.12/site-packages/airflow/example_dags/example_python_decorator.py
[2024-11-20T14:21:02.871+0000] {logging_mixin.py:190} INFO - [2024-11-20T14:21:02.870+0000] {dag.py:3239} INFO - Sync 1 DAGs
[2024-11-20T14:21:02.898+0000] {logging_mixin.py:190} INFO - [2024-11-20T14:21:02.898+0000] {dag.py:4180} INFO - Setting next_dagrun for example_python_decorator to None, run_after=None
[2024-11-20T14:21:02.940+0000] {processor.py:208} INFO - Processing /home/airflow/.local/lib/python3.12/site-packages/airflow/example_dags/example_python_decorator.py took 0.143 seconds
[2024-11-20T14:21:34.502+0000] {processor.py:186} INFO - Started process (PID=735) to work on /home/airflow/.local/lib/python3.12/site-packages/airflow/example_dags/example_python_decorator.py
[2024-11-20T14:21:34.503+0000] {processor.py:914} INFO - Processing file /home/airflow/.local/lib/python3.12/site-packages/airflow/example_dags/example_python_decorator.py for tasks to queue
[2024-11-20T14:21:34.507+0000] {logging_mixin.py:190} INFO - [2024-11-20T14:21:34.506+0000] {dagbag.py:588} INFO - Filling up the DagBag from /home/airflow/.local/lib/python3.12/site-packages/airflow/example_dags/example_python_decorator.py
[2024-11-20T14:21:34.532+0000] {processor.py:925} INFO - DAG(s) 'example_python_decorator' retrieved from /home/airflow/.local/lib/python3.12/site-packages/airflow/example_dags/example_python_decorator.py
[2024-11-20T14:21:34.573+0000] {logging_mixin.py:190} INFO - [2024-11-20T14:21:34.573+0000] {dag.py:3239} INFO - Sync 1 DAGs
[2024-11-20T14:21:34.602+0000] {logging_mixin.py:190} INFO - [2024-11-20T14:21:34.602+0000] {dag.py:4180} INFO - Setting next_dagrun for example_python_decorator to None, run_after=None
[2024-11-20T14:21:34.633+0000] {processor.py:208} INFO - Processing /home/airflow/.local/lib/python3.12/site-packages/airflow/example_dags/example_python_decorator.py took 0.144 seconds
[2024-11-20T14:22:06.585+0000] {processor.py:186} INFO - Started process (PID=798) to work on /home/airflow/.local/lib/python3.12/site-packages/airflow/example_dags/example_python_decorator.py
[2024-11-20T14:22:06.587+0000] {processor.py:914} INFO - Processing file /home/airflow/.local/lib/python3.12/site-packages/airflow/example_dags/example_python_decorator.py for tasks to queue
[2024-11-20T14:22:06.590+0000] {logging_mixin.py:190} INFO - [2024-11-20T14:22:06.590+0000] {dagbag.py:588} INFO - Filling up the DagBag from /home/airflow/.local/lib/python3.12/site-packages/airflow/example_dags/example_python_decorator.py
[2024-11-20T14:22:06.617+0000] {processor.py:925} INFO - DAG(s) 'example_python_decorator' retrieved from /home/airflow/.local/lib/python3.12/site-packages/airflow/example_dags/example_python_decorator.py
[2024-11-20T14:22:06.655+0000] {logging_mixin.py:190} INFO - [2024-11-20T14:22:06.654+0000] {dag.py:3239} INFO - Sync 1 DAGs
[2024-11-20T14:22:06.677+0000] {logging_mixin.py:190} INFO - [2024-11-20T14:22:06.676+0000] {dag.py:4180} INFO - Setting next_dagrun for example_python_decorator to None, run_after=None
[2024-11-20T14:22:06.707+0000] {processor.py:208} INFO - Processing /home/airflow/.local/lib/python3.12/site-packages/airflow/example_dags/example_python_decorator.py took 0.131 seconds
[2024-11-20T14:22:39.249+0000] {processor.py:186} INFO - Started process (PID=861) to work on /home/airflow/.local/lib/python3.12/site-packages/airflow/example_dags/example_python_decorator.py
[2024-11-20T14:22:39.251+0000] {processor.py:914} INFO - Processing file /home/airflow/.local/lib/python3.12/site-packages/airflow/example_dags/example_python_decorator.py for tasks to queue
[2024-11-20T14:22:39.256+0000] {logging_mixin.py:190} INFO - [2024-11-20T14:22:39.255+0000] {dagbag.py:588} INFO - Filling up the DagBag from /home/airflow/.local/lib/python3.12/site-packages/airflow/example_dags/example_python_decorator.py
[2024-11-20T14:22:39.289+0000] {processor.py:925} INFO - DAG(s) 'example_python_decorator' retrieved from /home/airflow/.local/lib/python3.12/site-packages/airflow/example_dags/example_python_decorator.py
[2024-11-20T14:22:39.322+0000] {logging_mixin.py:190} INFO - [2024-11-20T14:22:39.321+0000] {dag.py:3239} INFO - Sync 1 DAGs
[2024-11-20T14:22:39.346+0000] {logging_mixin.py:190} INFO - [2024-11-20T14:22:39.346+0000] {dag.py:4180} INFO - Setting next_dagrun for example_python_decorator to None, run_after=None
[2024-11-20T14:22:39.381+0000] {processor.py:208} INFO - Processing /home/airflow/.local/lib/python3.12/site-packages/airflow/example_dags/example_python_decorator.py took 0.144 seconds
[2024-11-20T14:23:11.682+0000] {processor.py:186} INFO - Started process (PID=925) to work on /home/airflow/.local/lib/python3.12/site-packages/airflow/example_dags/example_python_decorator.py
[2024-11-20T14:23:11.683+0000] {processor.py:914} INFO - Processing file /home/airflow/.local/lib/python3.12/site-packages/airflow/example_dags/example_python_decorator.py for tasks to queue
[2024-11-20T14:23:11.689+0000] {logging_mixin.py:190} INFO - [2024-11-20T14:23:11.688+0000] {dagbag.py:588} INFO - Filling up the DagBag from /home/airflow/.local/lib/python3.12/site-packages/airflow/example_dags/example_python_decorator.py
[2024-11-20T14:23:11.722+0000] {processor.py:925} INFO - DAG(s) 'example_python_decorator' retrieved from /home/airflow/.local/lib/python3.12/site-packages/airflow/example_dags/example_python_decorator.py
[2024-11-20T14:23:11.785+0000] {logging_mixin.py:190} INFO - [2024-11-20T14:23:11.784+0000] {dag.py:3239} INFO - Sync 1 DAGs
[2024-11-20T14:23:11.819+0000] {logging_mixin.py:190} INFO - [2024-11-20T14:23:11.818+0000] {dag.py:4180} INFO - Setting next_dagrun for example_python_decorator to None, run_after=None
[2024-11-20T14:23:11.873+0000] {processor.py:208} INFO - Processing /home/airflow/.local/lib/python3.12/site-packages/airflow/example_dags/example_python_decorator.py took 0.205 seconds
[2024-11-20T14:23:42.965+0000] {processor.py:186} INFO - Started process (PID=987) to work on /home/airflow/.local/lib/python3.12/site-packages/airflow/example_dags/example_python_decorator.py
[2024-11-20T14:23:42.966+0000] {processor.py:914} INFO - Processing file /home/airflow/.local/lib/python3.12/site-packages/airflow/example_dags/example_python_decorator.py for tasks to queue
[2024-11-20T14:23:42.971+0000] {logging_mixin.py:190} INFO - [2024-11-20T14:23:42.970+0000] {dagbag.py:588} INFO - Filling up the DagBag from /home/airflow/.local/lib/python3.12/site-packages/airflow/example_dags/example_python_decorator.py
[2024-11-20T14:23:43.001+0000] {processor.py:925} INFO - DAG(s) 'example_python_decorator' retrieved from /home/airflow/.local/lib/python3.12/site-packages/airflow/example_dags/example_python_decorator.py
[2024-11-20T14:23:43.040+0000] {logging_mixin.py:190} INFO - [2024-11-20T14:23:43.039+0000] {dag.py:3239} INFO - Sync 1 DAGs
[2024-11-20T14:23:43.073+0000] {logging_mixin.py:190} INFO - [2024-11-20T14:23:43.073+0000] {dag.py:4180} INFO - Setting next_dagrun for example_python_decorator to None, run_after=None
[2024-11-20T14:23:43.106+0000] {processor.py:208} INFO - Processing /home/airflow/.local/lib/python3.12/site-packages/airflow/example_dags/example_python_decorator.py took 0.151 seconds
[2024-11-20T14:24:14.498+0000] {processor.py:186} INFO - Started process (PID=1050) to work on /home/airflow/.local/lib/python3.12/site-packages/airflow/example_dags/example_python_decorator.py
[2024-11-20T14:24:14.499+0000] {processor.py:914} INFO - Processing file /home/airflow/.local/lib/python3.12/site-packages/airflow/example_dags/example_python_decorator.py for tasks to queue
[2024-11-20T14:24:14.503+0000] {logging_mixin.py:190} INFO - [2024-11-20T14:24:14.503+0000] {dagbag.py:588} INFO - Filling up the DagBag from /home/airflow/.local/lib/python3.12/site-packages/airflow/example_dags/example_python_decorator.py
[2024-11-20T14:24:14.531+0000] {processor.py:925} INFO - DAG(s) 'example_python_decorator' retrieved from /home/airflow/.local/lib/python3.12/site-packages/airflow/example_dags/example_python_decorator.py
[2024-11-20T14:24:14.567+0000] {logging_mixin.py:190} INFO - [2024-11-20T14:24:14.567+0000] {dag.py:3239} INFO - Sync 1 DAGs
[2024-11-20T14:24:14.590+0000] {logging_mixin.py:190} INFO - [2024-11-20T14:24:14.590+0000] {dag.py:4180} INFO - Setting next_dagrun for example_python_decorator to None, run_after=None
[2024-11-20T14:24:14.641+0000] {processor.py:208} INFO - Processing /home/airflow/.local/lib/python3.12/site-packages/airflow/example_dags/example_python_decorator.py took 0.159 seconds
[2024-11-20T14:24:47.151+0000] {processor.py:186} INFO - Started process (PID=1123) to work on /home/airflow/.local/lib/python3.12/site-packages/airflow/example_dags/example_python_decorator.py
[2024-11-20T14:24:47.154+0000] {processor.py:914} INFO - Processing file /home/airflow/.local/lib/python3.12/site-packages/airflow/example_dags/example_python_decorator.py for tasks to queue
[2024-11-20T14:24:47.160+0000] {logging_mixin.py:190} INFO - [2024-11-20T14:24:47.159+0000] {dagbag.py:588} INFO - Filling up the DagBag from /home/airflow/.local/lib/python3.12/site-packages/airflow/example_dags/example_python_decorator.py
[2024-11-20T14:24:47.188+0000] {processor.py:925} INFO - DAG(s) 'example_python_decorator' retrieved from /home/airflow/.local/lib/python3.12/site-packages/airflow/example_dags/example_python_decorator.py
[2024-11-20T14:24:47.237+0000] {logging_mixin.py:190} INFO - [2024-11-20T14:24:47.236+0000] {dag.py:3239} INFO - Sync 1 DAGs
[2024-11-20T14:24:47.278+0000] {logging_mixin.py:190} INFO - [2024-11-20T14:24:47.277+0000] {dag.py:4180} INFO - Setting next_dagrun for example_python_decorator to None, run_after=None
[2024-11-20T14:24:47.317+0000] {processor.py:208} INFO - Processing /home/airflow/.local/lib/python3.12/site-packages/airflow/example_dags/example_python_decorator.py took 0.180 seconds
[2024-11-20T14:25:18.949+0000] {processor.py:186} INFO - Started process (PID=1186) to work on /home/airflow/.local/lib/python3.12/site-packages/airflow/example_dags/example_python_decorator.py
[2024-11-20T14:25:18.950+0000] {processor.py:914} INFO - Processing file /home/airflow/.local/lib/python3.12/site-packages/airflow/example_dags/example_python_decorator.py for tasks to queue
[2024-11-20T14:25:18.954+0000] {logging_mixin.py:190} INFO - [2024-11-20T14:25:18.954+0000] {dagbag.py:588} INFO - Filling up the DagBag from /home/airflow/.local/lib/python3.12/site-packages/airflow/example_dags/example_python_decorator.py
[2024-11-20T14:25:18.981+0000] {processor.py:925} INFO - DAG(s) 'example_python_decorator' retrieved from /home/airflow/.local/lib/python3.12/site-packages/airflow/example_dags/example_python_decorator.py
[2024-11-20T14:25:19.015+0000] {logging_mixin.py:190} INFO - [2024-11-20T14:25:19.015+0000] {dag.py:3239} INFO - Sync 1 DAGs
[2024-11-20T14:25:19.037+0000] {logging_mixin.py:190} INFO - [2024-11-20T14:25:19.037+0000] {dag.py:4180} INFO - Setting next_dagrun for example_python_decorator to None, run_after=None
[2024-11-20T14:25:19.067+0000] {processor.py:208} INFO - Processing /home/airflow/.local/lib/python3.12/site-packages/airflow/example_dags/example_python_decorator.py took 0.127 seconds
[2024-11-20T14:25:50.625+0000] {processor.py:186} INFO - Started process (PID=1249) to work on /home/airflow/.local/lib/python3.12/site-packages/airflow/example_dags/example_python_decorator.py
[2024-11-20T14:25:50.627+0000] {processor.py:914} INFO - Processing file /home/airflow/.local/lib/python3.12/site-packages/airflow/example_dags/example_python_decorator.py for tasks to queue
[2024-11-20T14:25:50.631+0000] {logging_mixin.py:190} INFO - [2024-11-20T14:25:50.630+0000] {dagbag.py:588} INFO - Filling up the DagBag from /home/airflow/.local/lib/python3.12/site-packages/airflow/example_dags/example_python_decorator.py
[2024-11-20T14:25:50.652+0000] {processor.py:925} INFO - DAG(s) 'example_python_decorator' retrieved from /home/airflow/.local/lib/python3.12/site-packages/airflow/example_dags/example_python_decorator.py
[2024-11-20T14:25:50.695+0000] {logging_mixin.py:190} INFO - [2024-11-20T14:25:50.694+0000] {dag.py:3239} INFO - Sync 1 DAGs
[2024-11-20T14:25:50.724+0000] {logging_mixin.py:190} INFO - [2024-11-20T14:25:50.724+0000] {dag.py:4180} INFO - Setting next_dagrun for example_python_decorator to None, run_after=None
[2024-11-20T14:25:50.770+0000] {processor.py:208} INFO - Processing /home/airflow/.local/lib/python3.12/site-packages/airflow/example_dags/example_python_decorator.py took 0.154 seconds
[2024-11-20T14:26:22.314+0000] {processor.py:186} INFO - Started process (PID=1312) to work on /home/airflow/.local/lib/python3.12/site-packages/airflow/example_dags/example_python_decorator.py
[2024-11-20T14:26:22.317+0000] {processor.py:914} INFO - Processing file /home/airflow/.local/lib/python3.12/site-packages/airflow/example_dags/example_python_decorator.py for tasks to queue
[2024-11-20T14:26:22.321+0000] {logging_mixin.py:190} INFO - [2024-11-20T14:26:22.320+0000] {dagbag.py:588} INFO - Filling up the DagBag from /home/airflow/.local/lib/python3.12/site-packages/airflow/example_dags/example_python_decorator.py
[2024-11-20T14:26:22.346+0000] {processor.py:925} INFO - DAG(s) 'example_python_decorator' retrieved from /home/airflow/.local/lib/python3.12/site-packages/airflow/example_dags/example_python_decorator.py
[2024-11-20T14:26:22.391+0000] {logging_mixin.py:190} INFO - [2024-11-20T14:26:22.391+0000] {dag.py:3239} INFO - Sync 1 DAGs
[2024-11-20T14:26:22.421+0000] {logging_mixin.py:190} INFO - [2024-11-20T14:26:22.420+0000] {dag.py:4180} INFO - Setting next_dagrun for example_python_decorator to None, run_after=None
[2024-11-20T14:26:22.453+0000] {processor.py:208} INFO - Processing /home/airflow/.local/lib/python3.12/site-packages/airflow/example_dags/example_python_decorator.py took 0.148 seconds
[2024-11-20T14:26:54.396+0000] {processor.py:186} INFO - Started process (PID=1375) to work on /home/airflow/.local/lib/python3.12/site-packages/airflow/example_dags/example_python_decorator.py
[2024-11-20T14:26:54.398+0000] {processor.py:914} INFO - Processing file /home/airflow/.local/lib/python3.12/site-packages/airflow/example_dags/example_python_decorator.py for tasks to queue
[2024-11-20T14:26:54.402+0000] {logging_mixin.py:190} INFO - [2024-11-20T14:26:54.401+0000] {dagbag.py:588} INFO - Filling up the DagBag from /home/airflow/.local/lib/python3.12/site-packages/airflow/example_dags/example_python_decorator.py
[2024-11-20T14:26:54.429+0000] {processor.py:925} INFO - DAG(s) 'example_python_decorator' retrieved from /home/airflow/.local/lib/python3.12/site-packages/airflow/example_dags/example_python_decorator.py
[2024-11-20T14:26:54.463+0000] {logging_mixin.py:190} INFO - [2024-11-20T14:26:54.462+0000] {dag.py:3239} INFO - Sync 1 DAGs
[2024-11-20T14:26:54.487+0000] {logging_mixin.py:190} INFO - [2024-11-20T14:26:54.487+0000] {dag.py:4180} INFO - Setting next_dagrun for example_python_decorator to None, run_after=None
[2024-11-20T14:26:54.525+0000] {processor.py:208} INFO - Processing /home/airflow/.local/lib/python3.12/site-packages/airflow/example_dags/example_python_decorator.py took 0.139 seconds
[2024-11-20T14:28:11.483+0000] {processor.py:186} INFO - Started process (PID=1444) to work on /home/airflow/.local/lib/python3.12/site-packages/airflow/example_dags/example_python_decorator.py
[2024-11-20T14:28:11.500+0000] {processor.py:914} INFO - Processing file /home/airflow/.local/lib/python3.12/site-packages/airflow/example_dags/example_python_decorator.py for tasks to queue
[2024-11-20T14:28:11.505+0000] {logging_mixin.py:190} INFO - [2024-11-20T14:28:11.505+0000] {dagbag.py:588} INFO - Filling up the DagBag from /home/airflow/.local/lib/python3.12/site-packages/airflow/example_dags/example_python_decorator.py
[2024-11-20T14:28:11.552+0000] {processor.py:925} INFO - DAG(s) 'example_python_decorator' retrieved from /home/airflow/.local/lib/python3.12/site-packages/airflow/example_dags/example_python_decorator.py
[2024-11-20T14:28:11.736+0000] {logging_mixin.py:190} INFO - [2024-11-20T14:28:11.736+0000] {dag.py:3239} INFO - Sync 1 DAGs
[2024-11-20T14:28:11.789+0000] {logging_mixin.py:190} INFO - [2024-11-20T14:28:11.788+0000] {dag.py:4180} INFO - Setting next_dagrun for example_python_decorator to None, run_after=None
[2024-11-20T14:28:11.901+0000] {processor.py:208} INFO - Processing /home/airflow/.local/lib/python3.12/site-packages/airflow/example_dags/example_python_decorator.py took 0.435 seconds
[2024-11-20T14:28:42.449+0000] {processor.py:186} INFO - Started process (PID=1507) to work on /home/airflow/.local/lib/python3.12/site-packages/airflow/example_dags/example_python_decorator.py
[2024-11-20T14:28:42.451+0000] {processor.py:914} INFO - Processing file /home/airflow/.local/lib/python3.12/site-packages/airflow/example_dags/example_python_decorator.py for tasks to queue
[2024-11-20T14:28:42.456+0000] {logging_mixin.py:190} INFO - [2024-11-20T14:28:42.456+0000] {dagbag.py:588} INFO - Filling up the DagBag from /home/airflow/.local/lib/python3.12/site-packages/airflow/example_dags/example_python_decorator.py
[2024-11-20T14:28:42.490+0000] {processor.py:925} INFO - DAG(s) 'example_python_decorator' retrieved from /home/airflow/.local/lib/python3.12/site-packages/airflow/example_dags/example_python_decorator.py
[2024-11-20T14:28:42.545+0000] {logging_mixin.py:190} INFO - [2024-11-20T14:28:42.545+0000] {dag.py:3239} INFO - Sync 1 DAGs
[2024-11-20T14:28:42.579+0000] {logging_mixin.py:190} INFO - [2024-11-20T14:28:42.579+0000] {dag.py:4180} INFO - Setting next_dagrun for example_python_decorator to None, run_after=None
[2024-11-20T14:28:42.617+0000] {processor.py:208} INFO - Processing /home/airflow/.local/lib/python3.12/site-packages/airflow/example_dags/example_python_decorator.py took 0.180 seconds
[2024-11-20T14:29:12.841+0000] {processor.py:186} INFO - Started process (PID=1569) to work on /home/airflow/.local/lib/python3.12/site-packages/airflow/example_dags/example_python_decorator.py
[2024-11-20T14:29:12.842+0000] {processor.py:914} INFO - Processing file /home/airflow/.local/lib/python3.12/site-packages/airflow/example_dags/example_python_decorator.py for tasks to queue
[2024-11-20T14:29:12.847+0000] {logging_mixin.py:190} INFO - [2024-11-20T14:29:12.846+0000] {dagbag.py:588} INFO - Filling up the DagBag from /home/airflow/.local/lib/python3.12/site-packages/airflow/example_dags/example_python_decorator.py
[2024-11-20T14:29:12.879+0000] {processor.py:925} INFO - DAG(s) 'example_python_decorator' retrieved from /home/airflow/.local/lib/python3.12/site-packages/airflow/example_dags/example_python_decorator.py
[2024-11-20T14:29:12.929+0000] {logging_mixin.py:190} INFO - [2024-11-20T14:29:12.928+0000] {dag.py:3239} INFO - Sync 1 DAGs
[2024-11-20T14:29:12.964+0000] {logging_mixin.py:190} INFO - [2024-11-20T14:29:12.964+0000] {dag.py:4180} INFO - Setting next_dagrun for example_python_decorator to None, run_after=None
[2024-11-20T14:29:13.002+0000] {processor.py:208} INFO - Processing /home/airflow/.local/lib/python3.12/site-packages/airflow/example_dags/example_python_decorator.py took 0.174 seconds
[2024-11-20T14:29:44.520+0000] {processor.py:186} INFO - Started process (PID=1631) to work on /home/airflow/.local/lib/python3.12/site-packages/airflow/example_dags/example_python_decorator.py
[2024-11-20T14:29:44.521+0000] {processor.py:914} INFO - Processing file /home/airflow/.local/lib/python3.12/site-packages/airflow/example_dags/example_python_decorator.py for tasks to queue
[2024-11-20T14:29:44.525+0000] {logging_mixin.py:190} INFO - [2024-11-20T14:29:44.525+0000] {dagbag.py:588} INFO - Filling up the DagBag from /home/airflow/.local/lib/python3.12/site-packages/airflow/example_dags/example_python_decorator.py
[2024-11-20T14:29:44.546+0000] {processor.py:925} INFO - DAG(s) 'example_python_decorator' retrieved from /home/airflow/.local/lib/python3.12/site-packages/airflow/example_dags/example_python_decorator.py
[2024-11-20T14:29:44.587+0000] {logging_mixin.py:190} INFO - [2024-11-20T14:29:44.587+0000] {dag.py:3239} INFO - Sync 1 DAGs
[2024-11-20T14:29:44.617+0000] {logging_mixin.py:190} INFO - [2024-11-20T14:29:44.617+0000] {dag.py:4180} INFO - Setting next_dagrun for example_python_decorator to None, run_after=None
[2024-11-20T14:29:44.652+0000] {processor.py:208} INFO - Processing /home/airflow/.local/lib/python3.12/site-packages/airflow/example_dags/example_python_decorator.py took 0.141 seconds
[2024-11-20T14:30:17.459+0000] {processor.py:186} INFO - Started process (PID=1694) to work on /home/airflow/.local/lib/python3.12/site-packages/airflow/example_dags/example_python_decorator.py
[2024-11-20T14:30:17.461+0000] {processor.py:914} INFO - Processing file /home/airflow/.local/lib/python3.12/site-packages/airflow/example_dags/example_python_decorator.py for tasks to queue
[2024-11-20T14:30:17.467+0000] {logging_mixin.py:190} INFO - [2024-11-20T14:30:17.466+0000] {dagbag.py:588} INFO - Filling up the DagBag from /home/airflow/.local/lib/python3.12/site-packages/airflow/example_dags/example_python_decorator.py
[2024-11-20T14:30:17.496+0000] {processor.py:925} INFO - DAG(s) 'example_python_decorator' retrieved from /home/airflow/.local/lib/python3.12/site-packages/airflow/example_dags/example_python_decorator.py
[2024-11-20T14:30:17.552+0000] {logging_mixin.py:190} INFO - [2024-11-20T14:30:17.551+0000] {dag.py:3239} INFO - Sync 1 DAGs
[2024-11-20T14:30:17.589+0000] {logging_mixin.py:190} INFO - [2024-11-20T14:30:17.588+0000] {dag.py:4180} INFO - Setting next_dagrun for example_python_decorator to None, run_after=None
[2024-11-20T14:30:17.628+0000] {processor.py:208} INFO - Processing /home/airflow/.local/lib/python3.12/site-packages/airflow/example_dags/example_python_decorator.py took 0.183 seconds
[2024-11-20T14:30:51.468+0000] {processor.py:186} INFO - Started process (PID=1757) to work on /home/airflow/.local/lib/python3.12/site-packages/airflow/example_dags/example_python_decorator.py
[2024-11-20T14:30:51.470+0000] {processor.py:914} INFO - Processing file /home/airflow/.local/lib/python3.12/site-packages/airflow/example_dags/example_python_decorator.py for tasks to queue
[2024-11-20T14:30:51.482+0000] {logging_mixin.py:190} INFO - [2024-11-20T14:30:51.481+0000] {dagbag.py:588} INFO - Filling up the DagBag from /home/airflow/.local/lib/python3.12/site-packages/airflow/example_dags/example_python_decorator.py
[2024-11-20T14:30:51.540+0000] {processor.py:925} INFO - DAG(s) 'example_python_decorator' retrieved from /home/airflow/.local/lib/python3.12/site-packages/airflow/example_dags/example_python_decorator.py
[2024-11-20T14:30:51.672+0000] {logging_mixin.py:190} INFO - [2024-11-20T14:30:51.672+0000] {dag.py:3239} INFO - Sync 1 DAGs
[2024-11-20T14:30:51.736+0000] {logging_mixin.py:190} INFO - [2024-11-20T14:30:51.736+0000] {dag.py:4180} INFO - Setting next_dagrun for example_python_decorator to None, run_after=None
[2024-11-20T14:30:51.817+0000] {processor.py:208} INFO - Processing /home/airflow/.local/lib/python3.12/site-packages/airflow/example_dags/example_python_decorator.py took 0.378 seconds
[2024-11-20T14:31:24.164+0000] {processor.py:186} INFO - Started process (PID=1820) to work on /home/airflow/.local/lib/python3.12/site-packages/airflow/example_dags/example_python_decorator.py
[2024-11-20T14:31:24.169+0000] {processor.py:914} INFO - Processing file /home/airflow/.local/lib/python3.12/site-packages/airflow/example_dags/example_python_decorator.py for tasks to queue
[2024-11-20T14:31:24.174+0000] {logging_mixin.py:190} INFO - [2024-11-20T14:31:24.173+0000] {dagbag.py:588} INFO - Filling up the DagBag from /home/airflow/.local/lib/python3.12/site-packages/airflow/example_dags/example_python_decorator.py
[2024-11-20T14:31:24.241+0000] {processor.py:925} INFO - DAG(s) 'example_python_decorator' retrieved from /home/airflow/.local/lib/python3.12/site-packages/airflow/example_dags/example_python_decorator.py
[2024-11-20T14:31:24.332+0000] {logging_mixin.py:190} INFO - [2024-11-20T14:31:24.331+0000] {dag.py:3239} INFO - Sync 1 DAGs
[2024-11-20T14:31:24.386+0000] {logging_mixin.py:190} INFO - [2024-11-20T14:31:24.385+0000] {dag.py:4180} INFO - Setting next_dagrun for example_python_decorator to None, run_after=None
[2024-11-20T14:31:24.465+0000] {processor.py:208} INFO - Processing /home/airflow/.local/lib/python3.12/site-packages/airflow/example_dags/example_python_decorator.py took 0.324 seconds
[2024-11-20T14:31:55.804+0000] {processor.py:186} INFO - Started process (PID=1882) to work on /home/airflow/.local/lib/python3.12/site-packages/airflow/example_dags/example_python_decorator.py
[2024-11-20T14:31:55.807+0000] {processor.py:914} INFO - Processing file /home/airflow/.local/lib/python3.12/site-packages/airflow/example_dags/example_python_decorator.py for tasks to queue
[2024-11-20T14:31:55.812+0000] {logging_mixin.py:190} INFO - [2024-11-20T14:31:55.811+0000] {dagbag.py:588} INFO - Filling up the DagBag from /home/airflow/.local/lib/python3.12/site-packages/airflow/example_dags/example_python_decorator.py
[2024-11-20T14:31:55.867+0000] {processor.py:925} INFO - DAG(s) 'example_python_decorator' retrieved from /home/airflow/.local/lib/python3.12/site-packages/airflow/example_dags/example_python_decorator.py
[2024-11-20T14:31:55.950+0000] {logging_mixin.py:190} INFO - [2024-11-20T14:31:55.950+0000] {dag.py:3239} INFO - Sync 1 DAGs
[2024-11-20T14:31:56.039+0000] {logging_mixin.py:190} INFO - [2024-11-20T14:31:56.038+0000] {dag.py:4180} INFO - Setting next_dagrun for example_python_decorator to None, run_after=None
[2024-11-20T14:31:56.114+0000] {processor.py:208} INFO - Processing /home/airflow/.local/lib/python3.12/site-packages/airflow/example_dags/example_python_decorator.py took 0.326 seconds
[2024-11-20T14:32:26.731+0000] {processor.py:186} INFO - Started process (PID=1945) to work on /home/airflow/.local/lib/python3.12/site-packages/airflow/example_dags/example_python_decorator.py
[2024-11-20T14:32:26.733+0000] {processor.py:914} INFO - Processing file /home/airflow/.local/lib/python3.12/site-packages/airflow/example_dags/example_python_decorator.py for tasks to queue
[2024-11-20T14:32:26.736+0000] {logging_mixin.py:190} INFO - [2024-11-20T14:32:26.736+0000] {dagbag.py:588} INFO - Filling up the DagBag from /home/airflow/.local/lib/python3.12/site-packages/airflow/example_dags/example_python_decorator.py
[2024-11-20T14:32:26.758+0000] {processor.py:925} INFO - DAG(s) 'example_python_decorator' retrieved from /home/airflow/.local/lib/python3.12/site-packages/airflow/example_dags/example_python_decorator.py
[2024-11-20T14:32:26.790+0000] {logging_mixin.py:190} INFO - [2024-11-20T14:32:26.789+0000] {dag.py:3239} INFO - Sync 1 DAGs
[2024-11-20T14:32:26.811+0000] {logging_mixin.py:190} INFO - [2024-11-20T14:32:26.811+0000] {dag.py:4180} INFO - Setting next_dagrun for example_python_decorator to None, run_after=None
[2024-11-20T14:32:26.842+0000] {processor.py:208} INFO - Processing /home/airflow/.local/lib/python3.12/site-packages/airflow/example_dags/example_python_decorator.py took 0.120 seconds
[2024-11-20T14:32:57.013+0000] {processor.py:186} INFO - Started process (PID=2007) to work on /home/airflow/.local/lib/python3.12/site-packages/airflow/example_dags/example_python_decorator.py
[2024-11-20T14:32:57.014+0000] {processor.py:914} INFO - Processing file /home/airflow/.local/lib/python3.12/site-packages/airflow/example_dags/example_python_decorator.py for tasks to queue
[2024-11-20T14:32:57.018+0000] {logging_mixin.py:190} INFO - [2024-11-20T14:32:57.018+0000] {dagbag.py:588} INFO - Filling up the DagBag from /home/airflow/.local/lib/python3.12/site-packages/airflow/example_dags/example_python_decorator.py
[2024-11-20T14:32:57.047+0000] {processor.py:925} INFO - DAG(s) 'example_python_decorator' retrieved from /home/airflow/.local/lib/python3.12/site-packages/airflow/example_dags/example_python_decorator.py
[2024-11-20T14:32:57.085+0000] {logging_mixin.py:190} INFO - [2024-11-20T14:32:57.085+0000] {dag.py:3239} INFO - Sync 1 DAGs
[2024-11-20T14:32:57.109+0000] {logging_mixin.py:190} INFO - [2024-11-20T14:32:57.109+0000] {dag.py:4180} INFO - Setting next_dagrun for example_python_decorator to None, run_after=None
[2024-11-20T14:32:57.140+0000] {processor.py:208} INFO - Processing /home/airflow/.local/lib/python3.12/site-packages/airflow/example_dags/example_python_decorator.py took 0.138 seconds
[2024-11-20T14:33:27.582+0000] {processor.py:186} INFO - Started process (PID=2070) to work on /home/airflow/.local/lib/python3.12/site-packages/airflow/example_dags/example_python_decorator.py
[2024-11-20T14:33:27.583+0000] {processor.py:914} INFO - Processing file /home/airflow/.local/lib/python3.12/site-packages/airflow/example_dags/example_python_decorator.py for tasks to queue
[2024-11-20T14:33:27.587+0000] {logging_mixin.py:190} INFO - [2024-11-20T14:33:27.586+0000] {dagbag.py:588} INFO - Filling up the DagBag from /home/airflow/.local/lib/python3.12/site-packages/airflow/example_dags/example_python_decorator.py
[2024-11-20T14:33:27.609+0000] {processor.py:925} INFO - DAG(s) 'example_python_decorator' retrieved from /home/airflow/.local/lib/python3.12/site-packages/airflow/example_dags/example_python_decorator.py
[2024-11-20T14:33:27.639+0000] {logging_mixin.py:190} INFO - [2024-11-20T14:33:27.639+0000] {dag.py:3239} INFO - Sync 1 DAGs
[2024-11-20T14:33:27.669+0000] {logging_mixin.py:190} INFO - [2024-11-20T14:33:27.668+0000] {dag.py:4180} INFO - Setting next_dagrun for example_python_decorator to None, run_after=None
[2024-11-20T14:33:27.708+0000] {processor.py:208} INFO - Processing /home/airflow/.local/lib/python3.12/site-packages/airflow/example_dags/example_python_decorator.py took 0.136 seconds
[2024-11-20T14:33:57.892+0000] {processor.py:186} INFO - Started process (PID=2132) to work on /home/airflow/.local/lib/python3.12/site-packages/airflow/example_dags/example_python_decorator.py
[2024-11-20T14:33:57.893+0000] {processor.py:914} INFO - Processing file /home/airflow/.local/lib/python3.12/site-packages/airflow/example_dags/example_python_decorator.py for tasks to queue
[2024-11-20T14:33:57.897+0000] {logging_mixin.py:190} INFO - [2024-11-20T14:33:57.896+0000] {dagbag.py:588} INFO - Filling up the DagBag from /home/airflow/.local/lib/python3.12/site-packages/airflow/example_dags/example_python_decorator.py
[2024-11-20T14:33:57.921+0000] {processor.py:925} INFO - DAG(s) 'example_python_decorator' retrieved from /home/airflow/.local/lib/python3.12/site-packages/airflow/example_dags/example_python_decorator.py
[2024-11-20T14:33:57.975+0000] {logging_mixin.py:190} INFO - [2024-11-20T14:33:57.974+0000] {dag.py:3239} INFO - Sync 1 DAGs
[2024-11-20T14:33:58.003+0000] {logging_mixin.py:190} INFO - [2024-11-20T14:33:58.002+0000] {dag.py:4180} INFO - Setting next_dagrun for example_python_decorator to None, run_after=None
[2024-11-20T14:33:58.049+0000] {processor.py:208} INFO - Processing /home/airflow/.local/lib/python3.12/site-packages/airflow/example_dags/example_python_decorator.py took 0.174 seconds
[2024-11-20T14:34:28.381+0000] {processor.py:186} INFO - Started process (PID=2195) to work on /home/airflow/.local/lib/python3.12/site-packages/airflow/example_dags/example_python_decorator.py
[2024-11-20T14:34:28.383+0000] {processor.py:914} INFO - Processing file /home/airflow/.local/lib/python3.12/site-packages/airflow/example_dags/example_python_decorator.py for tasks to queue
[2024-11-20T14:34:28.389+0000] {logging_mixin.py:190} INFO - [2024-11-20T14:34:28.388+0000] {dagbag.py:588} INFO - Filling up the DagBag from /home/airflow/.local/lib/python3.12/site-packages/airflow/example_dags/example_python_decorator.py
[2024-11-20T14:34:28.421+0000] {processor.py:925} INFO - DAG(s) 'example_python_decorator' retrieved from /home/airflow/.local/lib/python3.12/site-packages/airflow/example_dags/example_python_decorator.py
[2024-11-20T14:34:28.472+0000] {logging_mixin.py:190} INFO - [2024-11-20T14:34:28.472+0000] {dag.py:3239} INFO - Sync 1 DAGs
[2024-11-20T14:34:28.507+0000] {logging_mixin.py:190} INFO - [2024-11-20T14:34:28.507+0000] {dag.py:4180} INFO - Setting next_dagrun for example_python_decorator to None, run_after=None
[2024-11-20T14:34:28.547+0000] {processor.py:208} INFO - Processing /home/airflow/.local/lib/python3.12/site-packages/airflow/example_dags/example_python_decorator.py took 0.181 seconds
[2024-11-20T14:34:58.626+0000] {processor.py:186} INFO - Started process (PID=2257) to work on /home/airflow/.local/lib/python3.12/site-packages/airflow/example_dags/example_python_decorator.py
[2024-11-20T14:34:58.628+0000] {processor.py:914} INFO - Processing file /home/airflow/.local/lib/python3.12/site-packages/airflow/example_dags/example_python_decorator.py for tasks to queue
[2024-11-20T14:34:58.633+0000] {logging_mixin.py:190} INFO - [2024-11-20T14:34:58.633+0000] {dagbag.py:588} INFO - Filling up the DagBag from /home/airflow/.local/lib/python3.12/site-packages/airflow/example_dags/example_python_decorator.py
[2024-11-20T14:34:58.661+0000] {processor.py:925} INFO - DAG(s) 'example_python_decorator' retrieved from /home/airflow/.local/lib/python3.12/site-packages/airflow/example_dags/example_python_decorator.py
[2024-11-20T14:34:58.703+0000] {logging_mixin.py:190} INFO - [2024-11-20T14:34:58.703+0000] {dag.py:3239} INFO - Sync 1 DAGs
[2024-11-20T14:34:58.733+0000] {logging_mixin.py:190} INFO - [2024-11-20T14:34:58.733+0000] {dag.py:4180} INFO - Setting next_dagrun for example_python_decorator to None, run_after=None
[2024-11-20T14:34:58.767+0000] {processor.py:208} INFO - Processing /home/airflow/.local/lib/python3.12/site-packages/airflow/example_dags/example_python_decorator.py took 0.151 seconds
[2024-11-20T14:35:29.353+0000] {processor.py:186} INFO - Started process (PID=2320) to work on /home/airflow/.local/lib/python3.12/site-packages/airflow/example_dags/example_python_decorator.py
[2024-11-20T14:35:29.355+0000] {processor.py:914} INFO - Processing file /home/airflow/.local/lib/python3.12/site-packages/airflow/example_dags/example_python_decorator.py for tasks to queue
[2024-11-20T14:35:29.368+0000] {logging_mixin.py:190} INFO - [2024-11-20T14:35:29.366+0000] {dagbag.py:588} INFO - Filling up the DagBag from /home/airflow/.local/lib/python3.12/site-packages/airflow/example_dags/example_python_decorator.py
[2024-11-20T14:35:29.419+0000] {processor.py:925} INFO - DAG(s) 'example_python_decorator' retrieved from /home/airflow/.local/lib/python3.12/site-packages/airflow/example_dags/example_python_decorator.py
[2024-11-20T14:35:29.457+0000] {logging_mixin.py:190} INFO - [2024-11-20T14:35:29.456+0000] {dag.py:3239} INFO - Sync 1 DAGs
[2024-11-20T14:35:29.483+0000] {logging_mixin.py:190} INFO - [2024-11-20T14:35:29.481+0000] {dag.py:4180} INFO - Setting next_dagrun for example_python_decorator to None, run_after=None
[2024-11-20T14:35:29.522+0000] {processor.py:208} INFO - Processing /home/airflow/.local/lib/python3.12/site-packages/airflow/example_dags/example_python_decorator.py took 0.183 seconds
[2024-11-20T14:36:00.283+0000] {processor.py:186} INFO - Started process (PID=2383) to work on /home/airflow/.local/lib/python3.12/site-packages/airflow/example_dags/example_python_decorator.py
[2024-11-20T14:36:00.284+0000] {processor.py:914} INFO - Processing file /home/airflow/.local/lib/python3.12/site-packages/airflow/example_dags/example_python_decorator.py for tasks to queue
[2024-11-20T14:36:00.289+0000] {logging_mixin.py:190} INFO - [2024-11-20T14:36:00.288+0000] {dagbag.py:588} INFO - Filling up the DagBag from /home/airflow/.local/lib/python3.12/site-packages/airflow/example_dags/example_python_decorator.py
[2024-11-20T14:36:00.319+0000] {processor.py:925} INFO - DAG(s) 'example_python_decorator' retrieved from /home/airflow/.local/lib/python3.12/site-packages/airflow/example_dags/example_python_decorator.py
[2024-11-20T14:36:00.364+0000] {logging_mixin.py:190} INFO - [2024-11-20T14:36:00.363+0000] {dag.py:3239} INFO - Sync 1 DAGs
[2024-11-20T14:36:00.400+0000] {logging_mixin.py:190} INFO - [2024-11-20T14:36:00.400+0000] {dag.py:4180} INFO - Setting next_dagrun for example_python_decorator to None, run_after=None
[2024-11-20T14:36:00.439+0000] {processor.py:208} INFO - Processing /home/airflow/.local/lib/python3.12/site-packages/airflow/example_dags/example_python_decorator.py took 0.172 seconds
[2024-11-20T14:36:30.641+0000] {processor.py:186} INFO - Started process (PID=2446) to work on /home/airflow/.local/lib/python3.12/site-packages/airflow/example_dags/example_python_decorator.py
[2024-11-20T14:36:30.642+0000] {processor.py:914} INFO - Processing file /home/airflow/.local/lib/python3.12/site-packages/airflow/example_dags/example_python_decorator.py for tasks to queue
[2024-11-20T14:36:30.645+0000] {logging_mixin.py:190} INFO - [2024-11-20T14:36:30.645+0000] {dagbag.py:588} INFO - Filling up the DagBag from /home/airflow/.local/lib/python3.12/site-packages/airflow/example_dags/example_python_decorator.py
[2024-11-20T14:36:30.675+0000] {processor.py:925} INFO - DAG(s) 'example_python_decorator' retrieved from /home/airflow/.local/lib/python3.12/site-packages/airflow/example_dags/example_python_decorator.py
[2024-11-20T14:36:30.714+0000] {logging_mixin.py:190} INFO - [2024-11-20T14:36:30.714+0000] {dag.py:3239} INFO - Sync 1 DAGs
[2024-11-20T14:36:30.748+0000] {logging_mixin.py:190} INFO - [2024-11-20T14:36:30.747+0000] {dag.py:4180} INFO - Setting next_dagrun for example_python_decorator to None, run_after=None
[2024-11-20T14:36:30.786+0000] {processor.py:208} INFO - Processing /home/airflow/.local/lib/python3.12/site-packages/airflow/example_dags/example_python_decorator.py took 0.158 seconds
[2024-11-20T14:37:01.342+0000] {processor.py:186} INFO - Started process (PID=2509) to work on /home/airflow/.local/lib/python3.12/site-packages/airflow/example_dags/example_python_decorator.py
[2024-11-20T14:37:01.344+0000] {processor.py:914} INFO - Processing file /home/airflow/.local/lib/python3.12/site-packages/airflow/example_dags/example_python_decorator.py for tasks to queue
[2024-11-20T14:37:01.349+0000] {logging_mixin.py:190} INFO - [2024-11-20T14:37:01.348+0000] {dagbag.py:588} INFO - Filling up the DagBag from /home/airflow/.local/lib/python3.12/site-packages/airflow/example_dags/example_python_decorator.py
[2024-11-20T14:37:01.386+0000] {processor.py:925} INFO - DAG(s) 'example_python_decorator' retrieved from /home/airflow/.local/lib/python3.12/site-packages/airflow/example_dags/example_python_decorator.py
[2024-11-20T14:37:01.457+0000] {logging_mixin.py:190} INFO - [2024-11-20T14:37:01.456+0000] {dag.py:3239} INFO - Sync 1 DAGs
[2024-11-20T14:37:01.505+0000] {logging_mixin.py:190} INFO - [2024-11-20T14:37:01.502+0000] {dag.py:4180} INFO - Setting next_dagrun for example_python_decorator to None, run_after=None
[2024-11-20T14:37:01.557+0000] {processor.py:208} INFO - Processing /home/airflow/.local/lib/python3.12/site-packages/airflow/example_dags/example_python_decorator.py took 0.236 seconds
[2024-11-20T14:37:31.829+0000] {processor.py:186} INFO - Started process (PID=2571) to work on /home/airflow/.local/lib/python3.12/site-packages/airflow/example_dags/example_python_decorator.py
[2024-11-20T14:37:31.830+0000] {processor.py:914} INFO - Processing file /home/airflow/.local/lib/python3.12/site-packages/airflow/example_dags/example_python_decorator.py for tasks to queue
[2024-11-20T14:37:31.854+0000] {logging_mixin.py:190} INFO - [2024-11-20T14:37:31.850+0000] {dagbag.py:588} INFO - Filling up the DagBag from /home/airflow/.local/lib/python3.12/site-packages/airflow/example_dags/example_python_decorator.py
[2024-11-20T14:37:31.935+0000] {processor.py:925} INFO - DAG(s) 'example_python_decorator' retrieved from /home/airflow/.local/lib/python3.12/site-packages/airflow/example_dags/example_python_decorator.py
[2024-11-20T14:37:32.002+0000] {logging_mixin.py:190} INFO - [2024-11-20T14:37:32.002+0000] {dag.py:3239} INFO - Sync 1 DAGs
[2024-11-20T14:37:32.042+0000] {logging_mixin.py:190} INFO - [2024-11-20T14:37:32.041+0000] {dag.py:4180} INFO - Setting next_dagrun for example_python_decorator to None, run_after=None
[2024-11-20T14:37:32.090+0000] {processor.py:208} INFO - Processing /home/airflow/.local/lib/python3.12/site-packages/airflow/example_dags/example_python_decorator.py took 0.293 seconds
[2024-11-20T14:38:02.311+0000] {processor.py:186} INFO - Started process (PID=2633) to work on /home/airflow/.local/lib/python3.12/site-packages/airflow/example_dags/example_python_decorator.py
[2024-11-20T14:38:02.312+0000] {processor.py:914} INFO - Processing file /home/airflow/.local/lib/python3.12/site-packages/airflow/example_dags/example_python_decorator.py for tasks to queue
[2024-11-20T14:38:02.317+0000] {logging_mixin.py:190} INFO - [2024-11-20T14:38:02.316+0000] {dagbag.py:588} INFO - Filling up the DagBag from /home/airflow/.local/lib/python3.12/site-packages/airflow/example_dags/example_python_decorator.py
[2024-11-20T14:38:02.348+0000] {processor.py:925} INFO - DAG(s) 'example_python_decorator' retrieved from /home/airflow/.local/lib/python3.12/site-packages/airflow/example_dags/example_python_decorator.py
[2024-11-20T14:38:02.389+0000] {logging_mixin.py:190} INFO - [2024-11-20T14:38:02.389+0000] {dag.py:3239} INFO - Sync 1 DAGs
[2024-11-20T14:38:02.419+0000] {logging_mixin.py:190} INFO - [2024-11-20T14:38:02.419+0000] {dag.py:4180} INFO - Setting next_dagrun for example_python_decorator to None, run_after=None
[2024-11-20T14:38:02.458+0000] {processor.py:208} INFO - Processing /home/airflow/.local/lib/python3.12/site-packages/airflow/example_dags/example_python_decorator.py took 0.160 seconds
