[2024-11-20T14:16:25.569+0000] {processor.py:186} INFO - Started process (PID=124) to work on /home/airflow/.local/lib/python3.12/site-packages/airflow/example_dags/example_xcom.py
[2024-11-20T14:16:25.571+0000] {processor.py:914} INFO - Processing file /home/airflow/.local/lib/python3.12/site-packages/airflow/example_dags/example_xcom.py for tasks to queue
[2024-11-20T14:16:25.581+0000] {logging_mixin.py:190} INFO - [2024-11-20T14:16:25.580+0000] {dagbag.py:588} INFO - Filling up the DagBag from /home/airflow/.local/lib/python3.12/site-packages/airflow/example_dags/example_xcom.py
[2024-11-20T14:16:25.617+0000] {processor.py:925} INFO - DAG(s) 'example_xcom' retrieved from /home/airflow/.local/lib/python3.12/site-packages/airflow/example_dags/example_xcom.py
[2024-11-20T14:16:25.981+0000] {logging_mixin.py:190} INFO - [2024-11-20T14:16:25.980+0000] {override.py:1911} INFO - Created Permission View: can delete on DAG:example_xcom
[2024-11-20T14:16:26.038+0000] {logging_mixin.py:190} INFO - [2024-11-20T14:16:26.037+0000] {override.py:1911} INFO - Created Permission View: can read on DAG:example_xcom
[2024-11-20T14:16:26.073+0000] {logging_mixin.py:190} INFO - [2024-11-20T14:16:26.072+0000] {override.py:1911} INFO - Created Permission View: can edit on DAG:example_xcom
[2024-11-20T14:16:26.115+0000] {logging_mixin.py:190} INFO - [2024-11-20T14:16:26.114+0000] {override.py:1911} INFO - Created Permission View: can delete on DAG Run:example_xcom
[2024-11-20T14:16:26.129+0000] {logging_mixin.py:190} INFO - [2024-11-20T14:16:26.128+0000] {override.py:1911} INFO - Created Permission View: menu access on DAG Run:example_xcom
[2024-11-20T14:16:26.157+0000] {logging_mixin.py:190} INFO - [2024-11-20T14:16:26.156+0000] {override.py:1911} INFO - Created Permission View: can read on DAG Run:example_xcom
[2024-11-20T14:16:26.191+0000] {logging_mixin.py:190} INFO - [2024-11-20T14:16:26.190+0000] {override.py:1911} INFO - Created Permission View: can create on DAG Run:example_xcom
[2024-11-20T14:16:26.191+0000] {logging_mixin.py:190} INFO - [2024-11-20T14:16:26.191+0000] {dag.py:3239} INFO - Sync 1 DAGs
[2024-11-20T14:16:26.231+0000] {logging_mixin.py:190} INFO - [2024-11-20T14:16:26.231+0000] {dag.py:3262} INFO - Creating ORM DAG for example_xcom
[2024-11-20T14:16:26.251+0000] {logging_mixin.py:190} INFO - [2024-11-20T14:16:26.251+0000] {dag.py:4180} INFO - Setting next_dagrun for example_xcom to 2021-01-01 00:00:00+00:00, run_after=2021-01-01 00:00:00+00:00
[2024-11-20T14:16:26.310+0000] {processor.py:208} INFO - Processing /home/airflow/.local/lib/python3.12/site-packages/airflow/example_dags/example_xcom.py took 0.756 seconds
[2024-11-20T14:16:57.028+0000] {processor.py:186} INFO - Started process (PID=187) to work on /home/airflow/.local/lib/python3.12/site-packages/airflow/example_dags/example_xcom.py
[2024-11-20T14:16:57.030+0000] {processor.py:914} INFO - Processing file /home/airflow/.local/lib/python3.12/site-packages/airflow/example_dags/example_xcom.py for tasks to queue
[2024-11-20T14:16:57.035+0000] {logging_mixin.py:190} INFO - [2024-11-20T14:16:57.034+0000] {dagbag.py:588} INFO - Filling up the DagBag from /home/airflow/.local/lib/python3.12/site-packages/airflow/example_dags/example_xcom.py
[2024-11-20T14:16:57.060+0000] {processor.py:925} INFO - DAG(s) 'example_xcom' retrieved from /home/airflow/.local/lib/python3.12/site-packages/airflow/example_dags/example_xcom.py
[2024-11-20T14:16:57.102+0000] {logging_mixin.py:190} INFO - [2024-11-20T14:16:57.102+0000] {dag.py:3239} INFO - Sync 1 DAGs
[2024-11-20T14:16:57.139+0000] {logging_mixin.py:190} INFO - [2024-11-20T14:16:57.138+0000] {dag.py:4180} INFO - Setting next_dagrun for example_xcom to 2021-01-01 00:00:00+00:00, run_after=2021-01-01 00:00:00+00:00
[2024-11-20T14:16:57.170+0000] {processor.py:208} INFO - Processing /home/airflow/.local/lib/python3.12/site-packages/airflow/example_dags/example_xcom.py took 0.161 seconds
[2024-11-20T14:17:27.521+0000] {processor.py:186} INFO - Started process (PID=250) to work on /home/airflow/.local/lib/python3.12/site-packages/airflow/example_dags/example_xcom.py
[2024-11-20T14:17:27.523+0000] {processor.py:914} INFO - Processing file /home/airflow/.local/lib/python3.12/site-packages/airflow/example_dags/example_xcom.py for tasks to queue
[2024-11-20T14:17:27.527+0000] {logging_mixin.py:190} INFO - [2024-11-20T14:17:27.526+0000] {dagbag.py:588} INFO - Filling up the DagBag from /home/airflow/.local/lib/python3.12/site-packages/airflow/example_dags/example_xcom.py
[2024-11-20T14:17:27.541+0000] {processor.py:925} INFO - DAG(s) 'example_xcom' retrieved from /home/airflow/.local/lib/python3.12/site-packages/airflow/example_dags/example_xcom.py
[2024-11-20T14:17:27.577+0000] {logging_mixin.py:190} INFO - [2024-11-20T14:17:27.577+0000] {dag.py:3239} INFO - Sync 1 DAGs
[2024-11-20T14:17:27.612+0000] {logging_mixin.py:190} INFO - [2024-11-20T14:17:27.611+0000] {dag.py:4180} INFO - Setting next_dagrun for example_xcom to 2021-01-01 00:00:00+00:00, run_after=2021-01-01 00:00:00+00:00
[2024-11-20T14:17:27.638+0000] {processor.py:208} INFO - Processing /home/airflow/.local/lib/python3.12/site-packages/airflow/example_dags/example_xcom.py took 0.129 seconds
[2024-11-20T14:17:58.158+0000] {processor.py:186} INFO - Started process (PID=313) to work on /home/airflow/.local/lib/python3.12/site-packages/airflow/example_dags/example_xcom.py
[2024-11-20T14:17:58.160+0000] {processor.py:914} INFO - Processing file /home/airflow/.local/lib/python3.12/site-packages/airflow/example_dags/example_xcom.py for tasks to queue
[2024-11-20T14:17:58.166+0000] {logging_mixin.py:190} INFO - [2024-11-20T14:17:58.165+0000] {dagbag.py:588} INFO - Filling up the DagBag from /home/airflow/.local/lib/python3.12/site-packages/airflow/example_dags/example_xcom.py
[2024-11-20T14:17:58.190+0000] {processor.py:925} INFO - DAG(s) 'example_xcom' retrieved from /home/airflow/.local/lib/python3.12/site-packages/airflow/example_dags/example_xcom.py
[2024-11-20T14:17:58.221+0000] {logging_mixin.py:190} INFO - [2024-11-20T14:17:58.221+0000] {dag.py:3239} INFO - Sync 1 DAGs
[2024-11-20T14:17:58.267+0000] {logging_mixin.py:190} INFO - [2024-11-20T14:17:58.267+0000] {dag.py:4180} INFO - Setting next_dagrun for example_xcom to 2021-01-01 00:00:00+00:00, run_after=2021-01-01 00:00:00+00:00
[2024-11-20T14:17:58.292+0000] {processor.py:208} INFO - Processing /home/airflow/.local/lib/python3.12/site-packages/airflow/example_dags/example_xcom.py took 0.146 seconds
[2024-11-20T14:18:29.177+0000] {processor.py:186} INFO - Started process (PID=376) to work on /home/airflow/.local/lib/python3.12/site-packages/airflow/example_dags/example_xcom.py
[2024-11-20T14:18:29.178+0000] {processor.py:914} INFO - Processing file /home/airflow/.local/lib/python3.12/site-packages/airflow/example_dags/example_xcom.py for tasks to queue
[2024-11-20T14:18:29.184+0000] {logging_mixin.py:190} INFO - [2024-11-20T14:18:29.183+0000] {dagbag.py:588} INFO - Filling up the DagBag from /home/airflow/.local/lib/python3.12/site-packages/airflow/example_dags/example_xcom.py
[2024-11-20T14:18:29.200+0000] {processor.py:925} INFO - DAG(s) 'example_xcom' retrieved from /home/airflow/.local/lib/python3.12/site-packages/airflow/example_dags/example_xcom.py
[2024-11-20T14:18:29.236+0000] {logging_mixin.py:190} INFO - [2024-11-20T14:18:29.236+0000] {dag.py:3239} INFO - Sync 1 DAGs
[2024-11-20T14:18:29.280+0000] {logging_mixin.py:190} INFO - [2024-11-20T14:18:29.279+0000] {dag.py:4180} INFO - Setting next_dagrun for example_xcom to 2021-01-01 00:00:00+00:00, run_after=2021-01-01 00:00:00+00:00
[2024-11-20T14:18:29.311+0000] {processor.py:208} INFO - Processing /home/airflow/.local/lib/python3.12/site-packages/airflow/example_dags/example_xcom.py took 0.149 seconds
[2024-11-20T14:18:59.553+0000] {processor.py:186} INFO - Started process (PID=439) to work on /home/airflow/.local/lib/python3.12/site-packages/airflow/example_dags/example_xcom.py
[2024-11-20T14:18:59.555+0000] {processor.py:914} INFO - Processing file /home/airflow/.local/lib/python3.12/site-packages/airflow/example_dags/example_xcom.py for tasks to queue
[2024-11-20T14:18:59.560+0000] {logging_mixin.py:190} INFO - [2024-11-20T14:18:59.560+0000] {dagbag.py:588} INFO - Filling up the DagBag from /home/airflow/.local/lib/python3.12/site-packages/airflow/example_dags/example_xcom.py
[2024-11-20T14:18:59.579+0000] {processor.py:925} INFO - DAG(s) 'example_xcom' retrieved from /home/airflow/.local/lib/python3.12/site-packages/airflow/example_dags/example_xcom.py
[2024-11-20T14:18:59.621+0000] {logging_mixin.py:190} INFO - [2024-11-20T14:18:59.621+0000] {dag.py:3239} INFO - Sync 1 DAGs
[2024-11-20T14:18:59.672+0000] {logging_mixin.py:190} INFO - [2024-11-20T14:18:59.672+0000] {dag.py:4180} INFO - Setting next_dagrun for example_xcom to 2021-01-01 00:00:00+00:00, run_after=2021-01-01 00:00:00+00:00
[2024-11-20T14:18:59.710+0000] {processor.py:208} INFO - Processing /home/airflow/.local/lib/python3.12/site-packages/airflow/example_dags/example_xcom.py took 0.169 seconds
[2024-11-20T14:19:31.571+0000] {processor.py:186} INFO - Started process (PID=501) to work on /home/airflow/.local/lib/python3.12/site-packages/airflow/example_dags/example_xcom.py
[2024-11-20T14:19:31.573+0000] {processor.py:914} INFO - Processing file /home/airflow/.local/lib/python3.12/site-packages/airflow/example_dags/example_xcom.py for tasks to queue
[2024-11-20T14:19:31.577+0000] {logging_mixin.py:190} INFO - [2024-11-20T14:19:31.577+0000] {dagbag.py:588} INFO - Filling up the DagBag from /home/airflow/.local/lib/python3.12/site-packages/airflow/example_dags/example_xcom.py
[2024-11-20T14:19:31.597+0000] {processor.py:925} INFO - DAG(s) 'example_xcom' retrieved from /home/airflow/.local/lib/python3.12/site-packages/airflow/example_dags/example_xcom.py
[2024-11-20T14:19:31.643+0000] {logging_mixin.py:190} INFO - [2024-11-20T14:19:31.642+0000] {dag.py:3239} INFO - Sync 1 DAGs
[2024-11-20T14:19:31.695+0000] {logging_mixin.py:190} INFO - [2024-11-20T14:19:31.694+0000] {dag.py:4180} INFO - Setting next_dagrun for example_xcom to 2021-01-01 00:00:00+00:00, run_after=2021-01-01 00:00:00+00:00
[2024-11-20T14:19:31.731+0000] {processor.py:208} INFO - Processing /home/airflow/.local/lib/python3.12/site-packages/airflow/example_dags/example_xcom.py took 0.172 seconds
[2024-11-20T14:20:03.570+0000] {processor.py:186} INFO - Started process (PID=564) to work on /home/airflow/.local/lib/python3.12/site-packages/airflow/example_dags/example_xcom.py
[2024-11-20T14:20:03.571+0000] {processor.py:914} INFO - Processing file /home/airflow/.local/lib/python3.12/site-packages/airflow/example_dags/example_xcom.py for tasks to queue
[2024-11-20T14:20:03.575+0000] {logging_mixin.py:190} INFO - [2024-11-20T14:20:03.574+0000] {dagbag.py:588} INFO - Filling up the DagBag from /home/airflow/.local/lib/python3.12/site-packages/airflow/example_dags/example_xcom.py
[2024-11-20T14:20:03.590+0000] {processor.py:925} INFO - DAG(s) 'example_xcom' retrieved from /home/airflow/.local/lib/python3.12/site-packages/airflow/example_dags/example_xcom.py
[2024-11-20T14:20:03.632+0000] {logging_mixin.py:190} INFO - [2024-11-20T14:20:03.631+0000] {dag.py:3239} INFO - Sync 1 DAGs
[2024-11-20T14:20:03.686+0000] {logging_mixin.py:190} INFO - [2024-11-20T14:20:03.685+0000] {dag.py:4180} INFO - Setting next_dagrun for example_xcom to 2021-01-01 00:00:00+00:00, run_after=2021-01-01 00:00:00+00:00
[2024-11-20T14:20:03.727+0000] {processor.py:208} INFO - Processing /home/airflow/.local/lib/python3.12/site-packages/airflow/example_dags/example_xcom.py took 0.169 seconds
[2024-11-20T14:20:34.878+0000] {processor.py:186} INFO - Started process (PID=627) to work on /home/airflow/.local/lib/python3.12/site-packages/airflow/example_dags/example_xcom.py
[2024-11-20T14:20:34.881+0000] {processor.py:914} INFO - Processing file /home/airflow/.local/lib/python3.12/site-packages/airflow/example_dags/example_xcom.py for tasks to queue
[2024-11-20T14:20:34.886+0000] {logging_mixin.py:190} INFO - [2024-11-20T14:20:34.885+0000] {dagbag.py:588} INFO - Filling up the DagBag from /home/airflow/.local/lib/python3.12/site-packages/airflow/example_dags/example_xcom.py
[2024-11-20T14:20:34.910+0000] {processor.py:925} INFO - DAG(s) 'example_xcom' retrieved from /home/airflow/.local/lib/python3.12/site-packages/airflow/example_dags/example_xcom.py
[2024-11-20T14:20:34.964+0000] {logging_mixin.py:190} INFO - [2024-11-20T14:20:34.963+0000] {dag.py:3239} INFO - Sync 1 DAGs
[2024-11-20T14:20:35.022+0000] {logging_mixin.py:190} INFO - [2024-11-20T14:20:35.021+0000] {dag.py:4180} INFO - Setting next_dagrun for example_xcom to 2021-01-01 00:00:00+00:00, run_after=2021-01-01 00:00:00+00:00
[2024-11-20T14:20:35.066+0000] {processor.py:208} INFO - Processing /home/airflow/.local/lib/python3.12/site-packages/airflow/example_dags/example_xcom.py took 0.200 seconds
[2024-11-20T14:21:05.529+0000] {processor.py:186} INFO - Started process (PID=690) to work on /home/airflow/.local/lib/python3.12/site-packages/airflow/example_dags/example_xcom.py
[2024-11-20T14:21:05.531+0000] {processor.py:914} INFO - Processing file /home/airflow/.local/lib/python3.12/site-packages/airflow/example_dags/example_xcom.py for tasks to queue
[2024-11-20T14:21:05.539+0000] {logging_mixin.py:190} INFO - [2024-11-20T14:21:05.538+0000] {dagbag.py:588} INFO - Filling up the DagBag from /home/airflow/.local/lib/python3.12/site-packages/airflow/example_dags/example_xcom.py
[2024-11-20T14:21:05.559+0000] {processor.py:925} INFO - DAG(s) 'example_xcom' retrieved from /home/airflow/.local/lib/python3.12/site-packages/airflow/example_dags/example_xcom.py
[2024-11-20T14:21:05.598+0000] {logging_mixin.py:190} INFO - [2024-11-20T14:21:05.598+0000] {dag.py:3239} INFO - Sync 1 DAGs
[2024-11-20T14:21:05.650+0000] {logging_mixin.py:190} INFO - [2024-11-20T14:21:05.649+0000] {dag.py:4180} INFO - Setting next_dagrun for example_xcom to 2021-01-01 00:00:00+00:00, run_after=2021-01-01 00:00:00+00:00
[2024-11-20T14:21:05.686+0000] {processor.py:208} INFO - Processing /home/airflow/.local/lib/python3.12/site-packages/airflow/example_dags/example_xcom.py took 0.170 seconds
[2024-11-20T14:21:36.357+0000] {processor.py:186} INFO - Started process (PID=752) to work on /home/airflow/.local/lib/python3.12/site-packages/airflow/example_dags/example_xcom.py
[2024-11-20T14:21:36.358+0000] {processor.py:914} INFO - Processing file /home/airflow/.local/lib/python3.12/site-packages/airflow/example_dags/example_xcom.py for tasks to queue
[2024-11-20T14:21:36.363+0000] {logging_mixin.py:190} INFO - [2024-11-20T14:21:36.363+0000] {dagbag.py:588} INFO - Filling up the DagBag from /home/airflow/.local/lib/python3.12/site-packages/airflow/example_dags/example_xcom.py
[2024-11-20T14:21:36.381+0000] {processor.py:925} INFO - DAG(s) 'example_xcom' retrieved from /home/airflow/.local/lib/python3.12/site-packages/airflow/example_dags/example_xcom.py
[2024-11-20T14:21:36.412+0000] {logging_mixin.py:190} INFO - [2024-11-20T14:21:36.411+0000] {dag.py:3239} INFO - Sync 1 DAGs
[2024-11-20T14:21:36.456+0000] {logging_mixin.py:190} INFO - [2024-11-20T14:21:36.456+0000] {dag.py:4180} INFO - Setting next_dagrun for example_xcom to 2021-01-01 00:00:00+00:00, run_after=2021-01-01 00:00:00+00:00
[2024-11-20T14:21:36.492+0000] {processor.py:208} INFO - Processing /home/airflow/.local/lib/python3.12/site-packages/airflow/example_dags/example_xcom.py took 0.144 seconds
[2024-11-20T14:22:08.408+0000] {processor.py:186} INFO - Started process (PID=816) to work on /home/airflow/.local/lib/python3.12/site-packages/airflow/example_dags/example_xcom.py
[2024-11-20T14:22:08.410+0000] {processor.py:914} INFO - Processing file /home/airflow/.local/lib/python3.12/site-packages/airflow/example_dags/example_xcom.py for tasks to queue
[2024-11-20T14:22:08.413+0000] {logging_mixin.py:190} INFO - [2024-11-20T14:22:08.413+0000] {dagbag.py:588} INFO - Filling up the DagBag from /home/airflow/.local/lib/python3.12/site-packages/airflow/example_dags/example_xcom.py
[2024-11-20T14:22:08.427+0000] {processor.py:925} INFO - DAG(s) 'example_xcom' retrieved from /home/airflow/.local/lib/python3.12/site-packages/airflow/example_dags/example_xcom.py
[2024-11-20T14:22:08.456+0000] {logging_mixin.py:190} INFO - [2024-11-20T14:22:08.456+0000] {dag.py:3239} INFO - Sync 1 DAGs
[2024-11-20T14:22:08.498+0000] {logging_mixin.py:190} INFO - [2024-11-20T14:22:08.498+0000] {dag.py:4180} INFO - Setting next_dagrun for example_xcom to 2021-01-01 00:00:00+00:00, run_after=2021-01-01 00:00:00+00:00
[2024-11-20T14:22:08.526+0000] {processor.py:208} INFO - Processing /home/airflow/.local/lib/python3.12/site-packages/airflow/example_dags/example_xcom.py took 0.131 seconds
[2024-11-20T14:22:41.196+0000] {processor.py:186} INFO - Started process (PID=878) to work on /home/airflow/.local/lib/python3.12/site-packages/airflow/example_dags/example_xcom.py
[2024-11-20T14:22:41.198+0000] {processor.py:914} INFO - Processing file /home/airflow/.local/lib/python3.12/site-packages/airflow/example_dags/example_xcom.py for tasks to queue
[2024-11-20T14:22:41.204+0000] {logging_mixin.py:190} INFO - [2024-11-20T14:22:41.203+0000] {dagbag.py:588} INFO - Filling up the DagBag from /home/airflow/.local/lib/python3.12/site-packages/airflow/example_dags/example_xcom.py
[2024-11-20T14:22:41.230+0000] {processor.py:925} INFO - DAG(s) 'example_xcom' retrieved from /home/airflow/.local/lib/python3.12/site-packages/airflow/example_dags/example_xcom.py
[2024-11-20T14:22:41.312+0000] {logging_mixin.py:190} INFO - [2024-11-20T14:22:41.312+0000] {dag.py:3239} INFO - Sync 1 DAGs
[2024-11-20T14:22:41.377+0000] {logging_mixin.py:190} INFO - [2024-11-20T14:22:41.376+0000] {dag.py:4180} INFO - Setting next_dagrun for example_xcom to 2021-01-01 00:00:00+00:00, run_after=2021-01-01 00:00:00+00:00
[2024-11-20T14:22:41.421+0000] {processor.py:208} INFO - Processing /home/airflow/.local/lib/python3.12/site-packages/airflow/example_dags/example_xcom.py took 0.239 seconds
[2024-11-20T14:23:15.185+0000] {processor.py:186} INFO - Started process (PID=953) to work on /home/airflow/.local/lib/python3.12/site-packages/airflow/example_dags/example_xcom.py
[2024-11-20T14:23:15.186+0000] {processor.py:914} INFO - Processing file /home/airflow/.local/lib/python3.12/site-packages/airflow/example_dags/example_xcom.py for tasks to queue
[2024-11-20T14:23:15.191+0000] {logging_mixin.py:190} INFO - [2024-11-20T14:23:15.190+0000] {dagbag.py:588} INFO - Filling up the DagBag from /home/airflow/.local/lib/python3.12/site-packages/airflow/example_dags/example_xcom.py
[2024-11-20T14:23:15.216+0000] {processor.py:925} INFO - DAG(s) 'example_xcom' retrieved from /home/airflow/.local/lib/python3.12/site-packages/airflow/example_dags/example_xcom.py
[2024-11-20T14:23:15.263+0000] {logging_mixin.py:190} INFO - [2024-11-20T14:23:15.262+0000] {dag.py:3239} INFO - Sync 1 DAGs
[2024-11-20T14:23:15.323+0000] {logging_mixin.py:190} INFO - [2024-11-20T14:23:15.322+0000] {dag.py:4180} INFO - Setting next_dagrun for example_xcom to 2021-01-01 00:00:00+00:00, run_after=2021-01-01 00:00:00+00:00
[2024-11-20T14:23:15.366+0000] {processor.py:208} INFO - Processing /home/airflow/.local/lib/python3.12/site-packages/airflow/example_dags/example_xcom.py took 0.199 seconds
[2024-11-20T14:23:45.587+0000] {processor.py:186} INFO - Started process (PID=1015) to work on /home/airflow/.local/lib/python3.12/site-packages/airflow/example_dags/example_xcom.py
[2024-11-20T14:23:45.588+0000] {processor.py:914} INFO - Processing file /home/airflow/.local/lib/python3.12/site-packages/airflow/example_dags/example_xcom.py for tasks to queue
[2024-11-20T14:23:45.593+0000] {logging_mixin.py:190} INFO - [2024-11-20T14:23:45.592+0000] {dagbag.py:588} INFO - Filling up the DagBag from /home/airflow/.local/lib/python3.12/site-packages/airflow/example_dags/example_xcom.py
[2024-11-20T14:23:45.612+0000] {processor.py:925} INFO - DAG(s) 'example_xcom' retrieved from /home/airflow/.local/lib/python3.12/site-packages/airflow/example_dags/example_xcom.py
[2024-11-20T14:23:45.645+0000] {logging_mixin.py:190} INFO - [2024-11-20T14:23:45.644+0000] {dag.py:3239} INFO - Sync 1 DAGs
[2024-11-20T14:23:45.680+0000] {logging_mixin.py:190} INFO - [2024-11-20T14:23:45.680+0000] {dag.py:4180} INFO - Setting next_dagrun for example_xcom to 2021-01-01 00:00:00+00:00, run_after=2021-01-01 00:00:00+00:00
[2024-11-20T14:23:45.708+0000] {processor.py:208} INFO - Processing /home/airflow/.local/lib/python3.12/site-packages/airflow/example_dags/example_xcom.py took 0.134 seconds
[2024-11-20T14:24:16.582+0000] {processor.py:186} INFO - Started process (PID=1077) to work on /home/airflow/.local/lib/python3.12/site-packages/airflow/example_dags/example_xcom.py
[2024-11-20T14:24:16.584+0000] {processor.py:914} INFO - Processing file /home/airflow/.local/lib/python3.12/site-packages/airflow/example_dags/example_xcom.py for tasks to queue
[2024-11-20T14:24:16.590+0000] {logging_mixin.py:190} INFO - [2024-11-20T14:24:16.588+0000] {dagbag.py:588} INFO - Filling up the DagBag from /home/airflow/.local/lib/python3.12/site-packages/airflow/example_dags/example_xcom.py
[2024-11-20T14:24:16.612+0000] {processor.py:925} INFO - DAG(s) 'example_xcom' retrieved from /home/airflow/.local/lib/python3.12/site-packages/airflow/example_dags/example_xcom.py
[2024-11-20T14:24:16.658+0000] {logging_mixin.py:190} INFO - [2024-11-20T14:24:16.658+0000] {dag.py:3239} INFO - Sync 1 DAGs
[2024-11-20T14:24:16.714+0000] {logging_mixin.py:190} INFO - [2024-11-20T14:24:16.713+0000] {dag.py:4180} INFO - Setting next_dagrun for example_xcom to 2021-01-01 00:00:00+00:00, run_after=2021-01-01 00:00:00+00:00
[2024-11-20T14:24:16.751+0000] {processor.py:208} INFO - Processing /home/airflow/.local/lib/python3.12/site-packages/airflow/example_dags/example_xcom.py took 0.182 seconds
[2024-11-20T14:24:48.782+0000] {processor.py:186} INFO - Started process (PID=1140) to work on /home/airflow/.local/lib/python3.12/site-packages/airflow/example_dags/example_xcom.py
[2024-11-20T14:24:48.783+0000] {processor.py:914} INFO - Processing file /home/airflow/.local/lib/python3.12/site-packages/airflow/example_dags/example_xcom.py for tasks to queue
[2024-11-20T14:24:48.787+0000] {logging_mixin.py:190} INFO - [2024-11-20T14:24:48.787+0000] {dagbag.py:588} INFO - Filling up the DagBag from /home/airflow/.local/lib/python3.12/site-packages/airflow/example_dags/example_xcom.py
[2024-11-20T14:24:48.801+0000] {processor.py:925} INFO - DAG(s) 'example_xcom' retrieved from /home/airflow/.local/lib/python3.12/site-packages/airflow/example_dags/example_xcom.py
[2024-11-20T14:24:48.840+0000] {logging_mixin.py:190} INFO - [2024-11-20T14:24:48.839+0000] {dag.py:3239} INFO - Sync 1 DAGs
[2024-11-20T14:24:48.876+0000] {logging_mixin.py:190} INFO - [2024-11-20T14:24:48.876+0000] {dag.py:4180} INFO - Setting next_dagrun for example_xcom to 2021-01-01 00:00:00+00:00, run_after=2021-01-01 00:00:00+00:00
[2024-11-20T14:24:48.907+0000] {processor.py:208} INFO - Processing /home/airflow/.local/lib/python3.12/site-packages/airflow/example_dags/example_xcom.py took 0.135 seconds
[2024-11-20T14:25:20.527+0000] {processor.py:186} INFO - Started process (PID=1203) to work on /home/airflow/.local/lib/python3.12/site-packages/airflow/example_dags/example_xcom.py
[2024-11-20T14:25:20.528+0000] {processor.py:914} INFO - Processing file /home/airflow/.local/lib/python3.12/site-packages/airflow/example_dags/example_xcom.py for tasks to queue
[2024-11-20T14:25:20.532+0000] {logging_mixin.py:190} INFO - [2024-11-20T14:25:20.532+0000] {dagbag.py:588} INFO - Filling up the DagBag from /home/airflow/.local/lib/python3.12/site-packages/airflow/example_dags/example_xcom.py
[2024-11-20T14:25:20.546+0000] {processor.py:925} INFO - DAG(s) 'example_xcom' retrieved from /home/airflow/.local/lib/python3.12/site-packages/airflow/example_dags/example_xcom.py
[2024-11-20T14:25:20.576+0000] {logging_mixin.py:190} INFO - [2024-11-20T14:25:20.575+0000] {dag.py:3239} INFO - Sync 1 DAGs
[2024-11-20T14:25:20.618+0000] {logging_mixin.py:190} INFO - [2024-11-20T14:25:20.617+0000] {dag.py:4180} INFO - Setting next_dagrun for example_xcom to 2021-01-01 00:00:00+00:00, run_after=2021-01-01 00:00:00+00:00
[2024-11-20T14:25:20.655+0000] {processor.py:208} INFO - Processing /home/airflow/.local/lib/python3.12/site-packages/airflow/example_dags/example_xcom.py took 0.137 seconds
[2024-11-20T14:25:52.397+0000] {processor.py:186} INFO - Started process (PID=1266) to work on /home/airflow/.local/lib/python3.12/site-packages/airflow/example_dags/example_xcom.py
[2024-11-20T14:25:52.398+0000] {processor.py:914} INFO - Processing file /home/airflow/.local/lib/python3.12/site-packages/airflow/example_dags/example_xcom.py for tasks to queue
[2024-11-20T14:25:52.402+0000] {logging_mixin.py:190} INFO - [2024-11-20T14:25:52.402+0000] {dagbag.py:588} INFO - Filling up the DagBag from /home/airflow/.local/lib/python3.12/site-packages/airflow/example_dags/example_xcom.py
[2024-11-20T14:25:52.417+0000] {processor.py:925} INFO - DAG(s) 'example_xcom' retrieved from /home/airflow/.local/lib/python3.12/site-packages/airflow/example_dags/example_xcom.py
[2024-11-20T14:25:52.450+0000] {logging_mixin.py:190} INFO - [2024-11-20T14:25:52.449+0000] {dag.py:3239} INFO - Sync 1 DAGs
[2024-11-20T14:25:52.496+0000] {logging_mixin.py:190} INFO - [2024-11-20T14:25:52.496+0000] {dag.py:4180} INFO - Setting next_dagrun for example_xcom to 2021-01-01 00:00:00+00:00, run_after=2021-01-01 00:00:00+00:00
[2024-11-20T14:25:52.534+0000] {processor.py:208} INFO - Processing /home/airflow/.local/lib/python3.12/site-packages/airflow/example_dags/example_xcom.py took 0.148 seconds
[2024-11-20T14:26:24.097+0000] {processor.py:186} INFO - Started process (PID=1329) to work on /home/airflow/.local/lib/python3.12/site-packages/airflow/example_dags/example_xcom.py
[2024-11-20T14:26:24.099+0000] {processor.py:914} INFO - Processing file /home/airflow/.local/lib/python3.12/site-packages/airflow/example_dags/example_xcom.py for tasks to queue
[2024-11-20T14:26:24.102+0000] {logging_mixin.py:190} INFO - [2024-11-20T14:26:24.102+0000] {dagbag.py:588} INFO - Filling up the DagBag from /home/airflow/.local/lib/python3.12/site-packages/airflow/example_dags/example_xcom.py
[2024-11-20T14:26:24.118+0000] {processor.py:925} INFO - DAG(s) 'example_xcom' retrieved from /home/airflow/.local/lib/python3.12/site-packages/airflow/example_dags/example_xcom.py
[2024-11-20T14:26:24.159+0000] {logging_mixin.py:190} INFO - [2024-11-20T14:26:24.159+0000] {dag.py:3239} INFO - Sync 1 DAGs
[2024-11-20T14:26:24.210+0000] {logging_mixin.py:190} INFO - [2024-11-20T14:26:24.210+0000] {dag.py:4180} INFO - Setting next_dagrun for example_xcom to 2021-01-01 00:00:00+00:00, run_after=2021-01-01 00:00:00+00:00
[2024-11-20T14:26:24.261+0000] {processor.py:208} INFO - Processing /home/airflow/.local/lib/python3.12/site-packages/airflow/example_dags/example_xcom.py took 0.178 seconds
[2024-11-20T14:26:56.475+0000] {processor.py:186} INFO - Started process (PID=1397) to work on /home/airflow/.local/lib/python3.12/site-packages/airflow/example_dags/example_xcom.py
[2024-11-20T14:26:56.476+0000] {processor.py:914} INFO - Processing file /home/airflow/.local/lib/python3.12/site-packages/airflow/example_dags/example_xcom.py for tasks to queue
[2024-11-20T14:26:56.479+0000] {logging_mixin.py:190} INFO - [2024-11-20T14:26:56.479+0000] {dagbag.py:588} INFO - Filling up the DagBag from /home/airflow/.local/lib/python3.12/site-packages/airflow/example_dags/example_xcom.py
[2024-11-20T14:26:56.492+0000] {processor.py:925} INFO - DAG(s) 'example_xcom' retrieved from /home/airflow/.local/lib/python3.12/site-packages/airflow/example_dags/example_xcom.py
[2024-11-20T14:26:56.525+0000] {logging_mixin.py:190} INFO - [2024-11-20T14:26:56.525+0000] {dag.py:3239} INFO - Sync 1 DAGs
[2024-11-20T14:26:56.571+0000] {logging_mixin.py:190} INFO - [2024-11-20T14:26:56.571+0000] {dag.py:4180} INFO - Setting next_dagrun for example_xcom to 2021-01-01 00:00:00+00:00, run_after=2021-01-01 00:00:00+00:00
[2024-11-20T14:26:56.597+0000] {processor.py:208} INFO - Processing /home/airflow/.local/lib/python3.12/site-packages/airflow/example_dags/example_xcom.py took 0.131 seconds
[2024-11-20T14:28:14.529+0000] {processor.py:186} INFO - Started process (PID=1461) to work on /home/airflow/.local/lib/python3.12/site-packages/airflow/example_dags/example_xcom.py
[2024-11-20T14:28:14.531+0000] {processor.py:914} INFO - Processing file /home/airflow/.local/lib/python3.12/site-packages/airflow/example_dags/example_xcom.py for tasks to queue
[2024-11-20T14:28:14.537+0000] {logging_mixin.py:190} INFO - [2024-11-20T14:28:14.537+0000] {dagbag.py:588} INFO - Filling up the DagBag from /home/airflow/.local/lib/python3.12/site-packages/airflow/example_dags/example_xcom.py
[2024-11-20T14:28:14.558+0000] {processor.py:925} INFO - DAG(s) 'example_xcom' retrieved from /home/airflow/.local/lib/python3.12/site-packages/airflow/example_dags/example_xcom.py
[2024-11-20T14:28:14.605+0000] {logging_mixin.py:190} INFO - [2024-11-20T14:28:14.604+0000] {dag.py:3239} INFO - Sync 1 DAGs
[2024-11-20T14:28:14.649+0000] {logging_mixin.py:190} INFO - [2024-11-20T14:28:14.649+0000] {dag.py:4180} INFO - Setting next_dagrun for example_xcom to 2021-01-01 00:00:00+00:00, run_after=2021-01-01 00:00:00+00:00
[2024-11-20T14:28:14.721+0000] {processor.py:208} INFO - Processing /home/airflow/.local/lib/python3.12/site-packages/airflow/example_dags/example_xcom.py took 0.206 seconds
[2024-11-20T14:28:44.864+0000] {processor.py:186} INFO - Started process (PID=1524) to work on /home/airflow/.local/lib/python3.12/site-packages/airflow/example_dags/example_xcom.py
[2024-11-20T14:28:44.865+0000] {processor.py:914} INFO - Processing file /home/airflow/.local/lib/python3.12/site-packages/airflow/example_dags/example_xcom.py for tasks to queue
[2024-11-20T14:28:44.869+0000] {logging_mixin.py:190} INFO - [2024-11-20T14:28:44.869+0000] {dagbag.py:588} INFO - Filling up the DagBag from /home/airflow/.local/lib/python3.12/site-packages/airflow/example_dags/example_xcom.py
[2024-11-20T14:28:44.884+0000] {processor.py:925} INFO - DAG(s) 'example_xcom' retrieved from /home/airflow/.local/lib/python3.12/site-packages/airflow/example_dags/example_xcom.py
[2024-11-20T14:28:44.920+0000] {logging_mixin.py:190} INFO - [2024-11-20T14:28:44.919+0000] {dag.py:3239} INFO - Sync 1 DAGs
[2024-11-20T14:28:44.965+0000] {logging_mixin.py:190} INFO - [2024-11-20T14:28:44.965+0000] {dag.py:4180} INFO - Setting next_dagrun for example_xcom to 2021-01-01 00:00:00+00:00, run_after=2021-01-01 00:00:00+00:00
[2024-11-20T14:28:44.999+0000] {processor.py:208} INFO - Processing /home/airflow/.local/lib/python3.12/site-packages/airflow/example_dags/example_xcom.py took 0.144 seconds
[2024-11-20T14:29:15.510+0000] {processor.py:186} INFO - Started process (PID=1587) to work on /home/airflow/.local/lib/python3.12/site-packages/airflow/example_dags/example_xcom.py
[2024-11-20T14:29:15.511+0000] {processor.py:914} INFO - Processing file /home/airflow/.local/lib/python3.12/site-packages/airflow/example_dags/example_xcom.py for tasks to queue
[2024-11-20T14:29:15.515+0000] {logging_mixin.py:190} INFO - [2024-11-20T14:29:15.514+0000] {dagbag.py:588} INFO - Filling up the DagBag from /home/airflow/.local/lib/python3.12/site-packages/airflow/example_dags/example_xcom.py
[2024-11-20T14:29:15.532+0000] {processor.py:925} INFO - DAG(s) 'example_xcom' retrieved from /home/airflow/.local/lib/python3.12/site-packages/airflow/example_dags/example_xcom.py
[2024-11-20T14:29:15.566+0000] {logging_mixin.py:190} INFO - [2024-11-20T14:29:15.566+0000] {dag.py:3239} INFO - Sync 1 DAGs
[2024-11-20T14:29:15.610+0000] {logging_mixin.py:190} INFO - [2024-11-20T14:29:15.610+0000] {dag.py:4180} INFO - Setting next_dagrun for example_xcom to 2021-01-01 00:00:00+00:00, run_after=2021-01-01 00:00:00+00:00
[2024-11-20T14:29:15.640+0000] {processor.py:208} INFO - Processing /home/airflow/.local/lib/python3.12/site-packages/airflow/example_dags/example_xcom.py took 0.143 seconds
[2024-11-20T14:29:46.655+0000] {processor.py:186} INFO - Started process (PID=1649) to work on /home/airflow/.local/lib/python3.12/site-packages/airflow/example_dags/example_xcom.py
[2024-11-20T14:29:46.656+0000] {processor.py:914} INFO - Processing file /home/airflow/.local/lib/python3.12/site-packages/airflow/example_dags/example_xcom.py for tasks to queue
[2024-11-20T14:29:46.661+0000] {logging_mixin.py:190} INFO - [2024-11-20T14:29:46.660+0000] {dagbag.py:588} INFO - Filling up the DagBag from /home/airflow/.local/lib/python3.12/site-packages/airflow/example_dags/example_xcom.py
[2024-11-20T14:29:46.676+0000] {processor.py:925} INFO - DAG(s) 'example_xcom' retrieved from /home/airflow/.local/lib/python3.12/site-packages/airflow/example_dags/example_xcom.py
[2024-11-20T14:29:46.713+0000] {logging_mixin.py:190} INFO - [2024-11-20T14:29:46.712+0000] {dag.py:3239} INFO - Sync 1 DAGs
[2024-11-20T14:29:46.755+0000] {logging_mixin.py:190} INFO - [2024-11-20T14:29:46.754+0000] {dag.py:4180} INFO - Setting next_dagrun for example_xcom to 2021-01-01 00:00:00+00:00, run_after=2021-01-01 00:00:00+00:00
[2024-11-20T14:29:46.787+0000] {processor.py:208} INFO - Processing /home/airflow/.local/lib/python3.12/site-packages/airflow/example_dags/example_xcom.py took 0.143 seconds
[2024-11-20T14:30:20.577+0000] {processor.py:186} INFO - Started process (PID=1712) to work on /home/airflow/.local/lib/python3.12/site-packages/airflow/example_dags/example_xcom.py
[2024-11-20T14:30:20.579+0000] {processor.py:914} INFO - Processing file /home/airflow/.local/lib/python3.12/site-packages/airflow/example_dags/example_xcom.py for tasks to queue
[2024-11-20T14:30:20.586+0000] {logging_mixin.py:190} INFO - [2024-11-20T14:30:20.585+0000] {dagbag.py:588} INFO - Filling up the DagBag from /home/airflow/.local/lib/python3.12/site-packages/airflow/example_dags/example_xcom.py
[2024-11-20T14:30:20.609+0000] {processor.py:925} INFO - DAG(s) 'example_xcom' retrieved from /home/airflow/.local/lib/python3.12/site-packages/airflow/example_dags/example_xcom.py
[2024-11-20T14:30:20.683+0000] {logging_mixin.py:190} INFO - [2024-11-20T14:30:20.683+0000] {dag.py:3239} INFO - Sync 1 DAGs
[2024-11-20T14:30:20.756+0000] {logging_mixin.py:190} INFO - [2024-11-20T14:30:20.755+0000] {dag.py:4180} INFO - Setting next_dagrun for example_xcom to 2021-01-01 00:00:00+00:00, run_after=2021-01-01 00:00:00+00:00
[2024-11-20T14:30:20.815+0000] {processor.py:208} INFO - Processing /home/airflow/.local/lib/python3.12/site-packages/airflow/example_dags/example_xcom.py took 0.262 seconds
[2024-11-20T14:30:55.828+0000] {processor.py:186} INFO - Started process (PID=1775) to work on /home/airflow/.local/lib/python3.12/site-packages/airflow/example_dags/example_xcom.py
[2024-11-20T14:30:55.847+0000] {processor.py:914} INFO - Processing file /home/airflow/.local/lib/python3.12/site-packages/airflow/example_dags/example_xcom.py for tasks to queue
[2024-11-20T14:30:55.856+0000] {logging_mixin.py:190} INFO - [2024-11-20T14:30:55.856+0000] {dagbag.py:588} INFO - Filling up the DagBag from /home/airflow/.local/lib/python3.12/site-packages/airflow/example_dags/example_xcom.py
[2024-11-20T14:30:55.879+0000] {processor.py:925} INFO - DAG(s) 'example_xcom' retrieved from /home/airflow/.local/lib/python3.12/site-packages/airflow/example_dags/example_xcom.py
[2024-11-20T14:30:55.928+0000] {logging_mixin.py:190} INFO - [2024-11-20T14:30:55.927+0000] {dag.py:3239} INFO - Sync 1 DAGs
[2024-11-20T14:30:55.992+0000] {logging_mixin.py:190} INFO - [2024-11-20T14:30:55.992+0000] {dag.py:4180} INFO - Setting next_dagrun for example_xcom to 2021-01-01 00:00:00+00:00, run_after=2021-01-01 00:00:00+00:00
[2024-11-20T14:30:56.044+0000] {processor.py:208} INFO - Processing /home/airflow/.local/lib/python3.12/site-packages/airflow/example_dags/example_xcom.py took 0.238 seconds
[2024-11-20T14:31:28.225+0000] {processor.py:186} INFO - Started process (PID=1838) to work on /home/airflow/.local/lib/python3.12/site-packages/airflow/example_dags/example_xcom.py
[2024-11-20T14:31:28.227+0000] {processor.py:914} INFO - Processing file /home/airflow/.local/lib/python3.12/site-packages/airflow/example_dags/example_xcom.py for tasks to queue
[2024-11-20T14:31:28.232+0000] {logging_mixin.py:190} INFO - [2024-11-20T14:31:28.231+0000] {dagbag.py:588} INFO - Filling up the DagBag from /home/airflow/.local/lib/python3.12/site-packages/airflow/example_dags/example_xcom.py
[2024-11-20T14:31:28.251+0000] {processor.py:925} INFO - DAG(s) 'example_xcom' retrieved from /home/airflow/.local/lib/python3.12/site-packages/airflow/example_dags/example_xcom.py
[2024-11-20T14:31:28.295+0000] {logging_mixin.py:190} INFO - [2024-11-20T14:31:28.294+0000] {dag.py:3239} INFO - Sync 1 DAGs
[2024-11-20T14:31:28.349+0000] {logging_mixin.py:190} INFO - [2024-11-20T14:31:28.348+0000] {dag.py:4180} INFO - Setting next_dagrun for example_xcom to 2021-01-01 00:00:00+00:00, run_after=2021-01-01 00:00:00+00:00
[2024-11-20T14:31:28.387+0000] {processor.py:208} INFO - Processing /home/airflow/.local/lib/python3.12/site-packages/airflow/example_dags/example_xcom.py took 0.175 seconds
[2024-11-20T14:32:01.808+0000] {processor.py:186} INFO - Started process (PID=1901) to work on /home/airflow/.local/lib/python3.12/site-packages/airflow/example_dags/example_xcom.py
[2024-11-20T14:32:01.821+0000] {processor.py:914} INFO - Processing file /home/airflow/.local/lib/python3.12/site-packages/airflow/example_dags/example_xcom.py for tasks to queue
[2024-11-20T14:32:01.858+0000] {logging_mixin.py:190} INFO - [2024-11-20T14:32:01.853+0000] {dagbag.py:588} INFO - Filling up the DagBag from /home/airflow/.local/lib/python3.12/site-packages/airflow/example_dags/example_xcom.py
[2024-11-20T14:32:01.952+0000] {processor.py:925} INFO - DAG(s) 'example_xcom' retrieved from /home/airflow/.local/lib/python3.12/site-packages/airflow/example_dags/example_xcom.py
[2024-11-20T14:32:02.107+0000] {logging_mixin.py:190} INFO - [2024-11-20T14:32:02.105+0000] {dag.py:3239} INFO - Sync 1 DAGs
[2024-11-20T14:32:02.219+0000] {logging_mixin.py:190} INFO - [2024-11-20T14:32:02.218+0000] {dag.py:4180} INFO - Setting next_dagrun for example_xcom to 2021-01-01 00:00:00+00:00, run_after=2021-01-01 00:00:00+00:00
[2024-11-20T14:32:02.267+0000] {processor.py:208} INFO - Processing /home/airflow/.local/lib/python3.12/site-packages/airflow/example_dags/example_xcom.py took 0.485 seconds
[2024-11-20T14:32:32.732+0000] {processor.py:186} INFO - Started process (PID=1964) to work on /home/airflow/.local/lib/python3.12/site-packages/airflow/example_dags/example_xcom.py
[2024-11-20T14:32:32.733+0000] {processor.py:914} INFO - Processing file /home/airflow/.local/lib/python3.12/site-packages/airflow/example_dags/example_xcom.py for tasks to queue
[2024-11-20T14:32:32.740+0000] {logging_mixin.py:190} INFO - [2024-11-20T14:32:32.739+0000] {dagbag.py:588} INFO - Filling up the DagBag from /home/airflow/.local/lib/python3.12/site-packages/airflow/example_dags/example_xcom.py
[2024-11-20T14:32:32.759+0000] {processor.py:925} INFO - DAG(s) 'example_xcom' retrieved from /home/airflow/.local/lib/python3.12/site-packages/airflow/example_dags/example_xcom.py
[2024-11-20T14:32:32.801+0000] {logging_mixin.py:190} INFO - [2024-11-20T14:32:32.800+0000] {dag.py:3239} INFO - Sync 1 DAGs
[2024-11-20T14:32:32.839+0000] {logging_mixin.py:190} INFO - [2024-11-20T14:32:32.838+0000] {dag.py:4180} INFO - Setting next_dagrun for example_xcom to 2021-01-01 00:00:00+00:00, run_after=2021-01-01 00:00:00+00:00
[2024-11-20T14:32:32.864+0000] {processor.py:208} INFO - Processing /home/airflow/.local/lib/python3.12/site-packages/airflow/example_dags/example_xcom.py took 0.148 seconds
[2024-11-20T14:33:03.963+0000] {processor.py:186} INFO - Started process (PID=2027) to work on /home/airflow/.local/lib/python3.12/site-packages/airflow/example_dags/example_xcom.py
[2024-11-20T14:33:03.964+0000] {processor.py:914} INFO - Processing file /home/airflow/.local/lib/python3.12/site-packages/airflow/example_dags/example_xcom.py for tasks to queue
[2024-11-20T14:33:03.968+0000] {logging_mixin.py:190} INFO - [2024-11-20T14:33:03.967+0000] {dagbag.py:588} INFO - Filling up the DagBag from /home/airflow/.local/lib/python3.12/site-packages/airflow/example_dags/example_xcom.py
[2024-11-20T14:33:03.981+0000] {processor.py:925} INFO - DAG(s) 'example_xcom' retrieved from /home/airflow/.local/lib/python3.12/site-packages/airflow/example_dags/example_xcom.py
[2024-11-20T14:33:04.020+0000] {logging_mixin.py:190} INFO - [2024-11-20T14:33:04.020+0000] {dag.py:3239} INFO - Sync 1 DAGs
[2024-11-20T14:33:04.059+0000] {logging_mixin.py:190} INFO - [2024-11-20T14:33:04.059+0000] {dag.py:4180} INFO - Setting next_dagrun for example_xcom to 2021-01-01 00:00:00+00:00, run_after=2021-01-01 00:00:00+00:00
[2024-11-20T14:33:04.087+0000] {processor.py:208} INFO - Processing /home/airflow/.local/lib/python3.12/site-packages/airflow/example_dags/example_xcom.py took 0.134 seconds
[2024-11-20T14:33:34.196+0000] {processor.py:186} INFO - Started process (PID=2089) to work on /home/airflow/.local/lib/python3.12/site-packages/airflow/example_dags/example_xcom.py
[2024-11-20T14:33:34.197+0000] {processor.py:914} INFO - Processing file /home/airflow/.local/lib/python3.12/site-packages/airflow/example_dags/example_xcom.py for tasks to queue
[2024-11-20T14:33:34.200+0000] {logging_mixin.py:190} INFO - [2024-11-20T14:33:34.200+0000] {dagbag.py:588} INFO - Filling up the DagBag from /home/airflow/.local/lib/python3.12/site-packages/airflow/example_dags/example_xcom.py
[2024-11-20T14:33:34.217+0000] {processor.py:925} INFO - DAG(s) 'example_xcom' retrieved from /home/airflow/.local/lib/python3.12/site-packages/airflow/example_dags/example_xcom.py
[2024-11-20T14:33:34.254+0000] {logging_mixin.py:190} INFO - [2024-11-20T14:33:34.254+0000] {dag.py:3239} INFO - Sync 1 DAGs
[2024-11-20T14:33:34.295+0000] {logging_mixin.py:190} INFO - [2024-11-20T14:33:34.294+0000] {dag.py:4180} INFO - Setting next_dagrun for example_xcom to 2021-01-01 00:00:00+00:00, run_after=2021-01-01 00:00:00+00:00
[2024-11-20T14:33:34.330+0000] {processor.py:208} INFO - Processing /home/airflow/.local/lib/python3.12/site-packages/airflow/example_dags/example_xcom.py took 0.145 seconds
[2024-11-20T14:34:04.411+0000] {processor.py:186} INFO - Started process (PID=2151) to work on /home/airflow/.local/lib/python3.12/site-packages/airflow/example_dags/example_xcom.py
[2024-11-20T14:34:04.413+0000] {processor.py:914} INFO - Processing file /home/airflow/.local/lib/python3.12/site-packages/airflow/example_dags/example_xcom.py for tasks to queue
[2024-11-20T14:34:04.417+0000] {logging_mixin.py:190} INFO - [2024-11-20T14:34:04.416+0000] {dagbag.py:588} INFO - Filling up the DagBag from /home/airflow/.local/lib/python3.12/site-packages/airflow/example_dags/example_xcom.py
[2024-11-20T14:34:04.430+0000] {processor.py:925} INFO - DAG(s) 'example_xcom' retrieved from /home/airflow/.local/lib/python3.12/site-packages/airflow/example_dags/example_xcom.py
[2024-11-20T14:34:04.468+0000] {logging_mixin.py:190} INFO - [2024-11-20T14:34:04.467+0000] {dag.py:3239} INFO - Sync 1 DAGs
[2024-11-20T14:34:04.529+0000] {logging_mixin.py:190} INFO - [2024-11-20T14:34:04.529+0000] {dag.py:4180} INFO - Setting next_dagrun for example_xcom to 2021-01-01 00:00:00+00:00, run_after=2021-01-01 00:00:00+00:00
[2024-11-20T14:34:04.569+0000] {processor.py:208} INFO - Processing /home/airflow/.local/lib/python3.12/site-packages/airflow/example_dags/example_xcom.py took 0.168 seconds
[2024-11-20T14:34:34.689+0000] {processor.py:186} INFO - Started process (PID=2213) to work on /home/airflow/.local/lib/python3.12/site-packages/airflow/example_dags/example_xcom.py
[2024-11-20T14:34:34.690+0000] {processor.py:914} INFO - Processing file /home/airflow/.local/lib/python3.12/site-packages/airflow/example_dags/example_xcom.py for tasks to queue
[2024-11-20T14:34:34.693+0000] {logging_mixin.py:190} INFO - [2024-11-20T14:34:34.693+0000] {dagbag.py:588} INFO - Filling up the DagBag from /home/airflow/.local/lib/python3.12/site-packages/airflow/example_dags/example_xcom.py
[2024-11-20T14:34:34.706+0000] {processor.py:925} INFO - DAG(s) 'example_xcom' retrieved from /home/airflow/.local/lib/python3.12/site-packages/airflow/example_dags/example_xcom.py
[2024-11-20T14:34:34.764+0000] {logging_mixin.py:190} INFO - [2024-11-20T14:34:34.763+0000] {dag.py:3239} INFO - Sync 1 DAGs
[2024-11-20T14:34:34.832+0000] {logging_mixin.py:190} INFO - [2024-11-20T14:34:34.832+0000] {dag.py:4180} INFO - Setting next_dagrun for example_xcom to 2021-01-01 00:00:00+00:00, run_after=2021-01-01 00:00:00+00:00
[2024-11-20T14:34:34.875+0000] {processor.py:208} INFO - Processing /home/airflow/.local/lib/python3.12/site-packages/airflow/example_dags/example_xcom.py took 0.195 seconds
[2024-11-20T14:35:05.843+0000] {processor.py:186} INFO - Started process (PID=2277) to work on /home/airflow/.local/lib/python3.12/site-packages/airflow/example_dags/example_xcom.py
[2024-11-20T14:35:05.845+0000] {processor.py:914} INFO - Processing file /home/airflow/.local/lib/python3.12/site-packages/airflow/example_dags/example_xcom.py for tasks to queue
[2024-11-20T14:35:05.850+0000] {logging_mixin.py:190} INFO - [2024-11-20T14:35:05.849+0000] {dagbag.py:588} INFO - Filling up the DagBag from /home/airflow/.local/lib/python3.12/site-packages/airflow/example_dags/example_xcom.py
[2024-11-20T14:35:05.871+0000] {processor.py:925} INFO - DAG(s) 'example_xcom' retrieved from /home/airflow/.local/lib/python3.12/site-packages/airflow/example_dags/example_xcom.py
[2024-11-20T14:35:05.916+0000] {logging_mixin.py:190} INFO - [2024-11-20T14:35:05.915+0000] {dag.py:3239} INFO - Sync 1 DAGs
[2024-11-20T14:35:05.970+0000] {logging_mixin.py:190} INFO - [2024-11-20T14:35:05.970+0000] {dag.py:4180} INFO - Setting next_dagrun for example_xcom to 2021-01-01 00:00:00+00:00, run_after=2021-01-01 00:00:00+00:00
[2024-11-20T14:35:06.013+0000] {processor.py:208} INFO - Processing /home/airflow/.local/lib/python3.12/site-packages/airflow/example_dags/example_xcom.py took 0.183 seconds
[2024-11-20T14:35:36.080+0000] {processor.py:186} INFO - Started process (PID=2339) to work on /home/airflow/.local/lib/python3.12/site-packages/airflow/example_dags/example_xcom.py
[2024-11-20T14:35:36.082+0000] {processor.py:914} INFO - Processing file /home/airflow/.local/lib/python3.12/site-packages/airflow/example_dags/example_xcom.py for tasks to queue
[2024-11-20T14:35:36.087+0000] {logging_mixin.py:190} INFO - [2024-11-20T14:35:36.086+0000] {dagbag.py:588} INFO - Filling up the DagBag from /home/airflow/.local/lib/python3.12/site-packages/airflow/example_dags/example_xcom.py
[2024-11-20T14:35:36.106+0000] {processor.py:925} INFO - DAG(s) 'example_xcom' retrieved from /home/airflow/.local/lib/python3.12/site-packages/airflow/example_dags/example_xcom.py
[2024-11-20T14:35:36.141+0000] {logging_mixin.py:190} INFO - [2024-11-20T14:35:36.141+0000] {dag.py:3239} INFO - Sync 1 DAGs
[2024-11-20T14:35:36.188+0000] {logging_mixin.py:190} INFO - [2024-11-20T14:35:36.188+0000] {dag.py:4180} INFO - Setting next_dagrun for example_xcom to 2021-01-01 00:00:00+00:00, run_after=2021-01-01 00:00:00+00:00
[2024-11-20T14:35:36.221+0000] {processor.py:208} INFO - Processing /home/airflow/.local/lib/python3.12/site-packages/airflow/example_dags/example_xcom.py took 0.157 seconds
[2024-11-20T14:36:07.394+0000] {processor.py:186} INFO - Started process (PID=2402) to work on /home/airflow/.local/lib/python3.12/site-packages/airflow/example_dags/example_xcom.py
[2024-11-20T14:36:07.396+0000] {processor.py:914} INFO - Processing file /home/airflow/.local/lib/python3.12/site-packages/airflow/example_dags/example_xcom.py for tasks to queue
[2024-11-20T14:36:07.405+0000] {logging_mixin.py:190} INFO - [2024-11-20T14:36:07.404+0000] {dagbag.py:588} INFO - Filling up the DagBag from /home/airflow/.local/lib/python3.12/site-packages/airflow/example_dags/example_xcom.py
[2024-11-20T14:36:07.435+0000] {processor.py:925} INFO - DAG(s) 'example_xcom' retrieved from /home/airflow/.local/lib/python3.12/site-packages/airflow/example_dags/example_xcom.py
[2024-11-20T14:36:07.502+0000] {logging_mixin.py:190} INFO - [2024-11-20T14:36:07.502+0000] {dag.py:3239} INFO - Sync 1 DAGs
[2024-11-20T14:36:07.574+0000] {logging_mixin.py:190} INFO - [2024-11-20T14:36:07.574+0000] {dag.py:4180} INFO - Setting next_dagrun for example_xcom to 2021-01-01 00:00:00+00:00, run_after=2021-01-01 00:00:00+00:00
[2024-11-20T14:36:07.616+0000] {processor.py:208} INFO - Processing /home/airflow/.local/lib/python3.12/site-packages/airflow/example_dags/example_xcom.py took 0.245 seconds
[2024-11-20T14:36:38.618+0000] {processor.py:186} INFO - Started process (PID=2465) to work on /home/airflow/.local/lib/python3.12/site-packages/airflow/example_dags/example_xcom.py
[2024-11-20T14:36:38.619+0000] {processor.py:914} INFO - Processing file /home/airflow/.local/lib/python3.12/site-packages/airflow/example_dags/example_xcom.py for tasks to queue
[2024-11-20T14:36:38.623+0000] {logging_mixin.py:190} INFO - [2024-11-20T14:36:38.622+0000] {dagbag.py:588} INFO - Filling up the DagBag from /home/airflow/.local/lib/python3.12/site-packages/airflow/example_dags/example_xcom.py
[2024-11-20T14:36:38.637+0000] {processor.py:925} INFO - DAG(s) 'example_xcom' retrieved from /home/airflow/.local/lib/python3.12/site-packages/airflow/example_dags/example_xcom.py
[2024-11-20T14:36:38.667+0000] {logging_mixin.py:190} INFO - [2024-11-20T14:36:38.667+0000] {dag.py:3239} INFO - Sync 1 DAGs
[2024-11-20T14:36:38.704+0000] {logging_mixin.py:190} INFO - [2024-11-20T14:36:38.704+0000] {dag.py:4180} INFO - Setting next_dagrun for example_xcom to 2021-01-01 00:00:00+00:00, run_after=2021-01-01 00:00:00+00:00
[2024-11-20T14:36:38.736+0000] {processor.py:208} INFO - Processing /home/airflow/.local/lib/python3.12/site-packages/airflow/example_dags/example_xcom.py took 0.128 seconds
[2024-11-20T14:37:10.547+0000] {processor.py:186} INFO - Started process (PID=2528) to work on /home/airflow/.local/lib/python3.12/site-packages/airflow/example_dags/example_xcom.py
[2024-11-20T14:37:10.548+0000] {processor.py:914} INFO - Processing file /home/airflow/.local/lib/python3.12/site-packages/airflow/example_dags/example_xcom.py for tasks to queue
[2024-11-20T14:37:10.552+0000] {logging_mixin.py:190} INFO - [2024-11-20T14:37:10.552+0000] {dagbag.py:588} INFO - Filling up the DagBag from /home/airflow/.local/lib/python3.12/site-packages/airflow/example_dags/example_xcom.py
[2024-11-20T14:37:10.568+0000] {processor.py:925} INFO - DAG(s) 'example_xcom' retrieved from /home/airflow/.local/lib/python3.12/site-packages/airflow/example_dags/example_xcom.py
[2024-11-20T14:37:10.605+0000] {logging_mixin.py:190} INFO - [2024-11-20T14:37:10.604+0000] {dag.py:3239} INFO - Sync 1 DAGs
[2024-11-20T14:37:10.656+0000] {logging_mixin.py:190} INFO - [2024-11-20T14:37:10.656+0000] {dag.py:4180} INFO - Setting next_dagrun for example_xcom to 2021-01-01 00:00:00+00:00, run_after=2021-01-01 00:00:00+00:00
[2024-11-20T14:37:10.688+0000] {processor.py:208} INFO - Processing /home/airflow/.local/lib/python3.12/site-packages/airflow/example_dags/example_xcom.py took 0.153 seconds
[2024-11-20T14:37:41.914+0000] {processor.py:186} INFO - Started process (PID=2590) to work on /home/airflow/.local/lib/python3.12/site-packages/airflow/example_dags/example_xcom.py
[2024-11-20T14:37:41.915+0000] {processor.py:914} INFO - Processing file /home/airflow/.local/lib/python3.12/site-packages/airflow/example_dags/example_xcom.py for tasks to queue
[2024-11-20T14:37:41.923+0000] {logging_mixin.py:190} INFO - [2024-11-20T14:37:41.922+0000] {dagbag.py:588} INFO - Filling up the DagBag from /home/airflow/.local/lib/python3.12/site-packages/airflow/example_dags/example_xcom.py
[2024-11-20T14:37:41.948+0000] {processor.py:925} INFO - DAG(s) 'example_xcom' retrieved from /home/airflow/.local/lib/python3.12/site-packages/airflow/example_dags/example_xcom.py
[2024-11-20T14:37:42.002+0000] {logging_mixin.py:190} INFO - [2024-11-20T14:37:42.001+0000] {dag.py:3239} INFO - Sync 1 DAGs
[2024-11-20T14:37:42.063+0000] {logging_mixin.py:190} INFO - [2024-11-20T14:37:42.063+0000] {dag.py:4180} INFO - Setting next_dagrun for example_xcom to 2021-01-01 00:00:00+00:00, run_after=2021-01-01 00:00:00+00:00
[2024-11-20T14:37:42.095+0000] {processor.py:208} INFO - Processing /home/airflow/.local/lib/python3.12/site-packages/airflow/example_dags/example_xcom.py took 0.195 seconds
[2024-11-20T14:38:13.772+0000] {processor.py:186} INFO - Started process (PID=2652) to work on /home/airflow/.local/lib/python3.12/site-packages/airflow/example_dags/example_xcom.py
[2024-11-20T14:38:13.774+0000] {processor.py:914} INFO - Processing file /home/airflow/.local/lib/python3.12/site-packages/airflow/example_dags/example_xcom.py for tasks to queue
[2024-11-20T14:38:13.779+0000] {logging_mixin.py:190} INFO - [2024-11-20T14:38:13.779+0000] {dagbag.py:588} INFO - Filling up the DagBag from /home/airflow/.local/lib/python3.12/site-packages/airflow/example_dags/example_xcom.py
[2024-11-20T14:38:13.801+0000] {processor.py:925} INFO - DAG(s) 'example_xcom' retrieved from /home/airflow/.local/lib/python3.12/site-packages/airflow/example_dags/example_xcom.py
[2024-11-20T14:38:13.841+0000] {logging_mixin.py:190} INFO - [2024-11-20T14:38:13.840+0000] {dag.py:3239} INFO - Sync 1 DAGs
[2024-11-20T14:38:13.913+0000] {logging_mixin.py:190} INFO - [2024-11-20T14:38:13.912+0000] {dag.py:4180} INFO - Setting next_dagrun for example_xcom to 2021-01-01 00:00:00+00:00, run_after=2021-01-01 00:00:00+00:00
[2024-11-20T14:38:13.968+0000] {processor.py:208} INFO - Processing /home/airflow/.local/lib/python3.12/site-packages/airflow/example_dags/example_xcom.py took 0.209 seconds
