[2024-11-20T14:16:16.993+0000] {processor.py:186} INFO - Started process (PID=102) to work on /home/airflow/.local/lib/python3.12/site-packages/airflow/example_dags/example_nested_branch_dag.py
[2024-11-20T14:16:16.995+0000] {processor.py:914} INFO - Processing file /home/airflow/.local/lib/python3.12/site-packages/airflow/example_dags/example_nested_branch_dag.py for tasks to queue
[2024-11-20T14:16:17.001+0000] {logging_mixin.py:190} INFO - [2024-11-20T14:16:17.000+0000] {dagbag.py:588} INFO - Filling up the DagBag from /home/airflow/.local/lib/python3.12/site-packages/airflow/example_dags/example_nested_branch_dag.py
[2024-11-20T14:16:17.042+0000] {processor.py:925} INFO - DAG(s) 'example_nested_branch_dag' retrieved from /home/airflow/.local/lib/python3.12/site-packages/airflow/example_dags/example_nested_branch_dag.py
[2024-11-20T14:16:17.333+0000] {logging_mixin.py:190} INFO - [2024-11-20T14:16:17.332+0000] {override.py:1911} INFO - Created Permission View: can delete on DAG:example_nested_branch_dag
[2024-11-20T14:16:17.362+0000] {logging_mixin.py:190} INFO - [2024-11-20T14:16:17.361+0000] {override.py:1911} INFO - Created Permission View: can read on DAG:example_nested_branch_dag
[2024-11-20T14:16:17.427+0000] {logging_mixin.py:190} INFO - [2024-11-20T14:16:17.427+0000] {override.py:1911} INFO - Created Permission View: can edit on DAG:example_nested_branch_dag
[2024-11-20T14:16:17.440+0000] {logging_mixin.py:190} INFO - [2024-11-20T14:16:17.439+0000] {override.py:1911} INFO - Created Permission View: can delete on DAG Run:example_nested_branch_dag
[2024-11-20T14:16:17.455+0000] {logging_mixin.py:190} INFO - [2024-11-20T14:16:17.454+0000] {override.py:1911} INFO - Created Permission View: menu access on DAG Run:example_nested_branch_dag
[2024-11-20T14:16:17.467+0000] {logging_mixin.py:190} INFO - [2024-11-20T14:16:17.467+0000] {override.py:1911} INFO - Created Permission View: can read on DAG Run:example_nested_branch_dag
[2024-11-20T14:16:17.480+0000] {logging_mixin.py:190} INFO - [2024-11-20T14:16:17.480+0000] {override.py:1911} INFO - Created Permission View: can create on DAG Run:example_nested_branch_dag
[2024-11-20T14:16:17.481+0000] {logging_mixin.py:190} INFO - [2024-11-20T14:16:17.481+0000] {dag.py:3239} INFO - Sync 1 DAGs
[2024-11-20T14:16:17.519+0000] {logging_mixin.py:190} INFO - [2024-11-20T14:16:17.519+0000] {dag.py:3262} INFO - Creating ORM DAG for example_nested_branch_dag
[2024-11-20T14:16:17.560+0000] {logging_mixin.py:190} INFO - [2024-11-20T14:16:17.560+0000] {dag.py:4180} INFO - Setting next_dagrun for example_nested_branch_dag to 2024-11-19 00:00:00+00:00, run_after=2024-11-20 00:00:00+00:00
[2024-11-20T14:16:17.591+0000] {processor.py:208} INFO - Processing /home/airflow/.local/lib/python3.12/site-packages/airflow/example_dags/example_nested_branch_dag.py took 0.609 seconds
[2024-11-20T14:16:48.265+0000] {processor.py:186} INFO - Started process (PID=165) to work on /home/airflow/.local/lib/python3.12/site-packages/airflow/example_dags/example_nested_branch_dag.py
[2024-11-20T14:16:48.266+0000] {processor.py:914} INFO - Processing file /home/airflow/.local/lib/python3.12/site-packages/airflow/example_dags/example_nested_branch_dag.py for tasks to queue
[2024-11-20T14:16:48.269+0000] {logging_mixin.py:190} INFO - [2024-11-20T14:16:48.268+0000] {dagbag.py:588} INFO - Filling up the DagBag from /home/airflow/.local/lib/python3.12/site-packages/airflow/example_dags/example_nested_branch_dag.py
[2024-11-20T14:16:48.285+0000] {processor.py:925} INFO - DAG(s) 'example_nested_branch_dag' retrieved from /home/airflow/.local/lib/python3.12/site-packages/airflow/example_dags/example_nested_branch_dag.py
[2024-11-20T14:16:48.315+0000] {logging_mixin.py:190} INFO - [2024-11-20T14:16:48.314+0000] {dag.py:3239} INFO - Sync 1 DAGs
[2024-11-20T14:16:48.357+0000] {logging_mixin.py:190} INFO - [2024-11-20T14:16:48.357+0000] {dag.py:4180} INFO - Setting next_dagrun for example_nested_branch_dag to 2024-11-19 00:00:00+00:00, run_after=2024-11-20 00:00:00+00:00
[2024-11-20T14:16:48.386+0000] {processor.py:208} INFO - Processing /home/airflow/.local/lib/python3.12/site-packages/airflow/example_dags/example_nested_branch_dag.py took 0.130 seconds
[2024-11-20T14:17:19.150+0000] {processor.py:186} INFO - Started process (PID=228) to work on /home/airflow/.local/lib/python3.12/site-packages/airflow/example_dags/example_nested_branch_dag.py
[2024-11-20T14:17:19.151+0000] {processor.py:914} INFO - Processing file /home/airflow/.local/lib/python3.12/site-packages/airflow/example_dags/example_nested_branch_dag.py for tasks to queue
[2024-11-20T14:17:19.154+0000] {logging_mixin.py:190} INFO - [2024-11-20T14:17:19.154+0000] {dagbag.py:588} INFO - Filling up the DagBag from /home/airflow/.local/lib/python3.12/site-packages/airflow/example_dags/example_nested_branch_dag.py
[2024-11-20T14:17:19.173+0000] {processor.py:925} INFO - DAG(s) 'example_nested_branch_dag' retrieved from /home/airflow/.local/lib/python3.12/site-packages/airflow/example_dags/example_nested_branch_dag.py
[2024-11-20T14:17:19.210+0000] {logging_mixin.py:190} INFO - [2024-11-20T14:17:19.210+0000] {dag.py:3239} INFO - Sync 1 DAGs
[2024-11-20T14:17:19.259+0000] {logging_mixin.py:190} INFO - [2024-11-20T14:17:19.258+0000] {dag.py:4180} INFO - Setting next_dagrun for example_nested_branch_dag to 2024-11-19 00:00:00+00:00, run_after=2024-11-20 00:00:00+00:00
[2024-11-20T14:17:19.292+0000] {processor.py:208} INFO - Processing /home/airflow/.local/lib/python3.12/site-packages/airflow/example_dags/example_nested_branch_dag.py took 0.151 seconds
[2024-11-20T14:17:49.632+0000] {processor.py:186} INFO - Started process (PID=290) to work on /home/airflow/.local/lib/python3.12/site-packages/airflow/example_dags/example_nested_branch_dag.py
[2024-11-20T14:17:49.634+0000] {processor.py:914} INFO - Processing file /home/airflow/.local/lib/python3.12/site-packages/airflow/example_dags/example_nested_branch_dag.py for tasks to queue
[2024-11-20T14:17:49.639+0000] {logging_mixin.py:190} INFO - [2024-11-20T14:17:49.638+0000] {dagbag.py:588} INFO - Filling up the DagBag from /home/airflow/.local/lib/python3.12/site-packages/airflow/example_dags/example_nested_branch_dag.py
[2024-11-20T14:17:49.666+0000] {processor.py:925} INFO - DAG(s) 'example_nested_branch_dag' retrieved from /home/airflow/.local/lib/python3.12/site-packages/airflow/example_dags/example_nested_branch_dag.py
[2024-11-20T14:17:49.761+0000] {logging_mixin.py:190} INFO - [2024-11-20T14:17:49.760+0000] {dag.py:3239} INFO - Sync 1 DAGs
[2024-11-20T14:17:49.838+0000] {logging_mixin.py:190} INFO - [2024-11-20T14:17:49.838+0000] {dag.py:4180} INFO - Setting next_dagrun for example_nested_branch_dag to 2024-11-19 00:00:00+00:00, run_after=2024-11-20 00:00:00+00:00
[2024-11-20T14:17:49.878+0000] {processor.py:208} INFO - Processing /home/airflow/.local/lib/python3.12/site-packages/airflow/example_dags/example_nested_branch_dag.py took 0.261 seconds
[2024-11-20T14:18:20.120+0000] {processor.py:186} INFO - Started process (PID=352) to work on /home/airflow/.local/lib/python3.12/site-packages/airflow/example_dags/example_nested_branch_dag.py
[2024-11-20T14:18:20.121+0000] {processor.py:914} INFO - Processing file /home/airflow/.local/lib/python3.12/site-packages/airflow/example_dags/example_nested_branch_dag.py for tasks to queue
[2024-11-20T14:18:20.125+0000] {logging_mixin.py:190} INFO - [2024-11-20T14:18:20.124+0000] {dagbag.py:588} INFO - Filling up the DagBag from /home/airflow/.local/lib/python3.12/site-packages/airflow/example_dags/example_nested_branch_dag.py
[2024-11-20T14:18:20.143+0000] {processor.py:925} INFO - DAG(s) 'example_nested_branch_dag' retrieved from /home/airflow/.local/lib/python3.12/site-packages/airflow/example_dags/example_nested_branch_dag.py
[2024-11-20T14:18:20.174+0000] {logging_mixin.py:190} INFO - [2024-11-20T14:18:20.173+0000] {dag.py:3239} INFO - Sync 1 DAGs
[2024-11-20T14:18:20.215+0000] {logging_mixin.py:190} INFO - [2024-11-20T14:18:20.215+0000] {dag.py:4180} INFO - Setting next_dagrun for example_nested_branch_dag to 2024-11-19 00:00:00+00:00, run_after=2024-11-20 00:00:00+00:00
[2024-11-20T14:18:20.247+0000] {processor.py:208} INFO - Processing /home/airflow/.local/lib/python3.12/site-packages/airflow/example_dags/example_nested_branch_dag.py took 0.139 seconds
[2024-11-20T14:18:54.976+0000] {processor.py:186} INFO - Started process (PID=417) to work on /home/airflow/.local/lib/python3.12/site-packages/airflow/example_dags/example_nested_branch_dag.py
[2024-11-20T14:18:54.978+0000] {processor.py:914} INFO - Processing file /home/airflow/.local/lib/python3.12/site-packages/airflow/example_dags/example_nested_branch_dag.py for tasks to queue
[2024-11-20T14:18:54.982+0000] {logging_mixin.py:190} INFO - [2024-11-20T14:18:54.982+0000] {dagbag.py:588} INFO - Filling up the DagBag from /home/airflow/.local/lib/python3.12/site-packages/airflow/example_dags/example_nested_branch_dag.py
[2024-11-20T14:18:55.016+0000] {processor.py:925} INFO - DAG(s) 'example_nested_branch_dag' retrieved from /home/airflow/.local/lib/python3.12/site-packages/airflow/example_dags/example_nested_branch_dag.py
[2024-11-20T14:18:55.065+0000] {logging_mixin.py:190} INFO - [2024-11-20T14:18:55.064+0000] {dag.py:3239} INFO - Sync 1 DAGs
[2024-11-20T14:18:55.119+0000] {logging_mixin.py:190} INFO - [2024-11-20T14:18:55.118+0000] {dag.py:4180} INFO - Setting next_dagrun for example_nested_branch_dag to 2024-11-19 00:00:00+00:00, run_after=2024-11-20 00:00:00+00:00
[2024-11-20T14:18:55.154+0000] {processor.py:208} INFO - Processing /home/airflow/.local/lib/python3.12/site-packages/airflow/example_dags/example_nested_branch_dag.py took 0.190 seconds
[2024-11-20T14:19:27.096+0000] {processor.py:186} INFO - Started process (PID=479) to work on /home/airflow/.local/lib/python3.12/site-packages/airflow/example_dags/example_nested_branch_dag.py
[2024-11-20T14:19:27.098+0000] {processor.py:914} INFO - Processing file /home/airflow/.local/lib/python3.12/site-packages/airflow/example_dags/example_nested_branch_dag.py for tasks to queue
[2024-11-20T14:19:27.101+0000] {logging_mixin.py:190} INFO - [2024-11-20T14:19:27.101+0000] {dagbag.py:588} INFO - Filling up the DagBag from /home/airflow/.local/lib/python3.12/site-packages/airflow/example_dags/example_nested_branch_dag.py
[2024-11-20T14:19:27.124+0000] {processor.py:925} INFO - DAG(s) 'example_nested_branch_dag' retrieved from /home/airflow/.local/lib/python3.12/site-packages/airflow/example_dags/example_nested_branch_dag.py
[2024-11-20T14:19:27.161+0000] {logging_mixin.py:190} INFO - [2024-11-20T14:19:27.161+0000] {dag.py:3239} INFO - Sync 1 DAGs
[2024-11-20T14:19:27.200+0000] {logging_mixin.py:190} INFO - [2024-11-20T14:19:27.200+0000] {dag.py:4180} INFO - Setting next_dagrun for example_nested_branch_dag to 2024-11-19 00:00:00+00:00, run_after=2024-11-20 00:00:00+00:00
[2024-11-20T14:19:27.229+0000] {processor.py:208} INFO - Processing /home/airflow/.local/lib/python3.12/site-packages/airflow/example_dags/example_nested_branch_dag.py took 0.144 seconds
[2024-11-20T14:19:59.776+0000] {processor.py:186} INFO - Started process (PID=542) to work on /home/airflow/.local/lib/python3.12/site-packages/airflow/example_dags/example_nested_branch_dag.py
[2024-11-20T14:19:59.778+0000] {processor.py:914} INFO - Processing file /home/airflow/.local/lib/python3.12/site-packages/airflow/example_dags/example_nested_branch_dag.py for tasks to queue
[2024-11-20T14:19:59.782+0000] {logging_mixin.py:190} INFO - [2024-11-20T14:19:59.782+0000] {dagbag.py:588} INFO - Filling up the DagBag from /home/airflow/.local/lib/python3.12/site-packages/airflow/example_dags/example_nested_branch_dag.py
[2024-11-20T14:19:59.799+0000] {processor.py:925} INFO - DAG(s) 'example_nested_branch_dag' retrieved from /home/airflow/.local/lib/python3.12/site-packages/airflow/example_dags/example_nested_branch_dag.py
[2024-11-20T14:19:59.833+0000] {logging_mixin.py:190} INFO - [2024-11-20T14:19:59.833+0000] {dag.py:3239} INFO - Sync 1 DAGs
[2024-11-20T14:19:59.875+0000] {logging_mixin.py:190} INFO - [2024-11-20T14:19:59.874+0000] {dag.py:4180} INFO - Setting next_dagrun for example_nested_branch_dag to 2024-11-19 00:00:00+00:00, run_after=2024-11-20 00:00:00+00:00
[2024-11-20T14:19:59.904+0000] {processor.py:208} INFO - Processing /home/airflow/.local/lib/python3.12/site-packages/airflow/example_dags/example_nested_branch_dag.py took 0.142 seconds
[2024-11-20T14:20:30.945+0000] {processor.py:186} INFO - Started process (PID=605) to work on /home/airflow/.local/lib/python3.12/site-packages/airflow/example_dags/example_nested_branch_dag.py
[2024-11-20T14:20:30.946+0000] {processor.py:914} INFO - Processing file /home/airflow/.local/lib/python3.12/site-packages/airflow/example_dags/example_nested_branch_dag.py for tasks to queue
[2024-11-20T14:20:30.950+0000] {logging_mixin.py:190} INFO - [2024-11-20T14:20:30.949+0000] {dagbag.py:588} INFO - Filling up the DagBag from /home/airflow/.local/lib/python3.12/site-packages/airflow/example_dags/example_nested_branch_dag.py
[2024-11-20T14:20:30.972+0000] {processor.py:925} INFO - DAG(s) 'example_nested_branch_dag' retrieved from /home/airflow/.local/lib/python3.12/site-packages/airflow/example_dags/example_nested_branch_dag.py
[2024-11-20T14:20:31.002+0000] {logging_mixin.py:190} INFO - [2024-11-20T14:20:31.002+0000] {dag.py:3239} INFO - Sync 1 DAGs
[2024-11-20T14:20:31.046+0000] {logging_mixin.py:190} INFO - [2024-11-20T14:20:31.046+0000] {dag.py:4180} INFO - Setting next_dagrun for example_nested_branch_dag to 2024-11-19 00:00:00+00:00, run_after=2024-11-20 00:00:00+00:00
[2024-11-20T14:20:31.078+0000] {processor.py:208} INFO - Processing /home/airflow/.local/lib/python3.12/site-packages/airflow/example_dags/example_nested_branch_dag.py took 0.145 seconds
[2024-11-20T14:21:02.443+0000] {processor.py:186} INFO - Started process (PID=668) to work on /home/airflow/.local/lib/python3.12/site-packages/airflow/example_dags/example_nested_branch_dag.py
[2024-11-20T14:21:02.444+0000] {processor.py:914} INFO - Processing file /home/airflow/.local/lib/python3.12/site-packages/airflow/example_dags/example_nested_branch_dag.py for tasks to queue
[2024-11-20T14:21:02.448+0000] {logging_mixin.py:190} INFO - [2024-11-20T14:21:02.448+0000] {dagbag.py:588} INFO - Filling up the DagBag from /home/airflow/.local/lib/python3.12/site-packages/airflow/example_dags/example_nested_branch_dag.py
[2024-11-20T14:21:02.467+0000] {processor.py:925} INFO - DAG(s) 'example_nested_branch_dag' retrieved from /home/airflow/.local/lib/python3.12/site-packages/airflow/example_dags/example_nested_branch_dag.py
[2024-11-20T14:21:02.502+0000] {logging_mixin.py:190} INFO - [2024-11-20T14:21:02.502+0000] {dag.py:3239} INFO - Sync 1 DAGs
[2024-11-20T14:21:02.542+0000] {logging_mixin.py:190} INFO - [2024-11-20T14:21:02.542+0000] {dag.py:4180} INFO - Setting next_dagrun for example_nested_branch_dag to 2024-11-19 00:00:00+00:00, run_after=2024-11-20 00:00:00+00:00
[2024-11-20T14:21:02.568+0000] {processor.py:208} INFO - Processing /home/airflow/.local/lib/python3.12/site-packages/airflow/example_dags/example_nested_branch_dag.py took 0.134 seconds
[2024-11-20T14:21:33.810+0000] {processor.py:186} INFO - Started process (PID=731) to work on /home/airflow/.local/lib/python3.12/site-packages/airflow/example_dags/example_nested_branch_dag.py
[2024-11-20T14:21:33.812+0000] {processor.py:914} INFO - Processing file /home/airflow/.local/lib/python3.12/site-packages/airflow/example_dags/example_nested_branch_dag.py for tasks to queue
[2024-11-20T14:21:33.817+0000] {logging_mixin.py:190} INFO - [2024-11-20T14:21:33.816+0000] {dagbag.py:588} INFO - Filling up the DagBag from /home/airflow/.local/lib/python3.12/site-packages/airflow/example_dags/example_nested_branch_dag.py
[2024-11-20T14:21:33.838+0000] {processor.py:925} INFO - DAG(s) 'example_nested_branch_dag' retrieved from /home/airflow/.local/lib/python3.12/site-packages/airflow/example_dags/example_nested_branch_dag.py
[2024-11-20T14:21:33.876+0000] {logging_mixin.py:190} INFO - [2024-11-20T14:21:33.876+0000] {dag.py:3239} INFO - Sync 1 DAGs
[2024-11-20T14:21:33.926+0000] {logging_mixin.py:190} INFO - [2024-11-20T14:21:33.925+0000] {dag.py:4180} INFO - Setting next_dagrun for example_nested_branch_dag to 2024-11-19 00:00:00+00:00, run_after=2024-11-20 00:00:00+00:00
[2024-11-20T14:21:33.962+0000] {processor.py:208} INFO - Processing /home/airflow/.local/lib/python3.12/site-packages/airflow/example_dags/example_nested_branch_dag.py took 0.169 seconds
[2024-11-20T14:22:06.200+0000] {processor.py:186} INFO - Started process (PID=794) to work on /home/airflow/.local/lib/python3.12/site-packages/airflow/example_dags/example_nested_branch_dag.py
[2024-11-20T14:22:06.211+0000] {processor.py:914} INFO - Processing file /home/airflow/.local/lib/python3.12/site-packages/airflow/example_dags/example_nested_branch_dag.py for tasks to queue
[2024-11-20T14:22:06.218+0000] {logging_mixin.py:190} INFO - [2024-11-20T14:22:06.217+0000] {dagbag.py:588} INFO - Filling up the DagBag from /home/airflow/.local/lib/python3.12/site-packages/airflow/example_dags/example_nested_branch_dag.py
[2024-11-20T14:22:06.240+0000] {processor.py:925} INFO - DAG(s) 'example_nested_branch_dag' retrieved from /home/airflow/.local/lib/python3.12/site-packages/airflow/example_dags/example_nested_branch_dag.py
[2024-11-20T14:22:06.270+0000] {logging_mixin.py:190} INFO - [2024-11-20T14:22:06.270+0000] {dag.py:3239} INFO - Sync 1 DAGs
[2024-11-20T14:22:06.315+0000] {logging_mixin.py:190} INFO - [2024-11-20T14:22:06.315+0000] {dag.py:4180} INFO - Setting next_dagrun for example_nested_branch_dag to 2024-11-19 00:00:00+00:00, run_after=2024-11-20 00:00:00+00:00
[2024-11-20T14:22:06.347+0000] {processor.py:208} INFO - Processing /home/airflow/.local/lib/python3.12/site-packages/airflow/example_dags/example_nested_branch_dag.py took 0.162 seconds
[2024-11-20T14:22:38.816+0000] {processor.py:186} INFO - Started process (PID=857) to work on /home/airflow/.local/lib/python3.12/site-packages/airflow/example_dags/example_nested_branch_dag.py
[2024-11-20T14:22:38.827+0000] {processor.py:914} INFO - Processing file /home/airflow/.local/lib/python3.12/site-packages/airflow/example_dags/example_nested_branch_dag.py for tasks to queue
[2024-11-20T14:22:38.834+0000] {logging_mixin.py:190} INFO - [2024-11-20T14:22:38.833+0000] {dagbag.py:588} INFO - Filling up the DagBag from /home/airflow/.local/lib/python3.12/site-packages/airflow/example_dags/example_nested_branch_dag.py
[2024-11-20T14:22:38.857+0000] {processor.py:925} INFO - DAG(s) 'example_nested_branch_dag' retrieved from /home/airflow/.local/lib/python3.12/site-packages/airflow/example_dags/example_nested_branch_dag.py
[2024-11-20T14:22:38.899+0000] {logging_mixin.py:190} INFO - [2024-11-20T14:22:38.898+0000] {dag.py:3239} INFO - Sync 1 DAGs
[2024-11-20T14:22:38.956+0000] {logging_mixin.py:190} INFO - [2024-11-20T14:22:38.955+0000] {dag.py:4180} INFO - Setting next_dagrun for example_nested_branch_dag to 2024-11-19 00:00:00+00:00, run_after=2024-11-20 00:00:00+00:00
[2024-11-20T14:22:38.986+0000] {processor.py:208} INFO - Processing /home/airflow/.local/lib/python3.12/site-packages/airflow/example_dags/example_nested_branch_dag.py took 0.183 seconds
[2024-11-20T14:23:11.001+0000] {processor.py:186} INFO - Started process (PID=921) to work on /home/airflow/.local/lib/python3.12/site-packages/airflow/example_dags/example_nested_branch_dag.py
[2024-11-20T14:23:11.006+0000] {processor.py:914} INFO - Processing file /home/airflow/.local/lib/python3.12/site-packages/airflow/example_dags/example_nested_branch_dag.py for tasks to queue
[2024-11-20T14:23:11.012+0000] {logging_mixin.py:190} INFO - [2024-11-20T14:23:11.012+0000] {dagbag.py:588} INFO - Filling up the DagBag from /home/airflow/.local/lib/python3.12/site-packages/airflow/example_dags/example_nested_branch_dag.py
[2024-11-20T14:23:11.049+0000] {processor.py:925} INFO - DAG(s) 'example_nested_branch_dag' retrieved from /home/airflow/.local/lib/python3.12/site-packages/airflow/example_dags/example_nested_branch_dag.py
[2024-11-20T14:23:11.105+0000] {logging_mixin.py:190} INFO - [2024-11-20T14:23:11.104+0000] {dag.py:3239} INFO - Sync 1 DAGs
[2024-11-20T14:23:11.181+0000] {logging_mixin.py:190} INFO - [2024-11-20T14:23:11.181+0000] {dag.py:4180} INFO - Setting next_dagrun for example_nested_branch_dag to 2024-11-19 00:00:00+00:00, run_after=2024-11-20 00:00:00+00:00
[2024-11-20T14:23:11.228+0000] {processor.py:208} INFO - Processing /home/airflow/.local/lib/python3.12/site-packages/airflow/example_dags/example_nested_branch_dag.py took 0.244 seconds
[2024-11-20T14:23:42.573+0000] {processor.py:186} INFO - Started process (PID=983) to work on /home/airflow/.local/lib/python3.12/site-packages/airflow/example_dags/example_nested_branch_dag.py
[2024-11-20T14:23:42.574+0000] {processor.py:914} INFO - Processing file /home/airflow/.local/lib/python3.12/site-packages/airflow/example_dags/example_nested_branch_dag.py for tasks to queue
[2024-11-20T14:23:42.577+0000] {logging_mixin.py:190} INFO - [2024-11-20T14:23:42.577+0000] {dagbag.py:588} INFO - Filling up the DagBag from /home/airflow/.local/lib/python3.12/site-packages/airflow/example_dags/example_nested_branch_dag.py
[2024-11-20T14:23:42.596+0000] {processor.py:925} INFO - DAG(s) 'example_nested_branch_dag' retrieved from /home/airflow/.local/lib/python3.12/site-packages/airflow/example_dags/example_nested_branch_dag.py
[2024-11-20T14:23:42.628+0000] {logging_mixin.py:190} INFO - [2024-11-20T14:23:42.628+0000] {dag.py:3239} INFO - Sync 1 DAGs
[2024-11-20T14:23:42.674+0000] {logging_mixin.py:190} INFO - [2024-11-20T14:23:42.673+0000] {dag.py:4180} INFO - Setting next_dagrun for example_nested_branch_dag to 2024-11-19 00:00:00+00:00, run_after=2024-11-20 00:00:00+00:00
[2024-11-20T14:23:42.703+0000] {processor.py:208} INFO - Processing /home/airflow/.local/lib/python3.12/site-packages/airflow/example_dags/example_nested_branch_dag.py took 0.140 seconds
[2024-11-20T14:24:14.119+0000] {processor.py:186} INFO - Started process (PID=1046) to work on /home/airflow/.local/lib/python3.12/site-packages/airflow/example_dags/example_nested_branch_dag.py
[2024-11-20T14:24:14.120+0000] {processor.py:914} INFO - Processing file /home/airflow/.local/lib/python3.12/site-packages/airflow/example_dags/example_nested_branch_dag.py for tasks to queue
[2024-11-20T14:24:14.125+0000] {logging_mixin.py:190} INFO - [2024-11-20T14:24:14.124+0000] {dagbag.py:588} INFO - Filling up the DagBag from /home/airflow/.local/lib/python3.12/site-packages/airflow/example_dags/example_nested_branch_dag.py
[2024-11-20T14:24:14.148+0000] {processor.py:925} INFO - DAG(s) 'example_nested_branch_dag' retrieved from /home/airflow/.local/lib/python3.12/site-packages/airflow/example_dags/example_nested_branch_dag.py
[2024-11-20T14:24:14.182+0000] {logging_mixin.py:190} INFO - [2024-11-20T14:24:14.181+0000] {dag.py:3239} INFO - Sync 1 DAGs
[2024-11-20T14:24:14.219+0000] {logging_mixin.py:190} INFO - [2024-11-20T14:24:14.219+0000] {dag.py:4180} INFO - Setting next_dagrun for example_nested_branch_dag to 2024-11-19 00:00:00+00:00, run_after=2024-11-20 00:00:00+00:00
[2024-11-20T14:24:14.247+0000] {processor.py:208} INFO - Processing /home/airflow/.local/lib/python3.12/site-packages/airflow/example_dags/example_nested_branch_dag.py took 0.137 seconds
[2024-11-20T14:24:46.144+0000] {processor.py:186} INFO - Started process (PID=1114) to work on /home/airflow/.local/lib/python3.12/site-packages/airflow/example_dags/example_nested_branch_dag.py
[2024-11-20T14:24:46.145+0000] {processor.py:914} INFO - Processing file /home/airflow/.local/lib/python3.12/site-packages/airflow/example_dags/example_nested_branch_dag.py for tasks to queue
[2024-11-20T14:24:46.149+0000] {logging_mixin.py:190} INFO - [2024-11-20T14:24:46.149+0000] {dagbag.py:588} INFO - Filling up the DagBag from /home/airflow/.local/lib/python3.12/site-packages/airflow/example_dags/example_nested_branch_dag.py
[2024-11-20T14:24:46.171+0000] {processor.py:925} INFO - DAG(s) 'example_nested_branch_dag' retrieved from /home/airflow/.local/lib/python3.12/site-packages/airflow/example_dags/example_nested_branch_dag.py
[2024-11-20T14:24:46.208+0000] {logging_mixin.py:190} INFO - [2024-11-20T14:24:46.207+0000] {dag.py:3239} INFO - Sync 1 DAGs
[2024-11-20T14:24:46.252+0000] {logging_mixin.py:190} INFO - [2024-11-20T14:24:46.252+0000] {dag.py:4180} INFO - Setting next_dagrun for example_nested_branch_dag to 2024-11-19 00:00:00+00:00, run_after=2024-11-20 00:00:00+00:00
[2024-11-20T14:24:46.282+0000] {processor.py:208} INFO - Processing /home/airflow/.local/lib/python3.12/site-packages/airflow/example_dags/example_nested_branch_dag.py took 0.148 seconds
[2024-11-20T14:25:18.584+0000] {processor.py:186} INFO - Started process (PID=1182) to work on /home/airflow/.local/lib/python3.12/site-packages/airflow/example_dags/example_nested_branch_dag.py
[2024-11-20T14:25:18.590+0000] {processor.py:914} INFO - Processing file /home/airflow/.local/lib/python3.12/site-packages/airflow/example_dags/example_nested_branch_dag.py for tasks to queue
[2024-11-20T14:25:18.594+0000] {logging_mixin.py:190} INFO - [2024-11-20T14:25:18.593+0000] {dagbag.py:588} INFO - Filling up the DagBag from /home/airflow/.local/lib/python3.12/site-packages/airflow/example_dags/example_nested_branch_dag.py
[2024-11-20T14:25:18.612+0000] {processor.py:925} INFO - DAG(s) 'example_nested_branch_dag' retrieved from /home/airflow/.local/lib/python3.12/site-packages/airflow/example_dags/example_nested_branch_dag.py
[2024-11-20T14:25:18.645+0000] {logging_mixin.py:190} INFO - [2024-11-20T14:25:18.644+0000] {dag.py:3239} INFO - Sync 1 DAGs
[2024-11-20T14:25:18.684+0000] {logging_mixin.py:190} INFO - [2024-11-20T14:25:18.683+0000] {dag.py:4180} INFO - Setting next_dagrun for example_nested_branch_dag to 2024-11-19 00:00:00+00:00, run_after=2024-11-20 00:00:00+00:00
[2024-11-20T14:25:18.712+0000] {processor.py:208} INFO - Processing /home/airflow/.local/lib/python3.12/site-packages/airflow/example_dags/example_nested_branch_dag.py took 0.136 seconds
[2024-11-20T14:25:50.026+0000] {processor.py:186} INFO - Started process (PID=1245) to work on /home/airflow/.local/lib/python3.12/site-packages/airflow/example_dags/example_nested_branch_dag.py
[2024-11-20T14:25:50.028+0000] {processor.py:914} INFO - Processing file /home/airflow/.local/lib/python3.12/site-packages/airflow/example_dags/example_nested_branch_dag.py for tasks to queue
[2024-11-20T14:25:50.033+0000] {logging_mixin.py:190} INFO - [2024-11-20T14:25:50.032+0000] {dagbag.py:588} INFO - Filling up the DagBag from /home/airflow/.local/lib/python3.12/site-packages/airflow/example_dags/example_nested_branch_dag.py
[2024-11-20T14:25:50.055+0000] {processor.py:925} INFO - DAG(s) 'example_nested_branch_dag' retrieved from /home/airflow/.local/lib/python3.12/site-packages/airflow/example_dags/example_nested_branch_dag.py
[2024-11-20T14:25:50.094+0000] {logging_mixin.py:190} INFO - [2024-11-20T14:25:50.094+0000] {dag.py:3239} INFO - Sync 1 DAGs
[2024-11-20T14:25:50.148+0000] {logging_mixin.py:190} INFO - [2024-11-20T14:25:50.148+0000] {dag.py:4180} INFO - Setting next_dagrun for example_nested_branch_dag to 2024-11-19 00:00:00+00:00, run_after=2024-11-20 00:00:00+00:00
[2024-11-20T14:25:50.179+0000] {processor.py:208} INFO - Processing /home/airflow/.local/lib/python3.12/site-packages/airflow/example_dags/example_nested_branch_dag.py took 0.165 seconds
[2024-11-20T14:26:21.969+0000] {processor.py:186} INFO - Started process (PID=1308) to work on /home/airflow/.local/lib/python3.12/site-packages/airflow/example_dags/example_nested_branch_dag.py
[2024-11-20T14:26:21.971+0000] {processor.py:914} INFO - Processing file /home/airflow/.local/lib/python3.12/site-packages/airflow/example_dags/example_nested_branch_dag.py for tasks to queue
[2024-11-20T14:26:21.974+0000] {logging_mixin.py:190} INFO - [2024-11-20T14:26:21.974+0000] {dagbag.py:588} INFO - Filling up the DagBag from /home/airflow/.local/lib/python3.12/site-packages/airflow/example_dags/example_nested_branch_dag.py
[2024-11-20T14:26:21.991+0000] {processor.py:925} INFO - DAG(s) 'example_nested_branch_dag' retrieved from /home/airflow/.local/lib/python3.12/site-packages/airflow/example_dags/example_nested_branch_dag.py
[2024-11-20T14:26:22.022+0000] {logging_mixin.py:190} INFO - [2024-11-20T14:26:22.021+0000] {dag.py:3239} INFO - Sync 1 DAGs
[2024-11-20T14:26:22.058+0000] {logging_mixin.py:190} INFO - [2024-11-20T14:26:22.058+0000] {dag.py:4180} INFO - Setting next_dagrun for example_nested_branch_dag to 2024-11-19 00:00:00+00:00, run_after=2024-11-20 00:00:00+00:00
[2024-11-20T14:26:22.087+0000] {processor.py:208} INFO - Processing /home/airflow/.local/lib/python3.12/site-packages/airflow/example_dags/example_nested_branch_dag.py took 0.127 seconds
[2024-11-20T14:26:53.781+0000] {processor.py:186} INFO - Started process (PID=1371) to work on /home/airflow/.local/lib/python3.12/site-packages/airflow/example_dags/example_nested_branch_dag.py
[2024-11-20T14:26:53.783+0000] {processor.py:914} INFO - Processing file /home/airflow/.local/lib/python3.12/site-packages/airflow/example_dags/example_nested_branch_dag.py for tasks to queue
[2024-11-20T14:26:53.792+0000] {logging_mixin.py:190} INFO - [2024-11-20T14:26:53.791+0000] {dagbag.py:588} INFO - Filling up the DagBag from /home/airflow/.local/lib/python3.12/site-packages/airflow/example_dags/example_nested_branch_dag.py
[2024-11-20T14:26:53.820+0000] {processor.py:925} INFO - DAG(s) 'example_nested_branch_dag' retrieved from /home/airflow/.local/lib/python3.12/site-packages/airflow/example_dags/example_nested_branch_dag.py
[2024-11-20T14:26:53.916+0000] {logging_mixin.py:190} INFO - [2024-11-20T14:26:53.915+0000] {dag.py:3239} INFO - Sync 1 DAGs
[2024-11-20T14:26:53.977+0000] {logging_mixin.py:190} INFO - [2024-11-20T14:26:53.977+0000] {dag.py:4180} INFO - Setting next_dagrun for example_nested_branch_dag to 2024-11-19 00:00:00+00:00, run_after=2024-11-20 00:00:00+00:00
[2024-11-20T14:26:54.022+0000] {processor.py:208} INFO - Processing /home/airflow/.local/lib/python3.12/site-packages/airflow/example_dags/example_nested_branch_dag.py took 0.254 seconds
[2024-11-20T14:28:10.115+0000] {processor.py:186} INFO - Started process (PID=1433) to work on /home/airflow/.local/lib/python3.12/site-packages/airflow/example_dags/example_nested_branch_dag.py
[2024-11-20T14:28:10.118+0000] {processor.py:914} INFO - Processing file /home/airflow/.local/lib/python3.12/site-packages/airflow/example_dags/example_nested_branch_dag.py for tasks to queue
[2024-11-20T14:28:10.123+0000] {logging_mixin.py:190} INFO - [2024-11-20T14:28:10.122+0000] {dagbag.py:588} INFO - Filling up the DagBag from /home/airflow/.local/lib/python3.12/site-packages/airflow/example_dags/example_nested_branch_dag.py
[2024-11-20T14:28:10.144+0000] {processor.py:925} INFO - DAG(s) 'example_nested_branch_dag' retrieved from /home/airflow/.local/lib/python3.12/site-packages/airflow/example_dags/example_nested_branch_dag.py
[2024-11-20T14:28:10.187+0000] {logging_mixin.py:190} INFO - [2024-11-20T14:28:10.186+0000] {dag.py:3239} INFO - Sync 1 DAGs
[2024-11-20T14:28:10.236+0000] {logging_mixin.py:190} INFO - [2024-11-20T14:28:10.236+0000] {dag.py:4180} INFO - Setting next_dagrun for example_nested_branch_dag to 2024-11-19 00:00:00+00:00, run_after=2024-11-20 00:00:00+00:00
[2024-11-20T14:28:10.271+0000] {processor.py:208} INFO - Processing /home/airflow/.local/lib/python3.12/site-packages/airflow/example_dags/example_nested_branch_dag.py took 0.166 seconds
[2024-11-20T14:28:40.751+0000] {processor.py:186} INFO - Started process (PID=1496) to work on /home/airflow/.local/lib/python3.12/site-packages/airflow/example_dags/example_nested_branch_dag.py
[2024-11-20T14:28:40.752+0000] {processor.py:914} INFO - Processing file /home/airflow/.local/lib/python3.12/site-packages/airflow/example_dags/example_nested_branch_dag.py for tasks to queue
[2024-11-20T14:28:40.756+0000] {logging_mixin.py:190} INFO - [2024-11-20T14:28:40.756+0000] {dagbag.py:588} INFO - Filling up the DagBag from /home/airflow/.local/lib/python3.12/site-packages/airflow/example_dags/example_nested_branch_dag.py
[2024-11-20T14:28:40.773+0000] {processor.py:925} INFO - DAG(s) 'example_nested_branch_dag' retrieved from /home/airflow/.local/lib/python3.12/site-packages/airflow/example_dags/example_nested_branch_dag.py
[2024-11-20T14:28:40.807+0000] {logging_mixin.py:190} INFO - [2024-11-20T14:28:40.807+0000] {dag.py:3239} INFO - Sync 1 DAGs
[2024-11-20T14:28:40.846+0000] {logging_mixin.py:190} INFO - [2024-11-20T14:28:40.846+0000] {dag.py:4180} INFO - Setting next_dagrun for example_nested_branch_dag to 2024-11-19 00:00:00+00:00, run_after=2024-11-20 00:00:00+00:00
[2024-11-20T14:28:40.872+0000] {processor.py:208} INFO - Processing /home/airflow/.local/lib/python3.12/site-packages/airflow/example_dags/example_nested_branch_dag.py took 0.129 seconds
[2024-11-20T14:29:11.536+0000] {processor.py:186} INFO - Started process (PID=1559) to work on /home/airflow/.local/lib/python3.12/site-packages/airflow/example_dags/example_nested_branch_dag.py
[2024-11-20T14:29:11.538+0000] {processor.py:914} INFO - Processing file /home/airflow/.local/lib/python3.12/site-packages/airflow/example_dags/example_nested_branch_dag.py for tasks to queue
[2024-11-20T14:29:11.545+0000] {logging_mixin.py:190} INFO - [2024-11-20T14:29:11.545+0000] {dagbag.py:588} INFO - Filling up the DagBag from /home/airflow/.local/lib/python3.12/site-packages/airflow/example_dags/example_nested_branch_dag.py
[2024-11-20T14:29:11.579+0000] {processor.py:925} INFO - DAG(s) 'example_nested_branch_dag' retrieved from /home/airflow/.local/lib/python3.12/site-packages/airflow/example_dags/example_nested_branch_dag.py
[2024-11-20T14:29:11.626+0000] {logging_mixin.py:190} INFO - [2024-11-20T14:29:11.625+0000] {dag.py:3239} INFO - Sync 1 DAGs
[2024-11-20T14:29:11.673+0000] {logging_mixin.py:190} INFO - [2024-11-20T14:29:11.673+0000] {dag.py:4180} INFO - Setting next_dagrun for example_nested_branch_dag to 2024-11-19 00:00:00+00:00, run_after=2024-11-20 00:00:00+00:00
[2024-11-20T14:29:11.705+0000] {processor.py:208} INFO - Processing /home/airflow/.local/lib/python3.12/site-packages/airflow/example_dags/example_nested_branch_dag.py took 0.184 seconds
[2024-11-20T14:29:43.659+0000] {processor.py:186} INFO - Started process (PID=1627) to work on /home/airflow/.local/lib/python3.12/site-packages/airflow/example_dags/example_nested_branch_dag.py
[2024-11-20T14:29:43.660+0000] {processor.py:914} INFO - Processing file /home/airflow/.local/lib/python3.12/site-packages/airflow/example_dags/example_nested_branch_dag.py for tasks to queue
[2024-11-20T14:29:43.666+0000] {logging_mixin.py:190} INFO - [2024-11-20T14:29:43.666+0000] {dagbag.py:588} INFO - Filling up the DagBag from /home/airflow/.local/lib/python3.12/site-packages/airflow/example_dags/example_nested_branch_dag.py
[2024-11-20T14:29:43.692+0000] {processor.py:925} INFO - DAG(s) 'example_nested_branch_dag' retrieved from /home/airflow/.local/lib/python3.12/site-packages/airflow/example_dags/example_nested_branch_dag.py
[2024-11-20T14:29:43.739+0000] {logging_mixin.py:190} INFO - [2024-11-20T14:29:43.739+0000] {dag.py:3239} INFO - Sync 1 DAGs
[2024-11-20T14:29:43.789+0000] {logging_mixin.py:190} INFO - [2024-11-20T14:29:43.788+0000] {dag.py:4180} INFO - Setting next_dagrun for example_nested_branch_dag to 2024-11-19 00:00:00+00:00, run_after=2024-11-20 00:00:00+00:00
[2024-11-20T14:29:43.826+0000] {processor.py:208} INFO - Processing /home/airflow/.local/lib/python3.12/site-packages/airflow/example_dags/example_nested_branch_dag.py took 0.182 seconds
[2024-11-20T14:30:16.343+0000] {processor.py:186} INFO - Started process (PID=1689) to work on /home/airflow/.local/lib/python3.12/site-packages/airflow/example_dags/example_nested_branch_dag.py
[2024-11-20T14:30:16.346+0000] {processor.py:914} INFO - Processing file /home/airflow/.local/lib/python3.12/site-packages/airflow/example_dags/example_nested_branch_dag.py for tasks to queue
[2024-11-20T14:30:16.350+0000] {logging_mixin.py:190} INFO - [2024-11-20T14:30:16.350+0000] {dagbag.py:588} INFO - Filling up the DagBag from /home/airflow/.local/lib/python3.12/site-packages/airflow/example_dags/example_nested_branch_dag.py
[2024-11-20T14:30:16.372+0000] {processor.py:925} INFO - DAG(s) 'example_nested_branch_dag' retrieved from /home/airflow/.local/lib/python3.12/site-packages/airflow/example_dags/example_nested_branch_dag.py
[2024-11-20T14:30:16.417+0000] {logging_mixin.py:190} INFO - [2024-11-20T14:30:16.417+0000] {dag.py:3239} INFO - Sync 1 DAGs
[2024-11-20T14:30:16.481+0000] {logging_mixin.py:190} INFO - [2024-11-20T14:30:16.480+0000] {dag.py:4180} INFO - Setting next_dagrun for example_nested_branch_dag to 2024-11-19 00:00:00+00:00, run_after=2024-11-20 00:00:00+00:00
[2024-11-20T14:30:16.532+0000] {processor.py:208} INFO - Processing /home/airflow/.local/lib/python3.12/site-packages/airflow/example_dags/example_nested_branch_dag.py took 0.205 seconds
[2024-11-20T14:30:49.579+0000] {processor.py:186} INFO - Started process (PID=1752) to work on /home/airflow/.local/lib/python3.12/site-packages/airflow/example_dags/example_nested_branch_dag.py
[2024-11-20T14:30:49.583+0000] {processor.py:914} INFO - Processing file /home/airflow/.local/lib/python3.12/site-packages/airflow/example_dags/example_nested_branch_dag.py for tasks to queue
[2024-11-20T14:30:49.596+0000] {logging_mixin.py:190} INFO - [2024-11-20T14:30:49.593+0000] {dagbag.py:588} INFO - Filling up the DagBag from /home/airflow/.local/lib/python3.12/site-packages/airflow/example_dags/example_nested_branch_dag.py
[2024-11-20T14:30:49.663+0000] {processor.py:925} INFO - DAG(s) 'example_nested_branch_dag' retrieved from /home/airflow/.local/lib/python3.12/site-packages/airflow/example_dags/example_nested_branch_dag.py
[2024-11-20T14:30:49.740+0000] {logging_mixin.py:190} INFO - [2024-11-20T14:30:49.739+0000] {dag.py:3239} INFO - Sync 1 DAGs
[2024-11-20T14:30:49.822+0000] {logging_mixin.py:190} INFO - [2024-11-20T14:30:49.822+0000] {dag.py:4180} INFO - Setting next_dagrun for example_nested_branch_dag to 2024-11-19 00:00:00+00:00, run_after=2024-11-20 00:00:00+00:00
[2024-11-20T14:30:49.871+0000] {processor.py:208} INFO - Processing /home/airflow/.local/lib/python3.12/site-packages/airflow/example_dags/example_nested_branch_dag.py took 0.315 seconds
[2024-11-20T14:31:22.620+0000] {processor.py:186} INFO - Started process (PID=1815) to work on /home/airflow/.local/lib/python3.12/site-packages/airflow/example_dags/example_nested_branch_dag.py
[2024-11-20T14:31:22.622+0000] {processor.py:914} INFO - Processing file /home/airflow/.local/lib/python3.12/site-packages/airflow/example_dags/example_nested_branch_dag.py for tasks to queue
[2024-11-20T14:31:22.628+0000] {logging_mixin.py:190} INFO - [2024-11-20T14:31:22.627+0000] {dagbag.py:588} INFO - Filling up the DagBag from /home/airflow/.local/lib/python3.12/site-packages/airflow/example_dags/example_nested_branch_dag.py
[2024-11-20T14:31:22.656+0000] {processor.py:925} INFO - DAG(s) 'example_nested_branch_dag' retrieved from /home/airflow/.local/lib/python3.12/site-packages/airflow/example_dags/example_nested_branch_dag.py
[2024-11-20T14:31:22.760+0000] {logging_mixin.py:190} INFO - [2024-11-20T14:31:22.759+0000] {dag.py:3239} INFO - Sync 1 DAGs
[2024-11-20T14:31:22.851+0000] {logging_mixin.py:190} INFO - [2024-11-20T14:31:22.851+0000] {dag.py:4180} INFO - Setting next_dagrun for example_nested_branch_dag to 2024-11-19 00:00:00+00:00, run_after=2024-11-20 00:00:00+00:00
[2024-11-20T14:31:22.898+0000] {processor.py:208} INFO - Processing /home/airflow/.local/lib/python3.12/site-packages/airflow/example_dags/example_nested_branch_dag.py took 0.307 seconds
[2024-11-20T14:31:53.650+0000] {processor.py:186} INFO - Started process (PID=1877) to work on /home/airflow/.local/lib/python3.12/site-packages/airflow/example_dags/example_nested_branch_dag.py
[2024-11-20T14:31:53.653+0000] {processor.py:914} INFO - Processing file /home/airflow/.local/lib/python3.12/site-packages/airflow/example_dags/example_nested_branch_dag.py for tasks to queue
[2024-11-20T14:31:53.662+0000] {logging_mixin.py:190} INFO - [2024-11-20T14:31:53.661+0000] {dagbag.py:588} INFO - Filling up the DagBag from /home/airflow/.local/lib/python3.12/site-packages/airflow/example_dags/example_nested_branch_dag.py
[2024-11-20T14:31:53.704+0000] {processor.py:925} INFO - DAG(s) 'example_nested_branch_dag' retrieved from /home/airflow/.local/lib/python3.12/site-packages/airflow/example_dags/example_nested_branch_dag.py
[2024-11-20T14:31:53.780+0000] {logging_mixin.py:190} INFO - [2024-11-20T14:31:53.779+0000] {dag.py:3239} INFO - Sync 1 DAGs
[2024-11-20T14:31:53.894+0000] {logging_mixin.py:190} INFO - [2024-11-20T14:31:53.893+0000] {dag.py:4180} INFO - Setting next_dagrun for example_nested_branch_dag to 2024-11-19 00:00:00+00:00, run_after=2024-11-20 00:00:00+00:00
[2024-11-20T14:31:53.973+0000] {processor.py:208} INFO - Processing /home/airflow/.local/lib/python3.12/site-packages/airflow/example_dags/example_nested_branch_dag.py took 0.340 seconds
[2024-11-20T14:32:24.390+0000] {processor.py:186} INFO - Started process (PID=1940) to work on /home/airflow/.local/lib/python3.12/site-packages/airflow/example_dags/example_nested_branch_dag.py
[2024-11-20T14:32:24.392+0000] {processor.py:914} INFO - Processing file /home/airflow/.local/lib/python3.12/site-packages/airflow/example_dags/example_nested_branch_dag.py for tasks to queue
[2024-11-20T14:32:24.396+0000] {logging_mixin.py:190} INFO - [2024-11-20T14:32:24.396+0000] {dagbag.py:588} INFO - Filling up the DagBag from /home/airflow/.local/lib/python3.12/site-packages/airflow/example_dags/example_nested_branch_dag.py
[2024-11-20T14:32:24.419+0000] {processor.py:925} INFO - DAG(s) 'example_nested_branch_dag' retrieved from /home/airflow/.local/lib/python3.12/site-packages/airflow/example_dags/example_nested_branch_dag.py
[2024-11-20T14:32:24.466+0000] {logging_mixin.py:190} INFO - [2024-11-20T14:32:24.466+0000] {dag.py:3239} INFO - Sync 1 DAGs
[2024-11-20T14:32:24.521+0000] {logging_mixin.py:190} INFO - [2024-11-20T14:32:24.520+0000] {dag.py:4180} INFO - Setting next_dagrun for example_nested_branch_dag to 2024-11-19 00:00:00+00:00, run_after=2024-11-20 00:00:00+00:00
[2024-11-20T14:32:24.561+0000] {processor.py:208} INFO - Processing /home/airflow/.local/lib/python3.12/site-packages/airflow/example_dags/example_nested_branch_dag.py took 0.182 seconds
[2024-11-20T14:32:54.669+0000] {processor.py:186} INFO - Started process (PID=2002) to work on /home/airflow/.local/lib/python3.12/site-packages/airflow/example_dags/example_nested_branch_dag.py
[2024-11-20T14:32:54.671+0000] {processor.py:914} INFO - Processing file /home/airflow/.local/lib/python3.12/site-packages/airflow/example_dags/example_nested_branch_dag.py for tasks to queue
[2024-11-20T14:32:54.675+0000] {logging_mixin.py:190} INFO - [2024-11-20T14:32:54.675+0000] {dagbag.py:588} INFO - Filling up the DagBag from /home/airflow/.local/lib/python3.12/site-packages/airflow/example_dags/example_nested_branch_dag.py
[2024-11-20T14:32:54.695+0000] {processor.py:925} INFO - DAG(s) 'example_nested_branch_dag' retrieved from /home/airflow/.local/lib/python3.12/site-packages/airflow/example_dags/example_nested_branch_dag.py
[2024-11-20T14:32:54.732+0000] {logging_mixin.py:190} INFO - [2024-11-20T14:32:54.732+0000] {dag.py:3239} INFO - Sync 1 DAGs
[2024-11-20T14:32:54.778+0000] {logging_mixin.py:190} INFO - [2024-11-20T14:32:54.778+0000] {dag.py:4180} INFO - Setting next_dagrun for example_nested_branch_dag to 2024-11-19 00:00:00+00:00, run_after=2024-11-20 00:00:00+00:00
[2024-11-20T14:32:54.809+0000] {processor.py:208} INFO - Processing /home/airflow/.local/lib/python3.12/site-packages/airflow/example_dags/example_nested_branch_dag.py took 0.152 seconds
[2024-11-20T14:33:25.086+0000] {processor.py:186} INFO - Started process (PID=2065) to work on /home/airflow/.local/lib/python3.12/site-packages/airflow/example_dags/example_nested_branch_dag.py
[2024-11-20T14:33:25.088+0000] {processor.py:914} INFO - Processing file /home/airflow/.local/lib/python3.12/site-packages/airflow/example_dags/example_nested_branch_dag.py for tasks to queue
[2024-11-20T14:33:25.093+0000] {logging_mixin.py:190} INFO - [2024-11-20T14:33:25.092+0000] {dagbag.py:588} INFO - Filling up the DagBag from /home/airflow/.local/lib/python3.12/site-packages/airflow/example_dags/example_nested_branch_dag.py
[2024-11-20T14:33:25.120+0000] {processor.py:925} INFO - DAG(s) 'example_nested_branch_dag' retrieved from /home/airflow/.local/lib/python3.12/site-packages/airflow/example_dags/example_nested_branch_dag.py
[2024-11-20T14:33:25.167+0000] {logging_mixin.py:190} INFO - [2024-11-20T14:33:25.166+0000] {dag.py:3239} INFO - Sync 1 DAGs
[2024-11-20T14:33:25.226+0000] {logging_mixin.py:190} INFO - [2024-11-20T14:33:25.226+0000] {dag.py:4180} INFO - Setting next_dagrun for example_nested_branch_dag to 2024-11-19 00:00:00+00:00, run_after=2024-11-20 00:00:00+00:00
[2024-11-20T14:33:25.259+0000] {processor.py:208} INFO - Processing /home/airflow/.local/lib/python3.12/site-packages/airflow/example_dags/example_nested_branch_dag.py took 0.187 seconds
[2024-11-20T14:33:55.324+0000] {processor.py:186} INFO - Started process (PID=2127) to work on /home/airflow/.local/lib/python3.12/site-packages/airflow/example_dags/example_nested_branch_dag.py
[2024-11-20T14:33:55.325+0000] {processor.py:914} INFO - Processing file /home/airflow/.local/lib/python3.12/site-packages/airflow/example_dags/example_nested_branch_dag.py for tasks to queue
[2024-11-20T14:33:55.330+0000] {logging_mixin.py:190} INFO - [2024-11-20T14:33:55.329+0000] {dagbag.py:588} INFO - Filling up the DagBag from /home/airflow/.local/lib/python3.12/site-packages/airflow/example_dags/example_nested_branch_dag.py
[2024-11-20T14:33:55.350+0000] {processor.py:925} INFO - DAG(s) 'example_nested_branch_dag' retrieved from /home/airflow/.local/lib/python3.12/site-packages/airflow/example_dags/example_nested_branch_dag.py
[2024-11-20T14:33:55.395+0000] {logging_mixin.py:190} INFO - [2024-11-20T14:33:55.394+0000] {dag.py:3239} INFO - Sync 1 DAGs
[2024-11-20T14:33:55.461+0000] {logging_mixin.py:190} INFO - [2024-11-20T14:33:55.460+0000] {dag.py:4180} INFO - Setting next_dagrun for example_nested_branch_dag to 2024-11-19 00:00:00+00:00, run_after=2024-11-20 00:00:00+00:00
[2024-11-20T14:33:55.496+0000] {processor.py:208} INFO - Processing /home/airflow/.local/lib/python3.12/site-packages/airflow/example_dags/example_nested_branch_dag.py took 0.183 seconds
[2024-11-20T14:34:25.891+0000] {processor.py:186} INFO - Started process (PID=2190) to work on /home/airflow/.local/lib/python3.12/site-packages/airflow/example_dags/example_nested_branch_dag.py
[2024-11-20T14:34:25.892+0000] {processor.py:914} INFO - Processing file /home/airflow/.local/lib/python3.12/site-packages/airflow/example_dags/example_nested_branch_dag.py for tasks to queue
[2024-11-20T14:34:25.896+0000] {logging_mixin.py:190} INFO - [2024-11-20T14:34:25.895+0000] {dagbag.py:588} INFO - Filling up the DagBag from /home/airflow/.local/lib/python3.12/site-packages/airflow/example_dags/example_nested_branch_dag.py
[2024-11-20T14:34:25.916+0000] {processor.py:925} INFO - DAG(s) 'example_nested_branch_dag' retrieved from /home/airflow/.local/lib/python3.12/site-packages/airflow/example_dags/example_nested_branch_dag.py
[2024-11-20T14:34:25.962+0000] {logging_mixin.py:190} INFO - [2024-11-20T14:34:25.961+0000] {dag.py:3239} INFO - Sync 1 DAGs
[2024-11-20T14:34:26.014+0000] {logging_mixin.py:190} INFO - [2024-11-20T14:34:26.013+0000] {dag.py:4180} INFO - Setting next_dagrun for example_nested_branch_dag to 2024-11-19 00:00:00+00:00, run_after=2024-11-20 00:00:00+00:00
[2024-11-20T14:34:26.051+0000] {processor.py:208} INFO - Processing /home/airflow/.local/lib/python3.12/site-packages/airflow/example_dags/example_nested_branch_dag.py took 0.172 seconds
[2024-11-20T14:34:56.337+0000] {processor.py:186} INFO - Started process (PID=2253) to work on /home/airflow/.local/lib/python3.12/site-packages/airflow/example_dags/example_nested_branch_dag.py
[2024-11-20T14:34:56.338+0000] {processor.py:914} INFO - Processing file /home/airflow/.local/lib/python3.12/site-packages/airflow/example_dags/example_nested_branch_dag.py for tasks to queue
[2024-11-20T14:34:56.343+0000] {logging_mixin.py:190} INFO - [2024-11-20T14:34:56.343+0000] {dagbag.py:588} INFO - Filling up the DagBag from /home/airflow/.local/lib/python3.12/site-packages/airflow/example_dags/example_nested_branch_dag.py
[2024-11-20T14:34:56.367+0000] {processor.py:925} INFO - DAG(s) 'example_nested_branch_dag' retrieved from /home/airflow/.local/lib/python3.12/site-packages/airflow/example_dags/example_nested_branch_dag.py
[2024-11-20T14:34:56.410+0000] {logging_mixin.py:190} INFO - [2024-11-20T14:34:56.410+0000] {dag.py:3239} INFO - Sync 1 DAGs
[2024-11-20T14:34:56.451+0000] {logging_mixin.py:190} INFO - [2024-11-20T14:34:56.451+0000] {dag.py:4180} INFO - Setting next_dagrun for example_nested_branch_dag to 2024-11-19 00:00:00+00:00, run_after=2024-11-20 00:00:00+00:00
[2024-11-20T14:34:56.478+0000] {processor.py:208} INFO - Processing /home/airflow/.local/lib/python3.12/site-packages/airflow/example_dags/example_nested_branch_dag.py took 0.152 seconds
[2024-11-20T14:35:27.098+0000] {processor.py:186} INFO - Started process (PID=2316) to work on /home/airflow/.local/lib/python3.12/site-packages/airflow/example_dags/example_nested_branch_dag.py
[2024-11-20T14:35:27.100+0000] {processor.py:914} INFO - Processing file /home/airflow/.local/lib/python3.12/site-packages/airflow/example_dags/example_nested_branch_dag.py for tasks to queue
[2024-11-20T14:35:27.106+0000] {logging_mixin.py:190} INFO - [2024-11-20T14:35:27.106+0000] {dagbag.py:588} INFO - Filling up the DagBag from /home/airflow/.local/lib/python3.12/site-packages/airflow/example_dags/example_nested_branch_dag.py
[2024-11-20T14:35:27.133+0000] {processor.py:925} INFO - DAG(s) 'example_nested_branch_dag' retrieved from /home/airflow/.local/lib/python3.12/site-packages/airflow/example_dags/example_nested_branch_dag.py
[2024-11-20T14:35:27.171+0000] {logging_mixin.py:190} INFO - [2024-11-20T14:35:27.171+0000] {dag.py:3239} INFO - Sync 1 DAGs
[2024-11-20T14:35:27.224+0000] {logging_mixin.py:190} INFO - [2024-11-20T14:35:27.223+0000] {dag.py:4180} INFO - Setting next_dagrun for example_nested_branch_dag to 2024-11-19 00:00:00+00:00, run_after=2024-11-20 00:00:00+00:00
[2024-11-20T14:35:27.260+0000] {processor.py:208} INFO - Processing /home/airflow/.local/lib/python3.12/site-packages/airflow/example_dags/example_nested_branch_dag.py took 0.172 seconds
[2024-11-20T14:35:57.919+0000] {processor.py:186} INFO - Started process (PID=2379) to work on /home/airflow/.local/lib/python3.12/site-packages/airflow/example_dags/example_nested_branch_dag.py
[2024-11-20T14:35:57.921+0000] {processor.py:914} INFO - Processing file /home/airflow/.local/lib/python3.12/site-packages/airflow/example_dags/example_nested_branch_dag.py for tasks to queue
[2024-11-20T14:35:57.928+0000] {logging_mixin.py:190} INFO - [2024-11-20T14:35:57.927+0000] {dagbag.py:588} INFO - Filling up the DagBag from /home/airflow/.local/lib/python3.12/site-packages/airflow/example_dags/example_nested_branch_dag.py
[2024-11-20T14:35:57.954+0000] {processor.py:925} INFO - DAG(s) 'example_nested_branch_dag' retrieved from /home/airflow/.local/lib/python3.12/site-packages/airflow/example_dags/example_nested_branch_dag.py
[2024-11-20T14:35:57.998+0000] {logging_mixin.py:190} INFO - [2024-11-20T14:35:57.998+0000] {dag.py:3239} INFO - Sync 1 DAGs
[2024-11-20T14:35:58.049+0000] {logging_mixin.py:190} INFO - [2024-11-20T14:35:58.048+0000] {dag.py:4180} INFO - Setting next_dagrun for example_nested_branch_dag to 2024-11-19 00:00:00+00:00, run_after=2024-11-20 00:00:00+00:00
[2024-11-20T14:35:58.085+0000] {processor.py:208} INFO - Processing /home/airflow/.local/lib/python3.12/site-packages/airflow/example_dags/example_nested_branch_dag.py took 0.181 seconds
[2024-11-20T14:36:28.147+0000] {processor.py:186} INFO - Started process (PID=2442) to work on /home/airflow/.local/lib/python3.12/site-packages/airflow/example_dags/example_nested_branch_dag.py
[2024-11-20T14:36:28.149+0000] {processor.py:914} INFO - Processing file /home/airflow/.local/lib/python3.12/site-packages/airflow/example_dags/example_nested_branch_dag.py for tasks to queue
[2024-11-20T14:36:28.152+0000] {logging_mixin.py:190} INFO - [2024-11-20T14:36:28.152+0000] {dagbag.py:588} INFO - Filling up the DagBag from /home/airflow/.local/lib/python3.12/site-packages/airflow/example_dags/example_nested_branch_dag.py
[2024-11-20T14:36:28.168+0000] {processor.py:925} INFO - DAG(s) 'example_nested_branch_dag' retrieved from /home/airflow/.local/lib/python3.12/site-packages/airflow/example_dags/example_nested_branch_dag.py
[2024-11-20T14:36:28.211+0000] {logging_mixin.py:190} INFO - [2024-11-20T14:36:28.211+0000] {dag.py:3239} INFO - Sync 1 DAGs
[2024-11-20T14:36:28.271+0000] {logging_mixin.py:190} INFO - [2024-11-20T14:36:28.270+0000] {dag.py:4180} INFO - Setting next_dagrun for example_nested_branch_dag to 2024-11-19 00:00:00+00:00, run_after=2024-11-20 00:00:00+00:00
[2024-11-20T14:36:28.306+0000] {processor.py:208} INFO - Processing /home/airflow/.local/lib/python3.12/site-packages/airflow/example_dags/example_nested_branch_dag.py took 0.168 seconds
[2024-11-20T14:36:59.051+0000] {processor.py:186} INFO - Started process (PID=2505) to work on /home/airflow/.local/lib/python3.12/site-packages/airflow/example_dags/example_nested_branch_dag.py
[2024-11-20T14:36:59.054+0000] {processor.py:914} INFO - Processing file /home/airflow/.local/lib/python3.12/site-packages/airflow/example_dags/example_nested_branch_dag.py for tasks to queue
[2024-11-20T14:36:59.059+0000] {logging_mixin.py:190} INFO - [2024-11-20T14:36:59.058+0000] {dagbag.py:588} INFO - Filling up the DagBag from /home/airflow/.local/lib/python3.12/site-packages/airflow/example_dags/example_nested_branch_dag.py
[2024-11-20T14:36:59.081+0000] {processor.py:925} INFO - DAG(s) 'example_nested_branch_dag' retrieved from /home/airflow/.local/lib/python3.12/site-packages/airflow/example_dags/example_nested_branch_dag.py
[2024-11-20T14:36:59.126+0000] {logging_mixin.py:190} INFO - [2024-11-20T14:36:59.125+0000] {dag.py:3239} INFO - Sync 1 DAGs
[2024-11-20T14:36:59.191+0000] {logging_mixin.py:190} INFO - [2024-11-20T14:36:59.190+0000] {dag.py:4180} INFO - Setting next_dagrun for example_nested_branch_dag to 2024-11-19 00:00:00+00:00, run_after=2024-11-20 00:00:00+00:00
[2024-11-20T14:36:59.230+0000] {processor.py:208} INFO - Processing /home/airflow/.local/lib/python3.12/site-packages/airflow/example_dags/example_nested_branch_dag.py took 0.194 seconds
[2024-11-20T14:37:29.723+0000] {processor.py:186} INFO - Started process (PID=2567) to work on /home/airflow/.local/lib/python3.12/site-packages/airflow/example_dags/example_nested_branch_dag.py
[2024-11-20T14:37:29.725+0000] {processor.py:914} INFO - Processing file /home/airflow/.local/lib/python3.12/site-packages/airflow/example_dags/example_nested_branch_dag.py for tasks to queue
[2024-11-20T14:37:29.740+0000] {logging_mixin.py:190} INFO - [2024-11-20T14:37:29.737+0000] {dagbag.py:588} INFO - Filling up the DagBag from /home/airflow/.local/lib/python3.12/site-packages/airflow/example_dags/example_nested_branch_dag.py
[2024-11-20T14:37:29.773+0000] {processor.py:925} INFO - DAG(s) 'example_nested_branch_dag' retrieved from /home/airflow/.local/lib/python3.12/site-packages/airflow/example_dags/example_nested_branch_dag.py
[2024-11-20T14:37:29.893+0000] {logging_mixin.py:190} INFO - [2024-11-20T14:37:29.887+0000] {dag.py:3239} INFO - Sync 1 DAGs
[2024-11-20T14:37:29.980+0000] {logging_mixin.py:190} INFO - [2024-11-20T14:37:29.980+0000] {dag.py:4180} INFO - Setting next_dagrun for example_nested_branch_dag to 2024-11-19 00:00:00+00:00, run_after=2024-11-20 00:00:00+00:00
[2024-11-20T14:37:30.057+0000] {processor.py:208} INFO - Processing /home/airflow/.local/lib/python3.12/site-packages/airflow/example_dags/example_nested_branch_dag.py took 0.377 seconds
[2024-11-20T14:38:00.359+0000] {processor.py:186} INFO - Started process (PID=2629) to work on /home/airflow/.local/lib/python3.12/site-packages/airflow/example_dags/example_nested_branch_dag.py
[2024-11-20T14:38:00.361+0000] {processor.py:914} INFO - Processing file /home/airflow/.local/lib/python3.12/site-packages/airflow/example_dags/example_nested_branch_dag.py for tasks to queue
[2024-11-20T14:38:00.366+0000] {logging_mixin.py:190} INFO - [2024-11-20T14:38:00.365+0000] {dagbag.py:588} INFO - Filling up the DagBag from /home/airflow/.local/lib/python3.12/site-packages/airflow/example_dags/example_nested_branch_dag.py
[2024-11-20T14:38:00.396+0000] {processor.py:925} INFO - DAG(s) 'example_nested_branch_dag' retrieved from /home/airflow/.local/lib/python3.12/site-packages/airflow/example_dags/example_nested_branch_dag.py
[2024-11-20T14:38:00.490+0000] {logging_mixin.py:190} INFO - [2024-11-20T14:38:00.488+0000] {dag.py:3239} INFO - Sync 1 DAGs
[2024-11-20T14:38:00.591+0000] {logging_mixin.py:190} INFO - [2024-11-20T14:38:00.591+0000] {dag.py:4180} INFO - Setting next_dagrun for example_nested_branch_dag to 2024-11-19 00:00:00+00:00, run_after=2024-11-20 00:00:00+00:00
[2024-11-20T14:38:00.640+0000] {processor.py:208} INFO - Processing /home/airflow/.local/lib/python3.12/site-packages/airflow/example_dags/example_nested_branch_dag.py took 0.310 seconds
