[2024-11-20T14:16:22.458+0000] {processor.py:186} INFO - Started process (PID=116) to work on /home/airflow/.local/lib/python3.12/site-packages/airflow/example_dags/example_sla_dag.py
[2024-11-20T14:16:22.461+0000] {processor.py:914} INFO - Processing file /home/airflow/.local/lib/python3.12/site-packages/airflow/example_dags/example_sla_dag.py for tasks to queue
[2024-11-20T14:16:22.466+0000] {logging_mixin.py:190} INFO - [2024-11-20T14:16:22.465+0000] {dagbag.py:588} INFO - Filling up the DagBag from /home/airflow/.local/lib/python3.12/site-packages/airflow/example_dags/example_sla_dag.py
[2024-11-20T14:16:22.496+0000] {processor.py:925} INFO - DAG(s) 'example_sla_dag' retrieved from /home/airflow/.local/lib/python3.12/site-packages/airflow/example_dags/example_sla_dag.py
[2024-11-20T14:16:22.830+0000] {logging_mixin.py:190} INFO - [2024-11-20T14:16:22.829+0000] {override.py:1911} INFO - Created Permission View: can delete on DAG:example_sla_dag
[2024-11-20T14:16:22.933+0000] {logging_mixin.py:190} INFO - [2024-11-20T14:16:22.933+0000] {override.py:1911} INFO - Created Permission View: can read on DAG:example_sla_dag
[2024-11-20T14:16:22.960+0000] {logging_mixin.py:190} INFO - [2024-11-20T14:16:22.959+0000] {override.py:1911} INFO - Created Permission View: can edit on DAG:example_sla_dag
[2024-11-20T14:16:23.016+0000] {logging_mixin.py:190} INFO - [2024-11-20T14:16:23.015+0000] {override.py:1911} INFO - Created Permission View: can delete on DAG Run:example_sla_dag
[2024-11-20T14:16:23.045+0000] {logging_mixin.py:190} INFO - [2024-11-20T14:16:23.045+0000] {override.py:1911} INFO - Created Permission View: menu access on DAG Run:example_sla_dag
[2024-11-20T14:16:23.059+0000] {logging_mixin.py:190} INFO - [2024-11-20T14:16:23.059+0000] {override.py:1911} INFO - Created Permission View: can read on DAG Run:example_sla_dag
[2024-11-20T14:16:23.083+0000] {logging_mixin.py:190} INFO - [2024-11-20T14:16:23.082+0000] {override.py:1911} INFO - Created Permission View: can create on DAG Run:example_sla_dag
[2024-11-20T14:16:23.084+0000] {logging_mixin.py:190} INFO - [2024-11-20T14:16:23.083+0000] {dag.py:3239} INFO - Sync 1 DAGs
[2024-11-20T14:16:23.130+0000] {logging_mixin.py:190} INFO - [2024-11-20T14:16:23.130+0000] {dag.py:3262} INFO - Creating ORM DAG for example_sla_dag
[2024-11-20T14:16:23.159+0000] {logging_mixin.py:190} INFO - [2024-11-20T14:16:23.159+0000] {dag.py:4180} INFO - Setting next_dagrun for example_sla_dag to 2024-11-20 14:14:00+00:00, run_after=2024-11-20 14:16:00+00:00
[2024-11-20T14:16:23.205+0000] {processor.py:208} INFO - Processing /home/airflow/.local/lib/python3.12/site-packages/airflow/example_dags/example_sla_dag.py took 0.760 seconds
[2024-11-20T14:16:53.333+0000] {processor.py:186} INFO - Started process (PID=179) to work on /home/airflow/.local/lib/python3.12/site-packages/airflow/example_dags/example_sla_dag.py
[2024-11-20T14:16:53.334+0000] {processor.py:914} INFO - Processing file /home/airflow/.local/lib/python3.12/site-packages/airflow/example_dags/example_sla_dag.py for tasks to queue
[2024-11-20T14:16:53.338+0000] {logging_mixin.py:190} INFO - [2024-11-20T14:16:53.338+0000] {dagbag.py:588} INFO - Filling up the DagBag from /home/airflow/.local/lib/python3.12/site-packages/airflow/example_dags/example_sla_dag.py
[2024-11-20T14:16:53.355+0000] {processor.py:925} INFO - DAG(s) 'example_sla_dag' retrieved from /home/airflow/.local/lib/python3.12/site-packages/airflow/example_dags/example_sla_dag.py
[2024-11-20T14:16:53.387+0000] {logging_mixin.py:190} INFO - [2024-11-20T14:16:53.386+0000] {dag.py:3239} INFO - Sync 1 DAGs
[2024-11-20T14:16:53.431+0000] {logging_mixin.py:190} INFO - [2024-11-20T14:16:53.430+0000] {dag.py:4180} INFO - Setting next_dagrun for example_sla_dag to 2024-11-20 14:14:00+00:00, run_after=2024-11-20 14:16:00+00:00
[2024-11-20T14:16:53.470+0000] {processor.py:208} INFO - Processing /home/airflow/.local/lib/python3.12/site-packages/airflow/example_dags/example_sla_dag.py took 0.147 seconds
[2024-11-20T14:17:24.048+0000] {processor.py:186} INFO - Started process (PID=242) to work on /home/airflow/.local/lib/python3.12/site-packages/airflow/example_dags/example_sla_dag.py
[2024-11-20T14:17:24.049+0000] {processor.py:914} INFO - Processing file /home/airflow/.local/lib/python3.12/site-packages/airflow/example_dags/example_sla_dag.py for tasks to queue
[2024-11-20T14:17:24.052+0000] {logging_mixin.py:190} INFO - [2024-11-20T14:17:24.052+0000] {dagbag.py:588} INFO - Filling up the DagBag from /home/airflow/.local/lib/python3.12/site-packages/airflow/example_dags/example_sla_dag.py
[2024-11-20T14:17:24.066+0000] {processor.py:925} INFO - DAG(s) 'example_sla_dag' retrieved from /home/airflow/.local/lib/python3.12/site-packages/airflow/example_dags/example_sla_dag.py
[2024-11-20T14:17:24.106+0000] {logging_mixin.py:190} INFO - [2024-11-20T14:17:24.105+0000] {dag.py:3239} INFO - Sync 1 DAGs
[2024-11-20T14:17:24.178+0000] {logging_mixin.py:190} INFO - [2024-11-20T14:17:24.177+0000] {dag.py:4180} INFO - Setting next_dagrun for example_sla_dag to 2024-11-20 14:14:00+00:00, run_after=2024-11-20 14:16:00+00:00
[2024-11-20T14:17:24.215+0000] {processor.py:208} INFO - Processing /home/airflow/.local/lib/python3.12/site-packages/airflow/example_dags/example_sla_dag.py took 0.175 seconds
[2024-11-20T14:17:54.564+0000] {processor.py:186} INFO - Started process (PID=305) to work on /home/airflow/.local/lib/python3.12/site-packages/airflow/example_dags/example_sla_dag.py
[2024-11-20T14:17:54.565+0000] {processor.py:914} INFO - Processing file /home/airflow/.local/lib/python3.12/site-packages/airflow/example_dags/example_sla_dag.py for tasks to queue
[2024-11-20T14:17:54.570+0000] {logging_mixin.py:190} INFO - [2024-11-20T14:17:54.569+0000] {dagbag.py:588} INFO - Filling up the DagBag from /home/airflow/.local/lib/python3.12/site-packages/airflow/example_dags/example_sla_dag.py
[2024-11-20T14:17:54.585+0000] {processor.py:925} INFO - DAG(s) 'example_sla_dag' retrieved from /home/airflow/.local/lib/python3.12/site-packages/airflow/example_dags/example_sla_dag.py
[2024-11-20T14:17:54.611+0000] {logging_mixin.py:190} INFO - [2024-11-20T14:17:54.611+0000] {dag.py:3239} INFO - Sync 1 DAGs
[2024-11-20T14:17:54.660+0000] {logging_mixin.py:190} INFO - [2024-11-20T14:17:54.660+0000] {dag.py:4180} INFO - Setting next_dagrun for example_sla_dag to 2024-11-20 14:14:00+00:00, run_after=2024-11-20 14:16:00+00:00
[2024-11-20T14:17:54.689+0000] {processor.py:208} INFO - Processing /home/airflow/.local/lib/python3.12/site-packages/airflow/example_dags/example_sla_dag.py took 0.135 seconds
[2024-11-20T14:18:25.502+0000] {processor.py:186} INFO - Started process (PID=368) to work on /home/airflow/.local/lib/python3.12/site-packages/airflow/example_dags/example_sla_dag.py
[2024-11-20T14:18:25.503+0000] {processor.py:914} INFO - Processing file /home/airflow/.local/lib/python3.12/site-packages/airflow/example_dags/example_sla_dag.py for tasks to queue
[2024-11-20T14:18:25.507+0000] {logging_mixin.py:190} INFO - [2024-11-20T14:18:25.506+0000] {dagbag.py:588} INFO - Filling up the DagBag from /home/airflow/.local/lib/python3.12/site-packages/airflow/example_dags/example_sla_dag.py
[2024-11-20T14:18:25.522+0000] {processor.py:925} INFO - DAG(s) 'example_sla_dag' retrieved from /home/airflow/.local/lib/python3.12/site-packages/airflow/example_dags/example_sla_dag.py
[2024-11-20T14:18:25.556+0000] {logging_mixin.py:190} INFO - [2024-11-20T14:18:25.555+0000] {dag.py:3239} INFO - Sync 1 DAGs
[2024-11-20T14:18:25.595+0000] {logging_mixin.py:190} INFO - [2024-11-20T14:18:25.594+0000] {dag.py:4180} INFO - Setting next_dagrun for example_sla_dag to 2024-11-20 14:16:00+00:00, run_after=2024-11-20 14:18:00+00:00
[2024-11-20T14:18:25.624+0000] {processor.py:208} INFO - Processing /home/airflow/.local/lib/python3.12/site-packages/airflow/example_dags/example_sla_dag.py took 0.131 seconds
[2024-11-20T14:18:57.950+0000] {processor.py:186} INFO - Started process (PID=431) to work on /home/airflow/.local/lib/python3.12/site-packages/airflow/example_dags/example_sla_dag.py
[2024-11-20T14:18:57.952+0000] {processor.py:914} INFO - Processing file /home/airflow/.local/lib/python3.12/site-packages/airflow/example_dags/example_sla_dag.py for tasks to queue
[2024-11-20T14:18:57.959+0000] {logging_mixin.py:190} INFO - [2024-11-20T14:18:57.958+0000] {dagbag.py:588} INFO - Filling up the DagBag from /home/airflow/.local/lib/python3.12/site-packages/airflow/example_dags/example_sla_dag.py
[2024-11-20T14:18:57.991+0000] {processor.py:925} INFO - DAG(s) 'example_sla_dag' retrieved from /home/airflow/.local/lib/python3.12/site-packages/airflow/example_dags/example_sla_dag.py
[2024-11-20T14:18:58.053+0000] {logging_mixin.py:190} INFO - [2024-11-20T14:18:58.052+0000] {dag.py:3239} INFO - Sync 1 DAGs
[2024-11-20T14:18:58.173+0000] {logging_mixin.py:190} INFO - [2024-11-20T14:18:58.173+0000] {dag.py:4180} INFO - Setting next_dagrun for example_sla_dag to 2024-11-20 14:16:00+00:00, run_after=2024-11-20 14:18:00+00:00
[2024-11-20T14:18:58.238+0000] {processor.py:208} INFO - Processing /home/airflow/.local/lib/python3.12/site-packages/airflow/example_dags/example_sla_dag.py took 0.303 seconds
[2024-11-20T14:19:28.416+0000] {processor.py:186} INFO - Started process (PID=492) to work on /home/airflow/.local/lib/python3.12/site-packages/airflow/example_dags/example_sla_dag.py
[2024-11-20T14:19:28.418+0000] {processor.py:914} INFO - Processing file /home/airflow/.local/lib/python3.12/site-packages/airflow/example_dags/example_sla_dag.py for tasks to queue
[2024-11-20T14:19:28.421+0000] {logging_mixin.py:190} INFO - [2024-11-20T14:19:28.421+0000] {dagbag.py:588} INFO - Filling up the DagBag from /home/airflow/.local/lib/python3.12/site-packages/airflow/example_dags/example_sla_dag.py
[2024-11-20T14:19:28.442+0000] {processor.py:925} INFO - DAG(s) 'example_sla_dag' retrieved from /home/airflow/.local/lib/python3.12/site-packages/airflow/example_dags/example_sla_dag.py
[2024-11-20T14:19:28.471+0000] {logging_mixin.py:190} INFO - [2024-11-20T14:19:28.471+0000] {dag.py:3239} INFO - Sync 1 DAGs
[2024-11-20T14:19:28.515+0000] {logging_mixin.py:190} INFO - [2024-11-20T14:19:28.515+0000] {dag.py:4180} INFO - Setting next_dagrun for example_sla_dag to 2024-11-20 14:16:00+00:00, run_after=2024-11-20 14:18:00+00:00
[2024-11-20T14:19:28.540+0000] {processor.py:208} INFO - Processing /home/airflow/.local/lib/python3.12/site-packages/airflow/example_dags/example_sla_dag.py took 0.133 seconds
[2024-11-20T14:20:01.499+0000] {processor.py:186} INFO - Started process (PID=555) to work on /home/airflow/.local/lib/python3.12/site-packages/airflow/example_dags/example_sla_dag.py
[2024-11-20T14:20:01.500+0000] {processor.py:914} INFO - Processing file /home/airflow/.local/lib/python3.12/site-packages/airflow/example_dags/example_sla_dag.py for tasks to queue
[2024-11-20T14:20:01.504+0000] {logging_mixin.py:190} INFO - [2024-11-20T14:20:01.503+0000] {dagbag.py:588} INFO - Filling up the DagBag from /home/airflow/.local/lib/python3.12/site-packages/airflow/example_dags/example_sla_dag.py
[2024-11-20T14:20:01.521+0000] {processor.py:925} INFO - DAG(s) 'example_sla_dag' retrieved from /home/airflow/.local/lib/python3.12/site-packages/airflow/example_dags/example_sla_dag.py
[2024-11-20T14:20:01.552+0000] {logging_mixin.py:190} INFO - [2024-11-20T14:20:01.552+0000] {dag.py:3239} INFO - Sync 1 DAGs
[2024-11-20T14:20:01.600+0000] {logging_mixin.py:190} INFO - [2024-11-20T14:20:01.599+0000] {dag.py:4180} INFO - Setting next_dagrun for example_sla_dag to 2024-11-20 14:18:00+00:00, run_after=2024-11-20 14:20:00+00:00
[2024-11-20T14:20:01.638+0000] {processor.py:208} INFO - Processing /home/airflow/.local/lib/python3.12/site-packages/airflow/example_dags/example_sla_dag.py took 0.149 seconds
[2024-11-20T14:20:32.628+0000] {processor.py:186} INFO - Started process (PID=618) to work on /home/airflow/.local/lib/python3.12/site-packages/airflow/example_dags/example_sla_dag.py
[2024-11-20T14:20:32.629+0000] {processor.py:914} INFO - Processing file /home/airflow/.local/lib/python3.12/site-packages/airflow/example_dags/example_sla_dag.py for tasks to queue
[2024-11-20T14:20:32.633+0000] {logging_mixin.py:190} INFO - [2024-11-20T14:20:32.632+0000] {dagbag.py:588} INFO - Filling up the DagBag from /home/airflow/.local/lib/python3.12/site-packages/airflow/example_dags/example_sla_dag.py
[2024-11-20T14:20:32.649+0000] {processor.py:925} INFO - DAG(s) 'example_sla_dag' retrieved from /home/airflow/.local/lib/python3.12/site-packages/airflow/example_dags/example_sla_dag.py
[2024-11-20T14:20:32.680+0000] {logging_mixin.py:190} INFO - [2024-11-20T14:20:32.680+0000] {dag.py:3239} INFO - Sync 1 DAGs
[2024-11-20T14:20:32.720+0000] {logging_mixin.py:190} INFO - [2024-11-20T14:20:32.720+0000] {dag.py:4180} INFO - Setting next_dagrun for example_sla_dag to 2024-11-20 14:18:00+00:00, run_after=2024-11-20 14:20:00+00:00
[2024-11-20T14:20:32.752+0000] {processor.py:208} INFO - Processing /home/airflow/.local/lib/python3.12/site-packages/airflow/example_dags/example_sla_dag.py took 0.138 seconds
[2024-11-20T14:21:03.527+0000] {processor.py:186} INFO - Started process (PID=681) to work on /home/airflow/.local/lib/python3.12/site-packages/airflow/example_dags/example_sla_dag.py
[2024-11-20T14:21:03.529+0000] {processor.py:914} INFO - Processing file /home/airflow/.local/lib/python3.12/site-packages/airflow/example_dags/example_sla_dag.py for tasks to queue
[2024-11-20T14:21:03.534+0000] {logging_mixin.py:190} INFO - [2024-11-20T14:21:03.533+0000] {dagbag.py:588} INFO - Filling up the DagBag from /home/airflow/.local/lib/python3.12/site-packages/airflow/example_dags/example_sla_dag.py
[2024-11-20T14:21:03.554+0000] {processor.py:925} INFO - DAG(s) 'example_sla_dag' retrieved from /home/airflow/.local/lib/python3.12/site-packages/airflow/example_dags/example_sla_dag.py
[2024-11-20T14:21:03.584+0000] {logging_mixin.py:190} INFO - [2024-11-20T14:21:03.584+0000] {dag.py:3239} INFO - Sync 1 DAGs
[2024-11-20T14:21:03.626+0000] {logging_mixin.py:190} INFO - [2024-11-20T14:21:03.626+0000] {dag.py:4180} INFO - Setting next_dagrun for example_sla_dag to 2024-11-20 14:18:00+00:00, run_after=2024-11-20 14:20:00+00:00
[2024-11-20T14:21:03.671+0000] {processor.py:208} INFO - Processing /home/airflow/.local/lib/python3.12/site-packages/airflow/example_dags/example_sla_dag.py took 0.154 seconds
[2024-11-20T14:21:35.441+0000] {processor.py:186} INFO - Started process (PID=744) to work on /home/airflow/.local/lib/python3.12/site-packages/airflow/example_dags/example_sla_dag.py
[2024-11-20T14:21:35.443+0000] {processor.py:914} INFO - Processing file /home/airflow/.local/lib/python3.12/site-packages/airflow/example_dags/example_sla_dag.py for tasks to queue
[2024-11-20T14:21:35.448+0000] {logging_mixin.py:190} INFO - [2024-11-20T14:21:35.447+0000] {dagbag.py:588} INFO - Filling up the DagBag from /home/airflow/.local/lib/python3.12/site-packages/airflow/example_dags/example_sla_dag.py
[2024-11-20T14:21:35.470+0000] {processor.py:925} INFO - DAG(s) 'example_sla_dag' retrieved from /home/airflow/.local/lib/python3.12/site-packages/airflow/example_dags/example_sla_dag.py
[2024-11-20T14:21:35.509+0000] {logging_mixin.py:190} INFO - [2024-11-20T14:21:35.509+0000] {dag.py:3239} INFO - Sync 1 DAGs
[2024-11-20T14:21:35.562+0000] {logging_mixin.py:190} INFO - [2024-11-20T14:21:35.562+0000] {dag.py:4180} INFO - Setting next_dagrun for example_sla_dag to 2024-11-20 14:18:00+00:00, run_after=2024-11-20 14:20:00+00:00
[2024-11-20T14:21:35.599+0000] {processor.py:208} INFO - Processing /home/airflow/.local/lib/python3.12/site-packages/airflow/example_dags/example_sla_dag.py took 0.167 seconds
[2024-11-20T14:22:07.362+0000] {processor.py:186} INFO - Started process (PID=807) to work on /home/airflow/.local/lib/python3.12/site-packages/airflow/example_dags/example_sla_dag.py
[2024-11-20T14:22:07.363+0000] {processor.py:914} INFO - Processing file /home/airflow/.local/lib/python3.12/site-packages/airflow/example_dags/example_sla_dag.py for tasks to queue
[2024-11-20T14:22:07.367+0000] {logging_mixin.py:190} INFO - [2024-11-20T14:22:07.366+0000] {dagbag.py:588} INFO - Filling up the DagBag from /home/airflow/.local/lib/python3.12/site-packages/airflow/example_dags/example_sla_dag.py
[2024-11-20T14:22:07.383+0000] {processor.py:925} INFO - DAG(s) 'example_sla_dag' retrieved from /home/airflow/.local/lib/python3.12/site-packages/airflow/example_dags/example_sla_dag.py
[2024-11-20T14:22:07.415+0000] {logging_mixin.py:190} INFO - [2024-11-20T14:22:07.415+0000] {dag.py:3239} INFO - Sync 1 DAGs
[2024-11-20T14:22:07.476+0000] {logging_mixin.py:190} INFO - [2024-11-20T14:22:07.476+0000] {dag.py:4180} INFO - Setting next_dagrun for example_sla_dag to 2024-11-20 14:20:00+00:00, run_after=2024-11-20 14:22:00+00:00
[2024-11-20T14:22:07.503+0000] {processor.py:208} INFO - Processing /home/airflow/.local/lib/python3.12/site-packages/airflow/example_dags/example_sla_dag.py took 0.153 seconds
[2024-11-20T14:22:40.155+0000] {processor.py:186} INFO - Started process (PID=870) to work on /home/airflow/.local/lib/python3.12/site-packages/airflow/example_dags/example_sla_dag.py
[2024-11-20T14:22:40.157+0000] {processor.py:914} INFO - Processing file /home/airflow/.local/lib/python3.12/site-packages/airflow/example_dags/example_sla_dag.py for tasks to queue
[2024-11-20T14:22:40.167+0000] {logging_mixin.py:190} INFO - [2024-11-20T14:22:40.165+0000] {dagbag.py:588} INFO - Filling up the DagBag from /home/airflow/.local/lib/python3.12/site-packages/airflow/example_dags/example_sla_dag.py
[2024-11-20T14:22:40.207+0000] {processor.py:925} INFO - DAG(s) 'example_sla_dag' retrieved from /home/airflow/.local/lib/python3.12/site-packages/airflow/example_dags/example_sla_dag.py
[2024-11-20T14:22:40.257+0000] {logging_mixin.py:190} INFO - [2024-11-20T14:22:40.253+0000] {dag.py:3239} INFO - Sync 1 DAGs
[2024-11-20T14:22:40.353+0000] {logging_mixin.py:190} INFO - [2024-11-20T14:22:40.353+0000] {dag.py:4180} INFO - Setting next_dagrun for example_sla_dag to 2024-11-20 14:20:00+00:00, run_after=2024-11-20 14:22:00+00:00
[2024-11-20T14:22:40.409+0000] {processor.py:208} INFO - Processing /home/airflow/.local/lib/python3.12/site-packages/airflow/example_dags/example_sla_dag.py took 0.270 seconds
[2024-11-20T14:23:12.828+0000] {processor.py:186} INFO - Started process (PID=934) to work on /home/airflow/.local/lib/python3.12/site-packages/airflow/example_dags/example_sla_dag.py
[2024-11-20T14:23:12.836+0000] {processor.py:914} INFO - Processing file /home/airflow/.local/lib/python3.12/site-packages/airflow/example_dags/example_sla_dag.py for tasks to queue
[2024-11-20T14:23:12.841+0000] {logging_mixin.py:190} INFO - [2024-11-20T14:23:12.840+0000] {dagbag.py:588} INFO - Filling up the DagBag from /home/airflow/.local/lib/python3.12/site-packages/airflow/example_dags/example_sla_dag.py
[2024-11-20T14:23:12.865+0000] {processor.py:925} INFO - DAG(s) 'example_sla_dag' retrieved from /home/airflow/.local/lib/python3.12/site-packages/airflow/example_dags/example_sla_dag.py
[2024-11-20T14:23:12.903+0000] {logging_mixin.py:190} INFO - [2024-11-20T14:23:12.903+0000] {dag.py:3239} INFO - Sync 1 DAGs
[2024-11-20T14:23:12.970+0000] {logging_mixin.py:190} INFO - [2024-11-20T14:23:12.970+0000] {dag.py:4180} INFO - Setting next_dagrun for example_sla_dag to 2024-11-20 14:20:00+00:00, run_after=2024-11-20 14:22:00+00:00
[2024-11-20T14:23:13.034+0000] {processor.py:208} INFO - Processing /home/airflow/.local/lib/python3.12/site-packages/airflow/example_dags/example_sla_dag.py took 0.218 seconds
[2024-11-20T14:23:43.792+0000] {processor.py:186} INFO - Started process (PID=996) to work on /home/airflow/.local/lib/python3.12/site-packages/airflow/example_dags/example_sla_dag.py
[2024-11-20T14:23:43.793+0000] {processor.py:914} INFO - Processing file /home/airflow/.local/lib/python3.12/site-packages/airflow/example_dags/example_sla_dag.py for tasks to queue
[2024-11-20T14:23:43.797+0000] {logging_mixin.py:190} INFO - [2024-11-20T14:23:43.797+0000] {dagbag.py:588} INFO - Filling up the DagBag from /home/airflow/.local/lib/python3.12/site-packages/airflow/example_dags/example_sla_dag.py
[2024-11-20T14:23:43.814+0000] {processor.py:925} INFO - DAG(s) 'example_sla_dag' retrieved from /home/airflow/.local/lib/python3.12/site-packages/airflow/example_dags/example_sla_dag.py
[2024-11-20T14:23:43.843+0000] {logging_mixin.py:190} INFO - [2024-11-20T14:23:43.843+0000] {dag.py:3239} INFO - Sync 1 DAGs
[2024-11-20T14:23:43.891+0000] {logging_mixin.py:190} INFO - [2024-11-20T14:23:43.891+0000] {dag.py:4180} INFO - Setting next_dagrun for example_sla_dag to 2024-11-20 14:20:00+00:00, run_after=2024-11-20 14:22:00+00:00
[2024-11-20T14:23:43.922+0000] {processor.py:208} INFO - Processing /home/airflow/.local/lib/python3.12/site-packages/airflow/example_dags/example_sla_dag.py took 0.140 seconds
[2024-11-20T14:24:15.234+0000] {processor.py:186} INFO - Started process (PID=1059) to work on /home/airflow/.local/lib/python3.12/site-packages/airflow/example_dags/example_sla_dag.py
[2024-11-20T14:24:15.236+0000] {processor.py:914} INFO - Processing file /home/airflow/.local/lib/python3.12/site-packages/airflow/example_dags/example_sla_dag.py for tasks to queue
[2024-11-20T14:24:15.241+0000] {logging_mixin.py:190} INFO - [2024-11-20T14:24:15.240+0000] {dagbag.py:588} INFO - Filling up the DagBag from /home/airflow/.local/lib/python3.12/site-packages/airflow/example_dags/example_sla_dag.py
[2024-11-20T14:24:15.261+0000] {processor.py:925} INFO - DAG(s) 'example_sla_dag' retrieved from /home/airflow/.local/lib/python3.12/site-packages/airflow/example_dags/example_sla_dag.py
[2024-11-20T14:24:15.295+0000] {logging_mixin.py:190} INFO - [2024-11-20T14:24:15.295+0000] {dag.py:3239} INFO - Sync 1 DAGs
[2024-11-20T14:24:15.360+0000] {logging_mixin.py:190} INFO - [2024-11-20T14:24:15.359+0000] {dag.py:4180} INFO - Setting next_dagrun for example_sla_dag to 2024-11-20 14:22:00+00:00, run_after=2024-11-20 14:24:00+00:00
[2024-11-20T14:24:15.414+0000] {processor.py:208} INFO - Processing /home/airflow/.local/lib/python3.12/site-packages/airflow/example_dags/example_sla_dag.py took 0.191 seconds
[2024-11-20T14:24:48.102+0000] {processor.py:186} INFO - Started process (PID=1132) to work on /home/airflow/.local/lib/python3.12/site-packages/airflow/example_dags/example_sla_dag.py
[2024-11-20T14:24:48.107+0000] {processor.py:914} INFO - Processing file /home/airflow/.local/lib/python3.12/site-packages/airflow/example_dags/example_sla_dag.py for tasks to queue
[2024-11-20T14:24:48.111+0000] {logging_mixin.py:190} INFO - [2024-11-20T14:24:48.111+0000] {dagbag.py:588} INFO - Filling up the DagBag from /home/airflow/.local/lib/python3.12/site-packages/airflow/example_dags/example_sla_dag.py
[2024-11-20T14:24:48.133+0000] {processor.py:925} INFO - DAG(s) 'example_sla_dag' retrieved from /home/airflow/.local/lib/python3.12/site-packages/airflow/example_dags/example_sla_dag.py
[2024-11-20T14:24:48.164+0000] {logging_mixin.py:190} INFO - [2024-11-20T14:24:48.164+0000] {dag.py:3239} INFO - Sync 1 DAGs
[2024-11-20T14:24:48.227+0000] {logging_mixin.py:190} INFO - [2024-11-20T14:24:48.226+0000] {dag.py:4180} INFO - Setting next_dagrun for example_sla_dag to 2024-11-20 14:22:00+00:00, run_after=2024-11-20 14:24:00+00:00
[2024-11-20T14:24:48.268+0000] {processor.py:208} INFO - Processing /home/airflow/.local/lib/python3.12/site-packages/airflow/example_dags/example_sla_dag.py took 0.180 seconds
[2024-11-20T14:25:19.650+0000] {processor.py:186} INFO - Started process (PID=1195) to work on /home/airflow/.local/lib/python3.12/site-packages/airflow/example_dags/example_sla_dag.py
[2024-11-20T14:25:19.651+0000] {processor.py:914} INFO - Processing file /home/airflow/.local/lib/python3.12/site-packages/airflow/example_dags/example_sla_dag.py for tasks to queue
[2024-11-20T14:25:19.655+0000] {logging_mixin.py:190} INFO - [2024-11-20T14:25:19.654+0000] {dagbag.py:588} INFO - Filling up the DagBag from /home/airflow/.local/lib/python3.12/site-packages/airflow/example_dags/example_sla_dag.py
[2024-11-20T14:25:19.672+0000] {processor.py:925} INFO - DAG(s) 'example_sla_dag' retrieved from /home/airflow/.local/lib/python3.12/site-packages/airflow/example_dags/example_sla_dag.py
[2024-11-20T14:25:19.701+0000] {logging_mixin.py:190} INFO - [2024-11-20T14:25:19.701+0000] {dag.py:3239} INFO - Sync 1 DAGs
[2024-11-20T14:25:19.750+0000] {logging_mixin.py:190} INFO - [2024-11-20T14:25:19.750+0000] {dag.py:4180} INFO - Setting next_dagrun for example_sla_dag to 2024-11-20 14:22:00+00:00, run_after=2024-11-20 14:24:00+00:00
[2024-11-20T14:25:19.781+0000] {processor.py:208} INFO - Processing /home/airflow/.local/lib/python3.12/site-packages/airflow/example_dags/example_sla_dag.py took 0.143 seconds
[2024-11-20T14:25:51.576+0000] {processor.py:186} INFO - Started process (PID=1258) to work on /home/airflow/.local/lib/python3.12/site-packages/airflow/example_dags/example_sla_dag.py
[2024-11-20T14:25:51.578+0000] {processor.py:914} INFO - Processing file /home/airflow/.local/lib/python3.12/site-packages/airflow/example_dags/example_sla_dag.py for tasks to queue
[2024-11-20T14:25:51.582+0000] {logging_mixin.py:190} INFO - [2024-11-20T14:25:51.581+0000] {dagbag.py:588} INFO - Filling up the DagBag from /home/airflow/.local/lib/python3.12/site-packages/airflow/example_dags/example_sla_dag.py
[2024-11-20T14:25:51.597+0000] {processor.py:925} INFO - DAG(s) 'example_sla_dag' retrieved from /home/airflow/.local/lib/python3.12/site-packages/airflow/example_dags/example_sla_dag.py
[2024-11-20T14:25:51.626+0000] {logging_mixin.py:190} INFO - [2024-11-20T14:25:51.626+0000] {dag.py:3239} INFO - Sync 1 DAGs
[2024-11-20T14:25:51.676+0000] {logging_mixin.py:190} INFO - [2024-11-20T14:25:51.676+0000] {dag.py:4180} INFO - Setting next_dagrun for example_sla_dag to 2024-11-20 14:22:00+00:00, run_after=2024-11-20 14:24:00+00:00
[2024-11-20T14:25:51.702+0000] {processor.py:208} INFO - Processing /home/airflow/.local/lib/python3.12/site-packages/airflow/example_dags/example_sla_dag.py took 0.139 seconds
[2024-11-20T14:26:23.092+0000] {processor.py:186} INFO - Started process (PID=1321) to work on /home/airflow/.local/lib/python3.12/site-packages/airflow/example_dags/example_sla_dag.py
[2024-11-20T14:26:23.093+0000] {processor.py:914} INFO - Processing file /home/airflow/.local/lib/python3.12/site-packages/airflow/example_dags/example_sla_dag.py for tasks to queue
[2024-11-20T14:26:23.097+0000] {logging_mixin.py:190} INFO - [2024-11-20T14:26:23.096+0000] {dagbag.py:588} INFO - Filling up the DagBag from /home/airflow/.local/lib/python3.12/site-packages/airflow/example_dags/example_sla_dag.py
[2024-11-20T14:26:23.113+0000] {processor.py:925} INFO - DAG(s) 'example_sla_dag' retrieved from /home/airflow/.local/lib/python3.12/site-packages/airflow/example_dags/example_sla_dag.py
[2024-11-20T14:26:23.147+0000] {logging_mixin.py:190} INFO - [2024-11-20T14:26:23.146+0000] {dag.py:3239} INFO - Sync 1 DAGs
[2024-11-20T14:26:23.205+0000] {logging_mixin.py:190} INFO - [2024-11-20T14:26:23.205+0000] {dag.py:4180} INFO - Setting next_dagrun for example_sla_dag to 2024-11-20 14:24:00+00:00, run_after=2024-11-20 14:26:00+00:00
[2024-11-20T14:26:23.272+0000] {processor.py:208} INFO - Processing /home/airflow/.local/lib/python3.12/site-packages/airflow/example_dags/example_sla_dag.py took 0.189 seconds
[2024-11-20T14:26:55.280+0000] {processor.py:186} INFO - Started process (PID=1384) to work on /home/airflow/.local/lib/python3.12/site-packages/airflow/example_dags/example_sla_dag.py
[2024-11-20T14:26:55.281+0000] {processor.py:914} INFO - Processing file /home/airflow/.local/lib/python3.12/site-packages/airflow/example_dags/example_sla_dag.py for tasks to queue
[2024-11-20T14:26:55.284+0000] {logging_mixin.py:190} INFO - [2024-11-20T14:26:55.284+0000] {dagbag.py:588} INFO - Filling up the DagBag from /home/airflow/.local/lib/python3.12/site-packages/airflow/example_dags/example_sla_dag.py
[2024-11-20T14:26:55.300+0000] {processor.py:925} INFO - DAG(s) 'example_sla_dag' retrieved from /home/airflow/.local/lib/python3.12/site-packages/airflow/example_dags/example_sla_dag.py
[2024-11-20T14:26:55.328+0000] {logging_mixin.py:190} INFO - [2024-11-20T14:26:55.327+0000] {dag.py:3239} INFO - Sync 1 DAGs
[2024-11-20T14:26:55.371+0000] {logging_mixin.py:190} INFO - [2024-11-20T14:26:55.371+0000] {dag.py:4180} INFO - Setting next_dagrun for example_sla_dag to 2024-11-20 14:24:00+00:00, run_after=2024-11-20 14:26:00+00:00
[2024-11-20T14:26:55.400+0000] {processor.py:208} INFO - Processing /home/airflow/.local/lib/python3.12/site-packages/airflow/example_dags/example_sla_dag.py took 0.132 seconds
[2024-11-20T14:28:13.540+0000] {processor.py:186} INFO - Started process (PID=1453) to work on /home/airflow/.local/lib/python3.12/site-packages/airflow/example_dags/example_sla_dag.py
[2024-11-20T14:28:13.541+0000] {processor.py:914} INFO - Processing file /home/airflow/.local/lib/python3.12/site-packages/airflow/example_dags/example_sla_dag.py for tasks to queue
[2024-11-20T14:28:13.549+0000] {logging_mixin.py:190} INFO - [2024-11-20T14:28:13.548+0000] {dagbag.py:588} INFO - Filling up the DagBag from /home/airflow/.local/lib/python3.12/site-packages/airflow/example_dags/example_sla_dag.py
[2024-11-20T14:28:13.577+0000] {processor.py:925} INFO - DAG(s) 'example_sla_dag' retrieved from /home/airflow/.local/lib/python3.12/site-packages/airflow/example_dags/example_sla_dag.py
[2024-11-20T14:28:13.620+0000] {logging_mixin.py:190} INFO - [2024-11-20T14:28:13.620+0000] {dag.py:3239} INFO - Sync 1 DAGs
[2024-11-20T14:28:13.675+0000] {logging_mixin.py:190} INFO - [2024-11-20T14:28:13.675+0000] {dag.py:4180} INFO - Setting next_dagrun for example_sla_dag to 2024-11-20 14:26:00+00:00, run_after=2024-11-20 14:28:00+00:00
[2024-11-20T14:28:13.784+0000] {processor.py:208} INFO - Processing /home/airflow/.local/lib/python3.12/site-packages/airflow/example_dags/example_sla_dag.py took 0.264 seconds
[2024-11-20T14:28:43.975+0000] {processor.py:186} INFO - Started process (PID=1516) to work on /home/airflow/.local/lib/python3.12/site-packages/airflow/example_dags/example_sla_dag.py
[2024-11-20T14:28:43.976+0000] {processor.py:914} INFO - Processing file /home/airflow/.local/lib/python3.12/site-packages/airflow/example_dags/example_sla_dag.py for tasks to queue
[2024-11-20T14:28:43.979+0000] {logging_mixin.py:190} INFO - [2024-11-20T14:28:43.979+0000] {dagbag.py:588} INFO - Filling up the DagBag from /home/airflow/.local/lib/python3.12/site-packages/airflow/example_dags/example_sla_dag.py
[2024-11-20T14:28:43.995+0000] {processor.py:925} INFO - DAG(s) 'example_sla_dag' retrieved from /home/airflow/.local/lib/python3.12/site-packages/airflow/example_dags/example_sla_dag.py
[2024-11-20T14:28:44.024+0000] {logging_mixin.py:190} INFO - [2024-11-20T14:28:44.023+0000] {dag.py:3239} INFO - Sync 1 DAGs
[2024-11-20T14:28:44.076+0000] {logging_mixin.py:190} INFO - [2024-11-20T14:28:44.076+0000] {dag.py:4180} INFO - Setting next_dagrun for example_sla_dag to 2024-11-20 14:26:00+00:00, run_after=2024-11-20 14:28:00+00:00
[2024-11-20T14:28:44.106+0000] {processor.py:208} INFO - Processing /home/airflow/.local/lib/python3.12/site-packages/airflow/example_dags/example_sla_dag.py took 0.140 seconds
[2024-11-20T14:29:14.413+0000] {processor.py:186} INFO - Started process (PID=1579) to work on /home/airflow/.local/lib/python3.12/site-packages/airflow/example_dags/example_sla_dag.py
[2024-11-20T14:29:14.414+0000] {processor.py:914} INFO - Processing file /home/airflow/.local/lib/python3.12/site-packages/airflow/example_dags/example_sla_dag.py for tasks to queue
[2024-11-20T14:29:14.418+0000] {logging_mixin.py:190} INFO - [2024-11-20T14:29:14.417+0000] {dagbag.py:588} INFO - Filling up the DagBag from /home/airflow/.local/lib/python3.12/site-packages/airflow/example_dags/example_sla_dag.py
[2024-11-20T14:29:14.433+0000] {processor.py:925} INFO - DAG(s) 'example_sla_dag' retrieved from /home/airflow/.local/lib/python3.12/site-packages/airflow/example_dags/example_sla_dag.py
[2024-11-20T14:29:14.466+0000] {logging_mixin.py:190} INFO - [2024-11-20T14:29:14.465+0000] {dag.py:3239} INFO - Sync 1 DAGs
[2024-11-20T14:29:14.522+0000] {logging_mixin.py:190} INFO - [2024-11-20T14:29:14.522+0000] {dag.py:4180} INFO - Setting next_dagrun for example_sla_dag to 2024-11-20 14:26:00+00:00, run_after=2024-11-20 14:28:00+00:00
[2024-11-20T14:29:14.554+0000] {processor.py:208} INFO - Processing /home/airflow/.local/lib/python3.12/site-packages/airflow/example_dags/example_sla_dag.py took 0.150 seconds
[2024-11-20T14:29:45.342+0000] {processor.py:186} INFO - Started process (PID=1640) to work on /home/airflow/.local/lib/python3.12/site-packages/airflow/example_dags/example_sla_dag.py
[2024-11-20T14:29:45.343+0000] {processor.py:914} INFO - Processing file /home/airflow/.local/lib/python3.12/site-packages/airflow/example_dags/example_sla_dag.py for tasks to queue
[2024-11-20T14:29:45.347+0000] {logging_mixin.py:190} INFO - [2024-11-20T14:29:45.346+0000] {dagbag.py:588} INFO - Filling up the DagBag from /home/airflow/.local/lib/python3.12/site-packages/airflow/example_dags/example_sla_dag.py
[2024-11-20T14:29:45.363+0000] {processor.py:925} INFO - DAG(s) 'example_sla_dag' retrieved from /home/airflow/.local/lib/python3.12/site-packages/airflow/example_dags/example_sla_dag.py
[2024-11-20T14:29:45.392+0000] {logging_mixin.py:190} INFO - [2024-11-20T14:29:45.392+0000] {dag.py:3239} INFO - Sync 1 DAGs
[2024-11-20T14:29:45.442+0000] {logging_mixin.py:190} INFO - [2024-11-20T14:29:45.442+0000] {dag.py:4180} INFO - Setting next_dagrun for example_sla_dag to 2024-11-20 14:26:00+00:00, run_after=2024-11-20 14:28:00+00:00
[2024-11-20T14:29:45.477+0000] {processor.py:208} INFO - Processing /home/airflow/.local/lib/python3.12/site-packages/airflow/example_dags/example_sla_dag.py took 0.146 seconds
[2024-11-20T14:30:18.863+0000] {processor.py:186} INFO - Started process (PID=1703) to work on /home/airflow/.local/lib/python3.12/site-packages/airflow/example_dags/example_sla_dag.py
[2024-11-20T14:30:18.865+0000] {processor.py:914} INFO - Processing file /home/airflow/.local/lib/python3.12/site-packages/airflow/example_dags/example_sla_dag.py for tasks to queue
[2024-11-20T14:30:18.883+0000] {logging_mixin.py:190} INFO - [2024-11-20T14:30:18.880+0000] {dagbag.py:588} INFO - Filling up the DagBag from /home/airflow/.local/lib/python3.12/site-packages/airflow/example_dags/example_sla_dag.py
[2024-11-20T14:30:18.912+0000] {processor.py:925} INFO - DAG(s) 'example_sla_dag' retrieved from /home/airflow/.local/lib/python3.12/site-packages/airflow/example_dags/example_sla_dag.py
[2024-11-20T14:30:18.965+0000] {logging_mixin.py:190} INFO - [2024-11-20T14:30:18.965+0000] {dag.py:3239} INFO - Sync 1 DAGs
[2024-11-20T14:30:19.050+0000] {logging_mixin.py:190} INFO - [2024-11-20T14:30:19.049+0000] {dag.py:4180} INFO - Setting next_dagrun for example_sla_dag to 2024-11-20 14:28:00+00:00, run_after=2024-11-20 14:30:00+00:00
[2024-11-20T14:30:19.114+0000] {processor.py:208} INFO - Processing /home/airflow/.local/lib/python3.12/site-packages/airflow/example_dags/example_sla_dag.py took 0.266 seconds
[2024-11-20T14:30:53.052+0000] {processor.py:186} INFO - Started process (PID=1766) to work on /home/airflow/.local/lib/python3.12/site-packages/airflow/example_dags/example_sla_dag.py
[2024-11-20T14:30:53.055+0000] {processor.py:914} INFO - Processing file /home/airflow/.local/lib/python3.12/site-packages/airflow/example_dags/example_sla_dag.py for tasks to queue
[2024-11-20T14:30:53.062+0000] {logging_mixin.py:190} INFO - [2024-11-20T14:30:53.061+0000] {dagbag.py:588} INFO - Filling up the DagBag from /home/airflow/.local/lib/python3.12/site-packages/airflow/example_dags/example_sla_dag.py
[2024-11-20T14:30:53.089+0000] {processor.py:925} INFO - DAG(s) 'example_sla_dag' retrieved from /home/airflow/.local/lib/python3.12/site-packages/airflow/example_dags/example_sla_dag.py
[2024-11-20T14:30:53.147+0000] {logging_mixin.py:190} INFO - [2024-11-20T14:30:53.147+0000] {dag.py:3239} INFO - Sync 1 DAGs
[2024-11-20T14:30:53.231+0000] {logging_mixin.py:190} INFO - [2024-11-20T14:30:53.231+0000] {dag.py:4180} INFO - Setting next_dagrun for example_sla_dag to 2024-11-20 14:28:00+00:00, run_after=2024-11-20 14:30:00+00:00
[2024-11-20T14:30:53.278+0000] {processor.py:208} INFO - Processing /home/airflow/.local/lib/python3.12/site-packages/airflow/example_dags/example_sla_dag.py took 0.245 seconds
[2024-11-20T14:31:26.167+0000] {processor.py:186} INFO - Started process (PID=1829) to work on /home/airflow/.local/lib/python3.12/site-packages/airflow/example_dags/example_sla_dag.py
[2024-11-20T14:31:26.169+0000] {processor.py:914} INFO - Processing file /home/airflow/.local/lib/python3.12/site-packages/airflow/example_dags/example_sla_dag.py for tasks to queue
[2024-11-20T14:31:26.175+0000] {logging_mixin.py:190} INFO - [2024-11-20T14:31:26.174+0000] {dagbag.py:588} INFO - Filling up the DagBag from /home/airflow/.local/lib/python3.12/site-packages/airflow/example_dags/example_sla_dag.py
[2024-11-20T14:31:26.203+0000] {processor.py:925} INFO - DAG(s) 'example_sla_dag' retrieved from /home/airflow/.local/lib/python3.12/site-packages/airflow/example_dags/example_sla_dag.py
[2024-11-20T14:31:26.249+0000] {logging_mixin.py:190} INFO - [2024-11-20T14:31:26.249+0000] {dag.py:3239} INFO - Sync 1 DAGs
[2024-11-20T14:31:26.318+0000] {logging_mixin.py:190} INFO - [2024-11-20T14:31:26.318+0000] {dag.py:4180} INFO - Setting next_dagrun for example_sla_dag to 2024-11-20 14:28:00+00:00, run_after=2024-11-20 14:30:00+00:00
[2024-11-20T14:31:26.357+0000] {processor.py:208} INFO - Processing /home/airflow/.local/lib/python3.12/site-packages/airflow/example_dags/example_sla_dag.py took 0.205 seconds
[2024-11-20T14:31:59.263+0000] {processor.py:186} INFO - Started process (PID=1893) to work on /home/airflow/.local/lib/python3.12/site-packages/airflow/example_dags/example_sla_dag.py
[2024-11-20T14:31:59.265+0000] {processor.py:914} INFO - Processing file /home/airflow/.local/lib/python3.12/site-packages/airflow/example_dags/example_sla_dag.py for tasks to queue
[2024-11-20T14:31:59.275+0000] {logging_mixin.py:190} INFO - [2024-11-20T14:31:59.274+0000] {dagbag.py:588} INFO - Filling up the DagBag from /home/airflow/.local/lib/python3.12/site-packages/airflow/example_dags/example_sla_dag.py
[2024-11-20T14:31:59.313+0000] {processor.py:925} INFO - DAG(s) 'example_sla_dag' retrieved from /home/airflow/.local/lib/python3.12/site-packages/airflow/example_dags/example_sla_dag.py
[2024-11-20T14:31:59.370+0000] {logging_mixin.py:190} INFO - [2024-11-20T14:31:59.370+0000] {dag.py:3239} INFO - Sync 1 DAGs
[2024-11-20T14:31:59.481+0000] {logging_mixin.py:190} INFO - [2024-11-20T14:31:59.480+0000] {dag.py:4180} INFO - Setting next_dagrun for example_sla_dag to 2024-11-20 14:28:00+00:00, run_after=2024-11-20 14:30:00+00:00
[2024-11-20T14:31:59.549+0000] {processor.py:208} INFO - Processing /home/airflow/.local/lib/python3.12/site-packages/airflow/example_dags/example_sla_dag.py took 0.304 seconds
[2024-11-20T14:32:29.762+0000] {processor.py:186} INFO - Started process (PID=1955) to work on /home/airflow/.local/lib/python3.12/site-packages/airflow/example_dags/example_sla_dag.py
[2024-11-20T14:32:29.763+0000] {processor.py:914} INFO - Processing file /home/airflow/.local/lib/python3.12/site-packages/airflow/example_dags/example_sla_dag.py for tasks to queue
[2024-11-20T14:32:29.767+0000] {logging_mixin.py:190} INFO - [2024-11-20T14:32:29.767+0000] {dagbag.py:588} INFO - Filling up the DagBag from /home/airflow/.local/lib/python3.12/site-packages/airflow/example_dags/example_sla_dag.py
[2024-11-20T14:32:29.783+0000] {processor.py:925} INFO - DAG(s) 'example_sla_dag' retrieved from /home/airflow/.local/lib/python3.12/site-packages/airflow/example_dags/example_sla_dag.py
[2024-11-20T14:32:29.809+0000] {logging_mixin.py:190} INFO - [2024-11-20T14:32:29.808+0000] {dag.py:3239} INFO - Sync 1 DAGs
[2024-11-20T14:32:29.851+0000] {logging_mixin.py:190} INFO - [2024-11-20T14:32:29.851+0000] {dag.py:4180} INFO - Setting next_dagrun for example_sla_dag to 2024-11-20 14:30:00+00:00, run_after=2024-11-20 14:32:00+00:00
[2024-11-20T14:32:29.876+0000] {processor.py:208} INFO - Processing /home/airflow/.local/lib/python3.12/site-packages/airflow/example_dags/example_sla_dag.py took 0.123 seconds
[2024-11-20T14:32:59.927+0000] {processor.py:186} INFO - Started process (PID=2017) to work on /home/airflow/.local/lib/python3.12/site-packages/airflow/example_dags/example_sla_dag.py
[2024-11-20T14:32:59.929+0000] {processor.py:914} INFO - Processing file /home/airflow/.local/lib/python3.12/site-packages/airflow/example_dags/example_sla_dag.py for tasks to queue
[2024-11-20T14:32:59.932+0000] {logging_mixin.py:190} INFO - [2024-11-20T14:32:59.932+0000] {dagbag.py:588} INFO - Filling up the DagBag from /home/airflow/.local/lib/python3.12/site-packages/airflow/example_dags/example_sla_dag.py
[2024-11-20T14:32:59.951+0000] {processor.py:925} INFO - DAG(s) 'example_sla_dag' retrieved from /home/airflow/.local/lib/python3.12/site-packages/airflow/example_dags/example_sla_dag.py
[2024-11-20T14:32:59.984+0000] {logging_mixin.py:190} INFO - [2024-11-20T14:32:59.984+0000] {dag.py:3239} INFO - Sync 1 DAGs
[2024-11-20T14:33:00.037+0000] {logging_mixin.py:190} INFO - [2024-11-20T14:33:00.036+0000] {dag.py:4180} INFO - Setting next_dagrun for example_sla_dag to 2024-11-20 14:30:00+00:00, run_after=2024-11-20 14:32:00+00:00
[2024-11-20T14:33:00.064+0000] {processor.py:208} INFO - Processing /home/airflow/.local/lib/python3.12/site-packages/airflow/example_dags/example_sla_dag.py took 0.147 seconds
[2024-11-20T14:33:30.577+0000] {processor.py:186} INFO - Started process (PID=2080) to work on /home/airflow/.local/lib/python3.12/site-packages/airflow/example_dags/example_sla_dag.py
[2024-11-20T14:33:30.578+0000] {processor.py:914} INFO - Processing file /home/airflow/.local/lib/python3.12/site-packages/airflow/example_dags/example_sla_dag.py for tasks to queue
[2024-11-20T14:33:30.583+0000] {logging_mixin.py:190} INFO - [2024-11-20T14:33:30.582+0000] {dagbag.py:588} INFO - Filling up the DagBag from /home/airflow/.local/lib/python3.12/site-packages/airflow/example_dags/example_sla_dag.py
[2024-11-20T14:33:30.606+0000] {processor.py:925} INFO - DAG(s) 'example_sla_dag' retrieved from /home/airflow/.local/lib/python3.12/site-packages/airflow/example_dags/example_sla_dag.py
[2024-11-20T14:33:30.643+0000] {logging_mixin.py:190} INFO - [2024-11-20T14:33:30.642+0000] {dag.py:3239} INFO - Sync 1 DAGs
[2024-11-20T14:33:30.698+0000] {logging_mixin.py:190} INFO - [2024-11-20T14:33:30.698+0000] {dag.py:4180} INFO - Setting next_dagrun for example_sla_dag to 2024-11-20 14:30:00+00:00, run_after=2024-11-20 14:32:00+00:00
[2024-11-20T14:33:30.735+0000] {processor.py:208} INFO - Processing /home/airflow/.local/lib/python3.12/site-packages/airflow/example_dags/example_sla_dag.py took 0.172 seconds
[2024-11-20T14:34:01.648+0000] {processor.py:186} INFO - Started process (PID=2143) to work on /home/airflow/.local/lib/python3.12/site-packages/airflow/example_dags/example_sla_dag.py
[2024-11-20T14:34:01.653+0000] {processor.py:914} INFO - Processing file /home/airflow/.local/lib/python3.12/site-packages/airflow/example_dags/example_sla_dag.py for tasks to queue
[2024-11-20T14:34:01.657+0000] {logging_mixin.py:190} INFO - [2024-11-20T14:34:01.656+0000] {dagbag.py:588} INFO - Filling up the DagBag from /home/airflow/.local/lib/python3.12/site-packages/airflow/example_dags/example_sla_dag.py
[2024-11-20T14:34:01.679+0000] {processor.py:925} INFO - DAG(s) 'example_sla_dag' retrieved from /home/airflow/.local/lib/python3.12/site-packages/airflow/example_dags/example_sla_dag.py
[2024-11-20T14:34:01.717+0000] {logging_mixin.py:190} INFO - [2024-11-20T14:34:01.717+0000] {dag.py:3239} INFO - Sync 1 DAGs
[2024-11-20T14:34:01.781+0000] {logging_mixin.py:190} INFO - [2024-11-20T14:34:01.780+0000] {dag.py:4180} INFO - Setting next_dagrun for example_sla_dag to 2024-11-20 14:32:00+00:00, run_after=2024-11-20 14:34:00+00:00
[2024-11-20T14:34:01.817+0000] {processor.py:208} INFO - Processing /home/airflow/.local/lib/python3.12/site-packages/airflow/example_dags/example_sla_dag.py took 0.183 seconds
[2024-11-20T14:34:31.922+0000] {processor.py:186} INFO - Started process (PID=2205) to work on /home/airflow/.local/lib/python3.12/site-packages/airflow/example_dags/example_sla_dag.py
[2024-11-20T14:34:31.924+0000] {processor.py:914} INFO - Processing file /home/airflow/.local/lib/python3.12/site-packages/airflow/example_dags/example_sla_dag.py for tasks to queue
[2024-11-20T14:34:31.927+0000] {logging_mixin.py:190} INFO - [2024-11-20T14:34:31.927+0000] {dagbag.py:588} INFO - Filling up the DagBag from /home/airflow/.local/lib/python3.12/site-packages/airflow/example_dags/example_sla_dag.py
[2024-11-20T14:34:31.944+0000] {processor.py:925} INFO - DAG(s) 'example_sla_dag' retrieved from /home/airflow/.local/lib/python3.12/site-packages/airflow/example_dags/example_sla_dag.py
[2024-11-20T14:34:31.976+0000] {logging_mixin.py:190} INFO - [2024-11-20T14:34:31.975+0000] {dag.py:3239} INFO - Sync 1 DAGs
[2024-11-20T14:34:32.028+0000] {logging_mixin.py:190} INFO - [2024-11-20T14:34:32.028+0000] {dag.py:4180} INFO - Setting next_dagrun for example_sla_dag to 2024-11-20 14:32:00+00:00, run_after=2024-11-20 14:34:00+00:00
[2024-11-20T14:34:32.061+0000] {processor.py:208} INFO - Processing /home/airflow/.local/lib/python3.12/site-packages/airflow/example_dags/example_sla_dag.py took 0.150 seconds
[2024-11-20T14:35:02.984+0000] {processor.py:186} INFO - Started process (PID=2268) to work on /home/airflow/.local/lib/python3.12/site-packages/airflow/example_dags/example_sla_dag.py
[2024-11-20T14:35:02.985+0000] {processor.py:914} INFO - Processing file /home/airflow/.local/lib/python3.12/site-packages/airflow/example_dags/example_sla_dag.py for tasks to queue
[2024-11-20T14:35:02.990+0000] {logging_mixin.py:190} INFO - [2024-11-20T14:35:02.988+0000] {dagbag.py:588} INFO - Filling up the DagBag from /home/airflow/.local/lib/python3.12/site-packages/airflow/example_dags/example_sla_dag.py
[2024-11-20T14:35:03.008+0000] {processor.py:925} INFO - DAG(s) 'example_sla_dag' retrieved from /home/airflow/.local/lib/python3.12/site-packages/airflow/example_dags/example_sla_dag.py
[2024-11-20T14:35:03.039+0000] {logging_mixin.py:190} INFO - [2024-11-20T14:35:03.039+0000] {dag.py:3239} INFO - Sync 1 DAGs
[2024-11-20T14:35:03.096+0000] {logging_mixin.py:190} INFO - [2024-11-20T14:35:03.096+0000] {dag.py:4180} INFO - Setting next_dagrun for example_sla_dag to 2024-11-20 14:32:00+00:00, run_after=2024-11-20 14:34:00+00:00
[2024-11-20T14:35:03.124+0000] {processor.py:208} INFO - Processing /home/airflow/.local/lib/python3.12/site-packages/airflow/example_dags/example_sla_dag.py took 0.150 seconds
[2024-11-20T14:35:33.422+0000] {processor.py:186} INFO - Started process (PID=2330) to work on /home/airflow/.local/lib/python3.12/site-packages/airflow/example_dags/example_sla_dag.py
[2024-11-20T14:35:33.423+0000] {processor.py:914} INFO - Processing file /home/airflow/.local/lib/python3.12/site-packages/airflow/example_dags/example_sla_dag.py for tasks to queue
[2024-11-20T14:35:33.428+0000] {logging_mixin.py:190} INFO - [2024-11-20T14:35:33.427+0000] {dagbag.py:588} INFO - Filling up the DagBag from /home/airflow/.local/lib/python3.12/site-packages/airflow/example_dags/example_sla_dag.py
[2024-11-20T14:35:33.445+0000] {processor.py:925} INFO - DAG(s) 'example_sla_dag' retrieved from /home/airflow/.local/lib/python3.12/site-packages/airflow/example_dags/example_sla_dag.py
[2024-11-20T14:35:33.475+0000] {logging_mixin.py:190} INFO - [2024-11-20T14:35:33.474+0000] {dag.py:3239} INFO - Sync 1 DAGs
[2024-11-20T14:35:33.521+0000] {logging_mixin.py:190} INFO - [2024-11-20T14:35:33.521+0000] {dag.py:4180} INFO - Setting next_dagrun for example_sla_dag to 2024-11-20 14:32:00+00:00, run_after=2024-11-20 14:34:00+00:00
[2024-11-20T14:35:33.553+0000] {processor.py:208} INFO - Processing /home/airflow/.local/lib/python3.12/site-packages/airflow/example_dags/example_sla_dag.py took 0.145 seconds
[2024-11-20T14:36:04.169+0000] {processor.py:186} INFO - Started process (PID=2393) to work on /home/airflow/.local/lib/python3.12/site-packages/airflow/example_dags/example_sla_dag.py
[2024-11-20T14:36:04.171+0000] {processor.py:914} INFO - Processing file /home/airflow/.local/lib/python3.12/site-packages/airflow/example_dags/example_sla_dag.py for tasks to queue
[2024-11-20T14:36:04.176+0000] {logging_mixin.py:190} INFO - [2024-11-20T14:36:04.176+0000] {dagbag.py:588} INFO - Filling up the DagBag from /home/airflow/.local/lib/python3.12/site-packages/airflow/example_dags/example_sla_dag.py
[2024-11-20T14:36:04.198+0000] {processor.py:925} INFO - DAG(s) 'example_sla_dag' retrieved from /home/airflow/.local/lib/python3.12/site-packages/airflow/example_dags/example_sla_dag.py
[2024-11-20T14:36:04.237+0000] {logging_mixin.py:190} INFO - [2024-11-20T14:36:04.237+0000] {dag.py:3239} INFO - Sync 1 DAGs
[2024-11-20T14:36:04.303+0000] {logging_mixin.py:190} INFO - [2024-11-20T14:36:04.302+0000] {dag.py:4180} INFO - Setting next_dagrun for example_sla_dag to 2024-11-20 14:34:00+00:00, run_after=2024-11-20 14:36:00+00:00
[2024-11-20T14:36:04.347+0000] {processor.py:208} INFO - Processing /home/airflow/.local/lib/python3.12/site-packages/airflow/example_dags/example_sla_dag.py took 0.188 seconds
[2024-11-20T14:36:34.458+0000] {processor.py:186} INFO - Started process (PID=2455) to work on /home/airflow/.local/lib/python3.12/site-packages/airflow/example_dags/example_sla_dag.py
[2024-11-20T14:36:34.461+0000] {processor.py:914} INFO - Processing file /home/airflow/.local/lib/python3.12/site-packages/airflow/example_dags/example_sla_dag.py for tasks to queue
[2024-11-20T14:36:34.466+0000] {logging_mixin.py:190} INFO - [2024-11-20T14:36:34.465+0000] {dagbag.py:588} INFO - Filling up the DagBag from /home/airflow/.local/lib/python3.12/site-packages/airflow/example_dags/example_sla_dag.py
[2024-11-20T14:36:34.482+0000] {processor.py:925} INFO - DAG(s) 'example_sla_dag' retrieved from /home/airflow/.local/lib/python3.12/site-packages/airflow/example_dags/example_sla_dag.py
[2024-11-20T14:36:34.519+0000] {logging_mixin.py:190} INFO - [2024-11-20T14:36:34.518+0000] {dag.py:3239} INFO - Sync 1 DAGs
[2024-11-20T14:36:34.565+0000] {logging_mixin.py:190} INFO - [2024-11-20T14:36:34.565+0000] {dag.py:4180} INFO - Setting next_dagrun for example_sla_dag to 2024-11-20 14:34:00+00:00, run_after=2024-11-20 14:36:00+00:00
[2024-11-20T14:36:34.605+0000] {processor.py:208} INFO - Processing /home/airflow/.local/lib/python3.12/site-packages/airflow/example_dags/example_sla_dag.py took 0.162 seconds
[2024-11-20T14:37:05.184+0000] {processor.py:186} INFO - Started process (PID=2518) to work on /home/airflow/.local/lib/python3.12/site-packages/airflow/example_dags/example_sla_dag.py
[2024-11-20T14:37:05.186+0000] {processor.py:914} INFO - Processing file /home/airflow/.local/lib/python3.12/site-packages/airflow/example_dags/example_sla_dag.py for tasks to queue
[2024-11-20T14:37:05.193+0000] {logging_mixin.py:190} INFO - [2024-11-20T14:37:05.192+0000] {dagbag.py:588} INFO - Filling up the DagBag from /home/airflow/.local/lib/python3.12/site-packages/airflow/example_dags/example_sla_dag.py
[2024-11-20T14:37:05.226+0000] {processor.py:925} INFO - DAG(s) 'example_sla_dag' retrieved from /home/airflow/.local/lib/python3.12/site-packages/airflow/example_dags/example_sla_dag.py
[2024-11-20T14:37:05.266+0000] {logging_mixin.py:190} INFO - [2024-11-20T14:37:05.265+0000] {dag.py:3239} INFO - Sync 1 DAGs
[2024-11-20T14:37:05.344+0000] {logging_mixin.py:190} INFO - [2024-11-20T14:37:05.343+0000] {dag.py:4180} INFO - Setting next_dagrun for example_sla_dag to 2024-11-20 14:34:00+00:00, run_after=2024-11-20 14:36:00+00:00
[2024-11-20T14:37:05.390+0000] {processor.py:208} INFO - Processing /home/airflow/.local/lib/python3.12/site-packages/airflow/example_dags/example_sla_dag.py took 0.220 seconds
[2024-11-20T14:37:35.840+0000] {processor.py:186} INFO - Started process (PID=2580) to work on /home/airflow/.local/lib/python3.12/site-packages/airflow/example_dags/example_sla_dag.py
[2024-11-20T14:37:35.844+0000] {processor.py:914} INFO - Processing file /home/airflow/.local/lib/python3.12/site-packages/airflow/example_dags/example_sla_dag.py for tasks to queue
[2024-11-20T14:37:35.850+0000] {logging_mixin.py:190} INFO - [2024-11-20T14:37:35.850+0000] {dagbag.py:588} INFO - Filling up the DagBag from /home/airflow/.local/lib/python3.12/site-packages/airflow/example_dags/example_sla_dag.py
[2024-11-20T14:37:35.885+0000] {processor.py:925} INFO - DAG(s) 'example_sla_dag' retrieved from /home/airflow/.local/lib/python3.12/site-packages/airflow/example_dags/example_sla_dag.py
[2024-11-20T14:37:35.943+0000] {logging_mixin.py:190} INFO - [2024-11-20T14:37:35.942+0000] {dag.py:3239} INFO - Sync 1 DAGs
[2024-11-20T14:37:36.036+0000] {logging_mixin.py:190} INFO - [2024-11-20T14:37:36.036+0000] {dag.py:4180} INFO - Setting next_dagrun for example_sla_dag to 2024-11-20 14:34:00+00:00, run_after=2024-11-20 14:36:00+00:00
[2024-11-20T14:37:36.084+0000] {processor.py:208} INFO - Processing /home/airflow/.local/lib/python3.12/site-packages/airflow/example_dags/example_sla_dag.py took 0.264 seconds
[2024-11-20T14:38:06.203+0000] {processor.py:186} INFO - Started process (PID=2642) to work on /home/airflow/.local/lib/python3.12/site-packages/airflow/example_dags/example_sla_dag.py
[2024-11-20T14:38:06.205+0000] {processor.py:914} INFO - Processing file /home/airflow/.local/lib/python3.12/site-packages/airflow/example_dags/example_sla_dag.py for tasks to queue
[2024-11-20T14:38:06.209+0000] {logging_mixin.py:190} INFO - [2024-11-20T14:38:06.209+0000] {dagbag.py:588} INFO - Filling up the DagBag from /home/airflow/.local/lib/python3.12/site-packages/airflow/example_dags/example_sla_dag.py
[2024-11-20T14:38:06.230+0000] {processor.py:925} INFO - DAG(s) 'example_sla_dag' retrieved from /home/airflow/.local/lib/python3.12/site-packages/airflow/example_dags/example_sla_dag.py
[2024-11-20T14:38:06.260+0000] {logging_mixin.py:190} INFO - [2024-11-20T14:38:06.259+0000] {dag.py:3239} INFO - Sync 1 DAGs
[2024-11-20T14:38:06.303+0000] {logging_mixin.py:190} INFO - [2024-11-20T14:38:06.303+0000] {dag.py:4180} INFO - Setting next_dagrun for example_sla_dag to 2024-11-20 14:36:00+00:00, run_after=2024-11-20 14:38:00+00:00
[2024-11-20T14:38:06.329+0000] {processor.py:208} INFO - Processing /home/airflow/.local/lib/python3.12/site-packages/airflow/example_dags/example_sla_dag.py took 0.141 seconds
