[2024-11-20T14:16:20.897+0000] {processor.py:186} INFO - Started process (PID=113) to work on /home/airflow/.local/lib/python3.12/site-packages/airflow/example_dags/example_short_circuit_decorator.py
[2024-11-20T14:16:20.898+0000] {processor.py:914} INFO - Processing file /home/airflow/.local/lib/python3.12/site-packages/airflow/example_dags/example_short_circuit_decorator.py for tasks to queue
[2024-11-20T14:16:20.902+0000] {logging_mixin.py:190} INFO - [2024-11-20T14:16:20.901+0000] {dagbag.py:588} INFO - Filling up the DagBag from /home/airflow/.local/lib/python3.12/site-packages/airflow/example_dags/example_short_circuit_decorator.py
[2024-11-20T14:16:20.930+0000] {processor.py:925} INFO - DAG(s) 'example_short_circuit_decorator' retrieved from /home/airflow/.local/lib/python3.12/site-packages/airflow/example_dags/example_short_circuit_decorator.py
[2024-11-20T14:16:21.445+0000] {logging_mixin.py:190} INFO - [2024-11-20T14:16:21.444+0000] {override.py:1911} INFO - Created Permission View: can delete on DAG:example_short_circuit_decorator
[2024-11-20T14:16:21.510+0000] {logging_mixin.py:190} INFO - [2024-11-20T14:16:21.509+0000] {override.py:1911} INFO - Created Permission View: can read on DAG:example_short_circuit_decorator
[2024-11-20T14:16:21.552+0000] {logging_mixin.py:190} INFO - [2024-11-20T14:16:21.551+0000] {override.py:1911} INFO - Created Permission View: can edit on DAG:example_short_circuit_decorator
[2024-11-20T14:16:21.590+0000] {logging_mixin.py:190} INFO - [2024-11-20T14:16:21.589+0000] {override.py:1911} INFO - Created Permission View: can delete on DAG Run:example_short_circuit_decorator
[2024-11-20T14:16:21.614+0000] {logging_mixin.py:190} INFO - [2024-11-20T14:16:21.614+0000] {override.py:1911} INFO - Created Permission View: menu access on DAG Run:example_short_circuit_decorator
[2024-11-20T14:16:21.656+0000] {logging_mixin.py:190} INFO - [2024-11-20T14:16:21.656+0000] {override.py:1911} INFO - Created Permission View: can read on DAG Run:example_short_circuit_decorator
[2024-11-20T14:16:21.699+0000] {logging_mixin.py:190} INFO - [2024-11-20T14:16:21.698+0000] {override.py:1911} INFO - Created Permission View: can create on DAG Run:example_short_circuit_decorator
[2024-11-20T14:16:21.699+0000] {logging_mixin.py:190} INFO - [2024-11-20T14:16:21.699+0000] {dag.py:3239} INFO - Sync 1 DAGs
[2024-11-20T14:16:21.731+0000] {logging_mixin.py:190} INFO - [2024-11-20T14:16:21.731+0000] {dag.py:3262} INFO - Creating ORM DAG for example_short_circuit_decorator
[2024-11-20T14:16:21.733+0000] {logging_mixin.py:190} INFO - [2024-11-20T14:16:21.733+0000] {dag.py:4180} INFO - Setting next_dagrun for example_short_circuit_decorator to None, run_after=None
[2024-11-20T14:16:21.770+0000] {processor.py:208} INFO - Processing /home/airflow/.local/lib/python3.12/site-packages/airflow/example_dags/example_short_circuit_decorator.py took 0.887 seconds
[2024-11-20T14:16:52.003+0000] {processor.py:186} INFO - Started process (PID=176) to work on /home/airflow/.local/lib/python3.12/site-packages/airflow/example_dags/example_short_circuit_decorator.py
[2024-11-20T14:16:52.005+0000] {processor.py:914} INFO - Processing file /home/airflow/.local/lib/python3.12/site-packages/airflow/example_dags/example_short_circuit_decorator.py for tasks to queue
[2024-11-20T14:16:52.014+0000] {logging_mixin.py:190} INFO - [2024-11-20T14:16:52.013+0000] {dagbag.py:588} INFO - Filling up the DagBag from /home/airflow/.local/lib/python3.12/site-packages/airflow/example_dags/example_short_circuit_decorator.py
[2024-11-20T14:16:52.042+0000] {processor.py:925} INFO - DAG(s) 'example_short_circuit_decorator' retrieved from /home/airflow/.local/lib/python3.12/site-packages/airflow/example_dags/example_short_circuit_decorator.py
[2024-11-20T14:16:52.096+0000] {logging_mixin.py:190} INFO - [2024-11-20T14:16:52.096+0000] {dag.py:3239} INFO - Sync 1 DAGs
[2024-11-20T14:16:52.130+0000] {logging_mixin.py:190} INFO - [2024-11-20T14:16:52.130+0000] {dag.py:4180} INFO - Setting next_dagrun for example_short_circuit_decorator to None, run_after=None
[2024-11-20T14:16:52.160+0000] {processor.py:208} INFO - Processing /home/airflow/.local/lib/python3.12/site-packages/airflow/example_dags/example_short_circuit_decorator.py took 0.175 seconds
[2024-11-20T14:17:22.723+0000] {processor.py:186} INFO - Started process (PID=239) to work on /home/airflow/.local/lib/python3.12/site-packages/airflow/example_dags/example_short_circuit_decorator.py
[2024-11-20T14:17:22.724+0000] {processor.py:914} INFO - Processing file /home/airflow/.local/lib/python3.12/site-packages/airflow/example_dags/example_short_circuit_decorator.py for tasks to queue
[2024-11-20T14:17:22.727+0000] {logging_mixin.py:190} INFO - [2024-11-20T14:17:22.727+0000] {dagbag.py:588} INFO - Filling up the DagBag from /home/airflow/.local/lib/python3.12/site-packages/airflow/example_dags/example_short_circuit_decorator.py
[2024-11-20T14:17:22.743+0000] {processor.py:925} INFO - DAG(s) 'example_short_circuit_decorator' retrieved from /home/airflow/.local/lib/python3.12/site-packages/airflow/example_dags/example_short_circuit_decorator.py
[2024-11-20T14:17:22.785+0000] {logging_mixin.py:190} INFO - [2024-11-20T14:17:22.784+0000] {dag.py:3239} INFO - Sync 1 DAGs
[2024-11-20T14:17:22.808+0000] {logging_mixin.py:190} INFO - [2024-11-20T14:17:22.808+0000] {dag.py:4180} INFO - Setting next_dagrun for example_short_circuit_decorator to None, run_after=None
[2024-11-20T14:17:22.836+0000] {processor.py:208} INFO - Processing /home/airflow/.local/lib/python3.12/site-packages/airflow/example_dags/example_short_circuit_decorator.py took 0.122 seconds
[2024-11-20T14:17:53.350+0000] {processor.py:186} INFO - Started process (PID=302) to work on /home/airflow/.local/lib/python3.12/site-packages/airflow/example_dags/example_short_circuit_decorator.py
[2024-11-20T14:17:53.351+0000] {processor.py:914} INFO - Processing file /home/airflow/.local/lib/python3.12/site-packages/airflow/example_dags/example_short_circuit_decorator.py for tasks to queue
[2024-11-20T14:17:53.354+0000] {logging_mixin.py:190} INFO - [2024-11-20T14:17:53.353+0000] {dagbag.py:588} INFO - Filling up the DagBag from /home/airflow/.local/lib/python3.12/site-packages/airflow/example_dags/example_short_circuit_decorator.py
[2024-11-20T14:17:53.370+0000] {processor.py:925} INFO - DAG(s) 'example_short_circuit_decorator' retrieved from /home/airflow/.local/lib/python3.12/site-packages/airflow/example_dags/example_short_circuit_decorator.py
[2024-11-20T14:17:53.402+0000] {logging_mixin.py:190} INFO - [2024-11-20T14:17:53.401+0000] {dag.py:3239} INFO - Sync 1 DAGs
[2024-11-20T14:17:53.423+0000] {logging_mixin.py:190} INFO - [2024-11-20T14:17:53.422+0000] {dag.py:4180} INFO - Setting next_dagrun for example_short_circuit_decorator to None, run_after=None
[2024-11-20T14:17:53.449+0000] {processor.py:208} INFO - Processing /home/airflow/.local/lib/python3.12/site-packages/airflow/example_dags/example_short_circuit_decorator.py took 0.109 seconds
[2024-11-20T14:18:24.255+0000] {processor.py:186} INFO - Started process (PID=364) to work on /home/airflow/.local/lib/python3.12/site-packages/airflow/example_dags/example_short_circuit_decorator.py
[2024-11-20T14:18:24.256+0000] {processor.py:914} INFO - Processing file /home/airflow/.local/lib/python3.12/site-packages/airflow/example_dags/example_short_circuit_decorator.py for tasks to queue
[2024-11-20T14:18:24.260+0000] {logging_mixin.py:190} INFO - [2024-11-20T14:18:24.260+0000] {dagbag.py:588} INFO - Filling up the DagBag from /home/airflow/.local/lib/python3.12/site-packages/airflow/example_dags/example_short_circuit_decorator.py
[2024-11-20T14:18:24.279+0000] {processor.py:925} INFO - DAG(s) 'example_short_circuit_decorator' retrieved from /home/airflow/.local/lib/python3.12/site-packages/airflow/example_dags/example_short_circuit_decorator.py
[2024-11-20T14:18:24.317+0000] {logging_mixin.py:190} INFO - [2024-11-20T14:18:24.317+0000] {dag.py:3239} INFO - Sync 1 DAGs
[2024-11-20T14:18:24.342+0000] {logging_mixin.py:190} INFO - [2024-11-20T14:18:24.342+0000] {dag.py:4180} INFO - Setting next_dagrun for example_short_circuit_decorator to None, run_after=None
[2024-11-20T14:18:24.372+0000] {processor.py:208} INFO - Processing /home/airflow/.local/lib/python3.12/site-packages/airflow/example_dags/example_short_circuit_decorator.py took 0.130 seconds
[2024-11-20T14:18:56.728+0000] {processor.py:186} INFO - Started process (PID=427) to work on /home/airflow/.local/lib/python3.12/site-packages/airflow/example_dags/example_short_circuit_decorator.py
[2024-11-20T14:18:56.729+0000] {processor.py:914} INFO - Processing file /home/airflow/.local/lib/python3.12/site-packages/airflow/example_dags/example_short_circuit_decorator.py for tasks to queue
[2024-11-20T14:18:56.739+0000] {logging_mixin.py:190} INFO - [2024-11-20T14:18:56.738+0000] {dagbag.py:588} INFO - Filling up the DagBag from /home/airflow/.local/lib/python3.12/site-packages/airflow/example_dags/example_short_circuit_decorator.py
[2024-11-20T14:18:56.780+0000] {processor.py:925} INFO - DAG(s) 'example_short_circuit_decorator' retrieved from /home/airflow/.local/lib/python3.12/site-packages/airflow/example_dags/example_short_circuit_decorator.py
[2024-11-20T14:18:56.873+0000] {logging_mixin.py:190} INFO - [2024-11-20T14:18:56.873+0000] {dag.py:3239} INFO - Sync 1 DAGs
[2024-11-20T14:18:56.907+0000] {logging_mixin.py:190} INFO - [2024-11-20T14:18:56.907+0000] {dag.py:4180} INFO - Setting next_dagrun for example_short_circuit_decorator to None, run_after=None
[2024-11-20T14:18:56.971+0000] {processor.py:208} INFO - Processing /home/airflow/.local/lib/python3.12/site-packages/airflow/example_dags/example_short_circuit_decorator.py took 0.262 seconds
[2024-11-20T14:19:28.121+0000] {processor.py:186} INFO - Started process (PID=489) to work on /home/airflow/.local/lib/python3.12/site-packages/airflow/example_dags/example_short_circuit_decorator.py
[2024-11-20T14:19:28.122+0000] {processor.py:914} INFO - Processing file /home/airflow/.local/lib/python3.12/site-packages/airflow/example_dags/example_short_circuit_decorator.py for tasks to queue
[2024-11-20T14:19:28.128+0000] {logging_mixin.py:190} INFO - [2024-11-20T14:19:28.127+0000] {dagbag.py:588} INFO - Filling up the DagBag from /home/airflow/.local/lib/python3.12/site-packages/airflow/example_dags/example_short_circuit_decorator.py
[2024-11-20T14:19:28.144+0000] {processor.py:925} INFO - DAG(s) 'example_short_circuit_decorator' retrieved from /home/airflow/.local/lib/python3.12/site-packages/airflow/example_dags/example_short_circuit_decorator.py
[2024-11-20T14:19:28.198+0000] {logging_mixin.py:190} INFO - [2024-11-20T14:19:28.198+0000] {dag.py:3239} INFO - Sync 1 DAGs
[2024-11-20T14:19:28.226+0000] {logging_mixin.py:190} INFO - [2024-11-20T14:19:28.225+0000] {dag.py:4180} INFO - Setting next_dagrun for example_short_circuit_decorator to None, run_after=None
[2024-11-20T14:19:28.257+0000] {processor.py:208} INFO - Processing /home/airflow/.local/lib/python3.12/site-packages/airflow/example_dags/example_short_circuit_decorator.py took 0.151 seconds
[2024-11-20T14:20:01.120+0000] {processor.py:186} INFO - Started process (PID=552) to work on /home/airflow/.local/lib/python3.12/site-packages/airflow/example_dags/example_short_circuit_decorator.py
[2024-11-20T14:20:01.124+0000] {processor.py:914} INFO - Processing file /home/airflow/.local/lib/python3.12/site-packages/airflow/example_dags/example_short_circuit_decorator.py for tasks to queue
[2024-11-20T14:20:01.129+0000] {logging_mixin.py:190} INFO - [2024-11-20T14:20:01.128+0000] {dagbag.py:588} INFO - Filling up the DagBag from /home/airflow/.local/lib/python3.12/site-packages/airflow/example_dags/example_short_circuit_decorator.py
[2024-11-20T14:20:01.153+0000] {processor.py:925} INFO - DAG(s) 'example_short_circuit_decorator' retrieved from /home/airflow/.local/lib/python3.12/site-packages/airflow/example_dags/example_short_circuit_decorator.py
[2024-11-20T14:20:01.206+0000] {logging_mixin.py:190} INFO - [2024-11-20T14:20:01.205+0000] {dag.py:3239} INFO - Sync 1 DAGs
[2024-11-20T14:20:01.240+0000] {logging_mixin.py:190} INFO - [2024-11-20T14:20:01.240+0000] {dag.py:4180} INFO - Setting next_dagrun for example_short_circuit_decorator to None, run_after=None
[2024-11-20T14:20:01.281+0000] {processor.py:208} INFO - Processing /home/airflow/.local/lib/python3.12/site-packages/airflow/example_dags/example_short_circuit_decorator.py took 0.178 seconds
[2024-11-20T14:20:32.211+0000] {processor.py:186} INFO - Started process (PID=615) to work on /home/airflow/.local/lib/python3.12/site-packages/airflow/example_dags/example_short_circuit_decorator.py
[2024-11-20T14:20:32.212+0000] {processor.py:914} INFO - Processing file /home/airflow/.local/lib/python3.12/site-packages/airflow/example_dags/example_short_circuit_decorator.py for tasks to queue
[2024-11-20T14:20:32.218+0000] {logging_mixin.py:190} INFO - [2024-11-20T14:20:32.217+0000] {dagbag.py:588} INFO - Filling up the DagBag from /home/airflow/.local/lib/python3.12/site-packages/airflow/example_dags/example_short_circuit_decorator.py
[2024-11-20T14:20:32.241+0000] {processor.py:925} INFO - DAG(s) 'example_short_circuit_decorator' retrieved from /home/airflow/.local/lib/python3.12/site-packages/airflow/example_dags/example_short_circuit_decorator.py
[2024-11-20T14:20:32.302+0000] {logging_mixin.py:190} INFO - [2024-11-20T14:20:32.301+0000] {dag.py:3239} INFO - Sync 1 DAGs
[2024-11-20T14:20:32.351+0000] {logging_mixin.py:190} INFO - [2024-11-20T14:20:32.350+0000] {dag.py:4180} INFO - Setting next_dagrun for example_short_circuit_decorator to None, run_after=None
[2024-11-20T14:20:32.396+0000] {processor.py:208} INFO - Processing /home/airflow/.local/lib/python3.12/site-packages/airflow/example_dags/example_short_circuit_decorator.py took 0.201 seconds
[2024-11-20T14:21:03.298+0000] {processor.py:186} INFO - Started process (PID=678) to work on /home/airflow/.local/lib/python3.12/site-packages/airflow/example_dags/example_short_circuit_decorator.py
[2024-11-20T14:21:03.299+0000] {processor.py:914} INFO - Processing file /home/airflow/.local/lib/python3.12/site-packages/airflow/example_dags/example_short_circuit_decorator.py for tasks to queue
[2024-11-20T14:21:03.302+0000] {logging_mixin.py:190} INFO - [2024-11-20T14:21:03.302+0000] {dagbag.py:588} INFO - Filling up the DagBag from /home/airflow/.local/lib/python3.12/site-packages/airflow/example_dags/example_short_circuit_decorator.py
[2024-11-20T14:21:03.318+0000] {processor.py:925} INFO - DAG(s) 'example_short_circuit_decorator' retrieved from /home/airflow/.local/lib/python3.12/site-packages/airflow/example_dags/example_short_circuit_decorator.py
[2024-11-20T14:21:03.356+0000] {logging_mixin.py:190} INFO - [2024-11-20T14:21:03.355+0000] {dag.py:3239} INFO - Sync 1 DAGs
[2024-11-20T14:21:03.379+0000] {logging_mixin.py:190} INFO - [2024-11-20T14:21:03.379+0000] {dag.py:4180} INFO - Setting next_dagrun for example_short_circuit_decorator to None, run_after=None
[2024-11-20T14:21:03.410+0000] {processor.py:208} INFO - Processing /home/airflow/.local/lib/python3.12/site-packages/airflow/example_dags/example_short_circuit_decorator.py took 0.122 seconds
[2024-11-20T14:21:35.220+0000] {processor.py:186} INFO - Started process (PID=741) to work on /home/airflow/.local/lib/python3.12/site-packages/airflow/example_dags/example_short_circuit_decorator.py
[2024-11-20T14:21:35.222+0000] {processor.py:914} INFO - Processing file /home/airflow/.local/lib/python3.12/site-packages/airflow/example_dags/example_short_circuit_decorator.py for tasks to queue
[2024-11-20T14:21:35.226+0000] {logging_mixin.py:190} INFO - [2024-11-20T14:21:35.225+0000] {dagbag.py:588} INFO - Filling up the DagBag from /home/airflow/.local/lib/python3.12/site-packages/airflow/example_dags/example_short_circuit_decorator.py
[2024-11-20T14:21:35.248+0000] {processor.py:925} INFO - DAG(s) 'example_short_circuit_decorator' retrieved from /home/airflow/.local/lib/python3.12/site-packages/airflow/example_dags/example_short_circuit_decorator.py
[2024-11-20T14:21:35.297+0000] {logging_mixin.py:190} INFO - [2024-11-20T14:21:35.297+0000] {dag.py:3239} INFO - Sync 1 DAGs
[2024-11-20T14:21:35.325+0000] {logging_mixin.py:190} INFO - [2024-11-20T14:21:35.325+0000] {dag.py:4180} INFO - Setting next_dagrun for example_short_circuit_decorator to None, run_after=None
[2024-11-20T14:21:35.359+0000] {processor.py:208} INFO - Processing /home/airflow/.local/lib/python3.12/site-packages/airflow/example_dags/example_short_circuit_decorator.py took 0.152 seconds
[2024-11-20T14:22:07.099+0000] {processor.py:186} INFO - Started process (PID=804) to work on /home/airflow/.local/lib/python3.12/site-packages/airflow/example_dags/example_short_circuit_decorator.py
[2024-11-20T14:22:07.100+0000] {processor.py:914} INFO - Processing file /home/airflow/.local/lib/python3.12/site-packages/airflow/example_dags/example_short_circuit_decorator.py for tasks to queue
[2024-11-20T14:22:07.104+0000] {logging_mixin.py:190} INFO - [2024-11-20T14:22:07.103+0000] {dagbag.py:588} INFO - Filling up the DagBag from /home/airflow/.local/lib/python3.12/site-packages/airflow/example_dags/example_short_circuit_decorator.py
[2024-11-20T14:22:07.118+0000] {processor.py:925} INFO - DAG(s) 'example_short_circuit_decorator' retrieved from /home/airflow/.local/lib/python3.12/site-packages/airflow/example_dags/example_short_circuit_decorator.py
[2024-11-20T14:22:07.156+0000] {logging_mixin.py:190} INFO - [2024-11-20T14:22:07.155+0000] {dag.py:3239} INFO - Sync 1 DAGs
[2024-11-20T14:22:07.179+0000] {logging_mixin.py:190} INFO - [2024-11-20T14:22:07.179+0000] {dag.py:4180} INFO - Setting next_dagrun for example_short_circuit_decorator to None, run_after=None
[2024-11-20T14:22:07.213+0000] {processor.py:208} INFO - Processing /home/airflow/.local/lib/python3.12/site-packages/airflow/example_dags/example_short_circuit_decorator.py took 0.125 seconds
[2024-11-20T14:22:39.786+0000] {processor.py:186} INFO - Started process (PID=867) to work on /home/airflow/.local/lib/python3.12/site-packages/airflow/example_dags/example_short_circuit_decorator.py
[2024-11-20T14:22:39.787+0000] {processor.py:914} INFO - Processing file /home/airflow/.local/lib/python3.12/site-packages/airflow/example_dags/example_short_circuit_decorator.py for tasks to queue
[2024-11-20T14:22:39.791+0000] {logging_mixin.py:190} INFO - [2024-11-20T14:22:39.790+0000] {dagbag.py:588} INFO - Filling up the DagBag from /home/airflow/.local/lib/python3.12/site-packages/airflow/example_dags/example_short_circuit_decorator.py
[2024-11-20T14:22:39.810+0000] {processor.py:925} INFO - DAG(s) 'example_short_circuit_decorator' retrieved from /home/airflow/.local/lib/python3.12/site-packages/airflow/example_dags/example_short_circuit_decorator.py
[2024-11-20T14:22:39.865+0000] {logging_mixin.py:190} INFO - [2024-11-20T14:22:39.865+0000] {dag.py:3239} INFO - Sync 1 DAGs
[2024-11-20T14:22:39.897+0000] {logging_mixin.py:190} INFO - [2024-11-20T14:22:39.897+0000] {dag.py:4180} INFO - Setting next_dagrun for example_short_circuit_decorator to None, run_after=None
[2024-11-20T14:22:39.935+0000] {processor.py:208} INFO - Processing /home/airflow/.local/lib/python3.12/site-packages/airflow/example_dags/example_short_circuit_decorator.py took 0.157 seconds
[2024-11-20T14:23:12.482+0000] {processor.py:186} INFO - Started process (PID=931) to work on /home/airflow/.local/lib/python3.12/site-packages/airflow/example_dags/example_short_circuit_decorator.py
[2024-11-20T14:23:12.483+0000] {processor.py:914} INFO - Processing file /home/airflow/.local/lib/python3.12/site-packages/airflow/example_dags/example_short_circuit_decorator.py for tasks to queue
[2024-11-20T14:23:12.488+0000] {logging_mixin.py:190} INFO - [2024-11-20T14:23:12.487+0000] {dagbag.py:588} INFO - Filling up the DagBag from /home/airflow/.local/lib/python3.12/site-packages/airflow/example_dags/example_short_circuit_decorator.py
[2024-11-20T14:23:12.505+0000] {processor.py:925} INFO - DAG(s) 'example_short_circuit_decorator' retrieved from /home/airflow/.local/lib/python3.12/site-packages/airflow/example_dags/example_short_circuit_decorator.py
[2024-11-20T14:23:12.542+0000] {logging_mixin.py:190} INFO - [2024-11-20T14:23:12.542+0000] {dag.py:3239} INFO - Sync 1 DAGs
[2024-11-20T14:23:12.572+0000] {logging_mixin.py:190} INFO - [2024-11-20T14:23:12.571+0000] {dag.py:4180} INFO - Setting next_dagrun for example_short_circuit_decorator to None, run_after=None
[2024-11-20T14:23:12.599+0000] {processor.py:208} INFO - Processing /home/airflow/.local/lib/python3.12/site-packages/airflow/example_dags/example_short_circuit_decorator.py took 0.126 seconds
[2024-11-20T14:23:43.597+0000] {processor.py:186} INFO - Started process (PID=993) to work on /home/airflow/.local/lib/python3.12/site-packages/airflow/example_dags/example_short_circuit_decorator.py
[2024-11-20T14:23:43.599+0000] {processor.py:914} INFO - Processing file /home/airflow/.local/lib/python3.12/site-packages/airflow/example_dags/example_short_circuit_decorator.py for tasks to queue
[2024-11-20T14:23:43.603+0000] {logging_mixin.py:190} INFO - [2024-11-20T14:23:43.602+0000] {dagbag.py:588} INFO - Filling up the DagBag from /home/airflow/.local/lib/python3.12/site-packages/airflow/example_dags/example_short_circuit_decorator.py
[2024-11-20T14:23:43.619+0000] {processor.py:925} INFO - DAG(s) 'example_short_circuit_decorator' retrieved from /home/airflow/.local/lib/python3.12/site-packages/airflow/example_dags/example_short_circuit_decorator.py
[2024-11-20T14:23:43.659+0000] {logging_mixin.py:190} INFO - [2024-11-20T14:23:43.659+0000] {dag.py:3239} INFO - Sync 1 DAGs
[2024-11-20T14:23:43.690+0000] {logging_mixin.py:190} INFO - [2024-11-20T14:23:43.690+0000] {dag.py:4180} INFO - Setting next_dagrun for example_short_circuit_decorator to None, run_after=None
[2024-11-20T14:23:43.724+0000] {processor.py:208} INFO - Processing /home/airflow/.local/lib/python3.12/site-packages/airflow/example_dags/example_short_circuit_decorator.py took 0.138 seconds
[2024-11-20T14:24:14.998+0000] {processor.py:186} INFO - Started process (PID=1056) to work on /home/airflow/.local/lib/python3.12/site-packages/airflow/example_dags/example_short_circuit_decorator.py
[2024-11-20T14:24:14.999+0000] {processor.py:914} INFO - Processing file /home/airflow/.local/lib/python3.12/site-packages/airflow/example_dags/example_short_circuit_decorator.py for tasks to queue
[2024-11-20T14:24:15.005+0000] {logging_mixin.py:190} INFO - [2024-11-20T14:24:15.004+0000] {dagbag.py:588} INFO - Filling up the DagBag from /home/airflow/.local/lib/python3.12/site-packages/airflow/example_dags/example_short_circuit_decorator.py
[2024-11-20T14:24:15.021+0000] {processor.py:925} INFO - DAG(s) 'example_short_circuit_decorator' retrieved from /home/airflow/.local/lib/python3.12/site-packages/airflow/example_dags/example_short_circuit_decorator.py
[2024-11-20T14:24:15.059+0000] {logging_mixin.py:190} INFO - [2024-11-20T14:24:15.058+0000] {dag.py:3239} INFO - Sync 1 DAGs
[2024-11-20T14:24:15.082+0000] {logging_mixin.py:190} INFO - [2024-11-20T14:24:15.082+0000] {dag.py:4180} INFO - Setting next_dagrun for example_short_circuit_decorator to None, run_after=None
[2024-11-20T14:24:15.117+0000] {processor.py:208} INFO - Processing /home/airflow/.local/lib/python3.12/site-packages/airflow/example_dags/example_short_circuit_decorator.py took 0.128 seconds
[2024-11-20T14:24:47.752+0000] {processor.py:186} INFO - Started process (PID=1129) to work on /home/airflow/.local/lib/python3.12/site-packages/airflow/example_dags/example_short_circuit_decorator.py
[2024-11-20T14:24:47.754+0000] {processor.py:914} INFO - Processing file /home/airflow/.local/lib/python3.12/site-packages/airflow/example_dags/example_short_circuit_decorator.py for tasks to queue
[2024-11-20T14:24:47.760+0000] {logging_mixin.py:190} INFO - [2024-11-20T14:24:47.760+0000] {dagbag.py:588} INFO - Filling up the DagBag from /home/airflow/.local/lib/python3.12/site-packages/airflow/example_dags/example_short_circuit_decorator.py
[2024-11-20T14:24:47.780+0000] {processor.py:925} INFO - DAG(s) 'example_short_circuit_decorator' retrieved from /home/airflow/.local/lib/python3.12/site-packages/airflow/example_dags/example_short_circuit_decorator.py
[2024-11-20T14:24:47.832+0000] {logging_mixin.py:190} INFO - [2024-11-20T14:24:47.831+0000] {dag.py:3239} INFO - Sync 1 DAGs
[2024-11-20T14:24:47.864+0000] {logging_mixin.py:190} INFO - [2024-11-20T14:24:47.864+0000] {dag.py:4180} INFO - Setting next_dagrun for example_short_circuit_decorator to None, run_after=None
[2024-11-20T14:24:47.903+0000] {processor.py:208} INFO - Processing /home/airflow/.local/lib/python3.12/site-packages/airflow/example_dags/example_short_circuit_decorator.py took 0.165 seconds
[2024-11-20T14:25:19.399+0000] {processor.py:186} INFO - Started process (PID=1192) to work on /home/airflow/.local/lib/python3.12/site-packages/airflow/example_dags/example_short_circuit_decorator.py
[2024-11-20T14:25:19.400+0000] {processor.py:914} INFO - Processing file /home/airflow/.local/lib/python3.12/site-packages/airflow/example_dags/example_short_circuit_decorator.py for tasks to queue
[2024-11-20T14:25:19.404+0000] {logging_mixin.py:190} INFO - [2024-11-20T14:25:19.403+0000] {dagbag.py:588} INFO - Filling up the DagBag from /home/airflow/.local/lib/python3.12/site-packages/airflow/example_dags/example_short_circuit_decorator.py
[2024-11-20T14:25:19.420+0000] {processor.py:925} INFO - DAG(s) 'example_short_circuit_decorator' retrieved from /home/airflow/.local/lib/python3.12/site-packages/airflow/example_dags/example_short_circuit_decorator.py
[2024-11-20T14:25:19.457+0000] {logging_mixin.py:190} INFO - [2024-11-20T14:25:19.457+0000] {dag.py:3239} INFO - Sync 1 DAGs
[2024-11-20T14:25:19.485+0000] {logging_mixin.py:190} INFO - [2024-11-20T14:25:19.485+0000] {dag.py:4180} INFO - Setting next_dagrun for example_short_circuit_decorator to None, run_after=None
[2024-11-20T14:25:19.526+0000] {processor.py:208} INFO - Processing /home/airflow/.local/lib/python3.12/site-packages/airflow/example_dags/example_short_circuit_decorator.py took 0.136 seconds
[2024-11-20T14:25:51.385+0000] {processor.py:186} INFO - Started process (PID=1255) to work on /home/airflow/.local/lib/python3.12/site-packages/airflow/example_dags/example_short_circuit_decorator.py
[2024-11-20T14:25:51.386+0000] {processor.py:914} INFO - Processing file /home/airflow/.local/lib/python3.12/site-packages/airflow/example_dags/example_short_circuit_decorator.py for tasks to queue
[2024-11-20T14:25:51.390+0000] {logging_mixin.py:190} INFO - [2024-11-20T14:25:51.389+0000] {dagbag.py:588} INFO - Filling up the DagBag from /home/airflow/.local/lib/python3.12/site-packages/airflow/example_dags/example_short_circuit_decorator.py
[2024-11-20T14:25:51.404+0000] {processor.py:925} INFO - DAG(s) 'example_short_circuit_decorator' retrieved from /home/airflow/.local/lib/python3.12/site-packages/airflow/example_dags/example_short_circuit_decorator.py
[2024-11-20T14:25:51.436+0000] {logging_mixin.py:190} INFO - [2024-11-20T14:25:51.435+0000] {dag.py:3239} INFO - Sync 1 DAGs
[2024-11-20T14:25:51.463+0000] {logging_mixin.py:190} INFO - [2024-11-20T14:25:51.463+0000] {dag.py:4180} INFO - Setting next_dagrun for example_short_circuit_decorator to None, run_after=None
[2024-11-20T14:25:51.495+0000] {processor.py:208} INFO - Processing /home/airflow/.local/lib/python3.12/site-packages/airflow/example_dags/example_short_circuit_decorator.py took 0.119 seconds
[2024-11-20T14:26:22.870+0000] {processor.py:186} INFO - Started process (PID=1318) to work on /home/airflow/.local/lib/python3.12/site-packages/airflow/example_dags/example_short_circuit_decorator.py
[2024-11-20T14:26:22.872+0000] {processor.py:914} INFO - Processing file /home/airflow/.local/lib/python3.12/site-packages/airflow/example_dags/example_short_circuit_decorator.py for tasks to queue
[2024-11-20T14:26:22.878+0000] {logging_mixin.py:190} INFO - [2024-11-20T14:26:22.877+0000] {dagbag.py:588} INFO - Filling up the DagBag from /home/airflow/.local/lib/python3.12/site-packages/airflow/example_dags/example_short_circuit_decorator.py
[2024-11-20T14:26:22.898+0000] {processor.py:925} INFO - DAG(s) 'example_short_circuit_decorator' retrieved from /home/airflow/.local/lib/python3.12/site-packages/airflow/example_dags/example_short_circuit_decorator.py
[2024-11-20T14:26:22.942+0000] {logging_mixin.py:190} INFO - [2024-11-20T14:26:22.941+0000] {dag.py:3239} INFO - Sync 1 DAGs
[2024-11-20T14:26:22.973+0000] {logging_mixin.py:190} INFO - [2024-11-20T14:26:22.972+0000] {dag.py:4180} INFO - Setting next_dagrun for example_short_circuit_decorator to None, run_after=None
[2024-11-20T14:26:23.009+0000] {processor.py:208} INFO - Processing /home/airflow/.local/lib/python3.12/site-packages/airflow/example_dags/example_short_circuit_decorator.py took 0.151 seconds
[2024-11-20T14:26:55.057+0000] {processor.py:186} INFO - Started process (PID=1381) to work on /home/airflow/.local/lib/python3.12/site-packages/airflow/example_dags/example_short_circuit_decorator.py
[2024-11-20T14:26:55.058+0000] {processor.py:914} INFO - Processing file /home/airflow/.local/lib/python3.12/site-packages/airflow/example_dags/example_short_circuit_decorator.py for tasks to queue
[2024-11-20T14:26:55.063+0000] {logging_mixin.py:190} INFO - [2024-11-20T14:26:55.062+0000] {dagbag.py:588} INFO - Filling up the DagBag from /home/airflow/.local/lib/python3.12/site-packages/airflow/example_dags/example_short_circuit_decorator.py
[2024-11-20T14:26:55.080+0000] {processor.py:925} INFO - DAG(s) 'example_short_circuit_decorator' retrieved from /home/airflow/.local/lib/python3.12/site-packages/airflow/example_dags/example_short_circuit_decorator.py
[2024-11-20T14:26:55.116+0000] {logging_mixin.py:190} INFO - [2024-11-20T14:26:55.115+0000] {dag.py:3239} INFO - Sync 1 DAGs
[2024-11-20T14:26:55.140+0000] {logging_mixin.py:190} INFO - [2024-11-20T14:26:55.139+0000] {dag.py:4180} INFO - Setting next_dagrun for example_short_circuit_decorator to None, run_after=None
[2024-11-20T14:26:55.168+0000] {processor.py:208} INFO - Processing /home/airflow/.local/lib/python3.12/site-packages/airflow/example_dags/example_short_circuit_decorator.py took 0.123 seconds
[2024-11-20T14:28:12.971+0000] {processor.py:186} INFO - Started process (PID=1450) to work on /home/airflow/.local/lib/python3.12/site-packages/airflow/example_dags/example_short_circuit_decorator.py
[2024-11-20T14:28:12.974+0000] {processor.py:914} INFO - Processing file /home/airflow/.local/lib/python3.12/site-packages/airflow/example_dags/example_short_circuit_decorator.py for tasks to queue
[2024-11-20T14:28:12.980+0000] {logging_mixin.py:190} INFO - [2024-11-20T14:28:12.979+0000] {dagbag.py:588} INFO - Filling up the DagBag from /home/airflow/.local/lib/python3.12/site-packages/airflow/example_dags/example_short_circuit_decorator.py
[2024-11-20T14:28:13.017+0000] {processor.py:925} INFO - DAG(s) 'example_short_circuit_decorator' retrieved from /home/airflow/.local/lib/python3.12/site-packages/airflow/example_dags/example_short_circuit_decorator.py
[2024-11-20T14:28:13.088+0000] {logging_mixin.py:190} INFO - [2024-11-20T14:28:13.088+0000] {dag.py:3239} INFO - Sync 1 DAGs
[2024-11-20T14:28:13.136+0000] {logging_mixin.py:190} INFO - [2024-11-20T14:28:13.135+0000] {dag.py:4180} INFO - Setting next_dagrun for example_short_circuit_decorator to None, run_after=None
[2024-11-20T14:28:13.186+0000] {processor.py:208} INFO - Processing /home/airflow/.local/lib/python3.12/site-packages/airflow/example_dags/example_short_circuit_decorator.py took 0.236 seconds
[2024-11-20T14:28:43.624+0000] {processor.py:186} INFO - Started process (PID=1513) to work on /home/airflow/.local/lib/python3.12/site-packages/airflow/example_dags/example_short_circuit_decorator.py
[2024-11-20T14:28:43.625+0000] {processor.py:914} INFO - Processing file /home/airflow/.local/lib/python3.12/site-packages/airflow/example_dags/example_short_circuit_decorator.py for tasks to queue
[2024-11-20T14:28:43.629+0000] {logging_mixin.py:190} INFO - [2024-11-20T14:28:43.628+0000] {dagbag.py:588} INFO - Filling up the DagBag from /home/airflow/.local/lib/python3.12/site-packages/airflow/example_dags/example_short_circuit_decorator.py
[2024-11-20T14:28:43.643+0000] {processor.py:925} INFO - DAG(s) 'example_short_circuit_decorator' retrieved from /home/airflow/.local/lib/python3.12/site-packages/airflow/example_dags/example_short_circuit_decorator.py
[2024-11-20T14:28:43.683+0000] {logging_mixin.py:190} INFO - [2024-11-20T14:28:43.683+0000] {dag.py:3239} INFO - Sync 1 DAGs
[2024-11-20T14:28:43.706+0000] {logging_mixin.py:190} INFO - [2024-11-20T14:28:43.705+0000] {dag.py:4180} INFO - Setting next_dagrun for example_short_circuit_decorator to None, run_after=None
[2024-11-20T14:28:43.741+0000] {processor.py:208} INFO - Processing /home/airflow/.local/lib/python3.12/site-packages/airflow/example_dags/example_short_circuit_decorator.py took 0.125 seconds
[2024-11-20T14:29:13.918+0000] {processor.py:186} INFO - Started process (PID=1576) to work on /home/airflow/.local/lib/python3.12/site-packages/airflow/example_dags/example_short_circuit_decorator.py
[2024-11-20T14:29:13.919+0000] {processor.py:914} INFO - Processing file /home/airflow/.local/lib/python3.12/site-packages/airflow/example_dags/example_short_circuit_decorator.py for tasks to queue
[2024-11-20T14:29:13.925+0000] {logging_mixin.py:190} INFO - [2024-11-20T14:29:13.923+0000] {dagbag.py:588} INFO - Filling up the DagBag from /home/airflow/.local/lib/python3.12/site-packages/airflow/example_dags/example_short_circuit_decorator.py
[2024-11-20T14:29:13.940+0000] {processor.py:925} INFO - DAG(s) 'example_short_circuit_decorator' retrieved from /home/airflow/.local/lib/python3.12/site-packages/airflow/example_dags/example_short_circuit_decorator.py
[2024-11-20T14:29:13.975+0000] {logging_mixin.py:190} INFO - [2024-11-20T14:29:13.975+0000] {dag.py:3239} INFO - Sync 1 DAGs
[2024-11-20T14:29:13.998+0000] {logging_mixin.py:190} INFO - [2024-11-20T14:29:13.998+0000] {dag.py:4180} INFO - Setting next_dagrun for example_short_circuit_decorator to None, run_after=None
[2024-11-20T14:29:14.030+0000] {processor.py:208} INFO - Processing /home/airflow/.local/lib/python3.12/site-packages/airflow/example_dags/example_short_circuit_decorator.py took 0.122 seconds
[2024-11-20T14:29:45.087+0000] {processor.py:186} INFO - Started process (PID=1637) to work on /home/airflow/.local/lib/python3.12/site-packages/airflow/example_dags/example_short_circuit_decorator.py
[2024-11-20T14:29:45.088+0000] {processor.py:914} INFO - Processing file /home/airflow/.local/lib/python3.12/site-packages/airflow/example_dags/example_short_circuit_decorator.py for tasks to queue
[2024-11-20T14:29:45.092+0000] {logging_mixin.py:190} INFO - [2024-11-20T14:29:45.091+0000] {dagbag.py:588} INFO - Filling up the DagBag from /home/airflow/.local/lib/python3.12/site-packages/airflow/example_dags/example_short_circuit_decorator.py
[2024-11-20T14:29:45.113+0000] {processor.py:925} INFO - DAG(s) 'example_short_circuit_decorator' retrieved from /home/airflow/.local/lib/python3.12/site-packages/airflow/example_dags/example_short_circuit_decorator.py
[2024-11-20T14:29:45.150+0000] {logging_mixin.py:190} INFO - [2024-11-20T14:29:45.150+0000] {dag.py:3239} INFO - Sync 1 DAGs
[2024-11-20T14:29:45.181+0000] {logging_mixin.py:190} INFO - [2024-11-20T14:29:45.181+0000] {dag.py:4180} INFO - Setting next_dagrun for example_short_circuit_decorator to None, run_after=None
[2024-11-20T14:29:45.217+0000] {processor.py:208} INFO - Processing /home/airflow/.local/lib/python3.12/site-packages/airflow/example_dags/example_short_circuit_decorator.py took 0.138 seconds
[2024-11-20T14:30:18.589+0000] {processor.py:186} INFO - Started process (PID=1700) to work on /home/airflow/.local/lib/python3.12/site-packages/airflow/example_dags/example_short_circuit_decorator.py
[2024-11-20T14:30:18.591+0000] {processor.py:914} INFO - Processing file /home/airflow/.local/lib/python3.12/site-packages/airflow/example_dags/example_short_circuit_decorator.py for tasks to queue
[2024-11-20T14:30:18.598+0000] {logging_mixin.py:190} INFO - [2024-11-20T14:30:18.596+0000] {dagbag.py:588} INFO - Filling up the DagBag from /home/airflow/.local/lib/python3.12/site-packages/airflow/example_dags/example_short_circuit_decorator.py
[2024-11-20T14:30:18.624+0000] {processor.py:925} INFO - DAG(s) 'example_short_circuit_decorator' retrieved from /home/airflow/.local/lib/python3.12/site-packages/airflow/example_dags/example_short_circuit_decorator.py
[2024-11-20T14:30:18.686+0000] {logging_mixin.py:190} INFO - [2024-11-20T14:30:18.685+0000] {dag.py:3239} INFO - Sync 1 DAGs
[2024-11-20T14:30:18.723+0000] {logging_mixin.py:190} INFO - [2024-11-20T14:30:18.722+0000] {dag.py:4180} INFO - Setting next_dagrun for example_short_circuit_decorator to None, run_after=None
[2024-11-20T14:30:18.767+0000] {processor.py:208} INFO - Processing /home/airflow/.local/lib/python3.12/site-packages/airflow/example_dags/example_short_circuit_decorator.py took 0.195 seconds
[2024-11-20T14:30:52.685+0000] {processor.py:186} INFO - Started process (PID=1763) to work on /home/airflow/.local/lib/python3.12/site-packages/airflow/example_dags/example_short_circuit_decorator.py
[2024-11-20T14:30:52.687+0000] {processor.py:914} INFO - Processing file /home/airflow/.local/lib/python3.12/site-packages/airflow/example_dags/example_short_circuit_decorator.py for tasks to queue
[2024-11-20T14:30:52.694+0000] {logging_mixin.py:190} INFO - [2024-11-20T14:30:52.693+0000] {dagbag.py:588} INFO - Filling up the DagBag from /home/airflow/.local/lib/python3.12/site-packages/airflow/example_dags/example_short_circuit_decorator.py
[2024-11-20T14:30:52.722+0000] {processor.py:925} INFO - DAG(s) 'example_short_circuit_decorator' retrieved from /home/airflow/.local/lib/python3.12/site-packages/airflow/example_dags/example_short_circuit_decorator.py
[2024-11-20T14:30:52.790+0000] {logging_mixin.py:190} INFO - [2024-11-20T14:30:52.790+0000] {dag.py:3239} INFO - Sync 1 DAGs
[2024-11-20T14:30:52.840+0000] {logging_mixin.py:190} INFO - [2024-11-20T14:30:52.839+0000] {dag.py:4180} INFO - Setting next_dagrun for example_short_circuit_decorator to None, run_after=None
[2024-11-20T14:30:52.889+0000] {processor.py:208} INFO - Processing /home/airflow/.local/lib/python3.12/site-packages/airflow/example_dags/example_short_circuit_decorator.py took 0.225 seconds
[2024-11-20T14:31:25.660+0000] {processor.py:186} INFO - Started process (PID=1826) to work on /home/airflow/.local/lib/python3.12/site-packages/airflow/example_dags/example_short_circuit_decorator.py
[2024-11-20T14:31:25.662+0000] {processor.py:914} INFO - Processing file /home/airflow/.local/lib/python3.12/site-packages/airflow/example_dags/example_short_circuit_decorator.py for tasks to queue
[2024-11-20T14:31:25.669+0000] {logging_mixin.py:190} INFO - [2024-11-20T14:31:25.668+0000] {dagbag.py:588} INFO - Filling up the DagBag from /home/airflow/.local/lib/python3.12/site-packages/airflow/example_dags/example_short_circuit_decorator.py
[2024-11-20T14:31:25.693+0000] {processor.py:925} INFO - DAG(s) 'example_short_circuit_decorator' retrieved from /home/airflow/.local/lib/python3.12/site-packages/airflow/example_dags/example_short_circuit_decorator.py
[2024-11-20T14:31:25.754+0000] {logging_mixin.py:190} INFO - [2024-11-20T14:31:25.754+0000] {dag.py:3239} INFO - Sync 1 DAGs
[2024-11-20T14:31:25.797+0000] {logging_mixin.py:190} INFO - [2024-11-20T14:31:25.796+0000] {dag.py:4180} INFO - Setting next_dagrun for example_short_circuit_decorator to None, run_after=None
[2024-11-20T14:31:25.852+0000] {processor.py:208} INFO - Processing /home/airflow/.local/lib/python3.12/site-packages/airflow/example_dags/example_short_circuit_decorator.py took 0.212 seconds
[2024-11-20T14:31:58.418+0000] {processor.py:186} INFO - Started process (PID=1889) to work on /home/airflow/.local/lib/python3.12/site-packages/airflow/example_dags/example_short_circuit_decorator.py
[2024-11-20T14:31:58.421+0000] {processor.py:914} INFO - Processing file /home/airflow/.local/lib/python3.12/site-packages/airflow/example_dags/example_short_circuit_decorator.py for tasks to queue
[2024-11-20T14:31:58.432+0000] {logging_mixin.py:190} INFO - [2024-11-20T14:31:58.426+0000] {dagbag.py:588} INFO - Filling up the DagBag from /home/airflow/.local/lib/python3.12/site-packages/airflow/example_dags/example_short_circuit_decorator.py
[2024-11-20T14:31:58.466+0000] {processor.py:925} INFO - DAG(s) 'example_short_circuit_decorator' retrieved from /home/airflow/.local/lib/python3.12/site-packages/airflow/example_dags/example_short_circuit_decorator.py
[2024-11-20T14:31:58.541+0000] {logging_mixin.py:190} INFO - [2024-11-20T14:31:58.540+0000] {dag.py:3239} INFO - Sync 1 DAGs
[2024-11-20T14:31:58.603+0000] {logging_mixin.py:190} INFO - [2024-11-20T14:31:58.603+0000] {dag.py:4180} INFO - Setting next_dagrun for example_short_circuit_decorator to None, run_after=None
[2024-11-20T14:31:58.665+0000] {processor.py:208} INFO - Processing /home/airflow/.local/lib/python3.12/site-packages/airflow/example_dags/example_short_circuit_decorator.py took 0.269 seconds
[2024-11-20T14:32:29.307+0000] {processor.py:186} INFO - Started process (PID=1952) to work on /home/airflow/.local/lib/python3.12/site-packages/airflow/example_dags/example_short_circuit_decorator.py
[2024-11-20T14:32:29.308+0000] {processor.py:914} INFO - Processing file /home/airflow/.local/lib/python3.12/site-packages/airflow/example_dags/example_short_circuit_decorator.py for tasks to queue
[2024-11-20T14:32:29.312+0000] {logging_mixin.py:190} INFO - [2024-11-20T14:32:29.311+0000] {dagbag.py:588} INFO - Filling up the DagBag from /home/airflow/.local/lib/python3.12/site-packages/airflow/example_dags/example_short_circuit_decorator.py
[2024-11-20T14:32:29.328+0000] {processor.py:925} INFO - DAG(s) 'example_short_circuit_decorator' retrieved from /home/airflow/.local/lib/python3.12/site-packages/airflow/example_dags/example_short_circuit_decorator.py
[2024-11-20T14:32:29.363+0000] {logging_mixin.py:190} INFO - [2024-11-20T14:32:29.363+0000] {dag.py:3239} INFO - Sync 1 DAGs
[2024-11-20T14:32:29.389+0000] {logging_mixin.py:190} INFO - [2024-11-20T14:32:29.389+0000] {dag.py:4180} INFO - Setting next_dagrun for example_short_circuit_decorator to None, run_after=None
[2024-11-20T14:32:29.422+0000] {processor.py:208} INFO - Processing /home/airflow/.local/lib/python3.12/site-packages/airflow/example_dags/example_short_circuit_decorator.py took 0.125 seconds
[2024-11-20T14:32:59.521+0000] {processor.py:186} INFO - Started process (PID=2014) to work on /home/airflow/.local/lib/python3.12/site-packages/airflow/example_dags/example_short_circuit_decorator.py
[2024-11-20T14:32:59.523+0000] {processor.py:914} INFO - Processing file /home/airflow/.local/lib/python3.12/site-packages/airflow/example_dags/example_short_circuit_decorator.py for tasks to queue
[2024-11-20T14:32:59.527+0000] {logging_mixin.py:190} INFO - [2024-11-20T14:32:59.526+0000] {dagbag.py:588} INFO - Filling up the DagBag from /home/airflow/.local/lib/python3.12/site-packages/airflow/example_dags/example_short_circuit_decorator.py
[2024-11-20T14:32:59.541+0000] {processor.py:925} INFO - DAG(s) 'example_short_circuit_decorator' retrieved from /home/airflow/.local/lib/python3.12/site-packages/airflow/example_dags/example_short_circuit_decorator.py
[2024-11-20T14:32:59.576+0000] {logging_mixin.py:190} INFO - [2024-11-20T14:32:59.575+0000] {dag.py:3239} INFO - Sync 1 DAGs
[2024-11-20T14:32:59.616+0000] {logging_mixin.py:190} INFO - [2024-11-20T14:32:59.615+0000] {dag.py:4180} INFO - Setting next_dagrun for example_short_circuit_decorator to None, run_after=None
[2024-11-20T14:32:59.670+0000] {processor.py:208} INFO - Processing /home/airflow/.local/lib/python3.12/site-packages/airflow/example_dags/example_short_circuit_decorator.py took 0.160 seconds
[2024-11-20T14:33:30.044+0000] {processor.py:186} INFO - Started process (PID=2077) to work on /home/airflow/.local/lib/python3.12/site-packages/airflow/example_dags/example_short_circuit_decorator.py
[2024-11-20T14:33:30.045+0000] {processor.py:914} INFO - Processing file /home/airflow/.local/lib/python3.12/site-packages/airflow/example_dags/example_short_circuit_decorator.py for tasks to queue
[2024-11-20T14:33:30.049+0000] {logging_mixin.py:190} INFO - [2024-11-20T14:33:30.048+0000] {dagbag.py:588} INFO - Filling up the DagBag from /home/airflow/.local/lib/python3.12/site-packages/airflow/example_dags/example_short_circuit_decorator.py
[2024-11-20T14:33:30.064+0000] {processor.py:925} INFO - DAG(s) 'example_short_circuit_decorator' retrieved from /home/airflow/.local/lib/python3.12/site-packages/airflow/example_dags/example_short_circuit_decorator.py
[2024-11-20T14:33:30.109+0000] {logging_mixin.py:190} INFO - [2024-11-20T14:33:30.109+0000] {dag.py:3239} INFO - Sync 1 DAGs
[2024-11-20T14:33:30.140+0000] {logging_mixin.py:190} INFO - [2024-11-20T14:33:30.140+0000] {dag.py:4180} INFO - Setting next_dagrun for example_short_circuit_decorator to None, run_after=None
[2024-11-20T14:33:30.175+0000] {processor.py:208} INFO - Processing /home/airflow/.local/lib/python3.12/site-packages/airflow/example_dags/example_short_circuit_decorator.py took 0.141 seconds
[2024-11-20T14:34:00.247+0000] {processor.py:186} INFO - Started process (PID=2139) to work on /home/airflow/.local/lib/python3.12/site-packages/airflow/example_dags/example_short_circuit_decorator.py
[2024-11-20T14:34:00.248+0000] {processor.py:914} INFO - Processing file /home/airflow/.local/lib/python3.12/site-packages/airflow/example_dags/example_short_circuit_decorator.py for tasks to queue
[2024-11-20T14:34:00.252+0000] {logging_mixin.py:190} INFO - [2024-11-20T14:34:00.251+0000] {dagbag.py:588} INFO - Filling up the DagBag from /home/airflow/.local/lib/python3.12/site-packages/airflow/example_dags/example_short_circuit_decorator.py
[2024-11-20T14:34:00.266+0000] {processor.py:925} INFO - DAG(s) 'example_short_circuit_decorator' retrieved from /home/airflow/.local/lib/python3.12/site-packages/airflow/example_dags/example_short_circuit_decorator.py
[2024-11-20T14:34:00.300+0000] {logging_mixin.py:190} INFO - [2024-11-20T14:34:00.300+0000] {dag.py:3239} INFO - Sync 1 DAGs
[2024-11-20T14:34:00.329+0000] {logging_mixin.py:190} INFO - [2024-11-20T14:34:00.329+0000] {dag.py:4180} INFO - Setting next_dagrun for example_short_circuit_decorator to None, run_after=None
[2024-11-20T14:34:00.374+0000] {processor.py:208} INFO - Processing /home/airflow/.local/lib/python3.12/site-packages/airflow/example_dags/example_short_circuit_decorator.py took 0.138 seconds
[2024-11-20T14:34:30.974+0000] {processor.py:186} INFO - Started process (PID=2202) to work on /home/airflow/.local/lib/python3.12/site-packages/airflow/example_dags/example_short_circuit_decorator.py
[2024-11-20T14:34:30.976+0000] {processor.py:914} INFO - Processing file /home/airflow/.local/lib/python3.12/site-packages/airflow/example_dags/example_short_circuit_decorator.py for tasks to queue
[2024-11-20T14:34:30.980+0000] {logging_mixin.py:190} INFO - [2024-11-20T14:34:30.980+0000] {dagbag.py:588} INFO - Filling up the DagBag from /home/airflow/.local/lib/python3.12/site-packages/airflow/example_dags/example_short_circuit_decorator.py
[2024-11-20T14:34:31.000+0000] {processor.py:925} INFO - DAG(s) 'example_short_circuit_decorator' retrieved from /home/airflow/.local/lib/python3.12/site-packages/airflow/example_dags/example_short_circuit_decorator.py
[2024-11-20T14:34:31.043+0000] {logging_mixin.py:190} INFO - [2024-11-20T14:34:31.042+0000] {dag.py:3239} INFO - Sync 1 DAGs
[2024-11-20T14:34:31.070+0000] {logging_mixin.py:190} INFO - [2024-11-20T14:34:31.069+0000] {dag.py:4180} INFO - Setting next_dagrun for example_short_circuit_decorator to None, run_after=None
[2024-11-20T14:34:31.114+0000] {processor.py:208} INFO - Processing /home/airflow/.local/lib/python3.12/site-packages/airflow/example_dags/example_short_circuit_decorator.py took 0.151 seconds
[2024-11-20T14:35:01.449+0000] {processor.py:186} INFO - Started process (PID=2264) to work on /home/airflow/.local/lib/python3.12/site-packages/airflow/example_dags/example_short_circuit_decorator.py
[2024-11-20T14:35:01.450+0000] {processor.py:914} INFO - Processing file /home/airflow/.local/lib/python3.12/site-packages/airflow/example_dags/example_short_circuit_decorator.py for tasks to queue
[2024-11-20T14:35:01.455+0000] {logging_mixin.py:190} INFO - [2024-11-20T14:35:01.455+0000] {dagbag.py:588} INFO - Filling up the DagBag from /home/airflow/.local/lib/python3.12/site-packages/airflow/example_dags/example_short_circuit_decorator.py
[2024-11-20T14:35:01.479+0000] {processor.py:925} INFO - DAG(s) 'example_short_circuit_decorator' retrieved from /home/airflow/.local/lib/python3.12/site-packages/airflow/example_dags/example_short_circuit_decorator.py
[2024-11-20T14:35:01.536+0000] {logging_mixin.py:190} INFO - [2024-11-20T14:35:01.532+0000] {dag.py:3239} INFO - Sync 1 DAGs
[2024-11-20T14:35:01.576+0000] {logging_mixin.py:190} INFO - [2024-11-20T14:35:01.575+0000] {dag.py:4180} INFO - Setting next_dagrun for example_short_circuit_decorator to None, run_after=None
[2024-11-20T14:35:01.614+0000] {processor.py:208} INFO - Processing /home/airflow/.local/lib/python3.12/site-packages/airflow/example_dags/example_short_circuit_decorator.py took 0.176 seconds
[2024-11-20T14:35:32.415+0000] {processor.py:186} INFO - Started process (PID=2327) to work on /home/airflow/.local/lib/python3.12/site-packages/airflow/example_dags/example_short_circuit_decorator.py
[2024-11-20T14:35:32.417+0000] {processor.py:914} INFO - Processing file /home/airflow/.local/lib/python3.12/site-packages/airflow/example_dags/example_short_circuit_decorator.py for tasks to queue
[2024-11-20T14:35:32.424+0000] {logging_mixin.py:190} INFO - [2024-11-20T14:35:32.423+0000] {dagbag.py:588} INFO - Filling up the DagBag from /home/airflow/.local/lib/python3.12/site-packages/airflow/example_dags/example_short_circuit_decorator.py
[2024-11-20T14:35:32.463+0000] {processor.py:925} INFO - DAG(s) 'example_short_circuit_decorator' retrieved from /home/airflow/.local/lib/python3.12/site-packages/airflow/example_dags/example_short_circuit_decorator.py
[2024-11-20T14:35:32.523+0000] {logging_mixin.py:190} INFO - [2024-11-20T14:35:32.522+0000] {dag.py:3239} INFO - Sync 1 DAGs
[2024-11-20T14:35:32.556+0000] {logging_mixin.py:190} INFO - [2024-11-20T14:35:32.555+0000] {dag.py:4180} INFO - Setting next_dagrun for example_short_circuit_decorator to None, run_after=None
[2024-11-20T14:35:32.592+0000] {processor.py:208} INFO - Processing /home/airflow/.local/lib/python3.12/site-packages/airflow/example_dags/example_short_circuit_decorator.py took 0.199 seconds
[2024-11-20T14:36:02.962+0000] {processor.py:186} INFO - Started process (PID=2389) to work on /home/airflow/.local/lib/python3.12/site-packages/airflow/example_dags/example_short_circuit_decorator.py
[2024-11-20T14:36:02.963+0000] {processor.py:914} INFO - Processing file /home/airflow/.local/lib/python3.12/site-packages/airflow/example_dags/example_short_circuit_decorator.py for tasks to queue
[2024-11-20T14:36:02.968+0000] {logging_mixin.py:190} INFO - [2024-11-20T14:36:02.968+0000] {dagbag.py:588} INFO - Filling up the DagBag from /home/airflow/.local/lib/python3.12/site-packages/airflow/example_dags/example_short_circuit_decorator.py
[2024-11-20T14:36:02.984+0000] {processor.py:925} INFO - DAG(s) 'example_short_circuit_decorator' retrieved from /home/airflow/.local/lib/python3.12/site-packages/airflow/example_dags/example_short_circuit_decorator.py
[2024-11-20T14:36:03.021+0000] {logging_mixin.py:190} INFO - [2024-11-20T14:36:03.020+0000] {dag.py:3239} INFO - Sync 1 DAGs
[2024-11-20T14:36:03.042+0000] {logging_mixin.py:190} INFO - [2024-11-20T14:36:03.042+0000] {dag.py:4180} INFO - Setting next_dagrun for example_short_circuit_decorator to None, run_after=None
[2024-11-20T14:36:03.073+0000] {processor.py:208} INFO - Processing /home/airflow/.local/lib/python3.12/site-packages/airflow/example_dags/example_short_circuit_decorator.py took 0.123 seconds
[2024-11-20T14:36:33.233+0000] {processor.py:186} INFO - Started process (PID=2452) to work on /home/airflow/.local/lib/python3.12/site-packages/airflow/example_dags/example_short_circuit_decorator.py
[2024-11-20T14:36:33.234+0000] {processor.py:914} INFO - Processing file /home/airflow/.local/lib/python3.12/site-packages/airflow/example_dags/example_short_circuit_decorator.py for tasks to queue
[2024-11-20T14:36:33.239+0000] {logging_mixin.py:190} INFO - [2024-11-20T14:36:33.238+0000] {dagbag.py:588} INFO - Filling up the DagBag from /home/airflow/.local/lib/python3.12/site-packages/airflow/example_dags/example_short_circuit_decorator.py
[2024-11-20T14:36:33.256+0000] {processor.py:925} INFO - DAG(s) 'example_short_circuit_decorator' retrieved from /home/airflow/.local/lib/python3.12/site-packages/airflow/example_dags/example_short_circuit_decorator.py
[2024-11-20T14:36:33.288+0000] {logging_mixin.py:190} INFO - [2024-11-20T14:36:33.288+0000] {dag.py:3239} INFO - Sync 1 DAGs
[2024-11-20T14:36:33.317+0000] {logging_mixin.py:190} INFO - [2024-11-20T14:36:33.316+0000] {dag.py:4180} INFO - Setting next_dagrun for example_short_circuit_decorator to None, run_after=None
[2024-11-20T14:36:33.349+0000] {processor.py:208} INFO - Processing /home/airflow/.local/lib/python3.12/site-packages/airflow/example_dags/example_short_circuit_decorator.py took 0.125 seconds
[2024-11-20T14:37:03.866+0000] {processor.py:186} INFO - Started process (PID=2515) to work on /home/airflow/.local/lib/python3.12/site-packages/airflow/example_dags/example_short_circuit_decorator.py
[2024-11-20T14:37:03.867+0000] {processor.py:914} INFO - Processing file /home/airflow/.local/lib/python3.12/site-packages/airflow/example_dags/example_short_circuit_decorator.py for tasks to queue
[2024-11-20T14:37:03.873+0000] {logging_mixin.py:190} INFO - [2024-11-20T14:37:03.872+0000] {dagbag.py:588} INFO - Filling up the DagBag from /home/airflow/.local/lib/python3.12/site-packages/airflow/example_dags/example_short_circuit_decorator.py
[2024-11-20T14:37:03.890+0000] {processor.py:925} INFO - DAG(s) 'example_short_circuit_decorator' retrieved from /home/airflow/.local/lib/python3.12/site-packages/airflow/example_dags/example_short_circuit_decorator.py
[2024-11-20T14:37:03.948+0000] {logging_mixin.py:190} INFO - [2024-11-20T14:37:03.947+0000] {dag.py:3239} INFO - Sync 1 DAGs
[2024-11-20T14:37:03.981+0000] {logging_mixin.py:190} INFO - [2024-11-20T14:37:03.980+0000] {dag.py:4180} INFO - Setting next_dagrun for example_short_circuit_decorator to None, run_after=None
[2024-11-20T14:37:04.049+0000] {processor.py:208} INFO - Processing /home/airflow/.local/lib/python3.12/site-packages/airflow/example_dags/example_short_circuit_decorator.py took 0.198 seconds
[2024-11-20T14:37:34.550+0000] {processor.py:186} INFO - Started process (PID=2577) to work on /home/airflow/.local/lib/python3.12/site-packages/airflow/example_dags/example_short_circuit_decorator.py
[2024-11-20T14:37:34.553+0000] {processor.py:914} INFO - Processing file /home/airflow/.local/lib/python3.12/site-packages/airflow/example_dags/example_short_circuit_decorator.py for tasks to queue
[2024-11-20T14:37:34.559+0000] {logging_mixin.py:190} INFO - [2024-11-20T14:37:34.558+0000] {dagbag.py:588} INFO - Filling up the DagBag from /home/airflow/.local/lib/python3.12/site-packages/airflow/example_dags/example_short_circuit_decorator.py
[2024-11-20T14:37:34.584+0000] {processor.py:925} INFO - DAG(s) 'example_short_circuit_decorator' retrieved from /home/airflow/.local/lib/python3.12/site-packages/airflow/example_dags/example_short_circuit_decorator.py
[2024-11-20T14:37:34.641+0000] {logging_mixin.py:190} INFO - [2024-11-20T14:37:34.640+0000] {dag.py:3239} INFO - Sync 1 DAGs
[2024-11-20T14:37:34.678+0000] {logging_mixin.py:190} INFO - [2024-11-20T14:37:34.677+0000] {dag.py:4180} INFO - Setting next_dagrun for example_short_circuit_decorator to None, run_after=None
[2024-11-20T14:37:34.722+0000] {processor.py:208} INFO - Processing /home/airflow/.local/lib/python3.12/site-packages/airflow/example_dags/example_short_circuit_decorator.py took 0.184 seconds
[2024-11-20T14:38:04.955+0000] {processor.py:186} INFO - Started process (PID=2639) to work on /home/airflow/.local/lib/python3.12/site-packages/airflow/example_dags/example_short_circuit_decorator.py
[2024-11-20T14:38:04.957+0000] {processor.py:914} INFO - Processing file /home/airflow/.local/lib/python3.12/site-packages/airflow/example_dags/example_short_circuit_decorator.py for tasks to queue
[2024-11-20T14:38:04.963+0000] {logging_mixin.py:190} INFO - [2024-11-20T14:38:04.961+0000] {dagbag.py:588} INFO - Filling up the DagBag from /home/airflow/.local/lib/python3.12/site-packages/airflow/example_dags/example_short_circuit_decorator.py
[2024-11-20T14:38:04.985+0000] {processor.py:925} INFO - DAG(s) 'example_short_circuit_decorator' retrieved from /home/airflow/.local/lib/python3.12/site-packages/airflow/example_dags/example_short_circuit_decorator.py
[2024-11-20T14:38:05.027+0000] {logging_mixin.py:190} INFO - [2024-11-20T14:38:05.026+0000] {dag.py:3239} INFO - Sync 1 DAGs
[2024-11-20T14:38:05.078+0000] {logging_mixin.py:190} INFO - [2024-11-20T14:38:05.077+0000] {dag.py:4180} INFO - Setting next_dagrun for example_short_circuit_decorator to None, run_after=None
[2024-11-20T14:38:05.118+0000] {processor.py:208} INFO - Processing /home/airflow/.local/lib/python3.12/site-packages/airflow/example_dags/example_short_circuit_decorator.py took 0.177 seconds
