[2024-11-20T14:16:04.047+0000] {processor.py:186} INFO - Started process (PID=80) to work on /home/airflow/.local/lib/python3.12/site-packages/airflow/example_dags/example_branch_operator.py
[2024-11-20T14:16:04.048+0000] {processor.py:914} INFO - Processing file /home/airflow/.local/lib/python3.12/site-packages/airflow/example_dags/example_branch_operator.py for tasks to queue
[2024-11-20T14:16:04.052+0000] {logging_mixin.py:190} INFO - [2024-11-20T14:16:04.051+0000] {dagbag.py:588} INFO - Filling up the DagBag from /home/airflow/.local/lib/python3.12/site-packages/airflow/example_dags/example_branch_operator.py
[2024-11-20T14:16:04.098+0000] {processor.py:925} INFO - DAG(s) 'example_branch_operator' retrieved from /home/airflow/.local/lib/python3.12/site-packages/airflow/example_dags/example_branch_operator.py
[2024-11-20T14:16:04.371+0000] {logging_mixin.py:190} INFO - [2024-11-20T14:16:04.368+0000] {override.py:1911} INFO - Created Permission View: can delete on DAG:example_branch_operator
[2024-11-20T14:16:04.397+0000] {logging_mixin.py:190} INFO - [2024-11-20T14:16:04.397+0000] {override.py:1911} INFO - Created Permission View: can read on DAG:example_branch_operator
[2024-11-20T14:16:04.416+0000] {logging_mixin.py:190} INFO - [2024-11-20T14:16:04.416+0000] {override.py:1911} INFO - Created Permission View: can edit on DAG:example_branch_operator
[2024-11-20T14:16:04.438+0000] {logging_mixin.py:190} INFO - [2024-11-20T14:16:04.438+0000] {override.py:1911} INFO - Created Permission View: can delete on DAG Run:example_branch_operator
[2024-11-20T14:16:04.453+0000] {logging_mixin.py:190} INFO - [2024-11-20T14:16:04.452+0000] {override.py:1911} INFO - Created Permission View: menu access on DAG Run:example_branch_operator
[2024-11-20T14:16:04.466+0000] {logging_mixin.py:190} INFO - [2024-11-20T14:16:04.466+0000] {override.py:1911} INFO - Created Permission View: can read on DAG Run:example_branch_operator
[2024-11-20T14:16:04.480+0000] {logging_mixin.py:190} INFO - [2024-11-20T14:16:04.479+0000] {override.py:1911} INFO - Created Permission View: can create on DAG Run:example_branch_operator
[2024-11-20T14:16:04.481+0000] {logging_mixin.py:190} INFO - [2024-11-20T14:16:04.481+0000] {dag.py:3239} INFO - Sync 1 DAGs
[2024-11-20T14:16:04.511+0000] {logging_mixin.py:190} INFO - [2024-11-20T14:16:04.510+0000] {dag.py:3262} INFO - Creating ORM DAG for example_branch_operator
[2024-11-20T14:16:04.527+0000] {logging_mixin.py:190} INFO - [2024-11-20T14:16:04.527+0000] {dag.py:4180} INFO - Setting next_dagrun for example_branch_operator to 2024-11-19 00:00:00+00:00, run_after=2024-11-20 00:00:00+00:00
[2024-11-20T14:16:04.552+0000] {processor.py:208} INFO - Processing /home/airflow/.local/lib/python3.12/site-packages/airflow/example_dags/example_branch_operator.py took 0.514 seconds
[2024-11-20T14:16:35.453+0000] {processor.py:186} INFO - Started process (PID=142) to work on /home/airflow/.local/lib/python3.12/site-packages/airflow/example_dags/example_branch_operator.py
[2024-11-20T14:16:35.454+0000] {processor.py:914} INFO - Processing file /home/airflow/.local/lib/python3.12/site-packages/airflow/example_dags/example_branch_operator.py for tasks to queue
[2024-11-20T14:16:35.459+0000] {logging_mixin.py:190} INFO - [2024-11-20T14:16:35.459+0000] {dagbag.py:588} INFO - Filling up the DagBag from /home/airflow/.local/lib/python3.12/site-packages/airflow/example_dags/example_branch_operator.py
[2024-11-20T14:16:35.516+0000] {processor.py:925} INFO - DAG(s) 'example_branch_operator' retrieved from /home/airflow/.local/lib/python3.12/site-packages/airflow/example_dags/example_branch_operator.py
[2024-11-20T14:16:35.593+0000] {logging_mixin.py:190} INFO - [2024-11-20T14:16:35.593+0000] {dag.py:3239} INFO - Sync 1 DAGs
[2024-11-20T14:16:35.646+0000] {logging_mixin.py:190} INFO - [2024-11-20T14:16:35.646+0000] {dag.py:4180} INFO - Setting next_dagrun for example_branch_operator to 2024-11-19 00:00:00+00:00, run_after=2024-11-20 00:00:00+00:00
[2024-11-20T14:16:35.695+0000] {processor.py:208} INFO - Processing /home/airflow/.local/lib/python3.12/site-packages/airflow/example_dags/example_branch_operator.py took 0.258 seconds
[2024-11-20T14:17:05.822+0000] {processor.py:186} INFO - Started process (PID=205) to work on /home/airflow/.local/lib/python3.12/site-packages/airflow/example_dags/example_branch_operator.py
[2024-11-20T14:17:05.825+0000] {processor.py:914} INFO - Processing file /home/airflow/.local/lib/python3.12/site-packages/airflow/example_dags/example_branch_operator.py for tasks to queue
[2024-11-20T14:17:05.833+0000] {logging_mixin.py:190} INFO - [2024-11-20T14:17:05.832+0000] {dagbag.py:588} INFO - Filling up the DagBag from /home/airflow/.local/lib/python3.12/site-packages/airflow/example_dags/example_branch_operator.py
[2024-11-20T14:17:05.888+0000] {processor.py:925} INFO - DAG(s) 'example_branch_operator' retrieved from /home/airflow/.local/lib/python3.12/site-packages/airflow/example_dags/example_branch_operator.py
[2024-11-20T14:17:06.231+0000] {logging_mixin.py:190} INFO - [2024-11-20T14:17:06.228+0000] {dag.py:3239} INFO - Sync 1 DAGs
[2024-11-20T14:17:06.311+0000] {logging_mixin.py:190} INFO - [2024-11-20T14:17:06.311+0000] {dag.py:4180} INFO - Setting next_dagrun for example_branch_operator to 2024-11-19 00:00:00+00:00, run_after=2024-11-20 00:00:00+00:00
[2024-11-20T14:17:06.352+0000] {processor.py:208} INFO - Processing /home/airflow/.local/lib/python3.12/site-packages/airflow/example_dags/example_branch_operator.py took 0.547 seconds
[2024-11-20T14:17:37.020+0000] {processor.py:186} INFO - Started process (PID=268) to work on /home/airflow/.local/lib/python3.12/site-packages/airflow/example_dags/example_branch_operator.py
[2024-11-20T14:17:37.022+0000] {processor.py:914} INFO - Processing file /home/airflow/.local/lib/python3.12/site-packages/airflow/example_dags/example_branch_operator.py for tasks to queue
[2024-11-20T14:17:37.026+0000] {logging_mixin.py:190} INFO - [2024-11-20T14:17:37.025+0000] {dagbag.py:588} INFO - Filling up the DagBag from /home/airflow/.local/lib/python3.12/site-packages/airflow/example_dags/example_branch_operator.py
[2024-11-20T14:17:37.063+0000] {processor.py:925} INFO - DAG(s) 'example_branch_operator' retrieved from /home/airflow/.local/lib/python3.12/site-packages/airflow/example_dags/example_branch_operator.py
[2024-11-20T14:17:37.107+0000] {logging_mixin.py:190} INFO - [2024-11-20T14:17:37.106+0000] {dag.py:3239} INFO - Sync 1 DAGs
[2024-11-20T14:17:37.145+0000] {logging_mixin.py:190} INFO - [2024-11-20T14:17:37.144+0000] {dag.py:4180} INFO - Setting next_dagrun for example_branch_operator to 2024-11-19 00:00:00+00:00, run_after=2024-11-20 00:00:00+00:00
[2024-11-20T14:17:37.172+0000] {processor.py:208} INFO - Processing /home/airflow/.local/lib/python3.12/site-packages/airflow/example_dags/example_branch_operator.py took 0.163 seconds
[2024-11-20T14:18:07.734+0000] {processor.py:186} INFO - Started process (PID=331) to work on /home/airflow/.local/lib/python3.12/site-packages/airflow/example_dags/example_branch_operator.py
[2024-11-20T14:18:07.736+0000] {processor.py:914} INFO - Processing file /home/airflow/.local/lib/python3.12/site-packages/airflow/example_dags/example_branch_operator.py for tasks to queue
[2024-11-20T14:18:07.741+0000] {logging_mixin.py:190} INFO - [2024-11-20T14:18:07.740+0000] {dagbag.py:588} INFO - Filling up the DagBag from /home/airflow/.local/lib/python3.12/site-packages/airflow/example_dags/example_branch_operator.py
[2024-11-20T14:18:07.779+0000] {processor.py:925} INFO - DAG(s) 'example_branch_operator' retrieved from /home/airflow/.local/lib/python3.12/site-packages/airflow/example_dags/example_branch_operator.py
[2024-11-20T14:18:07.839+0000] {logging_mixin.py:190} INFO - [2024-11-20T14:18:07.839+0000] {dag.py:3239} INFO - Sync 1 DAGs
[2024-11-20T14:18:07.882+0000] {logging_mixin.py:190} INFO - [2024-11-20T14:18:07.882+0000] {dag.py:4180} INFO - Setting next_dagrun for example_branch_operator to 2024-11-19 00:00:00+00:00, run_after=2024-11-20 00:00:00+00:00
[2024-11-20T14:18:07.909+0000] {processor.py:208} INFO - Processing /home/airflow/.local/lib/python3.12/site-packages/airflow/example_dags/example_branch_operator.py took 0.185 seconds
[2024-11-20T14:18:38.209+0000] {processor.py:186} INFO - Started process (PID=394) to work on /home/airflow/.local/lib/python3.12/site-packages/airflow/example_dags/example_branch_operator.py
[2024-11-20T14:18:38.210+0000] {processor.py:914} INFO - Processing file /home/airflow/.local/lib/python3.12/site-packages/airflow/example_dags/example_branch_operator.py for tasks to queue
[2024-11-20T14:18:38.215+0000] {logging_mixin.py:190} INFO - [2024-11-20T14:18:38.214+0000] {dagbag.py:588} INFO - Filling up the DagBag from /home/airflow/.local/lib/python3.12/site-packages/airflow/example_dags/example_branch_operator.py
[2024-11-20T14:18:38.246+0000] {processor.py:925} INFO - DAG(s) 'example_branch_operator' retrieved from /home/airflow/.local/lib/python3.12/site-packages/airflow/example_dags/example_branch_operator.py
[2024-11-20T14:18:38.303+0000] {logging_mixin.py:190} INFO - [2024-11-20T14:18:38.303+0000] {dag.py:3239} INFO - Sync 1 DAGs
[2024-11-20T14:18:38.352+0000] {logging_mixin.py:190} INFO - [2024-11-20T14:18:38.352+0000] {dag.py:4180} INFO - Setting next_dagrun for example_branch_operator to 2024-11-19 00:00:00+00:00, run_after=2024-11-20 00:00:00+00:00
[2024-11-20T14:18:38.385+0000] {processor.py:208} INFO - Processing /home/airflow/.local/lib/python3.12/site-packages/airflow/example_dags/example_branch_operator.py took 0.193 seconds
[2024-11-20T14:19:09.216+0000] {processor.py:186} INFO - Started process (PID=457) to work on /home/airflow/.local/lib/python3.12/site-packages/airflow/example_dags/example_branch_operator.py
[2024-11-20T14:19:09.217+0000] {processor.py:914} INFO - Processing file /home/airflow/.local/lib/python3.12/site-packages/airflow/example_dags/example_branch_operator.py for tasks to queue
[2024-11-20T14:19:09.220+0000] {logging_mixin.py:190} INFO - [2024-11-20T14:19:09.220+0000] {dagbag.py:588} INFO - Filling up the DagBag from /home/airflow/.local/lib/python3.12/site-packages/airflow/example_dags/example_branch_operator.py
[2024-11-20T14:19:09.247+0000] {processor.py:925} INFO - DAG(s) 'example_branch_operator' retrieved from /home/airflow/.local/lib/python3.12/site-packages/airflow/example_dags/example_branch_operator.py
[2024-11-20T14:19:09.292+0000] {logging_mixin.py:190} INFO - [2024-11-20T14:19:09.291+0000] {dag.py:3239} INFO - Sync 1 DAGs
[2024-11-20T14:19:09.336+0000] {logging_mixin.py:190} INFO - [2024-11-20T14:19:09.335+0000] {dag.py:4180} INFO - Setting next_dagrun for example_branch_operator to 2024-11-19 00:00:00+00:00, run_after=2024-11-20 00:00:00+00:00
[2024-11-20T14:19:09.372+0000] {processor.py:208} INFO - Processing /home/airflow/.local/lib/python3.12/site-packages/airflow/example_dags/example_branch_operator.py took 0.170 seconds
[2024-11-20T14:19:39.643+0000] {processor.py:186} INFO - Started process (PID=519) to work on /home/airflow/.local/lib/python3.12/site-packages/airflow/example_dags/example_branch_operator.py
[2024-11-20T14:19:39.645+0000] {processor.py:914} INFO - Processing file /home/airflow/.local/lib/python3.12/site-packages/airflow/example_dags/example_branch_operator.py for tasks to queue
[2024-11-20T14:19:39.650+0000] {logging_mixin.py:190} INFO - [2024-11-20T14:19:39.649+0000] {dagbag.py:588} INFO - Filling up the DagBag from /home/airflow/.local/lib/python3.12/site-packages/airflow/example_dags/example_branch_operator.py
[2024-11-20T14:19:39.677+0000] {processor.py:925} INFO - DAG(s) 'example_branch_operator' retrieved from /home/airflow/.local/lib/python3.12/site-packages/airflow/example_dags/example_branch_operator.py
[2024-11-20T14:19:39.728+0000] {logging_mixin.py:190} INFO - [2024-11-20T14:19:39.727+0000] {dag.py:3239} INFO - Sync 1 DAGs
[2024-11-20T14:19:39.771+0000] {logging_mixin.py:190} INFO - [2024-11-20T14:19:39.770+0000] {dag.py:4180} INFO - Setting next_dagrun for example_branch_operator to 2024-11-19 00:00:00+00:00, run_after=2024-11-20 00:00:00+00:00
[2024-11-20T14:19:39.807+0000] {processor.py:208} INFO - Processing /home/airflow/.local/lib/python3.12/site-packages/airflow/example_dags/example_branch_operator.py took 0.175 seconds
[2024-11-20T14:20:10.050+0000] {processor.py:186} INFO - Started process (PID=582) to work on /home/airflow/.local/lib/python3.12/site-packages/airflow/example_dags/example_branch_operator.py
[2024-11-20T14:20:10.060+0000] {processor.py:914} INFO - Processing file /home/airflow/.local/lib/python3.12/site-packages/airflow/example_dags/example_branch_operator.py for tasks to queue
[2024-11-20T14:20:10.080+0000] {logging_mixin.py:190} INFO - [2024-11-20T14:20:10.076+0000] {dagbag.py:588} INFO - Filling up the DagBag from /home/airflow/.local/lib/python3.12/site-packages/airflow/example_dags/example_branch_operator.py
[2024-11-20T14:20:10.400+0000] {processor.py:925} INFO - DAG(s) 'example_branch_operator' retrieved from /home/airflow/.local/lib/python3.12/site-packages/airflow/example_dags/example_branch_operator.py
[2024-11-20T14:20:10.799+0000] {logging_mixin.py:190} INFO - [2024-11-20T14:20:10.794+0000] {dag.py:3239} INFO - Sync 1 DAGs
[2024-11-20T14:20:11.086+0000] {logging_mixin.py:190} INFO - [2024-11-20T14:20:11.081+0000] {dag.py:4180} INFO - Setting next_dagrun for example_branch_operator to 2024-11-19 00:00:00+00:00, run_after=2024-11-20 00:00:00+00:00
[2024-11-20T14:20:11.201+0000] {processor.py:208} INFO - Processing /home/airflow/.local/lib/python3.12/site-packages/airflow/example_dags/example_branch_operator.py took 1.249 seconds
[2024-11-20T14:20:41.894+0000] {processor.py:186} INFO - Started process (PID=645) to work on /home/airflow/.local/lib/python3.12/site-packages/airflow/example_dags/example_branch_operator.py
[2024-11-20T14:20:41.896+0000] {processor.py:914} INFO - Processing file /home/airflow/.local/lib/python3.12/site-packages/airflow/example_dags/example_branch_operator.py for tasks to queue
[2024-11-20T14:20:41.901+0000] {logging_mixin.py:190} INFO - [2024-11-20T14:20:41.900+0000] {dagbag.py:588} INFO - Filling up the DagBag from /home/airflow/.local/lib/python3.12/site-packages/airflow/example_dags/example_branch_operator.py
[2024-11-20T14:20:41.939+0000] {processor.py:925} INFO - DAG(s) 'example_branch_operator' retrieved from /home/airflow/.local/lib/python3.12/site-packages/airflow/example_dags/example_branch_operator.py
[2024-11-20T14:20:41.999+0000] {logging_mixin.py:190} INFO - [2024-11-20T14:20:41.998+0000] {dag.py:3239} INFO - Sync 1 DAGs
[2024-11-20T14:20:42.056+0000] {logging_mixin.py:190} INFO - [2024-11-20T14:20:42.056+0000] {dag.py:4180} INFO - Setting next_dagrun for example_branch_operator to 2024-11-19 00:00:00+00:00, run_after=2024-11-20 00:00:00+00:00
[2024-11-20T14:20:42.095+0000] {processor.py:208} INFO - Processing /home/airflow/.local/lib/python3.12/site-packages/airflow/example_dags/example_branch_operator.py took 0.214 seconds
[2024-11-20T14:21:12.428+0000] {processor.py:186} INFO - Started process (PID=708) to work on /home/airflow/.local/lib/python3.12/site-packages/airflow/example_dags/example_branch_operator.py
[2024-11-20T14:21:12.430+0000] {processor.py:914} INFO - Processing file /home/airflow/.local/lib/python3.12/site-packages/airflow/example_dags/example_branch_operator.py for tasks to queue
[2024-11-20T14:21:12.434+0000] {logging_mixin.py:190} INFO - [2024-11-20T14:21:12.434+0000] {dagbag.py:588} INFO - Filling up the DagBag from /home/airflow/.local/lib/python3.12/site-packages/airflow/example_dags/example_branch_operator.py
[2024-11-20T14:21:12.465+0000] {processor.py:925} INFO - DAG(s) 'example_branch_operator' retrieved from /home/airflow/.local/lib/python3.12/site-packages/airflow/example_dags/example_branch_operator.py
[2024-11-20T14:21:12.508+0000] {logging_mixin.py:190} INFO - [2024-11-20T14:21:12.508+0000] {dag.py:3239} INFO - Sync 1 DAGs
[2024-11-20T14:21:12.548+0000] {logging_mixin.py:190} INFO - [2024-11-20T14:21:12.547+0000] {dag.py:4180} INFO - Setting next_dagrun for example_branch_operator to 2024-11-19 00:00:00+00:00, run_after=2024-11-20 00:00:00+00:00
[2024-11-20T14:21:12.581+0000] {processor.py:208} INFO - Processing /home/airflow/.local/lib/python3.12/site-packages/airflow/example_dags/example_branch_operator.py took 0.165 seconds
[2024-11-20T14:21:43.457+0000] {processor.py:186} INFO - Started process (PID=771) to work on /home/airflow/.local/lib/python3.12/site-packages/airflow/example_dags/example_branch_operator.py
[2024-11-20T14:21:43.459+0000] {processor.py:914} INFO - Processing file /home/airflow/.local/lib/python3.12/site-packages/airflow/example_dags/example_branch_operator.py for tasks to queue
[2024-11-20T14:21:43.465+0000] {logging_mixin.py:190} INFO - [2024-11-20T14:21:43.465+0000] {dagbag.py:588} INFO - Filling up the DagBag from /home/airflow/.local/lib/python3.12/site-packages/airflow/example_dags/example_branch_operator.py
[2024-11-20T14:21:43.505+0000] {processor.py:925} INFO - DAG(s) 'example_branch_operator' retrieved from /home/airflow/.local/lib/python3.12/site-packages/airflow/example_dags/example_branch_operator.py
[2024-11-20T14:21:43.550+0000] {logging_mixin.py:190} INFO - [2024-11-20T14:21:43.550+0000] {dag.py:3239} INFO - Sync 1 DAGs
[2024-11-20T14:21:43.589+0000] {logging_mixin.py:190} INFO - [2024-11-20T14:21:43.589+0000] {dag.py:4180} INFO - Setting next_dagrun for example_branch_operator to 2024-11-19 00:00:00+00:00, run_after=2024-11-20 00:00:00+00:00
[2024-11-20T14:21:43.621+0000] {processor.py:208} INFO - Processing /home/airflow/.local/lib/python3.12/site-packages/airflow/example_dags/example_branch_operator.py took 0.181 seconds
[2024-11-20T14:22:14.156+0000] {processor.py:186} INFO - Started process (PID=834) to work on /home/airflow/.local/lib/python3.12/site-packages/airflow/example_dags/example_branch_operator.py
[2024-11-20T14:22:14.158+0000] {processor.py:914} INFO - Processing file /home/airflow/.local/lib/python3.12/site-packages/airflow/example_dags/example_branch_operator.py for tasks to queue
[2024-11-20T14:22:14.162+0000] {logging_mixin.py:190} INFO - [2024-11-20T14:22:14.161+0000] {dagbag.py:588} INFO - Filling up the DagBag from /home/airflow/.local/lib/python3.12/site-packages/airflow/example_dags/example_branch_operator.py
[2024-11-20T14:22:14.202+0000] {processor.py:925} INFO - DAG(s) 'example_branch_operator' retrieved from /home/airflow/.local/lib/python3.12/site-packages/airflow/example_dags/example_branch_operator.py
[2024-11-20T14:22:14.257+0000] {logging_mixin.py:190} INFO - [2024-11-20T14:22:14.257+0000] {dag.py:3239} INFO - Sync 1 DAGs
[2024-11-20T14:22:14.308+0000] {logging_mixin.py:190} INFO - [2024-11-20T14:22:14.307+0000] {dag.py:4180} INFO - Setting next_dagrun for example_branch_operator to 2024-11-19 00:00:00+00:00, run_after=2024-11-20 00:00:00+00:00
[2024-11-20T14:22:14.340+0000] {processor.py:208} INFO - Processing /home/airflow/.local/lib/python3.12/site-packages/airflow/example_dags/example_branch_operator.py took 0.198 seconds
[2024-11-20T14:22:44.568+0000] {processor.py:186} INFO - Started process (PID=897) to work on /home/airflow/.local/lib/python3.12/site-packages/airflow/example_dags/example_branch_operator.py
[2024-11-20T14:22:44.569+0000] {processor.py:914} INFO - Processing file /home/airflow/.local/lib/python3.12/site-packages/airflow/example_dags/example_branch_operator.py for tasks to queue
[2024-11-20T14:22:44.574+0000] {logging_mixin.py:190} INFO - [2024-11-20T14:22:44.574+0000] {dagbag.py:588} INFO - Filling up the DagBag from /home/airflow/.local/lib/python3.12/site-packages/airflow/example_dags/example_branch_operator.py
[2024-11-20T14:22:44.603+0000] {processor.py:925} INFO - DAG(s) 'example_branch_operator' retrieved from /home/airflow/.local/lib/python3.12/site-packages/airflow/example_dags/example_branch_operator.py
[2024-11-20T14:22:44.647+0000] {logging_mixin.py:190} INFO - [2024-11-20T14:22:44.647+0000] {dag.py:3239} INFO - Sync 1 DAGs
[2024-11-20T14:22:44.685+0000] {logging_mixin.py:190} INFO - [2024-11-20T14:22:44.684+0000] {dag.py:4180} INFO - Setting next_dagrun for example_branch_operator to 2024-11-19 00:00:00+00:00, run_after=2024-11-20 00:00:00+00:00
[2024-11-20T14:22:44.711+0000] {processor.py:208} INFO - Processing /home/airflow/.local/lib/python3.12/site-packages/airflow/example_dags/example_branch_operator.py took 0.155 seconds
[2024-11-20T14:23:17.091+0000] {processor.py:186} INFO - Started process (PID=966) to work on /home/airflow/.local/lib/python3.12/site-packages/airflow/example_dags/example_branch_operator.py
[2024-11-20T14:23:17.093+0000] {processor.py:914} INFO - Processing file /home/airflow/.local/lib/python3.12/site-packages/airflow/example_dags/example_branch_operator.py for tasks to queue
[2024-11-20T14:23:17.098+0000] {logging_mixin.py:190} INFO - [2024-11-20T14:23:17.097+0000] {dagbag.py:588} INFO - Filling up the DagBag from /home/airflow/.local/lib/python3.12/site-packages/airflow/example_dags/example_branch_operator.py
[2024-11-20T14:23:17.140+0000] {processor.py:925} INFO - DAG(s) 'example_branch_operator' retrieved from /home/airflow/.local/lib/python3.12/site-packages/airflow/example_dags/example_branch_operator.py
[2024-11-20T14:23:17.217+0000] {logging_mixin.py:190} INFO - [2024-11-20T14:23:17.216+0000] {dag.py:3239} INFO - Sync 1 DAGs
[2024-11-20T14:23:17.279+0000] {logging_mixin.py:190} INFO - [2024-11-20T14:23:17.279+0000] {dag.py:4180} INFO - Setting next_dagrun for example_branch_operator to 2024-11-19 00:00:00+00:00, run_after=2024-11-20 00:00:00+00:00
[2024-11-20T14:23:17.317+0000] {processor.py:208} INFO - Processing /home/airflow/.local/lib/python3.12/site-packages/airflow/example_dags/example_branch_operator.py took 0.240 seconds
[2024-11-20T14:23:48.280+0000] {processor.py:186} INFO - Started process (PID=1029) to work on /home/airflow/.local/lib/python3.12/site-packages/airflow/example_dags/example_branch_operator.py
[2024-11-20T14:23:48.283+0000] {processor.py:914} INFO - Processing file /home/airflow/.local/lib/python3.12/site-packages/airflow/example_dags/example_branch_operator.py for tasks to queue
[2024-11-20T14:23:48.289+0000] {logging_mixin.py:190} INFO - [2024-11-20T14:23:48.288+0000] {dagbag.py:588} INFO - Filling up the DagBag from /home/airflow/.local/lib/python3.12/site-packages/airflow/example_dags/example_branch_operator.py
[2024-11-20T14:23:48.329+0000] {processor.py:925} INFO - DAG(s) 'example_branch_operator' retrieved from /home/airflow/.local/lib/python3.12/site-packages/airflow/example_dags/example_branch_operator.py
[2024-11-20T14:23:48.453+0000] {logging_mixin.py:190} INFO - [2024-11-20T14:23:48.449+0000] {dag.py:3239} INFO - Sync 1 DAGs
[2024-11-20T14:23:48.555+0000] {logging_mixin.py:190} INFO - [2024-11-20T14:23:48.555+0000] {dag.py:4180} INFO - Setting next_dagrun for example_branch_operator to 2024-11-19 00:00:00+00:00, run_after=2024-11-20 00:00:00+00:00
[2024-11-20T14:23:48.583+0000] {processor.py:208} INFO - Processing /home/airflow/.local/lib/python3.12/site-packages/airflow/example_dags/example_branch_operator.py took 0.316 seconds
[2024-11-20T14:24:19.041+0000] {processor.py:186} INFO - Started process (PID=1089) to work on /home/airflow/.local/lib/python3.12/site-packages/airflow/example_dags/example_branch_operator.py
[2024-11-20T14:24:19.043+0000] {processor.py:914} INFO - Processing file /home/airflow/.local/lib/python3.12/site-packages/airflow/example_dags/example_branch_operator.py for tasks to queue
[2024-11-20T14:24:19.048+0000] {logging_mixin.py:190} INFO - [2024-11-20T14:24:19.047+0000] {dagbag.py:588} INFO - Filling up the DagBag from /home/airflow/.local/lib/python3.12/site-packages/airflow/example_dags/example_branch_operator.py
[2024-11-20T14:24:19.086+0000] {processor.py:925} INFO - DAG(s) 'example_branch_operator' retrieved from /home/airflow/.local/lib/python3.12/site-packages/airflow/example_dags/example_branch_operator.py
[2024-11-20T14:24:19.146+0000] {logging_mixin.py:190} INFO - [2024-11-20T14:24:19.145+0000] {dag.py:3239} INFO - Sync 1 DAGs
[2024-11-20T14:24:19.194+0000] {logging_mixin.py:190} INFO - [2024-11-20T14:24:19.194+0000] {dag.py:4180} INFO - Setting next_dagrun for example_branch_operator to 2024-11-19 00:00:00+00:00, run_after=2024-11-20 00:00:00+00:00
[2024-11-20T14:24:19.226+0000] {processor.py:208} INFO - Processing /home/airflow/.local/lib/python3.12/site-packages/airflow/example_dags/example_branch_operator.py took 0.197 seconds
[2024-11-20T14:24:49.309+0000] {processor.py:186} INFO - Started process (PID=1146) to work on /home/airflow/.local/lib/python3.12/site-packages/airflow/example_dags/example_branch_operator.py
[2024-11-20T14:24:49.310+0000] {processor.py:914} INFO - Processing file /home/airflow/.local/lib/python3.12/site-packages/airflow/example_dags/example_branch_operator.py for tasks to queue
[2024-11-20T14:24:49.314+0000] {logging_mixin.py:190} INFO - [2024-11-20T14:24:49.314+0000] {dagbag.py:588} INFO - Filling up the DagBag from /home/airflow/.local/lib/python3.12/site-packages/airflow/example_dags/example_branch_operator.py
[2024-11-20T14:24:49.345+0000] {processor.py:925} INFO - DAG(s) 'example_branch_operator' retrieved from /home/airflow/.local/lib/python3.12/site-packages/airflow/example_dags/example_branch_operator.py
[2024-11-20T14:24:49.402+0000] {logging_mixin.py:190} INFO - [2024-11-20T14:24:49.402+0000] {dag.py:3239} INFO - Sync 1 DAGs
[2024-11-20T14:24:49.441+0000] {logging_mixin.py:190} INFO - [2024-11-20T14:24:49.440+0000] {dag.py:4180} INFO - Setting next_dagrun for example_branch_operator to 2024-11-19 00:00:00+00:00, run_after=2024-11-20 00:00:00+00:00
[2024-11-20T14:24:49.471+0000] {processor.py:208} INFO - Processing /home/airflow/.local/lib/python3.12/site-packages/airflow/example_dags/example_branch_operator.py took 0.172 seconds
[2024-11-20T14:25:21.043+0000] {processor.py:186} INFO - Started process (PID=1209) to work on /home/airflow/.local/lib/python3.12/site-packages/airflow/example_dags/example_branch_operator.py
[2024-11-20T14:25:21.044+0000] {processor.py:914} INFO - Processing file /home/airflow/.local/lib/python3.12/site-packages/airflow/example_dags/example_branch_operator.py for tasks to queue
[2024-11-20T14:25:21.048+0000] {logging_mixin.py:190} INFO - [2024-11-20T14:25:21.048+0000] {dagbag.py:588} INFO - Filling up the DagBag from /home/airflow/.local/lib/python3.12/site-packages/airflow/example_dags/example_branch_operator.py
[2024-11-20T14:25:21.076+0000] {processor.py:925} INFO - DAG(s) 'example_branch_operator' retrieved from /home/airflow/.local/lib/python3.12/site-packages/airflow/example_dags/example_branch_operator.py
[2024-11-20T14:25:21.117+0000] {logging_mixin.py:190} INFO - [2024-11-20T14:25:21.117+0000] {dag.py:3239} INFO - Sync 1 DAGs
[2024-11-20T14:25:21.154+0000] {logging_mixin.py:190} INFO - [2024-11-20T14:25:21.153+0000] {dag.py:4180} INFO - Setting next_dagrun for example_branch_operator to 2024-11-19 00:00:00+00:00, run_after=2024-11-20 00:00:00+00:00
[2024-11-20T14:25:21.180+0000] {processor.py:208} INFO - Processing /home/airflow/.local/lib/python3.12/site-packages/airflow/example_dags/example_branch_operator.py took 0.146 seconds
[2024-11-20T14:25:52.778+0000] {processor.py:186} INFO - Started process (PID=1270) to work on /home/airflow/.local/lib/python3.12/site-packages/airflow/example_dags/example_branch_operator.py
[2024-11-20T14:25:52.780+0000] {processor.py:914} INFO - Processing file /home/airflow/.local/lib/python3.12/site-packages/airflow/example_dags/example_branch_operator.py for tasks to queue
[2024-11-20T14:25:52.785+0000] {logging_mixin.py:190} INFO - [2024-11-20T14:25:52.784+0000] {dagbag.py:588} INFO - Filling up the DagBag from /home/airflow/.local/lib/python3.12/site-packages/airflow/example_dags/example_branch_operator.py
[2024-11-20T14:25:52.817+0000] {processor.py:925} INFO - DAG(s) 'example_branch_operator' retrieved from /home/airflow/.local/lib/python3.12/site-packages/airflow/example_dags/example_branch_operator.py
[2024-11-20T14:25:52.871+0000] {logging_mixin.py:190} INFO - [2024-11-20T14:25:52.871+0000] {dag.py:3239} INFO - Sync 1 DAGs
[2024-11-20T14:25:52.926+0000] {logging_mixin.py:190} INFO - [2024-11-20T14:25:52.926+0000] {dag.py:4180} INFO - Setting next_dagrun for example_branch_operator to 2024-11-19 00:00:00+00:00, run_after=2024-11-20 00:00:00+00:00
[2024-11-20T14:25:52.979+0000] {processor.py:208} INFO - Processing /home/airflow/.local/lib/python3.12/site-packages/airflow/example_dags/example_branch_operator.py took 0.214 seconds
[2024-11-20T14:26:24.293+0000] {processor.py:186} INFO - Started process (PID=1330) to work on /home/airflow/.local/lib/python3.12/site-packages/airflow/example_dags/example_branch_operator.py
[2024-11-20T14:26:24.295+0000] {processor.py:914} INFO - Processing file /home/airflow/.local/lib/python3.12/site-packages/airflow/example_dags/example_branch_operator.py for tasks to queue
[2024-11-20T14:26:24.300+0000] {logging_mixin.py:190} INFO - [2024-11-20T14:26:24.299+0000] {dagbag.py:588} INFO - Filling up the DagBag from /home/airflow/.local/lib/python3.12/site-packages/airflow/example_dags/example_branch_operator.py
[2024-11-20T14:26:24.343+0000] {processor.py:925} INFO - DAG(s) 'example_branch_operator' retrieved from /home/airflow/.local/lib/python3.12/site-packages/airflow/example_dags/example_branch_operator.py
[2024-11-20T14:26:24.409+0000] {logging_mixin.py:190} INFO - [2024-11-20T14:26:24.408+0000] {dag.py:3239} INFO - Sync 1 DAGs
[2024-11-20T14:26:24.465+0000] {logging_mixin.py:190} INFO - [2024-11-20T14:26:24.465+0000] {dag.py:4180} INFO - Setting next_dagrun for example_branch_operator to 2024-11-19 00:00:00+00:00, run_after=2024-11-20 00:00:00+00:00
[2024-11-20T14:26:24.501+0000] {processor.py:208} INFO - Processing /home/airflow/.local/lib/python3.12/site-packages/airflow/example_dags/example_branch_operator.py took 0.221 seconds
[2024-11-20T14:26:55.769+0000] {processor.py:186} INFO - Started process (PID=1390) to work on /home/airflow/.local/lib/python3.12/site-packages/airflow/example_dags/example_branch_operator.py
[2024-11-20T14:26:55.771+0000] {processor.py:914} INFO - Processing file /home/airflow/.local/lib/python3.12/site-packages/airflow/example_dags/example_branch_operator.py for tasks to queue
[2024-11-20T14:26:55.776+0000] {logging_mixin.py:190} INFO - [2024-11-20T14:26:55.775+0000] {dagbag.py:588} INFO - Filling up the DagBag from /home/airflow/.local/lib/python3.12/site-packages/airflow/example_dags/example_branch_operator.py
[2024-11-20T14:26:55.813+0000] {processor.py:925} INFO - DAG(s) 'example_branch_operator' retrieved from /home/airflow/.local/lib/python3.12/site-packages/airflow/example_dags/example_branch_operator.py
[2024-11-20T14:26:55.867+0000] {logging_mixin.py:190} INFO - [2024-11-20T14:26:55.866+0000] {dag.py:3239} INFO - Sync 1 DAGs
[2024-11-20T14:26:55.909+0000] {logging_mixin.py:190} INFO - [2024-11-20T14:26:55.909+0000] {dag.py:4180} INFO - Setting next_dagrun for example_branch_operator to 2024-11-19 00:00:00+00:00, run_after=2024-11-20 00:00:00+00:00
[2024-11-20T14:26:55.946+0000] {processor.py:208} INFO - Processing /home/airflow/.local/lib/python3.12/site-packages/airflow/example_dags/example_branch_operator.py took 0.186 seconds
[2024-11-20T14:28:04.519+0000] {processor.py:186} INFO - Started process (PID=1416) to work on /home/airflow/.local/lib/python3.12/site-packages/airflow/example_dags/example_branch_operator.py
[2024-11-20T14:28:04.542+0000] {processor.py:914} INFO - Processing file /home/airflow/.local/lib/python3.12/site-packages/airflow/example_dags/example_branch_operator.py for tasks to queue
[2024-11-20T14:28:04.548+0000] {logging_mixin.py:190} INFO - [2024-11-20T14:28:04.548+0000] {dagbag.py:588} INFO - Filling up the DagBag from /home/airflow/.local/lib/python3.12/site-packages/airflow/example_dags/example_branch_operator.py
[2024-11-20T14:28:04.578+0000] {processor.py:925} INFO - DAG(s) 'example_branch_operator' retrieved from /home/airflow/.local/lib/python3.12/site-packages/airflow/example_dags/example_branch_operator.py
[2024-11-20T14:28:04.626+0000] {logging_mixin.py:190} INFO - [2024-11-20T14:28:04.625+0000] {dag.py:3239} INFO - Sync 1 DAGs
[2024-11-20T14:28:04.673+0000] {logging_mixin.py:190} INFO - [2024-11-20T14:28:04.672+0000] {dag.py:4180} INFO - Setting next_dagrun for example_branch_operator to 2024-11-19 00:00:00+00:00, run_after=2024-11-20 00:00:00+00:00
[2024-11-20T14:28:04.703+0000] {processor.py:208} INFO - Processing /home/airflow/.local/lib/python3.12/site-packages/airflow/example_dags/example_branch_operator.py took 0.195 seconds
[2024-11-20T14:28:35.562+0000] {processor.py:186} INFO - Started process (PID=1479) to work on /home/airflow/.local/lib/python3.12/site-packages/airflow/example_dags/example_branch_operator.py
[2024-11-20T14:28:35.563+0000] {processor.py:914} INFO - Processing file /home/airflow/.local/lib/python3.12/site-packages/airflow/example_dags/example_branch_operator.py for tasks to queue
[2024-11-20T14:28:35.567+0000] {logging_mixin.py:190} INFO - [2024-11-20T14:28:35.567+0000] {dagbag.py:588} INFO - Filling up the DagBag from /home/airflow/.local/lib/python3.12/site-packages/airflow/example_dags/example_branch_operator.py
[2024-11-20T14:28:35.605+0000] {processor.py:925} INFO - DAG(s) 'example_branch_operator' retrieved from /home/airflow/.local/lib/python3.12/site-packages/airflow/example_dags/example_branch_operator.py
[2024-11-20T14:28:35.679+0000] {logging_mixin.py:190} INFO - [2024-11-20T14:28:35.678+0000] {dag.py:3239} INFO - Sync 1 DAGs
[2024-11-20T14:28:35.733+0000] {logging_mixin.py:190} INFO - [2024-11-20T14:28:35.733+0000] {dag.py:4180} INFO - Setting next_dagrun for example_branch_operator to 2024-11-19 00:00:00+00:00, run_after=2024-11-20 00:00:00+00:00
[2024-11-20T14:28:35.767+0000] {processor.py:208} INFO - Processing /home/airflow/.local/lib/python3.12/site-packages/airflow/example_dags/example_branch_operator.py took 0.219 seconds
[2024-11-20T14:29:05.976+0000] {processor.py:186} INFO - Started process (PID=1542) to work on /home/airflow/.local/lib/python3.12/site-packages/airflow/example_dags/example_branch_operator.py
[2024-11-20T14:29:05.978+0000] {processor.py:914} INFO - Processing file /home/airflow/.local/lib/python3.12/site-packages/airflow/example_dags/example_branch_operator.py for tasks to queue
[2024-11-20T14:29:05.981+0000] {logging_mixin.py:190} INFO - [2024-11-20T14:29:05.981+0000] {dagbag.py:588} INFO - Filling up the DagBag from /home/airflow/.local/lib/python3.12/site-packages/airflow/example_dags/example_branch_operator.py
[2024-11-20T14:29:06.020+0000] {processor.py:925} INFO - DAG(s) 'example_branch_operator' retrieved from /home/airflow/.local/lib/python3.12/site-packages/airflow/example_dags/example_branch_operator.py
[2024-11-20T14:29:06.086+0000] {logging_mixin.py:190} INFO - [2024-11-20T14:29:06.085+0000] {dag.py:3239} INFO - Sync 1 DAGs
[2024-11-20T14:29:06.143+0000] {logging_mixin.py:190} INFO - [2024-11-20T14:29:06.143+0000] {dag.py:4180} INFO - Setting next_dagrun for example_branch_operator to 2024-11-19 00:00:00+00:00, run_after=2024-11-20 00:00:00+00:00
[2024-11-20T14:29:06.182+0000] {processor.py:208} INFO - Processing /home/airflow/.local/lib/python3.12/site-packages/airflow/example_dags/example_branch_operator.py took 0.218 seconds
[2024-11-20T14:29:36.316+0000] {processor.py:186} INFO - Started process (PID=1605) to work on /home/airflow/.local/lib/python3.12/site-packages/airflow/example_dags/example_branch_operator.py
[2024-11-20T14:29:36.317+0000] {processor.py:914} INFO - Processing file /home/airflow/.local/lib/python3.12/site-packages/airflow/example_dags/example_branch_operator.py for tasks to queue
[2024-11-20T14:29:36.321+0000] {logging_mixin.py:190} INFO - [2024-11-20T14:29:36.321+0000] {dagbag.py:588} INFO - Filling up the DagBag from /home/airflow/.local/lib/python3.12/site-packages/airflow/example_dags/example_branch_operator.py
[2024-11-20T14:29:36.358+0000] {processor.py:925} INFO - DAG(s) 'example_branch_operator' retrieved from /home/airflow/.local/lib/python3.12/site-packages/airflow/example_dags/example_branch_operator.py
[2024-11-20T14:29:36.427+0000] {logging_mixin.py:190} INFO - [2024-11-20T14:29:36.427+0000] {dag.py:3239} INFO - Sync 1 DAGs
[2024-11-20T14:29:36.472+0000] {logging_mixin.py:190} INFO - [2024-11-20T14:29:36.472+0000] {dag.py:4180} INFO - Setting next_dagrun for example_branch_operator to 2024-11-19 00:00:00+00:00, run_after=2024-11-20 00:00:00+00:00
[2024-11-20T14:29:36.509+0000] {processor.py:208} INFO - Processing /home/airflow/.local/lib/python3.12/site-packages/airflow/example_dags/example_branch_operator.py took 0.206 seconds
[2024-11-20T14:30:06.815+0000] {processor.py:186} INFO - Started process (PID=1667) to work on /home/airflow/.local/lib/python3.12/site-packages/airflow/example_dags/example_branch_operator.py
[2024-11-20T14:30:06.817+0000] {processor.py:914} INFO - Processing file /home/airflow/.local/lib/python3.12/site-packages/airflow/example_dags/example_branch_operator.py for tasks to queue
[2024-11-20T14:30:06.837+0000] {logging_mixin.py:190} INFO - [2024-11-20T14:30:06.836+0000] {dagbag.py:588} INFO - Filling up the DagBag from /home/airflow/.local/lib/python3.12/site-packages/airflow/example_dags/example_branch_operator.py
[2024-11-20T14:30:06.930+0000] {processor.py:925} INFO - DAG(s) 'example_branch_operator' retrieved from /home/airflow/.local/lib/python3.12/site-packages/airflow/example_dags/example_branch_operator.py
[2024-11-20T14:30:07.020+0000] {logging_mixin.py:190} INFO - [2024-11-20T14:30:07.020+0000] {dag.py:3239} INFO - Sync 1 DAGs
[2024-11-20T14:30:07.085+0000] {logging_mixin.py:190} INFO - [2024-11-20T14:30:07.084+0000] {dag.py:4180} INFO - Setting next_dagrun for example_branch_operator to 2024-11-19 00:00:00+00:00, run_after=2024-11-20 00:00:00+00:00
[2024-11-20T14:30:07.129+0000] {processor.py:208} INFO - Processing /home/airflow/.local/lib/python3.12/site-packages/airflow/example_dags/example_branch_operator.py took 0.351 seconds
[2024-11-20T14:30:37.793+0000] {processor.py:186} INFO - Started process (PID=1730) to work on /home/airflow/.local/lib/python3.12/site-packages/airflow/example_dags/example_branch_operator.py
[2024-11-20T14:30:37.799+0000] {processor.py:914} INFO - Processing file /home/airflow/.local/lib/python3.12/site-packages/airflow/example_dags/example_branch_operator.py for tasks to queue
[2024-11-20T14:30:37.806+0000] {logging_mixin.py:190} INFO - [2024-11-20T14:30:37.805+0000] {dagbag.py:588} INFO - Filling up the DagBag from /home/airflow/.local/lib/python3.12/site-packages/airflow/example_dags/example_branch_operator.py
[2024-11-20T14:30:37.863+0000] {processor.py:925} INFO - DAG(s) 'example_branch_operator' retrieved from /home/airflow/.local/lib/python3.12/site-packages/airflow/example_dags/example_branch_operator.py
[2024-11-20T14:30:37.983+0000] {logging_mixin.py:190} INFO - [2024-11-20T14:30:37.983+0000] {dag.py:3239} INFO - Sync 1 DAGs
[2024-11-20T14:30:38.144+0000] {logging_mixin.py:190} INFO - [2024-11-20T14:30:38.143+0000] {dag.py:4180} INFO - Setting next_dagrun for example_branch_operator to 2024-11-19 00:00:00+00:00, run_after=2024-11-20 00:00:00+00:00
[2024-11-20T14:30:38.229+0000] {processor.py:208} INFO - Processing /home/airflow/.local/lib/python3.12/site-packages/airflow/example_dags/example_branch_operator.py took 0.457 seconds
[2024-11-20T14:31:08.454+0000] {processor.py:186} INFO - Started process (PID=1793) to work on /home/airflow/.local/lib/python3.12/site-packages/airflow/example_dags/example_branch_operator.py
[2024-11-20T14:31:08.456+0000] {processor.py:914} INFO - Processing file /home/airflow/.local/lib/python3.12/site-packages/airflow/example_dags/example_branch_operator.py for tasks to queue
[2024-11-20T14:31:08.463+0000] {logging_mixin.py:190} INFO - [2024-11-20T14:31:08.461+0000] {dagbag.py:588} INFO - Filling up the DagBag from /home/airflow/.local/lib/python3.12/site-packages/airflow/example_dags/example_branch_operator.py
[2024-11-20T14:31:08.504+0000] {processor.py:925} INFO - DAG(s) 'example_branch_operator' retrieved from /home/airflow/.local/lib/python3.12/site-packages/airflow/example_dags/example_branch_operator.py
[2024-11-20T14:31:08.568+0000] {logging_mixin.py:190} INFO - [2024-11-20T14:31:08.567+0000] {dag.py:3239} INFO - Sync 1 DAGs
[2024-11-20T14:31:08.628+0000] {logging_mixin.py:190} INFO - [2024-11-20T14:31:08.627+0000] {dag.py:4180} INFO - Setting next_dagrun for example_branch_operator to 2024-11-19 00:00:00+00:00, run_after=2024-11-20 00:00:00+00:00
[2024-11-20T14:31:08.669+0000] {processor.py:208} INFO - Processing /home/airflow/.local/lib/python3.12/site-packages/airflow/example_dags/example_branch_operator.py took 0.229 seconds
[2024-11-20T14:31:38.734+0000] {processor.py:186} INFO - Started process (PID=1856) to work on /home/airflow/.local/lib/python3.12/site-packages/airflow/example_dags/example_branch_operator.py
[2024-11-20T14:31:38.736+0000] {processor.py:914} INFO - Processing file /home/airflow/.local/lib/python3.12/site-packages/airflow/example_dags/example_branch_operator.py for tasks to queue
[2024-11-20T14:31:38.742+0000] {logging_mixin.py:190} INFO - [2024-11-20T14:31:38.741+0000] {dagbag.py:588} INFO - Filling up the DagBag from /home/airflow/.local/lib/python3.12/site-packages/airflow/example_dags/example_branch_operator.py
[2024-11-20T14:31:38.778+0000] {processor.py:925} INFO - DAG(s) 'example_branch_operator' retrieved from /home/airflow/.local/lib/python3.12/site-packages/airflow/example_dags/example_branch_operator.py
[2024-11-20T14:31:38.832+0000] {logging_mixin.py:190} INFO - [2024-11-20T14:31:38.832+0000] {dag.py:3239} INFO - Sync 1 DAGs
[2024-11-20T14:31:38.880+0000] {logging_mixin.py:190} INFO - [2024-11-20T14:31:38.880+0000] {dag.py:4180} INFO - Setting next_dagrun for example_branch_operator to 2024-11-19 00:00:00+00:00, run_after=2024-11-20 00:00:00+00:00
[2024-11-20T14:31:38.919+0000] {processor.py:208} INFO - Processing /home/airflow/.local/lib/python3.12/site-packages/airflow/example_dags/example_branch_operator.py took 0.199 seconds
[2024-11-20T14:32:09.362+0000] {processor.py:186} INFO - Started process (PID=1919) to work on /home/airflow/.local/lib/python3.12/site-packages/airflow/example_dags/example_branch_operator.py
[2024-11-20T14:32:09.364+0000] {processor.py:914} INFO - Processing file /home/airflow/.local/lib/python3.12/site-packages/airflow/example_dags/example_branch_operator.py for tasks to queue
[2024-11-20T14:32:09.369+0000] {logging_mixin.py:190} INFO - [2024-11-20T14:32:09.368+0000] {dagbag.py:588} INFO - Filling up the DagBag from /home/airflow/.local/lib/python3.12/site-packages/airflow/example_dags/example_branch_operator.py
[2024-11-20T14:32:09.418+0000] {processor.py:925} INFO - DAG(s) 'example_branch_operator' retrieved from /home/airflow/.local/lib/python3.12/site-packages/airflow/example_dags/example_branch_operator.py
[2024-11-20T14:32:09.486+0000] {logging_mixin.py:190} INFO - [2024-11-20T14:32:09.486+0000] {dag.py:3239} INFO - Sync 1 DAGs
[2024-11-20T14:32:09.557+0000] {logging_mixin.py:190} INFO - [2024-11-20T14:32:09.557+0000] {dag.py:4180} INFO - Setting next_dagrun for example_branch_operator to 2024-11-19 00:00:00+00:00, run_after=2024-11-20 00:00:00+00:00
[2024-11-20T14:32:09.615+0000] {processor.py:208} INFO - Processing /home/airflow/.local/lib/python3.12/site-packages/airflow/example_dags/example_branch_operator.py took 0.268 seconds
[2024-11-20T14:32:39.769+0000] {processor.py:186} INFO - Started process (PID=1982) to work on /home/airflow/.local/lib/python3.12/site-packages/airflow/example_dags/example_branch_operator.py
[2024-11-20T14:32:39.772+0000] {processor.py:914} INFO - Processing file /home/airflow/.local/lib/python3.12/site-packages/airflow/example_dags/example_branch_operator.py for tasks to queue
[2024-11-20T14:32:39.777+0000] {logging_mixin.py:190} INFO - [2024-11-20T14:32:39.777+0000] {dagbag.py:588} INFO - Filling up the DagBag from /home/airflow/.local/lib/python3.12/site-packages/airflow/example_dags/example_branch_operator.py
[2024-11-20T14:32:39.824+0000] {processor.py:925} INFO - DAG(s) 'example_branch_operator' retrieved from /home/airflow/.local/lib/python3.12/site-packages/airflow/example_dags/example_branch_operator.py
[2024-11-20T14:32:39.875+0000] {logging_mixin.py:190} INFO - [2024-11-20T14:32:39.874+0000] {dag.py:3239} INFO - Sync 1 DAGs
[2024-11-20T14:32:39.913+0000] {logging_mixin.py:190} INFO - [2024-11-20T14:32:39.913+0000] {dag.py:4180} INFO - Setting next_dagrun for example_branch_operator to 2024-11-19 00:00:00+00:00, run_after=2024-11-20 00:00:00+00:00
[2024-11-20T14:32:39.948+0000] {processor.py:208} INFO - Processing /home/airflow/.local/lib/python3.12/site-packages/airflow/example_dags/example_branch_operator.py took 0.193 seconds
[2024-11-20T14:33:10.069+0000] {processor.py:186} INFO - Started process (PID=2045) to work on /home/airflow/.local/lib/python3.12/site-packages/airflow/example_dags/example_branch_operator.py
[2024-11-20T14:33:10.072+0000] {processor.py:914} INFO - Processing file /home/airflow/.local/lib/python3.12/site-packages/airflow/example_dags/example_branch_operator.py for tasks to queue
[2024-11-20T14:33:10.077+0000] {logging_mixin.py:190} INFO - [2024-11-20T14:33:10.076+0000] {dagbag.py:588} INFO - Filling up the DagBag from /home/airflow/.local/lib/python3.12/site-packages/airflow/example_dags/example_branch_operator.py
[2024-11-20T14:33:10.121+0000] {processor.py:925} INFO - DAG(s) 'example_branch_operator' retrieved from /home/airflow/.local/lib/python3.12/site-packages/airflow/example_dags/example_branch_operator.py
[2024-11-20T14:33:10.188+0000] {logging_mixin.py:190} INFO - [2024-11-20T14:33:10.188+0000] {dag.py:3239} INFO - Sync 1 DAGs
[2024-11-20T14:33:10.236+0000] {logging_mixin.py:190} INFO - [2024-11-20T14:33:10.235+0000] {dag.py:4180} INFO - Setting next_dagrun for example_branch_operator to 2024-11-19 00:00:00+00:00, run_after=2024-11-20 00:00:00+00:00
[2024-11-20T14:33:10.265+0000] {processor.py:208} INFO - Processing /home/airflow/.local/lib/python3.12/site-packages/airflow/example_dags/example_branch_operator.py took 0.209 seconds
[2024-11-20T14:33:40.817+0000] {processor.py:186} INFO - Started process (PID=2108) to work on /home/airflow/.local/lib/python3.12/site-packages/airflow/example_dags/example_branch_operator.py
[2024-11-20T14:33:40.818+0000] {processor.py:914} INFO - Processing file /home/airflow/.local/lib/python3.12/site-packages/airflow/example_dags/example_branch_operator.py for tasks to queue
[2024-11-20T14:33:40.823+0000] {logging_mixin.py:190} INFO - [2024-11-20T14:33:40.822+0000] {dagbag.py:588} INFO - Filling up the DagBag from /home/airflow/.local/lib/python3.12/site-packages/airflow/example_dags/example_branch_operator.py
[2024-11-20T14:33:40.858+0000] {processor.py:925} INFO - DAG(s) 'example_branch_operator' retrieved from /home/airflow/.local/lib/python3.12/site-packages/airflow/example_dags/example_branch_operator.py
[2024-11-20T14:33:40.902+0000] {logging_mixin.py:190} INFO - [2024-11-20T14:33:40.902+0000] {dag.py:3239} INFO - Sync 1 DAGs
[2024-11-20T14:33:40.942+0000] {logging_mixin.py:190} INFO - [2024-11-20T14:33:40.941+0000] {dag.py:4180} INFO - Setting next_dagrun for example_branch_operator to 2024-11-19 00:00:00+00:00, run_after=2024-11-20 00:00:00+00:00
[2024-11-20T14:33:40.969+0000] {processor.py:208} INFO - Processing /home/airflow/.local/lib/python3.12/site-packages/airflow/example_dags/example_branch_operator.py took 0.166 seconds
[2024-11-20T14:34:11.225+0000] {processor.py:186} INFO - Started process (PID=2171) to work on /home/airflow/.local/lib/python3.12/site-packages/airflow/example_dags/example_branch_operator.py
[2024-11-20T14:34:11.226+0000] {processor.py:914} INFO - Processing file /home/airflow/.local/lib/python3.12/site-packages/airflow/example_dags/example_branch_operator.py for tasks to queue
[2024-11-20T14:34:11.232+0000] {logging_mixin.py:190} INFO - [2024-11-20T14:34:11.231+0000] {dagbag.py:588} INFO - Filling up the DagBag from /home/airflow/.local/lib/python3.12/site-packages/airflow/example_dags/example_branch_operator.py
[2024-11-20T14:34:11.270+0000] {processor.py:925} INFO - DAG(s) 'example_branch_operator' retrieved from /home/airflow/.local/lib/python3.12/site-packages/airflow/example_dags/example_branch_operator.py
[2024-11-20T14:34:11.324+0000] {logging_mixin.py:190} INFO - [2024-11-20T14:34:11.324+0000] {dag.py:3239} INFO - Sync 1 DAGs
[2024-11-20T14:34:11.374+0000] {logging_mixin.py:190} INFO - [2024-11-20T14:34:11.374+0000] {dag.py:4180} INFO - Setting next_dagrun for example_branch_operator to 2024-11-19 00:00:00+00:00, run_after=2024-11-20 00:00:00+00:00
[2024-11-20T14:34:11.407+0000] {processor.py:208} INFO - Processing /home/airflow/.local/lib/python3.12/site-packages/airflow/example_dags/example_branch_operator.py took 0.203 seconds
[2024-11-20T14:34:41.726+0000] {processor.py:186} INFO - Started process (PID=2234) to work on /home/airflow/.local/lib/python3.12/site-packages/airflow/example_dags/example_branch_operator.py
[2024-11-20T14:34:41.727+0000] {processor.py:914} INFO - Processing file /home/airflow/.local/lib/python3.12/site-packages/airflow/example_dags/example_branch_operator.py for tasks to queue
[2024-11-20T14:34:41.732+0000] {logging_mixin.py:190} INFO - [2024-11-20T14:34:41.731+0000] {dagbag.py:588} INFO - Filling up the DagBag from /home/airflow/.local/lib/python3.12/site-packages/airflow/example_dags/example_branch_operator.py
[2024-11-20T14:34:41.770+0000] {processor.py:925} INFO - DAG(s) 'example_branch_operator' retrieved from /home/airflow/.local/lib/python3.12/site-packages/airflow/example_dags/example_branch_operator.py
[2024-11-20T14:34:41.815+0000] {logging_mixin.py:190} INFO - [2024-11-20T14:34:41.815+0000] {dag.py:3239} INFO - Sync 1 DAGs
[2024-11-20T14:34:41.853+0000] {logging_mixin.py:190} INFO - [2024-11-20T14:34:41.852+0000] {dag.py:4180} INFO - Setting next_dagrun for example_branch_operator to 2024-11-19 00:00:00+00:00, run_after=2024-11-20 00:00:00+00:00
[2024-11-20T14:34:41.882+0000] {processor.py:208} INFO - Processing /home/airflow/.local/lib/python3.12/site-packages/airflow/example_dags/example_branch_operator.py took 0.170 seconds
[2024-11-20T14:35:12.563+0000] {processor.py:186} INFO - Started process (PID=2297) to work on /home/airflow/.local/lib/python3.12/site-packages/airflow/example_dags/example_branch_operator.py
[2024-11-20T14:35:12.564+0000] {processor.py:914} INFO - Processing file /home/airflow/.local/lib/python3.12/site-packages/airflow/example_dags/example_branch_operator.py for tasks to queue
[2024-11-20T14:35:12.570+0000] {logging_mixin.py:190} INFO - [2024-11-20T14:35:12.570+0000] {dagbag.py:588} INFO - Filling up the DagBag from /home/airflow/.local/lib/python3.12/site-packages/airflow/example_dags/example_branch_operator.py
[2024-11-20T14:35:12.613+0000] {processor.py:925} INFO - DAG(s) 'example_branch_operator' retrieved from /home/airflow/.local/lib/python3.12/site-packages/airflow/example_dags/example_branch_operator.py
[2024-11-20T14:35:12.680+0000] {logging_mixin.py:190} INFO - [2024-11-20T14:35:12.680+0000] {dag.py:3239} INFO - Sync 1 DAGs
[2024-11-20T14:35:12.726+0000] {logging_mixin.py:190} INFO - [2024-11-20T14:35:12.725+0000] {dag.py:4180} INFO - Setting next_dagrun for example_branch_operator to 2024-11-19 00:00:00+00:00, run_after=2024-11-20 00:00:00+00:00
[2024-11-20T14:35:12.759+0000] {processor.py:208} INFO - Processing /home/airflow/.local/lib/python3.12/site-packages/airflow/example_dags/example_branch_operator.py took 0.209 seconds
[2024-11-20T14:35:43.471+0000] {processor.py:186} INFO - Started process (PID=2366) to work on /home/airflow/.local/lib/python3.12/site-packages/airflow/example_dags/example_branch_operator.py
[2024-11-20T14:35:43.473+0000] {processor.py:914} INFO - Processing file /home/airflow/.local/lib/python3.12/site-packages/airflow/example_dags/example_branch_operator.py for tasks to queue
[2024-11-20T14:35:43.480+0000] {logging_mixin.py:190} INFO - [2024-11-20T14:35:43.480+0000] {dagbag.py:588} INFO - Filling up the DagBag from /home/airflow/.local/lib/python3.12/site-packages/airflow/example_dags/example_branch_operator.py
[2024-11-20T14:35:43.528+0000] {processor.py:925} INFO - DAG(s) 'example_branch_operator' retrieved from /home/airflow/.local/lib/python3.12/site-packages/airflow/example_dags/example_branch_operator.py
[2024-11-20T14:35:43.584+0000] {logging_mixin.py:190} INFO - [2024-11-20T14:35:43.583+0000] {dag.py:3239} INFO - Sync 1 DAGs
[2024-11-20T14:35:43.635+0000] {logging_mixin.py:190} INFO - [2024-11-20T14:35:43.634+0000] {dag.py:4180} INFO - Setting next_dagrun for example_branch_operator to 2024-11-19 00:00:00+00:00, run_after=2024-11-20 00:00:00+00:00
[2024-11-20T14:35:43.673+0000] {processor.py:208} INFO - Processing /home/airflow/.local/lib/python3.12/site-packages/airflow/example_dags/example_branch_operator.py took 0.221 seconds
[2024-11-20T14:36:13.907+0000] {processor.py:186} INFO - Started process (PID=2429) to work on /home/airflow/.local/lib/python3.12/site-packages/airflow/example_dags/example_branch_operator.py
[2024-11-20T14:36:13.909+0000] {processor.py:914} INFO - Processing file /home/airflow/.local/lib/python3.12/site-packages/airflow/example_dags/example_branch_operator.py for tasks to queue
[2024-11-20T14:36:13.914+0000] {logging_mixin.py:190} INFO - [2024-11-20T14:36:13.914+0000] {dagbag.py:588} INFO - Filling up the DagBag from /home/airflow/.local/lib/python3.12/site-packages/airflow/example_dags/example_branch_operator.py
[2024-11-20T14:36:13.957+0000] {processor.py:925} INFO - DAG(s) 'example_branch_operator' retrieved from /home/airflow/.local/lib/python3.12/site-packages/airflow/example_dags/example_branch_operator.py
[2024-11-20T14:36:14.031+0000] {logging_mixin.py:190} INFO - [2024-11-20T14:36:14.031+0000] {dag.py:3239} INFO - Sync 1 DAGs
[2024-11-20T14:36:14.124+0000] {logging_mixin.py:190} INFO - [2024-11-20T14:36:14.124+0000] {dag.py:4180} INFO - Setting next_dagrun for example_branch_operator to 2024-11-19 00:00:00+00:00, run_after=2024-11-20 00:00:00+00:00
[2024-11-20T14:36:14.178+0000] {processor.py:208} INFO - Processing /home/airflow/.local/lib/python3.12/site-packages/airflow/example_dags/example_branch_operator.py took 0.285 seconds
[2024-11-20T14:36:44.820+0000] {processor.py:186} INFO - Started process (PID=2491) to work on /home/airflow/.local/lib/python3.12/site-packages/airflow/example_dags/example_branch_operator.py
[2024-11-20T14:36:44.825+0000] {processor.py:914} INFO - Processing file /home/airflow/.local/lib/python3.12/site-packages/airflow/example_dags/example_branch_operator.py for tasks to queue
[2024-11-20T14:36:44.836+0000] {logging_mixin.py:190} INFO - [2024-11-20T14:36:44.834+0000] {dagbag.py:588} INFO - Filling up the DagBag from /home/airflow/.local/lib/python3.12/site-packages/airflow/example_dags/example_branch_operator.py
[2024-11-20T14:36:44.972+0000] {processor.py:925} INFO - DAG(s) 'example_branch_operator' retrieved from /home/airflow/.local/lib/python3.12/site-packages/airflow/example_dags/example_branch_operator.py
[2024-11-20T14:36:45.096+0000] {logging_mixin.py:190} INFO - [2024-11-20T14:36:45.095+0000] {dag.py:3239} INFO - Sync 1 DAGs
[2024-11-20T14:36:45.246+0000] {logging_mixin.py:190} INFO - [2024-11-20T14:36:45.245+0000] {dag.py:4180} INFO - Setting next_dagrun for example_branch_operator to 2024-11-19 00:00:00+00:00, run_after=2024-11-20 00:00:00+00:00
[2024-11-20T14:36:45.381+0000] {processor.py:208} INFO - Processing /home/airflow/.local/lib/python3.12/site-packages/airflow/example_dags/example_branch_operator.py took 0.586 seconds
[2024-11-20T14:37:15.688+0000] {processor.py:186} INFO - Started process (PID=2552) to work on /home/airflow/.local/lib/python3.12/site-packages/airflow/example_dags/example_branch_operator.py
[2024-11-20T14:37:15.693+0000] {processor.py:914} INFO - Processing file /home/airflow/.local/lib/python3.12/site-packages/airflow/example_dags/example_branch_operator.py for tasks to queue
[2024-11-20T14:37:15.704+0000] {logging_mixin.py:190} INFO - [2024-11-20T14:37:15.700+0000] {dagbag.py:588} INFO - Filling up the DagBag from /home/airflow/.local/lib/python3.12/site-packages/airflow/example_dags/example_branch_operator.py
[2024-11-20T14:37:15.759+0000] {processor.py:925} INFO - DAG(s) 'example_branch_operator' retrieved from /home/airflow/.local/lib/python3.12/site-packages/airflow/example_dags/example_branch_operator.py
[2024-11-20T14:37:15.844+0000] {logging_mixin.py:190} INFO - [2024-11-20T14:37:15.843+0000] {dag.py:3239} INFO - Sync 1 DAGs
[2024-11-20T14:37:15.910+0000] {logging_mixin.py:190} INFO - [2024-11-20T14:37:15.909+0000] {dag.py:4180} INFO - Setting next_dagrun for example_branch_operator to 2024-11-19 00:00:00+00:00, run_after=2024-11-20 00:00:00+00:00
[2024-11-20T14:37:15.960+0000] {processor.py:208} INFO - Processing /home/airflow/.local/lib/python3.12/site-packages/airflow/example_dags/example_branch_operator.py took 0.289 seconds
[2024-11-20T14:37:46.421+0000] {processor.py:186} INFO - Started process (PID=2614) to work on /home/airflow/.local/lib/python3.12/site-packages/airflow/example_dags/example_branch_operator.py
[2024-11-20T14:37:46.423+0000] {processor.py:914} INFO - Processing file /home/airflow/.local/lib/python3.12/site-packages/airflow/example_dags/example_branch_operator.py for tasks to queue
[2024-11-20T14:37:46.426+0000] {logging_mixin.py:190} INFO - [2024-11-20T14:37:46.426+0000] {dagbag.py:588} INFO - Filling up the DagBag from /home/airflow/.local/lib/python3.12/site-packages/airflow/example_dags/example_branch_operator.py
[2024-11-20T14:37:46.453+0000] {processor.py:925} INFO - DAG(s) 'example_branch_operator' retrieved from /home/airflow/.local/lib/python3.12/site-packages/airflow/example_dags/example_branch_operator.py
[2024-11-20T14:37:46.514+0000] {logging_mixin.py:190} INFO - [2024-11-20T14:37:46.513+0000] {dag.py:3239} INFO - Sync 1 DAGs
[2024-11-20T14:37:46.566+0000] {logging_mixin.py:190} INFO - [2024-11-20T14:37:46.566+0000] {dag.py:4180} INFO - Setting next_dagrun for example_branch_operator to 2024-11-19 00:00:00+00:00, run_after=2024-11-20 00:00:00+00:00
[2024-11-20T14:37:46.602+0000] {processor.py:208} INFO - Processing /home/airflow/.local/lib/python3.12/site-packages/airflow/example_dags/example_branch_operator.py took 0.189 seconds
