[2024-11-20T14:16:14.139+0000] {processor.py:186} INFO - Started process (PID=96) to work on /home/airflow/.local/lib/python3.12/site-packages/airflow/example_dags/example_external_task_marker_dag.py
[2024-11-20T14:16:14.141+0000] {processor.py:914} INFO - Processing file /home/airflow/.local/lib/python3.12/site-packages/airflow/example_dags/example_external_task_marker_dag.py for tasks to queue
[2024-11-20T14:16:14.146+0000] {logging_mixin.py:190} INFO - [2024-11-20T14:16:14.145+0000] {dagbag.py:588} INFO - Filling up the DagBag from /home/airflow/.local/lib/python3.12/site-packages/airflow/example_dags/example_external_task_marker_dag.py
[2024-11-20T14:16:14.165+0000] {processor.py:925} INFO - DAG(s) 'example_external_task_marker_parent', 'example_external_task_marker_child' retrieved from /home/airflow/.local/lib/python3.12/site-packages/airflow/example_dags/example_external_task_marker_dag.py
[2024-11-20T14:16:14.414+0000] {logging_mixin.py:190} INFO - [2024-11-20T14:16:14.413+0000] {override.py:1911} INFO - Created Permission View: can delete on DAG:example_external_task_marker_parent
[2024-11-20T14:16:14.436+0000] {logging_mixin.py:190} INFO - [2024-11-20T14:16:14.435+0000] {override.py:1911} INFO - Created Permission View: can read on DAG:example_external_task_marker_parent
[2024-11-20T14:16:14.451+0000] {logging_mixin.py:190} INFO - [2024-11-20T14:16:14.451+0000] {override.py:1911} INFO - Created Permission View: can edit on DAG:example_external_task_marker_parent
[2024-11-20T14:16:14.469+0000] {logging_mixin.py:190} INFO - [2024-11-20T14:16:14.469+0000] {override.py:1911} INFO - Created Permission View: can delete on DAG Run:example_external_task_marker_parent
[2024-11-20T14:16:14.486+0000] {logging_mixin.py:190} INFO - [2024-11-20T14:16:14.485+0000] {override.py:1911} INFO - Created Permission View: menu access on DAG Run:example_external_task_marker_parent
[2024-11-20T14:16:14.499+0000] {logging_mixin.py:190} INFO - [2024-11-20T14:16:14.498+0000] {override.py:1911} INFO - Created Permission View: can read on DAG Run:example_external_task_marker_parent
[2024-11-20T14:16:14.509+0000] {logging_mixin.py:190} INFO - [2024-11-20T14:16:14.508+0000] {override.py:1911} INFO - Created Permission View: can create on DAG Run:example_external_task_marker_parent
[2024-11-20T14:16:14.536+0000] {logging_mixin.py:190} INFO - [2024-11-20T14:16:14.535+0000] {override.py:1911} INFO - Created Permission View: can delete on DAG:example_external_task_marker_child
[2024-11-20T14:16:14.550+0000] {logging_mixin.py:190} INFO - [2024-11-20T14:16:14.550+0000] {override.py:1911} INFO - Created Permission View: can read on DAG:example_external_task_marker_child
[2024-11-20T14:16:14.564+0000] {logging_mixin.py:190} INFO - [2024-11-20T14:16:14.564+0000] {override.py:1911} INFO - Created Permission View: can edit on DAG:example_external_task_marker_child
[2024-11-20T14:16:14.580+0000] {logging_mixin.py:190} INFO - [2024-11-20T14:16:14.580+0000] {override.py:1911} INFO - Created Permission View: can delete on DAG Run:example_external_task_marker_child
[2024-11-20T14:16:14.595+0000] {logging_mixin.py:190} INFO - [2024-11-20T14:16:14.595+0000] {override.py:1911} INFO - Created Permission View: menu access on DAG Run:example_external_task_marker_child
[2024-11-20T14:16:14.614+0000] {logging_mixin.py:190} INFO - [2024-11-20T14:16:14.613+0000] {override.py:1911} INFO - Created Permission View: can read on DAG Run:example_external_task_marker_child
[2024-11-20T14:16:14.633+0000] {logging_mixin.py:190} INFO - [2024-11-20T14:16:14.633+0000] {override.py:1911} INFO - Created Permission View: can create on DAG Run:example_external_task_marker_child
[2024-11-20T14:16:14.634+0000] {logging_mixin.py:190} INFO - [2024-11-20T14:16:14.634+0000] {dag.py:3239} INFO - Sync 2 DAGs
[2024-11-20T14:16:14.669+0000] {logging_mixin.py:190} INFO - [2024-11-20T14:16:14.668+0000] {dag.py:3262} INFO - Creating ORM DAG for example_external_task_marker_child
[2024-11-20T14:16:14.671+0000] {logging_mixin.py:190} INFO - [2024-11-20T14:16:14.670+0000] {dag.py:3262} INFO - Creating ORM DAG for example_external_task_marker_parent
[2024-11-20T14:16:14.672+0000] {logging_mixin.py:190} INFO - [2024-11-20T14:16:14.672+0000] {dag.py:4180} INFO - Setting next_dagrun for example_external_task_marker_child to None, run_after=None
[2024-11-20T14:16:14.674+0000] {logging_mixin.py:190} INFO - [2024-11-20T14:16:14.673+0000] {dag.py:4180} INFO - Setting next_dagrun for example_external_task_marker_parent to None, run_after=None
[2024-11-20T14:16:14.720+0000] {processor.py:208} INFO - Processing /home/airflow/.local/lib/python3.12/site-packages/airflow/example_dags/example_external_task_marker_dag.py took 0.592 seconds
[2024-11-20T14:16:45.004+0000] {processor.py:186} INFO - Started process (PID=158) to work on /home/airflow/.local/lib/python3.12/site-packages/airflow/example_dags/example_external_task_marker_dag.py
[2024-11-20T14:16:45.013+0000] {processor.py:914} INFO - Processing file /home/airflow/.local/lib/python3.12/site-packages/airflow/example_dags/example_external_task_marker_dag.py for tasks to queue
[2024-11-20T14:16:45.018+0000] {logging_mixin.py:190} INFO - [2024-11-20T14:16:45.018+0000] {dagbag.py:588} INFO - Filling up the DagBag from /home/airflow/.local/lib/python3.12/site-packages/airflow/example_dags/example_external_task_marker_dag.py
[2024-11-20T14:16:45.034+0000] {processor.py:925} INFO - DAG(s) 'example_external_task_marker_child', 'example_external_task_marker_parent' retrieved from /home/airflow/.local/lib/python3.12/site-packages/airflow/example_dags/example_external_task_marker_dag.py
[2024-11-20T14:16:45.075+0000] {logging_mixin.py:190} INFO - [2024-11-20T14:16:45.074+0000] {dag.py:3239} INFO - Sync 2 DAGs
[2024-11-20T14:16:45.113+0000] {logging_mixin.py:190} INFO - [2024-11-20T14:16:45.112+0000] {dag.py:4180} INFO - Setting next_dagrun for example_external_task_marker_child to None, run_after=None
[2024-11-20T14:16:45.121+0000] {logging_mixin.py:190} INFO - [2024-11-20T14:16:45.121+0000] {dag.py:4180} INFO - Setting next_dagrun for example_external_task_marker_parent to None, run_after=None
[2024-11-20T14:16:45.214+0000] {processor.py:208} INFO - Processing /home/airflow/.local/lib/python3.12/site-packages/airflow/example_dags/example_external_task_marker_dag.py took 0.224 seconds
[2024-11-20T14:17:15.567+0000] {processor.py:186} INFO - Started process (PID=221) to work on /home/airflow/.local/lib/python3.12/site-packages/airflow/example_dags/example_external_task_marker_dag.py
[2024-11-20T14:17:15.569+0000] {processor.py:914} INFO - Processing file /home/airflow/.local/lib/python3.12/site-packages/airflow/example_dags/example_external_task_marker_dag.py for tasks to queue
[2024-11-20T14:17:15.572+0000] {logging_mixin.py:190} INFO - [2024-11-20T14:17:15.572+0000] {dagbag.py:588} INFO - Filling up the DagBag from /home/airflow/.local/lib/python3.12/site-packages/airflow/example_dags/example_external_task_marker_dag.py
[2024-11-20T14:17:15.590+0000] {processor.py:925} INFO - DAG(s) 'example_external_task_marker_child', 'example_external_task_marker_parent' retrieved from /home/airflow/.local/lib/python3.12/site-packages/airflow/example_dags/example_external_task_marker_dag.py
[2024-11-20T14:17:15.628+0000] {logging_mixin.py:190} INFO - [2024-11-20T14:17:15.628+0000] {dag.py:3239} INFO - Sync 2 DAGs
[2024-11-20T14:17:15.651+0000] {logging_mixin.py:190} INFO - [2024-11-20T14:17:15.650+0000] {dag.py:4180} INFO - Setting next_dagrun for example_external_task_marker_child to None, run_after=None
[2024-11-20T14:17:15.656+0000] {logging_mixin.py:190} INFO - [2024-11-20T14:17:15.656+0000] {dag.py:4180} INFO - Setting next_dagrun for example_external_task_marker_parent to None, run_after=None
[2024-11-20T14:17:15.683+0000] {processor.py:208} INFO - Processing /home/airflow/.local/lib/python3.12/site-packages/airflow/example_dags/example_external_task_marker_dag.py took 0.125 seconds
[2024-11-20T14:17:46.817+0000] {processor.py:186} INFO - Started process (PID=284) to work on /home/airflow/.local/lib/python3.12/site-packages/airflow/example_dags/example_external_task_marker_dag.py
[2024-11-20T14:17:46.818+0000] {processor.py:914} INFO - Processing file /home/airflow/.local/lib/python3.12/site-packages/airflow/example_dags/example_external_task_marker_dag.py for tasks to queue
[2024-11-20T14:17:46.821+0000] {logging_mixin.py:190} INFO - [2024-11-20T14:17:46.821+0000] {dagbag.py:588} INFO - Filling up the DagBag from /home/airflow/.local/lib/python3.12/site-packages/airflow/example_dags/example_external_task_marker_dag.py
[2024-11-20T14:17:46.833+0000] {processor.py:925} INFO - DAG(s) 'example_external_task_marker_child', 'example_external_task_marker_parent' retrieved from /home/airflow/.local/lib/python3.12/site-packages/airflow/example_dags/example_external_task_marker_dag.py
[2024-11-20T14:17:46.871+0000] {logging_mixin.py:190} INFO - [2024-11-20T14:17:46.870+0000] {dag.py:3239} INFO - Sync 2 DAGs
[2024-11-20T14:17:46.897+0000] {logging_mixin.py:190} INFO - [2024-11-20T14:17:46.896+0000] {dag.py:4180} INFO - Setting next_dagrun for example_external_task_marker_child to None, run_after=None
[2024-11-20T14:17:46.904+0000] {logging_mixin.py:190} INFO - [2024-11-20T14:17:46.904+0000] {dag.py:4180} INFO - Setting next_dagrun for example_external_task_marker_parent to None, run_after=None
[2024-11-20T14:17:46.929+0000] {processor.py:208} INFO - Processing /home/airflow/.local/lib/python3.12/site-packages/airflow/example_dags/example_external_task_marker_dag.py took 0.120 seconds
[2024-11-20T14:18:19.536+0000] {processor.py:186} INFO - Started process (PID=347) to work on /home/airflow/.local/lib/python3.12/site-packages/airflow/example_dags/example_external_task_marker_dag.py
[2024-11-20T14:18:19.538+0000] {processor.py:914} INFO - Processing file /home/airflow/.local/lib/python3.12/site-packages/airflow/example_dags/example_external_task_marker_dag.py for tasks to queue
[2024-11-20T14:18:19.544+0000] {logging_mixin.py:190} INFO - [2024-11-20T14:18:19.543+0000] {dagbag.py:588} INFO - Filling up the DagBag from /home/airflow/.local/lib/python3.12/site-packages/airflow/example_dags/example_external_task_marker_dag.py
[2024-11-20T14:18:19.564+0000] {processor.py:925} INFO - DAG(s) 'example_external_task_marker_child', 'example_external_task_marker_parent' retrieved from /home/airflow/.local/lib/python3.12/site-packages/airflow/example_dags/example_external_task_marker_dag.py
[2024-11-20T14:18:19.635+0000] {logging_mixin.py:190} INFO - [2024-11-20T14:18:19.635+0000] {dag.py:3239} INFO - Sync 2 DAGs
[2024-11-20T14:18:19.667+0000] {logging_mixin.py:190} INFO - [2024-11-20T14:18:19.667+0000] {dag.py:4180} INFO - Setting next_dagrun for example_external_task_marker_child to None, run_after=None
[2024-11-20T14:18:19.677+0000] {logging_mixin.py:190} INFO - [2024-11-20T14:18:19.676+0000] {dag.py:4180} INFO - Setting next_dagrun for example_external_task_marker_parent to None, run_after=None
[2024-11-20T14:18:19.715+0000] {processor.py:208} INFO - Processing /home/airflow/.local/lib/python3.12/site-packages/airflow/example_dags/example_external_task_marker_dag.py took 0.193 seconds
[2024-11-20T14:18:52.418+0000] {processor.py:186} INFO - Started process (PID=410) to work on /home/airflow/.local/lib/python3.12/site-packages/airflow/example_dags/example_external_task_marker_dag.py
[2024-11-20T14:18:52.423+0000] {processor.py:914} INFO - Processing file /home/airflow/.local/lib/python3.12/site-packages/airflow/example_dags/example_external_task_marker_dag.py for tasks to queue
[2024-11-20T14:18:52.430+0000] {logging_mixin.py:190} INFO - [2024-11-20T14:18:52.428+0000] {dagbag.py:588} INFO - Filling up the DagBag from /home/airflow/.local/lib/python3.12/site-packages/airflow/example_dags/example_external_task_marker_dag.py
[2024-11-20T14:18:52.471+0000] {processor.py:925} INFO - DAG(s) 'example_external_task_marker_parent', 'example_external_task_marker_child' retrieved from /home/airflow/.local/lib/python3.12/site-packages/airflow/example_dags/example_external_task_marker_dag.py
[2024-11-20T14:18:52.544+0000] {logging_mixin.py:190} INFO - [2024-11-20T14:18:52.543+0000] {dag.py:3239} INFO - Sync 2 DAGs
[2024-11-20T14:18:52.612+0000] {logging_mixin.py:190} INFO - [2024-11-20T14:18:52.610+0000] {dag.py:4180} INFO - Setting next_dagrun for example_external_task_marker_child to None, run_after=None
[2024-11-20T14:18:52.630+0000] {logging_mixin.py:190} INFO - [2024-11-20T14:18:52.630+0000] {dag.py:4180} INFO - Setting next_dagrun for example_external_task_marker_parent to None, run_after=None
[2024-11-20T14:18:52.675+0000] {processor.py:208} INFO - Processing /home/airflow/.local/lib/python3.12/site-packages/airflow/example_dags/example_external_task_marker_dag.py took 0.280 seconds
[2024-11-20T14:19:24.264+0000] {processor.py:186} INFO - Started process (PID=472) to work on /home/airflow/.local/lib/python3.12/site-packages/airflow/example_dags/example_external_task_marker_dag.py
[2024-11-20T14:19:24.265+0000] {processor.py:914} INFO - Processing file /home/airflow/.local/lib/python3.12/site-packages/airflow/example_dags/example_external_task_marker_dag.py for tasks to queue
[2024-11-20T14:19:24.268+0000] {logging_mixin.py:190} INFO - [2024-11-20T14:19:24.268+0000] {dagbag.py:588} INFO - Filling up the DagBag from /home/airflow/.local/lib/python3.12/site-packages/airflow/example_dags/example_external_task_marker_dag.py
[2024-11-20T14:19:24.280+0000] {processor.py:925} INFO - DAG(s) 'example_external_task_marker_child', 'example_external_task_marker_parent' retrieved from /home/airflow/.local/lib/python3.12/site-packages/airflow/example_dags/example_external_task_marker_dag.py
[2024-11-20T14:19:24.331+0000] {logging_mixin.py:190} INFO - [2024-11-20T14:19:24.331+0000] {dag.py:3239} INFO - Sync 2 DAGs
[2024-11-20T14:19:24.363+0000] {logging_mixin.py:190} INFO - [2024-11-20T14:19:24.362+0000] {dag.py:4180} INFO - Setting next_dagrun for example_external_task_marker_child to None, run_after=None
[2024-11-20T14:19:24.369+0000] {logging_mixin.py:190} INFO - [2024-11-20T14:19:24.368+0000] {dag.py:4180} INFO - Setting next_dagrun for example_external_task_marker_parent to None, run_after=None
[2024-11-20T14:19:24.418+0000] {processor.py:208} INFO - Processing /home/airflow/.local/lib/python3.12/site-packages/airflow/example_dags/example_external_task_marker_dag.py took 0.161 seconds
[2024-11-20T14:19:55.791+0000] {processor.py:186} INFO - Started process (PID=535) to work on /home/airflow/.local/lib/python3.12/site-packages/airflow/example_dags/example_external_task_marker_dag.py
[2024-11-20T14:19:55.792+0000] {processor.py:914} INFO - Processing file /home/airflow/.local/lib/python3.12/site-packages/airflow/example_dags/example_external_task_marker_dag.py for tasks to queue
[2024-11-20T14:19:55.796+0000] {logging_mixin.py:190} INFO - [2024-11-20T14:19:55.796+0000] {dagbag.py:588} INFO - Filling up the DagBag from /home/airflow/.local/lib/python3.12/site-packages/airflow/example_dags/example_external_task_marker_dag.py
[2024-11-20T14:19:55.812+0000] {processor.py:925} INFO - DAG(s) 'example_external_task_marker_child', 'example_external_task_marker_parent' retrieved from /home/airflow/.local/lib/python3.12/site-packages/airflow/example_dags/example_external_task_marker_dag.py
[2024-11-20T14:19:55.851+0000] {logging_mixin.py:190} INFO - [2024-11-20T14:19:55.851+0000] {dag.py:3239} INFO - Sync 2 DAGs
[2024-11-20T14:19:55.891+0000] {logging_mixin.py:190} INFO - [2024-11-20T14:19:55.891+0000] {dag.py:4180} INFO - Setting next_dagrun for example_external_task_marker_child to None, run_after=None
[2024-11-20T14:19:55.901+0000] {logging_mixin.py:190} INFO - [2024-11-20T14:19:55.900+0000] {dag.py:4180} INFO - Setting next_dagrun for example_external_task_marker_parent to None, run_after=None
[2024-11-20T14:19:55.936+0000] {processor.py:208} INFO - Processing /home/airflow/.local/lib/python3.12/site-packages/airflow/example_dags/example_external_task_marker_dag.py took 0.154 seconds
[2024-11-20T14:20:27.841+0000] {processor.py:186} INFO - Started process (PID=598) to work on /home/airflow/.local/lib/python3.12/site-packages/airflow/example_dags/example_external_task_marker_dag.py
[2024-11-20T14:20:27.842+0000] {processor.py:914} INFO - Processing file /home/airflow/.local/lib/python3.12/site-packages/airflow/example_dags/example_external_task_marker_dag.py for tasks to queue
[2024-11-20T14:20:27.847+0000] {logging_mixin.py:190} INFO - [2024-11-20T14:20:27.846+0000] {dagbag.py:588} INFO - Filling up the DagBag from /home/airflow/.local/lib/python3.12/site-packages/airflow/example_dags/example_external_task_marker_dag.py
[2024-11-20T14:20:27.860+0000] {processor.py:925} INFO - DAG(s) 'example_external_task_marker_parent', 'example_external_task_marker_child' retrieved from /home/airflow/.local/lib/python3.12/site-packages/airflow/example_dags/example_external_task_marker_dag.py
[2024-11-20T14:20:27.923+0000] {logging_mixin.py:190} INFO - [2024-11-20T14:20:27.922+0000] {dag.py:3239} INFO - Sync 2 DAGs
[2024-11-20T14:20:27.988+0000] {logging_mixin.py:190} INFO - [2024-11-20T14:20:27.987+0000] {dag.py:4180} INFO - Setting next_dagrun for example_external_task_marker_child to None, run_after=None
[2024-11-20T14:20:27.999+0000] {logging_mixin.py:190} INFO - [2024-11-20T14:20:27.998+0000] {dag.py:4180} INFO - Setting next_dagrun for example_external_task_marker_parent to None, run_after=None
[2024-11-20T14:20:28.039+0000] {processor.py:208} INFO - Processing /home/airflow/.local/lib/python3.12/site-packages/airflow/example_dags/example_external_task_marker_dag.py took 0.209 seconds
[2024-11-20T14:20:59.700+0000] {processor.py:186} INFO - Started process (PID=661) to work on /home/airflow/.local/lib/python3.12/site-packages/airflow/example_dags/example_external_task_marker_dag.py
[2024-11-20T14:20:59.702+0000] {processor.py:914} INFO - Processing file /home/airflow/.local/lib/python3.12/site-packages/airflow/example_dags/example_external_task_marker_dag.py for tasks to queue
[2024-11-20T14:20:59.707+0000] {logging_mixin.py:190} INFO - [2024-11-20T14:20:59.707+0000] {dagbag.py:588} INFO - Filling up the DagBag from /home/airflow/.local/lib/python3.12/site-packages/airflow/example_dags/example_external_task_marker_dag.py
[2024-11-20T14:20:59.723+0000] {processor.py:925} INFO - DAG(s) 'example_external_task_marker_child', 'example_external_task_marker_parent' retrieved from /home/airflow/.local/lib/python3.12/site-packages/airflow/example_dags/example_external_task_marker_dag.py
[2024-11-20T14:20:59.767+0000] {logging_mixin.py:190} INFO - [2024-11-20T14:20:59.766+0000] {dag.py:3239} INFO - Sync 2 DAGs
[2024-11-20T14:20:59.798+0000] {logging_mixin.py:190} INFO - [2024-11-20T14:20:59.797+0000] {dag.py:4180} INFO - Setting next_dagrun for example_external_task_marker_child to None, run_after=None
[2024-11-20T14:20:59.806+0000] {logging_mixin.py:190} INFO - [2024-11-20T14:20:59.806+0000] {dag.py:4180} INFO - Setting next_dagrun for example_external_task_marker_parent to None, run_after=None
[2024-11-20T14:20:59.838+0000] {processor.py:208} INFO - Processing /home/airflow/.local/lib/python3.12/site-packages/airflow/example_dags/example_external_task_marker_dag.py took 0.152 seconds
[2024-11-20T14:21:31.154+0000] {processor.py:186} INFO - Started process (PID=724) to work on /home/airflow/.local/lib/python3.12/site-packages/airflow/example_dags/example_external_task_marker_dag.py
[2024-11-20T14:21:31.156+0000] {processor.py:914} INFO - Processing file /home/airflow/.local/lib/python3.12/site-packages/airflow/example_dags/example_external_task_marker_dag.py for tasks to queue
[2024-11-20T14:21:31.160+0000] {logging_mixin.py:190} INFO - [2024-11-20T14:21:31.160+0000] {dagbag.py:588} INFO - Filling up the DagBag from /home/airflow/.local/lib/python3.12/site-packages/airflow/example_dags/example_external_task_marker_dag.py
[2024-11-20T14:21:31.171+0000] {processor.py:925} INFO - DAG(s) 'example_external_task_marker_parent', 'example_external_task_marker_child' retrieved from /home/airflow/.local/lib/python3.12/site-packages/airflow/example_dags/example_external_task_marker_dag.py
[2024-11-20T14:21:31.219+0000] {logging_mixin.py:190} INFO - [2024-11-20T14:21:31.218+0000] {dag.py:3239} INFO - Sync 2 DAGs
[2024-11-20T14:21:31.259+0000] {logging_mixin.py:190} INFO - [2024-11-20T14:21:31.258+0000] {dag.py:4180} INFO - Setting next_dagrun for example_external_task_marker_child to None, run_after=None
[2024-11-20T14:21:31.266+0000] {logging_mixin.py:190} INFO - [2024-11-20T14:21:31.266+0000] {dag.py:4180} INFO - Setting next_dagrun for example_external_task_marker_parent to None, run_after=None
[2024-11-20T14:21:31.306+0000] {processor.py:208} INFO - Processing /home/airflow/.local/lib/python3.12/site-packages/airflow/example_dags/example_external_task_marker_dag.py took 0.163 seconds
[2024-11-20T14:22:02.908+0000] {processor.py:186} INFO - Started process (PID=787) to work on /home/airflow/.local/lib/python3.12/site-packages/airflow/example_dags/example_external_task_marker_dag.py
[2024-11-20T14:22:02.910+0000] {processor.py:914} INFO - Processing file /home/airflow/.local/lib/python3.12/site-packages/airflow/example_dags/example_external_task_marker_dag.py for tasks to queue
[2024-11-20T14:22:02.916+0000] {logging_mixin.py:190} INFO - [2024-11-20T14:22:02.915+0000] {dagbag.py:588} INFO - Filling up the DagBag from /home/airflow/.local/lib/python3.12/site-packages/airflow/example_dags/example_external_task_marker_dag.py
[2024-11-20T14:22:02.930+0000] {processor.py:925} INFO - DAG(s) 'example_external_task_marker_child', 'example_external_task_marker_parent' retrieved from /home/airflow/.local/lib/python3.12/site-packages/airflow/example_dags/example_external_task_marker_dag.py
[2024-11-20T14:22:02.979+0000] {logging_mixin.py:190} INFO - [2024-11-20T14:22:02.978+0000] {dag.py:3239} INFO - Sync 2 DAGs
[2024-11-20T14:22:03.018+0000] {logging_mixin.py:190} INFO - [2024-11-20T14:22:03.017+0000] {dag.py:4180} INFO - Setting next_dagrun for example_external_task_marker_child to None, run_after=None
[2024-11-20T14:22:03.028+0000] {logging_mixin.py:190} INFO - [2024-11-20T14:22:03.028+0000] {dag.py:4180} INFO - Setting next_dagrun for example_external_task_marker_parent to None, run_after=None
[2024-11-20T14:22:03.057+0000] {processor.py:208} INFO - Processing /home/airflow/.local/lib/python3.12/site-packages/airflow/example_dags/example_external_task_marker_dag.py took 0.161 seconds
[2024-11-20T14:22:34.417+0000] {processor.py:186} INFO - Started process (PID=850) to work on /home/airflow/.local/lib/python3.12/site-packages/airflow/example_dags/example_external_task_marker_dag.py
[2024-11-20T14:22:34.418+0000] {processor.py:914} INFO - Processing file /home/airflow/.local/lib/python3.12/site-packages/airflow/example_dags/example_external_task_marker_dag.py for tasks to queue
[2024-11-20T14:22:34.425+0000] {logging_mixin.py:190} INFO - [2024-11-20T14:22:34.424+0000] {dagbag.py:588} INFO - Filling up the DagBag from /home/airflow/.local/lib/python3.12/site-packages/airflow/example_dags/example_external_task_marker_dag.py
[2024-11-20T14:22:34.442+0000] {processor.py:925} INFO - DAG(s) 'example_external_task_marker_child', 'example_external_task_marker_parent' retrieved from /home/airflow/.local/lib/python3.12/site-packages/airflow/example_dags/example_external_task_marker_dag.py
[2024-11-20T14:22:34.502+0000] {logging_mixin.py:190} INFO - [2024-11-20T14:22:34.502+0000] {dag.py:3239} INFO - Sync 2 DAGs
[2024-11-20T14:22:34.551+0000] {logging_mixin.py:190} INFO - [2024-11-20T14:22:34.551+0000] {dag.py:4180} INFO - Setting next_dagrun for example_external_task_marker_child to None, run_after=None
[2024-11-20T14:22:34.560+0000] {logging_mixin.py:190} INFO - [2024-11-20T14:22:34.559+0000] {dag.py:4180} INFO - Setting next_dagrun for example_external_task_marker_parent to None, run_after=None
[2024-11-20T14:22:34.591+0000] {processor.py:208} INFO - Processing /home/airflow/.local/lib/python3.12/site-packages/airflow/example_dags/example_external_task_marker_dag.py took 0.193 seconds
[2024-11-20T14:23:05.924+0000] {processor.py:186} INFO - Started process (PID=914) to work on /home/airflow/.local/lib/python3.12/site-packages/airflow/example_dags/example_external_task_marker_dag.py
[2024-11-20T14:23:05.926+0000] {processor.py:914} INFO - Processing file /home/airflow/.local/lib/python3.12/site-packages/airflow/example_dags/example_external_task_marker_dag.py for tasks to queue
[2024-11-20T14:23:05.932+0000] {logging_mixin.py:190} INFO - [2024-11-20T14:23:05.931+0000] {dagbag.py:588} INFO - Filling up the DagBag from /home/airflow/.local/lib/python3.12/site-packages/airflow/example_dags/example_external_task_marker_dag.py
[2024-11-20T14:23:05.951+0000] {processor.py:925} INFO - DAG(s) 'example_external_task_marker_parent', 'example_external_task_marker_child' retrieved from /home/airflow/.local/lib/python3.12/site-packages/airflow/example_dags/example_external_task_marker_dag.py
[2024-11-20T14:23:05.994+0000] {logging_mixin.py:190} INFO - [2024-11-20T14:23:05.994+0000] {dag.py:3239} INFO - Sync 2 DAGs
[2024-11-20T14:23:06.028+0000] {logging_mixin.py:190} INFO - [2024-11-20T14:23:06.027+0000] {dag.py:4180} INFO - Setting next_dagrun for example_external_task_marker_child to None, run_after=None
[2024-11-20T14:23:06.035+0000] {logging_mixin.py:190} INFO - [2024-11-20T14:23:06.035+0000] {dag.py:4180} INFO - Setting next_dagrun for example_external_task_marker_parent to None, run_after=None
[2024-11-20T14:23:06.063+0000] {processor.py:208} INFO - Processing /home/airflow/.local/lib/python3.12/site-packages/airflow/example_dags/example_external_task_marker_dag.py took 0.150 seconds
[2024-11-20T14:23:37.711+0000] {processor.py:186} INFO - Started process (PID=976) to work on /home/airflow/.local/lib/python3.12/site-packages/airflow/example_dags/example_external_task_marker_dag.py
[2024-11-20T14:23:37.713+0000] {processor.py:914} INFO - Processing file /home/airflow/.local/lib/python3.12/site-packages/airflow/example_dags/example_external_task_marker_dag.py for tasks to queue
[2024-11-20T14:23:37.717+0000] {logging_mixin.py:190} INFO - [2024-11-20T14:23:37.717+0000] {dagbag.py:588} INFO - Filling up the DagBag from /home/airflow/.local/lib/python3.12/site-packages/airflow/example_dags/example_external_task_marker_dag.py
[2024-11-20T14:23:37.728+0000] {processor.py:925} INFO - DAG(s) 'example_external_task_marker_child', 'example_external_task_marker_parent' retrieved from /home/airflow/.local/lib/python3.12/site-packages/airflow/example_dags/example_external_task_marker_dag.py
[2024-11-20T14:23:37.763+0000] {logging_mixin.py:190} INFO - [2024-11-20T14:23:37.762+0000] {dag.py:3239} INFO - Sync 2 DAGs
[2024-11-20T14:23:37.790+0000] {logging_mixin.py:190} INFO - [2024-11-20T14:23:37.790+0000] {dag.py:4180} INFO - Setting next_dagrun for example_external_task_marker_child to None, run_after=None
[2024-11-20T14:23:37.796+0000] {logging_mixin.py:190} INFO - [2024-11-20T14:23:37.796+0000] {dag.py:4180} INFO - Setting next_dagrun for example_external_task_marker_parent to None, run_after=None
[2024-11-20T14:23:37.829+0000] {processor.py:208} INFO - Processing /home/airflow/.local/lib/python3.12/site-packages/airflow/example_dags/example_external_task_marker_dag.py took 0.128 seconds
[2024-11-20T14:24:09.638+0000] {processor.py:186} INFO - Started process (PID=1039) to work on /home/airflow/.local/lib/python3.12/site-packages/airflow/example_dags/example_external_task_marker_dag.py
[2024-11-20T14:24:09.639+0000] {processor.py:914} INFO - Processing file /home/airflow/.local/lib/python3.12/site-packages/airflow/example_dags/example_external_task_marker_dag.py for tasks to queue
[2024-11-20T14:24:09.644+0000] {logging_mixin.py:190} INFO - [2024-11-20T14:24:09.644+0000] {dagbag.py:588} INFO - Filling up the DagBag from /home/airflow/.local/lib/python3.12/site-packages/airflow/example_dags/example_external_task_marker_dag.py
[2024-11-20T14:24:09.655+0000] {processor.py:925} INFO - DAG(s) 'example_external_task_marker_child', 'example_external_task_marker_parent' retrieved from /home/airflow/.local/lib/python3.12/site-packages/airflow/example_dags/example_external_task_marker_dag.py
[2024-11-20T14:24:09.684+0000] {logging_mixin.py:190} INFO - [2024-11-20T14:24:09.684+0000] {dag.py:3239} INFO - Sync 2 DAGs
[2024-11-20T14:24:09.711+0000] {logging_mixin.py:190} INFO - [2024-11-20T14:24:09.711+0000] {dag.py:4180} INFO - Setting next_dagrun for example_external_task_marker_child to None, run_after=None
[2024-11-20T14:24:09.719+0000] {logging_mixin.py:190} INFO - [2024-11-20T14:24:09.719+0000] {dag.py:4180} INFO - Setting next_dagrun for example_external_task_marker_parent to None, run_after=None
[2024-11-20T14:24:09.753+0000] {processor.py:208} INFO - Processing /home/airflow/.local/lib/python3.12/site-packages/airflow/example_dags/example_external_task_marker_dag.py took 0.126 seconds
[2024-11-20T14:24:41.494+0000] {processor.py:186} INFO - Started process (PID=1101) to work on /home/airflow/.local/lib/python3.12/site-packages/airflow/example_dags/example_external_task_marker_dag.py
[2024-11-20T14:24:41.510+0000] {processor.py:914} INFO - Processing file /home/airflow/.local/lib/python3.12/site-packages/airflow/example_dags/example_external_task_marker_dag.py for tasks to queue
[2024-11-20T14:24:41.517+0000] {logging_mixin.py:190} INFO - [2024-11-20T14:24:41.516+0000] {dagbag.py:588} INFO - Filling up the DagBag from /home/airflow/.local/lib/python3.12/site-packages/airflow/example_dags/example_external_task_marker_dag.py
[2024-11-20T14:24:41.533+0000] {processor.py:925} INFO - DAG(s) 'example_external_task_marker_parent', 'example_external_task_marker_child' retrieved from /home/airflow/.local/lib/python3.12/site-packages/airflow/example_dags/example_external_task_marker_dag.py
[2024-11-20T14:24:41.567+0000] {logging_mixin.py:190} INFO - [2024-11-20T14:24:41.567+0000] {dag.py:3239} INFO - Sync 2 DAGs
[2024-11-20T14:24:41.593+0000] {logging_mixin.py:190} INFO - [2024-11-20T14:24:41.592+0000] {dag.py:4180} INFO - Setting next_dagrun for example_external_task_marker_child to None, run_after=None
[2024-11-20T14:24:41.600+0000] {logging_mixin.py:190} INFO - [2024-11-20T14:24:41.600+0000] {dag.py:4180} INFO - Setting next_dagrun for example_external_task_marker_parent to None, run_after=None
[2024-11-20T14:24:41.625+0000] {processor.py:208} INFO - Processing /home/airflow/.local/lib/python3.12/site-packages/airflow/example_dags/example_external_task_marker_dag.py took 0.142 seconds
[2024-11-20T14:25:13.098+0000] {processor.py:186} INFO - Started process (PID=1164) to work on /home/airflow/.local/lib/python3.12/site-packages/airflow/example_dags/example_external_task_marker_dag.py
[2024-11-20T14:25:13.102+0000] {processor.py:914} INFO - Processing file /home/airflow/.local/lib/python3.12/site-packages/airflow/example_dags/example_external_task_marker_dag.py for tasks to queue
[2024-11-20T14:25:13.105+0000] {logging_mixin.py:190} INFO - [2024-11-20T14:25:13.105+0000] {dagbag.py:588} INFO - Filling up the DagBag from /home/airflow/.local/lib/python3.12/site-packages/airflow/example_dags/example_external_task_marker_dag.py
[2024-11-20T14:25:13.120+0000] {processor.py:925} INFO - DAG(s) 'example_external_task_marker_parent', 'example_external_task_marker_child' retrieved from /home/airflow/.local/lib/python3.12/site-packages/airflow/example_dags/example_external_task_marker_dag.py
[2024-11-20T14:25:13.159+0000] {logging_mixin.py:190} INFO - [2024-11-20T14:25:13.158+0000] {dag.py:3239} INFO - Sync 2 DAGs
[2024-11-20T14:25:13.186+0000] {logging_mixin.py:190} INFO - [2024-11-20T14:25:13.185+0000] {dag.py:4180} INFO - Setting next_dagrun for example_external_task_marker_child to None, run_after=None
[2024-11-20T14:25:13.194+0000] {logging_mixin.py:190} INFO - [2024-11-20T14:25:13.193+0000] {dag.py:4180} INFO - Setting next_dagrun for example_external_task_marker_parent to None, run_after=None
[2024-11-20T14:25:13.233+0000] {processor.py:208} INFO - Processing /home/airflow/.local/lib/python3.12/site-packages/airflow/example_dags/example_external_task_marker_dag.py took 0.144 seconds
[2024-11-20T14:25:44.727+0000] {processor.py:186} INFO - Started process (PID=1227) to work on /home/airflow/.local/lib/python3.12/site-packages/airflow/example_dags/example_external_task_marker_dag.py
[2024-11-20T14:25:44.728+0000] {processor.py:914} INFO - Processing file /home/airflow/.local/lib/python3.12/site-packages/airflow/example_dags/example_external_task_marker_dag.py for tasks to queue
[2024-11-20T14:25:44.732+0000] {logging_mixin.py:190} INFO - [2024-11-20T14:25:44.731+0000] {dagbag.py:588} INFO - Filling up the DagBag from /home/airflow/.local/lib/python3.12/site-packages/airflow/example_dags/example_external_task_marker_dag.py
[2024-11-20T14:25:44.744+0000] {processor.py:925} INFO - DAG(s) 'example_external_task_marker_child', 'example_external_task_marker_parent' retrieved from /home/airflow/.local/lib/python3.12/site-packages/airflow/example_dags/example_external_task_marker_dag.py
[2024-11-20T14:25:44.781+0000] {logging_mixin.py:190} INFO - [2024-11-20T14:25:44.781+0000] {dag.py:3239} INFO - Sync 2 DAGs
[2024-11-20T14:25:44.805+0000] {logging_mixin.py:190} INFO - [2024-11-20T14:25:44.805+0000] {dag.py:4180} INFO - Setting next_dagrun for example_external_task_marker_child to None, run_after=None
[2024-11-20T14:25:44.811+0000] {logging_mixin.py:190} INFO - [2024-11-20T14:25:44.811+0000] {dag.py:4180} INFO - Setting next_dagrun for example_external_task_marker_parent to None, run_after=None
[2024-11-20T14:25:44.834+0000] {processor.py:208} INFO - Processing /home/airflow/.local/lib/python3.12/site-packages/airflow/example_dags/example_external_task_marker_dag.py took 0.115 seconds
[2024-11-20T14:26:17.488+0000] {processor.py:186} INFO - Started process (PID=1296) to work on /home/airflow/.local/lib/python3.12/site-packages/airflow/example_dags/example_external_task_marker_dag.py
[2024-11-20T14:26:17.495+0000] {processor.py:914} INFO - Processing file /home/airflow/.local/lib/python3.12/site-packages/airflow/example_dags/example_external_task_marker_dag.py for tasks to queue
[2024-11-20T14:26:17.501+0000] {logging_mixin.py:190} INFO - [2024-11-20T14:26:17.501+0000] {dagbag.py:588} INFO - Filling up the DagBag from /home/airflow/.local/lib/python3.12/site-packages/airflow/example_dags/example_external_task_marker_dag.py
[2024-11-20T14:26:17.519+0000] {processor.py:925} INFO - DAG(s) 'example_external_task_marker_parent', 'example_external_task_marker_child' retrieved from /home/airflow/.local/lib/python3.12/site-packages/airflow/example_dags/example_external_task_marker_dag.py
[2024-11-20T14:26:17.580+0000] {logging_mixin.py:190} INFO - [2024-11-20T14:26:17.579+0000] {dag.py:3239} INFO - Sync 2 DAGs
[2024-11-20T14:26:17.620+0000] {logging_mixin.py:190} INFO - [2024-11-20T14:26:17.619+0000] {dag.py:4180} INFO - Setting next_dagrun for example_external_task_marker_child to None, run_after=None
[2024-11-20T14:26:17.629+0000] {logging_mixin.py:190} INFO - [2024-11-20T14:26:17.629+0000] {dag.py:4180} INFO - Setting next_dagrun for example_external_task_marker_parent to None, run_after=None
[2024-11-20T14:26:17.671+0000] {processor.py:208} INFO - Processing /home/airflow/.local/lib/python3.12/site-packages/airflow/example_dags/example_external_task_marker_dag.py took 0.205 seconds
[2024-11-20T14:26:48.816+0000] {processor.py:186} INFO - Started process (PID=1359) to work on /home/airflow/.local/lib/python3.12/site-packages/airflow/example_dags/example_external_task_marker_dag.py
[2024-11-20T14:26:48.818+0000] {processor.py:914} INFO - Processing file /home/airflow/.local/lib/python3.12/site-packages/airflow/example_dags/example_external_task_marker_dag.py for tasks to queue
[2024-11-20T14:26:48.823+0000] {logging_mixin.py:190} INFO - [2024-11-20T14:26:48.822+0000] {dagbag.py:588} INFO - Filling up the DagBag from /home/airflow/.local/lib/python3.12/site-packages/airflow/example_dags/example_external_task_marker_dag.py
[2024-11-20T14:26:48.842+0000] {processor.py:925} INFO - DAG(s) 'example_external_task_marker_child', 'example_external_task_marker_parent' retrieved from /home/airflow/.local/lib/python3.12/site-packages/airflow/example_dags/example_external_task_marker_dag.py
[2024-11-20T14:26:48.883+0000] {logging_mixin.py:190} INFO - [2024-11-20T14:26:48.883+0000] {dag.py:3239} INFO - Sync 2 DAGs
[2024-11-20T14:26:48.908+0000] {logging_mixin.py:190} INFO - [2024-11-20T14:26:48.907+0000] {dag.py:4180} INFO - Setting next_dagrun for example_external_task_marker_child to None, run_after=None
[2024-11-20T14:26:48.914+0000] {logging_mixin.py:190} INFO - [2024-11-20T14:26:48.914+0000] {dag.py:4180} INFO - Setting next_dagrun for example_external_task_marker_parent to None, run_after=None
[2024-11-20T14:26:48.937+0000] {processor.py:208} INFO - Processing /home/airflow/.local/lib/python3.12/site-packages/airflow/example_dags/example_external_task_marker_dag.py took 0.132 seconds
[2024-11-20T14:28:08.370+0000] {processor.py:186} INFO - Started process (PID=1427) to work on /home/airflow/.local/lib/python3.12/site-packages/airflow/example_dags/example_external_task_marker_dag.py
[2024-11-20T14:28:08.372+0000] {processor.py:914} INFO - Processing file /home/airflow/.local/lib/python3.12/site-packages/airflow/example_dags/example_external_task_marker_dag.py for tasks to queue
[2024-11-20T14:28:08.377+0000] {logging_mixin.py:190} INFO - [2024-11-20T14:28:08.376+0000] {dagbag.py:588} INFO - Filling up the DagBag from /home/airflow/.local/lib/python3.12/site-packages/airflow/example_dags/example_external_task_marker_dag.py
[2024-11-20T14:28:08.390+0000] {processor.py:925} INFO - DAG(s) 'example_external_task_marker_parent', 'example_external_task_marker_child' retrieved from /home/airflow/.local/lib/python3.12/site-packages/airflow/example_dags/example_external_task_marker_dag.py
[2024-11-20T14:28:08.427+0000] {logging_mixin.py:190} INFO - [2024-11-20T14:28:08.427+0000] {dag.py:3239} INFO - Sync 2 DAGs
[2024-11-20T14:28:08.460+0000] {logging_mixin.py:190} INFO - [2024-11-20T14:28:08.460+0000] {dag.py:4180} INFO - Setting next_dagrun for example_external_task_marker_child to None, run_after=None
[2024-11-20T14:28:08.471+0000] {logging_mixin.py:190} INFO - [2024-11-20T14:28:08.470+0000] {dag.py:4180} INFO - Setting next_dagrun for example_external_task_marker_parent to None, run_after=None
[2024-11-20T14:28:08.587+0000] {processor.py:208} INFO - Processing /home/airflow/.local/lib/python3.12/site-packages/airflow/example_dags/example_external_task_marker_dag.py took 0.228 seconds
[2024-11-20T14:28:39.373+0000] {processor.py:186} INFO - Started process (PID=1490) to work on /home/airflow/.local/lib/python3.12/site-packages/airflow/example_dags/example_external_task_marker_dag.py
[2024-11-20T14:28:39.374+0000] {processor.py:914} INFO - Processing file /home/airflow/.local/lib/python3.12/site-packages/airflow/example_dags/example_external_task_marker_dag.py for tasks to queue
[2024-11-20T14:28:39.377+0000] {logging_mixin.py:190} INFO - [2024-11-20T14:28:39.377+0000] {dagbag.py:588} INFO - Filling up the DagBag from /home/airflow/.local/lib/python3.12/site-packages/airflow/example_dags/example_external_task_marker_dag.py
[2024-11-20T14:28:39.389+0000] {processor.py:925} INFO - DAG(s) 'example_external_task_marker_child', 'example_external_task_marker_parent' retrieved from /home/airflow/.local/lib/python3.12/site-packages/airflow/example_dags/example_external_task_marker_dag.py
[2024-11-20T14:28:39.424+0000] {logging_mixin.py:190} INFO - [2024-11-20T14:28:39.424+0000] {dag.py:3239} INFO - Sync 2 DAGs
[2024-11-20T14:28:39.449+0000] {logging_mixin.py:190} INFO - [2024-11-20T14:28:39.449+0000] {dag.py:4180} INFO - Setting next_dagrun for example_external_task_marker_child to None, run_after=None
[2024-11-20T14:28:39.455+0000] {logging_mixin.py:190} INFO - [2024-11-20T14:28:39.454+0000] {dag.py:4180} INFO - Setting next_dagrun for example_external_task_marker_parent to None, run_after=None
[2024-11-20T14:28:39.478+0000] {processor.py:208} INFO - Processing /home/airflow/.local/lib/python3.12/site-packages/airflow/example_dags/example_external_task_marker_dag.py took 0.116 seconds
[2024-11-20T14:29:09.958+0000] {processor.py:186} INFO - Started process (PID=1552) to work on /home/airflow/.local/lib/python3.12/site-packages/airflow/example_dags/example_external_task_marker_dag.py
[2024-11-20T14:29:09.959+0000] {processor.py:914} INFO - Processing file /home/airflow/.local/lib/python3.12/site-packages/airflow/example_dags/example_external_task_marker_dag.py for tasks to queue
[2024-11-20T14:29:09.963+0000] {logging_mixin.py:190} INFO - [2024-11-20T14:29:09.962+0000] {dagbag.py:588} INFO - Filling up the DagBag from /home/airflow/.local/lib/python3.12/site-packages/airflow/example_dags/example_external_task_marker_dag.py
[2024-11-20T14:29:09.975+0000] {processor.py:925} INFO - DAG(s) 'example_external_task_marker_child', 'example_external_task_marker_parent' retrieved from /home/airflow/.local/lib/python3.12/site-packages/airflow/example_dags/example_external_task_marker_dag.py
[2024-11-20T14:29:10.008+0000] {logging_mixin.py:190} INFO - [2024-11-20T14:29:10.008+0000] {dag.py:3239} INFO - Sync 2 DAGs
[2024-11-20T14:29:10.033+0000] {logging_mixin.py:190} INFO - [2024-11-20T14:29:10.033+0000] {dag.py:4180} INFO - Setting next_dagrun for example_external_task_marker_child to None, run_after=None
[2024-11-20T14:29:10.039+0000] {logging_mixin.py:190} INFO - [2024-11-20T14:29:10.038+0000] {dag.py:4180} INFO - Setting next_dagrun for example_external_task_marker_parent to None, run_after=None
[2024-11-20T14:29:10.063+0000] {processor.py:208} INFO - Processing /home/airflow/.local/lib/python3.12/site-packages/airflow/example_dags/example_external_task_marker_dag.py took 0.115 seconds
[2024-11-20T14:29:40.508+0000] {processor.py:186} INFO - Started process (PID=1614) to work on /home/airflow/.local/lib/python3.12/site-packages/airflow/example_dags/example_external_task_marker_dag.py
[2024-11-20T14:29:40.509+0000] {processor.py:914} INFO - Processing file /home/airflow/.local/lib/python3.12/site-packages/airflow/example_dags/example_external_task_marker_dag.py for tasks to queue
[2024-11-20T14:29:40.513+0000] {logging_mixin.py:190} INFO - [2024-11-20T14:29:40.512+0000] {dagbag.py:588} INFO - Filling up the DagBag from /home/airflow/.local/lib/python3.12/site-packages/airflow/example_dags/example_external_task_marker_dag.py
[2024-11-20T14:29:40.525+0000] {processor.py:925} INFO - DAG(s) 'example_external_task_marker_child', 'example_external_task_marker_parent' retrieved from /home/airflow/.local/lib/python3.12/site-packages/airflow/example_dags/example_external_task_marker_dag.py
[2024-11-20T14:29:40.562+0000] {logging_mixin.py:190} INFO - [2024-11-20T14:29:40.562+0000] {dag.py:3239} INFO - Sync 2 DAGs
[2024-11-20T14:29:40.591+0000] {logging_mixin.py:190} INFO - [2024-11-20T14:29:40.591+0000] {dag.py:4180} INFO - Setting next_dagrun for example_external_task_marker_child to None, run_after=None
[2024-11-20T14:29:40.599+0000] {logging_mixin.py:190} INFO - [2024-11-20T14:29:40.598+0000] {dag.py:4180} INFO - Setting next_dagrun for example_external_task_marker_parent to None, run_after=None
[2024-11-20T14:29:40.630+0000] {processor.py:208} INFO - Processing /home/airflow/.local/lib/python3.12/site-packages/airflow/example_dags/example_external_task_marker_dag.py took 0.131 seconds
[2024-11-20T14:30:10.819+0000] {processor.py:186} INFO - Started process (PID=1675) to work on /home/airflow/.local/lib/python3.12/site-packages/airflow/example_dags/example_external_task_marker_dag.py
[2024-11-20T14:30:10.821+0000] {processor.py:914} INFO - Processing file /home/airflow/.local/lib/python3.12/site-packages/airflow/example_dags/example_external_task_marker_dag.py for tasks to queue
[2024-11-20T14:30:10.826+0000] {logging_mixin.py:190} INFO - [2024-11-20T14:30:10.825+0000] {dagbag.py:588} INFO - Filling up the DagBag from /home/airflow/.local/lib/python3.12/site-packages/airflow/example_dags/example_external_task_marker_dag.py
[2024-11-20T14:30:10.845+0000] {processor.py:925} INFO - DAG(s) 'example_external_task_marker_parent', 'example_external_task_marker_child' retrieved from /home/airflow/.local/lib/python3.12/site-packages/airflow/example_dags/example_external_task_marker_dag.py
[2024-11-20T14:30:10.886+0000] {logging_mixin.py:190} INFO - [2024-11-20T14:30:10.886+0000] {dag.py:3239} INFO - Sync 2 DAGs
[2024-11-20T14:30:10.914+0000] {logging_mixin.py:190} INFO - [2024-11-20T14:30:10.914+0000] {dag.py:4180} INFO - Setting next_dagrun for example_external_task_marker_child to None, run_after=None
[2024-11-20T14:30:10.920+0000] {logging_mixin.py:190} INFO - [2024-11-20T14:30:10.920+0000] {dag.py:4180} INFO - Setting next_dagrun for example_external_task_marker_parent to None, run_after=None
[2024-11-20T14:30:10.946+0000] {processor.py:208} INFO - Processing /home/airflow/.local/lib/python3.12/site-packages/airflow/example_dags/example_external_task_marker_dag.py took 0.140 seconds
[2024-11-20T14:30:41.556+0000] {processor.py:186} INFO - Started process (PID=1738) to work on /home/airflow/.local/lib/python3.12/site-packages/airflow/example_dags/example_external_task_marker_dag.py
[2024-11-20T14:30:41.560+0000] {processor.py:914} INFO - Processing file /home/airflow/.local/lib/python3.12/site-packages/airflow/example_dags/example_external_task_marker_dag.py for tasks to queue
[2024-11-20T14:30:41.565+0000] {logging_mixin.py:190} INFO - [2024-11-20T14:30:41.565+0000] {dagbag.py:588} INFO - Filling up the DagBag from /home/airflow/.local/lib/python3.12/site-packages/airflow/example_dags/example_external_task_marker_dag.py
[2024-11-20T14:30:41.586+0000] {processor.py:925} INFO - DAG(s) 'example_external_task_marker_parent', 'example_external_task_marker_child' retrieved from /home/airflow/.local/lib/python3.12/site-packages/airflow/example_dags/example_external_task_marker_dag.py
[2024-11-20T14:30:41.670+0000] {logging_mixin.py:190} INFO - [2024-11-20T14:30:41.669+0000] {dag.py:3239} INFO - Sync 2 DAGs
[2024-11-20T14:30:41.734+0000] {logging_mixin.py:190} INFO - [2024-11-20T14:30:41.733+0000] {dag.py:4180} INFO - Setting next_dagrun for example_external_task_marker_child to None, run_after=None
[2024-11-20T14:30:41.746+0000] {logging_mixin.py:190} INFO - [2024-11-20T14:30:41.746+0000] {dag.py:4180} INFO - Setting next_dagrun for example_external_task_marker_parent to None, run_after=None
[2024-11-20T14:30:41.813+0000] {processor.py:208} INFO - Processing /home/airflow/.local/lib/python3.12/site-packages/airflow/example_dags/example_external_task_marker_dag.py took 0.271 seconds
[2024-11-20T14:31:12.427+0000] {processor.py:186} INFO - Started process (PID=1807) to work on /home/airflow/.local/lib/python3.12/site-packages/airflow/example_dags/example_external_task_marker_dag.py
[2024-11-20T14:31:12.432+0000] {processor.py:914} INFO - Processing file /home/airflow/.local/lib/python3.12/site-packages/airflow/example_dags/example_external_task_marker_dag.py for tasks to queue
[2024-11-20T14:31:12.441+0000] {logging_mixin.py:190} INFO - [2024-11-20T14:31:12.441+0000] {dagbag.py:588} INFO - Filling up the DagBag from /home/airflow/.local/lib/python3.12/site-packages/airflow/example_dags/example_external_task_marker_dag.py
[2024-11-20T14:31:12.480+0000] {processor.py:925} INFO - DAG(s) 'example_external_task_marker_child', 'example_external_task_marker_parent' retrieved from /home/airflow/.local/lib/python3.12/site-packages/airflow/example_dags/example_external_task_marker_dag.py
[2024-11-20T14:31:12.582+0000] {logging_mixin.py:190} INFO - [2024-11-20T14:31:12.581+0000] {dag.py:3239} INFO - Sync 2 DAGs
[2024-11-20T14:31:12.658+0000] {logging_mixin.py:190} INFO - [2024-11-20T14:31:12.658+0000] {dag.py:4180} INFO - Setting next_dagrun for example_external_task_marker_child to None, run_after=None
[2024-11-20T14:31:12.672+0000] {logging_mixin.py:190} INFO - [2024-11-20T14:31:12.671+0000] {dag.py:4180} INFO - Setting next_dagrun for example_external_task_marker_parent to None, run_after=None
[2024-11-20T14:31:12.723+0000] {processor.py:208} INFO - Processing /home/airflow/.local/lib/python3.12/site-packages/airflow/example_dags/example_external_task_marker_dag.py took 0.308 seconds
[2024-11-20T14:31:42.817+0000] {processor.py:186} INFO - Started process (PID=1870) to work on /home/airflow/.local/lib/python3.12/site-packages/airflow/example_dags/example_external_task_marker_dag.py
[2024-11-20T14:31:42.819+0000] {processor.py:914} INFO - Processing file /home/airflow/.local/lib/python3.12/site-packages/airflow/example_dags/example_external_task_marker_dag.py for tasks to queue
[2024-11-20T14:31:42.828+0000] {logging_mixin.py:190} INFO - [2024-11-20T14:31:42.826+0000] {dagbag.py:588} INFO - Filling up the DagBag from /home/airflow/.local/lib/python3.12/site-packages/airflow/example_dags/example_external_task_marker_dag.py
[2024-11-20T14:31:42.859+0000] {processor.py:925} INFO - DAG(s) 'example_external_task_marker_child', 'example_external_task_marker_parent' retrieved from /home/airflow/.local/lib/python3.12/site-packages/airflow/example_dags/example_external_task_marker_dag.py
[2024-11-20T14:31:42.926+0000] {logging_mixin.py:190} INFO - [2024-11-20T14:31:42.925+0000] {dag.py:3239} INFO - Sync 2 DAGs
[2024-11-20T14:31:42.982+0000] {logging_mixin.py:190} INFO - [2024-11-20T14:31:42.982+0000] {dag.py:4180} INFO - Setting next_dagrun for example_external_task_marker_child to None, run_after=None
[2024-11-20T14:31:42.995+0000] {logging_mixin.py:190} INFO - [2024-11-20T14:31:42.994+0000] {dag.py:4180} INFO - Setting next_dagrun for example_external_task_marker_parent to None, run_after=None
[2024-11-20T14:31:43.059+0000] {processor.py:208} INFO - Processing /home/airflow/.local/lib/python3.12/site-packages/airflow/example_dags/example_external_task_marker_dag.py took 0.262 seconds
[2024-11-20T14:32:13.302+0000] {processor.py:186} INFO - Started process (PID=1933) to work on /home/airflow/.local/lib/python3.12/site-packages/airflow/example_dags/example_external_task_marker_dag.py
[2024-11-20T14:32:13.305+0000] {processor.py:914} INFO - Processing file /home/airflow/.local/lib/python3.12/site-packages/airflow/example_dags/example_external_task_marker_dag.py for tasks to queue
[2024-11-20T14:32:13.309+0000] {logging_mixin.py:190} INFO - [2024-11-20T14:32:13.308+0000] {dagbag.py:588} INFO - Filling up the DagBag from /home/airflow/.local/lib/python3.12/site-packages/airflow/example_dags/example_external_task_marker_dag.py
[2024-11-20T14:32:13.323+0000] {processor.py:925} INFO - DAG(s) 'example_external_task_marker_child', 'example_external_task_marker_parent' retrieved from /home/airflow/.local/lib/python3.12/site-packages/airflow/example_dags/example_external_task_marker_dag.py
[2024-11-20T14:32:13.371+0000] {logging_mixin.py:190} INFO - [2024-11-20T14:32:13.371+0000] {dag.py:3239} INFO - Sync 2 DAGs
[2024-11-20T14:32:13.401+0000] {logging_mixin.py:190} INFO - [2024-11-20T14:32:13.401+0000] {dag.py:4180} INFO - Setting next_dagrun for example_external_task_marker_child to None, run_after=None
[2024-11-20T14:32:13.412+0000] {logging_mixin.py:190} INFO - [2024-11-20T14:32:13.411+0000] {dag.py:4180} INFO - Setting next_dagrun for example_external_task_marker_parent to None, run_after=None
[2024-11-20T14:32:13.440+0000] {processor.py:208} INFO - Processing /home/airflow/.local/lib/python3.12/site-packages/airflow/example_dags/example_external_task_marker_dag.py took 0.152 seconds
[2024-11-20T14:32:43.547+0000] {processor.py:186} INFO - Started process (PID=1996) to work on /home/airflow/.local/lib/python3.12/site-packages/airflow/example_dags/example_external_task_marker_dag.py
[2024-11-20T14:32:43.549+0000] {processor.py:914} INFO - Processing file /home/airflow/.local/lib/python3.12/site-packages/airflow/example_dags/example_external_task_marker_dag.py for tasks to queue
[2024-11-20T14:32:43.552+0000] {logging_mixin.py:190} INFO - [2024-11-20T14:32:43.552+0000] {dagbag.py:588} INFO - Filling up the DagBag from /home/airflow/.local/lib/python3.12/site-packages/airflow/example_dags/example_external_task_marker_dag.py
[2024-11-20T14:32:43.571+0000] {processor.py:925} INFO - DAG(s) 'example_external_task_marker_child', 'example_external_task_marker_parent' retrieved from /home/airflow/.local/lib/python3.12/site-packages/airflow/example_dags/example_external_task_marker_dag.py
[2024-11-20T14:32:43.613+0000] {logging_mixin.py:190} INFO - [2024-11-20T14:32:43.612+0000] {dag.py:3239} INFO - Sync 2 DAGs
[2024-11-20T14:32:43.646+0000] {logging_mixin.py:190} INFO - [2024-11-20T14:32:43.645+0000] {dag.py:4180} INFO - Setting next_dagrun for example_external_task_marker_child to None, run_after=None
[2024-11-20T14:32:43.654+0000] {logging_mixin.py:190} INFO - [2024-11-20T14:32:43.653+0000] {dag.py:4180} INFO - Setting next_dagrun for example_external_task_marker_parent to None, run_after=None
[2024-11-20T14:32:43.690+0000] {processor.py:208} INFO - Processing /home/airflow/.local/lib/python3.12/site-packages/airflow/example_dags/example_external_task_marker_dag.py took 0.156 seconds
[2024-11-20T14:33:14.064+0000] {processor.py:186} INFO - Started process (PID=2059) to work on /home/airflow/.local/lib/python3.12/site-packages/airflow/example_dags/example_external_task_marker_dag.py
[2024-11-20T14:33:14.069+0000] {processor.py:914} INFO - Processing file /home/airflow/.local/lib/python3.12/site-packages/airflow/example_dags/example_external_task_marker_dag.py for tasks to queue
[2024-11-20T14:33:14.075+0000] {logging_mixin.py:190} INFO - [2024-11-20T14:33:14.075+0000] {dagbag.py:588} INFO - Filling up the DagBag from /home/airflow/.local/lib/python3.12/site-packages/airflow/example_dags/example_external_task_marker_dag.py
[2024-11-20T14:33:14.101+0000] {processor.py:925} INFO - DAG(s) 'example_external_task_marker_child', 'example_external_task_marker_parent' retrieved from /home/airflow/.local/lib/python3.12/site-packages/airflow/example_dags/example_external_task_marker_dag.py
[2024-11-20T14:33:14.163+0000] {logging_mixin.py:190} INFO - [2024-11-20T14:33:14.162+0000] {dag.py:3239} INFO - Sync 2 DAGs
[2024-11-20T14:33:14.212+0000] {logging_mixin.py:190} INFO - [2024-11-20T14:33:14.212+0000] {dag.py:4180} INFO - Setting next_dagrun for example_external_task_marker_child to None, run_after=None
[2024-11-20T14:33:14.221+0000] {logging_mixin.py:190} INFO - [2024-11-20T14:33:14.220+0000] {dag.py:4180} INFO - Setting next_dagrun for example_external_task_marker_parent to None, run_after=None
[2024-11-20T14:33:14.267+0000] {processor.py:208} INFO - Processing /home/airflow/.local/lib/python3.12/site-packages/airflow/example_dags/example_external_task_marker_dag.py took 0.223 seconds
[2024-11-20T14:33:44.790+0000] {processor.py:186} INFO - Started process (PID=2122) to work on /home/airflow/.local/lib/python3.12/site-packages/airflow/example_dags/example_external_task_marker_dag.py
[2024-11-20T14:33:44.791+0000] {processor.py:914} INFO - Processing file /home/airflow/.local/lib/python3.12/site-packages/airflow/example_dags/example_external_task_marker_dag.py for tasks to queue
[2024-11-20T14:33:44.796+0000] {logging_mixin.py:190} INFO - [2024-11-20T14:33:44.796+0000] {dagbag.py:588} INFO - Filling up the DagBag from /home/airflow/.local/lib/python3.12/site-packages/airflow/example_dags/example_external_task_marker_dag.py
[2024-11-20T14:33:44.821+0000] {processor.py:925} INFO - DAG(s) 'example_external_task_marker_parent', 'example_external_task_marker_child' retrieved from /home/airflow/.local/lib/python3.12/site-packages/airflow/example_dags/example_external_task_marker_dag.py
[2024-11-20T14:33:44.887+0000] {logging_mixin.py:190} INFO - [2024-11-20T14:33:44.887+0000] {dag.py:3239} INFO - Sync 2 DAGs
[2024-11-20T14:33:44.917+0000] {logging_mixin.py:190} INFO - [2024-11-20T14:33:44.916+0000] {dag.py:4180} INFO - Setting next_dagrun for example_external_task_marker_child to None, run_after=None
[2024-11-20T14:33:44.923+0000] {logging_mixin.py:190} INFO - [2024-11-20T14:33:44.922+0000] {dag.py:4180} INFO - Setting next_dagrun for example_external_task_marker_parent to None, run_after=None
[2024-11-20T14:33:44.952+0000] {processor.py:208} INFO - Processing /home/airflow/.local/lib/python3.12/site-packages/airflow/example_dags/example_external_task_marker_dag.py took 0.175 seconds
[2024-11-20T14:34:15.071+0000] {processor.py:186} INFO - Started process (PID=2185) to work on /home/airflow/.local/lib/python3.12/site-packages/airflow/example_dags/example_external_task_marker_dag.py
[2024-11-20T14:34:15.072+0000] {processor.py:914} INFO - Processing file /home/airflow/.local/lib/python3.12/site-packages/airflow/example_dags/example_external_task_marker_dag.py for tasks to queue
[2024-11-20T14:34:15.077+0000] {logging_mixin.py:190} INFO - [2024-11-20T14:34:15.076+0000] {dagbag.py:588} INFO - Filling up the DagBag from /home/airflow/.local/lib/python3.12/site-packages/airflow/example_dags/example_external_task_marker_dag.py
[2024-11-20T14:34:15.095+0000] {processor.py:925} INFO - DAG(s) 'example_external_task_marker_child', 'example_external_task_marker_parent' retrieved from /home/airflow/.local/lib/python3.12/site-packages/airflow/example_dags/example_external_task_marker_dag.py
[2024-11-20T14:34:15.141+0000] {logging_mixin.py:190} INFO - [2024-11-20T14:34:15.141+0000] {dag.py:3239} INFO - Sync 2 DAGs
[2024-11-20T14:34:15.176+0000] {logging_mixin.py:190} INFO - [2024-11-20T14:34:15.176+0000] {dag.py:4180} INFO - Setting next_dagrun for example_external_task_marker_child to None, run_after=None
[2024-11-20T14:34:15.183+0000] {logging_mixin.py:190} INFO - [2024-11-20T14:34:15.183+0000] {dag.py:4180} INFO - Setting next_dagrun for example_external_task_marker_parent to None, run_after=None
[2024-11-20T14:34:15.218+0000] {processor.py:208} INFO - Processing /home/airflow/.local/lib/python3.12/site-packages/airflow/example_dags/example_external_task_marker_dag.py took 0.160 seconds
[2024-11-20T14:34:45.329+0000] {processor.py:186} INFO - Started process (PID=2248) to work on /home/airflow/.local/lib/python3.12/site-packages/airflow/example_dags/example_external_task_marker_dag.py
[2024-11-20T14:34:45.331+0000] {processor.py:914} INFO - Processing file /home/airflow/.local/lib/python3.12/site-packages/airflow/example_dags/example_external_task_marker_dag.py for tasks to queue
[2024-11-20T14:34:45.336+0000] {logging_mixin.py:190} INFO - [2024-11-20T14:34:45.335+0000] {dagbag.py:588} INFO - Filling up the DagBag from /home/airflow/.local/lib/python3.12/site-packages/airflow/example_dags/example_external_task_marker_dag.py
[2024-11-20T14:34:45.350+0000] {processor.py:925} INFO - DAG(s) 'example_external_task_marker_child', 'example_external_task_marker_parent' retrieved from /home/airflow/.local/lib/python3.12/site-packages/airflow/example_dags/example_external_task_marker_dag.py
[2024-11-20T14:34:45.386+0000] {logging_mixin.py:190} INFO - [2024-11-20T14:34:45.386+0000] {dag.py:3239} INFO - Sync 2 DAGs
[2024-11-20T14:34:45.417+0000] {logging_mixin.py:190} INFO - [2024-11-20T14:34:45.417+0000] {dag.py:4180} INFO - Setting next_dagrun for example_external_task_marker_child to None, run_after=None
[2024-11-20T14:34:45.424+0000] {logging_mixin.py:190} INFO - [2024-11-20T14:34:45.424+0000] {dag.py:4180} INFO - Setting next_dagrun for example_external_task_marker_parent to None, run_after=None
[2024-11-20T14:34:45.454+0000] {processor.py:208} INFO - Processing /home/airflow/.local/lib/python3.12/site-packages/airflow/example_dags/example_external_task_marker_dag.py took 0.140 seconds
[2024-11-20T14:35:16.373+0000] {processor.py:186} INFO - Started process (PID=2311) to work on /home/airflow/.local/lib/python3.12/site-packages/airflow/example_dags/example_external_task_marker_dag.py
[2024-11-20T14:35:16.375+0000] {processor.py:914} INFO - Processing file /home/airflow/.local/lib/python3.12/site-packages/airflow/example_dags/example_external_task_marker_dag.py for tasks to queue
[2024-11-20T14:35:16.379+0000] {logging_mixin.py:190} INFO - [2024-11-20T14:35:16.379+0000] {dagbag.py:588} INFO - Filling up the DagBag from /home/airflow/.local/lib/python3.12/site-packages/airflow/example_dags/example_external_task_marker_dag.py
[2024-11-20T14:35:16.392+0000] {processor.py:925} INFO - DAG(s) 'example_external_task_marker_child', 'example_external_task_marker_parent' retrieved from /home/airflow/.local/lib/python3.12/site-packages/airflow/example_dags/example_external_task_marker_dag.py
[2024-11-20T14:35:16.435+0000] {logging_mixin.py:190} INFO - [2024-11-20T14:35:16.435+0000] {dag.py:3239} INFO - Sync 2 DAGs
[2024-11-20T14:35:16.460+0000] {logging_mixin.py:190} INFO - [2024-11-20T14:35:16.460+0000] {dag.py:4180} INFO - Setting next_dagrun for example_external_task_marker_child to None, run_after=None
[2024-11-20T14:35:16.467+0000] {logging_mixin.py:190} INFO - [2024-11-20T14:35:16.467+0000] {dag.py:4180} INFO - Setting next_dagrun for example_external_task_marker_parent to None, run_after=None
[2024-11-20T14:35:16.494+0000] {processor.py:208} INFO - Processing /home/airflow/.local/lib/python3.12/site-packages/airflow/example_dags/example_external_task_marker_dag.py took 0.133 seconds
[2024-11-20T14:35:47.225+0000] {processor.py:186} INFO - Started process (PID=2374) to work on /home/airflow/.local/lib/python3.12/site-packages/airflow/example_dags/example_external_task_marker_dag.py
[2024-11-20T14:35:47.226+0000] {processor.py:914} INFO - Processing file /home/airflow/.local/lib/python3.12/site-packages/airflow/example_dags/example_external_task_marker_dag.py for tasks to queue
[2024-11-20T14:35:47.229+0000] {logging_mixin.py:190} INFO - [2024-11-20T14:35:47.229+0000] {dagbag.py:588} INFO - Filling up the DagBag from /home/airflow/.local/lib/python3.12/site-packages/airflow/example_dags/example_external_task_marker_dag.py
[2024-11-20T14:35:47.243+0000] {processor.py:925} INFO - DAG(s) 'example_external_task_marker_child', 'example_external_task_marker_parent' retrieved from /home/airflow/.local/lib/python3.12/site-packages/airflow/example_dags/example_external_task_marker_dag.py
[2024-11-20T14:35:47.278+0000] {logging_mixin.py:190} INFO - [2024-11-20T14:35:47.278+0000] {dag.py:3239} INFO - Sync 2 DAGs
[2024-11-20T14:35:47.305+0000] {logging_mixin.py:190} INFO - [2024-11-20T14:35:47.304+0000] {dag.py:4180} INFO - Setting next_dagrun for example_external_task_marker_child to None, run_after=None
[2024-11-20T14:35:47.311+0000] {logging_mixin.py:190} INFO - [2024-11-20T14:35:47.311+0000] {dag.py:4180} INFO - Setting next_dagrun for example_external_task_marker_parent to None, run_after=None
[2024-11-20T14:35:47.339+0000] {processor.py:208} INFO - Processing /home/airflow/.local/lib/python3.12/site-packages/airflow/example_dags/example_external_task_marker_dag.py took 0.126 seconds
[2024-11-20T14:36:18.229+0000] {processor.py:186} INFO - Started process (PID=2437) to work on /home/airflow/.local/lib/python3.12/site-packages/airflow/example_dags/example_external_task_marker_dag.py
[2024-11-20T14:36:18.231+0000] {processor.py:914} INFO - Processing file /home/airflow/.local/lib/python3.12/site-packages/airflow/example_dags/example_external_task_marker_dag.py for tasks to queue
[2024-11-20T14:36:18.236+0000] {logging_mixin.py:190} INFO - [2024-11-20T14:36:18.235+0000] {dagbag.py:588} INFO - Filling up the DagBag from /home/airflow/.local/lib/python3.12/site-packages/airflow/example_dags/example_external_task_marker_dag.py
[2024-11-20T14:36:18.252+0000] {processor.py:925} INFO - DAG(s) 'example_external_task_marker_child', 'example_external_task_marker_parent' retrieved from /home/airflow/.local/lib/python3.12/site-packages/airflow/example_dags/example_external_task_marker_dag.py
[2024-11-20T14:36:18.297+0000] {logging_mixin.py:190} INFO - [2024-11-20T14:36:18.296+0000] {dag.py:3239} INFO - Sync 2 DAGs
[2024-11-20T14:36:18.332+0000] {logging_mixin.py:190} INFO - [2024-11-20T14:36:18.332+0000] {dag.py:4180} INFO - Setting next_dagrun for example_external_task_marker_child to None, run_after=None
[2024-11-20T14:36:18.340+0000] {logging_mixin.py:190} INFO - [2024-11-20T14:36:18.340+0000] {dag.py:4180} INFO - Setting next_dagrun for example_external_task_marker_parent to None, run_after=None
[2024-11-20T14:36:18.369+0000] {processor.py:208} INFO - Processing /home/airflow/.local/lib/python3.12/site-packages/airflow/example_dags/example_external_task_marker_dag.py took 0.154 seconds
[2024-11-20T14:36:49.065+0000] {processor.py:186} INFO - Started process (PID=2500) to work on /home/airflow/.local/lib/python3.12/site-packages/airflow/example_dags/example_external_task_marker_dag.py
[2024-11-20T14:36:49.067+0000] {processor.py:914} INFO - Processing file /home/airflow/.local/lib/python3.12/site-packages/airflow/example_dags/example_external_task_marker_dag.py for tasks to queue
[2024-11-20T14:36:49.076+0000] {logging_mixin.py:190} INFO - [2024-11-20T14:36:49.075+0000] {dagbag.py:588} INFO - Filling up the DagBag from /home/airflow/.local/lib/python3.12/site-packages/airflow/example_dags/example_external_task_marker_dag.py
[2024-11-20T14:36:49.105+0000] {processor.py:925} INFO - DAG(s) 'example_external_task_marker_parent', 'example_external_task_marker_child' retrieved from /home/airflow/.local/lib/python3.12/site-packages/airflow/example_dags/example_external_task_marker_dag.py
[2024-11-20T14:36:49.166+0000] {logging_mixin.py:190} INFO - [2024-11-20T14:36:49.165+0000] {dag.py:3239} INFO - Sync 2 DAGs
[2024-11-20T14:36:49.214+0000] {logging_mixin.py:190} INFO - [2024-11-20T14:36:49.213+0000] {dag.py:4180} INFO - Setting next_dagrun for example_external_task_marker_child to None, run_after=None
[2024-11-20T14:36:49.227+0000] {logging_mixin.py:190} INFO - [2024-11-20T14:36:49.226+0000] {dag.py:4180} INFO - Setting next_dagrun for example_external_task_marker_parent to None, run_after=None
[2024-11-20T14:36:49.262+0000] {processor.py:208} INFO - Processing /home/airflow/.local/lib/python3.12/site-packages/airflow/example_dags/example_external_task_marker_dag.py took 0.226 seconds
[2024-11-20T14:37:20.418+0000] {processor.py:186} INFO - Started process (PID=2562) to work on /home/airflow/.local/lib/python3.12/site-packages/airflow/example_dags/example_external_task_marker_dag.py
[2024-11-20T14:37:20.420+0000] {processor.py:914} INFO - Processing file /home/airflow/.local/lib/python3.12/site-packages/airflow/example_dags/example_external_task_marker_dag.py for tasks to queue
[2024-11-20T14:37:20.430+0000] {logging_mixin.py:190} INFO - [2024-11-20T14:37:20.427+0000] {dagbag.py:588} INFO - Filling up the DagBag from /home/airflow/.local/lib/python3.12/site-packages/airflow/example_dags/example_external_task_marker_dag.py
[2024-11-20T14:37:20.460+0000] {processor.py:925} INFO - DAG(s) 'example_external_task_marker_parent', 'example_external_task_marker_child' retrieved from /home/airflow/.local/lib/python3.12/site-packages/airflow/example_dags/example_external_task_marker_dag.py
[2024-11-20T14:37:20.547+0000] {logging_mixin.py:190} INFO - [2024-11-20T14:37:20.546+0000] {dag.py:3239} INFO - Sync 2 DAGs
[2024-11-20T14:37:20.584+0000] {logging_mixin.py:190} INFO - [2024-11-20T14:37:20.583+0000] {dag.py:4180} INFO - Setting next_dagrun for example_external_task_marker_child to None, run_after=None
[2024-11-20T14:37:20.592+0000] {logging_mixin.py:190} INFO - [2024-11-20T14:37:20.591+0000] {dag.py:4180} INFO - Setting next_dagrun for example_external_task_marker_parent to None, run_after=None
[2024-11-20T14:37:20.629+0000] {processor.py:208} INFO - Processing /home/airflow/.local/lib/python3.12/site-packages/airflow/example_dags/example_external_task_marker_dag.py took 0.224 seconds
[2024-11-20T14:37:50.742+0000] {processor.py:186} INFO - Started process (PID=2623) to work on /home/airflow/.local/lib/python3.12/site-packages/airflow/example_dags/example_external_task_marker_dag.py
[2024-11-20T14:37:50.744+0000] {processor.py:914} INFO - Processing file /home/airflow/.local/lib/python3.12/site-packages/airflow/example_dags/example_external_task_marker_dag.py for tasks to queue
[2024-11-20T14:37:50.752+0000] {logging_mixin.py:190} INFO - [2024-11-20T14:37:50.751+0000] {dagbag.py:588} INFO - Filling up the DagBag from /home/airflow/.local/lib/python3.12/site-packages/airflow/example_dags/example_external_task_marker_dag.py
[2024-11-20T14:37:50.776+0000] {processor.py:925} INFO - DAG(s) 'example_external_task_marker_parent', 'example_external_task_marker_child' retrieved from /home/airflow/.local/lib/python3.12/site-packages/airflow/example_dags/example_external_task_marker_dag.py
[2024-11-20T14:37:50.828+0000] {logging_mixin.py:190} INFO - [2024-11-20T14:37:50.827+0000] {dag.py:3239} INFO - Sync 2 DAGs
[2024-11-20T14:37:50.866+0000] {logging_mixin.py:190} INFO - [2024-11-20T14:37:50.865+0000] {dag.py:4180} INFO - Setting next_dagrun for example_external_task_marker_child to None, run_after=None
[2024-11-20T14:37:50.875+0000] {logging_mixin.py:190} INFO - [2024-11-20T14:37:50.873+0000] {dag.py:4180} INFO - Setting next_dagrun for example_external_task_marker_parent to None, run_after=None
[2024-11-20T14:37:50.911+0000] {processor.py:208} INFO - Processing /home/airflow/.local/lib/python3.12/site-packages/airflow/example_dags/example_external_task_marker_dag.py took 0.207 seconds
