[2024-11-20T14:16:04.596+0000] {processor.py:186} INFO - Started process (PID=82) to work on /home/airflow/.local/lib/python3.12/site-packages/airflow/example_dags/example_branch_python_dop_operator_3.py
[2024-11-20T14:16:04.597+0000] {processor.py:914} INFO - Processing file /home/airflow/.local/lib/python3.12/site-packages/airflow/example_dags/example_branch_python_dop_operator_3.py for tasks to queue
[2024-11-20T14:16:04.600+0000] {logging_mixin.py:190} INFO - [2024-11-20T14:16:04.600+0000] {dagbag.py:588} INFO - Filling up the DagBag from /home/airflow/.local/lib/python3.12/site-packages/airflow/example_dags/example_branch_python_dop_operator_3.py
[2024-11-20T14:16:04.630+0000] {processor.py:925} INFO - DAG(s) 'example_branch_dop_operator_v3' retrieved from /home/airflow/.local/lib/python3.12/site-packages/airflow/example_dags/example_branch_python_dop_operator_3.py
[2024-11-20T14:16:04.944+0000] {logging_mixin.py:190} INFO - [2024-11-20T14:16:04.943+0000] {override.py:1911} INFO - Created Permission View: can delete on DAG:example_branch_dop_operator_v3
[2024-11-20T14:16:04.976+0000] {logging_mixin.py:190} INFO - [2024-11-20T14:16:04.975+0000] {override.py:1911} INFO - Created Permission View: can read on DAG:example_branch_dop_operator_v3
[2024-11-20T14:16:04.992+0000] {logging_mixin.py:190} INFO - [2024-11-20T14:16:04.991+0000] {override.py:1911} INFO - Created Permission View: can edit on DAG:example_branch_dop_operator_v3
[2024-11-20T14:16:05.017+0000] {logging_mixin.py:190} INFO - [2024-11-20T14:16:05.017+0000] {override.py:1911} INFO - Created Permission View: can delete on DAG Run:example_branch_dop_operator_v3
[2024-11-20T14:16:05.034+0000] {logging_mixin.py:190} INFO - [2024-11-20T14:16:05.033+0000] {override.py:1911} INFO - Created Permission View: menu access on DAG Run:example_branch_dop_operator_v3
[2024-11-20T14:16:05.053+0000] {logging_mixin.py:190} INFO - [2024-11-20T14:16:05.052+0000] {override.py:1911} INFO - Created Permission View: can read on DAG Run:example_branch_dop_operator_v3
[2024-11-20T14:16:05.066+0000] {logging_mixin.py:190} INFO - [2024-11-20T14:16:05.066+0000] {override.py:1911} INFO - Created Permission View: can create on DAG Run:example_branch_dop_operator_v3
[2024-11-20T14:16:05.067+0000] {logging_mixin.py:190} INFO - [2024-11-20T14:16:05.067+0000] {dag.py:3239} INFO - Sync 1 DAGs
[2024-11-20T14:16:05.095+0000] {logging_mixin.py:190} INFO - [2024-11-20T14:16:05.094+0000] {dag.py:3262} INFO - Creating ORM DAG for example_branch_dop_operator_v3
[2024-11-20T14:16:05.125+0000] {logging_mixin.py:190} INFO - [2024-11-20T14:16:05.125+0000] {dag.py:4180} INFO - Setting next_dagrun for example_branch_dop_operator_v3 to 2024-11-20 14:15:00+00:00, run_after=2024-11-20 14:16:00+00:00
[2024-11-20T14:16:05.282+0000] {processor.py:208} INFO - Processing /home/airflow/.local/lib/python3.12/site-packages/airflow/example_dags/example_branch_python_dop_operator_3.py took 0.697 seconds
[2024-11-20T14:16:35.746+0000] {processor.py:186} INFO - Started process (PID=144) to work on /home/airflow/.local/lib/python3.12/site-packages/airflow/example_dags/example_branch_python_dop_operator_3.py
[2024-11-20T14:16:35.748+0000] {processor.py:914} INFO - Processing file /home/airflow/.local/lib/python3.12/site-packages/airflow/example_dags/example_branch_python_dop_operator_3.py for tasks to queue
[2024-11-20T14:16:35.752+0000] {logging_mixin.py:190} INFO - [2024-11-20T14:16:35.751+0000] {dagbag.py:588} INFO - Filling up the DagBag from /home/airflow/.local/lib/python3.12/site-packages/airflow/example_dags/example_branch_python_dop_operator_3.py
[2024-11-20T14:16:35.775+0000] {processor.py:925} INFO - DAG(s) 'example_branch_dop_operator_v3' retrieved from /home/airflow/.local/lib/python3.12/site-packages/airflow/example_dags/example_branch_python_dop_operator_3.py
[2024-11-20T14:16:35.804+0000] {logging_mixin.py:190} INFO - [2024-11-20T14:16:35.803+0000] {dag.py:3239} INFO - Sync 1 DAGs
[2024-11-20T14:16:35.860+0000] {logging_mixin.py:190} INFO - [2024-11-20T14:16:35.860+0000] {dag.py:4180} INFO - Setting next_dagrun for example_branch_dop_operator_v3 to 2024-11-20 14:15:00+00:00, run_after=2024-11-20 14:16:00+00:00
[2024-11-20T14:16:35.889+0000] {processor.py:208} INFO - Processing /home/airflow/.local/lib/python3.12/site-packages/airflow/example_dags/example_branch_python_dop_operator_3.py took 0.157 seconds
[2024-11-20T14:17:06.445+0000] {processor.py:186} INFO - Started process (PID=207) to work on /home/airflow/.local/lib/python3.12/site-packages/airflow/example_dags/example_branch_python_dop_operator_3.py
[2024-11-20T14:17:06.471+0000] {processor.py:914} INFO - Processing file /home/airflow/.local/lib/python3.12/site-packages/airflow/example_dags/example_branch_python_dop_operator_3.py for tasks to queue
[2024-11-20T14:17:06.476+0000] {logging_mixin.py:190} INFO - [2024-11-20T14:17:06.475+0000] {dagbag.py:588} INFO - Filling up the DagBag from /home/airflow/.local/lib/python3.12/site-packages/airflow/example_dags/example_branch_python_dop_operator_3.py
[2024-11-20T14:17:06.498+0000] {processor.py:925} INFO - DAG(s) 'example_branch_dop_operator_v3' retrieved from /home/airflow/.local/lib/python3.12/site-packages/airflow/example_dags/example_branch_python_dop_operator_3.py
[2024-11-20T14:17:06.536+0000] {logging_mixin.py:190} INFO - [2024-11-20T14:17:06.535+0000] {dag.py:3239} INFO - Sync 1 DAGs
[2024-11-20T14:17:06.600+0000] {logging_mixin.py:190} INFO - [2024-11-20T14:17:06.600+0000] {dag.py:4180} INFO - Setting next_dagrun for example_branch_dop_operator_v3 to 2024-11-20 14:16:00+00:00, run_after=2024-11-20 14:17:00+00:00
[2024-11-20T14:17:06.636+0000] {processor.py:208} INFO - Processing /home/airflow/.local/lib/python3.12/site-packages/airflow/example_dags/example_branch_python_dop_operator_3.py took 0.204 seconds
[2024-11-20T14:17:37.212+0000] {processor.py:186} INFO - Started process (PID=270) to work on /home/airflow/.local/lib/python3.12/site-packages/airflow/example_dags/example_branch_python_dop_operator_3.py
[2024-11-20T14:17:37.214+0000] {processor.py:914} INFO - Processing file /home/airflow/.local/lib/python3.12/site-packages/airflow/example_dags/example_branch_python_dop_operator_3.py for tasks to queue
[2024-11-20T14:17:37.217+0000] {logging_mixin.py:190} INFO - [2024-11-20T14:17:37.216+0000] {dagbag.py:588} INFO - Filling up the DagBag from /home/airflow/.local/lib/python3.12/site-packages/airflow/example_dags/example_branch_python_dop_operator_3.py
[2024-11-20T14:17:37.231+0000] {processor.py:925} INFO - DAG(s) 'example_branch_dop_operator_v3' retrieved from /home/airflow/.local/lib/python3.12/site-packages/airflow/example_dags/example_branch_python_dop_operator_3.py
[2024-11-20T14:17:37.283+0000] {logging_mixin.py:190} INFO - [2024-11-20T14:17:37.283+0000] {dag.py:3239} INFO - Sync 1 DAGs
[2024-11-20T14:17:37.337+0000] {logging_mixin.py:190} INFO - [2024-11-20T14:17:37.336+0000] {dag.py:4180} INFO - Setting next_dagrun for example_branch_dop_operator_v3 to 2024-11-20 14:16:00+00:00, run_after=2024-11-20 14:17:00+00:00
[2024-11-20T14:17:37.372+0000] {processor.py:208} INFO - Processing /home/airflow/.local/lib/python3.12/site-packages/airflow/example_dags/example_branch_python_dop_operator_3.py took 0.167 seconds
[2024-11-20T14:18:07.950+0000] {processor.py:186} INFO - Started process (PID=333) to work on /home/airflow/.local/lib/python3.12/site-packages/airflow/example_dags/example_branch_python_dop_operator_3.py
[2024-11-20T14:18:07.952+0000] {processor.py:914} INFO - Processing file /home/airflow/.local/lib/python3.12/site-packages/airflow/example_dags/example_branch_python_dop_operator_3.py for tasks to queue
[2024-11-20T14:18:07.955+0000] {logging_mixin.py:190} INFO - [2024-11-20T14:18:07.954+0000] {dagbag.py:588} INFO - Filling up the DagBag from /home/airflow/.local/lib/python3.12/site-packages/airflow/example_dags/example_branch_python_dop_operator_3.py
[2024-11-20T14:18:07.969+0000] {processor.py:925} INFO - DAG(s) 'example_branch_dop_operator_v3' retrieved from /home/airflow/.local/lib/python3.12/site-packages/airflow/example_dags/example_branch_python_dop_operator_3.py
[2024-11-20T14:18:08.000+0000] {logging_mixin.py:190} INFO - [2024-11-20T14:18:07.999+0000] {dag.py:3239} INFO - Sync 1 DAGs
[2024-11-20T14:18:08.039+0000] {logging_mixin.py:190} INFO - [2024-11-20T14:18:08.039+0000] {dag.py:4180} INFO - Setting next_dagrun for example_branch_dop_operator_v3 to 2024-11-20 14:17:00+00:00, run_after=2024-11-20 14:18:00+00:00
[2024-11-20T14:18:08.072+0000] {processor.py:208} INFO - Processing /home/airflow/.local/lib/python3.12/site-packages/airflow/example_dags/example_branch_python_dop_operator_3.py took 0.133 seconds
[2024-11-20T14:18:38.427+0000] {processor.py:186} INFO - Started process (PID=396) to work on /home/airflow/.local/lib/python3.12/site-packages/airflow/example_dags/example_branch_python_dop_operator_3.py
[2024-11-20T14:18:38.429+0000] {processor.py:914} INFO - Processing file /home/airflow/.local/lib/python3.12/site-packages/airflow/example_dags/example_branch_python_dop_operator_3.py for tasks to queue
[2024-11-20T14:18:38.433+0000] {logging_mixin.py:190} INFO - [2024-11-20T14:18:38.433+0000] {dagbag.py:588} INFO - Filling up the DagBag from /home/airflow/.local/lib/python3.12/site-packages/airflow/example_dags/example_branch_python_dop_operator_3.py
[2024-11-20T14:18:38.448+0000] {processor.py:925} INFO - DAG(s) 'example_branch_dop_operator_v3' retrieved from /home/airflow/.local/lib/python3.12/site-packages/airflow/example_dags/example_branch_python_dop_operator_3.py
[2024-11-20T14:18:38.489+0000] {logging_mixin.py:190} INFO - [2024-11-20T14:18:38.489+0000] {dag.py:3239} INFO - Sync 1 DAGs
[2024-11-20T14:18:38.544+0000] {logging_mixin.py:190} INFO - [2024-11-20T14:18:38.544+0000] {dag.py:4180} INFO - Setting next_dagrun for example_branch_dop_operator_v3 to 2024-11-20 14:17:00+00:00, run_after=2024-11-20 14:18:00+00:00
[2024-11-20T14:18:38.581+0000] {processor.py:208} INFO - Processing /home/airflow/.local/lib/python3.12/site-packages/airflow/example_dags/example_branch_python_dop_operator_3.py took 0.166 seconds
[2024-11-20T14:19:09.418+0000] {processor.py:186} INFO - Started process (PID=459) to work on /home/airflow/.local/lib/python3.12/site-packages/airflow/example_dags/example_branch_python_dop_operator_3.py
[2024-11-20T14:19:09.420+0000] {processor.py:914} INFO - Processing file /home/airflow/.local/lib/python3.12/site-packages/airflow/example_dags/example_branch_python_dop_operator_3.py for tasks to queue
[2024-11-20T14:19:09.423+0000] {logging_mixin.py:190} INFO - [2024-11-20T14:19:09.422+0000] {dagbag.py:588} INFO - Filling up the DagBag from /home/airflow/.local/lib/python3.12/site-packages/airflow/example_dags/example_branch_python_dop_operator_3.py
[2024-11-20T14:19:09.437+0000] {processor.py:925} INFO - DAG(s) 'example_branch_dop_operator_v3' retrieved from /home/airflow/.local/lib/python3.12/site-packages/airflow/example_dags/example_branch_python_dop_operator_3.py
[2024-11-20T14:19:09.466+0000] {logging_mixin.py:190} INFO - [2024-11-20T14:19:09.466+0000] {dag.py:3239} INFO - Sync 1 DAGs
[2024-11-20T14:19:09.508+0000] {logging_mixin.py:190} INFO - [2024-11-20T14:19:09.508+0000] {dag.py:4180} INFO - Setting next_dagrun for example_branch_dop_operator_v3 to 2024-11-20 14:18:00+00:00, run_after=2024-11-20 14:19:00+00:00
[2024-11-20T14:19:09.543+0000] {processor.py:208} INFO - Processing /home/airflow/.local/lib/python3.12/site-packages/airflow/example_dags/example_branch_python_dop_operator_3.py took 0.136 seconds
[2024-11-20T14:19:39.853+0000] {processor.py:186} INFO - Started process (PID=521) to work on /home/airflow/.local/lib/python3.12/site-packages/airflow/example_dags/example_branch_python_dop_operator_3.py
[2024-11-20T14:19:39.855+0000] {processor.py:914} INFO - Processing file /home/airflow/.local/lib/python3.12/site-packages/airflow/example_dags/example_branch_python_dop_operator_3.py for tasks to queue
[2024-11-20T14:19:39.858+0000] {logging_mixin.py:190} INFO - [2024-11-20T14:19:39.857+0000] {dagbag.py:588} INFO - Filling up the DagBag from /home/airflow/.local/lib/python3.12/site-packages/airflow/example_dags/example_branch_python_dop_operator_3.py
[2024-11-20T14:19:39.873+0000] {processor.py:925} INFO - DAG(s) 'example_branch_dop_operator_v3' retrieved from /home/airflow/.local/lib/python3.12/site-packages/airflow/example_dags/example_branch_python_dop_operator_3.py
[2024-11-20T14:19:39.906+0000] {logging_mixin.py:190} INFO - [2024-11-20T14:19:39.906+0000] {dag.py:3239} INFO - Sync 1 DAGs
[2024-11-20T14:19:39.954+0000] {logging_mixin.py:190} INFO - [2024-11-20T14:19:39.953+0000] {dag.py:4180} INFO - Setting next_dagrun for example_branch_dop_operator_v3 to 2024-11-20 14:18:00+00:00, run_after=2024-11-20 14:19:00+00:00
[2024-11-20T14:19:39.998+0000] {processor.py:208} INFO - Processing /home/airflow/.local/lib/python3.12/site-packages/airflow/example_dags/example_branch_python_dop_operator_3.py took 0.153 seconds
[2024-11-20T14:20:11.261+0000] {processor.py:186} INFO - Started process (PID=584) to work on /home/airflow/.local/lib/python3.12/site-packages/airflow/example_dags/example_branch_python_dop_operator_3.py
[2024-11-20T14:20:11.267+0000] {processor.py:914} INFO - Processing file /home/airflow/.local/lib/python3.12/site-packages/airflow/example_dags/example_branch_python_dop_operator_3.py for tasks to queue
[2024-11-20T14:20:11.299+0000] {logging_mixin.py:190} INFO - [2024-11-20T14:20:11.293+0000] {dagbag.py:588} INFO - Filling up the DagBag from /home/airflow/.local/lib/python3.12/site-packages/airflow/example_dags/example_branch_python_dop_operator_3.py
[2024-11-20T14:20:11.375+0000] {processor.py:925} INFO - DAG(s) 'example_branch_dop_operator_v3' retrieved from /home/airflow/.local/lib/python3.12/site-packages/airflow/example_dags/example_branch_python_dop_operator_3.py
[2024-11-20T14:20:11.432+0000] {logging_mixin.py:190} INFO - [2024-11-20T14:20:11.430+0000] {dag.py:3239} INFO - Sync 1 DAGs
[2024-11-20T14:20:11.608+0000] {logging_mixin.py:190} INFO - [2024-11-20T14:20:11.607+0000] {dag.py:4180} INFO - Setting next_dagrun for example_branch_dop_operator_v3 to 2024-11-20 14:19:00+00:00, run_after=2024-11-20 14:20:00+00:00
[2024-11-20T14:20:11.661+0000] {processor.py:208} INFO - Processing /home/airflow/.local/lib/python3.12/site-packages/airflow/example_dags/example_branch_python_dop_operator_3.py took 0.452 seconds
[2024-11-20T14:20:42.141+0000] {processor.py:186} INFO - Started process (PID=647) to work on /home/airflow/.local/lib/python3.12/site-packages/airflow/example_dags/example_branch_python_dop_operator_3.py
[2024-11-20T14:20:42.143+0000] {processor.py:914} INFO - Processing file /home/airflow/.local/lib/python3.12/site-packages/airflow/example_dags/example_branch_python_dop_operator_3.py for tasks to queue
[2024-11-20T14:20:42.146+0000] {logging_mixin.py:190} INFO - [2024-11-20T14:20:42.146+0000] {dagbag.py:588} INFO - Filling up the DagBag from /home/airflow/.local/lib/python3.12/site-packages/airflow/example_dags/example_branch_python_dop_operator_3.py
[2024-11-20T14:20:42.166+0000] {processor.py:925} INFO - DAG(s) 'example_branch_dop_operator_v3' retrieved from /home/airflow/.local/lib/python3.12/site-packages/airflow/example_dags/example_branch_python_dop_operator_3.py
[2024-11-20T14:20:42.197+0000] {logging_mixin.py:190} INFO - [2024-11-20T14:20:42.196+0000] {dag.py:3239} INFO - Sync 1 DAGs
[2024-11-20T14:20:42.242+0000] {logging_mixin.py:190} INFO - [2024-11-20T14:20:42.241+0000] {dag.py:4180} INFO - Setting next_dagrun for example_branch_dop_operator_v3 to 2024-11-20 14:19:00+00:00, run_after=2024-11-20 14:20:00+00:00
[2024-11-20T14:20:42.269+0000] {processor.py:208} INFO - Processing /home/airflow/.local/lib/python3.12/site-packages/airflow/example_dags/example_branch_python_dop_operator_3.py took 0.140 seconds
[2024-11-20T14:21:12.621+0000] {processor.py:186} INFO - Started process (PID=710) to work on /home/airflow/.local/lib/python3.12/site-packages/airflow/example_dags/example_branch_python_dop_operator_3.py
[2024-11-20T14:21:12.623+0000] {processor.py:914} INFO - Processing file /home/airflow/.local/lib/python3.12/site-packages/airflow/example_dags/example_branch_python_dop_operator_3.py for tasks to queue
[2024-11-20T14:21:12.627+0000] {logging_mixin.py:190} INFO - [2024-11-20T14:21:12.627+0000] {dagbag.py:588} INFO - Filling up the DagBag from /home/airflow/.local/lib/python3.12/site-packages/airflow/example_dags/example_branch_python_dop_operator_3.py
[2024-11-20T14:21:12.643+0000] {processor.py:925} INFO - DAG(s) 'example_branch_dop_operator_v3' retrieved from /home/airflow/.local/lib/python3.12/site-packages/airflow/example_dags/example_branch_python_dop_operator_3.py
[2024-11-20T14:21:12.670+0000] {logging_mixin.py:190} INFO - [2024-11-20T14:21:12.670+0000] {dag.py:3239} INFO - Sync 1 DAGs
[2024-11-20T14:21:12.727+0000] {logging_mixin.py:190} INFO - [2024-11-20T14:21:12.726+0000] {dag.py:4180} INFO - Setting next_dagrun for example_branch_dop_operator_v3 to 2024-11-20 14:20:00+00:00, run_after=2024-11-20 14:21:00+00:00
[2024-11-20T14:21:12.756+0000] {processor.py:208} INFO - Processing /home/airflow/.local/lib/python3.12/site-packages/airflow/example_dags/example_branch_python_dop_operator_3.py took 0.145 seconds
[2024-11-20T14:21:43.666+0000] {processor.py:186} INFO - Started process (PID=773) to work on /home/airflow/.local/lib/python3.12/site-packages/airflow/example_dags/example_branch_python_dop_operator_3.py
[2024-11-20T14:21:43.667+0000] {processor.py:914} INFO - Processing file /home/airflow/.local/lib/python3.12/site-packages/airflow/example_dags/example_branch_python_dop_operator_3.py for tasks to queue
[2024-11-20T14:21:43.671+0000] {logging_mixin.py:190} INFO - [2024-11-20T14:21:43.670+0000] {dagbag.py:588} INFO - Filling up the DagBag from /home/airflow/.local/lib/python3.12/site-packages/airflow/example_dags/example_branch_python_dop_operator_3.py
[2024-11-20T14:21:43.686+0000] {processor.py:925} INFO - DAG(s) 'example_branch_dop_operator_v3' retrieved from /home/airflow/.local/lib/python3.12/site-packages/airflow/example_dags/example_branch_python_dop_operator_3.py
[2024-11-20T14:21:43.718+0000] {logging_mixin.py:190} INFO - [2024-11-20T14:21:43.718+0000] {dag.py:3239} INFO - Sync 1 DAGs
[2024-11-20T14:21:43.768+0000] {logging_mixin.py:190} INFO - [2024-11-20T14:21:43.767+0000] {dag.py:4180} INFO - Setting next_dagrun for example_branch_dop_operator_v3 to 2024-11-20 14:20:00+00:00, run_after=2024-11-20 14:21:00+00:00
[2024-11-20T14:21:43.802+0000] {processor.py:208} INFO - Processing /home/airflow/.local/lib/python3.12/site-packages/airflow/example_dags/example_branch_python_dop_operator_3.py took 0.148 seconds
[2024-11-20T14:22:14.388+0000] {processor.py:186} INFO - Started process (PID=836) to work on /home/airflow/.local/lib/python3.12/site-packages/airflow/example_dags/example_branch_python_dop_operator_3.py
[2024-11-20T14:22:14.389+0000] {processor.py:914} INFO - Processing file /home/airflow/.local/lib/python3.12/site-packages/airflow/example_dags/example_branch_python_dop_operator_3.py for tasks to queue
[2024-11-20T14:22:14.393+0000] {logging_mixin.py:190} INFO - [2024-11-20T14:22:14.392+0000] {dagbag.py:588} INFO - Filling up the DagBag from /home/airflow/.local/lib/python3.12/site-packages/airflow/example_dags/example_branch_python_dop_operator_3.py
[2024-11-20T14:22:14.409+0000] {processor.py:925} INFO - DAG(s) 'example_branch_dop_operator_v3' retrieved from /home/airflow/.local/lib/python3.12/site-packages/airflow/example_dags/example_branch_python_dop_operator_3.py
[2024-11-20T14:22:14.435+0000] {logging_mixin.py:190} INFO - [2024-11-20T14:22:14.435+0000] {dag.py:3239} INFO - Sync 1 DAGs
[2024-11-20T14:22:14.483+0000] {logging_mixin.py:190} INFO - [2024-11-20T14:22:14.483+0000] {dag.py:4180} INFO - Setting next_dagrun for example_branch_dop_operator_v3 to 2024-11-20 14:21:00+00:00, run_after=2024-11-20 14:22:00+00:00
[2024-11-20T14:22:14.510+0000] {processor.py:208} INFO - Processing /home/airflow/.local/lib/python3.12/site-packages/airflow/example_dags/example_branch_python_dop_operator_3.py took 0.136 seconds
[2024-11-20T14:22:44.755+0000] {processor.py:186} INFO - Started process (PID=899) to work on /home/airflow/.local/lib/python3.12/site-packages/airflow/example_dags/example_branch_python_dop_operator_3.py
[2024-11-20T14:22:44.756+0000] {processor.py:914} INFO - Processing file /home/airflow/.local/lib/python3.12/site-packages/airflow/example_dags/example_branch_python_dop_operator_3.py for tasks to queue
[2024-11-20T14:22:44.761+0000] {logging_mixin.py:190} INFO - [2024-11-20T14:22:44.760+0000] {dagbag.py:588} INFO - Filling up the DagBag from /home/airflow/.local/lib/python3.12/site-packages/airflow/example_dags/example_branch_python_dop_operator_3.py
[2024-11-20T14:22:44.778+0000] {processor.py:925} INFO - DAG(s) 'example_branch_dop_operator_v3' retrieved from /home/airflow/.local/lib/python3.12/site-packages/airflow/example_dags/example_branch_python_dop_operator_3.py
[2024-11-20T14:22:44.804+0000] {logging_mixin.py:190} INFO - [2024-11-20T14:22:44.804+0000] {dag.py:3239} INFO - Sync 1 DAGs
[2024-11-20T14:22:44.858+0000] {logging_mixin.py:190} INFO - [2024-11-20T14:22:44.858+0000] {dag.py:4180} INFO - Setting next_dagrun for example_branch_dop_operator_v3 to 2024-11-20 14:21:00+00:00, run_after=2024-11-20 14:22:00+00:00
[2024-11-20T14:22:44.912+0000] {processor.py:208} INFO - Processing /home/airflow/.local/lib/python3.12/site-packages/airflow/example_dags/example_branch_python_dop_operator_3.py took 0.166 seconds
[2024-11-20T14:23:17.384+0000] {processor.py:186} INFO - Started process (PID=968) to work on /home/airflow/.local/lib/python3.12/site-packages/airflow/example_dags/example_branch_python_dop_operator_3.py
[2024-11-20T14:23:17.386+0000] {processor.py:914} INFO - Processing file /home/airflow/.local/lib/python3.12/site-packages/airflow/example_dags/example_branch_python_dop_operator_3.py for tasks to queue
[2024-11-20T14:23:17.392+0000] {logging_mixin.py:190} INFO - [2024-11-20T14:23:17.391+0000] {dagbag.py:588} INFO - Filling up the DagBag from /home/airflow/.local/lib/python3.12/site-packages/airflow/example_dags/example_branch_python_dop_operator_3.py
[2024-11-20T14:23:17.415+0000] {processor.py:925} INFO - DAG(s) 'example_branch_dop_operator_v3' retrieved from /home/airflow/.local/lib/python3.12/site-packages/airflow/example_dags/example_branch_python_dop_operator_3.py
[2024-11-20T14:23:17.469+0000] {logging_mixin.py:190} INFO - [2024-11-20T14:23:17.469+0000] {dag.py:3239} INFO - Sync 1 DAGs
[2024-11-20T14:23:17.565+0000] {logging_mixin.py:190} INFO - [2024-11-20T14:23:17.563+0000] {dag.py:4180} INFO - Setting next_dagrun for example_branch_dop_operator_v3 to 2024-11-20 14:22:00+00:00, run_after=2024-11-20 14:23:00+00:00
[2024-11-20T14:23:17.606+0000] {processor.py:208} INFO - Processing /home/airflow/.local/lib/python3.12/site-packages/airflow/example_dags/example_branch_python_dop_operator_3.py took 0.236 seconds
[2024-11-20T14:23:48.630+0000] {processor.py:186} INFO - Started process (PID=1031) to work on /home/airflow/.local/lib/python3.12/site-packages/airflow/example_dags/example_branch_python_dop_operator_3.py
[2024-11-20T14:23:48.637+0000] {processor.py:914} INFO - Processing file /home/airflow/.local/lib/python3.12/site-packages/airflow/example_dags/example_branch_python_dop_operator_3.py for tasks to queue
[2024-11-20T14:23:48.643+0000] {logging_mixin.py:190} INFO - [2024-11-20T14:23:48.643+0000] {dagbag.py:588} INFO - Filling up the DagBag from /home/airflow/.local/lib/python3.12/site-packages/airflow/example_dags/example_branch_python_dop_operator_3.py
[2024-11-20T14:23:48.667+0000] {processor.py:925} INFO - DAG(s) 'example_branch_dop_operator_v3' retrieved from /home/airflow/.local/lib/python3.12/site-packages/airflow/example_dags/example_branch_python_dop_operator_3.py
[2024-11-20T14:23:48.702+0000] {logging_mixin.py:190} INFO - [2024-11-20T14:23:48.702+0000] {dag.py:3239} INFO - Sync 1 DAGs
[2024-11-20T14:23:48.767+0000] {logging_mixin.py:190} INFO - [2024-11-20T14:23:48.766+0000] {dag.py:4180} INFO - Setting next_dagrun for example_branch_dop_operator_v3 to 2024-11-20 14:22:00+00:00, run_after=2024-11-20 14:23:00+00:00
[2024-11-20T14:23:48.803+0000] {processor.py:208} INFO - Processing /home/airflow/.local/lib/python3.12/site-packages/airflow/example_dags/example_branch_python_dop_operator_3.py took 0.184 seconds
[2024-11-20T14:24:19.384+0000] {processor.py:186} INFO - Started process (PID=1091) to work on /home/airflow/.local/lib/python3.12/site-packages/airflow/example_dags/example_branch_python_dop_operator_3.py
[2024-11-20T14:24:19.396+0000] {processor.py:914} INFO - Processing file /home/airflow/.local/lib/python3.12/site-packages/airflow/example_dags/example_branch_python_dop_operator_3.py for tasks to queue
[2024-11-20T14:24:19.402+0000] {logging_mixin.py:190} INFO - [2024-11-20T14:24:19.402+0000] {dagbag.py:588} INFO - Filling up the DagBag from /home/airflow/.local/lib/python3.12/site-packages/airflow/example_dags/example_branch_python_dop_operator_3.py
[2024-11-20T14:24:19.425+0000] {processor.py:925} INFO - DAG(s) 'example_branch_dop_operator_v3' retrieved from /home/airflow/.local/lib/python3.12/site-packages/airflow/example_dags/example_branch_python_dop_operator_3.py
[2024-11-20T14:24:19.458+0000] {logging_mixin.py:190} INFO - [2024-11-20T14:24:19.457+0000] {dag.py:3239} INFO - Sync 1 DAGs
[2024-11-20T14:24:19.517+0000] {logging_mixin.py:190} INFO - [2024-11-20T14:24:19.517+0000] {dag.py:4180} INFO - Setting next_dagrun for example_branch_dop_operator_v3 to 2024-11-20 14:23:00+00:00, run_after=2024-11-20 14:24:00+00:00
[2024-11-20T14:24:19.566+0000] {processor.py:208} INFO - Processing /home/airflow/.local/lib/python3.12/site-packages/airflow/example_dags/example_branch_python_dop_operator_3.py took 0.197 seconds
[2024-11-20T14:24:49.803+0000] {processor.py:186} INFO - Started process (PID=1153) to work on /home/airflow/.local/lib/python3.12/site-packages/airflow/example_dags/example_branch_python_dop_operator_3.py
[2024-11-20T14:24:49.804+0000] {processor.py:914} INFO - Processing file /home/airflow/.local/lib/python3.12/site-packages/airflow/example_dags/example_branch_python_dop_operator_3.py for tasks to queue
[2024-11-20T14:24:49.808+0000] {logging_mixin.py:190} INFO - [2024-11-20T14:24:49.807+0000] {dagbag.py:588} INFO - Filling up the DagBag from /home/airflow/.local/lib/python3.12/site-packages/airflow/example_dags/example_branch_python_dop_operator_3.py
[2024-11-20T14:24:49.825+0000] {processor.py:925} INFO - DAG(s) 'example_branch_dop_operator_v3' retrieved from /home/airflow/.local/lib/python3.12/site-packages/airflow/example_dags/example_branch_python_dop_operator_3.py
[2024-11-20T14:24:49.855+0000] {logging_mixin.py:190} INFO - [2024-11-20T14:24:49.855+0000] {dag.py:3239} INFO - Sync 1 DAGs
[2024-11-20T14:24:49.930+0000] {logging_mixin.py:190} INFO - [2024-11-20T14:24:49.929+0000] {dag.py:4180} INFO - Setting next_dagrun for example_branch_dop_operator_v3 to 2024-11-20 14:23:00+00:00, run_after=2024-11-20 14:24:00+00:00
[2024-11-20T14:24:49.965+0000] {processor.py:208} INFO - Processing /home/airflow/.local/lib/python3.12/site-packages/airflow/example_dags/example_branch_python_dop_operator_3.py took 0.172 seconds
[2024-11-20T14:25:21.221+0000] {processor.py:186} INFO - Started process (PID=1211) to work on /home/airflow/.local/lib/python3.12/site-packages/airflow/example_dags/example_branch_python_dop_operator_3.py
[2024-11-20T14:25:21.222+0000] {processor.py:914} INFO - Processing file /home/airflow/.local/lib/python3.12/site-packages/airflow/example_dags/example_branch_python_dop_operator_3.py for tasks to queue
[2024-11-20T14:25:21.225+0000] {logging_mixin.py:190} INFO - [2024-11-20T14:25:21.225+0000] {dagbag.py:588} INFO - Filling up the DagBag from /home/airflow/.local/lib/python3.12/site-packages/airflow/example_dags/example_branch_python_dop_operator_3.py
[2024-11-20T14:25:21.242+0000] {processor.py:925} INFO - DAG(s) 'example_branch_dop_operator_v3' retrieved from /home/airflow/.local/lib/python3.12/site-packages/airflow/example_dags/example_branch_python_dop_operator_3.py
[2024-11-20T14:25:21.273+0000] {logging_mixin.py:190} INFO - [2024-11-20T14:25:21.273+0000] {dag.py:3239} INFO - Sync 1 DAGs
[2024-11-20T14:25:21.315+0000] {logging_mixin.py:190} INFO - [2024-11-20T14:25:21.314+0000] {dag.py:4180} INFO - Setting next_dagrun for example_branch_dop_operator_v3 to 2024-11-20 14:24:00+00:00, run_after=2024-11-20 14:25:00+00:00
[2024-11-20T14:25:21.342+0000] {processor.py:208} INFO - Processing /home/airflow/.local/lib/python3.12/site-packages/airflow/example_dags/example_branch_python_dop_operator_3.py took 0.131 seconds
[2024-11-20T14:25:53.041+0000] {processor.py:186} INFO - Started process (PID=1272) to work on /home/airflow/.local/lib/python3.12/site-packages/airflow/example_dags/example_branch_python_dop_operator_3.py
[2024-11-20T14:25:53.043+0000] {processor.py:914} INFO - Processing file /home/airflow/.local/lib/python3.12/site-packages/airflow/example_dags/example_branch_python_dop_operator_3.py for tasks to queue
[2024-11-20T14:25:53.048+0000] {logging_mixin.py:190} INFO - [2024-11-20T14:25:53.048+0000] {dagbag.py:588} INFO - Filling up the DagBag from /home/airflow/.local/lib/python3.12/site-packages/airflow/example_dags/example_branch_python_dop_operator_3.py
[2024-11-20T14:25:53.067+0000] {processor.py:925} INFO - DAG(s) 'example_branch_dop_operator_v3' retrieved from /home/airflow/.local/lib/python3.12/site-packages/airflow/example_dags/example_branch_python_dop_operator_3.py
[2024-11-20T14:25:53.098+0000] {logging_mixin.py:190} INFO - [2024-11-20T14:25:53.097+0000] {dag.py:3239} INFO - Sync 1 DAGs
[2024-11-20T14:25:53.152+0000] {logging_mixin.py:190} INFO - [2024-11-20T14:25:53.151+0000] {dag.py:4180} INFO - Setting next_dagrun for example_branch_dop_operator_v3 to 2024-11-20 14:24:00+00:00, run_after=2024-11-20 14:25:00+00:00
[2024-11-20T14:25:53.189+0000] {processor.py:208} INFO - Processing /home/airflow/.local/lib/python3.12/site-packages/airflow/example_dags/example_branch_python_dop_operator_3.py took 0.160 seconds
[2024-11-20T14:26:24.556+0000] {processor.py:186} INFO - Started process (PID=1332) to work on /home/airflow/.local/lib/python3.12/site-packages/airflow/example_dags/example_branch_python_dop_operator_3.py
[2024-11-20T14:26:24.563+0000] {processor.py:914} INFO - Processing file /home/airflow/.local/lib/python3.12/site-packages/airflow/example_dags/example_branch_python_dop_operator_3.py for tasks to queue
[2024-11-20T14:26:24.571+0000] {logging_mixin.py:190} INFO - [2024-11-20T14:26:24.570+0000] {dagbag.py:588} INFO - Filling up the DagBag from /home/airflow/.local/lib/python3.12/site-packages/airflow/example_dags/example_branch_python_dop_operator_3.py
[2024-11-20T14:26:24.593+0000] {processor.py:925} INFO - DAG(s) 'example_branch_dop_operator_v3' retrieved from /home/airflow/.local/lib/python3.12/site-packages/airflow/example_dags/example_branch_python_dop_operator_3.py
[2024-11-20T14:26:24.631+0000] {logging_mixin.py:190} INFO - [2024-11-20T14:26:24.631+0000] {dag.py:3239} INFO - Sync 1 DAGs
[2024-11-20T14:26:24.698+0000] {logging_mixin.py:190} INFO - [2024-11-20T14:26:24.697+0000] {dag.py:4180} INFO - Setting next_dagrun for example_branch_dop_operator_v3 to 2024-11-20 14:25:00+00:00, run_after=2024-11-20 14:26:00+00:00
[2024-11-20T14:26:24.738+0000] {processor.py:208} INFO - Processing /home/airflow/.local/lib/python3.12/site-packages/airflow/example_dags/example_branch_python_dop_operator_3.py took 0.195 seconds
[2024-11-20T14:26:55.989+0000] {processor.py:186} INFO - Started process (PID=1392) to work on /home/airflow/.local/lib/python3.12/site-packages/airflow/example_dags/example_branch_python_dop_operator_3.py
[2024-11-20T14:26:55.991+0000] {processor.py:914} INFO - Processing file /home/airflow/.local/lib/python3.12/site-packages/airflow/example_dags/example_branch_python_dop_operator_3.py for tasks to queue
[2024-11-20T14:26:55.994+0000] {logging_mixin.py:190} INFO - [2024-11-20T14:26:55.994+0000] {dagbag.py:588} INFO - Filling up the DagBag from /home/airflow/.local/lib/python3.12/site-packages/airflow/example_dags/example_branch_python_dop_operator_3.py
[2024-11-20T14:26:56.014+0000] {processor.py:925} INFO - DAG(s) 'example_branch_dop_operator_v3' retrieved from /home/airflow/.local/lib/python3.12/site-packages/airflow/example_dags/example_branch_python_dop_operator_3.py
[2024-11-20T14:26:56.048+0000] {logging_mixin.py:190} INFO - [2024-11-20T14:26:56.048+0000] {dag.py:3239} INFO - Sync 1 DAGs
[2024-11-20T14:26:56.099+0000] {logging_mixin.py:190} INFO - [2024-11-20T14:26:56.099+0000] {dag.py:4180} INFO - Setting next_dagrun for example_branch_dop_operator_v3 to 2024-11-20 14:25:00+00:00, run_after=2024-11-20 14:26:00+00:00
[2024-11-20T14:26:56.128+0000] {processor.py:208} INFO - Processing /home/airflow/.local/lib/python3.12/site-packages/airflow/example_dags/example_branch_python_dop_operator_3.py took 0.147 seconds
[2024-11-20T14:28:04.744+0000] {processor.py:186} INFO - Started process (PID=1418) to work on /home/airflow/.local/lib/python3.12/site-packages/airflow/example_dags/example_branch_python_dop_operator_3.py
[2024-11-20T14:28:04.756+0000] {processor.py:914} INFO - Processing file /home/airflow/.local/lib/python3.12/site-packages/airflow/example_dags/example_branch_python_dop_operator_3.py for tasks to queue
[2024-11-20T14:28:04.760+0000] {logging_mixin.py:190} INFO - [2024-11-20T14:28:04.759+0000] {dagbag.py:588} INFO - Filling up the DagBag from /home/airflow/.local/lib/python3.12/site-packages/airflow/example_dags/example_branch_python_dop_operator_3.py
[2024-11-20T14:28:04.796+0000] {processor.py:925} INFO - DAG(s) 'example_branch_dop_operator_v3' retrieved from /home/airflow/.local/lib/python3.12/site-packages/airflow/example_dags/example_branch_python_dop_operator_3.py
[2024-11-20T14:28:04.839+0000] {logging_mixin.py:190} INFO - [2024-11-20T14:28:04.839+0000] {dag.py:3239} INFO - Sync 1 DAGs
[2024-11-20T14:28:04.888+0000] {logging_mixin.py:190} INFO - [2024-11-20T14:28:04.888+0000] {dag.py:4180} INFO - Setting next_dagrun for example_branch_dop_operator_v3 to 2024-11-20 14:27:00+00:00, run_after=2024-11-20 14:28:00+00:00
[2024-11-20T14:28:04.999+0000] {processor.py:208} INFO - Processing /home/airflow/.local/lib/python3.12/site-packages/airflow/example_dags/example_branch_python_dop_operator_3.py took 0.266 seconds
[2024-11-20T14:28:35.818+0000] {processor.py:186} INFO - Started process (PID=1481) to work on /home/airflow/.local/lib/python3.12/site-packages/airflow/example_dags/example_branch_python_dop_operator_3.py
[2024-11-20T14:28:35.819+0000] {processor.py:914} INFO - Processing file /home/airflow/.local/lib/python3.12/site-packages/airflow/example_dags/example_branch_python_dop_operator_3.py for tasks to queue
[2024-11-20T14:28:35.823+0000] {logging_mixin.py:190} INFO - [2024-11-20T14:28:35.823+0000] {dagbag.py:588} INFO - Filling up the DagBag from /home/airflow/.local/lib/python3.12/site-packages/airflow/example_dags/example_branch_python_dop_operator_3.py
[2024-11-20T14:28:35.847+0000] {processor.py:925} INFO - DAG(s) 'example_branch_dop_operator_v3' retrieved from /home/airflow/.local/lib/python3.12/site-packages/airflow/example_dags/example_branch_python_dop_operator_3.py
[2024-11-20T14:28:35.885+0000] {logging_mixin.py:190} INFO - [2024-11-20T14:28:35.884+0000] {dag.py:3239} INFO - Sync 1 DAGs
[2024-11-20T14:28:35.937+0000] {logging_mixin.py:190} INFO - [2024-11-20T14:28:35.937+0000] {dag.py:4180} INFO - Setting next_dagrun for example_branch_dop_operator_v3 to 2024-11-20 14:27:00+00:00, run_after=2024-11-20 14:28:00+00:00
[2024-11-20T14:28:35.971+0000] {processor.py:208} INFO - Processing /home/airflow/.local/lib/python3.12/site-packages/airflow/example_dags/example_branch_python_dop_operator_3.py took 0.164 seconds
[2024-11-20T14:29:06.242+0000] {processor.py:186} INFO - Started process (PID=1544) to work on /home/airflow/.local/lib/python3.12/site-packages/airflow/example_dags/example_branch_python_dop_operator_3.py
[2024-11-20T14:29:06.243+0000] {processor.py:914} INFO - Processing file /home/airflow/.local/lib/python3.12/site-packages/airflow/example_dags/example_branch_python_dop_operator_3.py for tasks to queue
[2024-11-20T14:29:06.247+0000] {logging_mixin.py:190} INFO - [2024-11-20T14:29:06.247+0000] {dagbag.py:588} INFO - Filling up the DagBag from /home/airflow/.local/lib/python3.12/site-packages/airflow/example_dags/example_branch_python_dop_operator_3.py
[2024-11-20T14:29:06.267+0000] {processor.py:925} INFO - DAG(s) 'example_branch_dop_operator_v3' retrieved from /home/airflow/.local/lib/python3.12/site-packages/airflow/example_dags/example_branch_python_dop_operator_3.py
[2024-11-20T14:29:06.304+0000] {logging_mixin.py:190} INFO - [2024-11-20T14:29:06.303+0000] {dag.py:3239} INFO - Sync 1 DAGs
[2024-11-20T14:29:06.365+0000] {logging_mixin.py:190} INFO - [2024-11-20T14:29:06.364+0000] {dag.py:4180} INFO - Setting next_dagrun for example_branch_dop_operator_v3 to 2024-11-20 14:28:00+00:00, run_after=2024-11-20 14:29:00+00:00
[2024-11-20T14:29:06.397+0000] {processor.py:208} INFO - Processing /home/airflow/.local/lib/python3.12/site-packages/airflow/example_dags/example_branch_python_dop_operator_3.py took 0.166 seconds
[2024-11-20T14:29:36.562+0000] {processor.py:186} INFO - Started process (PID=1607) to work on /home/airflow/.local/lib/python3.12/site-packages/airflow/example_dags/example_branch_python_dop_operator_3.py
[2024-11-20T14:29:36.564+0000] {processor.py:914} INFO - Processing file /home/airflow/.local/lib/python3.12/site-packages/airflow/example_dags/example_branch_python_dop_operator_3.py for tasks to queue
[2024-11-20T14:29:36.569+0000] {logging_mixin.py:190} INFO - [2024-11-20T14:29:36.569+0000] {dagbag.py:588} INFO - Filling up the DagBag from /home/airflow/.local/lib/python3.12/site-packages/airflow/example_dags/example_branch_python_dop_operator_3.py
[2024-11-20T14:29:36.590+0000] {processor.py:925} INFO - DAG(s) 'example_branch_dop_operator_v3' retrieved from /home/airflow/.local/lib/python3.12/site-packages/airflow/example_dags/example_branch_python_dop_operator_3.py
[2024-11-20T14:29:36.629+0000] {logging_mixin.py:190} INFO - [2024-11-20T14:29:36.629+0000] {dag.py:3239} INFO - Sync 1 DAGs
[2024-11-20T14:29:36.687+0000] {logging_mixin.py:190} INFO - [2024-11-20T14:29:36.686+0000] {dag.py:4180} INFO - Setting next_dagrun for example_branch_dop_operator_v3 to 2024-11-20 14:28:00+00:00, run_after=2024-11-20 14:29:00+00:00
[2024-11-20T14:29:36.724+0000] {processor.py:208} INFO - Processing /home/airflow/.local/lib/python3.12/site-packages/airflow/example_dags/example_branch_python_dop_operator_3.py took 0.175 seconds
[2024-11-20T14:30:07.217+0000] {processor.py:186} INFO - Started process (PID=1669) to work on /home/airflow/.local/lib/python3.12/site-packages/airflow/example_dags/example_branch_python_dop_operator_3.py
[2024-11-20T14:30:07.221+0000] {processor.py:914} INFO - Processing file /home/airflow/.local/lib/python3.12/site-packages/airflow/example_dags/example_branch_python_dop_operator_3.py for tasks to queue
[2024-11-20T14:30:07.232+0000] {logging_mixin.py:190} INFO - [2024-11-20T14:30:07.232+0000] {dagbag.py:588} INFO - Filling up the DagBag from /home/airflow/.local/lib/python3.12/site-packages/airflow/example_dags/example_branch_python_dop_operator_3.py
[2024-11-20T14:30:07.258+0000] {processor.py:925} INFO - DAG(s) 'example_branch_dop_operator_v3' retrieved from /home/airflow/.local/lib/python3.12/site-packages/airflow/example_dags/example_branch_python_dop_operator_3.py
[2024-11-20T14:30:07.304+0000] {logging_mixin.py:190} INFO - [2024-11-20T14:30:07.303+0000] {dag.py:3239} INFO - Sync 1 DAGs
[2024-11-20T14:30:07.394+0000] {logging_mixin.py:190} INFO - [2024-11-20T14:30:07.393+0000] {dag.py:4180} INFO - Setting next_dagrun for example_branch_dop_operator_v3 to 2024-11-20 14:29:00+00:00, run_after=2024-11-20 14:30:00+00:00
[2024-11-20T14:30:07.456+0000] {processor.py:208} INFO - Processing /home/airflow/.local/lib/python3.12/site-packages/airflow/example_dags/example_branch_python_dop_operator_3.py took 0.258 seconds
[2024-11-20T14:30:38.284+0000] {processor.py:186} INFO - Started process (PID=1732) to work on /home/airflow/.local/lib/python3.12/site-packages/airflow/example_dags/example_branch_python_dop_operator_3.py
[2024-11-20T14:30:38.286+0000] {processor.py:914} INFO - Processing file /home/airflow/.local/lib/python3.12/site-packages/airflow/example_dags/example_branch_python_dop_operator_3.py for tasks to queue
[2024-11-20T14:30:38.297+0000] {logging_mixin.py:190} INFO - [2024-11-20T14:30:38.296+0000] {dagbag.py:588} INFO - Filling up the DagBag from /home/airflow/.local/lib/python3.12/site-packages/airflow/example_dags/example_branch_python_dop_operator_3.py
[2024-11-20T14:30:38.333+0000] {processor.py:925} INFO - DAG(s) 'example_branch_dop_operator_v3' retrieved from /home/airflow/.local/lib/python3.12/site-packages/airflow/example_dags/example_branch_python_dop_operator_3.py
[2024-11-20T14:30:38.390+0000] {logging_mixin.py:190} INFO - [2024-11-20T14:30:38.389+0000] {dag.py:3239} INFO - Sync 1 DAGs
[2024-11-20T14:30:38.479+0000] {logging_mixin.py:190} INFO - [2024-11-20T14:30:38.479+0000] {dag.py:4180} INFO - Setting next_dagrun for example_branch_dop_operator_v3 to 2024-11-20 14:29:00+00:00, run_after=2024-11-20 14:30:00+00:00
[2024-11-20T14:30:38.523+0000] {processor.py:208} INFO - Processing /home/airflow/.local/lib/python3.12/site-packages/airflow/example_dags/example_branch_python_dop_operator_3.py took 0.262 seconds
[2024-11-20T14:31:08.725+0000] {processor.py:186} INFO - Started process (PID=1795) to work on /home/airflow/.local/lib/python3.12/site-packages/airflow/example_dags/example_branch_python_dop_operator_3.py
[2024-11-20T14:31:08.727+0000] {processor.py:914} INFO - Processing file /home/airflow/.local/lib/python3.12/site-packages/airflow/example_dags/example_branch_python_dop_operator_3.py for tasks to queue
[2024-11-20T14:31:08.732+0000] {logging_mixin.py:190} INFO - [2024-11-20T14:31:08.731+0000] {dagbag.py:588} INFO - Filling up the DagBag from /home/airflow/.local/lib/python3.12/site-packages/airflow/example_dags/example_branch_python_dop_operator_3.py
[2024-11-20T14:31:08.754+0000] {processor.py:925} INFO - DAG(s) 'example_branch_dop_operator_v3' retrieved from /home/airflow/.local/lib/python3.12/site-packages/airflow/example_dags/example_branch_python_dop_operator_3.py
[2024-11-20T14:31:08.791+0000] {logging_mixin.py:190} INFO - [2024-11-20T14:31:08.791+0000] {dag.py:3239} INFO - Sync 1 DAGs
[2024-11-20T14:31:08.861+0000] {logging_mixin.py:190} INFO - [2024-11-20T14:31:08.861+0000] {dag.py:4180} INFO - Setting next_dagrun for example_branch_dop_operator_v3 to 2024-11-20 14:30:00+00:00, run_after=2024-11-20 14:31:00+00:00
[2024-11-20T14:31:08.899+0000] {processor.py:208} INFO - Processing /home/airflow/.local/lib/python3.12/site-packages/airflow/example_dags/example_branch_python_dop_operator_3.py took 0.185 seconds
[2024-11-20T14:31:38.989+0000] {processor.py:186} INFO - Started process (PID=1858) to work on /home/airflow/.local/lib/python3.12/site-packages/airflow/example_dags/example_branch_python_dop_operator_3.py
[2024-11-20T14:31:38.992+0000] {processor.py:914} INFO - Processing file /home/airflow/.local/lib/python3.12/site-packages/airflow/example_dags/example_branch_python_dop_operator_3.py for tasks to queue
[2024-11-20T14:31:38.996+0000] {logging_mixin.py:190} INFO - [2024-11-20T14:31:38.996+0000] {dagbag.py:588} INFO - Filling up the DagBag from /home/airflow/.local/lib/python3.12/site-packages/airflow/example_dags/example_branch_python_dop_operator_3.py
[2024-11-20T14:31:39.020+0000] {processor.py:925} INFO - DAG(s) 'example_branch_dop_operator_v3' retrieved from /home/airflow/.local/lib/python3.12/site-packages/airflow/example_dags/example_branch_python_dop_operator_3.py
[2024-11-20T14:31:39.063+0000] {logging_mixin.py:190} INFO - [2024-11-20T14:31:39.063+0000] {dag.py:3239} INFO - Sync 1 DAGs
[2024-11-20T14:31:39.126+0000] {logging_mixin.py:190} INFO - [2024-11-20T14:31:39.125+0000] {dag.py:4180} INFO - Setting next_dagrun for example_branch_dop_operator_v3 to 2024-11-20 14:30:00+00:00, run_after=2024-11-20 14:31:00+00:00
[2024-11-20T14:31:39.166+0000] {processor.py:208} INFO - Processing /home/airflow/.local/lib/python3.12/site-packages/airflow/example_dags/example_branch_python_dop_operator_3.py took 0.191 seconds
[2024-11-20T14:32:09.686+0000] {processor.py:186} INFO - Started process (PID=1921) to work on /home/airflow/.local/lib/python3.12/site-packages/airflow/example_dags/example_branch_python_dop_operator_3.py
[2024-11-20T14:32:09.688+0000] {processor.py:914} INFO - Processing file /home/airflow/.local/lib/python3.12/site-packages/airflow/example_dags/example_branch_python_dop_operator_3.py for tasks to queue
[2024-11-20T14:32:09.696+0000] {logging_mixin.py:190} INFO - [2024-11-20T14:32:09.695+0000] {dagbag.py:588} INFO - Filling up the DagBag from /home/airflow/.local/lib/python3.12/site-packages/airflow/example_dags/example_branch_python_dop_operator_3.py
[2024-11-20T14:32:09.720+0000] {processor.py:925} INFO - DAG(s) 'example_branch_dop_operator_v3' retrieved from /home/airflow/.local/lib/python3.12/site-packages/airflow/example_dags/example_branch_python_dop_operator_3.py
[2024-11-20T14:32:09.765+0000] {logging_mixin.py:190} INFO - [2024-11-20T14:32:09.764+0000] {dag.py:3239} INFO - Sync 1 DAGs
[2024-11-20T14:32:09.828+0000] {logging_mixin.py:190} INFO - [2024-11-20T14:32:09.827+0000] {dag.py:4180} INFO - Setting next_dagrun for example_branch_dop_operator_v3 to 2024-11-20 14:31:00+00:00, run_after=2024-11-20 14:32:00+00:00
[2024-11-20T14:32:09.861+0000] {processor.py:208} INFO - Processing /home/airflow/.local/lib/python3.12/site-packages/airflow/example_dags/example_branch_python_dop_operator_3.py took 0.190 seconds
[2024-11-20T14:32:39.997+0000] {processor.py:186} INFO - Started process (PID=1984) to work on /home/airflow/.local/lib/python3.12/site-packages/airflow/example_dags/example_branch_python_dop_operator_3.py
[2024-11-20T14:32:39.998+0000] {processor.py:914} INFO - Processing file /home/airflow/.local/lib/python3.12/site-packages/airflow/example_dags/example_branch_python_dop_operator_3.py for tasks to queue
[2024-11-20T14:32:40.003+0000] {logging_mixin.py:190} INFO - [2024-11-20T14:32:40.002+0000] {dagbag.py:588} INFO - Filling up the DagBag from /home/airflow/.local/lib/python3.12/site-packages/airflow/example_dags/example_branch_python_dop_operator_3.py
[2024-11-20T14:32:40.026+0000] {processor.py:925} INFO - DAG(s) 'example_branch_dop_operator_v3' retrieved from /home/airflow/.local/lib/python3.12/site-packages/airflow/example_dags/example_branch_python_dop_operator_3.py
[2024-11-20T14:32:40.064+0000] {logging_mixin.py:190} INFO - [2024-11-20T14:32:40.064+0000] {dag.py:3239} INFO - Sync 1 DAGs
[2024-11-20T14:32:40.114+0000] {logging_mixin.py:190} INFO - [2024-11-20T14:32:40.114+0000] {dag.py:4180} INFO - Setting next_dagrun for example_branch_dop_operator_v3 to 2024-11-20 14:31:00+00:00, run_after=2024-11-20 14:32:00+00:00
[2024-11-20T14:32:40.140+0000] {processor.py:208} INFO - Processing /home/airflow/.local/lib/python3.12/site-packages/airflow/example_dags/example_branch_python_dop_operator_3.py took 0.156 seconds
[2024-11-20T14:33:10.309+0000] {processor.py:186} INFO - Started process (PID=2047) to work on /home/airflow/.local/lib/python3.12/site-packages/airflow/example_dags/example_branch_python_dop_operator_3.py
[2024-11-20T14:33:10.311+0000] {processor.py:914} INFO - Processing file /home/airflow/.local/lib/python3.12/site-packages/airflow/example_dags/example_branch_python_dop_operator_3.py for tasks to queue
[2024-11-20T14:33:10.315+0000] {logging_mixin.py:190} INFO - [2024-11-20T14:33:10.315+0000] {dagbag.py:588} INFO - Filling up the DagBag from /home/airflow/.local/lib/python3.12/site-packages/airflow/example_dags/example_branch_python_dop_operator_3.py
[2024-11-20T14:33:10.333+0000] {processor.py:925} INFO - DAG(s) 'example_branch_dop_operator_v3' retrieved from /home/airflow/.local/lib/python3.12/site-packages/airflow/example_dags/example_branch_python_dop_operator_3.py
[2024-11-20T14:33:10.360+0000] {logging_mixin.py:190} INFO - [2024-11-20T14:33:10.359+0000] {dag.py:3239} INFO - Sync 1 DAGs
[2024-11-20T14:33:10.411+0000] {logging_mixin.py:190} INFO - [2024-11-20T14:33:10.411+0000] {dag.py:4180} INFO - Setting next_dagrun for example_branch_dop_operator_v3 to 2024-11-20 14:32:00+00:00, run_after=2024-11-20 14:33:00+00:00
[2024-11-20T14:33:10.451+0000] {processor.py:208} INFO - Processing /home/airflow/.local/lib/python3.12/site-packages/airflow/example_dags/example_branch_python_dop_operator_3.py took 0.154 seconds
[2024-11-20T14:33:41.014+0000] {processor.py:186} INFO - Started process (PID=2110) to work on /home/airflow/.local/lib/python3.12/site-packages/airflow/example_dags/example_branch_python_dop_operator_3.py
[2024-11-20T14:33:41.016+0000] {processor.py:914} INFO - Processing file /home/airflow/.local/lib/python3.12/site-packages/airflow/example_dags/example_branch_python_dop_operator_3.py for tasks to queue
[2024-11-20T14:33:41.020+0000] {logging_mixin.py:190} INFO - [2024-11-20T14:33:41.019+0000] {dagbag.py:588} INFO - Filling up the DagBag from /home/airflow/.local/lib/python3.12/site-packages/airflow/example_dags/example_branch_python_dop_operator_3.py
[2024-11-20T14:33:41.039+0000] {processor.py:925} INFO - DAG(s) 'example_branch_dop_operator_v3' retrieved from /home/airflow/.local/lib/python3.12/site-packages/airflow/example_dags/example_branch_python_dop_operator_3.py
[2024-11-20T14:33:41.074+0000] {logging_mixin.py:190} INFO - [2024-11-20T14:33:41.073+0000] {dag.py:3239} INFO - Sync 1 DAGs
[2024-11-20T14:33:41.123+0000] {logging_mixin.py:190} INFO - [2024-11-20T14:33:41.122+0000] {dag.py:4180} INFO - Setting next_dagrun for example_branch_dop_operator_v3 to 2024-11-20 14:32:00+00:00, run_after=2024-11-20 14:33:00+00:00
[2024-11-20T14:33:41.154+0000] {processor.py:208} INFO - Processing /home/airflow/.local/lib/python3.12/site-packages/airflow/example_dags/example_branch_python_dop_operator_3.py took 0.152 seconds
[2024-11-20T14:34:11.463+0000] {processor.py:186} INFO - Started process (PID=2173) to work on /home/airflow/.local/lib/python3.12/site-packages/airflow/example_dags/example_branch_python_dop_operator_3.py
[2024-11-20T14:34:11.465+0000] {processor.py:914} INFO - Processing file /home/airflow/.local/lib/python3.12/site-packages/airflow/example_dags/example_branch_python_dop_operator_3.py for tasks to queue
[2024-11-20T14:34:11.470+0000] {logging_mixin.py:190} INFO - [2024-11-20T14:34:11.469+0000] {dagbag.py:588} INFO - Filling up the DagBag from /home/airflow/.local/lib/python3.12/site-packages/airflow/example_dags/example_branch_python_dop_operator_3.py
[2024-11-20T14:34:11.487+0000] {processor.py:925} INFO - DAG(s) 'example_branch_dop_operator_v3' retrieved from /home/airflow/.local/lib/python3.12/site-packages/airflow/example_dags/example_branch_python_dop_operator_3.py
[2024-11-20T14:34:11.520+0000] {logging_mixin.py:190} INFO - [2024-11-20T14:34:11.519+0000] {dag.py:3239} INFO - Sync 1 DAGs
[2024-11-20T14:34:11.574+0000] {logging_mixin.py:190} INFO - [2024-11-20T14:34:11.574+0000] {dag.py:4180} INFO - Setting next_dagrun for example_branch_dop_operator_v3 to 2024-11-20 14:33:00+00:00, run_after=2024-11-20 14:34:00+00:00
[2024-11-20T14:34:11.609+0000] {processor.py:208} INFO - Processing /home/airflow/.local/lib/python3.12/site-packages/airflow/example_dags/example_branch_python_dop_operator_3.py took 0.165 seconds
[2024-11-20T14:34:41.920+0000] {processor.py:186} INFO - Started process (PID=2236) to work on /home/airflow/.local/lib/python3.12/site-packages/airflow/example_dags/example_branch_python_dop_operator_3.py
[2024-11-20T14:34:41.921+0000] {processor.py:914} INFO - Processing file /home/airflow/.local/lib/python3.12/site-packages/airflow/example_dags/example_branch_python_dop_operator_3.py for tasks to queue
[2024-11-20T14:34:41.925+0000] {logging_mixin.py:190} INFO - [2024-11-20T14:34:41.925+0000] {dagbag.py:588} INFO - Filling up the DagBag from /home/airflow/.local/lib/python3.12/site-packages/airflow/example_dags/example_branch_python_dop_operator_3.py
[2024-11-20T14:34:41.942+0000] {processor.py:925} INFO - DAG(s) 'example_branch_dop_operator_v3' retrieved from /home/airflow/.local/lib/python3.12/site-packages/airflow/example_dags/example_branch_python_dop_operator_3.py
[2024-11-20T14:34:41.968+0000] {logging_mixin.py:190} INFO - [2024-11-20T14:34:41.967+0000] {dag.py:3239} INFO - Sync 1 DAGs
[2024-11-20T14:34:42.012+0000] {logging_mixin.py:190} INFO - [2024-11-20T14:34:42.012+0000] {dag.py:4180} INFO - Setting next_dagrun for example_branch_dop_operator_v3 to 2024-11-20 14:33:00+00:00, run_after=2024-11-20 14:34:00+00:00
[2024-11-20T14:34:42.040+0000] {processor.py:208} INFO - Processing /home/airflow/.local/lib/python3.12/site-packages/airflow/example_dags/example_branch_python_dop_operator_3.py took 0.129 seconds
[2024-11-20T14:35:12.807+0000] {processor.py:186} INFO - Started process (PID=2299) to work on /home/airflow/.local/lib/python3.12/site-packages/airflow/example_dags/example_branch_python_dop_operator_3.py
[2024-11-20T14:35:12.809+0000] {processor.py:914} INFO - Processing file /home/airflow/.local/lib/python3.12/site-packages/airflow/example_dags/example_branch_python_dop_operator_3.py for tasks to queue
[2024-11-20T14:35:12.813+0000] {logging_mixin.py:190} INFO - [2024-11-20T14:35:12.813+0000] {dagbag.py:588} INFO - Filling up the DagBag from /home/airflow/.local/lib/python3.12/site-packages/airflow/example_dags/example_branch_python_dop_operator_3.py
[2024-11-20T14:35:12.835+0000] {processor.py:925} INFO - DAG(s) 'example_branch_dop_operator_v3' retrieved from /home/airflow/.local/lib/python3.12/site-packages/airflow/example_dags/example_branch_python_dop_operator_3.py
[2024-11-20T14:35:12.873+0000] {logging_mixin.py:190} INFO - [2024-11-20T14:35:12.872+0000] {dag.py:3239} INFO - Sync 1 DAGs
[2024-11-20T14:35:12.936+0000] {logging_mixin.py:190} INFO - [2024-11-20T14:35:12.936+0000] {dag.py:4180} INFO - Setting next_dagrun for example_branch_dop_operator_v3 to 2024-11-20 14:34:00+00:00, run_after=2024-11-20 14:35:00+00:00
[2024-11-20T14:35:12.974+0000] {processor.py:208} INFO - Processing /home/airflow/.local/lib/python3.12/site-packages/airflow/example_dags/example_branch_python_dop_operator_3.py took 0.179 seconds
[2024-11-20T14:35:43.726+0000] {processor.py:186} INFO - Started process (PID=2368) to work on /home/airflow/.local/lib/python3.12/site-packages/airflow/example_dags/example_branch_python_dop_operator_3.py
[2024-11-20T14:35:43.729+0000] {processor.py:914} INFO - Processing file /home/airflow/.local/lib/python3.12/site-packages/airflow/example_dags/example_branch_python_dop_operator_3.py for tasks to queue
[2024-11-20T14:35:43.733+0000] {logging_mixin.py:190} INFO - [2024-11-20T14:35:43.732+0000] {dagbag.py:588} INFO - Filling up the DagBag from /home/airflow/.local/lib/python3.12/site-packages/airflow/example_dags/example_branch_python_dop_operator_3.py
[2024-11-20T14:35:43.756+0000] {processor.py:925} INFO - DAG(s) 'example_branch_dop_operator_v3' retrieved from /home/airflow/.local/lib/python3.12/site-packages/airflow/example_dags/example_branch_python_dop_operator_3.py
[2024-11-20T14:35:43.796+0000] {logging_mixin.py:190} INFO - [2024-11-20T14:35:43.795+0000] {dag.py:3239} INFO - Sync 1 DAGs
[2024-11-20T14:35:43.855+0000] {logging_mixin.py:190} INFO - [2024-11-20T14:35:43.854+0000] {dag.py:4180} INFO - Setting next_dagrun for example_branch_dop_operator_v3 to 2024-11-20 14:34:00+00:00, run_after=2024-11-20 14:35:00+00:00
[2024-11-20T14:35:43.894+0000] {processor.py:208} INFO - Processing /home/airflow/.local/lib/python3.12/site-packages/airflow/example_dags/example_branch_python_dop_operator_3.py took 0.180 seconds
[2024-11-20T14:36:14.562+0000] {processor.py:186} INFO - Started process (PID=2431) to work on /home/airflow/.local/lib/python3.12/site-packages/airflow/example_dags/example_branch_python_dop_operator_3.py
[2024-11-20T14:36:14.563+0000] {processor.py:914} INFO - Processing file /home/airflow/.local/lib/python3.12/site-packages/airflow/example_dags/example_branch_python_dop_operator_3.py for tasks to queue
[2024-11-20T14:36:14.570+0000] {logging_mixin.py:190} INFO - [2024-11-20T14:36:14.568+0000] {dagbag.py:588} INFO - Filling up the DagBag from /home/airflow/.local/lib/python3.12/site-packages/airflow/example_dags/example_branch_python_dop_operator_3.py
[2024-11-20T14:36:14.594+0000] {processor.py:925} INFO - DAG(s) 'example_branch_dop_operator_v3' retrieved from /home/airflow/.local/lib/python3.12/site-packages/airflow/example_dags/example_branch_python_dop_operator_3.py
[2024-11-20T14:36:14.629+0000] {logging_mixin.py:190} INFO - [2024-11-20T14:36:14.628+0000] {dag.py:3239} INFO - Sync 1 DAGs
[2024-11-20T14:36:14.689+0000] {logging_mixin.py:190} INFO - [2024-11-20T14:36:14.688+0000] {dag.py:4180} INFO - Setting next_dagrun for example_branch_dop_operator_v3 to 2024-11-20 14:35:00+00:00, run_after=2024-11-20 14:36:00+00:00
[2024-11-20T14:36:14.722+0000] {processor.py:208} INFO - Processing /home/airflow/.local/lib/python3.12/site-packages/airflow/example_dags/example_branch_python_dop_operator_3.py took 0.177 seconds
[2024-11-20T14:36:45.769+0000] {processor.py:186} INFO - Started process (PID=2493) to work on /home/airflow/.local/lib/python3.12/site-packages/airflow/example_dags/example_branch_python_dop_operator_3.py
[2024-11-20T14:36:45.772+0000] {processor.py:914} INFO - Processing file /home/airflow/.local/lib/python3.12/site-packages/airflow/example_dags/example_branch_python_dop_operator_3.py for tasks to queue
[2024-11-20T14:36:45.778+0000] {logging_mixin.py:190} INFO - [2024-11-20T14:36:45.777+0000] {dagbag.py:588} INFO - Filling up the DagBag from /home/airflow/.local/lib/python3.12/site-packages/airflow/example_dags/example_branch_python_dop_operator_3.py
[2024-11-20T14:36:45.824+0000] {processor.py:925} INFO - DAG(s) 'example_branch_dop_operator_v3' retrieved from /home/airflow/.local/lib/python3.12/site-packages/airflow/example_dags/example_branch_python_dop_operator_3.py
[2024-11-20T14:36:45.937+0000] {logging_mixin.py:190} INFO - [2024-11-20T14:36:45.934+0000] {dag.py:3239} INFO - Sync 1 DAGs
[2024-11-20T14:36:46.127+0000] {logging_mixin.py:190} INFO - [2024-11-20T14:36:46.126+0000] {dag.py:4180} INFO - Setting next_dagrun for example_branch_dop_operator_v3 to 2024-11-20 14:35:00+00:00, run_after=2024-11-20 14:36:00+00:00
[2024-11-20T14:36:46.235+0000] {processor.py:208} INFO - Processing /home/airflow/.local/lib/python3.12/site-packages/airflow/example_dags/example_branch_python_dop_operator_3.py took 0.506 seconds
[2024-11-20T14:37:17.213+0000] {processor.py:186} INFO - Started process (PID=2555) to work on /home/airflow/.local/lib/python3.12/site-packages/airflow/example_dags/example_branch_python_dop_operator_3.py
[2024-11-20T14:37:17.215+0000] {processor.py:914} INFO - Processing file /home/airflow/.local/lib/python3.12/site-packages/airflow/example_dags/example_branch_python_dop_operator_3.py for tasks to queue
[2024-11-20T14:37:17.221+0000] {logging_mixin.py:190} INFO - [2024-11-20T14:37:17.220+0000] {dagbag.py:588} INFO - Filling up the DagBag from /home/airflow/.local/lib/python3.12/site-packages/airflow/example_dags/example_branch_python_dop_operator_3.py
[2024-11-20T14:37:17.251+0000] {processor.py:925} INFO - DAG(s) 'example_branch_dop_operator_v3' retrieved from /home/airflow/.local/lib/python3.12/site-packages/airflow/example_dags/example_branch_python_dop_operator_3.py
[2024-11-20T14:37:17.306+0000] {logging_mixin.py:190} INFO - [2024-11-20T14:37:17.306+0000] {dag.py:3239} INFO - Sync 1 DAGs
[2024-11-20T14:37:17.382+0000] {logging_mixin.py:190} INFO - [2024-11-20T14:37:17.381+0000] {dag.py:4180} INFO - Setting next_dagrun for example_branch_dop_operator_v3 to 2024-11-20 14:36:00+00:00, run_after=2024-11-20 14:37:00+00:00
[2024-11-20T14:37:17.431+0000] {processor.py:208} INFO - Processing /home/airflow/.local/lib/python3.12/site-packages/airflow/example_dags/example_branch_python_dop_operator_3.py took 0.251 seconds
[2024-11-20T14:37:47.689+0000] {processor.py:186} INFO - Started process (PID=2616) to work on /home/airflow/.local/lib/python3.12/site-packages/airflow/example_dags/example_branch_python_dop_operator_3.py
[2024-11-20T14:37:47.691+0000] {processor.py:914} INFO - Processing file /home/airflow/.local/lib/python3.12/site-packages/airflow/example_dags/example_branch_python_dop_operator_3.py for tasks to queue
[2024-11-20T14:37:47.695+0000] {logging_mixin.py:190} INFO - [2024-11-20T14:37:47.694+0000] {dagbag.py:588} INFO - Filling up the DagBag from /home/airflow/.local/lib/python3.12/site-packages/airflow/example_dags/example_branch_python_dop_operator_3.py
[2024-11-20T14:37:47.712+0000] {processor.py:925} INFO - DAG(s) 'example_branch_dop_operator_v3' retrieved from /home/airflow/.local/lib/python3.12/site-packages/airflow/example_dags/example_branch_python_dop_operator_3.py
[2024-11-20T14:37:47.744+0000] {logging_mixin.py:190} INFO - [2024-11-20T14:37:47.744+0000] {dag.py:3239} INFO - Sync 1 DAGs
[2024-11-20T14:37:47.799+0000] {logging_mixin.py:190} INFO - [2024-11-20T14:37:47.799+0000] {dag.py:4180} INFO - Setting next_dagrun for example_branch_dop_operator_v3 to 2024-11-20 14:36:00+00:00, run_after=2024-11-20 14:37:00+00:00
[2024-11-20T14:37:47.829+0000] {processor.py:208} INFO - Processing /home/airflow/.local/lib/python3.12/site-packages/airflow/example_dags/example_branch_python_dop_operator_3.py took 0.153 seconds
