[2024-11-20T14:16:24.728+0000] {processor.py:186} INFO - Started process (PID=122) to work on /home/airflow/.local/lib/python3.12/site-packages/airflow/example_dags/example_trigger_target_dag.py
[2024-11-20T14:16:24.730+0000] {processor.py:914} INFO - Processing file /home/airflow/.local/lib/python3.12/site-packages/airflow/example_dags/example_trigger_target_dag.py for tasks to queue
[2024-11-20T14:16:24.734+0000] {logging_mixin.py:190} INFO - [2024-11-20T14:16:24.734+0000] {dagbag.py:588} INFO - Filling up the DagBag from /home/airflow/.local/lib/python3.12/site-packages/airflow/example_dags/example_trigger_target_dag.py
[2024-11-20T14:16:24.752+0000] {processor.py:925} INFO - DAG(s) 'example_trigger_target_dag' retrieved from /home/airflow/.local/lib/python3.12/site-packages/airflow/example_dags/example_trigger_target_dag.py
[2024-11-20T14:16:25.086+0000] {logging_mixin.py:190} INFO - [2024-11-20T14:16:25.085+0000] {override.py:1911} INFO - Created Permission View: can delete on DAG:example_trigger_target_dag
[2024-11-20T14:16:25.142+0000] {logging_mixin.py:190} INFO - [2024-11-20T14:16:25.141+0000] {override.py:1911} INFO - Created Permission View: can read on DAG:example_trigger_target_dag
[2024-11-20T14:16:25.166+0000] {logging_mixin.py:190} INFO - [2024-11-20T14:16:25.165+0000] {override.py:1911} INFO - Created Permission View: can edit on DAG:example_trigger_target_dag
[2024-11-20T14:16:25.229+0000] {logging_mixin.py:190} INFO - [2024-11-20T14:16:25.228+0000] {override.py:1911} INFO - Created Permission View: can delete on DAG Run:example_trigger_target_dag
[2024-11-20T14:16:25.262+0000] {logging_mixin.py:190} INFO - [2024-11-20T14:16:25.258+0000] {override.py:1911} INFO - Created Permission View: menu access on DAG Run:example_trigger_target_dag
[2024-11-20T14:16:25.287+0000] {logging_mixin.py:190} INFO - [2024-11-20T14:16:25.287+0000] {override.py:1911} INFO - Created Permission View: can read on DAG Run:example_trigger_target_dag
[2024-11-20T14:16:25.402+0000] {logging_mixin.py:190} INFO - [2024-11-20T14:16:25.402+0000] {override.py:1911} INFO - Created Permission View: can create on DAG Run:example_trigger_target_dag
[2024-11-20T14:16:25.403+0000] {logging_mixin.py:190} INFO - [2024-11-20T14:16:25.403+0000] {dag.py:3239} INFO - Sync 1 DAGs
[2024-11-20T14:16:25.435+0000] {logging_mixin.py:190} INFO - [2024-11-20T14:16:25.434+0000] {dag.py:3262} INFO - Creating ORM DAG for example_trigger_target_dag
[2024-11-20T14:16:25.437+0000] {logging_mixin.py:190} INFO - [2024-11-20T14:16:25.436+0000] {dag.py:4180} INFO - Setting next_dagrun for example_trigger_target_dag to None, run_after=None
[2024-11-20T14:16:25.478+0000] {processor.py:208} INFO - Processing /home/airflow/.local/lib/python3.12/site-packages/airflow/example_dags/example_trigger_target_dag.py took 0.764 seconds
[2024-11-20T14:16:55.833+0000] {processor.py:186} INFO - Started process (PID=185) to work on /home/airflow/.local/lib/python3.12/site-packages/airflow/example_dags/example_trigger_target_dag.py
[2024-11-20T14:16:55.834+0000] {processor.py:914} INFO - Processing file /home/airflow/.local/lib/python3.12/site-packages/airflow/example_dags/example_trigger_target_dag.py for tasks to queue
[2024-11-20T14:16:55.839+0000] {logging_mixin.py:190} INFO - [2024-11-20T14:16:55.838+0000] {dagbag.py:588} INFO - Filling up the DagBag from /home/airflow/.local/lib/python3.12/site-packages/airflow/example_dags/example_trigger_target_dag.py
[2024-11-20T14:16:55.853+0000] {processor.py:925} INFO - DAG(s) 'example_trigger_target_dag' retrieved from /home/airflow/.local/lib/python3.12/site-packages/airflow/example_dags/example_trigger_target_dag.py
[2024-11-20T14:16:55.891+0000] {logging_mixin.py:190} INFO - [2024-11-20T14:16:55.891+0000] {dag.py:3239} INFO - Sync 1 DAGs
[2024-11-20T14:16:55.922+0000] {logging_mixin.py:190} INFO - [2024-11-20T14:16:55.921+0000] {dag.py:4180} INFO - Setting next_dagrun for example_trigger_target_dag to None, run_after=None
[2024-11-20T14:16:55.966+0000] {processor.py:208} INFO - Processing /home/airflow/.local/lib/python3.12/site-packages/airflow/example_dags/example_trigger_target_dag.py took 0.147 seconds
[2024-11-20T14:17:26.451+0000] {processor.py:186} INFO - Started process (PID=248) to work on /home/airflow/.local/lib/python3.12/site-packages/airflow/example_dags/example_trigger_target_dag.py
[2024-11-20T14:17:26.452+0000] {processor.py:914} INFO - Processing file /home/airflow/.local/lib/python3.12/site-packages/airflow/example_dags/example_trigger_target_dag.py for tasks to queue
[2024-11-20T14:17:26.457+0000] {logging_mixin.py:190} INFO - [2024-11-20T14:17:26.456+0000] {dagbag.py:588} INFO - Filling up the DagBag from /home/airflow/.local/lib/python3.12/site-packages/airflow/example_dags/example_trigger_target_dag.py
[2024-11-20T14:17:26.469+0000] {processor.py:925} INFO - DAG(s) 'example_trigger_target_dag' retrieved from /home/airflow/.local/lib/python3.12/site-packages/airflow/example_dags/example_trigger_target_dag.py
[2024-11-20T14:17:26.495+0000] {logging_mixin.py:190} INFO - [2024-11-20T14:17:26.494+0000] {dag.py:3239} INFO - Sync 1 DAGs
[2024-11-20T14:17:26.523+0000] {logging_mixin.py:190} INFO - [2024-11-20T14:17:26.522+0000] {dag.py:4180} INFO - Setting next_dagrun for example_trigger_target_dag to None, run_after=None
[2024-11-20T14:17:26.557+0000] {processor.py:208} INFO - Processing /home/airflow/.local/lib/python3.12/site-packages/airflow/example_dags/example_trigger_target_dag.py took 0.115 seconds
[2024-11-20T14:17:57.100+0000] {processor.py:186} INFO - Started process (PID=311) to work on /home/airflow/.local/lib/python3.12/site-packages/airflow/example_dags/example_trigger_target_dag.py
[2024-11-20T14:17:57.101+0000] {processor.py:914} INFO - Processing file /home/airflow/.local/lib/python3.12/site-packages/airflow/example_dags/example_trigger_target_dag.py for tasks to queue
[2024-11-20T14:17:57.105+0000] {logging_mixin.py:190} INFO - [2024-11-20T14:17:57.104+0000] {dagbag.py:588} INFO - Filling up the DagBag from /home/airflow/.local/lib/python3.12/site-packages/airflow/example_dags/example_trigger_target_dag.py
[2024-11-20T14:17:57.118+0000] {processor.py:925} INFO - DAG(s) 'example_trigger_target_dag' retrieved from /home/airflow/.local/lib/python3.12/site-packages/airflow/example_dags/example_trigger_target_dag.py
[2024-11-20T14:17:57.153+0000] {logging_mixin.py:190} INFO - [2024-11-20T14:17:57.152+0000] {dag.py:3239} INFO - Sync 1 DAGs
[2024-11-20T14:17:57.181+0000] {logging_mixin.py:190} INFO - [2024-11-20T14:17:57.181+0000] {dag.py:4180} INFO - Setting next_dagrun for example_trigger_target_dag to None, run_after=None
[2024-11-20T14:17:57.216+0000] {processor.py:208} INFO - Processing /home/airflow/.local/lib/python3.12/site-packages/airflow/example_dags/example_trigger_target_dag.py took 0.129 seconds
[2024-11-20T14:18:27.984+0000] {processor.py:186} INFO - Started process (PID=374) to work on /home/airflow/.local/lib/python3.12/site-packages/airflow/example_dags/example_trigger_target_dag.py
[2024-11-20T14:18:27.985+0000] {processor.py:914} INFO - Processing file /home/airflow/.local/lib/python3.12/site-packages/airflow/example_dags/example_trigger_target_dag.py for tasks to queue
[2024-11-20T14:18:27.989+0000] {logging_mixin.py:190} INFO - [2024-11-20T14:18:27.989+0000] {dagbag.py:588} INFO - Filling up the DagBag from /home/airflow/.local/lib/python3.12/site-packages/airflow/example_dags/example_trigger_target_dag.py
[2024-11-20T14:18:28.004+0000] {processor.py:925} INFO - DAG(s) 'example_trigger_target_dag' retrieved from /home/airflow/.local/lib/python3.12/site-packages/airflow/example_dags/example_trigger_target_dag.py
[2024-11-20T14:18:28.033+0000] {logging_mixin.py:190} INFO - [2024-11-20T14:18:28.033+0000] {dag.py:3239} INFO - Sync 1 DAGs
[2024-11-20T14:18:28.057+0000] {logging_mixin.py:190} INFO - [2024-11-20T14:18:28.057+0000] {dag.py:4180} INFO - Setting next_dagrun for example_trigger_target_dag to None, run_after=None
[2024-11-20T14:18:28.087+0000] {processor.py:208} INFO - Processing /home/airflow/.local/lib/python3.12/site-packages/airflow/example_dags/example_trigger_target_dag.py took 0.116 seconds
[2024-11-20T14:18:59.384+0000] {processor.py:186} INFO - Started process (PID=437) to work on /home/airflow/.local/lib/python3.12/site-packages/airflow/example_dags/example_trigger_target_dag.py
[2024-11-20T14:18:59.385+0000] {processor.py:914} INFO - Processing file /home/airflow/.local/lib/python3.12/site-packages/airflow/example_dags/example_trigger_target_dag.py for tasks to queue
[2024-11-20T14:18:59.389+0000] {logging_mixin.py:190} INFO - [2024-11-20T14:18:59.389+0000] {dagbag.py:588} INFO - Filling up the DagBag from /home/airflow/.local/lib/python3.12/site-packages/airflow/example_dags/example_trigger_target_dag.py
[2024-11-20T14:18:59.404+0000] {processor.py:925} INFO - DAG(s) 'example_trigger_target_dag' retrieved from /home/airflow/.local/lib/python3.12/site-packages/airflow/example_dags/example_trigger_target_dag.py
[2024-11-20T14:18:59.432+0000] {logging_mixin.py:190} INFO - [2024-11-20T14:18:59.431+0000] {dag.py:3239} INFO - Sync 1 DAGs
[2024-11-20T14:18:59.455+0000] {logging_mixin.py:190} INFO - [2024-11-20T14:18:59.454+0000] {dag.py:4180} INFO - Setting next_dagrun for example_trigger_target_dag to None, run_after=None
[2024-11-20T14:18:59.490+0000] {processor.py:208} INFO - Processing /home/airflow/.local/lib/python3.12/site-packages/airflow/example_dags/example_trigger_target_dag.py took 0.117 seconds
[2024-11-20T14:19:30.918+0000] {processor.py:186} INFO - Started process (PID=499) to work on /home/airflow/.local/lib/python3.12/site-packages/airflow/example_dags/example_trigger_target_dag.py
[2024-11-20T14:19:30.920+0000] {processor.py:914} INFO - Processing file /home/airflow/.local/lib/python3.12/site-packages/airflow/example_dags/example_trigger_target_dag.py for tasks to queue
[2024-11-20T14:19:30.928+0000] {logging_mixin.py:190} INFO - [2024-11-20T14:19:30.928+0000] {dagbag.py:588} INFO - Filling up the DagBag from /home/airflow/.local/lib/python3.12/site-packages/airflow/example_dags/example_trigger_target_dag.py
[2024-11-20T14:19:30.952+0000] {processor.py:925} INFO - DAG(s) 'example_trigger_target_dag' retrieved from /home/airflow/.local/lib/python3.12/site-packages/airflow/example_dags/example_trigger_target_dag.py
[2024-11-20T14:19:31.008+0000] {logging_mixin.py:190} INFO - [2024-11-20T14:19:31.007+0000] {dag.py:3239} INFO - Sync 1 DAGs
[2024-11-20T14:19:31.058+0000] {logging_mixin.py:190} INFO - [2024-11-20T14:19:31.058+0000] {dag.py:4180} INFO - Setting next_dagrun for example_trigger_target_dag to None, run_after=None
[2024-11-20T14:19:31.109+0000] {processor.py:208} INFO - Processing /home/airflow/.local/lib/python3.12/site-packages/airflow/example_dags/example_trigger_target_dag.py took 0.209 seconds
[2024-11-20T14:20:03.096+0000] {processor.py:186} INFO - Started process (PID=562) to work on /home/airflow/.local/lib/python3.12/site-packages/airflow/example_dags/example_trigger_target_dag.py
[2024-11-20T14:20:03.099+0000] {processor.py:914} INFO - Processing file /home/airflow/.local/lib/python3.12/site-packages/airflow/example_dags/example_trigger_target_dag.py for tasks to queue
[2024-11-20T14:20:03.115+0000] {logging_mixin.py:190} INFO - [2024-11-20T14:20:03.114+0000] {dagbag.py:588} INFO - Filling up the DagBag from /home/airflow/.local/lib/python3.12/site-packages/airflow/example_dags/example_trigger_target_dag.py
[2024-11-20T14:20:03.159+0000] {processor.py:925} INFO - DAG(s) 'example_trigger_target_dag' retrieved from /home/airflow/.local/lib/python3.12/site-packages/airflow/example_dags/example_trigger_target_dag.py
[2024-11-20T14:20:03.224+0000] {logging_mixin.py:190} INFO - [2024-11-20T14:20:03.224+0000] {dag.py:3239} INFO - Sync 1 DAGs
[2024-11-20T14:20:03.260+0000] {logging_mixin.py:190} INFO - [2024-11-20T14:20:03.260+0000] {dag.py:4180} INFO - Setting next_dagrun for example_trigger_target_dag to None, run_after=None
[2024-11-20T14:20:03.302+0000] {processor.py:208} INFO - Processing /home/airflow/.local/lib/python3.12/site-packages/airflow/example_dags/example_trigger_target_dag.py took 0.219 seconds
[2024-11-20T14:20:33.397+0000] {processor.py:186} INFO - Started process (PID=624) to work on /home/airflow/.local/lib/python3.12/site-packages/airflow/example_dags/example_trigger_target_dag.py
[2024-11-20T14:20:33.417+0000] {processor.py:914} INFO - Processing file /home/airflow/.local/lib/python3.12/site-packages/airflow/example_dags/example_trigger_target_dag.py for tasks to queue
[2024-11-20T14:20:33.423+0000] {logging_mixin.py:190} INFO - [2024-11-20T14:20:33.423+0000] {dagbag.py:588} INFO - Filling up the DagBag from /home/airflow/.local/lib/python3.12/site-packages/airflow/example_dags/example_trigger_target_dag.py
[2024-11-20T14:20:33.436+0000] {processor.py:925} INFO - DAG(s) 'example_trigger_target_dag' retrieved from /home/airflow/.local/lib/python3.12/site-packages/airflow/example_dags/example_trigger_target_dag.py
[2024-11-20T14:20:33.461+0000] {logging_mixin.py:190} INFO - [2024-11-20T14:20:33.461+0000] {dag.py:3239} INFO - Sync 1 DAGs
[2024-11-20T14:20:33.483+0000] {logging_mixin.py:190} INFO - [2024-11-20T14:20:33.483+0000] {dag.py:4180} INFO - Setting next_dagrun for example_trigger_target_dag to None, run_after=None
[2024-11-20T14:20:33.536+0000] {processor.py:208} INFO - Processing /home/airflow/.local/lib/python3.12/site-packages/airflow/example_dags/example_trigger_target_dag.py took 0.152 seconds
[2024-11-20T14:21:04.182+0000] {processor.py:186} INFO - Started process (PID=687) to work on /home/airflow/.local/lib/python3.12/site-packages/airflow/example_dags/example_trigger_target_dag.py
[2024-11-20T14:21:04.184+0000] {processor.py:914} INFO - Processing file /home/airflow/.local/lib/python3.12/site-packages/airflow/example_dags/example_trigger_target_dag.py for tasks to queue
[2024-11-20T14:21:04.190+0000] {logging_mixin.py:190} INFO - [2024-11-20T14:21:04.189+0000] {dagbag.py:588} INFO - Filling up the DagBag from /home/airflow/.local/lib/python3.12/site-packages/airflow/example_dags/example_trigger_target_dag.py
[2024-11-20T14:21:04.204+0000] {processor.py:925} INFO - DAG(s) 'example_trigger_target_dag' retrieved from /home/airflow/.local/lib/python3.12/site-packages/airflow/example_dags/example_trigger_target_dag.py
[2024-11-20T14:21:04.235+0000] {logging_mixin.py:190} INFO - [2024-11-20T14:21:04.234+0000] {dag.py:3239} INFO - Sync 1 DAGs
[2024-11-20T14:21:04.263+0000] {logging_mixin.py:190} INFO - [2024-11-20T14:21:04.263+0000] {dag.py:4180} INFO - Setting next_dagrun for example_trigger_target_dag to None, run_after=None
[2024-11-20T14:21:04.293+0000] {processor.py:208} INFO - Processing /home/airflow/.local/lib/python3.12/site-packages/airflow/example_dags/example_trigger_target_dag.py took 0.123 seconds
[2024-11-20T14:21:36.210+0000] {processor.py:186} INFO - Started process (PID=750) to work on /home/airflow/.local/lib/python3.12/site-packages/airflow/example_dags/example_trigger_target_dag.py
[2024-11-20T14:21:36.211+0000] {processor.py:914} INFO - Processing file /home/airflow/.local/lib/python3.12/site-packages/airflow/example_dags/example_trigger_target_dag.py for tasks to queue
[2024-11-20T14:21:36.216+0000] {logging_mixin.py:190} INFO - [2024-11-20T14:21:36.215+0000] {dagbag.py:588} INFO - Filling up the DagBag from /home/airflow/.local/lib/python3.12/site-packages/airflow/example_dags/example_trigger_target_dag.py
[2024-11-20T14:21:36.227+0000] {processor.py:925} INFO - DAG(s) 'example_trigger_target_dag' retrieved from /home/airflow/.local/lib/python3.12/site-packages/airflow/example_dags/example_trigger_target_dag.py
[2024-11-20T14:21:36.257+0000] {logging_mixin.py:190} INFO - [2024-11-20T14:21:36.257+0000] {dag.py:3239} INFO - Sync 1 DAGs
[2024-11-20T14:21:36.281+0000] {logging_mixin.py:190} INFO - [2024-11-20T14:21:36.281+0000] {dag.py:4180} INFO - Setting next_dagrun for example_trigger_target_dag to None, run_after=None
[2024-11-20T14:21:36.311+0000] {processor.py:208} INFO - Processing /home/airflow/.local/lib/python3.12/site-packages/airflow/example_dags/example_trigger_target_dag.py took 0.111 seconds
[2024-11-20T14:22:08.047+0000] {processor.py:186} INFO - Started process (PID=814) to work on /home/airflow/.local/lib/python3.12/site-packages/airflow/example_dags/example_trigger_target_dag.py
[2024-11-20T14:22:08.049+0000] {processor.py:914} INFO - Processing file /home/airflow/.local/lib/python3.12/site-packages/airflow/example_dags/example_trigger_target_dag.py for tasks to queue
[2024-11-20T14:22:08.054+0000] {logging_mixin.py:190} INFO - [2024-11-20T14:22:08.053+0000] {dagbag.py:588} INFO - Filling up the DagBag from /home/airflow/.local/lib/python3.12/site-packages/airflow/example_dags/example_trigger_target_dag.py
[2024-11-20T14:22:08.068+0000] {processor.py:925} INFO - DAG(s) 'example_trigger_target_dag' retrieved from /home/airflow/.local/lib/python3.12/site-packages/airflow/example_dags/example_trigger_target_dag.py
[2024-11-20T14:22:08.098+0000] {logging_mixin.py:190} INFO - [2024-11-20T14:22:08.097+0000] {dag.py:3239} INFO - Sync 1 DAGs
[2024-11-20T14:22:08.122+0000] {logging_mixin.py:190} INFO - [2024-11-20T14:22:08.121+0000] {dag.py:4180} INFO - Setting next_dagrun for example_trigger_target_dag to None, run_after=None
[2024-11-20T14:22:08.149+0000] {processor.py:208} INFO - Processing /home/airflow/.local/lib/python3.12/site-packages/airflow/example_dags/example_trigger_target_dag.py took 0.113 seconds
[2024-11-20T14:22:40.927+0000] {processor.py:186} INFO - Started process (PID=876) to work on /home/airflow/.local/lib/python3.12/site-packages/airflow/example_dags/example_trigger_target_dag.py
[2024-11-20T14:22:40.931+0000] {processor.py:914} INFO - Processing file /home/airflow/.local/lib/python3.12/site-packages/airflow/example_dags/example_trigger_target_dag.py for tasks to queue
[2024-11-20T14:22:40.940+0000] {logging_mixin.py:190} INFO - [2024-11-20T14:22:40.939+0000] {dagbag.py:588} INFO - Filling up the DagBag from /home/airflow/.local/lib/python3.12/site-packages/airflow/example_dags/example_trigger_target_dag.py
[2024-11-20T14:22:40.960+0000] {processor.py:925} INFO - DAG(s) 'example_trigger_target_dag' retrieved from /home/airflow/.local/lib/python3.12/site-packages/airflow/example_dags/example_trigger_target_dag.py
[2024-11-20T14:22:41.020+0000] {logging_mixin.py:190} INFO - [2024-11-20T14:22:41.019+0000] {dag.py:3239} INFO - Sync 1 DAGs
[2024-11-20T14:22:41.058+0000] {logging_mixin.py:190} INFO - [2024-11-20T14:22:41.057+0000] {dag.py:4180} INFO - Setting next_dagrun for example_trigger_target_dag to None, run_after=None
[2024-11-20T14:22:41.117+0000] {processor.py:208} INFO - Processing /home/airflow/.local/lib/python3.12/site-packages/airflow/example_dags/example_trigger_target_dag.py took 0.206 seconds
[2024-11-20T14:23:13.736+0000] {processor.py:186} INFO - Started process (PID=940) to work on /home/airflow/.local/lib/python3.12/site-packages/airflow/example_dags/example_trigger_target_dag.py
[2024-11-20T14:23:13.738+0000] {processor.py:914} INFO - Processing file /home/airflow/.local/lib/python3.12/site-packages/airflow/example_dags/example_trigger_target_dag.py for tasks to queue
[2024-11-20T14:23:13.745+0000] {logging_mixin.py:190} INFO - [2024-11-20T14:23:13.745+0000] {dagbag.py:588} INFO - Filling up the DagBag from /home/airflow/.local/lib/python3.12/site-packages/airflow/example_dags/example_trigger_target_dag.py
[2024-11-20T14:23:13.761+0000] {processor.py:925} INFO - DAG(s) 'example_trigger_target_dag' retrieved from /home/airflow/.local/lib/python3.12/site-packages/airflow/example_dags/example_trigger_target_dag.py
[2024-11-20T14:23:13.801+0000] {logging_mixin.py:190} INFO - [2024-11-20T14:23:13.800+0000] {dag.py:3239} INFO - Sync 1 DAGs
[2024-11-20T14:23:13.837+0000] {logging_mixin.py:190} INFO - [2024-11-20T14:23:13.836+0000] {dag.py:4180} INFO - Setting next_dagrun for example_trigger_target_dag to None, run_after=None
[2024-11-20T14:23:13.877+0000] {processor.py:208} INFO - Processing /home/airflow/.local/lib/python3.12/site-packages/airflow/example_dags/example_trigger_target_dag.py took 0.153 seconds
[2024-11-20T14:23:44.489+0000] {processor.py:186} INFO - Started process (PID=1002) to work on /home/airflow/.local/lib/python3.12/site-packages/airflow/example_dags/example_trigger_target_dag.py
[2024-11-20T14:23:44.490+0000] {processor.py:914} INFO - Processing file /home/airflow/.local/lib/python3.12/site-packages/airflow/example_dags/example_trigger_target_dag.py for tasks to queue
[2024-11-20T14:23:44.496+0000] {logging_mixin.py:190} INFO - [2024-11-20T14:23:44.496+0000] {dagbag.py:588} INFO - Filling up the DagBag from /home/airflow/.local/lib/python3.12/site-packages/airflow/example_dags/example_trigger_target_dag.py
[2024-11-20T14:23:44.509+0000] {processor.py:925} INFO - DAG(s) 'example_trigger_target_dag' retrieved from /home/airflow/.local/lib/python3.12/site-packages/airflow/example_dags/example_trigger_target_dag.py
[2024-11-20T14:23:44.544+0000] {logging_mixin.py:190} INFO - [2024-11-20T14:23:44.544+0000] {dag.py:3239} INFO - Sync 1 DAGs
[2024-11-20T14:23:44.573+0000] {logging_mixin.py:190} INFO - [2024-11-20T14:23:44.572+0000] {dag.py:4180} INFO - Setting next_dagrun for example_trigger_target_dag to None, run_after=None
[2024-11-20T14:23:44.613+0000] {processor.py:208} INFO - Processing /home/airflow/.local/lib/python3.12/site-packages/airflow/example_dags/example_trigger_target_dag.py took 0.137 seconds
[2024-11-20T14:24:16.318+0000] {processor.py:186} INFO - Started process (PID=1075) to work on /home/airflow/.local/lib/python3.12/site-packages/airflow/example_dags/example_trigger_target_dag.py
[2024-11-20T14:24:16.321+0000] {processor.py:914} INFO - Processing file /home/airflow/.local/lib/python3.12/site-packages/airflow/example_dags/example_trigger_target_dag.py for tasks to queue
[2024-11-20T14:24:16.329+0000] {logging_mixin.py:190} INFO - [2024-11-20T14:24:16.328+0000] {dagbag.py:588} INFO - Filling up the DagBag from /home/airflow/.local/lib/python3.12/site-packages/airflow/example_dags/example_trigger_target_dag.py
[2024-11-20T14:24:16.357+0000] {processor.py:925} INFO - DAG(s) 'example_trigger_target_dag' retrieved from /home/airflow/.local/lib/python3.12/site-packages/airflow/example_dags/example_trigger_target_dag.py
[2024-11-20T14:24:16.420+0000] {logging_mixin.py:190} INFO - [2024-11-20T14:24:16.419+0000] {dag.py:3239} INFO - Sync 1 DAGs
[2024-11-20T14:24:16.470+0000] {logging_mixin.py:190} INFO - [2024-11-20T14:24:16.469+0000] {dag.py:4180} INFO - Setting next_dagrun for example_trigger_target_dag to None, run_after=None
[2024-11-20T14:24:16.517+0000] {processor.py:208} INFO - Processing /home/airflow/.local/lib/python3.12/site-packages/airflow/example_dags/example_trigger_target_dag.py took 0.212 seconds
[2024-11-20T14:24:48.620+0000] {processor.py:186} INFO - Started process (PID=1138) to work on /home/airflow/.local/lib/python3.12/site-packages/airflow/example_dags/example_trigger_target_dag.py
[2024-11-20T14:24:48.622+0000] {processor.py:914} INFO - Processing file /home/airflow/.local/lib/python3.12/site-packages/airflow/example_dags/example_trigger_target_dag.py for tasks to queue
[2024-11-20T14:24:48.627+0000] {logging_mixin.py:190} INFO - [2024-11-20T14:24:48.626+0000] {dagbag.py:588} INFO - Filling up the DagBag from /home/airflow/.local/lib/python3.12/site-packages/airflow/example_dags/example_trigger_target_dag.py
[2024-11-20T14:24:48.642+0000] {processor.py:925} INFO - DAG(s) 'example_trigger_target_dag' retrieved from /home/airflow/.local/lib/python3.12/site-packages/airflow/example_dags/example_trigger_target_dag.py
[2024-11-20T14:24:48.672+0000] {logging_mixin.py:190} INFO - [2024-11-20T14:24:48.671+0000] {dag.py:3239} INFO - Sync 1 DAGs
[2024-11-20T14:24:48.695+0000] {logging_mixin.py:190} INFO - [2024-11-20T14:24:48.694+0000] {dag.py:4180} INFO - Setting next_dagrun for example_trigger_target_dag to None, run_after=None
[2024-11-20T14:24:48.734+0000] {processor.py:208} INFO - Processing /home/airflow/.local/lib/python3.12/site-packages/airflow/example_dags/example_trigger_target_dag.py took 0.126 seconds
[2024-11-20T14:25:20.334+0000] {processor.py:186} INFO - Started process (PID=1201) to work on /home/airflow/.local/lib/python3.12/site-packages/airflow/example_dags/example_trigger_target_dag.py
[2024-11-20T14:25:20.338+0000] {processor.py:914} INFO - Processing file /home/airflow/.local/lib/python3.12/site-packages/airflow/example_dags/example_trigger_target_dag.py for tasks to queue
[2024-11-20T14:25:20.345+0000] {logging_mixin.py:190} INFO - [2024-11-20T14:25:20.345+0000] {dagbag.py:588} INFO - Filling up the DagBag from /home/airflow/.local/lib/python3.12/site-packages/airflow/example_dags/example_trigger_target_dag.py
[2024-11-20T14:25:20.362+0000] {processor.py:925} INFO - DAG(s) 'example_trigger_target_dag' retrieved from /home/airflow/.local/lib/python3.12/site-packages/airflow/example_dags/example_trigger_target_dag.py
[2024-11-20T14:25:20.415+0000] {logging_mixin.py:190} INFO - [2024-11-20T14:25:20.414+0000] {dag.py:3239} INFO - Sync 1 DAGs
[2024-11-20T14:25:20.448+0000] {logging_mixin.py:190} INFO - [2024-11-20T14:25:20.447+0000] {dag.py:4180} INFO - Setting next_dagrun for example_trigger_target_dag to None, run_after=None
[2024-11-20T14:25:20.484+0000] {processor.py:208} INFO - Processing /home/airflow/.local/lib/python3.12/site-packages/airflow/example_dags/example_trigger_target_dag.py took 0.164 seconds
[2024-11-20T14:25:52.240+0000] {processor.py:186} INFO - Started process (PID=1264) to work on /home/airflow/.local/lib/python3.12/site-packages/airflow/example_dags/example_trigger_target_dag.py
[2024-11-20T14:25:52.241+0000] {processor.py:914} INFO - Processing file /home/airflow/.local/lib/python3.12/site-packages/airflow/example_dags/example_trigger_target_dag.py for tasks to queue
[2024-11-20T14:25:52.246+0000] {logging_mixin.py:190} INFO - [2024-11-20T14:25:52.245+0000] {dagbag.py:588} INFO - Filling up the DagBag from /home/airflow/.local/lib/python3.12/site-packages/airflow/example_dags/example_trigger_target_dag.py
[2024-11-20T14:25:52.259+0000] {processor.py:925} INFO - DAG(s) 'example_trigger_target_dag' retrieved from /home/airflow/.local/lib/python3.12/site-packages/airflow/example_dags/example_trigger_target_dag.py
[2024-11-20T14:25:52.286+0000] {logging_mixin.py:190} INFO - [2024-11-20T14:25:52.285+0000] {dag.py:3239} INFO - Sync 1 DAGs
[2024-11-20T14:25:52.317+0000] {logging_mixin.py:190} INFO - [2024-11-20T14:25:52.317+0000] {dag.py:4180} INFO - Setting next_dagrun for example_trigger_target_dag to None, run_after=None
[2024-11-20T14:25:52.352+0000] {processor.py:208} INFO - Processing /home/airflow/.local/lib/python3.12/site-packages/airflow/example_dags/example_trigger_target_dag.py took 0.121 seconds
[2024-11-20T14:26:23.894+0000] {processor.py:186} INFO - Started process (PID=1327) to work on /home/airflow/.local/lib/python3.12/site-packages/airflow/example_dags/example_trigger_target_dag.py
[2024-11-20T14:26:23.896+0000] {processor.py:914} INFO - Processing file /home/airflow/.local/lib/python3.12/site-packages/airflow/example_dags/example_trigger_target_dag.py for tasks to queue
[2024-11-20T14:26:23.903+0000] {logging_mixin.py:190} INFO - [2024-11-20T14:26:23.902+0000] {dagbag.py:588} INFO - Filling up the DagBag from /home/airflow/.local/lib/python3.12/site-packages/airflow/example_dags/example_trigger_target_dag.py
[2024-11-20T14:26:23.918+0000] {processor.py:925} INFO - DAG(s) 'example_trigger_target_dag' retrieved from /home/airflow/.local/lib/python3.12/site-packages/airflow/example_dags/example_trigger_target_dag.py
[2024-11-20T14:26:23.959+0000] {logging_mixin.py:190} INFO - [2024-11-20T14:26:23.959+0000] {dag.py:3239} INFO - Sync 1 DAGs
[2024-11-20T14:26:23.994+0000] {logging_mixin.py:190} INFO - [2024-11-20T14:26:23.994+0000] {dag.py:4180} INFO - Setting next_dagrun for example_trigger_target_dag to None, run_after=None
[2024-11-20T14:26:24.041+0000] {processor.py:208} INFO - Processing /home/airflow/.local/lib/python3.12/site-packages/airflow/example_dags/example_trigger_target_dag.py took 0.157 seconds
[2024-11-20T14:26:56.293+0000] {processor.py:186} INFO - Started process (PID=1395) to work on /home/airflow/.local/lib/python3.12/site-packages/airflow/example_dags/example_trigger_target_dag.py
[2024-11-20T14:26:56.294+0000] {processor.py:914} INFO - Processing file /home/airflow/.local/lib/python3.12/site-packages/airflow/example_dags/example_trigger_target_dag.py for tasks to queue
[2024-11-20T14:26:56.298+0000] {logging_mixin.py:190} INFO - [2024-11-20T14:26:56.297+0000] {dagbag.py:588} INFO - Filling up the DagBag from /home/airflow/.local/lib/python3.12/site-packages/airflow/example_dags/example_trigger_target_dag.py
[2024-11-20T14:26:56.309+0000] {processor.py:925} INFO - DAG(s) 'example_trigger_target_dag' retrieved from /home/airflow/.local/lib/python3.12/site-packages/airflow/example_dags/example_trigger_target_dag.py
[2024-11-20T14:26:56.341+0000] {logging_mixin.py:190} INFO - [2024-11-20T14:26:56.340+0000] {dag.py:3239} INFO - Sync 1 DAGs
[2024-11-20T14:26:56.365+0000] {logging_mixin.py:190} INFO - [2024-11-20T14:26:56.364+0000] {dag.py:4180} INFO - Setting next_dagrun for example_trigger_target_dag to None, run_after=None
[2024-11-20T14:26:56.392+0000] {processor.py:208} INFO - Processing /home/airflow/.local/lib/python3.12/site-packages/airflow/example_dags/example_trigger_target_dag.py took 0.107 seconds
[2024-11-20T14:28:14.301+0000] {processor.py:186} INFO - Started process (PID=1459) to work on /home/airflow/.local/lib/python3.12/site-packages/airflow/example_dags/example_trigger_target_dag.py
[2024-11-20T14:28:14.303+0000] {processor.py:914} INFO - Processing file /home/airflow/.local/lib/python3.12/site-packages/airflow/example_dags/example_trigger_target_dag.py for tasks to queue
[2024-11-20T14:28:14.309+0000] {logging_mixin.py:190} INFO - [2024-11-20T14:28:14.308+0000] {dagbag.py:588} INFO - Filling up the DagBag from /home/airflow/.local/lib/python3.12/site-packages/airflow/example_dags/example_trigger_target_dag.py
[2024-11-20T14:28:14.325+0000] {processor.py:925} INFO - DAG(s) 'example_trigger_target_dag' retrieved from /home/airflow/.local/lib/python3.12/site-packages/airflow/example_dags/example_trigger_target_dag.py
[2024-11-20T14:28:14.373+0000] {logging_mixin.py:190} INFO - [2024-11-20T14:28:14.372+0000] {dag.py:3239} INFO - Sync 1 DAGs
[2024-11-20T14:28:14.414+0000] {logging_mixin.py:190} INFO - [2024-11-20T14:28:14.413+0000] {dag.py:4180} INFO - Setting next_dagrun for example_trigger_target_dag to None, run_after=None
[2024-11-20T14:28:14.467+0000] {processor.py:208} INFO - Processing /home/airflow/.local/lib/python3.12/site-packages/airflow/example_dags/example_trigger_target_dag.py took 0.182 seconds
[2024-11-20T14:28:44.674+0000] {processor.py:186} INFO - Started process (PID=1522) to work on /home/airflow/.local/lib/python3.12/site-packages/airflow/example_dags/example_trigger_target_dag.py
[2024-11-20T14:28:44.675+0000] {processor.py:914} INFO - Processing file /home/airflow/.local/lib/python3.12/site-packages/airflow/example_dags/example_trigger_target_dag.py for tasks to queue
[2024-11-20T14:28:44.680+0000] {logging_mixin.py:190} INFO - [2024-11-20T14:28:44.679+0000] {dagbag.py:588} INFO - Filling up the DagBag from /home/airflow/.local/lib/python3.12/site-packages/airflow/example_dags/example_trigger_target_dag.py
[2024-11-20T14:28:44.694+0000] {processor.py:925} INFO - DAG(s) 'example_trigger_target_dag' retrieved from /home/airflow/.local/lib/python3.12/site-packages/airflow/example_dags/example_trigger_target_dag.py
[2024-11-20T14:28:44.727+0000] {logging_mixin.py:190} INFO - [2024-11-20T14:28:44.727+0000] {dag.py:3239} INFO - Sync 1 DAGs
[2024-11-20T14:28:44.754+0000] {logging_mixin.py:190} INFO - [2024-11-20T14:28:44.753+0000] {dag.py:4180} INFO - Setting next_dagrun for example_trigger_target_dag to None, run_after=None
[2024-11-20T14:28:44.804+0000] {processor.py:208} INFO - Processing /home/airflow/.local/lib/python3.12/site-packages/airflow/example_dags/example_trigger_target_dag.py took 0.142 seconds
[2024-11-20T14:29:15.312+0000] {processor.py:186} INFO - Started process (PID=1585) to work on /home/airflow/.local/lib/python3.12/site-packages/airflow/example_dags/example_trigger_target_dag.py
[2024-11-20T14:29:15.313+0000] {processor.py:914} INFO - Processing file /home/airflow/.local/lib/python3.12/site-packages/airflow/example_dags/example_trigger_target_dag.py for tasks to queue
[2024-11-20T14:29:15.318+0000] {logging_mixin.py:190} INFO - [2024-11-20T14:29:15.317+0000] {dagbag.py:588} INFO - Filling up the DagBag from /home/airflow/.local/lib/python3.12/site-packages/airflow/example_dags/example_trigger_target_dag.py
[2024-11-20T14:29:15.329+0000] {processor.py:925} INFO - DAG(s) 'example_trigger_target_dag' retrieved from /home/airflow/.local/lib/python3.12/site-packages/airflow/example_dags/example_trigger_target_dag.py
[2024-11-20T14:29:15.376+0000] {logging_mixin.py:190} INFO - [2024-11-20T14:29:15.376+0000] {dag.py:3239} INFO - Sync 1 DAGs
[2024-11-20T14:29:15.408+0000] {logging_mixin.py:190} INFO - [2024-11-20T14:29:15.408+0000] {dag.py:4180} INFO - Setting next_dagrun for example_trigger_target_dag to None, run_after=None
[2024-11-20T14:29:15.440+0000] {processor.py:208} INFO - Processing /home/airflow/.local/lib/python3.12/site-packages/airflow/example_dags/example_trigger_target_dag.py took 0.139 seconds
[2024-11-20T14:29:46.292+0000] {processor.py:186} INFO - Started process (PID=1647) to work on /home/airflow/.local/lib/python3.12/site-packages/airflow/example_dags/example_trigger_target_dag.py
[2024-11-20T14:29:46.293+0000] {processor.py:914} INFO - Processing file /home/airflow/.local/lib/python3.12/site-packages/airflow/example_dags/example_trigger_target_dag.py for tasks to queue
[2024-11-20T14:29:46.298+0000] {logging_mixin.py:190} INFO - [2024-11-20T14:29:46.297+0000] {dagbag.py:588} INFO - Filling up the DagBag from /home/airflow/.local/lib/python3.12/site-packages/airflow/example_dags/example_trigger_target_dag.py
[2024-11-20T14:29:46.309+0000] {processor.py:925} INFO - DAG(s) 'example_trigger_target_dag' retrieved from /home/airflow/.local/lib/python3.12/site-packages/airflow/example_dags/example_trigger_target_dag.py
[2024-11-20T14:29:46.335+0000] {logging_mixin.py:190} INFO - [2024-11-20T14:29:46.335+0000] {dag.py:3239} INFO - Sync 1 DAGs
[2024-11-20T14:29:46.357+0000] {logging_mixin.py:190} INFO - [2024-11-20T14:29:46.357+0000] {dag.py:4180} INFO - Setting next_dagrun for example_trigger_target_dag to None, run_after=None
[2024-11-20T14:29:46.385+0000] {processor.py:208} INFO - Processing /home/airflow/.local/lib/python3.12/site-packages/airflow/example_dags/example_trigger_target_dag.py took 0.102 seconds
[2024-11-20T14:30:19.892+0000] {processor.py:186} INFO - Started process (PID=1709) to work on /home/airflow/.local/lib/python3.12/site-packages/airflow/example_dags/example_trigger_target_dag.py
[2024-11-20T14:30:19.893+0000] {processor.py:914} INFO - Processing file /home/airflow/.local/lib/python3.12/site-packages/airflow/example_dags/example_trigger_target_dag.py for tasks to queue
[2024-11-20T14:30:19.899+0000] {logging_mixin.py:190} INFO - [2024-11-20T14:30:19.898+0000] {dagbag.py:588} INFO - Filling up the DagBag from /home/airflow/.local/lib/python3.12/site-packages/airflow/example_dags/example_trigger_target_dag.py
[2024-11-20T14:30:19.916+0000] {processor.py:925} INFO - DAG(s) 'example_trigger_target_dag' retrieved from /home/airflow/.local/lib/python3.12/site-packages/airflow/example_dags/example_trigger_target_dag.py
[2024-11-20T14:30:19.986+0000] {logging_mixin.py:190} INFO - [2024-11-20T14:30:19.984+0000] {dag.py:3239} INFO - Sync 1 DAGs
[2024-11-20T14:30:20.034+0000] {logging_mixin.py:190} INFO - [2024-11-20T14:30:20.033+0000] {dag.py:4180} INFO - Setting next_dagrun for example_trigger_target_dag to None, run_after=None
[2024-11-20T14:30:20.081+0000] {processor.py:208} INFO - Processing /home/airflow/.local/lib/python3.12/site-packages/airflow/example_dags/example_trigger_target_dag.py took 0.205 seconds
[2024-11-20T14:30:55.198+0000] {processor.py:186} INFO - Started process (PID=1773) to work on /home/airflow/.local/lib/python3.12/site-packages/airflow/example_dags/example_trigger_target_dag.py
[2024-11-20T14:30:55.200+0000] {processor.py:914} INFO - Processing file /home/airflow/.local/lib/python3.12/site-packages/airflow/example_dags/example_trigger_target_dag.py for tasks to queue
[2024-11-20T14:30:55.209+0000] {logging_mixin.py:190} INFO - [2024-11-20T14:30:55.208+0000] {dagbag.py:588} INFO - Filling up the DagBag from /home/airflow/.local/lib/python3.12/site-packages/airflow/example_dags/example_trigger_target_dag.py
[2024-11-20T14:30:55.227+0000] {processor.py:925} INFO - DAG(s) 'example_trigger_target_dag' retrieved from /home/airflow/.local/lib/python3.12/site-packages/airflow/example_dags/example_trigger_target_dag.py
[2024-11-20T14:30:55.269+0000] {logging_mixin.py:190} INFO - [2024-11-20T14:30:55.268+0000] {dag.py:3239} INFO - Sync 1 DAGs
[2024-11-20T14:30:55.304+0000] {logging_mixin.py:190} INFO - [2024-11-20T14:30:55.304+0000] {dag.py:4180} INFO - Setting next_dagrun for example_trigger_target_dag to None, run_after=None
[2024-11-20T14:30:55.362+0000] {processor.py:208} INFO - Processing /home/airflow/.local/lib/python3.12/site-packages/airflow/example_dags/example_trigger_target_dag.py took 0.180 seconds
[2024-11-20T14:31:27.837+0000] {processor.py:186} INFO - Started process (PID=1836) to work on /home/airflow/.local/lib/python3.12/site-packages/airflow/example_dags/example_trigger_target_dag.py
[2024-11-20T14:31:27.839+0000] {processor.py:914} INFO - Processing file /home/airflow/.local/lib/python3.12/site-packages/airflow/example_dags/example_trigger_target_dag.py for tasks to queue
[2024-11-20T14:31:27.845+0000] {logging_mixin.py:190} INFO - [2024-11-20T14:31:27.844+0000] {dagbag.py:588} INFO - Filling up the DagBag from /home/airflow/.local/lib/python3.12/site-packages/airflow/example_dags/example_trigger_target_dag.py
[2024-11-20T14:31:27.863+0000] {processor.py:925} INFO - DAG(s) 'example_trigger_target_dag' retrieved from /home/airflow/.local/lib/python3.12/site-packages/airflow/example_dags/example_trigger_target_dag.py
[2024-11-20T14:31:27.905+0000] {logging_mixin.py:190} INFO - [2024-11-20T14:31:27.904+0000] {dag.py:3239} INFO - Sync 1 DAGs
[2024-11-20T14:31:27.929+0000] {logging_mixin.py:190} INFO - [2024-11-20T14:31:27.929+0000] {dag.py:4180} INFO - Setting next_dagrun for example_trigger_target_dag to None, run_after=None
[2024-11-20T14:31:27.960+0000] {processor.py:208} INFO - Processing /home/airflow/.local/lib/python3.12/site-packages/airflow/example_dags/example_trigger_target_dag.py took 0.138 seconds
[2024-11-20T14:32:01.422+0000] {processor.py:186} INFO - Started process (PID=1899) to work on /home/airflow/.local/lib/python3.12/site-packages/airflow/example_dags/example_trigger_target_dag.py
[2024-11-20T14:32:01.424+0000] {processor.py:914} INFO - Processing file /home/airflow/.local/lib/python3.12/site-packages/airflow/example_dags/example_trigger_target_dag.py for tasks to queue
[2024-11-20T14:32:01.436+0000] {logging_mixin.py:190} INFO - [2024-11-20T14:32:01.436+0000] {dagbag.py:588} INFO - Filling up the DagBag from /home/airflow/.local/lib/python3.12/site-packages/airflow/example_dags/example_trigger_target_dag.py
[2024-11-20T14:32:01.484+0000] {processor.py:925} INFO - DAG(s) 'example_trigger_target_dag' retrieved from /home/airflow/.local/lib/python3.12/site-packages/airflow/example_dags/example_trigger_target_dag.py
[2024-11-20T14:32:01.554+0000] {logging_mixin.py:190} INFO - [2024-11-20T14:32:01.554+0000] {dag.py:3239} INFO - Sync 1 DAGs
[2024-11-20T14:32:01.597+0000] {logging_mixin.py:190} INFO - [2024-11-20T14:32:01.595+0000] {dag.py:4180} INFO - Setting next_dagrun for example_trigger_target_dag to None, run_after=None
[2024-11-20T14:32:01.658+0000] {processor.py:208} INFO - Processing /home/airflow/.local/lib/python3.12/site-packages/airflow/example_dags/example_trigger_target_dag.py took 0.265 seconds
[2024-11-20T14:32:32.146+0000] {processor.py:186} INFO - Started process (PID=1962) to work on /home/airflow/.local/lib/python3.12/site-packages/airflow/example_dags/example_trigger_target_dag.py
[2024-11-20T14:32:32.150+0000] {processor.py:914} INFO - Processing file /home/airflow/.local/lib/python3.12/site-packages/airflow/example_dags/example_trigger_target_dag.py for tasks to queue
[2024-11-20T14:32:32.159+0000] {logging_mixin.py:190} INFO - [2024-11-20T14:32:32.158+0000] {dagbag.py:588} INFO - Filling up the DagBag from /home/airflow/.local/lib/python3.12/site-packages/airflow/example_dags/example_trigger_target_dag.py
[2024-11-20T14:32:32.180+0000] {processor.py:925} INFO - DAG(s) 'example_trigger_target_dag' retrieved from /home/airflow/.local/lib/python3.12/site-packages/airflow/example_dags/example_trigger_target_dag.py
[2024-11-20T14:32:32.232+0000] {logging_mixin.py:190} INFO - [2024-11-20T14:32:32.231+0000] {dag.py:3239} INFO - Sync 1 DAGs
[2024-11-20T14:32:32.280+0000] {logging_mixin.py:190} INFO - [2024-11-20T14:32:32.280+0000] {dag.py:4180} INFO - Setting next_dagrun for example_trigger_target_dag to None, run_after=None
[2024-11-20T14:32:32.343+0000] {processor.py:208} INFO - Processing /home/airflow/.local/lib/python3.12/site-packages/airflow/example_dags/example_trigger_target_dag.py took 0.213 seconds
[2024-11-20T14:33:02.556+0000] {processor.py:186} INFO - Started process (PID=2024) to work on /home/airflow/.local/lib/python3.12/site-packages/airflow/example_dags/example_trigger_target_dag.py
[2024-11-20T14:33:02.558+0000] {processor.py:914} INFO - Processing file /home/airflow/.local/lib/python3.12/site-packages/airflow/example_dags/example_trigger_target_dag.py for tasks to queue
[2024-11-20T14:33:02.563+0000] {logging_mixin.py:190} INFO - [2024-11-20T14:33:02.562+0000] {dagbag.py:588} INFO - Filling up the DagBag from /home/airflow/.local/lib/python3.12/site-packages/airflow/example_dags/example_trigger_target_dag.py
[2024-11-20T14:33:02.575+0000] {processor.py:925} INFO - DAG(s) 'example_trigger_target_dag' retrieved from /home/airflow/.local/lib/python3.12/site-packages/airflow/example_dags/example_trigger_target_dag.py
[2024-11-20T14:33:02.603+0000] {logging_mixin.py:190} INFO - [2024-11-20T14:33:02.603+0000] {dag.py:3239} INFO - Sync 1 DAGs
[2024-11-20T14:33:02.628+0000] {logging_mixin.py:190} INFO - [2024-11-20T14:33:02.627+0000] {dag.py:4180} INFO - Setting next_dagrun for example_trigger_target_dag to None, run_after=None
[2024-11-20T14:33:02.663+0000] {processor.py:208} INFO - Processing /home/airflow/.local/lib/python3.12/site-packages/airflow/example_dags/example_trigger_target_dag.py took 0.118 seconds
[2024-11-20T14:33:33.553+0000] {processor.py:186} INFO - Started process (PID=2087) to work on /home/airflow/.local/lib/python3.12/site-packages/airflow/example_dags/example_trigger_target_dag.py
[2024-11-20T14:33:33.555+0000] {processor.py:914} INFO - Processing file /home/airflow/.local/lib/python3.12/site-packages/airflow/example_dags/example_trigger_target_dag.py for tasks to queue
[2024-11-20T14:33:33.559+0000] {logging_mixin.py:190} INFO - [2024-11-20T14:33:33.559+0000] {dagbag.py:588} INFO - Filling up the DagBag from /home/airflow/.local/lib/python3.12/site-packages/airflow/example_dags/example_trigger_target_dag.py
[2024-11-20T14:33:33.571+0000] {processor.py:925} INFO - DAG(s) 'example_trigger_target_dag' retrieved from /home/airflow/.local/lib/python3.12/site-packages/airflow/example_dags/example_trigger_target_dag.py
[2024-11-20T14:33:33.600+0000] {logging_mixin.py:190} INFO - [2024-11-20T14:33:33.599+0000] {dag.py:3239} INFO - Sync 1 DAGs
[2024-11-20T14:33:33.624+0000] {logging_mixin.py:190} INFO - [2024-11-20T14:33:33.624+0000] {dag.py:4180} INFO - Setting next_dagrun for example_trigger_target_dag to None, run_after=None
[2024-11-20T14:33:33.655+0000] {processor.py:208} INFO - Processing /home/airflow/.local/lib/python3.12/site-packages/airflow/example_dags/example_trigger_target_dag.py took 0.111 seconds
[2024-11-20T14:34:04.230+0000] {processor.py:186} INFO - Started process (PID=2149) to work on /home/airflow/.local/lib/python3.12/site-packages/airflow/example_dags/example_trigger_target_dag.py
[2024-11-20T14:34:04.232+0000] {processor.py:914} INFO - Processing file /home/airflow/.local/lib/python3.12/site-packages/airflow/example_dags/example_trigger_target_dag.py for tasks to queue
[2024-11-20T14:34:04.235+0000] {logging_mixin.py:190} INFO - [2024-11-20T14:34:04.235+0000] {dagbag.py:588} INFO - Filling up the DagBag from /home/airflow/.local/lib/python3.12/site-packages/airflow/example_dags/example_trigger_target_dag.py
[2024-11-20T14:34:04.248+0000] {processor.py:925} INFO - DAG(s) 'example_trigger_target_dag' retrieved from /home/airflow/.local/lib/python3.12/site-packages/airflow/example_dags/example_trigger_target_dag.py
[2024-11-20T14:34:04.282+0000] {logging_mixin.py:190} INFO - [2024-11-20T14:34:04.281+0000] {dag.py:3239} INFO - Sync 1 DAGs
[2024-11-20T14:34:04.314+0000] {logging_mixin.py:190} INFO - [2024-11-20T14:34:04.314+0000] {dag.py:4180} INFO - Setting next_dagrun for example_trigger_target_dag to None, run_after=None
[2024-11-20T14:34:04.355+0000] {processor.py:208} INFO - Processing /home/airflow/.local/lib/python3.12/site-packages/airflow/example_dags/example_trigger_target_dag.py took 0.137 seconds
[2024-11-20T14:34:34.558+0000] {processor.py:186} INFO - Started process (PID=2212) to work on /home/airflow/.local/lib/python3.12/site-packages/airflow/example_dags/example_trigger_target_dag.py
[2024-11-20T14:34:34.560+0000] {processor.py:914} INFO - Processing file /home/airflow/.local/lib/python3.12/site-packages/airflow/example_dags/example_trigger_target_dag.py for tasks to queue
[2024-11-20T14:34:34.564+0000] {logging_mixin.py:190} INFO - [2024-11-20T14:34:34.563+0000] {dagbag.py:588} INFO - Filling up the DagBag from /home/airflow/.local/lib/python3.12/site-packages/airflow/example_dags/example_trigger_target_dag.py
[2024-11-20T14:34:34.576+0000] {processor.py:925} INFO - DAG(s) 'example_trigger_target_dag' retrieved from /home/airflow/.local/lib/python3.12/site-packages/airflow/example_dags/example_trigger_target_dag.py
[2024-11-20T14:34:34.606+0000] {logging_mixin.py:190} INFO - [2024-11-20T14:34:34.606+0000] {dag.py:3239} INFO - Sync 1 DAGs
[2024-11-20T14:34:34.630+0000] {logging_mixin.py:190} INFO - [2024-11-20T14:34:34.630+0000] {dag.py:4180} INFO - Setting next_dagrun for example_trigger_target_dag to None, run_after=None
[2024-11-20T14:34:34.660+0000] {processor.py:208} INFO - Processing /home/airflow/.local/lib/python3.12/site-packages/airflow/example_dags/example_trigger_target_dag.py took 0.112 seconds
[2024-11-20T14:35:05.311+0000] {processor.py:186} INFO - Started process (PID=2275) to work on /home/airflow/.local/lib/python3.12/site-packages/airflow/example_dags/example_trigger_target_dag.py
[2024-11-20T14:35:05.314+0000] {processor.py:914} INFO - Processing file /home/airflow/.local/lib/python3.12/site-packages/airflow/example_dags/example_trigger_target_dag.py for tasks to queue
[2024-11-20T14:35:05.320+0000] {logging_mixin.py:190} INFO - [2024-11-20T14:35:05.319+0000] {dagbag.py:588} INFO - Filling up the DagBag from /home/airflow/.local/lib/python3.12/site-packages/airflow/example_dags/example_trigger_target_dag.py
[2024-11-20T14:35:05.337+0000] {processor.py:925} INFO - DAG(s) 'example_trigger_target_dag' retrieved from /home/airflow/.local/lib/python3.12/site-packages/airflow/example_dags/example_trigger_target_dag.py
[2024-11-20T14:35:05.379+0000] {logging_mixin.py:190} INFO - [2024-11-20T14:35:05.379+0000] {dag.py:3239} INFO - Sync 1 DAGs
[2024-11-20T14:35:05.404+0000] {logging_mixin.py:190} INFO - [2024-11-20T14:35:05.403+0000] {dag.py:4180} INFO - Setting next_dagrun for example_trigger_target_dag to None, run_after=None
[2024-11-20T14:35:05.431+0000] {processor.py:208} INFO - Processing /home/airflow/.local/lib/python3.12/site-packages/airflow/example_dags/example_trigger_target_dag.py took 0.141 seconds
[2024-11-20T14:35:35.902+0000] {processor.py:186} INFO - Started process (PID=2337) to work on /home/airflow/.local/lib/python3.12/site-packages/airflow/example_dags/example_trigger_target_dag.py
[2024-11-20T14:35:35.904+0000] {processor.py:914} INFO - Processing file /home/airflow/.local/lib/python3.12/site-packages/airflow/example_dags/example_trigger_target_dag.py for tasks to queue
[2024-11-20T14:35:35.910+0000] {logging_mixin.py:190} INFO - [2024-11-20T14:35:35.909+0000] {dagbag.py:588} INFO - Filling up the DagBag from /home/airflow/.local/lib/python3.12/site-packages/airflow/example_dags/example_trigger_target_dag.py
[2024-11-20T14:35:35.921+0000] {processor.py:925} INFO - DAG(s) 'example_trigger_target_dag' retrieved from /home/airflow/.local/lib/python3.12/site-packages/airflow/example_dags/example_trigger_target_dag.py
[2024-11-20T14:35:35.951+0000] {logging_mixin.py:190} INFO - [2024-11-20T14:35:35.951+0000] {dag.py:3239} INFO - Sync 1 DAGs
[2024-11-20T14:35:35.987+0000] {logging_mixin.py:190} INFO - [2024-11-20T14:35:35.986+0000] {dag.py:4180} INFO - Setting next_dagrun for example_trigger_target_dag to None, run_after=None
[2024-11-20T14:35:36.023+0000] {processor.py:208} INFO - Processing /home/airflow/.local/lib/python3.12/site-packages/airflow/example_dags/example_trigger_target_dag.py took 0.132 seconds
[2024-11-20T14:36:07.149+0000] {processor.py:186} INFO - Started process (PID=2400) to work on /home/airflow/.local/lib/python3.12/site-packages/airflow/example_dags/example_trigger_target_dag.py
[2024-11-20T14:36:07.150+0000] {processor.py:914} INFO - Processing file /home/airflow/.local/lib/python3.12/site-packages/airflow/example_dags/example_trigger_target_dag.py for tasks to queue
[2024-11-20T14:36:07.155+0000] {logging_mixin.py:190} INFO - [2024-11-20T14:36:07.155+0000] {dagbag.py:588} INFO - Filling up the DagBag from /home/airflow/.local/lib/python3.12/site-packages/airflow/example_dags/example_trigger_target_dag.py
[2024-11-20T14:36:07.172+0000] {processor.py:925} INFO - DAG(s) 'example_trigger_target_dag' retrieved from /home/airflow/.local/lib/python3.12/site-packages/airflow/example_dags/example_trigger_target_dag.py
[2024-11-20T14:36:07.221+0000] {logging_mixin.py:190} INFO - [2024-11-20T14:36:07.221+0000] {dag.py:3239} INFO - Sync 1 DAGs
[2024-11-20T14:36:07.273+0000] {logging_mixin.py:190} INFO - [2024-11-20T14:36:07.272+0000] {dag.py:4180} INFO - Setting next_dagrun for example_trigger_target_dag to None, run_after=None
[2024-11-20T14:36:07.319+0000] {processor.py:208} INFO - Processing /home/airflow/.local/lib/python3.12/site-packages/airflow/example_dags/example_trigger_target_dag.py took 0.185 seconds
[2024-11-20T14:36:38.464+0000] {processor.py:186} INFO - Started process (PID=2463) to work on /home/airflow/.local/lib/python3.12/site-packages/airflow/example_dags/example_trigger_target_dag.py
[2024-11-20T14:36:38.465+0000] {processor.py:914} INFO - Processing file /home/airflow/.local/lib/python3.12/site-packages/airflow/example_dags/example_trigger_target_dag.py for tasks to queue
[2024-11-20T14:36:38.469+0000] {logging_mixin.py:190} INFO - [2024-11-20T14:36:38.468+0000] {dagbag.py:588} INFO - Filling up the DagBag from /home/airflow/.local/lib/python3.12/site-packages/airflow/example_dags/example_trigger_target_dag.py
[2024-11-20T14:36:38.481+0000] {processor.py:925} INFO - DAG(s) 'example_trigger_target_dag' retrieved from /home/airflow/.local/lib/python3.12/site-packages/airflow/example_dags/example_trigger_target_dag.py
[2024-11-20T14:36:38.512+0000] {logging_mixin.py:190} INFO - [2024-11-20T14:36:38.512+0000] {dag.py:3239} INFO - Sync 1 DAGs
[2024-11-20T14:36:38.539+0000] {logging_mixin.py:190} INFO - [2024-11-20T14:36:38.538+0000] {dag.py:4180} INFO - Setting next_dagrun for example_trigger_target_dag to None, run_after=None
[2024-11-20T14:36:38.572+0000] {processor.py:208} INFO - Processing /home/airflow/.local/lib/python3.12/site-packages/airflow/example_dags/example_trigger_target_dag.py took 0.117 seconds
[2024-11-20T14:37:10.379+0000] {processor.py:186} INFO - Started process (PID=2526) to work on /home/airflow/.local/lib/python3.12/site-packages/airflow/example_dags/example_trigger_target_dag.py
[2024-11-20T14:37:10.380+0000] {processor.py:914} INFO - Processing file /home/airflow/.local/lib/python3.12/site-packages/airflow/example_dags/example_trigger_target_dag.py for tasks to queue
[2024-11-20T14:37:10.384+0000] {logging_mixin.py:190} INFO - [2024-11-20T14:37:10.384+0000] {dagbag.py:588} INFO - Filling up the DagBag from /home/airflow/.local/lib/python3.12/site-packages/airflow/example_dags/example_trigger_target_dag.py
[2024-11-20T14:37:10.399+0000] {processor.py:925} INFO - DAG(s) 'example_trigger_target_dag' retrieved from /home/airflow/.local/lib/python3.12/site-packages/airflow/example_dags/example_trigger_target_dag.py
[2024-11-20T14:37:10.436+0000] {logging_mixin.py:190} INFO - [2024-11-20T14:37:10.435+0000] {dag.py:3239} INFO - Sync 1 DAGs
[2024-11-20T14:37:10.466+0000] {logging_mixin.py:190} INFO - [2024-11-20T14:37:10.466+0000] {dag.py:4180} INFO - Setting next_dagrun for example_trigger_target_dag to None, run_after=None
[2024-11-20T14:37:10.498+0000] {processor.py:208} INFO - Processing /home/airflow/.local/lib/python3.12/site-packages/airflow/example_dags/example_trigger_target_dag.py took 0.132 seconds
[2024-11-20T14:37:41.648+0000] {processor.py:186} INFO - Started process (PID=2588) to work on /home/airflow/.local/lib/python3.12/site-packages/airflow/example_dags/example_trigger_target_dag.py
[2024-11-20T14:37:41.649+0000] {processor.py:914} INFO - Processing file /home/airflow/.local/lib/python3.12/site-packages/airflow/example_dags/example_trigger_target_dag.py for tasks to queue
[2024-11-20T14:37:41.655+0000] {logging_mixin.py:190} INFO - [2024-11-20T14:37:41.655+0000] {dagbag.py:588} INFO - Filling up the DagBag from /home/airflow/.local/lib/python3.12/site-packages/airflow/example_dags/example_trigger_target_dag.py
[2024-11-20T14:37:41.671+0000] {processor.py:925} INFO - DAG(s) 'example_trigger_target_dag' retrieved from /home/airflow/.local/lib/python3.12/site-packages/airflow/example_dags/example_trigger_target_dag.py
[2024-11-20T14:37:41.716+0000] {logging_mixin.py:190} INFO - [2024-11-20T14:37:41.715+0000] {dag.py:3239} INFO - Sync 1 DAGs
[2024-11-20T14:37:41.787+0000] {logging_mixin.py:190} INFO - [2024-11-20T14:37:41.786+0000] {dag.py:4180} INFO - Setting next_dagrun for example_trigger_target_dag to None, run_after=None
[2024-11-20T14:37:41.843+0000] {processor.py:208} INFO - Processing /home/airflow/.local/lib/python3.12/site-packages/airflow/example_dags/example_trigger_target_dag.py took 0.207 seconds
[2024-11-20T14:38:13.305+0000] {processor.py:186} INFO - Started process (PID=2650) to work on /home/airflow/.local/lib/python3.12/site-packages/airflow/example_dags/example_trigger_target_dag.py
[2024-11-20T14:38:13.306+0000] {processor.py:914} INFO - Processing file /home/airflow/.local/lib/python3.12/site-packages/airflow/example_dags/example_trigger_target_dag.py for tasks to queue
[2024-11-20T14:38:13.311+0000] {logging_mixin.py:190} INFO - [2024-11-20T14:38:13.310+0000] {dagbag.py:588} INFO - Filling up the DagBag from /home/airflow/.local/lib/python3.12/site-packages/airflow/example_dags/example_trigger_target_dag.py
[2024-11-20T14:38:13.327+0000] {processor.py:925} INFO - DAG(s) 'example_trigger_target_dag' retrieved from /home/airflow/.local/lib/python3.12/site-packages/airflow/example_dags/example_trigger_target_dag.py
[2024-11-20T14:38:13.360+0000] {logging_mixin.py:190} INFO - [2024-11-20T14:38:13.360+0000] {dag.py:3239} INFO - Sync 1 DAGs
[2024-11-20T14:38:13.393+0000] {logging_mixin.py:190} INFO - [2024-11-20T14:38:13.392+0000] {dag.py:4180} INFO - Setting next_dagrun for example_trigger_target_dag to None, run_after=None
[2024-11-20T14:38:13.426+0000] {processor.py:208} INFO - Processing /home/airflow/.local/lib/python3.12/site-packages/airflow/example_dags/example_trigger_target_dag.py took 0.134 seconds
