[2024-11-20T14:16:02.539+0000] {processor.py:186} INFO - Started process (PID=78) to work on /home/airflow/.local/lib/python3.12/site-packages/airflow/example_dags/example_branch_day_of_week_operator.py
[2024-11-20T14:16:02.540+0000] {processor.py:914} INFO - Processing file /home/airflow/.local/lib/python3.12/site-packages/airflow/example_dags/example_branch_day_of_week_operator.py for tasks to queue
[2024-11-20T14:16:02.545+0000] {logging_mixin.py:190} INFO - [2024-11-20T14:16:02.544+0000] {dagbag.py:588} INFO - Filling up the DagBag from /home/airflow/.local/lib/python3.12/site-packages/airflow/example_dags/example_branch_day_of_week_operator.py
[2024-11-20T14:16:02.695+0000] {processor.py:925} INFO - DAG(s) 'example_weekday_branch_operator' retrieved from /home/airflow/.local/lib/python3.12/site-packages/airflow/example_dags/example_branch_day_of_week_operator.py
[2024-11-20T14:16:03.374+0000] {logging_mixin.py:190} INFO - [2024-11-20T14:16:03.372+0000] {override.py:1911} INFO - Created Permission View: can delete on DAG:example_weekday_branch_operator
[2024-11-20T14:16:03.446+0000] {logging_mixin.py:190} INFO - [2024-11-20T14:16:03.445+0000] {override.py:1911} INFO - Created Permission View: can read on DAG:example_weekday_branch_operator
[2024-11-20T14:16:03.512+0000] {logging_mixin.py:190} INFO - [2024-11-20T14:16:03.511+0000] {override.py:1911} INFO - Created Permission View: can edit on DAG:example_weekday_branch_operator
[2024-11-20T14:16:03.582+0000] {logging_mixin.py:190} INFO - [2024-11-20T14:16:03.582+0000] {override.py:1911} INFO - Created Permission View: can delete on DAG Run:example_weekday_branch_operator
[2024-11-20T14:16:03.613+0000] {logging_mixin.py:190} INFO - [2024-11-20T14:16:03.611+0000] {override.py:1911} INFO - Created Permission View: menu access on DAG Run:example_weekday_branch_operator
[2024-11-20T14:16:03.638+0000] {logging_mixin.py:190} INFO - [2024-11-20T14:16:03.637+0000] {override.py:1911} INFO - Created Permission View: can read on DAG Run:example_weekday_branch_operator
[2024-11-20T14:16:03.667+0000] {logging_mixin.py:190} INFO - [2024-11-20T14:16:03.666+0000] {override.py:1911} INFO - Created Permission View: can create on DAG Run:example_weekday_branch_operator
[2024-11-20T14:16:03.670+0000] {logging_mixin.py:190} INFO - [2024-11-20T14:16:03.669+0000] {dag.py:3239} INFO - Sync 1 DAGs
[2024-11-20T14:16:03.733+0000] {logging_mixin.py:190} INFO - [2024-11-20T14:16:03.732+0000] {dag.py:3262} INFO - Creating ORM DAG for example_weekday_branch_operator
[2024-11-20T14:16:03.781+0000] {logging_mixin.py:190} INFO - [2024-11-20T14:16:03.780+0000] {dag.py:4180} INFO - Setting next_dagrun for example_weekday_branch_operator to 2024-11-19 00:00:00+00:00, run_after=2024-11-20 00:00:00+00:00
[2024-11-20T14:16:03.815+0000] {processor.py:208} INFO - Processing /home/airflow/.local/lib/python3.12/site-packages/airflow/example_dags/example_branch_day_of_week_operator.py took 1.290 seconds
[2024-11-20T14:16:34.018+0000] {processor.py:186} INFO - Started process (PID=139) to work on /home/airflow/.local/lib/python3.12/site-packages/airflow/example_dags/example_branch_day_of_week_operator.py
[2024-11-20T14:16:34.019+0000] {processor.py:914} INFO - Processing file /home/airflow/.local/lib/python3.12/site-packages/airflow/example_dags/example_branch_day_of_week_operator.py for tasks to queue
[2024-11-20T14:16:34.022+0000] {logging_mixin.py:190} INFO - [2024-11-20T14:16:34.021+0000] {dagbag.py:588} INFO - Filling up the DagBag from /home/airflow/.local/lib/python3.12/site-packages/airflow/example_dags/example_branch_day_of_week_operator.py
[2024-11-20T14:16:34.037+0000] {processor.py:925} INFO - DAG(s) 'example_weekday_branch_operator' retrieved from /home/airflow/.local/lib/python3.12/site-packages/airflow/example_dags/example_branch_day_of_week_operator.py
[2024-11-20T14:16:34.069+0000] {logging_mixin.py:190} INFO - [2024-11-20T14:16:34.068+0000] {dag.py:3239} INFO - Sync 1 DAGs
[2024-11-20T14:16:34.121+0000] {logging_mixin.py:190} INFO - [2024-11-20T14:16:34.120+0000] {dag.py:4180} INFO - Setting next_dagrun for example_weekday_branch_operator to 2024-11-19 00:00:00+00:00, run_after=2024-11-20 00:00:00+00:00
[2024-11-20T14:16:34.159+0000] {processor.py:208} INFO - Processing /home/airflow/.local/lib/python3.12/site-packages/airflow/example_dags/example_branch_day_of_week_operator.py took 0.150 seconds
[2024-11-20T14:17:04.455+0000] {processor.py:186} INFO - Started process (PID=203) to work on /home/airflow/.local/lib/python3.12/site-packages/airflow/example_dags/example_branch_day_of_week_operator.py
[2024-11-20T14:17:04.458+0000] {processor.py:914} INFO - Processing file /home/airflow/.local/lib/python3.12/site-packages/airflow/example_dags/example_branch_day_of_week_operator.py for tasks to queue
[2024-11-20T14:17:04.467+0000] {logging_mixin.py:190} INFO - [2024-11-20T14:17:04.466+0000] {dagbag.py:588} INFO - Filling up the DagBag from /home/airflow/.local/lib/python3.12/site-packages/airflow/example_dags/example_branch_day_of_week_operator.py
[2024-11-20T14:17:04.488+0000] {processor.py:925} INFO - DAG(s) 'example_weekday_branch_operator' retrieved from /home/airflow/.local/lib/python3.12/site-packages/airflow/example_dags/example_branch_day_of_week_operator.py
[2024-11-20T14:17:04.536+0000] {logging_mixin.py:190} INFO - [2024-11-20T14:17:04.535+0000] {dag.py:3239} INFO - Sync 1 DAGs
[2024-11-20T14:17:04.590+0000] {logging_mixin.py:190} INFO - [2024-11-20T14:17:04.590+0000] {dag.py:4180} INFO - Setting next_dagrun for example_weekday_branch_operator to 2024-11-19 00:00:00+00:00, run_after=2024-11-20 00:00:00+00:00
[2024-11-20T14:17:04.631+0000] {processor.py:208} INFO - Processing /home/airflow/.local/lib/python3.12/site-packages/airflow/example_dags/example_branch_day_of_week_operator.py took 0.187 seconds
[2024-11-20T14:17:34.796+0000] {processor.py:186} INFO - Started process (PID=266) to work on /home/airflow/.local/lib/python3.12/site-packages/airflow/example_dags/example_branch_day_of_week_operator.py
[2024-11-20T14:17:34.798+0000] {processor.py:914} INFO - Processing file /home/airflow/.local/lib/python3.12/site-packages/airflow/example_dags/example_branch_day_of_week_operator.py for tasks to queue
[2024-11-20T14:17:34.802+0000] {logging_mixin.py:190} INFO - [2024-11-20T14:17:34.801+0000] {dagbag.py:588} INFO - Filling up the DagBag from /home/airflow/.local/lib/python3.12/site-packages/airflow/example_dags/example_branch_day_of_week_operator.py
[2024-11-20T14:17:34.818+0000] {processor.py:925} INFO - DAG(s) 'example_weekday_branch_operator' retrieved from /home/airflow/.local/lib/python3.12/site-packages/airflow/example_dags/example_branch_day_of_week_operator.py
[2024-11-20T14:17:34.851+0000] {logging_mixin.py:190} INFO - [2024-11-20T14:17:34.851+0000] {dag.py:3239} INFO - Sync 1 DAGs
[2024-11-20T14:17:34.894+0000] {logging_mixin.py:190} INFO - [2024-11-20T14:17:34.894+0000] {dag.py:4180} INFO - Setting next_dagrun for example_weekday_branch_operator to 2024-11-19 00:00:00+00:00, run_after=2024-11-20 00:00:00+00:00
[2024-11-20T14:17:34.924+0000] {processor.py:208} INFO - Processing /home/airflow/.local/lib/python3.12/site-packages/airflow/example_dags/example_branch_day_of_week_operator.py took 0.140 seconds
[2024-11-20T14:18:05.489+0000] {processor.py:186} INFO - Started process (PID=329) to work on /home/airflow/.local/lib/python3.12/site-packages/airflow/example_dags/example_branch_day_of_week_operator.py
[2024-11-20T14:18:05.491+0000] {processor.py:914} INFO - Processing file /home/airflow/.local/lib/python3.12/site-packages/airflow/example_dags/example_branch_day_of_week_operator.py for tasks to queue
[2024-11-20T14:18:05.494+0000] {logging_mixin.py:190} INFO - [2024-11-20T14:18:05.494+0000] {dagbag.py:588} INFO - Filling up the DagBag from /home/airflow/.local/lib/python3.12/site-packages/airflow/example_dags/example_branch_day_of_week_operator.py
[2024-11-20T14:18:05.508+0000] {processor.py:925} INFO - DAG(s) 'example_weekday_branch_operator' retrieved from /home/airflow/.local/lib/python3.12/site-packages/airflow/example_dags/example_branch_day_of_week_operator.py
[2024-11-20T14:18:05.543+0000] {logging_mixin.py:190} INFO - [2024-11-20T14:18:05.543+0000] {dag.py:3239} INFO - Sync 1 DAGs
[2024-11-20T14:18:05.595+0000] {logging_mixin.py:190} INFO - [2024-11-20T14:18:05.594+0000] {dag.py:4180} INFO - Setting next_dagrun for example_weekday_branch_operator to 2024-11-19 00:00:00+00:00, run_after=2024-11-20 00:00:00+00:00
[2024-11-20T14:18:05.625+0000] {processor.py:208} INFO - Processing /home/airflow/.local/lib/python3.12/site-packages/airflow/example_dags/example_branch_day_of_week_operator.py took 0.145 seconds
[2024-11-20T14:18:35.974+0000] {processor.py:186} INFO - Started process (PID=392) to work on /home/airflow/.local/lib/python3.12/site-packages/airflow/example_dags/example_branch_day_of_week_operator.py
[2024-11-20T14:18:35.976+0000] {processor.py:914} INFO - Processing file /home/airflow/.local/lib/python3.12/site-packages/airflow/example_dags/example_branch_day_of_week_operator.py for tasks to queue
[2024-11-20T14:18:35.979+0000] {logging_mixin.py:190} INFO - [2024-11-20T14:18:35.979+0000] {dagbag.py:588} INFO - Filling up the DagBag from /home/airflow/.local/lib/python3.12/site-packages/airflow/example_dags/example_branch_day_of_week_operator.py
[2024-11-20T14:18:35.993+0000] {processor.py:925} INFO - DAG(s) 'example_weekday_branch_operator' retrieved from /home/airflow/.local/lib/python3.12/site-packages/airflow/example_dags/example_branch_day_of_week_operator.py
[2024-11-20T14:18:36.024+0000] {logging_mixin.py:190} INFO - [2024-11-20T14:18:36.024+0000] {dag.py:3239} INFO - Sync 1 DAGs
[2024-11-20T14:18:36.062+0000] {logging_mixin.py:190} INFO - [2024-11-20T14:18:36.061+0000] {dag.py:4180} INFO - Setting next_dagrun for example_weekday_branch_operator to 2024-11-19 00:00:00+00:00, run_after=2024-11-20 00:00:00+00:00
[2024-11-20T14:18:36.087+0000] {processor.py:208} INFO - Processing /home/airflow/.local/lib/python3.12/site-packages/airflow/example_dags/example_branch_day_of_week_operator.py took 0.123 seconds
[2024-11-20T14:19:06.989+0000] {processor.py:186} INFO - Started process (PID=455) to work on /home/airflow/.local/lib/python3.12/site-packages/airflow/example_dags/example_branch_day_of_week_operator.py
[2024-11-20T14:19:06.990+0000] {processor.py:914} INFO - Processing file /home/airflow/.local/lib/python3.12/site-packages/airflow/example_dags/example_branch_day_of_week_operator.py for tasks to queue
[2024-11-20T14:19:06.994+0000] {logging_mixin.py:190} INFO - [2024-11-20T14:19:06.994+0000] {dagbag.py:588} INFO - Filling up the DagBag from /home/airflow/.local/lib/python3.12/site-packages/airflow/example_dags/example_branch_day_of_week_operator.py
[2024-11-20T14:19:07.010+0000] {processor.py:925} INFO - DAG(s) 'example_weekday_branch_operator' retrieved from /home/airflow/.local/lib/python3.12/site-packages/airflow/example_dags/example_branch_day_of_week_operator.py
[2024-11-20T14:19:07.039+0000] {logging_mixin.py:190} INFO - [2024-11-20T14:19:07.038+0000] {dag.py:3239} INFO - Sync 1 DAGs
[2024-11-20T14:19:07.081+0000] {logging_mixin.py:190} INFO - [2024-11-20T14:19:07.080+0000] {dag.py:4180} INFO - Setting next_dagrun for example_weekday_branch_operator to 2024-11-19 00:00:00+00:00, run_after=2024-11-20 00:00:00+00:00
[2024-11-20T14:19:07.111+0000] {processor.py:208} INFO - Processing /home/airflow/.local/lib/python3.12/site-packages/airflow/example_dags/example_branch_day_of_week_operator.py took 0.134 seconds
[2024-11-20T14:19:37.415+0000] {processor.py:186} INFO - Started process (PID=517) to work on /home/airflow/.local/lib/python3.12/site-packages/airflow/example_dags/example_branch_day_of_week_operator.py
[2024-11-20T14:19:37.417+0000] {processor.py:914} INFO - Processing file /home/airflow/.local/lib/python3.12/site-packages/airflow/example_dags/example_branch_day_of_week_operator.py for tasks to queue
[2024-11-20T14:19:37.422+0000] {logging_mixin.py:190} INFO - [2024-11-20T14:19:37.421+0000] {dagbag.py:588} INFO - Filling up the DagBag from /home/airflow/.local/lib/python3.12/site-packages/airflow/example_dags/example_branch_day_of_week_operator.py
[2024-11-20T14:19:37.453+0000] {processor.py:925} INFO - DAG(s) 'example_weekday_branch_operator' retrieved from /home/airflow/.local/lib/python3.12/site-packages/airflow/example_dags/example_branch_day_of_week_operator.py
[2024-11-20T14:19:37.484+0000] {logging_mixin.py:190} INFO - [2024-11-20T14:19:37.484+0000] {dag.py:3239} INFO - Sync 1 DAGs
[2024-11-20T14:19:37.524+0000] {logging_mixin.py:190} INFO - [2024-11-20T14:19:37.523+0000] {dag.py:4180} INFO - Setting next_dagrun for example_weekday_branch_operator to 2024-11-19 00:00:00+00:00, run_after=2024-11-20 00:00:00+00:00
[2024-11-20T14:19:37.552+0000] {processor.py:208} INFO - Processing /home/airflow/.local/lib/python3.12/site-packages/airflow/example_dags/example_branch_day_of_week_operator.py took 0.146 seconds
[2024-11-20T14:20:07.785+0000] {processor.py:186} INFO - Started process (PID=580) to work on /home/airflow/.local/lib/python3.12/site-packages/airflow/example_dags/example_branch_day_of_week_operator.py
[2024-11-20T14:20:07.788+0000] {processor.py:914} INFO - Processing file /home/airflow/.local/lib/python3.12/site-packages/airflow/example_dags/example_branch_day_of_week_operator.py for tasks to queue
[2024-11-20T14:20:07.793+0000] {logging_mixin.py:190} INFO - [2024-11-20T14:20:07.792+0000] {dagbag.py:588} INFO - Filling up the DagBag from /home/airflow/.local/lib/python3.12/site-packages/airflow/example_dags/example_branch_day_of_week_operator.py
[2024-11-20T14:20:07.884+0000] {processor.py:925} INFO - DAG(s) 'example_weekday_branch_operator' retrieved from /home/airflow/.local/lib/python3.12/site-packages/airflow/example_dags/example_branch_day_of_week_operator.py
[2024-11-20T14:20:08.002+0000] {logging_mixin.py:190} INFO - [2024-11-20T14:20:08.001+0000] {dag.py:3239} INFO - Sync 1 DAGs
[2024-11-20T14:20:08.161+0000] {logging_mixin.py:190} INFO - [2024-11-20T14:20:08.148+0000] {dag.py:4180} INFO - Setting next_dagrun for example_weekday_branch_operator to 2024-11-19 00:00:00+00:00, run_after=2024-11-20 00:00:00+00:00
[2024-11-20T14:20:08.293+0000] {processor.py:208} INFO - Processing /home/airflow/.local/lib/python3.12/site-packages/airflow/example_dags/example_branch_day_of_week_operator.py took 0.527 seconds
[2024-11-20T14:20:38.600+0000] {processor.py:186} INFO - Started process (PID=642) to work on /home/airflow/.local/lib/python3.12/site-packages/airflow/example_dags/example_branch_day_of_week_operator.py
[2024-11-20T14:20:38.612+0000] {processor.py:914} INFO - Processing file /home/airflow/.local/lib/python3.12/site-packages/airflow/example_dags/example_branch_day_of_week_operator.py for tasks to queue
[2024-11-20T14:20:38.617+0000] {logging_mixin.py:190} INFO - [2024-11-20T14:20:38.615+0000] {dagbag.py:588} INFO - Filling up the DagBag from /home/airflow/.local/lib/python3.12/site-packages/airflow/example_dags/example_branch_day_of_week_operator.py
[2024-11-20T14:20:38.633+0000] {processor.py:925} INFO - DAG(s) 'example_weekday_branch_operator' retrieved from /home/airflow/.local/lib/python3.12/site-packages/airflow/example_dags/example_branch_day_of_week_operator.py
[2024-11-20T14:20:38.662+0000] {logging_mixin.py:190} INFO - [2024-11-20T14:20:38.661+0000] {dag.py:3239} INFO - Sync 1 DAGs
[2024-11-20T14:20:38.704+0000] {logging_mixin.py:190} INFO - [2024-11-20T14:20:38.703+0000] {dag.py:4180} INFO - Setting next_dagrun for example_weekday_branch_operator to 2024-11-19 00:00:00+00:00, run_after=2024-11-20 00:00:00+00:00
[2024-11-20T14:20:38.738+0000] {processor.py:208} INFO - Processing /home/airflow/.local/lib/python3.12/site-packages/airflow/example_dags/example_branch_day_of_week_operator.py took 0.149 seconds
[2024-11-20T14:21:09.199+0000] {processor.py:186} INFO - Started process (PID=706) to work on /home/airflow/.local/lib/python3.12/site-packages/airflow/example_dags/example_branch_day_of_week_operator.py
[2024-11-20T14:21:09.201+0000] {processor.py:914} INFO - Processing file /home/airflow/.local/lib/python3.12/site-packages/airflow/example_dags/example_branch_day_of_week_operator.py for tasks to queue
[2024-11-20T14:21:09.206+0000] {logging_mixin.py:190} INFO - [2024-11-20T14:21:09.204+0000] {dagbag.py:588} INFO - Filling up the DagBag from /home/airflow/.local/lib/python3.12/site-packages/airflow/example_dags/example_branch_day_of_week_operator.py
[2024-11-20T14:21:09.223+0000] {processor.py:925} INFO - DAG(s) 'example_weekday_branch_operator' retrieved from /home/airflow/.local/lib/python3.12/site-packages/airflow/example_dags/example_branch_day_of_week_operator.py
[2024-11-20T14:21:09.254+0000] {logging_mixin.py:190} INFO - [2024-11-20T14:21:09.253+0000] {dag.py:3239} INFO - Sync 1 DAGs
[2024-11-20T14:21:09.307+0000] {logging_mixin.py:190} INFO - [2024-11-20T14:21:09.306+0000] {dag.py:4180} INFO - Setting next_dagrun for example_weekday_branch_operator to 2024-11-19 00:00:00+00:00, run_after=2024-11-20 00:00:00+00:00
[2024-11-20T14:21:09.336+0000] {processor.py:208} INFO - Processing /home/airflow/.local/lib/python3.12/site-packages/airflow/example_dags/example_branch_day_of_week_operator.py took 0.147 seconds
[2024-11-20T14:21:40.173+0000] {processor.py:186} INFO - Started process (PID=769) to work on /home/airflow/.local/lib/python3.12/site-packages/airflow/example_dags/example_branch_day_of_week_operator.py
[2024-11-20T14:21:40.174+0000] {processor.py:914} INFO - Processing file /home/airflow/.local/lib/python3.12/site-packages/airflow/example_dags/example_branch_day_of_week_operator.py for tasks to queue
[2024-11-20T14:21:40.179+0000] {logging_mixin.py:190} INFO - [2024-11-20T14:21:40.177+0000] {dagbag.py:588} INFO - Filling up the DagBag from /home/airflow/.local/lib/python3.12/site-packages/airflow/example_dags/example_branch_day_of_week_operator.py
[2024-11-20T14:21:40.194+0000] {processor.py:925} INFO - DAG(s) 'example_weekday_branch_operator' retrieved from /home/airflow/.local/lib/python3.12/site-packages/airflow/example_dags/example_branch_day_of_week_operator.py
[2024-11-20T14:21:40.237+0000] {logging_mixin.py:190} INFO - [2024-11-20T14:21:40.237+0000] {dag.py:3239} INFO - Sync 1 DAGs
[2024-11-20T14:21:40.291+0000] {logging_mixin.py:190} INFO - [2024-11-20T14:21:40.290+0000] {dag.py:4180} INFO - Setting next_dagrun for example_weekday_branch_operator to 2024-11-19 00:00:00+00:00, run_after=2024-11-20 00:00:00+00:00
[2024-11-20T14:21:40.325+0000] {processor.py:208} INFO - Processing /home/airflow/.local/lib/python3.12/site-packages/airflow/example_dags/example_branch_day_of_week_operator.py took 0.163 seconds
[2024-11-20T14:22:10.842+0000] {processor.py:186} INFO - Started process (PID=832) to work on /home/airflow/.local/lib/python3.12/site-packages/airflow/example_dags/example_branch_day_of_week_operator.py
[2024-11-20T14:22:10.843+0000] {processor.py:914} INFO - Processing file /home/airflow/.local/lib/python3.12/site-packages/airflow/example_dags/example_branch_day_of_week_operator.py for tasks to queue
[2024-11-20T14:22:10.848+0000] {logging_mixin.py:190} INFO - [2024-11-20T14:22:10.847+0000] {dagbag.py:588} INFO - Filling up the DagBag from /home/airflow/.local/lib/python3.12/site-packages/airflow/example_dags/example_branch_day_of_week_operator.py
[2024-11-20T14:22:10.864+0000] {processor.py:925} INFO - DAG(s) 'example_weekday_branch_operator' retrieved from /home/airflow/.local/lib/python3.12/site-packages/airflow/example_dags/example_branch_day_of_week_operator.py
[2024-11-20T14:22:10.924+0000] {logging_mixin.py:190} INFO - [2024-11-20T14:22:10.923+0000] {dag.py:3239} INFO - Sync 1 DAGs
[2024-11-20T14:22:10.989+0000] {logging_mixin.py:190} INFO - [2024-11-20T14:22:10.989+0000] {dag.py:4180} INFO - Setting next_dagrun for example_weekday_branch_operator to 2024-11-19 00:00:00+00:00, run_after=2024-11-20 00:00:00+00:00
[2024-11-20T14:22:11.032+0000] {processor.py:208} INFO - Processing /home/airflow/.local/lib/python3.12/site-packages/airflow/example_dags/example_branch_day_of_week_operator.py took 0.203 seconds
[2024-11-20T14:22:42.241+0000] {processor.py:186} INFO - Started process (PID=884) to work on /home/airflow/.local/lib/python3.12/site-packages/airflow/example_dags/example_branch_day_of_week_operator.py
[2024-11-20T14:22:42.242+0000] {processor.py:914} INFO - Processing file /home/airflow/.local/lib/python3.12/site-packages/airflow/example_dags/example_branch_day_of_week_operator.py for tasks to queue
[2024-11-20T14:22:42.247+0000] {logging_mixin.py:190} INFO - [2024-11-20T14:22:42.246+0000] {dagbag.py:588} INFO - Filling up the DagBag from /home/airflow/.local/lib/python3.12/site-packages/airflow/example_dags/example_branch_day_of_week_operator.py
[2024-11-20T14:22:42.265+0000] {processor.py:925} INFO - DAG(s) 'example_weekday_branch_operator' retrieved from /home/airflow/.local/lib/python3.12/site-packages/airflow/example_dags/example_branch_day_of_week_operator.py
[2024-11-20T14:22:42.300+0000] {logging_mixin.py:190} INFO - [2024-11-20T14:22:42.299+0000] {dag.py:3239} INFO - Sync 1 DAGs
[2024-11-20T14:22:42.344+0000] {logging_mixin.py:190} INFO - [2024-11-20T14:22:42.343+0000] {dag.py:4180} INFO - Setting next_dagrun for example_weekday_branch_operator to 2024-11-19 00:00:00+00:00, run_after=2024-11-20 00:00:00+00:00
[2024-11-20T14:22:42.372+0000] {processor.py:208} INFO - Processing /home/airflow/.local/lib/python3.12/site-packages/airflow/example_dags/example_branch_day_of_week_operator.py took 0.145 seconds
[2024-11-20T14:23:14.273+0000] {processor.py:186} INFO - Started process (PID=944) to work on /home/airflow/.local/lib/python3.12/site-packages/airflow/example_dags/example_branch_day_of_week_operator.py
[2024-11-20T14:23:14.275+0000] {processor.py:914} INFO - Processing file /home/airflow/.local/lib/python3.12/site-packages/airflow/example_dags/example_branch_day_of_week_operator.py for tasks to queue
[2024-11-20T14:23:14.283+0000] {logging_mixin.py:190} INFO - [2024-11-20T14:23:14.281+0000] {dagbag.py:588} INFO - Filling up the DagBag from /home/airflow/.local/lib/python3.12/site-packages/airflow/example_dags/example_branch_day_of_week_operator.py
[2024-11-20T14:23:14.311+0000] {processor.py:925} INFO - DAG(s) 'example_weekday_branch_operator' retrieved from /home/airflow/.local/lib/python3.12/site-packages/airflow/example_dags/example_branch_day_of_week_operator.py
[2024-11-20T14:23:14.354+0000] {logging_mixin.py:190} INFO - [2024-11-20T14:23:14.354+0000] {dag.py:3239} INFO - Sync 1 DAGs
[2024-11-20T14:23:14.437+0000] {logging_mixin.py:190} INFO - [2024-11-20T14:23:14.436+0000] {dag.py:4180} INFO - Setting next_dagrun for example_weekday_branch_operator to 2024-11-19 00:00:00+00:00, run_after=2024-11-20 00:00:00+00:00
[2024-11-20T14:23:14.476+0000] {processor.py:208} INFO - Processing /home/airflow/.local/lib/python3.12/site-packages/airflow/example_dags/example_branch_day_of_week_operator.py took 0.219 seconds
[2024-11-20T14:23:44.920+0000] {processor.py:186} INFO - Started process (PID=1006) to work on /home/airflow/.local/lib/python3.12/site-packages/airflow/example_dags/example_branch_day_of_week_operator.py
[2024-11-20T14:23:44.921+0000] {processor.py:914} INFO - Processing file /home/airflow/.local/lib/python3.12/site-packages/airflow/example_dags/example_branch_day_of_week_operator.py for tasks to queue
[2024-11-20T14:23:44.926+0000] {logging_mixin.py:190} INFO - [2024-11-20T14:23:44.925+0000] {dagbag.py:588} INFO - Filling up the DagBag from /home/airflow/.local/lib/python3.12/site-packages/airflow/example_dags/example_branch_day_of_week_operator.py
[2024-11-20T14:23:44.947+0000] {processor.py:925} INFO - DAG(s) 'example_weekday_branch_operator' retrieved from /home/airflow/.local/lib/python3.12/site-packages/airflow/example_dags/example_branch_day_of_week_operator.py
[2024-11-20T14:23:44.989+0000] {logging_mixin.py:190} INFO - [2024-11-20T14:23:44.988+0000] {dag.py:3239} INFO - Sync 1 DAGs
[2024-11-20T14:23:45.046+0000] {logging_mixin.py:190} INFO - [2024-11-20T14:23:45.046+0000] {dag.py:4180} INFO - Setting next_dagrun for example_weekday_branch_operator to 2024-11-19 00:00:00+00:00, run_after=2024-11-20 00:00:00+00:00
[2024-11-20T14:23:45.082+0000] {processor.py:208} INFO - Processing /home/airflow/.local/lib/python3.12/site-packages/airflow/example_dags/example_branch_day_of_week_operator.py took 0.176 seconds
[2024-11-20T14:24:15.749+0000] {processor.py:186} INFO - Started process (PID=1069) to work on /home/airflow/.local/lib/python3.12/site-packages/airflow/example_dags/example_branch_day_of_week_operator.py
[2024-11-20T14:24:15.750+0000] {processor.py:914} INFO - Processing file /home/airflow/.local/lib/python3.12/site-packages/airflow/example_dags/example_branch_day_of_week_operator.py for tasks to queue
[2024-11-20T14:24:15.754+0000] {logging_mixin.py:190} INFO - [2024-11-20T14:24:15.753+0000] {dagbag.py:588} INFO - Filling up the DagBag from /home/airflow/.local/lib/python3.12/site-packages/airflow/example_dags/example_branch_day_of_week_operator.py
[2024-11-20T14:24:15.772+0000] {processor.py:925} INFO - DAG(s) 'example_weekday_branch_operator' retrieved from /home/airflow/.local/lib/python3.12/site-packages/airflow/example_dags/example_branch_day_of_week_operator.py
[2024-11-20T14:24:15.808+0000] {logging_mixin.py:190} INFO - [2024-11-20T14:24:15.808+0000] {dag.py:3239} INFO - Sync 1 DAGs
[2024-11-20T14:24:15.859+0000] {logging_mixin.py:190} INFO - [2024-11-20T14:24:15.859+0000] {dag.py:4180} INFO - Setting next_dagrun for example_weekday_branch_operator to 2024-11-19 00:00:00+00:00, run_after=2024-11-20 00:00:00+00:00
[2024-11-20T14:24:15.902+0000] {processor.py:208} INFO - Processing /home/airflow/.local/lib/python3.12/site-packages/airflow/example_dags/example_branch_day_of_week_operator.py took 0.164 seconds
[2024-11-20T14:24:46.828+0000] {processor.py:186} INFO - Started process (PID=1120) to work on /home/airflow/.local/lib/python3.12/site-packages/airflow/example_dags/example_branch_day_of_week_operator.py
[2024-11-20T14:24:46.829+0000] {processor.py:914} INFO - Processing file /home/airflow/.local/lib/python3.12/site-packages/airflow/example_dags/example_branch_day_of_week_operator.py for tasks to queue
[2024-11-20T14:24:46.834+0000] {logging_mixin.py:190} INFO - [2024-11-20T14:24:46.833+0000] {dagbag.py:588} INFO - Filling up the DagBag from /home/airflow/.local/lib/python3.12/site-packages/airflow/example_dags/example_branch_day_of_week_operator.py
[2024-11-20T14:24:46.852+0000] {processor.py:925} INFO - DAG(s) 'example_weekday_branch_operator' retrieved from /home/airflow/.local/lib/python3.12/site-packages/airflow/example_dags/example_branch_day_of_week_operator.py
[2024-11-20T14:24:46.894+0000] {logging_mixin.py:190} INFO - [2024-11-20T14:24:46.894+0000] {dag.py:3239} INFO - Sync 1 DAGs
[2024-11-20T14:24:46.945+0000] {logging_mixin.py:190} INFO - [2024-11-20T14:24:46.944+0000] {dag.py:4180} INFO - Setting next_dagrun for example_weekday_branch_operator to 2024-11-19 00:00:00+00:00, run_after=2024-11-20 00:00:00+00:00
[2024-11-20T14:24:46.980+0000] {processor.py:208} INFO - Processing /home/airflow/.local/lib/python3.12/site-packages/airflow/example_dags/example_branch_day_of_week_operator.py took 0.163 seconds
[2024-11-20T14:25:18.295+0000] {processor.py:186} INFO - Started process (PID=1179) to work on /home/airflow/.local/lib/python3.12/site-packages/airflow/example_dags/example_branch_day_of_week_operator.py
[2024-11-20T14:25:18.296+0000] {processor.py:914} INFO - Processing file /home/airflow/.local/lib/python3.12/site-packages/airflow/example_dags/example_branch_day_of_week_operator.py for tasks to queue
[2024-11-20T14:25:18.302+0000] {logging_mixin.py:190} INFO - [2024-11-20T14:25:18.300+0000] {dagbag.py:588} INFO - Filling up the DagBag from /home/airflow/.local/lib/python3.12/site-packages/airflow/example_dags/example_branch_day_of_week_operator.py
[2024-11-20T14:25:18.321+0000] {processor.py:925} INFO - DAG(s) 'example_weekday_branch_operator' retrieved from /home/airflow/.local/lib/python3.12/site-packages/airflow/example_dags/example_branch_day_of_week_operator.py
[2024-11-20T14:25:18.351+0000] {logging_mixin.py:190} INFO - [2024-11-20T14:25:18.350+0000] {dag.py:3239} INFO - Sync 1 DAGs
[2024-11-20T14:25:18.394+0000] {logging_mixin.py:190} INFO - [2024-11-20T14:25:18.394+0000] {dag.py:4180} INFO - Setting next_dagrun for example_weekday_branch_operator to 2024-11-19 00:00:00+00:00, run_after=2024-11-20 00:00:00+00:00
[2024-11-20T14:25:18.423+0000] {processor.py:208} INFO - Processing /home/airflow/.local/lib/python3.12/site-packages/airflow/example_dags/example_branch_day_of_week_operator.py took 0.142 seconds
[2024-11-20T14:25:49.464+0000] {processor.py:186} INFO - Started process (PID=1240) to work on /home/airflow/.local/lib/python3.12/site-packages/airflow/example_dags/example_branch_day_of_week_operator.py
[2024-11-20T14:25:49.465+0000] {processor.py:914} INFO - Processing file /home/airflow/.local/lib/python3.12/site-packages/airflow/example_dags/example_branch_day_of_week_operator.py for tasks to queue
[2024-11-20T14:25:49.469+0000] {logging_mixin.py:190} INFO - [2024-11-20T14:25:49.469+0000] {dagbag.py:588} INFO - Filling up the DagBag from /home/airflow/.local/lib/python3.12/site-packages/airflow/example_dags/example_branch_day_of_week_operator.py
[2024-11-20T14:25:49.485+0000] {processor.py:925} INFO - DAG(s) 'example_weekday_branch_operator' retrieved from /home/airflow/.local/lib/python3.12/site-packages/airflow/example_dags/example_branch_day_of_week_operator.py
[2024-11-20T14:25:49.514+0000] {logging_mixin.py:190} INFO - [2024-11-20T14:25:49.514+0000] {dag.py:3239} INFO - Sync 1 DAGs
[2024-11-20T14:25:49.555+0000] {logging_mixin.py:190} INFO - [2024-11-20T14:25:49.555+0000] {dag.py:4180} INFO - Setting next_dagrun for example_weekday_branch_operator to 2024-11-19 00:00:00+00:00, run_after=2024-11-20 00:00:00+00:00
[2024-11-20T14:25:49.586+0000] {processor.py:208} INFO - Processing /home/airflow/.local/lib/python3.12/site-packages/airflow/example_dags/example_branch_day_of_week_operator.py took 0.131 seconds
[2024-11-20T14:26:19.847+0000] {processor.py:186} INFO - Started process (PID=1300) to work on /home/airflow/.local/lib/python3.12/site-packages/airflow/example_dags/example_branch_day_of_week_operator.py
[2024-11-20T14:26:19.848+0000] {processor.py:914} INFO - Processing file /home/airflow/.local/lib/python3.12/site-packages/airflow/example_dags/example_branch_day_of_week_operator.py for tasks to queue
[2024-11-20T14:26:19.852+0000] {logging_mixin.py:190} INFO - [2024-11-20T14:26:19.851+0000] {dagbag.py:588} INFO - Filling up the DagBag from /home/airflow/.local/lib/python3.12/site-packages/airflow/example_dags/example_branch_day_of_week_operator.py
[2024-11-20T14:26:19.867+0000] {processor.py:925} INFO - DAG(s) 'example_weekday_branch_operator' retrieved from /home/airflow/.local/lib/python3.12/site-packages/airflow/example_dags/example_branch_day_of_week_operator.py
[2024-11-20T14:26:19.901+0000] {logging_mixin.py:190} INFO - [2024-11-20T14:26:19.901+0000] {dag.py:3239} INFO - Sync 1 DAGs
[2024-11-20T14:26:19.950+0000] {logging_mixin.py:190} INFO - [2024-11-20T14:26:19.950+0000] {dag.py:4180} INFO - Setting next_dagrun for example_weekday_branch_operator to 2024-11-19 00:00:00+00:00, run_after=2024-11-20 00:00:00+00:00
[2024-11-20T14:26:19.984+0000] {processor.py:208} INFO - Processing /home/airflow/.local/lib/python3.12/site-packages/airflow/example_dags/example_branch_day_of_week_operator.py took 0.147 seconds
[2024-11-20T14:26:50.228+0000] {processor.py:186} INFO - Started process (PID=1363) to work on /home/airflow/.local/lib/python3.12/site-packages/airflow/example_dags/example_branch_day_of_week_operator.py
[2024-11-20T14:26:50.230+0000] {processor.py:914} INFO - Processing file /home/airflow/.local/lib/python3.12/site-packages/airflow/example_dags/example_branch_day_of_week_operator.py for tasks to queue
[2024-11-20T14:26:50.235+0000] {logging_mixin.py:190} INFO - [2024-11-20T14:26:50.234+0000] {dagbag.py:588} INFO - Filling up the DagBag from /home/airflow/.local/lib/python3.12/site-packages/airflow/example_dags/example_branch_day_of_week_operator.py
[2024-11-20T14:26:50.256+0000] {processor.py:925} INFO - DAG(s) 'example_weekday_branch_operator' retrieved from /home/airflow/.local/lib/python3.12/site-packages/airflow/example_dags/example_branch_day_of_week_operator.py
[2024-11-20T14:26:50.298+0000] {logging_mixin.py:190} INFO - [2024-11-20T14:26:50.298+0000] {dag.py:3239} INFO - Sync 1 DAGs
[2024-11-20T14:26:50.350+0000] {logging_mixin.py:190} INFO - [2024-11-20T14:26:50.350+0000] {dag.py:4180} INFO - Setting next_dagrun for example_weekday_branch_operator to 2024-11-19 00:00:00+00:00, run_after=2024-11-20 00:00:00+00:00
[2024-11-20T14:26:50.386+0000] {processor.py:208} INFO - Processing /home/airflow/.local/lib/python3.12/site-packages/airflow/example_dags/example_branch_day_of_week_operator.py took 0.171 seconds
[2024-11-20T14:28:04.049+0000] {processor.py:186} INFO - Started process (PID=1414) to work on /home/airflow/.local/lib/python3.12/site-packages/airflow/example_dags/example_branch_day_of_week_operator.py
[2024-11-20T14:28:04.053+0000] {processor.py:914} INFO - Processing file /home/airflow/.local/lib/python3.12/site-packages/airflow/example_dags/example_branch_day_of_week_operator.py for tasks to queue
[2024-11-20T14:28:04.062+0000] {logging_mixin.py:190} INFO - [2024-11-20T14:28:04.061+0000] {dagbag.py:588} INFO - Filling up the DagBag from /home/airflow/.local/lib/python3.12/site-packages/airflow/example_dags/example_branch_day_of_week_operator.py
[2024-11-20T14:28:04.079+0000] {processor.py:925} INFO - DAG(s) 'example_weekday_branch_operator' retrieved from /home/airflow/.local/lib/python3.12/site-packages/airflow/example_dags/example_branch_day_of_week_operator.py
[2024-11-20T14:28:04.138+0000] {logging_mixin.py:190} INFO - [2024-11-20T14:28:04.138+0000] {dag.py:3239} INFO - Sync 1 DAGs
[2024-11-20T14:28:04.187+0000] {logging_mixin.py:190} INFO - [2024-11-20T14:28:04.187+0000] {dag.py:4180} INFO - Setting next_dagrun for example_weekday_branch_operator to 2024-11-19 00:00:00+00:00, run_after=2024-11-20 00:00:00+00:00
[2024-11-20T14:28:04.255+0000] {processor.py:208} INFO - Processing /home/airflow/.local/lib/python3.12/site-packages/airflow/example_dags/example_branch_day_of_week_operator.py took 0.219 seconds
[2024-11-20T14:28:34.347+0000] {processor.py:186} INFO - Started process (PID=1477) to work on /home/airflow/.local/lib/python3.12/site-packages/airflow/example_dags/example_branch_day_of_week_operator.py
[2024-11-20T14:28:34.348+0000] {processor.py:914} INFO - Processing file /home/airflow/.local/lib/python3.12/site-packages/airflow/example_dags/example_branch_day_of_week_operator.py for tasks to queue
[2024-11-20T14:28:34.352+0000] {logging_mixin.py:190} INFO - [2024-11-20T14:28:34.352+0000] {dagbag.py:588} INFO - Filling up the DagBag from /home/airflow/.local/lib/python3.12/site-packages/airflow/example_dags/example_branch_day_of_week_operator.py
[2024-11-20T14:28:34.368+0000] {processor.py:925} INFO - DAG(s) 'example_weekday_branch_operator' retrieved from /home/airflow/.local/lib/python3.12/site-packages/airflow/example_dags/example_branch_day_of_week_operator.py
[2024-11-20T14:28:34.403+0000] {logging_mixin.py:190} INFO - [2024-11-20T14:28:34.403+0000] {dag.py:3239} INFO - Sync 1 DAGs
[2024-11-20T14:28:34.444+0000] {logging_mixin.py:190} INFO - [2024-11-20T14:28:34.444+0000] {dag.py:4180} INFO - Setting next_dagrun for example_weekday_branch_operator to 2024-11-19 00:00:00+00:00, run_after=2024-11-20 00:00:00+00:00
[2024-11-20T14:28:34.477+0000] {processor.py:208} INFO - Processing /home/airflow/.local/lib/python3.12/site-packages/airflow/example_dags/example_branch_day_of_week_operator.py took 0.140 seconds
[2024-11-20T14:29:04.589+0000] {processor.py:186} INFO - Started process (PID=1540) to work on /home/airflow/.local/lib/python3.12/site-packages/airflow/example_dags/example_branch_day_of_week_operator.py
[2024-11-20T14:29:04.591+0000] {processor.py:914} INFO - Processing file /home/airflow/.local/lib/python3.12/site-packages/airflow/example_dags/example_branch_day_of_week_operator.py for tasks to queue
[2024-11-20T14:29:04.595+0000] {logging_mixin.py:190} INFO - [2024-11-20T14:29:04.594+0000] {dagbag.py:588} INFO - Filling up the DagBag from /home/airflow/.local/lib/python3.12/site-packages/airflow/example_dags/example_branch_day_of_week_operator.py
[2024-11-20T14:29:04.611+0000] {processor.py:925} INFO - DAG(s) 'example_weekday_branch_operator' retrieved from /home/airflow/.local/lib/python3.12/site-packages/airflow/example_dags/example_branch_day_of_week_operator.py
[2024-11-20T14:29:04.640+0000] {logging_mixin.py:190} INFO - [2024-11-20T14:29:04.640+0000] {dag.py:3239} INFO - Sync 1 DAGs
[2024-11-20T14:29:04.687+0000] {logging_mixin.py:190} INFO - [2024-11-20T14:29:04.687+0000] {dag.py:4180} INFO - Setting next_dagrun for example_weekday_branch_operator to 2024-11-19 00:00:00+00:00, run_after=2024-11-20 00:00:00+00:00
[2024-11-20T14:29:04.719+0000] {processor.py:208} INFO - Processing /home/airflow/.local/lib/python3.12/site-packages/airflow/example_dags/example_branch_day_of_week_operator.py took 0.139 seconds
[2024-11-20T14:29:34.892+0000] {processor.py:186} INFO - Started process (PID=1603) to work on /home/airflow/.local/lib/python3.12/site-packages/airflow/example_dags/example_branch_day_of_week_operator.py
[2024-11-20T14:29:34.894+0000] {processor.py:914} INFO - Processing file /home/airflow/.local/lib/python3.12/site-packages/airflow/example_dags/example_branch_day_of_week_operator.py for tasks to queue
[2024-11-20T14:29:34.897+0000] {logging_mixin.py:190} INFO - [2024-11-20T14:29:34.897+0000] {dagbag.py:588} INFO - Filling up the DagBag from /home/airflow/.local/lib/python3.12/site-packages/airflow/example_dags/example_branch_day_of_week_operator.py
[2024-11-20T14:29:34.913+0000] {processor.py:925} INFO - DAG(s) 'example_weekday_branch_operator' retrieved from /home/airflow/.local/lib/python3.12/site-packages/airflow/example_dags/example_branch_day_of_week_operator.py
[2024-11-20T14:29:34.961+0000] {logging_mixin.py:190} INFO - [2024-11-20T14:29:34.961+0000] {dag.py:3239} INFO - Sync 1 DAGs
[2024-11-20T14:29:35.024+0000] {logging_mixin.py:190} INFO - [2024-11-20T14:29:35.023+0000] {dag.py:4180} INFO - Setting next_dagrun for example_weekday_branch_operator to 2024-11-19 00:00:00+00:00, run_after=2024-11-20 00:00:00+00:00
[2024-11-20T14:29:35.054+0000] {processor.py:208} INFO - Processing /home/airflow/.local/lib/python3.12/site-packages/airflow/example_dags/example_branch_day_of_week_operator.py took 0.172 seconds
[2024-11-20T14:30:05.377+0000] {processor.py:186} INFO - Started process (PID=1665) to work on /home/airflow/.local/lib/python3.12/site-packages/airflow/example_dags/example_branch_day_of_week_operator.py
[2024-11-20T14:30:05.379+0000] {processor.py:914} INFO - Processing file /home/airflow/.local/lib/python3.12/site-packages/airflow/example_dags/example_branch_day_of_week_operator.py for tasks to queue
[2024-11-20T14:30:05.388+0000] {logging_mixin.py:190} INFO - [2024-11-20T14:30:05.387+0000] {dagbag.py:588} INFO - Filling up the DagBag from /home/airflow/.local/lib/python3.12/site-packages/airflow/example_dags/example_branch_day_of_week_operator.py
[2024-11-20T14:30:05.437+0000] {processor.py:925} INFO - DAG(s) 'example_weekday_branch_operator' retrieved from /home/airflow/.local/lib/python3.12/site-packages/airflow/example_dags/example_branch_day_of_week_operator.py
[2024-11-20T14:30:05.556+0000] {logging_mixin.py:190} INFO - [2024-11-20T14:30:05.555+0000] {dag.py:3239} INFO - Sync 1 DAGs
[2024-11-20T14:30:05.630+0000] {logging_mixin.py:190} INFO - [2024-11-20T14:30:05.629+0000] {dag.py:4180} INFO - Setting next_dagrun for example_weekday_branch_operator to 2024-11-19 00:00:00+00:00, run_after=2024-11-20 00:00:00+00:00
[2024-11-20T14:30:05.684+0000] {processor.py:208} INFO - Processing /home/airflow/.local/lib/python3.12/site-packages/airflow/example_dags/example_branch_day_of_week_operator.py took 0.329 seconds
[2024-11-20T14:30:36.312+0000] {processor.py:186} INFO - Started process (PID=1728) to work on /home/airflow/.local/lib/python3.12/site-packages/airflow/example_dags/example_branch_day_of_week_operator.py
[2024-11-20T14:30:36.314+0000] {processor.py:914} INFO - Processing file /home/airflow/.local/lib/python3.12/site-packages/airflow/example_dags/example_branch_day_of_week_operator.py for tasks to queue
[2024-11-20T14:30:36.320+0000] {logging_mixin.py:190} INFO - [2024-11-20T14:30:36.319+0000] {dagbag.py:588} INFO - Filling up the DagBag from /home/airflow/.local/lib/python3.12/site-packages/airflow/example_dags/example_branch_day_of_week_operator.py
[2024-11-20T14:30:36.345+0000] {processor.py:925} INFO - DAG(s) 'example_weekday_branch_operator' retrieved from /home/airflow/.local/lib/python3.12/site-packages/airflow/example_dags/example_branch_day_of_week_operator.py
[2024-11-20T14:30:36.398+0000] {logging_mixin.py:190} INFO - [2024-11-20T14:30:36.398+0000] {dag.py:3239} INFO - Sync 1 DAGs
[2024-11-20T14:30:36.464+0000] {logging_mixin.py:190} INFO - [2024-11-20T14:30:36.464+0000] {dag.py:4180} INFO - Setting next_dagrun for example_weekday_branch_operator to 2024-11-19 00:00:00+00:00, run_after=2024-11-20 00:00:00+00:00
[2024-11-20T14:30:36.524+0000] {processor.py:208} INFO - Processing /home/airflow/.local/lib/python3.12/site-packages/airflow/example_dags/example_branch_day_of_week_operator.py took 0.227 seconds
[2024-11-20T14:31:06.616+0000] {processor.py:186} INFO - Started process (PID=1790) to work on /home/airflow/.local/lib/python3.12/site-packages/airflow/example_dags/example_branch_day_of_week_operator.py
[2024-11-20T14:31:06.617+0000] {processor.py:914} INFO - Processing file /home/airflow/.local/lib/python3.12/site-packages/airflow/example_dags/example_branch_day_of_week_operator.py for tasks to queue
[2024-11-20T14:31:06.623+0000] {logging_mixin.py:190} INFO - [2024-11-20T14:31:06.622+0000] {dagbag.py:588} INFO - Filling up the DagBag from /home/airflow/.local/lib/python3.12/site-packages/airflow/example_dags/example_branch_day_of_week_operator.py
[2024-11-20T14:31:06.648+0000] {processor.py:925} INFO - DAG(s) 'example_weekday_branch_operator' retrieved from /home/airflow/.local/lib/python3.12/site-packages/airflow/example_dags/example_branch_day_of_week_operator.py
[2024-11-20T14:31:06.700+0000] {logging_mixin.py:190} INFO - [2024-11-20T14:31:06.700+0000] {dag.py:3239} INFO - Sync 1 DAGs
[2024-11-20T14:31:06.764+0000] {logging_mixin.py:190} INFO - [2024-11-20T14:31:06.763+0000] {dag.py:4180} INFO - Setting next_dagrun for example_weekday_branch_operator to 2024-11-19 00:00:00+00:00, run_after=2024-11-20 00:00:00+00:00
[2024-11-20T14:31:06.807+0000] {processor.py:208} INFO - Processing /home/airflow/.local/lib/python3.12/site-packages/airflow/example_dags/example_branch_day_of_week_operator.py took 0.205 seconds
[2024-11-20T14:31:37.182+0000] {processor.py:186} INFO - Started process (PID=1853) to work on /home/airflow/.local/lib/python3.12/site-packages/airflow/example_dags/example_branch_day_of_week_operator.py
[2024-11-20T14:31:37.185+0000] {processor.py:914} INFO - Processing file /home/airflow/.local/lib/python3.12/site-packages/airflow/example_dags/example_branch_day_of_week_operator.py for tasks to queue
[2024-11-20T14:31:37.198+0000] {logging_mixin.py:190} INFO - [2024-11-20T14:31:37.197+0000] {dagbag.py:588} INFO - Filling up the DagBag from /home/airflow/.local/lib/python3.12/site-packages/airflow/example_dags/example_branch_day_of_week_operator.py
[2024-11-20T14:31:37.227+0000] {processor.py:925} INFO - DAG(s) 'example_weekday_branch_operator' retrieved from /home/airflow/.local/lib/python3.12/site-packages/airflow/example_dags/example_branch_day_of_week_operator.py
[2024-11-20T14:31:37.283+0000] {logging_mixin.py:190} INFO - [2024-11-20T14:31:37.282+0000] {dag.py:3239} INFO - Sync 1 DAGs
[2024-11-20T14:31:37.361+0000] {logging_mixin.py:190} INFO - [2024-11-20T14:31:37.361+0000] {dag.py:4180} INFO - Setting next_dagrun for example_weekday_branch_operator to 2024-11-19 00:00:00+00:00, run_after=2024-11-20 00:00:00+00:00
[2024-11-20T14:31:37.406+0000] {processor.py:208} INFO - Processing /home/airflow/.local/lib/python3.12/site-packages/airflow/example_dags/example_branch_day_of_week_operator.py took 0.244 seconds
[2024-11-20T14:32:08.077+0000] {processor.py:186} INFO - Started process (PID=1917) to work on /home/airflow/.local/lib/python3.12/site-packages/airflow/example_dags/example_branch_day_of_week_operator.py
[2024-11-20T14:32:08.079+0000] {processor.py:914} INFO - Processing file /home/airflow/.local/lib/python3.12/site-packages/airflow/example_dags/example_branch_day_of_week_operator.py for tasks to queue
[2024-11-20T14:32:08.087+0000] {logging_mixin.py:190} INFO - [2024-11-20T14:32:08.087+0000] {dagbag.py:588} INFO - Filling up the DagBag from /home/airflow/.local/lib/python3.12/site-packages/airflow/example_dags/example_branch_day_of_week_operator.py
[2024-11-20T14:32:08.111+0000] {processor.py:925} INFO - DAG(s) 'example_weekday_branch_operator' retrieved from /home/airflow/.local/lib/python3.12/site-packages/airflow/example_dags/example_branch_day_of_week_operator.py
[2024-11-20T14:32:08.159+0000] {logging_mixin.py:190} INFO - [2024-11-20T14:32:08.158+0000] {dag.py:3239} INFO - Sync 1 DAGs
[2024-11-20T14:32:08.227+0000] {logging_mixin.py:190} INFO - [2024-11-20T14:32:08.226+0000] {dag.py:4180} INFO - Setting next_dagrun for example_weekday_branch_operator to 2024-11-19 00:00:00+00:00, run_after=2024-11-20 00:00:00+00:00
[2024-11-20T14:32:08.276+0000] {processor.py:208} INFO - Processing /home/airflow/.local/lib/python3.12/site-packages/airflow/example_dags/example_branch_day_of_week_operator.py took 0.213 seconds
[2024-11-20T14:32:38.500+0000] {processor.py:186} INFO - Started process (PID=1980) to work on /home/airflow/.local/lib/python3.12/site-packages/airflow/example_dags/example_branch_day_of_week_operator.py
[2024-11-20T14:32:38.502+0000] {processor.py:914} INFO - Processing file /home/airflow/.local/lib/python3.12/site-packages/airflow/example_dags/example_branch_day_of_week_operator.py for tasks to queue
[2024-11-20T14:32:38.506+0000] {logging_mixin.py:190} INFO - [2024-11-20T14:32:38.506+0000] {dagbag.py:588} INFO - Filling up the DagBag from /home/airflow/.local/lib/python3.12/site-packages/airflow/example_dags/example_branch_day_of_week_operator.py
[2024-11-20T14:32:38.521+0000] {processor.py:925} INFO - DAG(s) 'example_weekday_branch_operator' retrieved from /home/airflow/.local/lib/python3.12/site-packages/airflow/example_dags/example_branch_day_of_week_operator.py
[2024-11-20T14:32:38.554+0000] {logging_mixin.py:190} INFO - [2024-11-20T14:32:38.554+0000] {dag.py:3239} INFO - Sync 1 DAGs
[2024-11-20T14:32:38.594+0000] {logging_mixin.py:190} INFO - [2024-11-20T14:32:38.593+0000] {dag.py:4180} INFO - Setting next_dagrun for example_weekday_branch_operator to 2024-11-19 00:00:00+00:00, run_after=2024-11-20 00:00:00+00:00
[2024-11-20T14:32:38.623+0000] {processor.py:208} INFO - Processing /home/airflow/.local/lib/python3.12/site-packages/airflow/example_dags/example_branch_day_of_week_operator.py took 0.132 seconds
[2024-11-20T14:33:08.698+0000] {processor.py:186} INFO - Started process (PID=2042) to work on /home/airflow/.local/lib/python3.12/site-packages/airflow/example_dags/example_branch_day_of_week_operator.py
[2024-11-20T14:33:08.700+0000] {processor.py:914} INFO - Processing file /home/airflow/.local/lib/python3.12/site-packages/airflow/example_dags/example_branch_day_of_week_operator.py for tasks to queue
[2024-11-20T14:33:08.704+0000] {logging_mixin.py:190} INFO - [2024-11-20T14:33:08.703+0000] {dagbag.py:588} INFO - Filling up the DagBag from /home/airflow/.local/lib/python3.12/site-packages/airflow/example_dags/example_branch_day_of_week_operator.py
[2024-11-20T14:33:08.719+0000] {processor.py:925} INFO - DAG(s) 'example_weekday_branch_operator' retrieved from /home/airflow/.local/lib/python3.12/site-packages/airflow/example_dags/example_branch_day_of_week_operator.py
[2024-11-20T14:33:08.749+0000] {logging_mixin.py:190} INFO - [2024-11-20T14:33:08.749+0000] {dag.py:3239} INFO - Sync 1 DAGs
[2024-11-20T14:33:08.788+0000] {logging_mixin.py:190} INFO - [2024-11-20T14:33:08.788+0000] {dag.py:4180} INFO - Setting next_dagrun for example_weekday_branch_operator to 2024-11-19 00:00:00+00:00, run_after=2024-11-20 00:00:00+00:00
[2024-11-20T14:33:08.817+0000] {processor.py:208} INFO - Processing /home/airflow/.local/lib/python3.12/site-packages/airflow/example_dags/example_branch_day_of_week_operator.py took 0.128 seconds
[2024-11-20T14:33:39.578+0000] {processor.py:186} INFO - Started process (PID=2106) to work on /home/airflow/.local/lib/python3.12/site-packages/airflow/example_dags/example_branch_day_of_week_operator.py
[2024-11-20T14:33:39.579+0000] {processor.py:914} INFO - Processing file /home/airflow/.local/lib/python3.12/site-packages/airflow/example_dags/example_branch_day_of_week_operator.py for tasks to queue
[2024-11-20T14:33:39.584+0000] {logging_mixin.py:190} INFO - [2024-11-20T14:33:39.583+0000] {dagbag.py:588} INFO - Filling up the DagBag from /home/airflow/.local/lib/python3.12/site-packages/airflow/example_dags/example_branch_day_of_week_operator.py
[2024-11-20T14:33:39.600+0000] {processor.py:925} INFO - DAG(s) 'example_weekday_branch_operator' retrieved from /home/airflow/.local/lib/python3.12/site-packages/airflow/example_dags/example_branch_day_of_week_operator.py
[2024-11-20T14:33:39.636+0000] {logging_mixin.py:190} INFO - [2024-11-20T14:33:39.636+0000] {dag.py:3239} INFO - Sync 1 DAGs
[2024-11-20T14:33:39.689+0000] {logging_mixin.py:190} INFO - [2024-11-20T14:33:39.688+0000] {dag.py:4180} INFO - Setting next_dagrun for example_weekday_branch_operator to 2024-11-19 00:00:00+00:00, run_after=2024-11-20 00:00:00+00:00
[2024-11-20T14:33:39.735+0000] {processor.py:208} INFO - Processing /home/airflow/.local/lib/python3.12/site-packages/airflow/example_dags/example_branch_day_of_week_operator.py took 0.166 seconds
[2024-11-20T14:34:09.812+0000] {processor.py:186} INFO - Started process (PID=2169) to work on /home/airflow/.local/lib/python3.12/site-packages/airflow/example_dags/example_branch_day_of_week_operator.py
[2024-11-20T14:34:09.813+0000] {processor.py:914} INFO - Processing file /home/airflow/.local/lib/python3.12/site-packages/airflow/example_dags/example_branch_day_of_week_operator.py for tasks to queue
[2024-11-20T14:34:09.817+0000] {logging_mixin.py:190} INFO - [2024-11-20T14:34:09.816+0000] {dagbag.py:588} INFO - Filling up the DagBag from /home/airflow/.local/lib/python3.12/site-packages/airflow/example_dags/example_branch_day_of_week_operator.py
[2024-11-20T14:34:09.832+0000] {processor.py:925} INFO - DAG(s) 'example_weekday_branch_operator' retrieved from /home/airflow/.local/lib/python3.12/site-packages/airflow/example_dags/example_branch_day_of_week_operator.py
[2024-11-20T14:34:09.862+0000] {logging_mixin.py:190} INFO - [2024-11-20T14:34:09.862+0000] {dag.py:3239} INFO - Sync 1 DAGs
[2024-11-20T14:34:09.907+0000] {logging_mixin.py:190} INFO - [2024-11-20T14:34:09.906+0000] {dag.py:4180} INFO - Setting next_dagrun for example_weekday_branch_operator to 2024-11-19 00:00:00+00:00, run_after=2024-11-20 00:00:00+00:00
[2024-11-20T14:34:09.941+0000] {processor.py:208} INFO - Processing /home/airflow/.local/lib/python3.12/site-packages/airflow/example_dags/example_branch_day_of_week_operator.py took 0.139 seconds
[2024-11-20T14:34:40.523+0000] {processor.py:186} INFO - Started process (PID=2232) to work on /home/airflow/.local/lib/python3.12/site-packages/airflow/example_dags/example_branch_day_of_week_operator.py
[2024-11-20T14:34:40.524+0000] {processor.py:914} INFO - Processing file /home/airflow/.local/lib/python3.12/site-packages/airflow/example_dags/example_branch_day_of_week_operator.py for tasks to queue
[2024-11-20T14:34:40.529+0000] {logging_mixin.py:190} INFO - [2024-11-20T14:34:40.528+0000] {dagbag.py:588} INFO - Filling up the DagBag from /home/airflow/.local/lib/python3.12/site-packages/airflow/example_dags/example_branch_day_of_week_operator.py
[2024-11-20T14:34:40.550+0000] {processor.py:925} INFO - DAG(s) 'example_weekday_branch_operator' retrieved from /home/airflow/.local/lib/python3.12/site-packages/airflow/example_dags/example_branch_day_of_week_operator.py
[2024-11-20T14:34:40.580+0000] {logging_mixin.py:190} INFO - [2024-11-20T14:34:40.579+0000] {dag.py:3239} INFO - Sync 1 DAGs
[2024-11-20T14:34:40.624+0000] {logging_mixin.py:190} INFO - [2024-11-20T14:34:40.623+0000] {dag.py:4180} INFO - Setting next_dagrun for example_weekday_branch_operator to 2024-11-19 00:00:00+00:00, run_after=2024-11-20 00:00:00+00:00
[2024-11-20T14:34:40.651+0000] {processor.py:208} INFO - Processing /home/airflow/.local/lib/python3.12/site-packages/airflow/example_dags/example_branch_day_of_week_operator.py took 0.138 seconds
[2024-11-20T14:35:11.372+0000] {processor.py:186} INFO - Started process (PID=2295) to work on /home/airflow/.local/lib/python3.12/site-packages/airflow/example_dags/example_branch_day_of_week_operator.py
[2024-11-20T14:35:11.373+0000] {processor.py:914} INFO - Processing file /home/airflow/.local/lib/python3.12/site-packages/airflow/example_dags/example_branch_day_of_week_operator.py for tasks to queue
[2024-11-20T14:35:11.378+0000] {logging_mixin.py:190} INFO - [2024-11-20T14:35:11.377+0000] {dagbag.py:588} INFO - Filling up the DagBag from /home/airflow/.local/lib/python3.12/site-packages/airflow/example_dags/example_branch_day_of_week_operator.py
[2024-11-20T14:35:11.397+0000] {processor.py:925} INFO - DAG(s) 'example_weekday_branch_operator' retrieved from /home/airflow/.local/lib/python3.12/site-packages/airflow/example_dags/example_branch_day_of_week_operator.py
[2024-11-20T14:35:11.433+0000] {logging_mixin.py:190} INFO - [2024-11-20T14:35:11.433+0000] {dag.py:3239} INFO - Sync 1 DAGs
[2024-11-20T14:35:11.475+0000] {logging_mixin.py:190} INFO - [2024-11-20T14:35:11.475+0000] {dag.py:4180} INFO - Setting next_dagrun for example_weekday_branch_operator to 2024-11-19 00:00:00+00:00, run_after=2024-11-20 00:00:00+00:00
[2024-11-20T14:35:11.504+0000] {processor.py:208} INFO - Processing /home/airflow/.local/lib/python3.12/site-packages/airflow/example_dags/example_branch_day_of_week_operator.py took 0.147 seconds
[2024-11-20T14:35:42.116+0000] {processor.py:186} INFO - Started process (PID=2358) to work on /home/airflow/.local/lib/python3.12/site-packages/airflow/example_dags/example_branch_day_of_week_operator.py
[2024-11-20T14:35:42.118+0000] {processor.py:914} INFO - Processing file /home/airflow/.local/lib/python3.12/site-packages/airflow/example_dags/example_branch_day_of_week_operator.py for tasks to queue
[2024-11-20T14:35:42.121+0000] {logging_mixin.py:190} INFO - [2024-11-20T14:35:42.121+0000] {dagbag.py:588} INFO - Filling up the DagBag from /home/airflow/.local/lib/python3.12/site-packages/airflow/example_dags/example_branch_day_of_week_operator.py
[2024-11-20T14:35:42.138+0000] {processor.py:925} INFO - DAG(s) 'example_weekday_branch_operator' retrieved from /home/airflow/.local/lib/python3.12/site-packages/airflow/example_dags/example_branch_day_of_week_operator.py
[2024-11-20T14:35:42.170+0000] {logging_mixin.py:190} INFO - [2024-11-20T14:35:42.170+0000] {dag.py:3239} INFO - Sync 1 DAGs
[2024-11-20T14:35:42.212+0000] {logging_mixin.py:190} INFO - [2024-11-20T14:35:42.211+0000] {dag.py:4180} INFO - Setting next_dagrun for example_weekday_branch_operator to 2024-11-19 00:00:00+00:00, run_after=2024-11-20 00:00:00+00:00
[2024-11-20T14:35:42.240+0000] {processor.py:208} INFO - Processing /home/airflow/.local/lib/python3.12/site-packages/airflow/example_dags/example_branch_day_of_week_operator.py took 0.133 seconds
[2024-11-20T14:36:12.402+0000] {processor.py:186} INFO - Started process (PID=2420) to work on /home/airflow/.local/lib/python3.12/site-packages/airflow/example_dags/example_branch_day_of_week_operator.py
[2024-11-20T14:36:12.404+0000] {processor.py:914} INFO - Processing file /home/airflow/.local/lib/python3.12/site-packages/airflow/example_dags/example_branch_day_of_week_operator.py for tasks to queue
[2024-11-20T14:36:12.407+0000] {logging_mixin.py:190} INFO - [2024-11-20T14:36:12.406+0000] {dagbag.py:588} INFO - Filling up the DagBag from /home/airflow/.local/lib/python3.12/site-packages/airflow/example_dags/example_branch_day_of_week_operator.py
[2024-11-20T14:36:12.424+0000] {processor.py:925} INFO - DAG(s) 'example_weekday_branch_operator' retrieved from /home/airflow/.local/lib/python3.12/site-packages/airflow/example_dags/example_branch_day_of_week_operator.py
[2024-11-20T14:36:12.475+0000] {logging_mixin.py:190} INFO - [2024-11-20T14:36:12.475+0000] {dag.py:3239} INFO - Sync 1 DAGs
[2024-11-20T14:36:12.531+0000] {logging_mixin.py:190} INFO - [2024-11-20T14:36:12.530+0000] {dag.py:4180} INFO - Setting next_dagrun for example_weekday_branch_operator to 2024-11-19 00:00:00+00:00, run_after=2024-11-20 00:00:00+00:00
[2024-11-20T14:36:12.566+0000] {processor.py:208} INFO - Processing /home/airflow/.local/lib/python3.12/site-packages/airflow/example_dags/example_branch_day_of_week_operator.py took 0.172 seconds
[2024-11-20T14:36:43.196+0000] {processor.py:186} INFO - Started process (PID=2482) to work on /home/airflow/.local/lib/python3.12/site-packages/airflow/example_dags/example_branch_day_of_week_operator.py
[2024-11-20T14:36:43.198+0000] {processor.py:914} INFO - Processing file /home/airflow/.local/lib/python3.12/site-packages/airflow/example_dags/example_branch_day_of_week_operator.py for tasks to queue
[2024-11-20T14:36:43.214+0000] {logging_mixin.py:190} INFO - [2024-11-20T14:36:43.211+0000] {dagbag.py:588} INFO - Filling up the DagBag from /home/airflow/.local/lib/python3.12/site-packages/airflow/example_dags/example_branch_day_of_week_operator.py
[2024-11-20T14:36:43.254+0000] {processor.py:925} INFO - DAG(s) 'example_weekday_branch_operator' retrieved from /home/airflow/.local/lib/python3.12/site-packages/airflow/example_dags/example_branch_day_of_week_operator.py
[2024-11-20T14:36:43.324+0000] {logging_mixin.py:190} INFO - [2024-11-20T14:36:43.323+0000] {dag.py:3239} INFO - Sync 1 DAGs
[2024-11-20T14:36:43.441+0000] {logging_mixin.py:190} INFO - [2024-11-20T14:36:43.438+0000] {dag.py:4180} INFO - Setting next_dagrun for example_weekday_branch_operator to 2024-11-19 00:00:00+00:00, run_after=2024-11-20 00:00:00+00:00
[2024-11-20T14:36:43.600+0000] {processor.py:208} INFO - Processing /home/airflow/.local/lib/python3.12/site-packages/airflow/example_dags/example_branch_day_of_week_operator.py took 0.435 seconds
[2024-11-20T14:37:14.424+0000] {processor.py:186} INFO - Started process (PID=2550) to work on /home/airflow/.local/lib/python3.12/site-packages/airflow/example_dags/example_branch_day_of_week_operator.py
[2024-11-20T14:37:14.434+0000] {processor.py:914} INFO - Processing file /home/airflow/.local/lib/python3.12/site-packages/airflow/example_dags/example_branch_day_of_week_operator.py for tasks to queue
[2024-11-20T14:37:14.439+0000] {logging_mixin.py:190} INFO - [2024-11-20T14:37:14.438+0000] {dagbag.py:588} INFO - Filling up the DagBag from /home/airflow/.local/lib/python3.12/site-packages/airflow/example_dags/example_branch_day_of_week_operator.py
[2024-11-20T14:37:14.461+0000] {processor.py:925} INFO - DAG(s) 'example_weekday_branch_operator' retrieved from /home/airflow/.local/lib/python3.12/site-packages/airflow/example_dags/example_branch_day_of_week_operator.py
[2024-11-20T14:37:14.510+0000] {logging_mixin.py:190} INFO - [2024-11-20T14:37:14.509+0000] {dag.py:3239} INFO - Sync 1 DAGs
[2024-11-20T14:37:14.569+0000] {logging_mixin.py:190} INFO - [2024-11-20T14:37:14.569+0000] {dag.py:4180} INFO - Setting next_dagrun for example_weekday_branch_operator to 2024-11-19 00:00:00+00:00, run_after=2024-11-20 00:00:00+00:00
[2024-11-20T14:37:14.606+0000] {processor.py:208} INFO - Processing /home/airflow/.local/lib/python3.12/site-packages/airflow/example_dags/example_branch_day_of_week_operator.py took 0.195 seconds
[2024-11-20T14:37:45.225+0000] {processor.py:186} INFO - Started process (PID=2611) to work on /home/airflow/.local/lib/python3.12/site-packages/airflow/example_dags/example_branch_day_of_week_operator.py
[2024-11-20T14:37:45.227+0000] {processor.py:914} INFO - Processing file /home/airflow/.local/lib/python3.12/site-packages/airflow/example_dags/example_branch_day_of_week_operator.py for tasks to queue
[2024-11-20T14:37:45.231+0000] {logging_mixin.py:190} INFO - [2024-11-20T14:37:45.231+0000] {dagbag.py:588} INFO - Filling up the DagBag from /home/airflow/.local/lib/python3.12/site-packages/airflow/example_dags/example_branch_day_of_week_operator.py
[2024-11-20T14:37:45.250+0000] {processor.py:925} INFO - DAG(s) 'example_weekday_branch_operator' retrieved from /home/airflow/.local/lib/python3.12/site-packages/airflow/example_dags/example_branch_day_of_week_operator.py
[2024-11-20T14:37:45.284+0000] {logging_mixin.py:190} INFO - [2024-11-20T14:37:45.283+0000] {dag.py:3239} INFO - Sync 1 DAGs
[2024-11-20T14:37:45.327+0000] {logging_mixin.py:190} INFO - [2024-11-20T14:37:45.327+0000] {dag.py:4180} INFO - Setting next_dagrun for example_weekday_branch_operator to 2024-11-19 00:00:00+00:00, run_after=2024-11-20 00:00:00+00:00
[2024-11-20T14:37:45.359+0000] {processor.py:208} INFO - Processing /home/airflow/.local/lib/python3.12/site-packages/airflow/example_dags/example_branch_day_of_week_operator.py took 0.144 seconds
