[2024-11-20T14:16:12.067+0000] {processor.py:186} INFO - Started process (PID=88) to work on /home/airflow/.local/lib/python3.12/site-packages/airflow/example_dags/example_display_name.py
[2024-11-20T14:16:12.069+0000] {processor.py:914} INFO - Processing file /home/airflow/.local/lib/python3.12/site-packages/airflow/example_dags/example_display_name.py for tasks to queue
[2024-11-20T14:16:12.075+0000] {logging_mixin.py:190} INFO - [2024-11-20T14:16:12.074+0000] {dagbag.py:588} INFO - Filling up the DagBag from /home/airflow/.local/lib/python3.12/site-packages/airflow/example_dags/example_display_name.py
[2024-11-20T14:16:12.096+0000] {processor.py:925} INFO - DAG(s) 'example_display_name' retrieved from /home/airflow/.local/lib/python3.12/site-packages/airflow/example_dags/example_display_name.py
[2024-11-20T14:16:12.379+0000] {logging_mixin.py:190} INFO - [2024-11-20T14:16:12.377+0000] {override.py:1911} INFO - Created Permission View: can delete on DAG:example_display_name
[2024-11-20T14:16:12.426+0000] {logging_mixin.py:190} INFO - [2024-11-20T14:16:12.426+0000] {override.py:1911} INFO - Created Permission View: can read on DAG:example_display_name
[2024-11-20T14:16:12.470+0000] {logging_mixin.py:190} INFO - [2024-11-20T14:16:12.466+0000] {override.py:1911} INFO - Created Permission View: can edit on DAG:example_display_name
[2024-11-20T14:16:12.539+0000] {logging_mixin.py:190} INFO - [2024-11-20T14:16:12.538+0000] {override.py:1911} INFO - Created Permission View: can delete on DAG Run:example_display_name
[2024-11-20T14:16:12.564+0000] {logging_mixin.py:190} INFO - [2024-11-20T14:16:12.563+0000] {override.py:1911} INFO - Created Permission View: menu access on DAG Run:example_display_name
[2024-11-20T14:16:12.584+0000] {logging_mixin.py:190} INFO - [2024-11-20T14:16:12.583+0000] {override.py:1911} INFO - Created Permission View: can read on DAG Run:example_display_name
[2024-11-20T14:16:12.602+0000] {logging_mixin.py:190} INFO - [2024-11-20T14:16:12.602+0000] {override.py:1911} INFO - Created Permission View: can create on DAG Run:example_display_name
[2024-11-20T14:16:12.605+0000] {logging_mixin.py:190} INFO - [2024-11-20T14:16:12.604+0000] {dag.py:3239} INFO - Sync 1 DAGs
[2024-11-20T14:16:12.669+0000] {logging_mixin.py:190} INFO - [2024-11-20T14:16:12.669+0000] {dag.py:3262} INFO - Creating ORM DAG for example_display_name
[2024-11-20T14:16:12.675+0000] {logging_mixin.py:190} INFO - [2024-11-20T14:16:12.673+0000] {dag.py:4180} INFO - Setting next_dagrun for example_display_name to None, run_after=None
[2024-11-20T14:16:12.763+0000] {processor.py:208} INFO - Processing /home/airflow/.local/lib/python3.12/site-packages/airflow/example_dags/example_display_name.py took 0.712 seconds
[2024-11-20T14:16:43.779+0000] {processor.py:186} INFO - Started process (PID=155) to work on /home/airflow/.local/lib/python3.12/site-packages/airflow/example_dags/example_display_name.py
[2024-11-20T14:16:43.780+0000] {processor.py:914} INFO - Processing file /home/airflow/.local/lib/python3.12/site-packages/airflow/example_dags/example_display_name.py for tasks to queue
[2024-11-20T14:16:43.784+0000] {logging_mixin.py:190} INFO - [2024-11-20T14:16:43.784+0000] {dagbag.py:588} INFO - Filling up the DagBag from /home/airflow/.local/lib/python3.12/site-packages/airflow/example_dags/example_display_name.py
[2024-11-20T14:16:43.797+0000] {processor.py:925} INFO - DAG(s) 'example_display_name' retrieved from /home/airflow/.local/lib/python3.12/site-packages/airflow/example_dags/example_display_name.py
[2024-11-20T14:16:43.827+0000] {logging_mixin.py:190} INFO - [2024-11-20T14:16:43.827+0000] {dag.py:3239} INFO - Sync 1 DAGs
[2024-11-20T14:16:43.849+0000] {logging_mixin.py:190} INFO - [2024-11-20T14:16:43.848+0000] {dag.py:4180} INFO - Setting next_dagrun for example_display_name to None, run_after=None
[2024-11-20T14:16:43.912+0000] {processor.py:208} INFO - Processing /home/airflow/.local/lib/python3.12/site-packages/airflow/example_dags/example_display_name.py took 0.144 seconds
[2024-11-20T14:17:15.198+0000] {processor.py:186} INFO - Started process (PID=218) to work on /home/airflow/.local/lib/python3.12/site-packages/airflow/example_dags/example_display_name.py
[2024-11-20T14:17:15.199+0000] {processor.py:914} INFO - Processing file /home/airflow/.local/lib/python3.12/site-packages/airflow/example_dags/example_display_name.py for tasks to queue
[2024-11-20T14:17:15.207+0000] {logging_mixin.py:190} INFO - [2024-11-20T14:17:15.206+0000] {dagbag.py:588} INFO - Filling up the DagBag from /home/airflow/.local/lib/python3.12/site-packages/airflow/example_dags/example_display_name.py
[2024-11-20T14:17:15.222+0000] {processor.py:925} INFO - DAG(s) 'example_display_name' retrieved from /home/airflow/.local/lib/python3.12/site-packages/airflow/example_dags/example_display_name.py
[2024-11-20T14:17:15.261+0000] {logging_mixin.py:190} INFO - [2024-11-20T14:17:15.261+0000] {dag.py:3239} INFO - Sync 1 DAGs
[2024-11-20T14:17:15.294+0000] {logging_mixin.py:190} INFO - [2024-11-20T14:17:15.294+0000] {dag.py:4180} INFO - Setting next_dagrun for example_display_name to None, run_after=None
[2024-11-20T14:17:15.325+0000] {processor.py:208} INFO - Processing /home/airflow/.local/lib/python3.12/site-packages/airflow/example_dags/example_display_name.py took 0.141 seconds
[2024-11-20T14:17:46.625+0000] {processor.py:186} INFO - Started process (PID=281) to work on /home/airflow/.local/lib/python3.12/site-packages/airflow/example_dags/example_display_name.py
[2024-11-20T14:17:46.626+0000] {processor.py:914} INFO - Processing file /home/airflow/.local/lib/python3.12/site-packages/airflow/example_dags/example_display_name.py for tasks to queue
[2024-11-20T14:17:46.629+0000] {logging_mixin.py:190} INFO - [2024-11-20T14:17:46.629+0000] {dagbag.py:588} INFO - Filling up the DagBag from /home/airflow/.local/lib/python3.12/site-packages/airflow/example_dags/example_display_name.py
[2024-11-20T14:17:46.641+0000] {processor.py:925} INFO - DAG(s) 'example_display_name' retrieved from /home/airflow/.local/lib/python3.12/site-packages/airflow/example_dags/example_display_name.py
[2024-11-20T14:17:46.669+0000] {logging_mixin.py:190} INFO - [2024-11-20T14:17:46.669+0000] {dag.py:3239} INFO - Sync 1 DAGs
[2024-11-20T14:17:46.699+0000] {logging_mixin.py:190} INFO - [2024-11-20T14:17:46.699+0000] {dag.py:4180} INFO - Setting next_dagrun for example_display_name to None, run_after=None
[2024-11-20T14:17:46.730+0000] {processor.py:208} INFO - Processing /home/airflow/.local/lib/python3.12/site-packages/airflow/example_dags/example_display_name.py took 0.114 seconds
[2024-11-20T14:18:19.221+0000] {processor.py:186} INFO - Started process (PID=344) to work on /home/airflow/.local/lib/python3.12/site-packages/airflow/example_dags/example_display_name.py
[2024-11-20T14:18:19.222+0000] {processor.py:914} INFO - Processing file /home/airflow/.local/lib/python3.12/site-packages/airflow/example_dags/example_display_name.py for tasks to queue
[2024-11-20T14:18:19.227+0000] {logging_mixin.py:190} INFO - [2024-11-20T14:18:19.226+0000] {dagbag.py:588} INFO - Filling up the DagBag from /home/airflow/.local/lib/python3.12/site-packages/airflow/example_dags/example_display_name.py
[2024-11-20T14:18:19.240+0000] {processor.py:925} INFO - DAG(s) 'example_display_name' retrieved from /home/airflow/.local/lib/python3.12/site-packages/airflow/example_dags/example_display_name.py
[2024-11-20T14:18:19.267+0000] {logging_mixin.py:190} INFO - [2024-11-20T14:18:19.266+0000] {dag.py:3239} INFO - Sync 1 DAGs
[2024-11-20T14:18:19.291+0000] {logging_mixin.py:190} INFO - [2024-11-20T14:18:19.291+0000] {dag.py:4180} INFO - Setting next_dagrun for example_display_name to None, run_after=None
[2024-11-20T14:18:19.324+0000] {processor.py:208} INFO - Processing /home/airflow/.local/lib/python3.12/site-packages/airflow/example_dags/example_display_name.py took 0.112 seconds
[2024-11-20T14:18:51.826+0000] {processor.py:186} INFO - Started process (PID=407) to work on /home/airflow/.local/lib/python3.12/site-packages/airflow/example_dags/example_display_name.py
[2024-11-20T14:18:51.828+0000] {processor.py:914} INFO - Processing file /home/airflow/.local/lib/python3.12/site-packages/airflow/example_dags/example_display_name.py for tasks to queue
[2024-11-20T14:18:51.832+0000] {logging_mixin.py:190} INFO - [2024-11-20T14:18:51.832+0000] {dagbag.py:588} INFO - Filling up the DagBag from /home/airflow/.local/lib/python3.12/site-packages/airflow/example_dags/example_display_name.py
[2024-11-20T14:18:51.864+0000] {processor.py:925} INFO - DAG(s) 'example_display_name' retrieved from /home/airflow/.local/lib/python3.12/site-packages/airflow/example_dags/example_display_name.py
[2024-11-20T14:18:51.929+0000] {logging_mixin.py:190} INFO - [2024-11-20T14:18:51.928+0000] {dag.py:3239} INFO - Sync 1 DAGs
[2024-11-20T14:18:51.971+0000] {logging_mixin.py:190} INFO - [2024-11-20T14:18:51.970+0000] {dag.py:4180} INFO - Setting next_dagrun for example_display_name to None, run_after=None
[2024-11-20T14:18:52.035+0000] {processor.py:208} INFO - Processing /home/airflow/.local/lib/python3.12/site-packages/airflow/example_dags/example_display_name.py took 0.227 seconds
[2024-11-20T14:19:23.961+0000] {processor.py:186} INFO - Started process (PID=469) to work on /home/airflow/.local/lib/python3.12/site-packages/airflow/example_dags/example_display_name.py
[2024-11-20T14:19:23.963+0000] {processor.py:914} INFO - Processing file /home/airflow/.local/lib/python3.12/site-packages/airflow/example_dags/example_display_name.py for tasks to queue
[2024-11-20T14:19:23.965+0000] {logging_mixin.py:190} INFO - [2024-11-20T14:19:23.965+0000] {dagbag.py:588} INFO - Filling up the DagBag from /home/airflow/.local/lib/python3.12/site-packages/airflow/example_dags/example_display_name.py
[2024-11-20T14:19:23.977+0000] {processor.py:925} INFO - DAG(s) 'example_display_name' retrieved from /home/airflow/.local/lib/python3.12/site-packages/airflow/example_dags/example_display_name.py
[2024-11-20T14:19:24.022+0000] {logging_mixin.py:190} INFO - [2024-11-20T14:19:24.021+0000] {dag.py:3239} INFO - Sync 1 DAGs
[2024-11-20T14:19:24.046+0000] {logging_mixin.py:190} INFO - [2024-11-20T14:19:24.045+0000] {dag.py:4180} INFO - Setting next_dagrun for example_display_name to None, run_after=None
[2024-11-20T14:19:24.075+0000] {processor.py:208} INFO - Processing /home/airflow/.local/lib/python3.12/site-packages/airflow/example_dags/example_display_name.py took 0.123 seconds
[2024-11-20T14:19:55.592+0000] {processor.py:186} INFO - Started process (PID=532) to work on /home/airflow/.local/lib/python3.12/site-packages/airflow/example_dags/example_display_name.py
[2024-11-20T14:19:55.594+0000] {processor.py:914} INFO - Processing file /home/airflow/.local/lib/python3.12/site-packages/airflow/example_dags/example_display_name.py for tasks to queue
[2024-11-20T14:19:55.598+0000] {logging_mixin.py:190} INFO - [2024-11-20T14:19:55.597+0000] {dagbag.py:588} INFO - Filling up the DagBag from /home/airflow/.local/lib/python3.12/site-packages/airflow/example_dags/example_display_name.py
[2024-11-20T14:19:55.611+0000] {processor.py:925} INFO - DAG(s) 'example_display_name' retrieved from /home/airflow/.local/lib/python3.12/site-packages/airflow/example_dags/example_display_name.py
[2024-11-20T14:19:55.638+0000] {logging_mixin.py:190} INFO - [2024-11-20T14:19:55.638+0000] {dag.py:3239} INFO - Sync 1 DAGs
[2024-11-20T14:19:55.662+0000] {logging_mixin.py:190} INFO - [2024-11-20T14:19:55.662+0000] {dag.py:4180} INFO - Setting next_dagrun for example_display_name to None, run_after=None
[2024-11-20T14:19:55.692+0000] {processor.py:208} INFO - Processing /home/airflow/.local/lib/python3.12/site-packages/airflow/example_dags/example_display_name.py took 0.112 seconds
[2024-11-20T14:20:27.610+0000] {processor.py:186} INFO - Started process (PID=595) to work on /home/airflow/.local/lib/python3.12/site-packages/airflow/example_dags/example_display_name.py
[2024-11-20T14:20:27.611+0000] {processor.py:914} INFO - Processing file /home/airflow/.local/lib/python3.12/site-packages/airflow/example_dags/example_display_name.py for tasks to queue
[2024-11-20T14:20:27.618+0000] {logging_mixin.py:190} INFO - [2024-11-20T14:20:27.617+0000] {dagbag.py:588} INFO - Filling up the DagBag from /home/airflow/.local/lib/python3.12/site-packages/airflow/example_dags/example_display_name.py
[2024-11-20T14:20:27.634+0000] {processor.py:925} INFO - DAG(s) 'example_display_name' retrieved from /home/airflow/.local/lib/python3.12/site-packages/airflow/example_dags/example_display_name.py
[2024-11-20T14:20:27.673+0000] {logging_mixin.py:190} INFO - [2024-11-20T14:20:27.673+0000] {dag.py:3239} INFO - Sync 1 DAGs
[2024-11-20T14:20:27.701+0000] {logging_mixin.py:190} INFO - [2024-11-20T14:20:27.701+0000] {dag.py:4180} INFO - Setting next_dagrun for example_display_name to None, run_after=None
[2024-11-20T14:20:27.731+0000] {processor.py:208} INFO - Processing /home/airflow/.local/lib/python3.12/site-packages/airflow/example_dags/example_display_name.py took 0.137 seconds
[2024-11-20T14:20:59.310+0000] {processor.py:186} INFO - Started process (PID=658) to work on /home/airflow/.local/lib/python3.12/site-packages/airflow/example_dags/example_display_name.py
[2024-11-20T14:20:59.311+0000] {processor.py:914} INFO - Processing file /home/airflow/.local/lib/python3.12/site-packages/airflow/example_dags/example_display_name.py for tasks to queue
[2024-11-20T14:20:59.315+0000] {logging_mixin.py:190} INFO - [2024-11-20T14:20:59.315+0000] {dagbag.py:588} INFO - Filling up the DagBag from /home/airflow/.local/lib/python3.12/site-packages/airflow/example_dags/example_display_name.py
[2024-11-20T14:20:59.328+0000] {processor.py:925} INFO - DAG(s) 'example_display_name' retrieved from /home/airflow/.local/lib/python3.12/site-packages/airflow/example_dags/example_display_name.py
[2024-11-20T14:20:59.360+0000] {logging_mixin.py:190} INFO - [2024-11-20T14:20:59.359+0000] {dag.py:3239} INFO - Sync 1 DAGs
[2024-11-20T14:20:59.388+0000] {logging_mixin.py:190} INFO - [2024-11-20T14:20:59.388+0000] {dag.py:4180} INFO - Setting next_dagrun for example_display_name to None, run_after=None
[2024-11-20T14:20:59.425+0000] {processor.py:208} INFO - Processing /home/airflow/.local/lib/python3.12/site-packages/airflow/example_dags/example_display_name.py took 0.125 seconds
[2024-11-20T14:21:30.794+0000] {processor.py:186} INFO - Started process (PID=721) to work on /home/airflow/.local/lib/python3.12/site-packages/airflow/example_dags/example_display_name.py
[2024-11-20T14:21:30.796+0000] {processor.py:914} INFO - Processing file /home/airflow/.local/lib/python3.12/site-packages/airflow/example_dags/example_display_name.py for tasks to queue
[2024-11-20T14:21:30.800+0000] {logging_mixin.py:190} INFO - [2024-11-20T14:21:30.800+0000] {dagbag.py:588} INFO - Filling up the DagBag from /home/airflow/.local/lib/python3.12/site-packages/airflow/example_dags/example_display_name.py
[2024-11-20T14:21:30.811+0000] {processor.py:925} INFO - DAG(s) 'example_display_name' retrieved from /home/airflow/.local/lib/python3.12/site-packages/airflow/example_dags/example_display_name.py
[2024-11-20T14:21:30.851+0000] {logging_mixin.py:190} INFO - [2024-11-20T14:21:30.851+0000] {dag.py:3239} INFO - Sync 1 DAGs
[2024-11-20T14:21:30.894+0000] {logging_mixin.py:190} INFO - [2024-11-20T14:21:30.894+0000] {dag.py:4180} INFO - Setting next_dagrun for example_display_name to None, run_after=None
[2024-11-20T14:21:30.941+0000] {processor.py:208} INFO - Processing /home/airflow/.local/lib/python3.12/site-packages/airflow/example_dags/example_display_name.py took 0.157 seconds
[2024-11-20T14:22:02.585+0000] {processor.py:186} INFO - Started process (PID=784) to work on /home/airflow/.local/lib/python3.12/site-packages/airflow/example_dags/example_display_name.py
[2024-11-20T14:22:02.587+0000] {processor.py:914} INFO - Processing file /home/airflow/.local/lib/python3.12/site-packages/airflow/example_dags/example_display_name.py for tasks to queue
[2024-11-20T14:22:02.593+0000] {logging_mixin.py:190} INFO - [2024-11-20T14:22:02.592+0000] {dagbag.py:588} INFO - Filling up the DagBag from /home/airflow/.local/lib/python3.12/site-packages/airflow/example_dags/example_display_name.py
[2024-11-20T14:22:02.605+0000] {processor.py:925} INFO - DAG(s) 'example_display_name' retrieved from /home/airflow/.local/lib/python3.12/site-packages/airflow/example_dags/example_display_name.py
[2024-11-20T14:22:02.640+0000] {logging_mixin.py:190} INFO - [2024-11-20T14:22:02.639+0000] {dag.py:3239} INFO - Sync 1 DAGs
[2024-11-20T14:22:02.669+0000] {logging_mixin.py:190} INFO - [2024-11-20T14:22:02.669+0000] {dag.py:4180} INFO - Setting next_dagrun for example_display_name to None, run_after=None
[2024-11-20T14:22:02.704+0000] {processor.py:208} INFO - Processing /home/airflow/.local/lib/python3.12/site-packages/airflow/example_dags/example_display_name.py took 0.127 seconds
[2024-11-20T14:22:33.937+0000] {processor.py:186} INFO - Started process (PID=847) to work on /home/airflow/.local/lib/python3.12/site-packages/airflow/example_dags/example_display_name.py
[2024-11-20T14:22:33.939+0000] {processor.py:914} INFO - Processing file /home/airflow/.local/lib/python3.12/site-packages/airflow/example_dags/example_display_name.py for tasks to queue
[2024-11-20T14:22:33.944+0000] {logging_mixin.py:190} INFO - [2024-11-20T14:22:33.943+0000] {dagbag.py:588} INFO - Filling up the DagBag from /home/airflow/.local/lib/python3.12/site-packages/airflow/example_dags/example_display_name.py
[2024-11-20T14:22:33.956+0000] {processor.py:925} INFO - DAG(s) 'example_display_name' retrieved from /home/airflow/.local/lib/python3.12/site-packages/airflow/example_dags/example_display_name.py
[2024-11-20T14:22:33.989+0000] {logging_mixin.py:190} INFO - [2024-11-20T14:22:33.989+0000] {dag.py:3239} INFO - Sync 1 DAGs
[2024-11-20T14:22:34.018+0000] {logging_mixin.py:190} INFO - [2024-11-20T14:22:34.018+0000] {dag.py:4180} INFO - Setting next_dagrun for example_display_name to None, run_after=None
[2024-11-20T14:22:34.057+0000] {processor.py:208} INFO - Processing /home/airflow/.local/lib/python3.12/site-packages/airflow/example_dags/example_display_name.py took 0.139 seconds
[2024-11-20T14:23:04.280+0000] {processor.py:186} INFO - Started process (PID=910) to work on /home/airflow/.local/lib/python3.12/site-packages/airflow/example_dags/example_display_name.py
[2024-11-20T14:23:04.282+0000] {processor.py:914} INFO - Processing file /home/airflow/.local/lib/python3.12/site-packages/airflow/example_dags/example_display_name.py for tasks to queue
[2024-11-20T14:23:04.289+0000] {logging_mixin.py:190} INFO - [2024-11-20T14:23:04.288+0000] {dagbag.py:588} INFO - Filling up the DagBag from /home/airflow/.local/lib/python3.12/site-packages/airflow/example_dags/example_display_name.py
[2024-11-20T14:23:04.304+0000] {processor.py:925} INFO - DAG(s) 'example_display_name' retrieved from /home/airflow/.local/lib/python3.12/site-packages/airflow/example_dags/example_display_name.py
[2024-11-20T14:23:04.341+0000] {logging_mixin.py:190} INFO - [2024-11-20T14:23:04.341+0000] {dag.py:3239} INFO - Sync 1 DAGs
[2024-11-20T14:23:04.374+0000] {logging_mixin.py:190} INFO - [2024-11-20T14:23:04.374+0000] {dag.py:4180} INFO - Setting next_dagrun for example_display_name to None, run_after=None
[2024-11-20T14:23:04.411+0000] {processor.py:208} INFO - Processing /home/airflow/.local/lib/python3.12/site-packages/airflow/example_dags/example_display_name.py took 0.145 seconds
[2024-11-20T14:23:34.464+0000] {processor.py:186} INFO - Started process (PID=971) to work on /home/airflow/.local/lib/python3.12/site-packages/airflow/example_dags/example_display_name.py
[2024-11-20T14:23:34.465+0000] {processor.py:914} INFO - Processing file /home/airflow/.local/lib/python3.12/site-packages/airflow/example_dags/example_display_name.py for tasks to queue
[2024-11-20T14:23:34.469+0000] {logging_mixin.py:190} INFO - [2024-11-20T14:23:34.468+0000] {dagbag.py:588} INFO - Filling up the DagBag from /home/airflow/.local/lib/python3.12/site-packages/airflow/example_dags/example_display_name.py
[2024-11-20T14:23:34.481+0000] {processor.py:925} INFO - DAG(s) 'example_display_name' retrieved from /home/airflow/.local/lib/python3.12/site-packages/airflow/example_dags/example_display_name.py
[2024-11-20T14:23:34.512+0000] {logging_mixin.py:190} INFO - [2024-11-20T14:23:34.511+0000] {dag.py:3239} INFO - Sync 1 DAGs
[2024-11-20T14:23:34.535+0000] {logging_mixin.py:190} INFO - [2024-11-20T14:23:34.535+0000] {dag.py:4180} INFO - Setting next_dagrun for example_display_name to None, run_after=None
[2024-11-20T14:23:34.565+0000] {processor.py:208} INFO - Processing /home/airflow/.local/lib/python3.12/site-packages/airflow/example_dags/example_display_name.py took 0.112 seconds
[2024-11-20T14:24:05.045+0000] {processor.py:186} INFO - Started process (PID=1034) to work on /home/airflow/.local/lib/python3.12/site-packages/airflow/example_dags/example_display_name.py
[2024-11-20T14:24:05.046+0000] {processor.py:914} INFO - Processing file /home/airflow/.local/lib/python3.12/site-packages/airflow/example_dags/example_display_name.py for tasks to queue
[2024-11-20T14:24:05.051+0000] {logging_mixin.py:190} INFO - [2024-11-20T14:24:05.051+0000] {dagbag.py:588} INFO - Filling up the DagBag from /home/airflow/.local/lib/python3.12/site-packages/airflow/example_dags/example_display_name.py
[2024-11-20T14:24:05.064+0000] {processor.py:925} INFO - DAG(s) 'example_display_name' retrieved from /home/airflow/.local/lib/python3.12/site-packages/airflow/example_dags/example_display_name.py
[2024-11-20T14:24:05.097+0000] {logging_mixin.py:190} INFO - [2024-11-20T14:24:05.097+0000] {dag.py:3239} INFO - Sync 1 DAGs
[2024-11-20T14:24:05.126+0000] {logging_mixin.py:190} INFO - [2024-11-20T14:24:05.125+0000] {dag.py:4180} INFO - Setting next_dagrun for example_display_name to None, run_after=None
[2024-11-20T14:24:05.155+0000] {processor.py:208} INFO - Processing /home/airflow/.local/lib/python3.12/site-packages/airflow/example_dags/example_display_name.py took 0.121 seconds
[2024-11-20T14:24:35.914+0000] {processor.py:186} INFO - Started process (PID=1096) to work on /home/airflow/.local/lib/python3.12/site-packages/airflow/example_dags/example_display_name.py
[2024-11-20T14:24:35.916+0000] {processor.py:914} INFO - Processing file /home/airflow/.local/lib/python3.12/site-packages/airflow/example_dags/example_display_name.py for tasks to queue
[2024-11-20T14:24:35.920+0000] {logging_mixin.py:190} INFO - [2024-11-20T14:24:35.920+0000] {dagbag.py:588} INFO - Filling up the DagBag from /home/airflow/.local/lib/python3.12/site-packages/airflow/example_dags/example_display_name.py
[2024-11-20T14:24:35.933+0000] {processor.py:925} INFO - DAG(s) 'example_display_name' retrieved from /home/airflow/.local/lib/python3.12/site-packages/airflow/example_dags/example_display_name.py
[2024-11-20T14:24:35.964+0000] {logging_mixin.py:190} INFO - [2024-11-20T14:24:35.963+0000] {dag.py:3239} INFO - Sync 1 DAGs
[2024-11-20T14:24:35.991+0000] {logging_mixin.py:190} INFO - [2024-11-20T14:24:35.990+0000] {dag.py:4180} INFO - Setting next_dagrun for example_display_name to None, run_after=None
[2024-11-20T14:24:36.022+0000] {processor.py:208} INFO - Processing /home/airflow/.local/lib/python3.12/site-packages/airflow/example_dags/example_display_name.py took 0.119 seconds
[2024-11-20T14:25:06.441+0000] {processor.py:186} INFO - Started process (PID=1159) to work on /home/airflow/.local/lib/python3.12/site-packages/airflow/example_dags/example_display_name.py
[2024-11-20T14:25:06.443+0000] {processor.py:914} INFO - Processing file /home/airflow/.local/lib/python3.12/site-packages/airflow/example_dags/example_display_name.py for tasks to queue
[2024-11-20T14:25:06.448+0000] {logging_mixin.py:190} INFO - [2024-11-20T14:25:06.447+0000] {dagbag.py:588} INFO - Filling up the DagBag from /home/airflow/.local/lib/python3.12/site-packages/airflow/example_dags/example_display_name.py
[2024-11-20T14:25:06.472+0000] {processor.py:925} INFO - DAG(s) 'example_display_name' retrieved from /home/airflow/.local/lib/python3.12/site-packages/airflow/example_dags/example_display_name.py
[2024-11-20T14:25:06.518+0000] {logging_mixin.py:190} INFO - [2024-11-20T14:25:06.517+0000] {dag.py:3239} INFO - Sync 1 DAGs
[2024-11-20T14:25:06.554+0000] {logging_mixin.py:190} INFO - [2024-11-20T14:25:06.553+0000] {dag.py:4180} INFO - Setting next_dagrun for example_display_name to None, run_after=None
[2024-11-20T14:25:06.601+0000] {processor.py:208} INFO - Processing /home/airflow/.local/lib/python3.12/site-packages/airflow/example_dags/example_display_name.py took 0.177 seconds
[2024-11-20T14:25:37.118+0000] {processor.py:186} INFO - Started process (PID=1222) to work on /home/airflow/.local/lib/python3.12/site-packages/airflow/example_dags/example_display_name.py
[2024-11-20T14:25:37.120+0000] {processor.py:914} INFO - Processing file /home/airflow/.local/lib/python3.12/site-packages/airflow/example_dags/example_display_name.py for tasks to queue
[2024-11-20T14:25:37.126+0000] {logging_mixin.py:190} INFO - [2024-11-20T14:25:37.125+0000] {dagbag.py:588} INFO - Filling up the DagBag from /home/airflow/.local/lib/python3.12/site-packages/airflow/example_dags/example_display_name.py
[2024-11-20T14:25:37.145+0000] {processor.py:925} INFO - DAG(s) 'example_display_name' retrieved from /home/airflow/.local/lib/python3.12/site-packages/airflow/example_dags/example_display_name.py
[2024-11-20T14:25:37.187+0000] {logging_mixin.py:190} INFO - [2024-11-20T14:25:37.186+0000] {dag.py:3239} INFO - Sync 1 DAGs
[2024-11-20T14:25:37.229+0000] {logging_mixin.py:190} INFO - [2024-11-20T14:25:37.228+0000] {dag.py:4180} INFO - Setting next_dagrun for example_display_name to None, run_after=None
[2024-11-20T14:25:37.273+0000] {processor.py:208} INFO - Processing /home/airflow/.local/lib/python3.12/site-packages/airflow/example_dags/example_display_name.py took 0.171 seconds
[2024-11-20T14:26:07.326+0000] {processor.py:186} INFO - Started process (PID=1285) to work on /home/airflow/.local/lib/python3.12/site-packages/airflow/example_dags/example_display_name.py
[2024-11-20T14:26:07.328+0000] {processor.py:914} INFO - Processing file /home/airflow/.local/lib/python3.12/site-packages/airflow/example_dags/example_display_name.py for tasks to queue
[2024-11-20T14:26:07.332+0000] {logging_mixin.py:190} INFO - [2024-11-20T14:26:07.331+0000] {dagbag.py:588} INFO - Filling up the DagBag from /home/airflow/.local/lib/python3.12/site-packages/airflow/example_dags/example_display_name.py
[2024-11-20T14:26:07.343+0000] {processor.py:925} INFO - DAG(s) 'example_display_name' retrieved from /home/airflow/.local/lib/python3.12/site-packages/airflow/example_dags/example_display_name.py
[2024-11-20T14:26:07.373+0000] {logging_mixin.py:190} INFO - [2024-11-20T14:26:07.372+0000] {dag.py:3239} INFO - Sync 1 DAGs
[2024-11-20T14:26:07.396+0000] {logging_mixin.py:190} INFO - [2024-11-20T14:26:07.396+0000] {dag.py:4180} INFO - Setting next_dagrun for example_display_name to None, run_after=None
[2024-11-20T14:26:07.427+0000] {processor.py:208} INFO - Processing /home/airflow/.local/lib/python3.12/site-packages/airflow/example_dags/example_display_name.py took 0.110 seconds
[2024-11-20T14:26:38.143+0000] {processor.py:186} INFO - Started process (PID=1348) to work on /home/airflow/.local/lib/python3.12/site-packages/airflow/example_dags/example_display_name.py
[2024-11-20T14:26:38.145+0000] {processor.py:914} INFO - Processing file /home/airflow/.local/lib/python3.12/site-packages/airflow/example_dags/example_display_name.py for tasks to queue
[2024-11-20T14:26:38.149+0000] {logging_mixin.py:190} INFO - [2024-11-20T14:26:38.149+0000] {dagbag.py:588} INFO - Filling up the DagBag from /home/airflow/.local/lib/python3.12/site-packages/airflow/example_dags/example_display_name.py
[2024-11-20T14:26:38.161+0000] {processor.py:925} INFO - DAG(s) 'example_display_name' retrieved from /home/airflow/.local/lib/python3.12/site-packages/airflow/example_dags/example_display_name.py
[2024-11-20T14:26:38.215+0000] {logging_mixin.py:190} INFO - [2024-11-20T14:26:38.214+0000] {dag.py:3239} INFO - Sync 1 DAGs
[2024-11-20T14:26:38.246+0000] {logging_mixin.py:190} INFO - [2024-11-20T14:26:38.245+0000] {dag.py:4180} INFO - Setting next_dagrun for example_display_name to None, run_after=None
[2024-11-20T14:26:38.288+0000] {processor.py:208} INFO - Processing /home/airflow/.local/lib/python3.12/site-packages/airflow/example_dags/example_display_name.py took 0.159 seconds
[2024-11-20T14:28:07.476+0000] {processor.py:186} INFO - Started process (PID=1424) to work on /home/airflow/.local/lib/python3.12/site-packages/airflow/example_dags/example_display_name.py
[2024-11-20T14:28:07.484+0000] {processor.py:914} INFO - Processing file /home/airflow/.local/lib/python3.12/site-packages/airflow/example_dags/example_display_name.py for tasks to queue
[2024-11-20T14:28:07.498+0000] {logging_mixin.py:190} INFO - [2024-11-20T14:28:07.492+0000] {dagbag.py:588} INFO - Filling up the DagBag from /home/airflow/.local/lib/python3.12/site-packages/airflow/example_dags/example_display_name.py
[2024-11-20T14:28:07.518+0000] {processor.py:925} INFO - DAG(s) 'example_display_name' retrieved from /home/airflow/.local/lib/python3.12/site-packages/airflow/example_dags/example_display_name.py
[2024-11-20T14:28:07.556+0000] {logging_mixin.py:190} INFO - [2024-11-20T14:28:07.556+0000] {dag.py:3239} INFO - Sync 1 DAGs
[2024-11-20T14:28:07.593+0000] {logging_mixin.py:190} INFO - [2024-11-20T14:28:07.592+0000] {dag.py:4180} INFO - Setting next_dagrun for example_display_name to None, run_after=None
[2024-11-20T14:28:07.778+0000] {processor.py:208} INFO - Processing /home/airflow/.local/lib/python3.12/site-packages/airflow/example_dags/example_display_name.py took 0.338 seconds
[2024-11-20T14:28:38.457+0000] {processor.py:186} INFO - Started process (PID=1486) to work on /home/airflow/.local/lib/python3.12/site-packages/airflow/example_dags/example_display_name.py
[2024-11-20T14:28:38.459+0000] {processor.py:914} INFO - Processing file /home/airflow/.local/lib/python3.12/site-packages/airflow/example_dags/example_display_name.py for tasks to queue
[2024-11-20T14:28:38.463+0000] {logging_mixin.py:190} INFO - [2024-11-20T14:28:38.462+0000] {dagbag.py:588} INFO - Filling up the DagBag from /home/airflow/.local/lib/python3.12/site-packages/airflow/example_dags/example_display_name.py
[2024-11-20T14:28:38.476+0000] {processor.py:925} INFO - DAG(s) 'example_display_name' retrieved from /home/airflow/.local/lib/python3.12/site-packages/airflow/example_dags/example_display_name.py
[2024-11-20T14:28:38.504+0000] {logging_mixin.py:190} INFO - [2024-11-20T14:28:38.504+0000] {dag.py:3239} INFO - Sync 1 DAGs
[2024-11-20T14:28:38.529+0000] {logging_mixin.py:190} INFO - [2024-11-20T14:28:38.528+0000] {dag.py:4180} INFO - Setting next_dagrun for example_display_name to None, run_after=None
[2024-11-20T14:28:38.564+0000] {processor.py:208} INFO - Processing /home/airflow/.local/lib/python3.12/site-packages/airflow/example_dags/example_display_name.py took 0.118 seconds
[2024-11-20T14:29:08.806+0000] {processor.py:186} INFO - Started process (PID=1548) to work on /home/airflow/.local/lib/python3.12/site-packages/airflow/example_dags/example_display_name.py
[2024-11-20T14:29:08.808+0000] {processor.py:914} INFO - Processing file /home/airflow/.local/lib/python3.12/site-packages/airflow/example_dags/example_display_name.py for tasks to queue
[2024-11-20T14:29:08.813+0000] {logging_mixin.py:190} INFO - [2024-11-20T14:29:08.812+0000] {dagbag.py:588} INFO - Filling up the DagBag from /home/airflow/.local/lib/python3.12/site-packages/airflow/example_dags/example_display_name.py
[2024-11-20T14:29:08.828+0000] {processor.py:925} INFO - DAG(s) 'example_display_name' retrieved from /home/airflow/.local/lib/python3.12/site-packages/airflow/example_dags/example_display_name.py
[2024-11-20T14:29:08.868+0000] {logging_mixin.py:190} INFO - [2024-11-20T14:29:08.868+0000] {dag.py:3239} INFO - Sync 1 DAGs
[2024-11-20T14:29:08.899+0000] {logging_mixin.py:190} INFO - [2024-11-20T14:29:08.899+0000] {dag.py:4180} INFO - Setting next_dagrun for example_display_name to None, run_after=None
[2024-11-20T14:29:08.931+0000] {processor.py:208} INFO - Processing /home/airflow/.local/lib/python3.12/site-packages/airflow/example_dags/example_display_name.py took 0.141 seconds
[2024-11-20T14:29:39.182+0000] {processor.py:186} INFO - Started process (PID=1610) to work on /home/airflow/.local/lib/python3.12/site-packages/airflow/example_dags/example_display_name.py
[2024-11-20T14:29:39.184+0000] {processor.py:914} INFO - Processing file /home/airflow/.local/lib/python3.12/site-packages/airflow/example_dags/example_display_name.py for tasks to queue
[2024-11-20T14:29:39.189+0000] {logging_mixin.py:190} INFO - [2024-11-20T14:29:39.188+0000] {dagbag.py:588} INFO - Filling up the DagBag from /home/airflow/.local/lib/python3.12/site-packages/airflow/example_dags/example_display_name.py
[2024-11-20T14:29:39.202+0000] {processor.py:925} INFO - DAG(s) 'example_display_name' retrieved from /home/airflow/.local/lib/python3.12/site-packages/airflow/example_dags/example_display_name.py
[2024-11-20T14:29:39.233+0000] {logging_mixin.py:190} INFO - [2024-11-20T14:29:39.233+0000] {dag.py:3239} INFO - Sync 1 DAGs
[2024-11-20T14:29:39.259+0000] {logging_mixin.py:190} INFO - [2024-11-20T14:29:39.258+0000] {dag.py:4180} INFO - Setting next_dagrun for example_display_name to None, run_after=None
[2024-11-20T14:29:39.288+0000] {processor.py:208} INFO - Processing /home/airflow/.local/lib/python3.12/site-packages/airflow/example_dags/example_display_name.py took 0.120 seconds
[2024-11-20T14:30:09.614+0000] {processor.py:186} INFO - Started process (PID=1672) to work on /home/airflow/.local/lib/python3.12/site-packages/airflow/example_dags/example_display_name.py
[2024-11-20T14:30:09.617+0000] {processor.py:914} INFO - Processing file /home/airflow/.local/lib/python3.12/site-packages/airflow/example_dags/example_display_name.py for tasks to queue
[2024-11-20T14:30:09.623+0000] {logging_mixin.py:190} INFO - [2024-11-20T14:30:09.622+0000] {dagbag.py:588} INFO - Filling up the DagBag from /home/airflow/.local/lib/python3.12/site-packages/airflow/example_dags/example_display_name.py
[2024-11-20T14:30:09.638+0000] {processor.py:925} INFO - DAG(s) 'example_display_name' retrieved from /home/airflow/.local/lib/python3.12/site-packages/airflow/example_dags/example_display_name.py
[2024-11-20T14:30:09.684+0000] {logging_mixin.py:190} INFO - [2024-11-20T14:30:09.683+0000] {dag.py:3239} INFO - Sync 1 DAGs
[2024-11-20T14:30:09.727+0000] {logging_mixin.py:190} INFO - [2024-11-20T14:30:09.727+0000] {dag.py:4180} INFO - Setting next_dagrun for example_display_name to None, run_after=None
[2024-11-20T14:30:09.785+0000] {processor.py:208} INFO - Processing /home/airflow/.local/lib/python3.12/site-packages/airflow/example_dags/example_display_name.py took 0.188 seconds
[2024-11-20T14:30:40.115+0000] {processor.py:186} INFO - Started process (PID=1735) to work on /home/airflow/.local/lib/python3.12/site-packages/airflow/example_dags/example_display_name.py
[2024-11-20T14:30:40.119+0000] {processor.py:914} INFO - Processing file /home/airflow/.local/lib/python3.12/site-packages/airflow/example_dags/example_display_name.py for tasks to queue
[2024-11-20T14:30:40.128+0000] {logging_mixin.py:190} INFO - [2024-11-20T14:30:40.127+0000] {dagbag.py:588} INFO - Filling up the DagBag from /home/airflow/.local/lib/python3.12/site-packages/airflow/example_dags/example_display_name.py
[2024-11-20T14:30:40.149+0000] {processor.py:925} INFO - DAG(s) 'example_display_name' retrieved from /home/airflow/.local/lib/python3.12/site-packages/airflow/example_dags/example_display_name.py
[2024-11-20T14:30:40.253+0000] {logging_mixin.py:190} INFO - [2024-11-20T14:30:40.252+0000] {dag.py:3239} INFO - Sync 1 DAGs
[2024-11-20T14:30:40.352+0000] {logging_mixin.py:190} INFO - [2024-11-20T14:30:40.351+0000] {dag.py:4180} INFO - Setting next_dagrun for example_display_name to None, run_after=None
[2024-11-20T14:30:40.461+0000] {processor.py:208} INFO - Processing /home/airflow/.local/lib/python3.12/site-packages/airflow/example_dags/example_display_name.py took 0.365 seconds
[2024-11-20T14:31:11.059+0000] {processor.py:186} INFO - Started process (PID=1798) to work on /home/airflow/.local/lib/python3.12/site-packages/airflow/example_dags/example_display_name.py
[2024-11-20T14:31:11.064+0000] {processor.py:914} INFO - Processing file /home/airflow/.local/lib/python3.12/site-packages/airflow/example_dags/example_display_name.py for tasks to queue
[2024-11-20T14:31:11.073+0000] {logging_mixin.py:190} INFO - [2024-11-20T14:31:11.072+0000] {dagbag.py:588} INFO - Filling up the DagBag from /home/airflow/.local/lib/python3.12/site-packages/airflow/example_dags/example_display_name.py
[2024-11-20T14:31:11.102+0000] {processor.py:925} INFO - DAG(s) 'example_display_name' retrieved from /home/airflow/.local/lib/python3.12/site-packages/airflow/example_dags/example_display_name.py
[2024-11-20T14:31:11.167+0000] {logging_mixin.py:190} INFO - [2024-11-20T14:31:11.166+0000] {dag.py:3239} INFO - Sync 1 DAGs
[2024-11-20T14:31:11.217+0000] {logging_mixin.py:190} INFO - [2024-11-20T14:31:11.217+0000] {dag.py:4180} INFO - Setting next_dagrun for example_display_name to None, run_after=None
[2024-11-20T14:31:11.274+0000] {processor.py:208} INFO - Processing /home/airflow/.local/lib/python3.12/site-packages/airflow/example_dags/example_display_name.py took 0.251 seconds
[2024-11-20T14:31:41.492+0000] {processor.py:186} INFO - Started process (PID=1861) to work on /home/airflow/.local/lib/python3.12/site-packages/airflow/example_dags/example_display_name.py
[2024-11-20T14:31:41.494+0000] {processor.py:914} INFO - Processing file /home/airflow/.local/lib/python3.12/site-packages/airflow/example_dags/example_display_name.py for tasks to queue
[2024-11-20T14:31:41.499+0000] {logging_mixin.py:190} INFO - [2024-11-20T14:31:41.499+0000] {dagbag.py:588} INFO - Filling up the DagBag from /home/airflow/.local/lib/python3.12/site-packages/airflow/example_dags/example_display_name.py
[2024-11-20T14:31:41.527+0000] {processor.py:925} INFO - DAG(s) 'example_display_name' retrieved from /home/airflow/.local/lib/python3.12/site-packages/airflow/example_dags/example_display_name.py
[2024-11-20T14:31:41.581+0000] {logging_mixin.py:190} INFO - [2024-11-20T14:31:41.580+0000] {dag.py:3239} INFO - Sync 1 DAGs
[2024-11-20T14:31:41.629+0000] {logging_mixin.py:190} INFO - [2024-11-20T14:31:41.628+0000] {dag.py:4180} INFO - Setting next_dagrun for example_display_name to None, run_after=None
[2024-11-20T14:31:41.676+0000] {processor.py:208} INFO - Processing /home/airflow/.local/lib/python3.12/site-packages/airflow/example_dags/example_display_name.py took 0.202 seconds
[2024-11-20T14:32:11.989+0000] {processor.py:186} INFO - Started process (PID=1924) to work on /home/airflow/.local/lib/python3.12/site-packages/airflow/example_dags/example_display_name.py
[2024-11-20T14:32:11.993+0000] {processor.py:914} INFO - Processing file /home/airflow/.local/lib/python3.12/site-packages/airflow/example_dags/example_display_name.py for tasks to queue
[2024-11-20T14:32:12.000+0000] {logging_mixin.py:190} INFO - [2024-11-20T14:32:11.999+0000] {dagbag.py:588} INFO - Filling up the DagBag from /home/airflow/.local/lib/python3.12/site-packages/airflow/example_dags/example_display_name.py
[2024-11-20T14:32:12.021+0000] {processor.py:925} INFO - DAG(s) 'example_display_name' retrieved from /home/airflow/.local/lib/python3.12/site-packages/airflow/example_dags/example_display_name.py
[2024-11-20T14:32:12.075+0000] {logging_mixin.py:190} INFO - [2024-11-20T14:32:12.074+0000] {dag.py:3239} INFO - Sync 1 DAGs
[2024-11-20T14:32:12.129+0000] {logging_mixin.py:190} INFO - [2024-11-20T14:32:12.128+0000] {dag.py:4180} INFO - Setting next_dagrun for example_display_name to None, run_after=None
[2024-11-20T14:32:12.182+0000] {processor.py:208} INFO - Processing /home/airflow/.local/lib/python3.12/site-packages/airflow/example_dags/example_display_name.py took 0.216 seconds
[2024-11-20T14:32:42.300+0000] {processor.py:186} INFO - Started process (PID=1987) to work on /home/airflow/.local/lib/python3.12/site-packages/airflow/example_dags/example_display_name.py
[2024-11-20T14:32:42.301+0000] {processor.py:914} INFO - Processing file /home/airflow/.local/lib/python3.12/site-packages/airflow/example_dags/example_display_name.py for tasks to queue
[2024-11-20T14:32:42.307+0000] {logging_mixin.py:190} INFO - [2024-11-20T14:32:42.306+0000] {dagbag.py:588} INFO - Filling up the DagBag from /home/airflow/.local/lib/python3.12/site-packages/airflow/example_dags/example_display_name.py
[2024-11-20T14:32:42.323+0000] {processor.py:925} INFO - DAG(s) 'example_display_name' retrieved from /home/airflow/.local/lib/python3.12/site-packages/airflow/example_dags/example_display_name.py
[2024-11-20T14:32:42.355+0000] {logging_mixin.py:190} INFO - [2024-11-20T14:32:42.355+0000] {dag.py:3239} INFO - Sync 1 DAGs
[2024-11-20T14:32:42.386+0000] {logging_mixin.py:190} INFO - [2024-11-20T14:32:42.385+0000] {dag.py:4180} INFO - Setting next_dagrun for example_display_name to None, run_after=None
[2024-11-20T14:32:42.437+0000] {processor.py:208} INFO - Processing /home/airflow/.local/lib/python3.12/site-packages/airflow/example_dags/example_display_name.py took 0.150 seconds
[2024-11-20T14:33:12.530+0000] {processor.py:186} INFO - Started process (PID=2050) to work on /home/airflow/.local/lib/python3.12/site-packages/airflow/example_dags/example_display_name.py
[2024-11-20T14:33:12.532+0000] {processor.py:914} INFO - Processing file /home/airflow/.local/lib/python3.12/site-packages/airflow/example_dags/example_display_name.py for tasks to queue
[2024-11-20T14:33:12.537+0000] {logging_mixin.py:190} INFO - [2024-11-20T14:33:12.536+0000] {dagbag.py:588} INFO - Filling up the DagBag from /home/airflow/.local/lib/python3.12/site-packages/airflow/example_dags/example_display_name.py
[2024-11-20T14:33:12.554+0000] {processor.py:925} INFO - DAG(s) 'example_display_name' retrieved from /home/airflow/.local/lib/python3.12/site-packages/airflow/example_dags/example_display_name.py
[2024-11-20T14:33:12.596+0000] {logging_mixin.py:190} INFO - [2024-11-20T14:33:12.595+0000] {dag.py:3239} INFO - Sync 1 DAGs
[2024-11-20T14:33:12.630+0000] {logging_mixin.py:190} INFO - [2024-11-20T14:33:12.630+0000] {dag.py:4180} INFO - Setting next_dagrun for example_display_name to None, run_after=None
[2024-11-20T14:33:12.670+0000] {processor.py:208} INFO - Processing /home/airflow/.local/lib/python3.12/site-packages/airflow/example_dags/example_display_name.py took 0.152 seconds
[2024-11-20T14:33:43.254+0000] {processor.py:186} INFO - Started process (PID=2119) to work on /home/airflow/.local/lib/python3.12/site-packages/airflow/example_dags/example_display_name.py
[2024-11-20T14:33:43.256+0000] {processor.py:914} INFO - Processing file /home/airflow/.local/lib/python3.12/site-packages/airflow/example_dags/example_display_name.py for tasks to queue
[2024-11-20T14:33:43.263+0000] {logging_mixin.py:190} INFO - [2024-11-20T14:33:43.262+0000] {dagbag.py:588} INFO - Filling up the DagBag from /home/airflow/.local/lib/python3.12/site-packages/airflow/example_dags/example_display_name.py
[2024-11-20T14:33:43.283+0000] {processor.py:925} INFO - DAG(s) 'example_display_name' retrieved from /home/airflow/.local/lib/python3.12/site-packages/airflow/example_dags/example_display_name.py
[2024-11-20T14:33:43.344+0000] {logging_mixin.py:190} INFO - [2024-11-20T14:33:43.344+0000] {dag.py:3239} INFO - Sync 1 DAGs
[2024-11-20T14:33:43.396+0000] {logging_mixin.py:190} INFO - [2024-11-20T14:33:43.395+0000] {dag.py:4180} INFO - Setting next_dagrun for example_display_name to None, run_after=None
[2024-11-20T14:33:43.454+0000] {processor.py:208} INFO - Processing /home/airflow/.local/lib/python3.12/site-packages/airflow/example_dags/example_display_name.py took 0.214 seconds
[2024-11-20T14:34:13.676+0000] {processor.py:186} INFO - Started process (PID=2181) to work on /home/airflow/.local/lib/python3.12/site-packages/airflow/example_dags/example_display_name.py
[2024-11-20T14:34:13.677+0000] {processor.py:914} INFO - Processing file /home/airflow/.local/lib/python3.12/site-packages/airflow/example_dags/example_display_name.py for tasks to queue
[2024-11-20T14:34:13.681+0000] {logging_mixin.py:190} INFO - [2024-11-20T14:34:13.680+0000] {dagbag.py:588} INFO - Filling up the DagBag from /home/airflow/.local/lib/python3.12/site-packages/airflow/example_dags/example_display_name.py
[2024-11-20T14:34:13.693+0000] {processor.py:925} INFO - DAG(s) 'example_display_name' retrieved from /home/airflow/.local/lib/python3.12/site-packages/airflow/example_dags/example_display_name.py
[2024-11-20T14:34:13.726+0000] {logging_mixin.py:190} INFO - [2024-11-20T14:34:13.725+0000] {dag.py:3239} INFO - Sync 1 DAGs
[2024-11-20T14:34:13.752+0000] {logging_mixin.py:190} INFO - [2024-11-20T14:34:13.751+0000] {dag.py:4180} INFO - Setting next_dagrun for example_display_name to None, run_after=None
[2024-11-20T14:34:13.785+0000] {processor.py:208} INFO - Processing /home/airflow/.local/lib/python3.12/site-packages/airflow/example_dags/example_display_name.py took 0.122 seconds
[2024-11-20T14:34:44.103+0000] {processor.py:186} INFO - Started process (PID=2244) to work on /home/airflow/.local/lib/python3.12/site-packages/airflow/example_dags/example_display_name.py
[2024-11-20T14:34:44.105+0000] {processor.py:914} INFO - Processing file /home/airflow/.local/lib/python3.12/site-packages/airflow/example_dags/example_display_name.py for tasks to queue
[2024-11-20T14:34:44.111+0000] {logging_mixin.py:190} INFO - [2024-11-20T14:34:44.110+0000] {dagbag.py:588} INFO - Filling up the DagBag from /home/airflow/.local/lib/python3.12/site-packages/airflow/example_dags/example_display_name.py
[2024-11-20T14:34:44.127+0000] {processor.py:925} INFO - DAG(s) 'example_display_name' retrieved from /home/airflow/.local/lib/python3.12/site-packages/airflow/example_dags/example_display_name.py
[2024-11-20T14:34:44.170+0000] {logging_mixin.py:190} INFO - [2024-11-20T14:34:44.170+0000] {dag.py:3239} INFO - Sync 1 DAGs
[2024-11-20T14:34:44.212+0000] {logging_mixin.py:190} INFO - [2024-11-20T14:34:44.212+0000] {dag.py:4180} INFO - Setting next_dagrun for example_display_name to None, run_after=None
[2024-11-20T14:34:44.249+0000] {processor.py:208} INFO - Processing /home/airflow/.local/lib/python3.12/site-packages/airflow/example_dags/example_display_name.py took 0.160 seconds
[2024-11-20T14:35:15.068+0000] {processor.py:186} INFO - Started process (PID=2308) to work on /home/airflow/.local/lib/python3.12/site-packages/airflow/example_dags/example_display_name.py
[2024-11-20T14:35:15.070+0000] {processor.py:914} INFO - Processing file /home/airflow/.local/lib/python3.12/site-packages/airflow/example_dags/example_display_name.py for tasks to queue
[2024-11-20T14:35:15.074+0000] {logging_mixin.py:190} INFO - [2024-11-20T14:35:15.074+0000] {dagbag.py:588} INFO - Filling up the DagBag from /home/airflow/.local/lib/python3.12/site-packages/airflow/example_dags/example_display_name.py
[2024-11-20T14:35:15.085+0000] {processor.py:925} INFO - DAG(s) 'example_display_name' retrieved from /home/airflow/.local/lib/python3.12/site-packages/airflow/example_dags/example_display_name.py
[2024-11-20T14:35:15.110+0000] {logging_mixin.py:190} INFO - [2024-11-20T14:35:15.110+0000] {dag.py:3239} INFO - Sync 1 DAGs
[2024-11-20T14:35:15.132+0000] {logging_mixin.py:190} INFO - [2024-11-20T14:35:15.131+0000] {dag.py:4180} INFO - Setting next_dagrun for example_display_name to None, run_after=None
[2024-11-20T14:35:15.157+0000] {processor.py:208} INFO - Processing /home/airflow/.local/lib/python3.12/site-packages/airflow/example_dags/example_display_name.py took 0.102 seconds
[2024-11-20T14:35:46.004+0000] {processor.py:186} INFO - Started process (PID=2371) to work on /home/airflow/.local/lib/python3.12/site-packages/airflow/example_dags/example_display_name.py
[2024-11-20T14:35:46.008+0000] {processor.py:914} INFO - Processing file /home/airflow/.local/lib/python3.12/site-packages/airflow/example_dags/example_display_name.py for tasks to queue
[2024-11-20T14:35:46.013+0000] {logging_mixin.py:190} INFO - [2024-11-20T14:35:46.012+0000] {dagbag.py:588} INFO - Filling up the DagBag from /home/airflow/.local/lib/python3.12/site-packages/airflow/example_dags/example_display_name.py
[2024-11-20T14:35:46.028+0000] {processor.py:925} INFO - DAG(s) 'example_display_name' retrieved from /home/airflow/.local/lib/python3.12/site-packages/airflow/example_dags/example_display_name.py
[2024-11-20T14:35:46.060+0000] {logging_mixin.py:190} INFO - [2024-11-20T14:35:46.059+0000] {dag.py:3239} INFO - Sync 1 DAGs
[2024-11-20T14:35:46.083+0000] {logging_mixin.py:190} INFO - [2024-11-20T14:35:46.083+0000] {dag.py:4180} INFO - Setting next_dagrun for example_display_name to None, run_after=None
[2024-11-20T14:35:46.117+0000] {processor.py:208} INFO - Processing /home/airflow/.local/lib/python3.12/site-packages/airflow/example_dags/example_display_name.py took 0.132 seconds
[2024-11-20T14:36:16.818+0000] {processor.py:186} INFO - Started process (PID=2434) to work on /home/airflow/.local/lib/python3.12/site-packages/airflow/example_dags/example_display_name.py
[2024-11-20T14:36:16.820+0000] {processor.py:914} INFO - Processing file /home/airflow/.local/lib/python3.12/site-packages/airflow/example_dags/example_display_name.py for tasks to queue
[2024-11-20T14:36:16.823+0000] {logging_mixin.py:190} INFO - [2024-11-20T14:36:16.823+0000] {dagbag.py:588} INFO - Filling up the DagBag from /home/airflow/.local/lib/python3.12/site-packages/airflow/example_dags/example_display_name.py
[2024-11-20T14:36:16.836+0000] {processor.py:925} INFO - DAG(s) 'example_display_name' retrieved from /home/airflow/.local/lib/python3.12/site-packages/airflow/example_dags/example_display_name.py
[2024-11-20T14:36:16.877+0000] {logging_mixin.py:190} INFO - [2024-11-20T14:36:16.876+0000] {dag.py:3239} INFO - Sync 1 DAGs
[2024-11-20T14:36:16.916+0000] {logging_mixin.py:190} INFO - [2024-11-20T14:36:16.915+0000] {dag.py:4180} INFO - Setting next_dagrun for example_display_name to None, run_after=None
[2024-11-20T14:36:16.958+0000] {processor.py:208} INFO - Processing /home/airflow/.local/lib/python3.12/site-packages/airflow/example_dags/example_display_name.py took 0.149 seconds
[2024-11-20T14:36:48.212+0000] {processor.py:186} INFO - Started process (PID=2497) to work on /home/airflow/.local/lib/python3.12/site-packages/airflow/example_dags/example_display_name.py
[2024-11-20T14:36:48.225+0000] {processor.py:914} INFO - Processing file /home/airflow/.local/lib/python3.12/site-packages/airflow/example_dags/example_display_name.py for tasks to queue
[2024-11-20T14:36:48.236+0000] {logging_mixin.py:190} INFO - [2024-11-20T14:36:48.236+0000] {dagbag.py:588} INFO - Filling up the DagBag from /home/airflow/.local/lib/python3.12/site-packages/airflow/example_dags/example_display_name.py
[2024-11-20T14:36:48.309+0000] {processor.py:925} INFO - DAG(s) 'example_display_name' retrieved from /home/airflow/.local/lib/python3.12/site-packages/airflow/example_dags/example_display_name.py
[2024-11-20T14:36:48.415+0000] {logging_mixin.py:190} INFO - [2024-11-20T14:36:48.415+0000] {dag.py:3239} INFO - Sync 1 DAGs
[2024-11-20T14:36:48.467+0000] {logging_mixin.py:190} INFO - [2024-11-20T14:36:48.463+0000] {dag.py:4180} INFO - Setting next_dagrun for example_display_name to None, run_after=None
[2024-11-20T14:36:48.524+0000] {processor.py:208} INFO - Processing /home/airflow/.local/lib/python3.12/site-packages/airflow/example_dags/example_display_name.py took 0.334 seconds
[2024-11-20T14:37:19.655+0000] {processor.py:186} INFO - Started process (PID=2559) to work on /home/airflow/.local/lib/python3.12/site-packages/airflow/example_dags/example_display_name.py
[2024-11-20T14:37:19.658+0000] {processor.py:914} INFO - Processing file /home/airflow/.local/lib/python3.12/site-packages/airflow/example_dags/example_display_name.py for tasks to queue
[2024-11-20T14:37:19.663+0000] {logging_mixin.py:190} INFO - [2024-11-20T14:37:19.663+0000] {dagbag.py:588} INFO - Filling up the DagBag from /home/airflow/.local/lib/python3.12/site-packages/airflow/example_dags/example_display_name.py
[2024-11-20T14:37:19.685+0000] {processor.py:925} INFO - DAG(s) 'example_display_name' retrieved from /home/airflow/.local/lib/python3.12/site-packages/airflow/example_dags/example_display_name.py
[2024-11-20T14:37:19.758+0000] {logging_mixin.py:190} INFO - [2024-11-20T14:37:19.757+0000] {dag.py:3239} INFO - Sync 1 DAGs
[2024-11-20T14:37:19.809+0000] {logging_mixin.py:190} INFO - [2024-11-20T14:37:19.808+0000] {dag.py:4180} INFO - Setting next_dagrun for example_display_name to None, run_after=None
[2024-11-20T14:37:19.853+0000] {processor.py:208} INFO - Processing /home/airflow/.local/lib/python3.12/site-packages/airflow/example_dags/example_display_name.py took 0.216 seconds
[2024-11-20T14:37:50.151+0000] {processor.py:186} INFO - Started process (PID=2620) to work on /home/airflow/.local/lib/python3.12/site-packages/airflow/example_dags/example_display_name.py
[2024-11-20T14:37:50.153+0000] {processor.py:914} INFO - Processing file /home/airflow/.local/lib/python3.12/site-packages/airflow/example_dags/example_display_name.py for tasks to queue
[2024-11-20T14:37:50.160+0000] {logging_mixin.py:190} INFO - [2024-11-20T14:37:50.159+0000] {dagbag.py:588} INFO - Filling up the DagBag from /home/airflow/.local/lib/python3.12/site-packages/airflow/example_dags/example_display_name.py
[2024-11-20T14:37:50.178+0000] {processor.py:925} INFO - DAG(s) 'example_display_name' retrieved from /home/airflow/.local/lib/python3.12/site-packages/airflow/example_dags/example_display_name.py
[2024-11-20T14:37:50.213+0000] {logging_mixin.py:190} INFO - [2024-11-20T14:37:50.213+0000] {dag.py:3239} INFO - Sync 1 DAGs
[2024-11-20T14:37:50.245+0000] {logging_mixin.py:190} INFO - [2024-11-20T14:37:50.245+0000] {dag.py:4180} INFO - Setting next_dagrun for example_display_name to None, run_after=None
[2024-11-20T14:37:50.286+0000] {processor.py:208} INFO - Processing /home/airflow/.local/lib/python3.12/site-packages/airflow/example_dags/example_display_name.py took 0.150 seconds
