[2024-11-20T14:16:14.793+0000] {processor.py:186} INFO - Started process (PID=97) to work on /home/airflow/.local/lib/python3.12/site-packages/airflow/example_dags/example_inlet_event_extra.py
[2024-11-20T14:16:14.795+0000] {processor.py:914} INFO - Processing file /home/airflow/.local/lib/python3.12/site-packages/airflow/example_dags/example_inlet_event_extra.py for tasks to queue
[2024-11-20T14:16:14.800+0000] {logging_mixin.py:190} INFO - [2024-11-20T14:16:14.799+0000] {dagbag.py:588} INFO - Filling up the DagBag from /home/airflow/.local/lib/python3.12/site-packages/airflow/example_dags/example_inlet_event_extra.py
[2024-11-20T14:16:15.943+0000] {processor.py:925} INFO - DAG(s) 'read_dataset_event_from_classic', 'read_dataset_event' retrieved from /home/airflow/.local/lib/python3.12/site-packages/airflow/example_dags/example_inlet_event_extra.py
[2024-11-20T14:16:16.191+0000] {logging_mixin.py:190} INFO - [2024-11-20T14:16:16.189+0000] {override.py:1911} INFO - Created Permission View: can delete on DAG:read_dataset_event_from_classic
[2024-11-20T14:16:16.213+0000] {logging_mixin.py:190} INFO - [2024-11-20T14:16:16.213+0000] {override.py:1911} INFO - Created Permission View: can read on DAG:read_dataset_event_from_classic
[2024-11-20T14:16:16.229+0000] {logging_mixin.py:190} INFO - [2024-11-20T14:16:16.229+0000] {override.py:1911} INFO - Created Permission View: can edit on DAG:read_dataset_event_from_classic
[2024-11-20T14:16:16.246+0000] {logging_mixin.py:190} INFO - [2024-11-20T14:16:16.246+0000] {override.py:1911} INFO - Created Permission View: can delete on DAG Run:read_dataset_event_from_classic
[2024-11-20T14:16:16.263+0000] {logging_mixin.py:190} INFO - [2024-11-20T14:16:16.262+0000] {override.py:1911} INFO - Created Permission View: menu access on DAG Run:read_dataset_event_from_classic
[2024-11-20T14:16:16.279+0000] {logging_mixin.py:190} INFO - [2024-11-20T14:16:16.278+0000] {override.py:1911} INFO - Created Permission View: can read on DAG Run:read_dataset_event_from_classic
[2024-11-20T14:16:16.291+0000] {logging_mixin.py:190} INFO - [2024-11-20T14:16:16.290+0000] {override.py:1911} INFO - Created Permission View: can create on DAG Run:read_dataset_event_from_classic
[2024-11-20T14:16:16.312+0000] {logging_mixin.py:190} INFO - [2024-11-20T14:16:16.312+0000] {override.py:1911} INFO - Created Permission View: can delete on DAG:read_dataset_event
[2024-11-20T14:16:16.323+0000] {logging_mixin.py:190} INFO - [2024-11-20T14:16:16.323+0000] {override.py:1911} INFO - Created Permission View: can read on DAG:read_dataset_event
[2024-11-20T14:16:16.335+0000] {logging_mixin.py:190} INFO - [2024-11-20T14:16:16.334+0000] {override.py:1911} INFO - Created Permission View: can edit on DAG:read_dataset_event
[2024-11-20T14:16:16.348+0000] {logging_mixin.py:190} INFO - [2024-11-20T14:16:16.348+0000] {override.py:1911} INFO - Created Permission View: can delete on DAG Run:read_dataset_event
[2024-11-20T14:16:16.359+0000] {logging_mixin.py:190} INFO - [2024-11-20T14:16:16.358+0000] {override.py:1911} INFO - Created Permission View: menu access on DAG Run:read_dataset_event
[2024-11-20T14:16:16.370+0000] {logging_mixin.py:190} INFO - [2024-11-20T14:16:16.370+0000] {override.py:1911} INFO - Created Permission View: can read on DAG Run:read_dataset_event
[2024-11-20T14:16:16.382+0000] {logging_mixin.py:190} INFO - [2024-11-20T14:16:16.381+0000] {override.py:1911} INFO - Created Permission View: can create on DAG Run:read_dataset_event
[2024-11-20T14:16:16.382+0000] {logging_mixin.py:190} INFO - [2024-11-20T14:16:16.382+0000] {dag.py:3239} INFO - Sync 2 DAGs
[2024-11-20T14:16:16.404+0000] {logging_mixin.py:190} INFO - [2024-11-20T14:16:16.403+0000] {dag.py:3262} INFO - Creating ORM DAG for read_dataset_event_from_classic
[2024-11-20T14:16:16.405+0000] {logging_mixin.py:190} INFO - [2024-11-20T14:16:16.405+0000] {dag.py:3262} INFO - Creating ORM DAG for read_dataset_event
[2024-11-20T14:16:16.444+0000] {logging_mixin.py:190} INFO - [2024-11-20T14:16:16.444+0000] {dag.py:4180} INFO - Setting next_dagrun for read_dataset_event to 2024-11-19 00:00:00+00:00, run_after=2024-11-20 00:00:00+00:00
[2024-11-20T14:16:16.450+0000] {logging_mixin.py:190} INFO - [2024-11-20T14:16:16.449+0000] {dag.py:4180} INFO - Setting next_dagrun for read_dataset_event_from_classic to 2024-11-19 00:00:00+00:00, run_after=2024-11-20 00:00:00+00:00
[2024-11-20T14:16:16.487+0000] {processor.py:208} INFO - Processing /home/airflow/.local/lib/python3.12/site-packages/airflow/example_dags/example_inlet_event_extra.py took 1.707 seconds
[2024-11-20T14:16:47.315+0000] {processor.py:186} INFO - Started process (PID=161) to work on /home/airflow/.local/lib/python3.12/site-packages/airflow/example_dags/example_inlet_event_extra.py
[2024-11-20T14:16:47.324+0000] {processor.py:914} INFO - Processing file /home/airflow/.local/lib/python3.12/site-packages/airflow/example_dags/example_inlet_event_extra.py for tasks to queue
[2024-11-20T14:16:47.328+0000] {logging_mixin.py:190} INFO - [2024-11-20T14:16:47.327+0000] {dagbag.py:588} INFO - Filling up the DagBag from /home/airflow/.local/lib/python3.12/site-packages/airflow/example_dags/example_inlet_event_extra.py
[2024-11-20T14:16:48.411+0000] {processor.py:925} INFO - DAG(s) 'read_dataset_event', 'read_dataset_event_from_classic' retrieved from /home/airflow/.local/lib/python3.12/site-packages/airflow/example_dags/example_inlet_event_extra.py
[2024-11-20T14:16:48.449+0000] {logging_mixin.py:190} INFO - [2024-11-20T14:16:48.448+0000] {dag.py:3239} INFO - Sync 2 DAGs
[2024-11-20T14:16:48.502+0000] {logging_mixin.py:190} INFO - [2024-11-20T14:16:48.502+0000] {dag.py:4180} INFO - Setting next_dagrun for read_dataset_event to 2024-11-19 00:00:00+00:00, run_after=2024-11-20 00:00:00+00:00
[2024-11-20T14:16:48.515+0000] {logging_mixin.py:190} INFO - [2024-11-20T14:16:48.514+0000] {dag.py:4180} INFO - Setting next_dagrun for read_dataset_event_from_classic to 2024-11-19 00:00:00+00:00, run_after=2024-11-20 00:00:00+00:00
[2024-11-20T14:16:48.540+0000] {processor.py:208} INFO - Processing /home/airflow/.local/lib/python3.12/site-packages/airflow/example_dags/example_inlet_event_extra.py took 1.238 seconds
[2024-11-20T14:17:18.588+0000] {processor.py:186} INFO - Started process (PID=227) to work on /home/airflow/.local/lib/python3.12/site-packages/airflow/example_dags/example_inlet_event_extra.py
[2024-11-20T14:17:18.590+0000] {processor.py:914} INFO - Processing file /home/airflow/.local/lib/python3.12/site-packages/airflow/example_dags/example_inlet_event_extra.py for tasks to queue
[2024-11-20T14:17:18.596+0000] {logging_mixin.py:190} INFO - [2024-11-20T14:17:18.595+0000] {dagbag.py:588} INFO - Filling up the DagBag from /home/airflow/.local/lib/python3.12/site-packages/airflow/example_dags/example_inlet_event_extra.py
[2024-11-20T14:17:19.613+0000] {processor.py:925} INFO - DAG(s) 'read_dataset_event', 'read_dataset_event_from_classic' retrieved from /home/airflow/.local/lib/python3.12/site-packages/airflow/example_dags/example_inlet_event_extra.py
[2024-11-20T14:17:19.658+0000] {logging_mixin.py:190} INFO - [2024-11-20T14:17:19.658+0000] {dag.py:3239} INFO - Sync 2 DAGs
[2024-11-20T14:17:19.718+0000] {logging_mixin.py:190} INFO - [2024-11-20T14:17:19.718+0000] {dag.py:4180} INFO - Setting next_dagrun for read_dataset_event to 2024-11-19 00:00:00+00:00, run_after=2024-11-20 00:00:00+00:00
[2024-11-20T14:17:19.726+0000] {logging_mixin.py:190} INFO - [2024-11-20T14:17:19.726+0000] {dag.py:4180} INFO - Setting next_dagrun for read_dataset_event_from_classic to 2024-11-19 00:00:00+00:00, run_after=2024-11-20 00:00:00+00:00
[2024-11-20T14:17:19.765+0000] {processor.py:208} INFO - Processing /home/airflow/.local/lib/python3.12/site-packages/airflow/example_dags/example_inlet_event_extra.py took 1.185 seconds
[2024-11-20T14:17:49.940+0000] {processor.py:186} INFO - Started process (PID=291) to work on /home/airflow/.local/lib/python3.12/site-packages/airflow/example_dags/example_inlet_event_extra.py
[2024-11-20T14:17:49.942+0000] {processor.py:914} INFO - Processing file /home/airflow/.local/lib/python3.12/site-packages/airflow/example_dags/example_inlet_event_extra.py for tasks to queue
[2024-11-20T14:17:49.947+0000] {logging_mixin.py:190} INFO - [2024-11-20T14:17:49.946+0000] {dagbag.py:588} INFO - Filling up the DagBag from /home/airflow/.local/lib/python3.12/site-packages/airflow/example_dags/example_inlet_event_extra.py
[2024-11-20T14:17:51.044+0000] {processor.py:925} INFO - DAG(s) 'read_dataset_event_from_classic', 'read_dataset_event' retrieved from /home/airflow/.local/lib/python3.12/site-packages/airflow/example_dags/example_inlet_event_extra.py
[2024-11-20T14:17:51.072+0000] {logging_mixin.py:190} INFO - [2024-11-20T14:17:51.072+0000] {dag.py:3239} INFO - Sync 2 DAGs
[2024-11-20T14:17:51.113+0000] {logging_mixin.py:190} INFO - [2024-11-20T14:17:51.112+0000] {dag.py:4180} INFO - Setting next_dagrun for read_dataset_event to 2024-11-19 00:00:00+00:00, run_after=2024-11-20 00:00:00+00:00
[2024-11-20T14:17:51.121+0000] {logging_mixin.py:190} INFO - [2024-11-20T14:17:51.121+0000] {dag.py:4180} INFO - Setting next_dagrun for read_dataset_event_from_classic to 2024-11-19 00:00:00+00:00, run_after=2024-11-20 00:00:00+00:00
[2024-11-20T14:17:51.148+0000] {processor.py:208} INFO - Processing /home/airflow/.local/lib/python3.12/site-packages/airflow/example_dags/example_inlet_event_extra.py took 1.221 seconds
[2024-11-20T14:18:21.317+0000] {processor.py:186} INFO - Started process (PID=354) to work on /home/airflow/.local/lib/python3.12/site-packages/airflow/example_dags/example_inlet_event_extra.py
[2024-11-20T14:18:21.319+0000] {processor.py:914} INFO - Processing file /home/airflow/.local/lib/python3.12/site-packages/airflow/example_dags/example_inlet_event_extra.py for tasks to queue
[2024-11-20T14:18:21.324+0000] {logging_mixin.py:190} INFO - [2024-11-20T14:18:21.324+0000] {dagbag.py:588} INFO - Filling up the DagBag from /home/airflow/.local/lib/python3.12/site-packages/airflow/example_dags/example_inlet_event_extra.py
[2024-11-20T14:18:22.213+0000] {processor.py:925} INFO - DAG(s) 'read_dataset_event_from_classic', 'read_dataset_event' retrieved from /home/airflow/.local/lib/python3.12/site-packages/airflow/example_dags/example_inlet_event_extra.py
[2024-11-20T14:18:22.245+0000] {logging_mixin.py:190} INFO - [2024-11-20T14:18:22.244+0000] {dag.py:3239} INFO - Sync 2 DAGs
[2024-11-20T14:18:22.287+0000] {logging_mixin.py:190} INFO - [2024-11-20T14:18:22.286+0000] {dag.py:4180} INFO - Setting next_dagrun for read_dataset_event to 2024-11-19 00:00:00+00:00, run_after=2024-11-20 00:00:00+00:00
[2024-11-20T14:18:22.295+0000] {logging_mixin.py:190} INFO - [2024-11-20T14:18:22.295+0000] {dag.py:4180} INFO - Setting next_dagrun for read_dataset_event_from_classic to 2024-11-19 00:00:00+00:00, run_after=2024-11-20 00:00:00+00:00
[2024-11-20T14:18:22.318+0000] {processor.py:208} INFO - Processing /home/airflow/.local/lib/python3.12/site-packages/airflow/example_dags/example_inlet_event_extra.py took 1.010 seconds
[2024-11-20T14:18:52.738+0000] {processor.py:186} INFO - Started process (PID=412) to work on /home/airflow/.local/lib/python3.12/site-packages/airflow/example_dags/example_inlet_event_extra.py
[2024-11-20T14:18:52.739+0000] {processor.py:914} INFO - Processing file /home/airflow/.local/lib/python3.12/site-packages/airflow/example_dags/example_inlet_event_extra.py for tasks to queue
[2024-11-20T14:18:52.744+0000] {logging_mixin.py:190} INFO - [2024-11-20T14:18:52.744+0000] {dagbag.py:588} INFO - Filling up the DagBag from /home/airflow/.local/lib/python3.12/site-packages/airflow/example_dags/example_inlet_event_extra.py
[2024-11-20T14:18:54.206+0000] {processor.py:925} INFO - DAG(s) 'read_dataset_event_from_classic', 'read_dataset_event' retrieved from /home/airflow/.local/lib/python3.12/site-packages/airflow/example_dags/example_inlet_event_extra.py
[2024-11-20T14:18:54.311+0000] {logging_mixin.py:190} INFO - [2024-11-20T14:18:54.310+0000] {dag.py:3239} INFO - Sync 2 DAGs
[2024-11-20T14:18:54.372+0000] {logging_mixin.py:190} INFO - [2024-11-20T14:18:54.371+0000] {dag.py:4180} INFO - Setting next_dagrun for read_dataset_event to 2024-11-19 00:00:00+00:00, run_after=2024-11-20 00:00:00+00:00
[2024-11-20T14:18:54.385+0000] {logging_mixin.py:190} INFO - [2024-11-20T14:18:54.385+0000] {dag.py:4180} INFO - Setting next_dagrun for read_dataset_event_from_classic to 2024-11-19 00:00:00+00:00, run_after=2024-11-20 00:00:00+00:00
[2024-11-20T14:18:54.422+0000] {processor.py:208} INFO - Processing /home/airflow/.local/lib/python3.12/site-packages/airflow/example_dags/example_inlet_event_extra.py took 1.696 seconds
[2024-11-20T14:19:25.322+0000] {processor.py:186} INFO - Started process (PID=474) to work on /home/airflow/.local/lib/python3.12/site-packages/airflow/example_dags/example_inlet_event_extra.py
[2024-11-20T14:19:25.324+0000] {processor.py:914} INFO - Processing file /home/airflow/.local/lib/python3.12/site-packages/airflow/example_dags/example_inlet_event_extra.py for tasks to queue
[2024-11-20T14:19:25.328+0000] {logging_mixin.py:190} INFO - [2024-11-20T14:19:25.328+0000] {dagbag.py:588} INFO - Filling up the DagBag from /home/airflow/.local/lib/python3.12/site-packages/airflow/example_dags/example_inlet_event_extra.py
[2024-11-20T14:19:26.437+0000] {processor.py:925} INFO - DAG(s) 'read_dataset_event_from_classic', 'read_dataset_event' retrieved from /home/airflow/.local/lib/python3.12/site-packages/airflow/example_dags/example_inlet_event_extra.py
[2024-11-20T14:19:26.470+0000] {logging_mixin.py:190} INFO - [2024-11-20T14:19:26.470+0000] {dag.py:3239} INFO - Sync 2 DAGs
[2024-11-20T14:19:26.547+0000] {logging_mixin.py:190} INFO - [2024-11-20T14:19:26.547+0000] {dag.py:4180} INFO - Setting next_dagrun for read_dataset_event to 2024-11-19 00:00:00+00:00, run_after=2024-11-20 00:00:00+00:00
[2024-11-20T14:19:26.565+0000] {logging_mixin.py:190} INFO - [2024-11-20T14:19:26.565+0000] {dag.py:4180} INFO - Setting next_dagrun for read_dataset_event_from_classic to 2024-11-19 00:00:00+00:00, run_after=2024-11-20 00:00:00+00:00
[2024-11-20T14:19:26.619+0000] {processor.py:208} INFO - Processing /home/airflow/.local/lib/python3.12/site-packages/airflow/example_dags/example_inlet_event_extra.py took 1.307 seconds
[2024-11-20T14:19:57.033+0000] {processor.py:186} INFO - Started process (PID=537) to work on /home/airflow/.local/lib/python3.12/site-packages/airflow/example_dags/example_inlet_event_extra.py
[2024-11-20T14:19:57.040+0000] {processor.py:914} INFO - Processing file /home/airflow/.local/lib/python3.12/site-packages/airflow/example_dags/example_inlet_event_extra.py for tasks to queue
[2024-11-20T14:19:57.046+0000] {logging_mixin.py:190} INFO - [2024-11-20T14:19:57.045+0000] {dagbag.py:588} INFO - Filling up the DagBag from /home/airflow/.local/lib/python3.12/site-packages/airflow/example_dags/example_inlet_event_extra.py
[2024-11-20T14:19:58.831+0000] {processor.py:925} INFO - DAG(s) 'read_dataset_event', 'read_dataset_event_from_classic' retrieved from /home/airflow/.local/lib/python3.12/site-packages/airflow/example_dags/example_inlet_event_extra.py
[2024-11-20T14:19:58.893+0000] {logging_mixin.py:190} INFO - [2024-11-20T14:19:58.893+0000] {dag.py:3239} INFO - Sync 2 DAGs
[2024-11-20T14:19:58.954+0000] {logging_mixin.py:190} INFO - [2024-11-20T14:19:58.953+0000] {dag.py:4180} INFO - Setting next_dagrun for read_dataset_event to 2024-11-19 00:00:00+00:00, run_after=2024-11-20 00:00:00+00:00
[2024-11-20T14:19:58.967+0000] {logging_mixin.py:190} INFO - [2024-11-20T14:19:58.967+0000] {dag.py:4180} INFO - Setting next_dagrun for read_dataset_event_from_classic to 2024-11-19 00:00:00+00:00, run_after=2024-11-20 00:00:00+00:00
[2024-11-20T14:19:59.001+0000] {processor.py:208} INFO - Processing /home/airflow/.local/lib/python3.12/site-packages/airflow/example_dags/example_inlet_event_extra.py took 2.048 seconds
[2024-11-20T14:20:29.120+0000] {processor.py:186} INFO - Started process (PID=600) to work on /home/airflow/.local/lib/python3.12/site-packages/airflow/example_dags/example_inlet_event_extra.py
[2024-11-20T14:20:29.122+0000] {processor.py:914} INFO - Processing file /home/airflow/.local/lib/python3.12/site-packages/airflow/example_dags/example_inlet_event_extra.py for tasks to queue
[2024-11-20T14:20:29.127+0000] {logging_mixin.py:190} INFO - [2024-11-20T14:20:29.126+0000] {dagbag.py:588} INFO - Filling up the DagBag from /home/airflow/.local/lib/python3.12/site-packages/airflow/example_dags/example_inlet_event_extra.py
[2024-11-20T14:20:30.333+0000] {processor.py:925} INFO - DAG(s) 'read_dataset_event_from_classic', 'read_dataset_event' retrieved from /home/airflow/.local/lib/python3.12/site-packages/airflow/example_dags/example_inlet_event_extra.py
[2024-11-20T14:20:30.373+0000] {logging_mixin.py:190} INFO - [2024-11-20T14:20:30.373+0000] {dag.py:3239} INFO - Sync 2 DAGs
[2024-11-20T14:20:30.415+0000] {logging_mixin.py:190} INFO - [2024-11-20T14:20:30.414+0000] {dag.py:4180} INFO - Setting next_dagrun for read_dataset_event to 2024-11-19 00:00:00+00:00, run_after=2024-11-20 00:00:00+00:00
[2024-11-20T14:20:30.423+0000] {logging_mixin.py:190} INFO - [2024-11-20T14:20:30.423+0000] {dag.py:4180} INFO - Setting next_dagrun for read_dataset_event_from_classic to 2024-11-19 00:00:00+00:00, run_after=2024-11-20 00:00:00+00:00
[2024-11-20T14:20:30.454+0000] {processor.py:208} INFO - Processing /home/airflow/.local/lib/python3.12/site-packages/airflow/example_dags/example_inlet_event_extra.py took 1.348 seconds
[2024-11-20T14:21:00.904+0000] {processor.py:186} INFO - Started process (PID=663) to work on /home/airflow/.local/lib/python3.12/site-packages/airflow/example_dags/example_inlet_event_extra.py
[2024-11-20T14:21:00.905+0000] {processor.py:914} INFO - Processing file /home/airflow/.local/lib/python3.12/site-packages/airflow/example_dags/example_inlet_event_extra.py for tasks to queue
[2024-11-20T14:21:00.909+0000] {logging_mixin.py:190} INFO - [2024-11-20T14:21:00.909+0000] {dagbag.py:588} INFO - Filling up the DagBag from /home/airflow/.local/lib/python3.12/site-packages/airflow/example_dags/example_inlet_event_extra.py
[2024-11-20T14:21:01.907+0000] {processor.py:925} INFO - DAG(s) 'read_dataset_event', 'read_dataset_event_from_classic' retrieved from /home/airflow/.local/lib/python3.12/site-packages/airflow/example_dags/example_inlet_event_extra.py
[2024-11-20T14:21:01.947+0000] {logging_mixin.py:190} INFO - [2024-11-20T14:21:01.947+0000] {dag.py:3239} INFO - Sync 2 DAGs
[2024-11-20T14:21:01.994+0000] {logging_mixin.py:190} INFO - [2024-11-20T14:21:01.993+0000] {dag.py:4180} INFO - Setting next_dagrun for read_dataset_event to 2024-11-19 00:00:00+00:00, run_after=2024-11-20 00:00:00+00:00
[2024-11-20T14:21:02.002+0000] {logging_mixin.py:190} INFO - [2024-11-20T14:21:02.001+0000] {dag.py:4180} INFO - Setting next_dagrun for read_dataset_event_from_classic to 2024-11-19 00:00:00+00:00, run_after=2024-11-20 00:00:00+00:00
[2024-11-20T14:21:02.026+0000] {processor.py:208} INFO - Processing /home/airflow/.local/lib/python3.12/site-packages/airflow/example_dags/example_inlet_event_extra.py took 1.132 seconds
[2024-11-20T14:21:32.194+0000] {processor.py:186} INFO - Started process (PID=725) to work on /home/airflow/.local/lib/python3.12/site-packages/airflow/example_dags/example_inlet_event_extra.py
[2024-11-20T14:21:32.196+0000] {processor.py:914} INFO - Processing file /home/airflow/.local/lib/python3.12/site-packages/airflow/example_dags/example_inlet_event_extra.py for tasks to queue
[2024-11-20T14:21:32.201+0000] {logging_mixin.py:190} INFO - [2024-11-20T14:21:32.200+0000] {dagbag.py:588} INFO - Filling up the DagBag from /home/airflow/.local/lib/python3.12/site-packages/airflow/example_dags/example_inlet_event_extra.py
[2024-11-20T14:21:33.093+0000] {processor.py:925} INFO - DAG(s) 'read_dataset_event_from_classic', 'read_dataset_event' retrieved from /home/airflow/.local/lib/python3.12/site-packages/airflow/example_dags/example_inlet_event_extra.py
[2024-11-20T14:21:33.123+0000] {logging_mixin.py:190} INFO - [2024-11-20T14:21:33.122+0000] {dag.py:3239} INFO - Sync 2 DAGs
[2024-11-20T14:21:33.167+0000] {logging_mixin.py:190} INFO - [2024-11-20T14:21:33.167+0000] {dag.py:4180} INFO - Setting next_dagrun for read_dataset_event to 2024-11-19 00:00:00+00:00, run_after=2024-11-20 00:00:00+00:00
[2024-11-20T14:21:33.179+0000] {logging_mixin.py:190} INFO - [2024-11-20T14:21:33.179+0000] {dag.py:4180} INFO - Setting next_dagrun for read_dataset_event_from_classic to 2024-11-19 00:00:00+00:00, run_after=2024-11-20 00:00:00+00:00
[2024-11-20T14:21:33.202+0000] {processor.py:208} INFO - Processing /home/airflow/.local/lib/python3.12/site-packages/airflow/example_dags/example_inlet_event_extra.py took 1.024 seconds
[2024-11-20T14:22:04.088+0000] {processor.py:186} INFO - Started process (PID=789) to work on /home/airflow/.local/lib/python3.12/site-packages/airflow/example_dags/example_inlet_event_extra.py
[2024-11-20T14:22:04.090+0000] {processor.py:914} INFO - Processing file /home/airflow/.local/lib/python3.12/site-packages/airflow/example_dags/example_inlet_event_extra.py for tasks to queue
[2024-11-20T14:22:04.096+0000] {logging_mixin.py:190} INFO - [2024-11-20T14:22:04.096+0000] {dagbag.py:588} INFO - Filling up the DagBag from /home/airflow/.local/lib/python3.12/site-packages/airflow/example_dags/example_inlet_event_extra.py
[2024-11-20T14:22:05.525+0000] {processor.py:925} INFO - DAG(s) 'read_dataset_event_from_classic', 'read_dataset_event' retrieved from /home/airflow/.local/lib/python3.12/site-packages/airflow/example_dags/example_inlet_event_extra.py
[2024-11-20T14:22:05.564+0000] {logging_mixin.py:190} INFO - [2024-11-20T14:22:05.563+0000] {dag.py:3239} INFO - Sync 2 DAGs
[2024-11-20T14:22:05.618+0000] {logging_mixin.py:190} INFO - [2024-11-20T14:22:05.617+0000] {dag.py:4180} INFO - Setting next_dagrun for read_dataset_event to 2024-11-19 00:00:00+00:00, run_after=2024-11-20 00:00:00+00:00
[2024-11-20T14:22:05.629+0000] {logging_mixin.py:190} INFO - [2024-11-20T14:22:05.628+0000] {dag.py:4180} INFO - Setting next_dagrun for read_dataset_event_from_classic to 2024-11-19 00:00:00+00:00, run_after=2024-11-20 00:00:00+00:00
[2024-11-20T14:22:05.660+0000] {processor.py:208} INFO - Processing /home/airflow/.local/lib/python3.12/site-packages/airflow/example_dags/example_inlet_event_extra.py took 1.588 seconds
[2024-11-20T14:22:36.612+0000] {processor.py:186} INFO - Started process (PID=852) to work on /home/airflow/.local/lib/python3.12/site-packages/airflow/example_dags/example_inlet_event_extra.py
[2024-11-20T14:22:36.617+0000] {processor.py:914} INFO - Processing file /home/airflow/.local/lib/python3.12/site-packages/airflow/example_dags/example_inlet_event_extra.py for tasks to queue
[2024-11-20T14:22:36.628+0000] {logging_mixin.py:190} INFO - [2024-11-20T14:22:36.628+0000] {dagbag.py:588} INFO - Filling up the DagBag from /home/airflow/.local/lib/python3.12/site-packages/airflow/example_dags/example_inlet_event_extra.py
[2024-11-20T14:22:38.156+0000] {processor.py:925} INFO - DAG(s) 'read_dataset_event', 'read_dataset_event_from_classic' retrieved from /home/airflow/.local/lib/python3.12/site-packages/airflow/example_dags/example_inlet_event_extra.py
[2024-11-20T14:22:38.197+0000] {logging_mixin.py:190} INFO - [2024-11-20T14:22:38.197+0000] {dag.py:3239} INFO - Sync 2 DAGs
[2024-11-20T14:22:38.262+0000] {logging_mixin.py:190} INFO - [2024-11-20T14:22:38.261+0000] {dag.py:4180} INFO - Setting next_dagrun for read_dataset_event to 2024-11-19 00:00:00+00:00, run_after=2024-11-20 00:00:00+00:00
[2024-11-20T14:22:38.274+0000] {logging_mixin.py:190} INFO - [2024-11-20T14:22:38.273+0000] {dag.py:4180} INFO - Setting next_dagrun for read_dataset_event_from_classic to 2024-11-19 00:00:00+00:00, run_after=2024-11-20 00:00:00+00:00
[2024-11-20T14:22:38.306+0000] {processor.py:208} INFO - Processing /home/airflow/.local/lib/python3.12/site-packages/airflow/example_dags/example_inlet_event_extra.py took 1.722 seconds
[2024-11-20T14:23:09.110+0000] {processor.py:186} INFO - Started process (PID=916) to work on /home/airflow/.local/lib/python3.12/site-packages/airflow/example_dags/example_inlet_event_extra.py
[2024-11-20T14:23:09.112+0000] {processor.py:914} INFO - Processing file /home/airflow/.local/lib/python3.12/site-packages/airflow/example_dags/example_inlet_event_extra.py for tasks to queue
[2024-11-20T14:23:09.117+0000] {logging_mixin.py:190} INFO - [2024-11-20T14:23:09.116+0000] {dagbag.py:588} INFO - Filling up the DagBag from /home/airflow/.local/lib/python3.12/site-packages/airflow/example_dags/example_inlet_event_extra.py
[2024-11-20T14:23:10.391+0000] {processor.py:925} INFO - DAG(s) 'read_dataset_event', 'read_dataset_event_from_classic' retrieved from /home/airflow/.local/lib/python3.12/site-packages/airflow/example_dags/example_inlet_event_extra.py
[2024-11-20T14:23:10.451+0000] {logging_mixin.py:190} INFO - [2024-11-20T14:23:10.450+0000] {dag.py:3239} INFO - Sync 2 DAGs
[2024-11-20T14:23:10.533+0000] {logging_mixin.py:190} INFO - [2024-11-20T14:23:10.533+0000] {dag.py:4180} INFO - Setting next_dagrun for read_dataset_event to 2024-11-19 00:00:00+00:00, run_after=2024-11-20 00:00:00+00:00
[2024-11-20T14:23:10.557+0000] {logging_mixin.py:190} INFO - [2024-11-20T14:23:10.556+0000] {dag.py:4180} INFO - Setting next_dagrun for read_dataset_event_from_classic to 2024-11-19 00:00:00+00:00, run_after=2024-11-20 00:00:00+00:00
[2024-11-20T14:23:10.611+0000] {processor.py:208} INFO - Processing /home/airflow/.local/lib/python3.12/site-packages/airflow/example_dags/example_inlet_event_extra.py took 1.515 seconds
[2024-11-20T14:23:40.804+0000] {processor.py:186} INFO - Started process (PID=978) to work on /home/airflow/.local/lib/python3.12/site-packages/airflow/example_dags/example_inlet_event_extra.py
[2024-11-20T14:23:40.805+0000] {processor.py:914} INFO - Processing file /home/airflow/.local/lib/python3.12/site-packages/airflow/example_dags/example_inlet_event_extra.py for tasks to queue
[2024-11-20T14:23:40.809+0000] {logging_mixin.py:190} INFO - [2024-11-20T14:23:40.808+0000] {dagbag.py:588} INFO - Filling up the DagBag from /home/airflow/.local/lib/python3.12/site-packages/airflow/example_dags/example_inlet_event_extra.py
[2024-11-20T14:23:42.008+0000] {processor.py:925} INFO - DAG(s) 'read_dataset_event', 'read_dataset_event_from_classic' retrieved from /home/airflow/.local/lib/python3.12/site-packages/airflow/example_dags/example_inlet_event_extra.py
[2024-11-20T14:23:42.046+0000] {logging_mixin.py:190} INFO - [2024-11-20T14:23:42.046+0000] {dag.py:3239} INFO - Sync 2 DAGs
[2024-11-20T14:23:42.103+0000] {logging_mixin.py:190} INFO - [2024-11-20T14:23:42.103+0000] {dag.py:4180} INFO - Setting next_dagrun for read_dataset_event to 2024-11-19 00:00:00+00:00, run_after=2024-11-20 00:00:00+00:00
[2024-11-20T14:23:42.113+0000] {logging_mixin.py:190} INFO - [2024-11-20T14:23:42.112+0000] {dag.py:4180} INFO - Setting next_dagrun for read_dataset_event_from_classic to 2024-11-19 00:00:00+00:00, run_after=2024-11-20 00:00:00+00:00
[2024-11-20T14:23:42.144+0000] {processor.py:208} INFO - Processing /home/airflow/.local/lib/python3.12/site-packages/airflow/example_dags/example_inlet_event_extra.py took 1.352 seconds
[2024-11-20T14:24:12.726+0000] {processor.py:186} INFO - Started process (PID=1041) to work on /home/airflow/.local/lib/python3.12/site-packages/airflow/example_dags/example_inlet_event_extra.py
[2024-11-20T14:24:12.727+0000] {processor.py:914} INFO - Processing file /home/airflow/.local/lib/python3.12/site-packages/airflow/example_dags/example_inlet_event_extra.py for tasks to queue
[2024-11-20T14:24:12.731+0000] {logging_mixin.py:190} INFO - [2024-11-20T14:24:12.731+0000] {dagbag.py:588} INFO - Filling up the DagBag from /home/airflow/.local/lib/python3.12/site-packages/airflow/example_dags/example_inlet_event_extra.py
[2024-11-20T14:24:13.574+0000] {processor.py:925} INFO - DAG(s) 'read_dataset_event', 'read_dataset_event_from_classic' retrieved from /home/airflow/.local/lib/python3.12/site-packages/airflow/example_dags/example_inlet_event_extra.py
[2024-11-20T14:24:13.616+0000] {logging_mixin.py:190} INFO - [2024-11-20T14:24:13.615+0000] {dag.py:3239} INFO - Sync 2 DAGs
[2024-11-20T14:24:13.663+0000] {logging_mixin.py:190} INFO - [2024-11-20T14:24:13.663+0000] {dag.py:4180} INFO - Setting next_dagrun for read_dataset_event to 2024-11-19 00:00:00+00:00, run_after=2024-11-20 00:00:00+00:00
[2024-11-20T14:24:13.671+0000] {logging_mixin.py:190} INFO - [2024-11-20T14:24:13.671+0000] {dag.py:4180} INFO - Setting next_dagrun for read_dataset_event_from_classic to 2024-11-19 00:00:00+00:00, run_after=2024-11-20 00:00:00+00:00
[2024-11-20T14:24:13.697+0000] {processor.py:208} INFO - Processing /home/airflow/.local/lib/python3.12/site-packages/airflow/example_dags/example_inlet_event_extra.py took 0.981 seconds
[2024-11-20T14:24:44.633+0000] {processor.py:186} INFO - Started process (PID=1103) to work on /home/airflow/.local/lib/python3.12/site-packages/airflow/example_dags/example_inlet_event_extra.py
[2024-11-20T14:24:44.635+0000] {processor.py:914} INFO - Processing file /home/airflow/.local/lib/python3.12/site-packages/airflow/example_dags/example_inlet_event_extra.py for tasks to queue
[2024-11-20T14:24:44.639+0000] {logging_mixin.py:190} INFO - [2024-11-20T14:24:44.638+0000] {dagbag.py:588} INFO - Filling up the DagBag from /home/airflow/.local/lib/python3.12/site-packages/airflow/example_dags/example_inlet_event_extra.py
[2024-11-20T14:24:45.616+0000] {processor.py:925} INFO - DAG(s) 'read_dataset_event_from_classic', 'read_dataset_event' retrieved from /home/airflow/.local/lib/python3.12/site-packages/airflow/example_dags/example_inlet_event_extra.py
[2024-11-20T14:24:45.649+0000] {logging_mixin.py:190} INFO - [2024-11-20T14:24:45.649+0000] {dag.py:3239} INFO - Sync 2 DAGs
[2024-11-20T14:24:45.698+0000] {logging_mixin.py:190} INFO - [2024-11-20T14:24:45.697+0000] {dag.py:4180} INFO - Setting next_dagrun for read_dataset_event to 2024-11-19 00:00:00+00:00, run_after=2024-11-20 00:00:00+00:00
[2024-11-20T14:24:45.706+0000] {logging_mixin.py:190} INFO - [2024-11-20T14:24:45.705+0000] {dag.py:4180} INFO - Setting next_dagrun for read_dataset_event_from_classic to 2024-11-19 00:00:00+00:00, run_after=2024-11-20 00:00:00+00:00
[2024-11-20T14:24:45.728+0000] {processor.py:208} INFO - Processing /home/airflow/.local/lib/python3.12/site-packages/airflow/example_dags/example_inlet_event_extra.py took 1.112 seconds
[2024-11-20T14:25:16.206+0000] {processor.py:186} INFO - Started process (PID=1172) to work on /home/airflow/.local/lib/python3.12/site-packages/airflow/example_dags/example_inlet_event_extra.py
[2024-11-20T14:25:16.207+0000] {processor.py:914} INFO - Processing file /home/airflow/.local/lib/python3.12/site-packages/airflow/example_dags/example_inlet_event_extra.py for tasks to queue
[2024-11-20T14:25:16.212+0000] {logging_mixin.py:190} INFO - [2024-11-20T14:25:16.211+0000] {dagbag.py:588} INFO - Filling up the DagBag from /home/airflow/.local/lib/python3.12/site-packages/airflow/example_dags/example_inlet_event_extra.py
[2024-11-20T14:25:17.457+0000] {processor.py:925} INFO - DAG(s) 'read_dataset_event_from_classic', 'read_dataset_event' retrieved from /home/airflow/.local/lib/python3.12/site-packages/airflow/example_dags/example_inlet_event_extra.py
[2024-11-20T14:25:17.493+0000] {logging_mixin.py:190} INFO - [2024-11-20T14:25:17.492+0000] {dag.py:3239} INFO - Sync 2 DAGs
[2024-11-20T14:25:17.544+0000] {logging_mixin.py:190} INFO - [2024-11-20T14:25:17.544+0000] {dag.py:4180} INFO - Setting next_dagrun for read_dataset_event to 2024-11-19 00:00:00+00:00, run_after=2024-11-20 00:00:00+00:00
[2024-11-20T14:25:17.557+0000] {logging_mixin.py:190} INFO - [2024-11-20T14:25:17.557+0000] {dag.py:4180} INFO - Setting next_dagrun for read_dataset_event_from_classic to 2024-11-19 00:00:00+00:00, run_after=2024-11-20 00:00:00+00:00
[2024-11-20T14:25:17.582+0000] {processor.py:208} INFO - Processing /home/airflow/.local/lib/python3.12/site-packages/airflow/example_dags/example_inlet_event_extra.py took 1.387 seconds
[2024-11-20T14:25:47.783+0000] {processor.py:186} INFO - Started process (PID=1234) to work on /home/airflow/.local/lib/python3.12/site-packages/airflow/example_dags/example_inlet_event_extra.py
[2024-11-20T14:25:47.785+0000] {processor.py:914} INFO - Processing file /home/airflow/.local/lib/python3.12/site-packages/airflow/example_dags/example_inlet_event_extra.py for tasks to queue
[2024-11-20T14:25:47.790+0000] {logging_mixin.py:190} INFO - [2024-11-20T14:25:47.790+0000] {dagbag.py:588} INFO - Filling up the DagBag from /home/airflow/.local/lib/python3.12/site-packages/airflow/example_dags/example_inlet_event_extra.py
[2024-11-20T14:25:48.913+0000] {processor.py:925} INFO - DAG(s) 'read_dataset_event', 'read_dataset_event_from_classic' retrieved from /home/airflow/.local/lib/python3.12/site-packages/airflow/example_dags/example_inlet_event_extra.py
[2024-11-20T14:25:48.945+0000] {logging_mixin.py:190} INFO - [2024-11-20T14:25:48.945+0000] {dag.py:3239} INFO - Sync 2 DAGs
[2024-11-20T14:25:48.986+0000] {logging_mixin.py:190} INFO - [2024-11-20T14:25:48.986+0000] {dag.py:4180} INFO - Setting next_dagrun for read_dataset_event to 2024-11-19 00:00:00+00:00, run_after=2024-11-20 00:00:00+00:00
[2024-11-20T14:25:48.995+0000] {logging_mixin.py:190} INFO - [2024-11-20T14:25:48.995+0000] {dag.py:4180} INFO - Setting next_dagrun for read_dataset_event_from_classic to 2024-11-19 00:00:00+00:00, run_after=2024-11-20 00:00:00+00:00
[2024-11-20T14:25:49.019+0000] {processor.py:208} INFO - Processing /home/airflow/.local/lib/python3.12/site-packages/airflow/example_dags/example_inlet_event_extra.py took 1.250 seconds
[2024-11-20T14:26:20.864+0000] {processor.py:186} INFO - Started process (PID=1302) to work on /home/airflow/.local/lib/python3.12/site-packages/airflow/example_dags/example_inlet_event_extra.py
[2024-11-20T14:26:20.865+0000] {processor.py:914} INFO - Processing file /home/airflow/.local/lib/python3.12/site-packages/airflow/example_dags/example_inlet_event_extra.py for tasks to queue
[2024-11-20T14:26:20.870+0000] {logging_mixin.py:190} INFO - [2024-11-20T14:26:20.870+0000] {dagbag.py:588} INFO - Filling up the DagBag from /home/airflow/.local/lib/python3.12/site-packages/airflow/example_dags/example_inlet_event_extra.py
[2024-11-20T14:26:21.842+0000] {processor.py:925} INFO - DAG(s) 'read_dataset_event', 'read_dataset_event_from_classic' retrieved from /home/airflow/.local/lib/python3.12/site-packages/airflow/example_dags/example_inlet_event_extra.py
[2024-11-20T14:26:21.870+0000] {logging_mixin.py:190} INFO - [2024-11-20T14:26:21.870+0000] {dag.py:3239} INFO - Sync 2 DAGs
[2024-11-20T14:26:21.909+0000] {logging_mixin.py:190} INFO - [2024-11-20T14:26:21.908+0000] {dag.py:4180} INFO - Setting next_dagrun for read_dataset_event to 2024-11-19 00:00:00+00:00, run_after=2024-11-20 00:00:00+00:00
[2024-11-20T14:26:21.917+0000] {logging_mixin.py:190} INFO - [2024-11-20T14:26:21.917+0000] {dag.py:4180} INFO - Setting next_dagrun for read_dataset_event_from_classic to 2024-11-19 00:00:00+00:00, run_after=2024-11-20 00:00:00+00:00
[2024-11-20T14:26:21.944+0000] {processor.py:208} INFO - Processing /home/airflow/.local/lib/python3.12/site-packages/airflow/example_dags/example_inlet_event_extra.py took 1.091 seconds
[2024-11-20T14:26:52.175+0000] {processor.py:186} INFO - Started process (PID=1368) to work on /home/airflow/.local/lib/python3.12/site-packages/airflow/example_dags/example_inlet_event_extra.py
[2024-11-20T14:26:52.176+0000] {processor.py:914} INFO - Processing file /home/airflow/.local/lib/python3.12/site-packages/airflow/example_dags/example_inlet_event_extra.py for tasks to queue
[2024-11-20T14:26:52.181+0000] {logging_mixin.py:190} INFO - [2024-11-20T14:26:52.181+0000] {dagbag.py:588} INFO - Filling up the DagBag from /home/airflow/.local/lib/python3.12/site-packages/airflow/example_dags/example_inlet_event_extra.py
[2024-11-20T14:26:53.815+0000] {processor.py:925} INFO - DAG(s) 'read_dataset_event', 'read_dataset_event_from_classic' retrieved from /home/airflow/.local/lib/python3.12/site-packages/airflow/example_dags/example_inlet_event_extra.py
[2024-11-20T14:26:53.891+0000] {logging_mixin.py:190} INFO - [2024-11-20T14:26:53.889+0000] {dag.py:3239} INFO - Sync 2 DAGs
[2024-11-20T14:26:53.982+0000] {logging_mixin.py:190} INFO - [2024-11-20T14:26:53.981+0000] {dag.py:4180} INFO - Setting next_dagrun for read_dataset_event to 2024-11-19 00:00:00+00:00, run_after=2024-11-20 00:00:00+00:00
[2024-11-20T14:26:53.999+0000] {logging_mixin.py:190} INFO - [2024-11-20T14:26:53.998+0000] {dag.py:4180} INFO - Setting next_dagrun for read_dataset_event_from_classic to 2024-11-19 00:00:00+00:00, run_after=2024-11-20 00:00:00+00:00
[2024-11-20T14:26:54.042+0000] {processor.py:208} INFO - Processing /home/airflow/.local/lib/python3.12/site-packages/airflow/example_dags/example_inlet_event_extra.py took 1.882 seconds
[2024-11-20T14:28:08.638+0000] {processor.py:186} INFO - Started process (PID=1428) to work on /home/airflow/.local/lib/python3.12/site-packages/airflow/example_dags/example_inlet_event_extra.py
[2024-11-20T14:28:08.641+0000] {processor.py:914} INFO - Processing file /home/airflow/.local/lib/python3.12/site-packages/airflow/example_dags/example_inlet_event_extra.py for tasks to queue
[2024-11-20T14:28:08.646+0000] {logging_mixin.py:190} INFO - [2024-11-20T14:28:08.645+0000] {dagbag.py:588} INFO - Filling up the DagBag from /home/airflow/.local/lib/python3.12/site-packages/airflow/example_dags/example_inlet_event_extra.py
[2024-11-20T14:28:09.614+0000] {processor.py:925} INFO - DAG(s) 'read_dataset_event', 'read_dataset_event_from_classic' retrieved from /home/airflow/.local/lib/python3.12/site-packages/airflow/example_dags/example_inlet_event_extra.py
[2024-11-20T14:28:09.652+0000] {logging_mixin.py:190} INFO - [2024-11-20T14:28:09.652+0000] {dag.py:3239} INFO - Sync 2 DAGs
[2024-11-20T14:28:09.705+0000] {logging_mixin.py:190} INFO - [2024-11-20T14:28:09.704+0000] {dag.py:4180} INFO - Setting next_dagrun for read_dataset_event to 2024-11-19 00:00:00+00:00, run_after=2024-11-20 00:00:00+00:00
[2024-11-20T14:28:09.716+0000] {logging_mixin.py:190} INFO - [2024-11-20T14:28:09.715+0000] {dag.py:4180} INFO - Setting next_dagrun for read_dataset_event_from_classic to 2024-11-19 00:00:00+00:00, run_after=2024-11-20 00:00:00+00:00
[2024-11-20T14:28:09.795+0000] {processor.py:208} INFO - Processing /home/airflow/.local/lib/python3.12/site-packages/airflow/example_dags/example_inlet_event_extra.py took 1.168 seconds
[2024-11-20T14:28:40.005+0000] {processor.py:186} INFO - Started process (PID=1491) to work on /home/airflow/.local/lib/python3.12/site-packages/airflow/example_dags/example_inlet_event_extra.py
[2024-11-20T14:28:40.009+0000] {processor.py:914} INFO - Processing file /home/airflow/.local/lib/python3.12/site-packages/airflow/example_dags/example_inlet_event_extra.py for tasks to queue
[2024-11-20T14:28:40.016+0000] {logging_mixin.py:190} INFO - [2024-11-20T14:28:40.015+0000] {dagbag.py:588} INFO - Filling up the DagBag from /home/airflow/.local/lib/python3.12/site-packages/airflow/example_dags/example_inlet_event_extra.py
[2024-11-20T14:28:41.012+0000] {processor.py:925} INFO - DAG(s) 'read_dataset_event_from_classic', 'read_dataset_event' retrieved from /home/airflow/.local/lib/python3.12/site-packages/airflow/example_dags/example_inlet_event_extra.py
[2024-11-20T14:28:41.049+0000] {logging_mixin.py:190} INFO - [2024-11-20T14:28:41.049+0000] {dag.py:3239} INFO - Sync 2 DAGs
[2024-11-20T14:28:41.100+0000] {logging_mixin.py:190} INFO - [2024-11-20T14:28:41.100+0000] {dag.py:4180} INFO - Setting next_dagrun for read_dataset_event to 2024-11-19 00:00:00+00:00, run_after=2024-11-20 00:00:00+00:00
[2024-11-20T14:28:41.110+0000] {logging_mixin.py:190} INFO - [2024-11-20T14:28:41.110+0000] {dag.py:4180} INFO - Setting next_dagrun for read_dataset_event_from_classic to 2024-11-19 00:00:00+00:00, run_after=2024-11-20 00:00:00+00:00
[2024-11-20T14:28:41.137+0000] {processor.py:208} INFO - Processing /home/airflow/.local/lib/python3.12/site-packages/airflow/example_dags/example_inlet_event_extra.py took 1.144 seconds
[2024-11-20T14:29:11.432+0000] {processor.py:186} INFO - Started process (PID=1558) to work on /home/airflow/.local/lib/python3.12/site-packages/airflow/example_dags/example_inlet_event_extra.py
[2024-11-20T14:29:11.433+0000] {processor.py:914} INFO - Processing file /home/airflow/.local/lib/python3.12/site-packages/airflow/example_dags/example_inlet_event_extra.py for tasks to queue
[2024-11-20T14:29:11.437+0000] {logging_mixin.py:190} INFO - [2024-11-20T14:29:11.436+0000] {dagbag.py:588} INFO - Filling up the DagBag from /home/airflow/.local/lib/python3.12/site-packages/airflow/example_dags/example_inlet_event_extra.py
[2024-11-20T14:29:12.638+0000] {processor.py:925} INFO - DAG(s) 'read_dataset_event_from_classic', 'read_dataset_event' retrieved from /home/airflow/.local/lib/python3.12/site-packages/airflow/example_dags/example_inlet_event_extra.py
[2024-11-20T14:29:12.679+0000] {logging_mixin.py:190} INFO - [2024-11-20T14:29:12.679+0000] {dag.py:3239} INFO - Sync 2 DAGs
[2024-11-20T14:29:12.734+0000] {logging_mixin.py:190} INFO - [2024-11-20T14:29:12.733+0000] {dag.py:4180} INFO - Setting next_dagrun for read_dataset_event to 2024-11-19 00:00:00+00:00, run_after=2024-11-20 00:00:00+00:00
[2024-11-20T14:29:12.743+0000] {logging_mixin.py:190} INFO - [2024-11-20T14:29:12.743+0000] {dag.py:4180} INFO - Setting next_dagrun for read_dataset_event_from_classic to 2024-11-19 00:00:00+00:00, run_after=2024-11-20 00:00:00+00:00
[2024-11-20T14:29:12.771+0000] {processor.py:208} INFO - Processing /home/airflow/.local/lib/python3.12/site-packages/airflow/example_dags/example_inlet_event_extra.py took 1.347 seconds
[2024-11-20T14:29:43.550+0000] {processor.py:186} INFO - Started process (PID=1626) to work on /home/airflow/.local/lib/python3.12/site-packages/airflow/example_dags/example_inlet_event_extra.py
[2024-11-20T14:29:43.551+0000] {processor.py:914} INFO - Processing file /home/airflow/.local/lib/python3.12/site-packages/airflow/example_dags/example_inlet_event_extra.py for tasks to queue
[2024-11-20T14:29:43.557+0000] {logging_mixin.py:190} INFO - [2024-11-20T14:29:43.556+0000] {dagbag.py:588} INFO - Filling up the DagBag from /home/airflow/.local/lib/python3.12/site-packages/airflow/example_dags/example_inlet_event_extra.py
[2024-11-20T14:29:44.636+0000] {processor.py:925} INFO - DAG(s) 'read_dataset_event', 'read_dataset_event_from_classic' retrieved from /home/airflow/.local/lib/python3.12/site-packages/airflow/example_dags/example_inlet_event_extra.py
[2024-11-20T14:29:44.677+0000] {logging_mixin.py:190} INFO - [2024-11-20T14:29:44.676+0000] {dag.py:3239} INFO - Sync 2 DAGs
[2024-11-20T14:29:44.715+0000] {logging_mixin.py:190} INFO - [2024-11-20T14:29:44.715+0000] {dag.py:4180} INFO - Setting next_dagrun for read_dataset_event to 2024-11-19 00:00:00+00:00, run_after=2024-11-20 00:00:00+00:00
[2024-11-20T14:29:44.723+0000] {logging_mixin.py:190} INFO - [2024-11-20T14:29:44.723+0000] {dag.py:4180} INFO - Setting next_dagrun for read_dataset_event_from_classic to 2024-11-19 00:00:00+00:00, run_after=2024-11-20 00:00:00+00:00
[2024-11-20T14:29:44.748+0000] {processor.py:208} INFO - Processing /home/airflow/.local/lib/python3.12/site-packages/airflow/example_dags/example_inlet_event_extra.py took 1.213 seconds
[2024-11-20T14:30:16.477+0000] {processor.py:186} INFO - Started process (PID=1690) to work on /home/airflow/.local/lib/python3.12/site-packages/airflow/example_dags/example_inlet_event_extra.py
[2024-11-20T14:30:16.480+0000] {processor.py:914} INFO - Processing file /home/airflow/.local/lib/python3.12/site-packages/airflow/example_dags/example_inlet_event_extra.py for tasks to queue
[2024-11-20T14:30:16.485+0000] {logging_mixin.py:190} INFO - [2024-11-20T14:30:16.484+0000] {dagbag.py:588} INFO - Filling up the DagBag from /home/airflow/.local/lib/python3.12/site-packages/airflow/example_dags/example_inlet_event_extra.py
[2024-11-20T14:30:17.897+0000] {processor.py:925} INFO - DAG(s) 'read_dataset_event', 'read_dataset_event_from_classic' retrieved from /home/airflow/.local/lib/python3.12/site-packages/airflow/example_dags/example_inlet_event_extra.py
[2024-11-20T14:30:17.938+0000] {logging_mixin.py:190} INFO - [2024-11-20T14:30:17.937+0000] {dag.py:3239} INFO - Sync 2 DAGs
[2024-11-20T14:30:17.993+0000] {logging_mixin.py:190} INFO - [2024-11-20T14:30:17.993+0000] {dag.py:4180} INFO - Setting next_dagrun for read_dataset_event to 2024-11-19 00:00:00+00:00, run_after=2024-11-20 00:00:00+00:00
[2024-11-20T14:30:18.007+0000] {logging_mixin.py:190} INFO - [2024-11-20T14:30:18.007+0000] {dag.py:4180} INFO - Setting next_dagrun for read_dataset_event_from_classic to 2024-11-19 00:00:00+00:00, run_after=2024-11-20 00:00:00+00:00
[2024-11-20T14:30:18.049+0000] {processor.py:208} INFO - Processing /home/airflow/.local/lib/python3.12/site-packages/airflow/example_dags/example_inlet_event_extra.py took 1.585 seconds
[2024-11-20T14:30:49.936+0000] {processor.py:186} INFO - Started process (PID=1754) to work on /home/airflow/.local/lib/python3.12/site-packages/airflow/example_dags/example_inlet_event_extra.py
[2024-11-20T14:30:49.938+0000] {processor.py:914} INFO - Processing file /home/airflow/.local/lib/python3.12/site-packages/airflow/example_dags/example_inlet_event_extra.py for tasks to queue
[2024-11-20T14:30:49.946+0000] {logging_mixin.py:190} INFO - [2024-11-20T14:30:49.946+0000] {dagbag.py:588} INFO - Filling up the DagBag from /home/airflow/.local/lib/python3.12/site-packages/airflow/example_dags/example_inlet_event_extra.py
[2024-11-20T14:30:51.832+0000] {processor.py:925} INFO - DAG(s) 'read_dataset_event_from_classic', 'read_dataset_event' retrieved from /home/airflow/.local/lib/python3.12/site-packages/airflow/example_dags/example_inlet_event_extra.py
[2024-11-20T14:30:51.908+0000] {logging_mixin.py:190} INFO - [2024-11-20T14:30:51.907+0000] {dag.py:3239} INFO - Sync 2 DAGs
[2024-11-20T14:30:52.020+0000] {logging_mixin.py:190} INFO - [2024-11-20T14:30:52.019+0000] {dag.py:4180} INFO - Setting next_dagrun for read_dataset_event to 2024-11-19 00:00:00+00:00, run_after=2024-11-20 00:00:00+00:00
[2024-11-20T14:30:52.035+0000] {logging_mixin.py:190} INFO - [2024-11-20T14:30:52.034+0000] {dag.py:4180} INFO - Setting next_dagrun for read_dataset_event_from_classic to 2024-11-19 00:00:00+00:00, run_after=2024-11-20 00:00:00+00:00
[2024-11-20T14:30:52.079+0000] {processor.py:208} INFO - Processing /home/airflow/.local/lib/python3.12/site-packages/airflow/example_dags/example_inlet_event_extra.py took 2.157 seconds
[2024-11-20T14:31:23.418+0000] {processor.py:186} INFO - Started process (PID=1817) to work on /home/airflow/.local/lib/python3.12/site-packages/airflow/example_dags/example_inlet_event_extra.py
[2024-11-20T14:31:23.422+0000] {processor.py:914} INFO - Processing file /home/airflow/.local/lib/python3.12/site-packages/airflow/example_dags/example_inlet_event_extra.py for tasks to queue
[2024-11-20T14:31:23.434+0000] {logging_mixin.py:190} INFO - [2024-11-20T14:31:23.433+0000] {dagbag.py:588} INFO - Filling up the DagBag from /home/airflow/.local/lib/python3.12/site-packages/airflow/example_dags/example_inlet_event_extra.py
[2024-11-20T14:31:24.980+0000] {processor.py:925} INFO - DAG(s) 'read_dataset_event', 'read_dataset_event_from_classic' retrieved from /home/airflow/.local/lib/python3.12/site-packages/airflow/example_dags/example_inlet_event_extra.py
[2024-11-20T14:31:25.030+0000] {logging_mixin.py:190} INFO - [2024-11-20T14:31:25.030+0000] {dag.py:3239} INFO - Sync 2 DAGs
[2024-11-20T14:31:25.099+0000] {logging_mixin.py:190} INFO - [2024-11-20T14:31:25.098+0000] {dag.py:4180} INFO - Setting next_dagrun for read_dataset_event to 2024-11-19 00:00:00+00:00, run_after=2024-11-20 00:00:00+00:00
[2024-11-20T14:31:25.114+0000] {logging_mixin.py:190} INFO - [2024-11-20T14:31:25.113+0000] {dag.py:4180} INFO - Setting next_dagrun for read_dataset_event_from_classic to 2024-11-19 00:00:00+00:00, run_after=2024-11-20 00:00:00+00:00
[2024-11-20T14:31:25.167+0000] {processor.py:208} INFO - Processing /home/airflow/.local/lib/python3.12/site-packages/airflow/example_dags/example_inlet_event_extra.py took 1.767 seconds
[2024-11-20T14:31:56.221+0000] {processor.py:186} INFO - Started process (PID=1883) to work on /home/airflow/.local/lib/python3.12/site-packages/airflow/example_dags/example_inlet_event_extra.py
[2024-11-20T14:31:56.225+0000] {processor.py:914} INFO - Processing file /home/airflow/.local/lib/python3.12/site-packages/airflow/example_dags/example_inlet_event_extra.py for tasks to queue
[2024-11-20T14:31:56.232+0000] {logging_mixin.py:190} INFO - [2024-11-20T14:31:56.231+0000] {dagbag.py:588} INFO - Filling up the DagBag from /home/airflow/.local/lib/python3.12/site-packages/airflow/example_dags/example_inlet_event_extra.py
[2024-11-20T14:31:58.032+0000] {processor.py:925} INFO - DAG(s) 'read_dataset_event', 'read_dataset_event_from_classic' retrieved from /home/airflow/.local/lib/python3.12/site-packages/airflow/example_dags/example_inlet_event_extra.py
[2024-11-20T14:31:58.083+0000] {logging_mixin.py:190} INFO - [2024-11-20T14:31:58.083+0000] {dag.py:3239} INFO - Sync 2 DAGs
[2024-11-20T14:31:58.171+0000] {logging_mixin.py:190} INFO - [2024-11-20T14:31:58.170+0000] {dag.py:4180} INFO - Setting next_dagrun for read_dataset_event to 2024-11-19 00:00:00+00:00, run_after=2024-11-20 00:00:00+00:00
[2024-11-20T14:31:58.195+0000] {logging_mixin.py:190} INFO - [2024-11-20T14:31:58.195+0000] {dag.py:4180} INFO - Setting next_dagrun for read_dataset_event_from_classic to 2024-11-19 00:00:00+00:00, run_after=2024-11-20 00:00:00+00:00
[2024-11-20T14:31:58.258+0000] {processor.py:208} INFO - Processing /home/airflow/.local/lib/python3.12/site-packages/airflow/example_dags/example_inlet_event_extra.py took 2.065 seconds
[2024-11-20T14:32:28.968+0000] {processor.py:186} INFO - Started process (PID=1949) to work on /home/airflow/.local/lib/python3.12/site-packages/airflow/example_dags/example_inlet_event_extra.py
[2024-11-20T14:32:28.970+0000] {processor.py:914} INFO - Processing file /home/airflow/.local/lib/python3.12/site-packages/airflow/example_dags/example_inlet_event_extra.py for tasks to queue
[2024-11-20T14:32:28.976+0000] {logging_mixin.py:190} INFO - [2024-11-20T14:32:28.976+0000] {dagbag.py:588} INFO - Filling up the DagBag from /home/airflow/.local/lib/python3.12/site-packages/airflow/example_dags/example_inlet_event_extra.py
[2024-11-20T14:32:29.907+0000] {processor.py:925} INFO - DAG(s) 'read_dataset_event', 'read_dataset_event_from_classic' retrieved from /home/airflow/.local/lib/python3.12/site-packages/airflow/example_dags/example_inlet_event_extra.py
[2024-11-20T14:32:29.940+0000] {logging_mixin.py:190} INFO - [2024-11-20T14:32:29.940+0000] {dag.py:3239} INFO - Sync 2 DAGs
[2024-11-20T14:32:30.004+0000] {logging_mixin.py:190} INFO - [2024-11-20T14:32:30.004+0000] {dag.py:4180} INFO - Setting next_dagrun for read_dataset_event to 2024-11-19 00:00:00+00:00, run_after=2024-11-20 00:00:00+00:00
[2024-11-20T14:32:30.026+0000] {logging_mixin.py:190} INFO - [2024-11-20T14:32:30.025+0000] {dag.py:4180} INFO - Setting next_dagrun for read_dataset_event_from_classic to 2024-11-19 00:00:00+00:00, run_after=2024-11-20 00:00:00+00:00
[2024-11-20T14:32:30.090+0000] {processor.py:208} INFO - Processing /home/airflow/.local/lib/python3.12/site-packages/airflow/example_dags/example_inlet_event_extra.py took 1.135 seconds
[2024-11-20T14:33:01.104+0000] {processor.py:186} INFO - Started process (PID=2018) to work on /home/airflow/.local/lib/python3.12/site-packages/airflow/example_dags/example_inlet_event_extra.py
[2024-11-20T14:33:01.107+0000] {processor.py:914} INFO - Processing file /home/airflow/.local/lib/python3.12/site-packages/airflow/example_dags/example_inlet_event_extra.py for tasks to queue
[2024-11-20T14:33:01.113+0000] {logging_mixin.py:190} INFO - [2024-11-20T14:33:01.112+0000] {dagbag.py:588} INFO - Filling up the DagBag from /home/airflow/.local/lib/python3.12/site-packages/airflow/example_dags/example_inlet_event_extra.py
[2024-11-20T14:33:02.171+0000] {processor.py:925} INFO - DAG(s) 'read_dataset_event', 'read_dataset_event_from_classic' retrieved from /home/airflow/.local/lib/python3.12/site-packages/airflow/example_dags/example_inlet_event_extra.py
[2024-11-20T14:33:02.206+0000] {logging_mixin.py:190} INFO - [2024-11-20T14:33:02.205+0000] {dag.py:3239} INFO - Sync 2 DAGs
[2024-11-20T14:33:02.246+0000] {logging_mixin.py:190} INFO - [2024-11-20T14:33:02.245+0000] {dag.py:4180} INFO - Setting next_dagrun for read_dataset_event to 2024-11-19 00:00:00+00:00, run_after=2024-11-20 00:00:00+00:00
[2024-11-20T14:33:02.256+0000] {logging_mixin.py:190} INFO - [2024-11-20T14:33:02.255+0000] {dag.py:4180} INFO - Setting next_dagrun for read_dataset_event_from_classic to 2024-11-19 00:00:00+00:00, run_after=2024-11-20 00:00:00+00:00
[2024-11-20T14:33:02.284+0000] {processor.py:208} INFO - Processing /home/airflow/.local/lib/python3.12/site-packages/airflow/example_dags/example_inlet_event_extra.py took 1.193 seconds
[2024-11-20T14:33:33.054+0000] {processor.py:186} INFO - Started process (PID=2083) to work on /home/airflow/.local/lib/python3.12/site-packages/airflow/example_dags/example_inlet_event_extra.py
[2024-11-20T14:33:33.057+0000] {processor.py:914} INFO - Processing file /home/airflow/.local/lib/python3.12/site-packages/airflow/example_dags/example_inlet_event_extra.py for tasks to queue
[2024-11-20T14:33:33.062+0000] {logging_mixin.py:190} INFO - [2024-11-20T14:33:33.061+0000] {dagbag.py:588} INFO - Filling up the DagBag from /home/airflow/.local/lib/python3.12/site-packages/airflow/example_dags/example_inlet_event_extra.py
[2024-11-20T14:33:34.001+0000] {processor.py:925} INFO - DAG(s) 'read_dataset_event', 'read_dataset_event_from_classic' retrieved from /home/airflow/.local/lib/python3.12/site-packages/airflow/example_dags/example_inlet_event_extra.py
[2024-11-20T14:33:34.045+0000] {logging_mixin.py:190} INFO - [2024-11-20T14:33:34.045+0000] {dag.py:3239} INFO - Sync 2 DAGs
[2024-11-20T14:33:34.098+0000] {logging_mixin.py:190} INFO - [2024-11-20T14:33:34.097+0000] {dag.py:4180} INFO - Setting next_dagrun for read_dataset_event to 2024-11-19 00:00:00+00:00, run_after=2024-11-20 00:00:00+00:00
[2024-11-20T14:33:34.106+0000] {logging_mixin.py:190} INFO - [2024-11-20T14:33:34.105+0000] {dag.py:4180} INFO - Setting next_dagrun for read_dataset_event_from_classic to 2024-11-19 00:00:00+00:00, run_after=2024-11-20 00:00:00+00:00
[2024-11-20T14:33:34.131+0000] {processor.py:208} INFO - Processing /home/airflow/.local/lib/python3.12/site-packages/airflow/example_dags/example_inlet_event_extra.py took 1.091 seconds
[2024-11-20T14:34:04.361+0000] {processor.py:186} INFO - Started process (PID=2150) to work on /home/airflow/.local/lib/python3.12/site-packages/airflow/example_dags/example_inlet_event_extra.py
[2024-11-20T14:34:04.362+0000] {processor.py:914} INFO - Processing file /home/airflow/.local/lib/python3.12/site-packages/airflow/example_dags/example_inlet_event_extra.py for tasks to queue
[2024-11-20T14:34:04.368+0000] {logging_mixin.py:190} INFO - [2024-11-20T14:34:04.367+0000] {dagbag.py:588} INFO - Filling up the DagBag from /home/airflow/.local/lib/python3.12/site-packages/airflow/example_dags/example_inlet_event_extra.py
[2024-11-20T14:34:05.372+0000] {processor.py:925} INFO - DAG(s) 'read_dataset_event_from_classic', 'read_dataset_event' retrieved from /home/airflow/.local/lib/python3.12/site-packages/airflow/example_dags/example_inlet_event_extra.py
[2024-11-20T14:34:05.409+0000] {logging_mixin.py:190} INFO - [2024-11-20T14:34:05.409+0000] {dag.py:3239} INFO - Sync 2 DAGs
[2024-11-20T14:34:05.459+0000] {logging_mixin.py:190} INFO - [2024-11-20T14:34:05.458+0000] {dag.py:4180} INFO - Setting next_dagrun for read_dataset_event to 2024-11-19 00:00:00+00:00, run_after=2024-11-20 00:00:00+00:00
[2024-11-20T14:34:05.468+0000] {logging_mixin.py:190} INFO - [2024-11-20T14:34:05.468+0000] {dag.py:4180} INFO - Setting next_dagrun for read_dataset_event_from_classic to 2024-11-19 00:00:00+00:00, run_after=2024-11-20 00:00:00+00:00
[2024-11-20T14:34:05.494+0000] {processor.py:208} INFO - Processing /home/airflow/.local/lib/python3.12/site-packages/airflow/example_dags/example_inlet_event_extra.py took 1.146 seconds
[2024-11-20T14:34:35.639+0000] {processor.py:186} INFO - Started process (PID=2218) to work on /home/airflow/.local/lib/python3.12/site-packages/airflow/example_dags/example_inlet_event_extra.py
[2024-11-20T14:34:35.640+0000] {processor.py:914} INFO - Processing file /home/airflow/.local/lib/python3.12/site-packages/airflow/example_dags/example_inlet_event_extra.py for tasks to queue
[2024-11-20T14:34:35.644+0000] {logging_mixin.py:190} INFO - [2024-11-20T14:34:35.644+0000] {dagbag.py:588} INFO - Filling up the DagBag from /home/airflow/.local/lib/python3.12/site-packages/airflow/example_dags/example_inlet_event_extra.py
[2024-11-20T14:34:36.557+0000] {processor.py:925} INFO - DAG(s) 'read_dataset_event', 'read_dataset_event_from_classic' retrieved from /home/airflow/.local/lib/python3.12/site-packages/airflow/example_dags/example_inlet_event_extra.py
[2024-11-20T14:34:36.631+0000] {logging_mixin.py:190} INFO - [2024-11-20T14:34:36.631+0000] {dag.py:3239} INFO - Sync 2 DAGs
[2024-11-20T14:34:36.707+0000] {logging_mixin.py:190} INFO - [2024-11-20T14:34:36.707+0000] {dag.py:4180} INFO - Setting next_dagrun for read_dataset_event to 2024-11-19 00:00:00+00:00, run_after=2024-11-20 00:00:00+00:00
[2024-11-20T14:34:36.721+0000] {logging_mixin.py:190} INFO - [2024-11-20T14:34:36.721+0000] {dag.py:4180} INFO - Setting next_dagrun for read_dataset_event_from_classic to 2024-11-19 00:00:00+00:00, run_after=2024-11-20 00:00:00+00:00
[2024-11-20T14:34:36.755+0000] {processor.py:208} INFO - Processing /home/airflow/.local/lib/python3.12/site-packages/airflow/example_dags/example_inlet_event_extra.py took 1.127 seconds
[2024-11-20T14:35:07.471+0000] {processor.py:186} INFO - Started process (PID=2281) to work on /home/airflow/.local/lib/python3.12/site-packages/airflow/example_dags/example_inlet_event_extra.py
[2024-11-20T14:35:07.473+0000] {processor.py:914} INFO - Processing file /home/airflow/.local/lib/python3.12/site-packages/airflow/example_dags/example_inlet_event_extra.py for tasks to queue
[2024-11-20T14:35:07.479+0000] {logging_mixin.py:190} INFO - [2024-11-20T14:35:07.478+0000] {dagbag.py:588} INFO - Filling up the DagBag from /home/airflow/.local/lib/python3.12/site-packages/airflow/example_dags/example_inlet_event_extra.py
[2024-11-20T14:35:08.506+0000] {processor.py:925} INFO - DAG(s) 'read_dataset_event', 'read_dataset_event_from_classic' retrieved from /home/airflow/.local/lib/python3.12/site-packages/airflow/example_dags/example_inlet_event_extra.py
[2024-11-20T14:35:08.559+0000] {logging_mixin.py:190} INFO - [2024-11-20T14:35:08.558+0000] {dag.py:3239} INFO - Sync 2 DAGs
[2024-11-20T14:35:08.609+0000] {logging_mixin.py:190} INFO - [2024-11-20T14:35:08.609+0000] {dag.py:4180} INFO - Setting next_dagrun for read_dataset_event to 2024-11-19 00:00:00+00:00, run_after=2024-11-20 00:00:00+00:00
[2024-11-20T14:35:08.624+0000] {logging_mixin.py:190} INFO - [2024-11-20T14:35:08.623+0000] {dag.py:4180} INFO - Setting next_dagrun for read_dataset_event_from_classic to 2024-11-19 00:00:00+00:00, run_after=2024-11-20 00:00:00+00:00
[2024-11-20T14:35:08.669+0000] {processor.py:208} INFO - Processing /home/airflow/.local/lib/python3.12/site-packages/airflow/example_dags/example_inlet_event_extra.py took 1.213 seconds
[2024-11-20T14:35:39.196+0000] {processor.py:186} INFO - Started process (PID=2346) to work on /home/airflow/.local/lib/python3.12/site-packages/airflow/example_dags/example_inlet_event_extra.py
[2024-11-20T14:35:39.197+0000] {processor.py:914} INFO - Processing file /home/airflow/.local/lib/python3.12/site-packages/airflow/example_dags/example_inlet_event_extra.py for tasks to queue
[2024-11-20T14:35:39.201+0000] {logging_mixin.py:190} INFO - [2024-11-20T14:35:39.200+0000] {dagbag.py:588} INFO - Filling up the DagBag from /home/airflow/.local/lib/python3.12/site-packages/airflow/example_dags/example_inlet_event_extra.py
[2024-11-20T14:35:40.273+0000] {processor.py:925} INFO - DAG(s) 'read_dataset_event', 'read_dataset_event_from_classic' retrieved from /home/airflow/.local/lib/python3.12/site-packages/airflow/example_dags/example_inlet_event_extra.py
[2024-11-20T14:35:40.300+0000] {logging_mixin.py:190} INFO - [2024-11-20T14:35:40.300+0000] {dag.py:3239} INFO - Sync 2 DAGs
[2024-11-20T14:35:40.343+0000] {logging_mixin.py:190} INFO - [2024-11-20T14:35:40.343+0000] {dag.py:4180} INFO - Setting next_dagrun for read_dataset_event to 2024-11-19 00:00:00+00:00, run_after=2024-11-20 00:00:00+00:00
[2024-11-20T14:35:40.352+0000] {logging_mixin.py:190} INFO - [2024-11-20T14:35:40.352+0000] {dag.py:4180} INFO - Setting next_dagrun for read_dataset_event_from_classic to 2024-11-19 00:00:00+00:00, run_after=2024-11-20 00:00:00+00:00
[2024-11-20T14:35:40.376+0000] {processor.py:208} INFO - Processing /home/airflow/.local/lib/python3.12/site-packages/airflow/example_dags/example_inlet_event_extra.py took 1.192 seconds
[2024-11-20T14:36:10.917+0000] {processor.py:186} INFO - Started process (PID=2412) to work on /home/airflow/.local/lib/python3.12/site-packages/airflow/example_dags/example_inlet_event_extra.py
[2024-11-20T14:36:10.918+0000] {processor.py:914} INFO - Processing file /home/airflow/.local/lib/python3.12/site-packages/airflow/example_dags/example_inlet_event_extra.py for tasks to queue
[2024-11-20T14:36:10.923+0000] {logging_mixin.py:190} INFO - [2024-11-20T14:36:10.923+0000] {dagbag.py:588} INFO - Filling up the DagBag from /home/airflow/.local/lib/python3.12/site-packages/airflow/example_dags/example_inlet_event_extra.py
[2024-11-20T14:36:11.788+0000] {processor.py:925} INFO - DAG(s) 'read_dataset_event_from_classic', 'read_dataset_event' retrieved from /home/airflow/.local/lib/python3.12/site-packages/airflow/example_dags/example_inlet_event_extra.py
[2024-11-20T14:36:11.836+0000] {logging_mixin.py:190} INFO - [2024-11-20T14:36:11.835+0000] {dag.py:3239} INFO - Sync 2 DAGs
[2024-11-20T14:36:11.892+0000] {logging_mixin.py:190} INFO - [2024-11-20T14:36:11.891+0000] {dag.py:4180} INFO - Setting next_dagrun for read_dataset_event to 2024-11-19 00:00:00+00:00, run_after=2024-11-20 00:00:00+00:00
[2024-11-20T14:36:11.902+0000] {logging_mixin.py:190} INFO - [2024-11-20T14:36:11.902+0000] {dag.py:4180} INFO - Setting next_dagrun for read_dataset_event_from_classic to 2024-11-19 00:00:00+00:00, run_after=2024-11-20 00:00:00+00:00
[2024-11-20T14:36:11.936+0000] {processor.py:208} INFO - Processing /home/airflow/.local/lib/python3.12/site-packages/airflow/example_dags/example_inlet_event_extra.py took 1.035 seconds
[2024-11-20T14:36:43.479+0000] {processor.py:186} INFO - Started process (PID=2483) to work on /home/airflow/.local/lib/python3.12/site-packages/airflow/example_dags/example_inlet_event_extra.py
[2024-11-20T14:36:43.481+0000] {processor.py:914} INFO - Processing file /home/airflow/.local/lib/python3.12/site-packages/airflow/example_dags/example_inlet_event_extra.py for tasks to queue
[2024-11-20T14:36:43.510+0000] {logging_mixin.py:190} INFO - [2024-11-20T14:36:43.495+0000] {dagbag.py:588} INFO - Filling up the DagBag from /home/airflow/.local/lib/python3.12/site-packages/airflow/example_dags/example_inlet_event_extra.py
[2024-11-20T14:36:45.342+0000] {processor.py:925} INFO - DAG(s) 'read_dataset_event_from_classic', 'read_dataset_event' retrieved from /home/airflow/.local/lib/python3.12/site-packages/airflow/example_dags/example_inlet_event_extra.py
[2024-11-20T14:36:45.462+0000] {logging_mixin.py:190} INFO - [2024-11-20T14:36:45.461+0000] {dag.py:3239} INFO - Sync 2 DAGs
[2024-11-20T14:36:45.550+0000] {logging_mixin.py:190} INFO - [2024-11-20T14:36:45.550+0000] {dag.py:4180} INFO - Setting next_dagrun for read_dataset_event to 2024-11-19 00:00:00+00:00, run_after=2024-11-20 00:00:00+00:00
[2024-11-20T14:36:45.565+0000] {logging_mixin.py:190} INFO - [2024-11-20T14:36:45.565+0000] {dag.py:4180} INFO - Setting next_dagrun for read_dataset_event_from_classic to 2024-11-19 00:00:00+00:00, run_after=2024-11-20 00:00:00+00:00
[2024-11-20T14:36:45.621+0000] {processor.py:208} INFO - Processing /home/airflow/.local/lib/python3.12/site-packages/airflow/example_dags/example_inlet_event_extra.py took 2.164 seconds
[2024-11-20T14:37:15.732+0000] {processor.py:186} INFO - Started process (PID=2553) to work on /home/airflow/.local/lib/python3.12/site-packages/airflow/example_dags/example_inlet_event_extra.py
[2024-11-20T14:37:15.733+0000] {processor.py:914} INFO - Processing file /home/airflow/.local/lib/python3.12/site-packages/airflow/example_dags/example_inlet_event_extra.py for tasks to queue
[2024-11-20T14:37:15.739+0000] {logging_mixin.py:190} INFO - [2024-11-20T14:37:15.738+0000] {dagbag.py:588} INFO - Filling up the DagBag from /home/airflow/.local/lib/python3.12/site-packages/airflow/example_dags/example_inlet_event_extra.py
[2024-11-20T14:37:17.275+0000] {processor.py:925} INFO - DAG(s) 'read_dataset_event_from_classic', 'read_dataset_event' retrieved from /home/airflow/.local/lib/python3.12/site-packages/airflow/example_dags/example_inlet_event_extra.py
[2024-11-20T14:37:17.326+0000] {logging_mixin.py:190} INFO - [2024-11-20T14:37:17.325+0000] {dag.py:3239} INFO - Sync 2 DAGs
[2024-11-20T14:37:17.395+0000] {logging_mixin.py:190} INFO - [2024-11-20T14:37:17.394+0000] {dag.py:4180} INFO - Setting next_dagrun for read_dataset_event to 2024-11-19 00:00:00+00:00, run_after=2024-11-20 00:00:00+00:00
[2024-11-20T14:37:17.409+0000] {logging_mixin.py:190} INFO - [2024-11-20T14:37:17.408+0000] {dag.py:4180} INFO - Setting next_dagrun for read_dataset_event_from_classic to 2024-11-19 00:00:00+00:00, run_after=2024-11-20 00:00:00+00:00
[2024-11-20T14:37:17.457+0000] {processor.py:208} INFO - Processing /home/airflow/.local/lib/python3.12/site-packages/airflow/example_dags/example_inlet_event_extra.py took 1.741 seconds
[2024-11-20T14:37:47.873+0000] {processor.py:186} INFO - Started process (PID=2617) to work on /home/airflow/.local/lib/python3.12/site-packages/airflow/example_dags/example_inlet_event_extra.py
[2024-11-20T14:37:47.874+0000] {processor.py:914} INFO - Processing file /home/airflow/.local/lib/python3.12/site-packages/airflow/example_dags/example_inlet_event_extra.py for tasks to queue
[2024-11-20T14:37:47.878+0000] {logging_mixin.py:190} INFO - [2024-11-20T14:37:47.877+0000] {dagbag.py:588} INFO - Filling up the DagBag from /home/airflow/.local/lib/python3.12/site-packages/airflow/example_dags/example_inlet_event_extra.py
[2024-11-20T14:37:49.015+0000] {processor.py:925} INFO - DAG(s) 'read_dataset_event', 'read_dataset_event_from_classic' retrieved from /home/airflow/.local/lib/python3.12/site-packages/airflow/example_dags/example_inlet_event_extra.py
[2024-11-20T14:37:49.074+0000] {logging_mixin.py:190} INFO - [2024-11-20T14:37:49.073+0000] {dag.py:3239} INFO - Sync 2 DAGs
[2024-11-20T14:37:49.153+0000] {logging_mixin.py:190} INFO - [2024-11-20T14:37:49.151+0000] {dag.py:4180} INFO - Setting next_dagrun for read_dataset_event to 2024-11-19 00:00:00+00:00, run_after=2024-11-20 00:00:00+00:00
[2024-11-20T14:37:49.172+0000] {logging_mixin.py:190} INFO - [2024-11-20T14:37:49.171+0000] {dag.py:4180} INFO - Setting next_dagrun for read_dataset_event_from_classic to 2024-11-19 00:00:00+00:00, run_after=2024-11-20 00:00:00+00:00
[2024-11-20T14:37:49.214+0000] {processor.py:208} INFO - Processing /home/airflow/.local/lib/python3.12/site-packages/airflow/example_dags/example_inlet_event_extra.py took 1.352 seconds
