[2024-11-20T14:16:21.832+0000] {processor.py:186} INFO - Started process (PID=115) to work on /home/airflow/.local/lib/python3.12/site-packages/airflow/example_dags/example_skip_dag.py
[2024-11-20T14:16:21.834+0000] {processor.py:914} INFO - Processing file /home/airflow/.local/lib/python3.12/site-packages/airflow/example_dags/example_skip_dag.py for tasks to queue
[2024-11-20T14:16:21.839+0000] {logging_mixin.py:190} INFO - [2024-11-20T14:16:21.838+0000] {dagbag.py:588} INFO - Filling up the DagBag from /home/airflow/.local/lib/python3.12/site-packages/airflow/example_dags/example_skip_dag.py
[2024-11-20T14:16:21.859+0000] {processor.py:925} INFO - DAG(s) 'example_skip_dag' retrieved from /home/airflow/.local/lib/python3.12/site-packages/airflow/example_dags/example_skip_dag.py
[2024-11-20T14:16:22.253+0000] {logging_mixin.py:190} INFO - [2024-11-20T14:16:22.252+0000] {override.py:1911} INFO - Created Permission View: can delete on DAG:example_skip_dag
[2024-11-20T14:16:22.323+0000] {logging_mixin.py:190} INFO - [2024-11-20T14:16:22.323+0000] {override.py:1911} INFO - Created Permission View: can read on DAG:example_skip_dag
[2024-11-20T14:16:22.363+0000] {logging_mixin.py:190} INFO - [2024-11-20T14:16:22.362+0000] {override.py:1911} INFO - Created Permission View: can edit on DAG:example_skip_dag
[2024-11-20T14:16:22.391+0000] {logging_mixin.py:190} INFO - [2024-11-20T14:16:22.390+0000] {override.py:1911} INFO - Created Permission View: can delete on DAG Run:example_skip_dag
[2024-11-20T14:16:22.424+0000] {logging_mixin.py:190} INFO - [2024-11-20T14:16:22.423+0000] {override.py:1911} INFO - Created Permission View: menu access on DAG Run:example_skip_dag
[2024-11-20T14:16:22.451+0000] {logging_mixin.py:190} INFO - [2024-11-20T14:16:22.450+0000] {override.py:1911} INFO - Created Permission View: can read on DAG Run:example_skip_dag
[2024-11-20T14:16:22.482+0000] {logging_mixin.py:190} INFO - [2024-11-20T14:16:22.482+0000] {override.py:1911} INFO - Created Permission View: can create on DAG Run:example_skip_dag
[2024-11-20T14:16:22.483+0000] {logging_mixin.py:190} INFO - [2024-11-20T14:16:22.483+0000] {dag.py:3239} INFO - Sync 1 DAGs
[2024-11-20T14:16:22.522+0000] {logging_mixin.py:190} INFO - [2024-11-20T14:16:22.521+0000] {dag.py:3262} INFO - Creating ORM DAG for example_skip_dag
[2024-11-20T14:16:22.543+0000] {logging_mixin.py:190} INFO - [2024-11-20T14:16:22.543+0000] {dag.py:4180} INFO - Setting next_dagrun for example_skip_dag to 2024-11-19 00:00:00+00:00, run_after=2024-11-20 00:00:00+00:00
[2024-11-20T14:16:22.634+0000] {processor.py:208} INFO - Processing /home/airflow/.local/lib/python3.12/site-packages/airflow/example_dags/example_skip_dag.py took 0.815 seconds
[2024-11-20T14:16:53.188+0000] {processor.py:186} INFO - Started process (PID=178) to work on /home/airflow/.local/lib/python3.12/site-packages/airflow/example_dags/example_skip_dag.py
[2024-11-20T14:16:53.189+0000] {processor.py:914} INFO - Processing file /home/airflow/.local/lib/python3.12/site-packages/airflow/example_dags/example_skip_dag.py for tasks to queue
[2024-11-20T14:16:53.192+0000] {logging_mixin.py:190} INFO - [2024-11-20T14:16:53.192+0000] {dagbag.py:588} INFO - Filling up the DagBag from /home/airflow/.local/lib/python3.12/site-packages/airflow/example_dags/example_skip_dag.py
[2024-11-20T14:16:53.204+0000] {processor.py:925} INFO - DAG(s) 'example_skip_dag' retrieved from /home/airflow/.local/lib/python3.12/site-packages/airflow/example_dags/example_skip_dag.py
[2024-11-20T14:16:53.239+0000] {logging_mixin.py:190} INFO - [2024-11-20T14:16:53.239+0000] {dag.py:3239} INFO - Sync 1 DAGs
[2024-11-20T14:16:53.285+0000] {logging_mixin.py:190} INFO - [2024-11-20T14:16:53.285+0000] {dag.py:4180} INFO - Setting next_dagrun for example_skip_dag to 2024-11-19 00:00:00+00:00, run_after=2024-11-20 00:00:00+00:00
[2024-11-20T14:16:53.316+0000] {processor.py:208} INFO - Processing /home/airflow/.local/lib/python3.12/site-packages/airflow/example_dags/example_skip_dag.py took 0.139 seconds
[2024-11-20T14:17:23.905+0000] {processor.py:186} INFO - Started process (PID=241) to work on /home/airflow/.local/lib/python3.12/site-packages/airflow/example_dags/example_skip_dag.py
[2024-11-20T14:17:23.906+0000] {processor.py:914} INFO - Processing file /home/airflow/.local/lib/python3.12/site-packages/airflow/example_dags/example_skip_dag.py for tasks to queue
[2024-11-20T14:17:23.909+0000] {logging_mixin.py:190} INFO - [2024-11-20T14:17:23.909+0000] {dagbag.py:588} INFO - Filling up the DagBag from /home/airflow/.local/lib/python3.12/site-packages/airflow/example_dags/example_skip_dag.py
[2024-11-20T14:17:23.921+0000] {processor.py:925} INFO - DAG(s) 'example_skip_dag' retrieved from /home/airflow/.local/lib/python3.12/site-packages/airflow/example_dags/example_skip_dag.py
[2024-11-20T14:17:23.950+0000] {logging_mixin.py:190} INFO - [2024-11-20T14:17:23.950+0000] {dag.py:3239} INFO - Sync 1 DAGs
[2024-11-20T14:17:23.992+0000] {logging_mixin.py:190} INFO - [2024-11-20T14:17:23.991+0000] {dag.py:4180} INFO - Setting next_dagrun for example_skip_dag to 2024-11-19 00:00:00+00:00, run_after=2024-11-20 00:00:00+00:00
[2024-11-20T14:17:24.025+0000] {processor.py:208} INFO - Processing /home/airflow/.local/lib/python3.12/site-packages/airflow/example_dags/example_skip_dag.py took 0.130 seconds
[2024-11-20T14:17:54.506+0000] {processor.py:186} INFO - Started process (PID=304) to work on /home/airflow/.local/lib/python3.12/site-packages/airflow/example_dags/example_skip_dag.py
[2024-11-20T14:17:54.523+0000] {processor.py:914} INFO - Processing file /home/airflow/.local/lib/python3.12/site-packages/airflow/example_dags/example_skip_dag.py for tasks to queue
[2024-11-20T14:17:54.528+0000] {logging_mixin.py:190} INFO - [2024-11-20T14:17:54.528+0000] {dagbag.py:588} INFO - Filling up the DagBag from /home/airflow/.local/lib/python3.12/site-packages/airflow/example_dags/example_skip_dag.py
[2024-11-20T14:17:54.543+0000] {processor.py:925} INFO - DAG(s) 'example_skip_dag' retrieved from /home/airflow/.local/lib/python3.12/site-packages/airflow/example_dags/example_skip_dag.py
[2024-11-20T14:17:54.574+0000] {logging_mixin.py:190} INFO - [2024-11-20T14:17:54.574+0000] {dag.py:3239} INFO - Sync 1 DAGs
[2024-11-20T14:17:54.610+0000] {logging_mixin.py:190} INFO - [2024-11-20T14:17:54.610+0000] {dag.py:4180} INFO - Setting next_dagrun for example_skip_dag to 2024-11-19 00:00:00+00:00, run_after=2024-11-20 00:00:00+00:00
[2024-11-20T14:17:54.637+0000] {processor.py:208} INFO - Processing /home/airflow/.local/lib/python3.12/site-packages/airflow/example_dags/example_skip_dag.py took 0.143 seconds
[2024-11-20T14:18:25.407+0000] {processor.py:186} INFO - Started process (PID=367) to work on /home/airflow/.local/lib/python3.12/site-packages/airflow/example_dags/example_skip_dag.py
[2024-11-20T14:18:25.409+0000] {processor.py:914} INFO - Processing file /home/airflow/.local/lib/python3.12/site-packages/airflow/example_dags/example_skip_dag.py for tasks to queue
[2024-11-20T14:18:25.413+0000] {logging_mixin.py:190} INFO - [2024-11-20T14:18:25.413+0000] {dagbag.py:588} INFO - Filling up the DagBag from /home/airflow/.local/lib/python3.12/site-packages/airflow/example_dags/example_skip_dag.py
[2024-11-20T14:18:25.423+0000] {processor.py:925} INFO - DAG(s) 'example_skip_dag' retrieved from /home/airflow/.local/lib/python3.12/site-packages/airflow/example_dags/example_skip_dag.py
[2024-11-20T14:18:25.454+0000] {logging_mixin.py:190} INFO - [2024-11-20T14:18:25.454+0000] {dag.py:3239} INFO - Sync 1 DAGs
[2024-11-20T14:18:25.498+0000] {logging_mixin.py:190} INFO - [2024-11-20T14:18:25.498+0000] {dag.py:4180} INFO - Setting next_dagrun for example_skip_dag to 2024-11-19 00:00:00+00:00, run_after=2024-11-20 00:00:00+00:00
[2024-11-20T14:18:25.539+0000] {processor.py:208} INFO - Processing /home/airflow/.local/lib/python3.12/site-packages/airflow/example_dags/example_skip_dag.py took 0.140 seconds
[2024-11-20T14:18:57.664+0000] {processor.py:186} INFO - Started process (PID=430) to work on /home/airflow/.local/lib/python3.12/site-packages/airflow/example_dags/example_skip_dag.py
[2024-11-20T14:18:57.669+0000] {processor.py:914} INFO - Processing file /home/airflow/.local/lib/python3.12/site-packages/airflow/example_dags/example_skip_dag.py for tasks to queue
[2024-11-20T14:18:57.675+0000] {logging_mixin.py:190} INFO - [2024-11-20T14:18:57.674+0000] {dagbag.py:588} INFO - Filling up the DagBag from /home/airflow/.local/lib/python3.12/site-packages/airflow/example_dags/example_skip_dag.py
[2024-11-20T14:18:57.700+0000] {processor.py:925} INFO - DAG(s) 'example_skip_dag' retrieved from /home/airflow/.local/lib/python3.12/site-packages/airflow/example_dags/example_skip_dag.py
[2024-11-20T14:18:57.751+0000] {logging_mixin.py:190} INFO - [2024-11-20T14:18:57.751+0000] {dag.py:3239} INFO - Sync 1 DAGs
[2024-11-20T14:18:57.813+0000] {logging_mixin.py:190} INFO - [2024-11-20T14:18:57.812+0000] {dag.py:4180} INFO - Setting next_dagrun for example_skip_dag to 2024-11-19 00:00:00+00:00, run_after=2024-11-20 00:00:00+00:00
[2024-11-20T14:18:57.872+0000] {processor.py:208} INFO - Processing /home/airflow/.local/lib/python3.12/site-packages/airflow/example_dags/example_skip_dag.py took 0.259 seconds
[2024-11-20T14:19:28.311+0000] {processor.py:186} INFO - Started process (PID=491) to work on /home/airflow/.local/lib/python3.12/site-packages/airflow/example_dags/example_skip_dag.py
[2024-11-20T14:19:28.313+0000] {processor.py:914} INFO - Processing file /home/airflow/.local/lib/python3.12/site-packages/airflow/example_dags/example_skip_dag.py for tasks to queue
[2024-11-20T14:19:28.318+0000] {logging_mixin.py:190} INFO - [2024-11-20T14:19:28.317+0000] {dagbag.py:588} INFO - Filling up the DagBag from /home/airflow/.local/lib/python3.12/site-packages/airflow/example_dags/example_skip_dag.py
[2024-11-20T14:19:28.333+0000] {processor.py:925} INFO - DAG(s) 'example_skip_dag' retrieved from /home/airflow/.local/lib/python3.12/site-packages/airflow/example_dags/example_skip_dag.py
[2024-11-20T14:19:28.378+0000] {logging_mixin.py:190} INFO - [2024-11-20T14:19:28.378+0000] {dag.py:3239} INFO - Sync 1 DAGs
[2024-11-20T14:19:28.433+0000] {logging_mixin.py:190} INFO - [2024-11-20T14:19:28.432+0000] {dag.py:4180} INFO - Setting next_dagrun for example_skip_dag to 2024-11-19 00:00:00+00:00, run_after=2024-11-20 00:00:00+00:00
[2024-11-20T14:19:28.472+0000] {processor.py:208} INFO - Processing /home/airflow/.local/lib/python3.12/site-packages/airflow/example_dags/example_skip_dag.py took 0.173 seconds
[2024-11-20T14:20:01.330+0000] {processor.py:186} INFO - Started process (PID=554) to work on /home/airflow/.local/lib/python3.12/site-packages/airflow/example_dags/example_skip_dag.py
[2024-11-20T14:20:01.331+0000] {processor.py:914} INFO - Processing file /home/airflow/.local/lib/python3.12/site-packages/airflow/example_dags/example_skip_dag.py for tasks to queue
[2024-11-20T14:20:01.335+0000] {logging_mixin.py:190} INFO - [2024-11-20T14:20:01.334+0000] {dagbag.py:588} INFO - Filling up the DagBag from /home/airflow/.local/lib/python3.12/site-packages/airflow/example_dags/example_skip_dag.py
[2024-11-20T14:20:01.348+0000] {processor.py:925} INFO - DAG(s) 'example_skip_dag' retrieved from /home/airflow/.local/lib/python3.12/site-packages/airflow/example_dags/example_skip_dag.py
[2024-11-20T14:20:01.385+0000] {logging_mixin.py:190} INFO - [2024-11-20T14:20:01.384+0000] {dag.py:3239} INFO - Sync 1 DAGs
[2024-11-20T14:20:01.423+0000] {logging_mixin.py:190} INFO - [2024-11-20T14:20:01.423+0000] {dag.py:4180} INFO - Setting next_dagrun for example_skip_dag to 2024-11-19 00:00:00+00:00, run_after=2024-11-20 00:00:00+00:00
[2024-11-20T14:20:01.454+0000] {processor.py:208} INFO - Processing /home/airflow/.local/lib/python3.12/site-packages/airflow/example_dags/example_skip_dag.py took 0.134 seconds
[2024-11-20T14:20:32.462+0000] {processor.py:186} INFO - Started process (PID=617) to work on /home/airflow/.local/lib/python3.12/site-packages/airflow/example_dags/example_skip_dag.py
[2024-11-20T14:20:32.463+0000] {processor.py:914} INFO - Processing file /home/airflow/.local/lib/python3.12/site-packages/airflow/example_dags/example_skip_dag.py for tasks to queue
[2024-11-20T14:20:32.469+0000] {logging_mixin.py:190} INFO - [2024-11-20T14:20:32.469+0000] {dagbag.py:588} INFO - Filling up the DagBag from /home/airflow/.local/lib/python3.12/site-packages/airflow/example_dags/example_skip_dag.py
[2024-11-20T14:20:32.483+0000] {processor.py:925} INFO - DAG(s) 'example_skip_dag' retrieved from /home/airflow/.local/lib/python3.12/site-packages/airflow/example_dags/example_skip_dag.py
[2024-11-20T14:20:32.515+0000] {logging_mixin.py:190} INFO - [2024-11-20T14:20:32.515+0000] {dag.py:3239} INFO - Sync 1 DAGs
[2024-11-20T14:20:32.563+0000] {logging_mixin.py:190} INFO - [2024-11-20T14:20:32.563+0000] {dag.py:4180} INFO - Setting next_dagrun for example_skip_dag to 2024-11-19 00:00:00+00:00, run_after=2024-11-20 00:00:00+00:00
[2024-11-20T14:20:32.594+0000] {processor.py:208} INFO - Processing /home/airflow/.local/lib/python3.12/site-packages/airflow/example_dags/example_skip_dag.py took 0.146 seconds
[2024-11-20T14:21:03.460+0000] {processor.py:186} INFO - Started process (PID=680) to work on /home/airflow/.local/lib/python3.12/site-packages/airflow/example_dags/example_skip_dag.py
[2024-11-20T14:21:03.461+0000] {processor.py:914} INFO - Processing file /home/airflow/.local/lib/python3.12/site-packages/airflow/example_dags/example_skip_dag.py for tasks to queue
[2024-11-20T14:21:03.465+0000] {logging_mixin.py:190} INFO - [2024-11-20T14:21:03.465+0000] {dagbag.py:588} INFO - Filling up the DagBag from /home/airflow/.local/lib/python3.12/site-packages/airflow/example_dags/example_skip_dag.py
[2024-11-20T14:21:03.477+0000] {processor.py:925} INFO - DAG(s) 'example_skip_dag' retrieved from /home/airflow/.local/lib/python3.12/site-packages/airflow/example_dags/example_skip_dag.py
[2024-11-20T14:21:03.509+0000] {logging_mixin.py:190} INFO - [2024-11-20T14:21:03.509+0000] {dag.py:3239} INFO - Sync 1 DAGs
[2024-11-20T14:21:03.553+0000] {logging_mixin.py:190} INFO - [2024-11-20T14:21:03.552+0000] {dag.py:4180} INFO - Setting next_dagrun for example_skip_dag to 2024-11-19 00:00:00+00:00, run_after=2024-11-20 00:00:00+00:00
[2024-11-20T14:21:03.583+0000] {processor.py:208} INFO - Processing /home/airflow/.local/lib/python3.12/site-packages/airflow/example_dags/example_skip_dag.py took 0.136 seconds
[2024-11-20T14:21:35.418+0000] {processor.py:186} INFO - Started process (PID=743) to work on /home/airflow/.local/lib/python3.12/site-packages/airflow/example_dags/example_skip_dag.py
[2024-11-20T14:21:35.419+0000] {processor.py:914} INFO - Processing file /home/airflow/.local/lib/python3.12/site-packages/airflow/example_dags/example_skip_dag.py for tasks to queue
[2024-11-20T14:21:35.424+0000] {logging_mixin.py:190} INFO - [2024-11-20T14:21:35.424+0000] {dagbag.py:588} INFO - Filling up the DagBag from /home/airflow/.local/lib/python3.12/site-packages/airflow/example_dags/example_skip_dag.py
[2024-11-20T14:21:35.441+0000] {processor.py:925} INFO - DAG(s) 'example_skip_dag' retrieved from /home/airflow/.local/lib/python3.12/site-packages/airflow/example_dags/example_skip_dag.py
[2024-11-20T14:21:35.485+0000] {logging_mixin.py:190} INFO - [2024-11-20T14:21:35.484+0000] {dag.py:3239} INFO - Sync 1 DAGs
[2024-11-20T14:21:35.537+0000] {logging_mixin.py:190} INFO - [2024-11-20T14:21:35.537+0000] {dag.py:4180} INFO - Setting next_dagrun for example_skip_dag to 2024-11-19 00:00:00+00:00, run_after=2024-11-20 00:00:00+00:00
[2024-11-20T14:21:35.576+0000] {processor.py:208} INFO - Processing /home/airflow/.local/lib/python3.12/site-packages/airflow/example_dags/example_skip_dag.py took 0.172 seconds
[2024-11-20T14:22:07.259+0000] {processor.py:186} INFO - Started process (PID=806) to work on /home/airflow/.local/lib/python3.12/site-packages/airflow/example_dags/example_skip_dag.py
[2024-11-20T14:22:07.260+0000] {processor.py:914} INFO - Processing file /home/airflow/.local/lib/python3.12/site-packages/airflow/example_dags/example_skip_dag.py for tasks to queue
[2024-11-20T14:22:07.264+0000] {logging_mixin.py:190} INFO - [2024-11-20T14:22:07.263+0000] {dagbag.py:588} INFO - Filling up the DagBag from /home/airflow/.local/lib/python3.12/site-packages/airflow/example_dags/example_skip_dag.py
[2024-11-20T14:22:07.276+0000] {processor.py:925} INFO - DAG(s) 'example_skip_dag' retrieved from /home/airflow/.local/lib/python3.12/site-packages/airflow/example_dags/example_skip_dag.py
[2024-11-20T14:22:07.315+0000] {logging_mixin.py:190} INFO - [2024-11-20T14:22:07.315+0000] {dag.py:3239} INFO - Sync 1 DAGs
[2024-11-20T14:22:07.379+0000] {logging_mixin.py:190} INFO - [2024-11-20T14:22:07.378+0000] {dag.py:4180} INFO - Setting next_dagrun for example_skip_dag to 2024-11-19 00:00:00+00:00, run_after=2024-11-20 00:00:00+00:00
[2024-11-20T14:22:07.416+0000] {processor.py:208} INFO - Processing /home/airflow/.local/lib/python3.12/site-packages/airflow/example_dags/example_skip_dag.py took 0.169 seconds
[2024-11-20T14:22:39.995+0000] {processor.py:186} INFO - Started process (PID=869) to work on /home/airflow/.local/lib/python3.12/site-packages/airflow/example_dags/example_skip_dag.py
[2024-11-20T14:22:39.996+0000] {processor.py:914} INFO - Processing file /home/airflow/.local/lib/python3.12/site-packages/airflow/example_dags/example_skip_dag.py for tasks to queue
[2024-11-20T14:22:40.000+0000] {logging_mixin.py:190} INFO - [2024-11-20T14:22:39.999+0000] {dagbag.py:588} INFO - Filling up the DagBag from /home/airflow/.local/lib/python3.12/site-packages/airflow/example_dags/example_skip_dag.py
[2024-11-20T14:22:40.016+0000] {processor.py:925} INFO - DAG(s) 'example_skip_dag' retrieved from /home/airflow/.local/lib/python3.12/site-packages/airflow/example_dags/example_skip_dag.py
[2024-11-20T14:22:40.049+0000] {logging_mixin.py:190} INFO - [2024-11-20T14:22:40.049+0000] {dag.py:3239} INFO - Sync 1 DAGs
[2024-11-20T14:22:40.098+0000] {logging_mixin.py:190} INFO - [2024-11-20T14:22:40.097+0000] {dag.py:4180} INFO - Setting next_dagrun for example_skip_dag to 2024-11-19 00:00:00+00:00, run_after=2024-11-20 00:00:00+00:00
[2024-11-20T14:22:40.136+0000] {processor.py:208} INFO - Processing /home/airflow/.local/lib/python3.12/site-packages/airflow/example_dags/example_skip_dag.py took 0.152 seconds
[2024-11-20T14:23:12.646+0000] {processor.py:186} INFO - Started process (PID=933) to work on /home/airflow/.local/lib/python3.12/site-packages/airflow/example_dags/example_skip_dag.py
[2024-11-20T14:23:12.647+0000] {processor.py:914} INFO - Processing file /home/airflow/.local/lib/python3.12/site-packages/airflow/example_dags/example_skip_dag.py for tasks to queue
[2024-11-20T14:23:12.652+0000] {logging_mixin.py:190} INFO - [2024-11-20T14:23:12.651+0000] {dagbag.py:588} INFO - Filling up the DagBag from /home/airflow/.local/lib/python3.12/site-packages/airflow/example_dags/example_skip_dag.py
[2024-11-20T14:23:12.664+0000] {processor.py:925} INFO - DAG(s) 'example_skip_dag' retrieved from /home/airflow/.local/lib/python3.12/site-packages/airflow/example_dags/example_skip_dag.py
[2024-11-20T14:23:12.729+0000] {logging_mixin.py:190} INFO - [2024-11-20T14:23:12.729+0000] {dag.py:3239} INFO - Sync 1 DAGs
[2024-11-20T14:23:12.789+0000] {logging_mixin.py:190} INFO - [2024-11-20T14:23:12.788+0000] {dag.py:4180} INFO - Setting next_dagrun for example_skip_dag to 2024-11-19 00:00:00+00:00, run_after=2024-11-20 00:00:00+00:00
[2024-11-20T14:23:12.832+0000] {processor.py:208} INFO - Processing /home/airflow/.local/lib/python3.12/site-packages/airflow/example_dags/example_skip_dag.py took 0.198 seconds
[2024-11-20T14:23:43.767+0000] {processor.py:186} INFO - Started process (PID=995) to work on /home/airflow/.local/lib/python3.12/site-packages/airflow/example_dags/example_skip_dag.py
[2024-11-20T14:23:43.769+0000] {processor.py:914} INFO - Processing file /home/airflow/.local/lib/python3.12/site-packages/airflow/example_dags/example_skip_dag.py for tasks to queue
[2024-11-20T14:23:43.773+0000] {logging_mixin.py:190} INFO - [2024-11-20T14:23:43.773+0000] {dagbag.py:588} INFO - Filling up the DagBag from /home/airflow/.local/lib/python3.12/site-packages/airflow/example_dags/example_skip_dag.py
[2024-11-20T14:23:43.786+0000] {processor.py:925} INFO - DAG(s) 'example_skip_dag' retrieved from /home/airflow/.local/lib/python3.12/site-packages/airflow/example_dags/example_skip_dag.py
[2024-11-20T14:23:43.823+0000] {logging_mixin.py:190} INFO - [2024-11-20T14:23:43.822+0000] {dag.py:3239} INFO - Sync 1 DAGs
[2024-11-20T14:23:43.864+0000] {logging_mixin.py:190} INFO - [2024-11-20T14:23:43.863+0000] {dag.py:4180} INFO - Setting next_dagrun for example_skip_dag to 2024-11-19 00:00:00+00:00, run_after=2024-11-20 00:00:00+00:00
[2024-11-20T14:23:43.893+0000] {processor.py:208} INFO - Processing /home/airflow/.local/lib/python3.12/site-packages/airflow/example_dags/example_skip_dag.py took 0.137 seconds
[2024-11-20T14:24:15.160+0000] {processor.py:186} INFO - Started process (PID=1058) to work on /home/airflow/.local/lib/python3.12/site-packages/airflow/example_dags/example_skip_dag.py
[2024-11-20T14:24:15.162+0000] {processor.py:914} INFO - Processing file /home/airflow/.local/lib/python3.12/site-packages/airflow/example_dags/example_skip_dag.py for tasks to queue
[2024-11-20T14:24:15.166+0000] {logging_mixin.py:190} INFO - [2024-11-20T14:24:15.165+0000] {dagbag.py:588} INFO - Filling up the DagBag from /home/airflow/.local/lib/python3.12/site-packages/airflow/example_dags/example_skip_dag.py
[2024-11-20T14:24:15.179+0000] {processor.py:925} INFO - DAG(s) 'example_skip_dag' retrieved from /home/airflow/.local/lib/python3.12/site-packages/airflow/example_dags/example_skip_dag.py
[2024-11-20T14:24:15.212+0000] {logging_mixin.py:190} INFO - [2024-11-20T14:24:15.211+0000] {dag.py:3239} INFO - Sync 1 DAGs
[2024-11-20T14:24:15.257+0000] {logging_mixin.py:190} INFO - [2024-11-20T14:24:15.256+0000] {dag.py:4180} INFO - Setting next_dagrun for example_skip_dag to 2024-11-19 00:00:00+00:00, run_after=2024-11-20 00:00:00+00:00
[2024-11-20T14:24:15.290+0000] {processor.py:208} INFO - Processing /home/airflow/.local/lib/python3.12/site-packages/airflow/example_dags/example_skip_dag.py took 0.141 seconds
[2024-11-20T14:24:47.953+0000] {processor.py:186} INFO - Started process (PID=1131) to work on /home/airflow/.local/lib/python3.12/site-packages/airflow/example_dags/example_skip_dag.py
[2024-11-20T14:24:47.955+0000] {processor.py:914} INFO - Processing file /home/airflow/.local/lib/python3.12/site-packages/airflow/example_dags/example_skip_dag.py for tasks to queue
[2024-11-20T14:24:47.960+0000] {logging_mixin.py:190} INFO - [2024-11-20T14:24:47.960+0000] {dagbag.py:588} INFO - Filling up the DagBag from /home/airflow/.local/lib/python3.12/site-packages/airflow/example_dags/example_skip_dag.py
[2024-11-20T14:24:47.975+0000] {processor.py:925} INFO - DAG(s) 'example_skip_dag' retrieved from /home/airflow/.local/lib/python3.12/site-packages/airflow/example_dags/example_skip_dag.py
[2024-11-20T14:24:48.014+0000] {logging_mixin.py:190} INFO - [2024-11-20T14:24:48.013+0000] {dag.py:3239} INFO - Sync 1 DAGs
[2024-11-20T14:24:48.068+0000] {logging_mixin.py:190} INFO - [2024-11-20T14:24:48.068+0000] {dag.py:4180} INFO - Setting next_dagrun for example_skip_dag to 2024-11-19 00:00:00+00:00, run_after=2024-11-20 00:00:00+00:00
[2024-11-20T14:24:48.101+0000] {processor.py:208} INFO - Processing /home/airflow/.local/lib/python3.12/site-packages/airflow/example_dags/example_skip_dag.py took 0.160 seconds
[2024-11-20T14:25:19.565+0000] {processor.py:186} INFO - Started process (PID=1194) to work on /home/airflow/.local/lib/python3.12/site-packages/airflow/example_dags/example_skip_dag.py
[2024-11-20T14:25:19.566+0000] {processor.py:914} INFO - Processing file /home/airflow/.local/lib/python3.12/site-packages/airflow/example_dags/example_skip_dag.py for tasks to queue
[2024-11-20T14:25:19.570+0000] {logging_mixin.py:190} INFO - [2024-11-20T14:25:19.569+0000] {dagbag.py:588} INFO - Filling up the DagBag from /home/airflow/.local/lib/python3.12/site-packages/airflow/example_dags/example_skip_dag.py
[2024-11-20T14:25:19.584+0000] {processor.py:925} INFO - DAG(s) 'example_skip_dag' retrieved from /home/airflow/.local/lib/python3.12/site-packages/airflow/example_dags/example_skip_dag.py
[2024-11-20T14:25:19.619+0000] {logging_mixin.py:190} INFO - [2024-11-20T14:25:19.619+0000] {dag.py:3239} INFO - Sync 1 DAGs
[2024-11-20T14:25:19.664+0000] {logging_mixin.py:190} INFO - [2024-11-20T14:25:19.664+0000] {dag.py:4180} INFO - Setting next_dagrun for example_skip_dag to 2024-11-19 00:00:00+00:00, run_after=2024-11-20 00:00:00+00:00
[2024-11-20T14:25:19.692+0000] {processor.py:208} INFO - Processing /home/airflow/.local/lib/python3.12/site-packages/airflow/example_dags/example_skip_dag.py took 0.136 seconds
[2024-11-20T14:25:51.543+0000] {processor.py:186} INFO - Started process (PID=1257) to work on /home/airflow/.local/lib/python3.12/site-packages/airflow/example_dags/example_skip_dag.py
[2024-11-20T14:25:51.544+0000] {processor.py:914} INFO - Processing file /home/airflow/.local/lib/python3.12/site-packages/airflow/example_dags/example_skip_dag.py for tasks to queue
[2024-11-20T14:25:51.548+0000] {logging_mixin.py:190} INFO - [2024-11-20T14:25:51.548+0000] {dagbag.py:588} INFO - Filling up the DagBag from /home/airflow/.local/lib/python3.12/site-packages/airflow/example_dags/example_skip_dag.py
[2024-11-20T14:25:51.560+0000] {processor.py:925} INFO - DAG(s) 'example_skip_dag' retrieved from /home/airflow/.local/lib/python3.12/site-packages/airflow/example_dags/example_skip_dag.py
[2024-11-20T14:25:51.593+0000] {logging_mixin.py:190} INFO - [2024-11-20T14:25:51.592+0000] {dag.py:3239} INFO - Sync 1 DAGs
[2024-11-20T14:25:51.633+0000] {logging_mixin.py:190} INFO - [2024-11-20T14:25:51.633+0000] {dag.py:4180} INFO - Setting next_dagrun for example_skip_dag to 2024-11-19 00:00:00+00:00, run_after=2024-11-20 00:00:00+00:00
[2024-11-20T14:25:51.662+0000] {processor.py:208} INFO - Processing /home/airflow/.local/lib/python3.12/site-packages/airflow/example_dags/example_skip_dag.py took 0.130 seconds
[2024-11-20T14:26:23.051+0000] {processor.py:186} INFO - Started process (PID=1320) to work on /home/airflow/.local/lib/python3.12/site-packages/airflow/example_dags/example_skip_dag.py
[2024-11-20T14:26:23.054+0000] {processor.py:914} INFO - Processing file /home/airflow/.local/lib/python3.12/site-packages/airflow/example_dags/example_skip_dag.py for tasks to queue
[2024-11-20T14:26:23.058+0000] {logging_mixin.py:190} INFO - [2024-11-20T14:26:23.058+0000] {dagbag.py:588} INFO - Filling up the DagBag from /home/airflow/.local/lib/python3.12/site-packages/airflow/example_dags/example_skip_dag.py
[2024-11-20T14:26:23.072+0000] {processor.py:925} INFO - DAG(s) 'example_skip_dag' retrieved from /home/airflow/.local/lib/python3.12/site-packages/airflow/example_dags/example_skip_dag.py
[2024-11-20T14:26:23.102+0000] {logging_mixin.py:190} INFO - [2024-11-20T14:26:23.102+0000] {dag.py:3239} INFO - Sync 1 DAGs
[2024-11-20T14:26:23.147+0000] {logging_mixin.py:190} INFO - [2024-11-20T14:26:23.147+0000] {dag.py:4180} INFO - Setting next_dagrun for example_skip_dag to 2024-11-19 00:00:00+00:00, run_after=2024-11-20 00:00:00+00:00
[2024-11-20T14:26:23.183+0000] {processor.py:208} INFO - Processing /home/airflow/.local/lib/python3.12/site-packages/airflow/example_dags/example_skip_dag.py took 0.141 seconds
[2024-11-20T14:26:55.212+0000] {processor.py:186} INFO - Started process (PID=1383) to work on /home/airflow/.local/lib/python3.12/site-packages/airflow/example_dags/example_skip_dag.py
[2024-11-20T14:26:55.232+0000] {processor.py:914} INFO - Processing file /home/airflow/.local/lib/python3.12/site-packages/airflow/example_dags/example_skip_dag.py for tasks to queue
[2024-11-20T14:26:55.237+0000] {logging_mixin.py:190} INFO - [2024-11-20T14:26:55.237+0000] {dagbag.py:588} INFO - Filling up the DagBag from /home/airflow/.local/lib/python3.12/site-packages/airflow/example_dags/example_skip_dag.py
[2024-11-20T14:26:55.255+0000] {processor.py:925} INFO - DAG(s) 'example_skip_dag' retrieved from /home/airflow/.local/lib/python3.12/site-packages/airflow/example_dags/example_skip_dag.py
[2024-11-20T14:26:55.290+0000] {logging_mixin.py:190} INFO - [2024-11-20T14:26:55.289+0000] {dag.py:3239} INFO - Sync 1 DAGs
[2024-11-20T14:26:55.326+0000] {logging_mixin.py:190} INFO - [2024-11-20T14:26:55.326+0000] {dag.py:4180} INFO - Setting next_dagrun for example_skip_dag to 2024-11-19 00:00:00+00:00, run_after=2024-11-20 00:00:00+00:00
[2024-11-20T14:26:55.354+0000] {processor.py:208} INFO - Processing /home/airflow/.local/lib/python3.12/site-packages/airflow/example_dags/example_skip_dag.py took 0.152 seconds
[2024-11-20T14:28:13.254+0000] {processor.py:186} INFO - Started process (PID=1452) to work on /home/airflow/.local/lib/python3.12/site-packages/airflow/example_dags/example_skip_dag.py
[2024-11-20T14:28:13.257+0000] {processor.py:914} INFO - Processing file /home/airflow/.local/lib/python3.12/site-packages/airflow/example_dags/example_skip_dag.py for tasks to queue
[2024-11-20T14:28:13.263+0000] {logging_mixin.py:190} INFO - [2024-11-20T14:28:13.262+0000] {dagbag.py:588} INFO - Filling up the DagBag from /home/airflow/.local/lib/python3.12/site-packages/airflow/example_dags/example_skip_dag.py
[2024-11-20T14:28:13.285+0000] {processor.py:925} INFO - DAG(s) 'example_skip_dag' retrieved from /home/airflow/.local/lib/python3.12/site-packages/airflow/example_dags/example_skip_dag.py
[2024-11-20T14:28:13.334+0000] {logging_mixin.py:190} INFO - [2024-11-20T14:28:13.333+0000] {dag.py:3239} INFO - Sync 1 DAGs
[2024-11-20T14:28:13.397+0000] {logging_mixin.py:190} INFO - [2024-11-20T14:28:13.397+0000] {dag.py:4180} INFO - Setting next_dagrun for example_skip_dag to 2024-11-19 00:00:00+00:00, run_after=2024-11-20 00:00:00+00:00
[2024-11-20T14:28:13.465+0000] {processor.py:208} INFO - Processing /home/airflow/.local/lib/python3.12/site-packages/airflow/example_dags/example_skip_dag.py took 0.226 seconds
[2024-11-20T14:28:43.817+0000] {processor.py:186} INFO - Started process (PID=1515) to work on /home/airflow/.local/lib/python3.12/site-packages/airflow/example_dags/example_skip_dag.py
[2024-11-20T14:28:43.818+0000] {processor.py:914} INFO - Processing file /home/airflow/.local/lib/python3.12/site-packages/airflow/example_dags/example_skip_dag.py for tasks to queue
[2024-11-20T14:28:43.821+0000] {logging_mixin.py:190} INFO - [2024-11-20T14:28:43.821+0000] {dagbag.py:588} INFO - Filling up the DagBag from /home/airflow/.local/lib/python3.12/site-packages/airflow/example_dags/example_skip_dag.py
[2024-11-20T14:28:43.835+0000] {processor.py:925} INFO - DAG(s) 'example_skip_dag' retrieved from /home/airflow/.local/lib/python3.12/site-packages/airflow/example_dags/example_skip_dag.py
[2024-11-20T14:28:43.871+0000] {logging_mixin.py:190} INFO - [2024-11-20T14:28:43.871+0000] {dag.py:3239} INFO - Sync 1 DAGs
[2024-11-20T14:28:43.918+0000] {logging_mixin.py:190} INFO - [2024-11-20T14:28:43.918+0000] {dag.py:4180} INFO - Setting next_dagrun for example_skip_dag to 2024-11-19 00:00:00+00:00, run_after=2024-11-20 00:00:00+00:00
[2024-11-20T14:28:43.952+0000] {processor.py:208} INFO - Processing /home/airflow/.local/lib/python3.12/site-packages/airflow/example_dags/example_skip_dag.py took 0.145 seconds
[2024-11-20T14:29:14.246+0000] {processor.py:186} INFO - Started process (PID=1578) to work on /home/airflow/.local/lib/python3.12/site-packages/airflow/example_dags/example_skip_dag.py
[2024-11-20T14:29:14.248+0000] {processor.py:914} INFO - Processing file /home/airflow/.local/lib/python3.12/site-packages/airflow/example_dags/example_skip_dag.py for tasks to queue
[2024-11-20T14:29:14.252+0000] {logging_mixin.py:190} INFO - [2024-11-20T14:29:14.251+0000] {dagbag.py:588} INFO - Filling up the DagBag from /home/airflow/.local/lib/python3.12/site-packages/airflow/example_dags/example_skip_dag.py
[2024-11-20T14:29:14.265+0000] {processor.py:925} INFO - DAG(s) 'example_skip_dag' retrieved from /home/airflow/.local/lib/python3.12/site-packages/airflow/example_dags/example_skip_dag.py
[2024-11-20T14:29:14.305+0000] {logging_mixin.py:190} INFO - [2024-11-20T14:29:14.304+0000] {dag.py:3239} INFO - Sync 1 DAGs
[2024-11-20T14:29:14.345+0000] {logging_mixin.py:190} INFO - [2024-11-20T14:29:14.345+0000] {dag.py:4180} INFO - Setting next_dagrun for example_skip_dag to 2024-11-19 00:00:00+00:00, run_after=2024-11-20 00:00:00+00:00
[2024-11-20T14:29:14.374+0000] {processor.py:208} INFO - Processing /home/airflow/.local/lib/python3.12/site-packages/airflow/example_dags/example_skip_dag.py took 0.139 seconds
[2024-11-20T14:29:45.258+0000] {processor.py:186} INFO - Started process (PID=1639) to work on /home/airflow/.local/lib/python3.12/site-packages/airflow/example_dags/example_skip_dag.py
[2024-11-20T14:29:45.260+0000] {processor.py:914} INFO - Processing file /home/airflow/.local/lib/python3.12/site-packages/airflow/example_dags/example_skip_dag.py for tasks to queue
[2024-11-20T14:29:45.264+0000] {logging_mixin.py:190} INFO - [2024-11-20T14:29:45.264+0000] {dagbag.py:588} INFO - Filling up the DagBag from /home/airflow/.local/lib/python3.12/site-packages/airflow/example_dags/example_skip_dag.py
[2024-11-20T14:29:45.276+0000] {processor.py:925} INFO - DAG(s) 'example_skip_dag' retrieved from /home/airflow/.local/lib/python3.12/site-packages/airflow/example_dags/example_skip_dag.py
[2024-11-20T14:29:45.313+0000] {logging_mixin.py:190} INFO - [2024-11-20T14:29:45.312+0000] {dag.py:3239} INFO - Sync 1 DAGs
[2024-11-20T14:29:45.355+0000] {logging_mixin.py:190} INFO - [2024-11-20T14:29:45.354+0000] {dag.py:4180} INFO - Setting next_dagrun for example_skip_dag to 2024-11-19 00:00:00+00:00, run_after=2024-11-20 00:00:00+00:00
[2024-11-20T14:29:45.385+0000] {processor.py:208} INFO - Processing /home/airflow/.local/lib/python3.12/site-packages/airflow/example_dags/example_skip_dag.py took 0.136 seconds
[2024-11-20T14:30:18.843+0000] {processor.py:186} INFO - Started process (PID=1702) to work on /home/airflow/.local/lib/python3.12/site-packages/airflow/example_dags/example_skip_dag.py
[2024-11-20T14:30:18.848+0000] {processor.py:914} INFO - Processing file /home/airflow/.local/lib/python3.12/site-packages/airflow/example_dags/example_skip_dag.py for tasks to queue
[2024-11-20T14:30:18.854+0000] {logging_mixin.py:190} INFO - [2024-11-20T14:30:18.853+0000] {dagbag.py:588} INFO - Filling up the DagBag from /home/airflow/.local/lib/python3.12/site-packages/airflow/example_dags/example_skip_dag.py
[2024-11-20T14:30:18.876+0000] {processor.py:925} INFO - DAG(s) 'example_skip_dag' retrieved from /home/airflow/.local/lib/python3.12/site-packages/airflow/example_dags/example_skip_dag.py
[2024-11-20T14:30:18.949+0000] {logging_mixin.py:190} INFO - [2024-11-20T14:30:18.949+0000] {dag.py:3239} INFO - Sync 1 DAGs
[2024-11-20T14:30:19.026+0000] {logging_mixin.py:190} INFO - [2024-11-20T14:30:19.024+0000] {dag.py:4180} INFO - Setting next_dagrun for example_skip_dag to 2024-11-19 00:00:00+00:00, run_after=2024-11-20 00:00:00+00:00
[2024-11-20T14:30:19.084+0000] {processor.py:208} INFO - Processing /home/airflow/.local/lib/python3.12/site-packages/airflow/example_dags/example_skip_dag.py took 0.261 seconds
[2024-11-20T14:30:52.967+0000] {processor.py:186} INFO - Started process (PID=1765) to work on /home/airflow/.local/lib/python3.12/site-packages/airflow/example_dags/example_skip_dag.py
[2024-11-20T14:30:52.970+0000] {processor.py:914} INFO - Processing file /home/airflow/.local/lib/python3.12/site-packages/airflow/example_dags/example_skip_dag.py for tasks to queue
[2024-11-20T14:30:52.977+0000] {logging_mixin.py:190} INFO - [2024-11-20T14:30:52.976+0000] {dagbag.py:588} INFO - Filling up the DagBag from /home/airflow/.local/lib/python3.12/site-packages/airflow/example_dags/example_skip_dag.py
[2024-11-20T14:30:52.996+0000] {processor.py:925} INFO - DAG(s) 'example_skip_dag' retrieved from /home/airflow/.local/lib/python3.12/site-packages/airflow/example_dags/example_skip_dag.py
[2024-11-20T14:30:53.054+0000] {logging_mixin.py:190} INFO - [2024-11-20T14:30:53.053+0000] {dag.py:3239} INFO - Sync 1 DAGs
[2024-11-20T14:30:53.133+0000] {logging_mixin.py:190} INFO - [2024-11-20T14:30:53.133+0000] {dag.py:4180} INFO - Setting next_dagrun for example_skip_dag to 2024-11-19 00:00:00+00:00, run_after=2024-11-20 00:00:00+00:00
[2024-11-20T14:30:53.179+0000] {processor.py:208} INFO - Processing /home/airflow/.local/lib/python3.12/site-packages/airflow/example_dags/example_skip_dag.py took 0.230 seconds
[2024-11-20T14:31:26.150+0000] {processor.py:186} INFO - Started process (PID=1828) to work on /home/airflow/.local/lib/python3.12/site-packages/airflow/example_dags/example_skip_dag.py
[2024-11-20T14:31:26.155+0000] {processor.py:914} INFO - Processing file /home/airflow/.local/lib/python3.12/site-packages/airflow/example_dags/example_skip_dag.py for tasks to queue
[2024-11-20T14:31:26.168+0000] {logging_mixin.py:190} INFO - [2024-11-20T14:31:26.159+0000] {dagbag.py:588} INFO - Filling up the DagBag from /home/airflow/.local/lib/python3.12/site-packages/airflow/example_dags/example_skip_dag.py
[2024-11-20T14:31:26.195+0000] {processor.py:925} INFO - DAG(s) 'example_skip_dag' retrieved from /home/airflow/.local/lib/python3.12/site-packages/airflow/example_dags/example_skip_dag.py
[2024-11-20T14:31:26.260+0000] {logging_mixin.py:190} INFO - [2024-11-20T14:31:26.259+0000] {dag.py:3239} INFO - Sync 1 DAGs
[2024-11-20T14:31:26.324+0000] {logging_mixin.py:190} INFO - [2024-11-20T14:31:26.324+0000] {dag.py:4180} INFO - Setting next_dagrun for example_skip_dag to 2024-11-19 00:00:00+00:00, run_after=2024-11-20 00:00:00+00:00
[2024-11-20T14:31:26.359+0000] {processor.py:208} INFO - Processing /home/airflow/.local/lib/python3.12/site-packages/airflow/example_dags/example_skip_dag.py took 0.229 seconds
[2024-11-20T14:31:58.881+0000] {processor.py:186} INFO - Started process (PID=1892) to work on /home/airflow/.local/lib/python3.12/site-packages/airflow/example_dags/example_skip_dag.py
[2024-11-20T14:31:58.882+0000] {processor.py:914} INFO - Processing file /home/airflow/.local/lib/python3.12/site-packages/airflow/example_dags/example_skip_dag.py for tasks to queue
[2024-11-20T14:31:58.893+0000] {logging_mixin.py:190} INFO - [2024-11-20T14:31:58.891+0000] {dagbag.py:588} INFO - Filling up the DagBag from /home/airflow/.local/lib/python3.12/site-packages/airflow/example_dags/example_skip_dag.py
[2024-11-20T14:31:58.920+0000] {processor.py:925} INFO - DAG(s) 'example_skip_dag' retrieved from /home/airflow/.local/lib/python3.12/site-packages/airflow/example_dags/example_skip_dag.py
[2024-11-20T14:31:59.016+0000] {logging_mixin.py:190} INFO - [2024-11-20T14:31:59.016+0000] {dag.py:3239} INFO - Sync 1 DAGs
[2024-11-20T14:31:59.119+0000] {logging_mixin.py:190} INFO - [2024-11-20T14:31:59.119+0000] {dag.py:4180} INFO - Setting next_dagrun for example_skip_dag to 2024-11-19 00:00:00+00:00, run_after=2024-11-20 00:00:00+00:00
[2024-11-20T14:31:59.174+0000] {processor.py:208} INFO - Processing /home/airflow/.local/lib/python3.12/site-packages/airflow/example_dags/example_skip_dag.py took 0.312 seconds
[2024-11-20T14:32:29.613+0000] {processor.py:186} INFO - Started process (PID=1954) to work on /home/airflow/.local/lib/python3.12/site-packages/airflow/example_dags/example_skip_dag.py
[2024-11-20T14:32:29.614+0000] {processor.py:914} INFO - Processing file /home/airflow/.local/lib/python3.12/site-packages/airflow/example_dags/example_skip_dag.py for tasks to queue
[2024-11-20T14:32:29.618+0000] {logging_mixin.py:190} INFO - [2024-11-20T14:32:29.617+0000] {dagbag.py:588} INFO - Filling up the DagBag from /home/airflow/.local/lib/python3.12/site-packages/airflow/example_dags/example_skip_dag.py
[2024-11-20T14:32:29.629+0000] {processor.py:925} INFO - DAG(s) 'example_skip_dag' retrieved from /home/airflow/.local/lib/python3.12/site-packages/airflow/example_dags/example_skip_dag.py
[2024-11-20T14:32:29.658+0000] {logging_mixin.py:190} INFO - [2024-11-20T14:32:29.658+0000] {dag.py:3239} INFO - Sync 1 DAGs
[2024-11-20T14:32:29.697+0000] {logging_mixin.py:190} INFO - [2024-11-20T14:32:29.697+0000] {dag.py:4180} INFO - Setting next_dagrun for example_skip_dag to 2024-11-19 00:00:00+00:00, run_after=2024-11-20 00:00:00+00:00
[2024-11-20T14:32:29.723+0000] {processor.py:208} INFO - Processing /home/airflow/.local/lib/python3.12/site-packages/airflow/example_dags/example_skip_dag.py took 0.119 seconds
[2024-11-20T14:32:59.915+0000] {processor.py:186} INFO - Started process (PID=2016) to work on /home/airflow/.local/lib/python3.12/site-packages/airflow/example_dags/example_skip_dag.py
[2024-11-20T14:32:59.917+0000] {processor.py:914} INFO - Processing file /home/airflow/.local/lib/python3.12/site-packages/airflow/example_dags/example_skip_dag.py for tasks to queue
[2024-11-20T14:32:59.922+0000] {logging_mixin.py:190} INFO - [2024-11-20T14:32:59.921+0000] {dagbag.py:588} INFO - Filling up the DagBag from /home/airflow/.local/lib/python3.12/site-packages/airflow/example_dags/example_skip_dag.py
[2024-11-20T14:32:59.933+0000] {processor.py:925} INFO - DAG(s) 'example_skip_dag' retrieved from /home/airflow/.local/lib/python3.12/site-packages/airflow/example_dags/example_skip_dag.py
[2024-11-20T14:32:59.971+0000] {logging_mixin.py:190} INFO - [2024-11-20T14:32:59.970+0000] {dag.py:3239} INFO - Sync 1 DAGs
[2024-11-20T14:33:00.019+0000] {logging_mixin.py:190} INFO - [2024-11-20T14:33:00.019+0000] {dag.py:4180} INFO - Setting next_dagrun for example_skip_dag to 2024-11-19 00:00:00+00:00, run_after=2024-11-20 00:00:00+00:00
[2024-11-20T14:33:00.049+0000] {processor.py:208} INFO - Processing /home/airflow/.local/lib/python3.12/site-packages/airflow/example_dags/example_skip_dag.py took 0.144 seconds
[2024-11-20T14:33:30.365+0000] {processor.py:186} INFO - Started process (PID=2079) to work on /home/airflow/.local/lib/python3.12/site-packages/airflow/example_dags/example_skip_dag.py
[2024-11-20T14:33:30.367+0000] {processor.py:914} INFO - Processing file /home/airflow/.local/lib/python3.12/site-packages/airflow/example_dags/example_skip_dag.py for tasks to queue
[2024-11-20T14:33:30.371+0000] {logging_mixin.py:190} INFO - [2024-11-20T14:33:30.371+0000] {dagbag.py:588} INFO - Filling up the DagBag from /home/airflow/.local/lib/python3.12/site-packages/airflow/example_dags/example_skip_dag.py
[2024-11-20T14:33:30.384+0000] {processor.py:925} INFO - DAG(s) 'example_skip_dag' retrieved from /home/airflow/.local/lib/python3.12/site-packages/airflow/example_dags/example_skip_dag.py
[2024-11-20T14:33:30.426+0000] {logging_mixin.py:190} INFO - [2024-11-20T14:33:30.426+0000] {dag.py:3239} INFO - Sync 1 DAGs
[2024-11-20T14:33:30.480+0000] {logging_mixin.py:190} INFO - [2024-11-20T14:33:30.479+0000] {dag.py:4180} INFO - Setting next_dagrun for example_skip_dag to 2024-11-19 00:00:00+00:00, run_after=2024-11-20 00:00:00+00:00
[2024-11-20T14:33:30.521+0000] {processor.py:208} INFO - Processing /home/airflow/.local/lib/python3.12/site-packages/airflow/example_dags/example_skip_dag.py took 0.165 seconds
[2024-11-20T14:34:00.601+0000] {processor.py:186} INFO - Started process (PID=2141) to work on /home/airflow/.local/lib/python3.12/site-packages/airflow/example_dags/example_skip_dag.py
[2024-11-20T14:34:00.602+0000] {processor.py:914} INFO - Processing file /home/airflow/.local/lib/python3.12/site-packages/airflow/example_dags/example_skip_dag.py for tasks to queue
[2024-11-20T14:34:00.607+0000] {logging_mixin.py:190} INFO - [2024-11-20T14:34:00.606+0000] {dagbag.py:588} INFO - Filling up the DagBag from /home/airflow/.local/lib/python3.12/site-packages/airflow/example_dags/example_skip_dag.py
[2024-11-20T14:34:00.623+0000] {processor.py:925} INFO - DAG(s) 'example_skip_dag' retrieved from /home/airflow/.local/lib/python3.12/site-packages/airflow/example_dags/example_skip_dag.py
[2024-11-20T14:34:00.660+0000] {logging_mixin.py:190} INFO - [2024-11-20T14:34:00.660+0000] {dag.py:3239} INFO - Sync 1 DAGs
[2024-11-20T14:34:00.705+0000] {logging_mixin.py:190} INFO - [2024-11-20T14:34:00.705+0000] {dag.py:4180} INFO - Setting next_dagrun for example_skip_dag to 2024-11-19 00:00:00+00:00, run_after=2024-11-20 00:00:00+00:00
[2024-11-20T14:34:00.734+0000] {processor.py:208} INFO - Processing /home/airflow/.local/lib/python3.12/site-packages/airflow/example_dags/example_skip_dag.py took 0.143 seconds
[2024-11-20T14:34:31.361+0000] {processor.py:186} INFO - Started process (PID=2204) to work on /home/airflow/.local/lib/python3.12/site-packages/airflow/example_dags/example_skip_dag.py
[2024-11-20T14:34:31.363+0000] {processor.py:914} INFO - Processing file /home/airflow/.local/lib/python3.12/site-packages/airflow/example_dags/example_skip_dag.py for tasks to queue
[2024-11-20T14:34:31.367+0000] {logging_mixin.py:190} INFO - [2024-11-20T14:34:31.366+0000] {dagbag.py:588} INFO - Filling up the DagBag from /home/airflow/.local/lib/python3.12/site-packages/airflow/example_dags/example_skip_dag.py
[2024-11-20T14:34:31.381+0000] {processor.py:925} INFO - DAG(s) 'example_skip_dag' retrieved from /home/airflow/.local/lib/python3.12/site-packages/airflow/example_dags/example_skip_dag.py
[2024-11-20T14:34:31.417+0000] {logging_mixin.py:190} INFO - [2024-11-20T14:34:31.417+0000] {dag.py:3239} INFO - Sync 1 DAGs
[2024-11-20T14:34:31.467+0000] {logging_mixin.py:190} INFO - [2024-11-20T14:34:31.467+0000] {dag.py:4180} INFO - Setting next_dagrun for example_skip_dag to 2024-11-19 00:00:00+00:00, run_after=2024-11-20 00:00:00+00:00
[2024-11-20T14:34:31.505+0000] {processor.py:208} INFO - Processing /home/airflow/.local/lib/python3.12/site-packages/airflow/example_dags/example_skip_dag.py took 0.156 seconds
[2024-11-20T14:35:01.687+0000] {processor.py:186} INFO - Started process (PID=2266) to work on /home/airflow/.local/lib/python3.12/site-packages/airflow/example_dags/example_skip_dag.py
[2024-11-20T14:35:01.690+0000] {processor.py:914} INFO - Processing file /home/airflow/.local/lib/python3.12/site-packages/airflow/example_dags/example_skip_dag.py for tasks to queue
[2024-11-20T14:35:01.698+0000] {logging_mixin.py:190} INFO - [2024-11-20T14:35:01.697+0000] {dagbag.py:588} INFO - Filling up the DagBag from /home/airflow/.local/lib/python3.12/site-packages/airflow/example_dags/example_skip_dag.py
[2024-11-20T14:35:01.727+0000] {processor.py:925} INFO - DAG(s) 'example_skip_dag' retrieved from /home/airflow/.local/lib/python3.12/site-packages/airflow/example_dags/example_skip_dag.py
[2024-11-20T14:35:01.779+0000] {logging_mixin.py:190} INFO - [2024-11-20T14:35:01.778+0000] {dag.py:3239} INFO - Sync 1 DAGs
[2024-11-20T14:35:01.870+0000] {logging_mixin.py:190} INFO - [2024-11-20T14:35:01.869+0000] {dag.py:4180} INFO - Setting next_dagrun for example_skip_dag to 2024-11-19 00:00:00+00:00, run_after=2024-11-20 00:00:00+00:00
[2024-11-20T14:35:01.930+0000] {processor.py:208} INFO - Processing /home/airflow/.local/lib/python3.12/site-packages/airflow/example_dags/example_skip_dag.py took 0.262 seconds
[2024-11-20T14:35:32.784+0000] {processor.py:186} INFO - Started process (PID=2329) to work on /home/airflow/.local/lib/python3.12/site-packages/airflow/example_dags/example_skip_dag.py
[2024-11-20T14:35:32.785+0000] {processor.py:914} INFO - Processing file /home/airflow/.local/lib/python3.12/site-packages/airflow/example_dags/example_skip_dag.py for tasks to queue
[2024-11-20T14:35:32.788+0000] {logging_mixin.py:190} INFO - [2024-11-20T14:35:32.788+0000] {dagbag.py:588} INFO - Filling up the DagBag from /home/airflow/.local/lib/python3.12/site-packages/airflow/example_dags/example_skip_dag.py
[2024-11-20T14:35:32.800+0000] {processor.py:925} INFO - DAG(s) 'example_skip_dag' retrieved from /home/airflow/.local/lib/python3.12/site-packages/airflow/example_dags/example_skip_dag.py
[2024-11-20T14:35:32.832+0000] {logging_mixin.py:190} INFO - [2024-11-20T14:35:32.831+0000] {dag.py:3239} INFO - Sync 1 DAGs
[2024-11-20T14:35:32.869+0000] {logging_mixin.py:190} INFO - [2024-11-20T14:35:32.868+0000] {dag.py:4180} INFO - Setting next_dagrun for example_skip_dag to 2024-11-19 00:00:00+00:00, run_after=2024-11-20 00:00:00+00:00
[2024-11-20T14:35:32.895+0000] {processor.py:208} INFO - Processing /home/airflow/.local/lib/python3.12/site-packages/airflow/example_dags/example_skip_dag.py took 0.120 seconds
[2024-11-20T14:36:03.120+0000] {processor.py:186} INFO - Started process (PID=2391) to work on /home/airflow/.local/lib/python3.12/site-packages/airflow/example_dags/example_skip_dag.py
[2024-11-20T14:36:03.121+0000] {processor.py:914} INFO - Processing file /home/airflow/.local/lib/python3.12/site-packages/airflow/example_dags/example_skip_dag.py for tasks to queue
[2024-11-20T14:36:03.125+0000] {logging_mixin.py:190} INFO - [2024-11-20T14:36:03.125+0000] {dagbag.py:588} INFO - Filling up the DagBag from /home/airflow/.local/lib/python3.12/site-packages/airflow/example_dags/example_skip_dag.py
[2024-11-20T14:36:03.137+0000] {processor.py:925} INFO - DAG(s) 'example_skip_dag' retrieved from /home/airflow/.local/lib/python3.12/site-packages/airflow/example_dags/example_skip_dag.py
[2024-11-20T14:36:03.176+0000] {logging_mixin.py:190} INFO - [2024-11-20T14:36:03.175+0000] {dag.py:3239} INFO - Sync 1 DAGs
[2024-11-20T14:36:03.236+0000] {logging_mixin.py:190} INFO - [2024-11-20T14:36:03.236+0000] {dag.py:4180} INFO - Setting next_dagrun for example_skip_dag to 2024-11-19 00:00:00+00:00, run_after=2024-11-20 00:00:00+00:00
[2024-11-20T14:36:03.288+0000] {processor.py:208} INFO - Processing /home/airflow/.local/lib/python3.12/site-packages/airflow/example_dags/example_skip_dag.py took 0.180 seconds
[2024-11-20T14:36:33.391+0000] {processor.py:186} INFO - Started process (PID=2454) to work on /home/airflow/.local/lib/python3.12/site-packages/airflow/example_dags/example_skip_dag.py
[2024-11-20T14:36:33.393+0000] {processor.py:914} INFO - Processing file /home/airflow/.local/lib/python3.12/site-packages/airflow/example_dags/example_skip_dag.py for tasks to queue
[2024-11-20T14:36:33.396+0000] {logging_mixin.py:190} INFO - [2024-11-20T14:36:33.396+0000] {dagbag.py:588} INFO - Filling up the DagBag from /home/airflow/.local/lib/python3.12/site-packages/airflow/example_dags/example_skip_dag.py
[2024-11-20T14:36:33.408+0000] {processor.py:925} INFO - DAG(s) 'example_skip_dag' retrieved from /home/airflow/.local/lib/python3.12/site-packages/airflow/example_dags/example_skip_dag.py
[2024-11-20T14:36:33.442+0000] {logging_mixin.py:190} INFO - [2024-11-20T14:36:33.442+0000] {dag.py:3239} INFO - Sync 1 DAGs
[2024-11-20T14:36:33.500+0000] {logging_mixin.py:190} INFO - [2024-11-20T14:36:33.499+0000] {dag.py:4180} INFO - Setting next_dagrun for example_skip_dag to 2024-11-19 00:00:00+00:00, run_after=2024-11-20 00:00:00+00:00
[2024-11-20T14:36:33.542+0000] {processor.py:208} INFO - Processing /home/airflow/.local/lib/python3.12/site-packages/airflow/example_dags/example_skip_dag.py took 0.161 seconds
[2024-11-20T14:37:04.146+0000] {processor.py:186} INFO - Started process (PID=2517) to work on /home/airflow/.local/lib/python3.12/site-packages/airflow/example_dags/example_skip_dag.py
[2024-11-20T14:37:04.148+0000] {processor.py:914} INFO - Processing file /home/airflow/.local/lib/python3.12/site-packages/airflow/example_dags/example_skip_dag.py for tasks to queue
[2024-11-20T14:37:04.153+0000] {logging_mixin.py:190} INFO - [2024-11-20T14:37:04.152+0000] {dagbag.py:588} INFO - Filling up the DagBag from /home/airflow/.local/lib/python3.12/site-packages/airflow/example_dags/example_skip_dag.py
[2024-11-20T14:37:04.176+0000] {processor.py:925} INFO - DAG(s) 'example_skip_dag' retrieved from /home/airflow/.local/lib/python3.12/site-packages/airflow/example_dags/example_skip_dag.py
[2024-11-20T14:37:04.220+0000] {logging_mixin.py:190} INFO - [2024-11-20T14:37:04.220+0000] {dag.py:3239} INFO - Sync 1 DAGs
[2024-11-20T14:37:04.285+0000] {logging_mixin.py:190} INFO - [2024-11-20T14:37:04.285+0000] {dag.py:4180} INFO - Setting next_dagrun for example_skip_dag to 2024-11-19 00:00:00+00:00, run_after=2024-11-20 00:00:00+00:00
[2024-11-20T14:37:04.331+0000] {processor.py:208} INFO - Processing /home/airflow/.local/lib/python3.12/site-packages/airflow/example_dags/example_skip_dag.py took 0.207 seconds
[2024-11-20T14:37:34.778+0000] {processor.py:186} INFO - Started process (PID=2579) to work on /home/airflow/.local/lib/python3.12/site-packages/airflow/example_dags/example_skip_dag.py
[2024-11-20T14:37:34.779+0000] {processor.py:914} INFO - Processing file /home/airflow/.local/lib/python3.12/site-packages/airflow/example_dags/example_skip_dag.py for tasks to queue
[2024-11-20T14:37:34.784+0000] {logging_mixin.py:190} INFO - [2024-11-20T14:37:34.783+0000] {dagbag.py:588} INFO - Filling up the DagBag from /home/airflow/.local/lib/python3.12/site-packages/airflow/example_dags/example_skip_dag.py
[2024-11-20T14:37:34.803+0000] {processor.py:925} INFO - DAG(s) 'example_skip_dag' retrieved from /home/airflow/.local/lib/python3.12/site-packages/airflow/example_dags/example_skip_dag.py
[2024-11-20T14:37:34.857+0000] {logging_mixin.py:190} INFO - [2024-11-20T14:37:34.856+0000] {dag.py:3239} INFO - Sync 1 DAGs
[2024-11-20T14:37:34.945+0000] {logging_mixin.py:190} INFO - [2024-11-20T14:37:34.943+0000] {dag.py:4180} INFO - Setting next_dagrun for example_skip_dag to 2024-11-19 00:00:00+00:00, run_after=2024-11-20 00:00:00+00:00
[2024-11-20T14:37:35.010+0000] {processor.py:208} INFO - Processing /home/airflow/.local/lib/python3.12/site-packages/airflow/example_dags/example_skip_dag.py took 0.246 seconds
[2024-11-20T14:38:05.173+0000] {processor.py:186} INFO - Started process (PID=2641) to work on /home/airflow/.local/lib/python3.12/site-packages/airflow/example_dags/example_skip_dag.py
[2024-11-20T14:38:05.174+0000] {processor.py:914} INFO - Processing file /home/airflow/.local/lib/python3.12/site-packages/airflow/example_dags/example_skip_dag.py for tasks to queue
[2024-11-20T14:38:05.177+0000] {logging_mixin.py:190} INFO - [2024-11-20T14:38:05.177+0000] {dagbag.py:588} INFO - Filling up the DagBag from /home/airflow/.local/lib/python3.12/site-packages/airflow/example_dags/example_skip_dag.py
[2024-11-20T14:38:05.191+0000] {processor.py:925} INFO - DAG(s) 'example_skip_dag' retrieved from /home/airflow/.local/lib/python3.12/site-packages/airflow/example_dags/example_skip_dag.py
[2024-11-20T14:38:05.221+0000] {logging_mixin.py:190} INFO - [2024-11-20T14:38:05.221+0000] {dag.py:3239} INFO - Sync 1 DAGs
[2024-11-20T14:38:05.260+0000] {logging_mixin.py:190} INFO - [2024-11-20T14:38:05.260+0000] {dag.py:4180} INFO - Setting next_dagrun for example_skip_dag to 2024-11-19 00:00:00+00:00, run_after=2024-11-20 00:00:00+00:00
[2024-11-20T14:38:05.293+0000] {processor.py:208} INFO - Processing /home/airflow/.local/lib/python3.12/site-packages/airflow/example_dags/example_skip_dag.py took 0.132 seconds
