[2024-11-20T14:16:19.978+0000] {processor.py:186} INFO - Started process (PID=110) to work on /home/airflow/.local/lib/python3.12/site-packages/airflow/example_dags/example_sensors.py
[2024-11-20T14:16:19.982+0000] {processor.py:914} INFO - Processing file /home/airflow/.local/lib/python3.12/site-packages/airflow/example_dags/example_sensors.py for tasks to queue
[2024-11-20T14:16:19.989+0000] {logging_mixin.py:190} INFO - [2024-11-20T14:16:19.988+0000] {dagbag.py:588} INFO - Filling up the DagBag from /home/airflow/.local/lib/python3.12/site-packages/airflow/example_dags/example_sensors.py
[2024-11-20T14:16:20.022+0000] {processor.py:925} INFO - DAG(s) 'example_sensors' retrieved from /home/airflow/.local/lib/python3.12/site-packages/airflow/example_dags/example_sensors.py
[2024-11-20T14:16:20.361+0000] {logging_mixin.py:190} INFO - [2024-11-20T14:16:20.360+0000] {override.py:1911} INFO - Created Permission View: can delete on DAG:example_sensors
[2024-11-20T14:16:20.422+0000] {logging_mixin.py:190} INFO - [2024-11-20T14:16:20.422+0000] {override.py:1911} INFO - Created Permission View: can read on DAG:example_sensors
[2024-11-20T14:16:20.461+0000] {logging_mixin.py:190} INFO - [2024-11-20T14:16:20.461+0000] {override.py:1911} INFO - Created Permission View: can edit on DAG:example_sensors
[2024-11-20T14:16:20.498+0000] {logging_mixin.py:190} INFO - [2024-11-20T14:16:20.497+0000] {override.py:1911} INFO - Created Permission View: can delete on DAG Run:example_sensors
[2024-11-20T14:16:20.515+0000] {logging_mixin.py:190} INFO - [2024-11-20T14:16:20.515+0000] {override.py:1911} INFO - Created Permission View: menu access on DAG Run:example_sensors
[2024-11-20T14:16:20.539+0000] {logging_mixin.py:190} INFO - [2024-11-20T14:16:20.538+0000] {override.py:1911} INFO - Created Permission View: can read on DAG Run:example_sensors
[2024-11-20T14:16:20.568+0000] {logging_mixin.py:190} INFO - [2024-11-20T14:16:20.567+0000] {override.py:1911} INFO - Created Permission View: can create on DAG Run:example_sensors
[2024-11-20T14:16:20.569+0000] {logging_mixin.py:190} INFO - [2024-11-20T14:16:20.569+0000] {dag.py:3239} INFO - Sync 1 DAGs
[2024-11-20T14:16:20.591+0000] {logging_mixin.py:190} INFO - [2024-11-20T14:16:20.591+0000] {dag.py:3262} INFO - Creating ORM DAG for example_sensors
[2024-11-20T14:16:20.592+0000] {logging_mixin.py:190} INFO - [2024-11-20T14:16:20.592+0000] {dag.py:4180} INFO - Setting next_dagrun for example_sensors to None, run_after=None
[2024-11-20T14:16:20.635+0000] {processor.py:208} INFO - Processing /home/airflow/.local/lib/python3.12/site-packages/airflow/example_dags/example_sensors.py took 0.683 seconds
[2024-11-20T14:16:50.759+0000] {processor.py:186} INFO - Started process (PID=173) to work on /home/airflow/.local/lib/python3.12/site-packages/airflow/example_dags/example_sensors.py
[2024-11-20T14:16:50.760+0000] {processor.py:914} INFO - Processing file /home/airflow/.local/lib/python3.12/site-packages/airflow/example_dags/example_sensors.py for tasks to queue
[2024-11-20T14:16:50.764+0000] {logging_mixin.py:190} INFO - [2024-11-20T14:16:50.764+0000] {dagbag.py:588} INFO - Filling up the DagBag from /home/airflow/.local/lib/python3.12/site-packages/airflow/example_dags/example_sensors.py
[2024-11-20T14:16:50.784+0000] {processor.py:925} INFO - DAG(s) 'example_sensors' retrieved from /home/airflow/.local/lib/python3.12/site-packages/airflow/example_dags/example_sensors.py
[2024-11-20T14:16:50.827+0000] {logging_mixin.py:190} INFO - [2024-11-20T14:16:50.827+0000] {dag.py:3239} INFO - Sync 1 DAGs
[2024-11-20T14:16:50.854+0000] {logging_mixin.py:190} INFO - [2024-11-20T14:16:50.854+0000] {dag.py:4180} INFO - Setting next_dagrun for example_sensors to None, run_after=None
[2024-11-20T14:16:50.892+0000] {processor.py:208} INFO - Processing /home/airflow/.local/lib/python3.12/site-packages/airflow/example_dags/example_sensors.py took 0.143 seconds
[2024-11-20T14:17:21.689+0000] {processor.py:186} INFO - Started process (PID=236) to work on /home/airflow/.local/lib/python3.12/site-packages/airflow/example_dags/example_sensors.py
[2024-11-20T14:17:21.691+0000] {processor.py:914} INFO - Processing file /home/airflow/.local/lib/python3.12/site-packages/airflow/example_dags/example_sensors.py for tasks to queue
[2024-11-20T14:17:21.695+0000] {logging_mixin.py:190} INFO - [2024-11-20T14:17:21.695+0000] {dagbag.py:588} INFO - Filling up the DagBag from /home/airflow/.local/lib/python3.12/site-packages/airflow/example_dags/example_sensors.py
[2024-11-20T14:17:21.717+0000] {processor.py:925} INFO - DAG(s) 'example_sensors' retrieved from /home/airflow/.local/lib/python3.12/site-packages/airflow/example_dags/example_sensors.py
[2024-11-20T14:17:21.763+0000] {logging_mixin.py:190} INFO - [2024-11-20T14:17:21.762+0000] {dag.py:3239} INFO - Sync 1 DAGs
[2024-11-20T14:17:21.789+0000] {logging_mixin.py:190} INFO - [2024-11-20T14:17:21.789+0000] {dag.py:4180} INFO - Setting next_dagrun for example_sensors to None, run_after=None
[2024-11-20T14:17:21.820+0000] {processor.py:208} INFO - Processing /home/airflow/.local/lib/python3.12/site-packages/airflow/example_dags/example_sensors.py took 0.139 seconds
[2024-11-20T14:17:51.930+0000] {processor.py:186} INFO - Started process (PID=298) to work on /home/airflow/.local/lib/python3.12/site-packages/airflow/example_dags/example_sensors.py
[2024-11-20T14:17:51.932+0000] {processor.py:914} INFO - Processing file /home/airflow/.local/lib/python3.12/site-packages/airflow/example_dags/example_sensors.py for tasks to queue
[2024-11-20T14:17:51.936+0000] {logging_mixin.py:190} INFO - [2024-11-20T14:17:51.935+0000] {dagbag.py:588} INFO - Filling up the DagBag from /home/airflow/.local/lib/python3.12/site-packages/airflow/example_dags/example_sensors.py
[2024-11-20T14:17:51.951+0000] {processor.py:925} INFO - DAG(s) 'example_sensors' retrieved from /home/airflow/.local/lib/python3.12/site-packages/airflow/example_dags/example_sensors.py
[2024-11-20T14:17:52.004+0000] {logging_mixin.py:190} INFO - [2024-11-20T14:17:52.003+0000] {dag.py:3239} INFO - Sync 1 DAGs
[2024-11-20T14:17:52.033+0000] {logging_mixin.py:190} INFO - [2024-11-20T14:17:52.032+0000] {dag.py:4180} INFO - Setting next_dagrun for example_sensors to None, run_after=None
[2024-11-20T14:17:52.090+0000] {processor.py:208} INFO - Processing /home/airflow/.local/lib/python3.12/site-packages/airflow/example_dags/example_sensors.py took 0.173 seconds
[2024-11-20T14:18:23.066+0000] {processor.py:186} INFO - Started process (PID=361) to work on /home/airflow/.local/lib/python3.12/site-packages/airflow/example_dags/example_sensors.py
[2024-11-20T14:18:23.068+0000] {processor.py:914} INFO - Processing file /home/airflow/.local/lib/python3.12/site-packages/airflow/example_dags/example_sensors.py for tasks to queue
[2024-11-20T14:18:23.071+0000] {logging_mixin.py:190} INFO - [2024-11-20T14:18:23.071+0000] {dagbag.py:588} INFO - Filling up the DagBag from /home/airflow/.local/lib/python3.12/site-packages/airflow/example_dags/example_sensors.py
[2024-11-20T14:18:23.088+0000] {processor.py:925} INFO - DAG(s) 'example_sensors' retrieved from /home/airflow/.local/lib/python3.12/site-packages/airflow/example_dags/example_sensors.py
[2024-11-20T14:18:23.128+0000] {logging_mixin.py:190} INFO - [2024-11-20T14:18:23.128+0000] {dag.py:3239} INFO - Sync 1 DAGs
[2024-11-20T14:18:23.150+0000] {logging_mixin.py:190} INFO - [2024-11-20T14:18:23.150+0000] {dag.py:4180} INFO - Setting next_dagrun for example_sensors to None, run_after=None
[2024-11-20T14:18:23.177+0000] {processor.py:208} INFO - Processing /home/airflow/.local/lib/python3.12/site-packages/airflow/example_dags/example_sensors.py took 0.121 seconds
[2024-11-20T14:18:56.135+0000] {processor.py:186} INFO - Started process (PID=424) to work on /home/airflow/.local/lib/python3.12/site-packages/airflow/example_dags/example_sensors.py
[2024-11-20T14:18:56.137+0000] {processor.py:914} INFO - Processing file /home/airflow/.local/lib/python3.12/site-packages/airflow/example_dags/example_sensors.py for tasks to queue
[2024-11-20T14:18:56.142+0000] {logging_mixin.py:190} INFO - [2024-11-20T14:18:56.142+0000] {dagbag.py:588} INFO - Filling up the DagBag from /home/airflow/.local/lib/python3.12/site-packages/airflow/example_dags/example_sensors.py
[2024-11-20T14:18:56.165+0000] {processor.py:925} INFO - DAG(s) 'example_sensors' retrieved from /home/airflow/.local/lib/python3.12/site-packages/airflow/example_dags/example_sensors.py
[2024-11-20T14:18:56.221+0000] {logging_mixin.py:190} INFO - [2024-11-20T14:18:56.220+0000] {dag.py:3239} INFO - Sync 1 DAGs
[2024-11-20T14:18:56.252+0000] {logging_mixin.py:190} INFO - [2024-11-20T14:18:56.252+0000] {dag.py:4180} INFO - Setting next_dagrun for example_sensors to None, run_after=None
[2024-11-20T14:18:56.287+0000] {processor.py:208} INFO - Processing /home/airflow/.local/lib/python3.12/site-packages/airflow/example_dags/example_sensors.py took 0.161 seconds
[2024-11-20T14:19:27.859+0000] {processor.py:186} INFO - Started process (PID=486) to work on /home/airflow/.local/lib/python3.12/site-packages/airflow/example_dags/example_sensors.py
[2024-11-20T14:19:27.861+0000] {processor.py:914} INFO - Processing file /home/airflow/.local/lib/python3.12/site-packages/airflow/example_dags/example_sensors.py for tasks to queue
[2024-11-20T14:19:27.872+0000] {logging_mixin.py:190} INFO - [2024-11-20T14:19:27.871+0000] {dagbag.py:588} INFO - Filling up the DagBag from /home/airflow/.local/lib/python3.12/site-packages/airflow/example_dags/example_sensors.py
[2024-11-20T14:19:27.901+0000] {processor.py:925} INFO - DAG(s) 'example_sensors' retrieved from /home/airflow/.local/lib/python3.12/site-packages/airflow/example_dags/example_sensors.py
[2024-11-20T14:19:27.960+0000] {logging_mixin.py:190} INFO - [2024-11-20T14:19:27.959+0000] {dag.py:3239} INFO - Sync 1 DAGs
[2024-11-20T14:19:27.989+0000] {logging_mixin.py:190} INFO - [2024-11-20T14:19:27.988+0000] {dag.py:4180} INFO - Setting next_dagrun for example_sensors to None, run_after=None
[2024-11-20T14:19:28.030+0000] {processor.py:208} INFO - Processing /home/airflow/.local/lib/python3.12/site-packages/airflow/example_dags/example_sensors.py took 0.191 seconds
[2024-11-20T14:20:00.683+0000] {processor.py:186} INFO - Started process (PID=549) to work on /home/airflow/.local/lib/python3.12/site-packages/airflow/example_dags/example_sensors.py
[2024-11-20T14:20:00.685+0000] {processor.py:914} INFO - Processing file /home/airflow/.local/lib/python3.12/site-packages/airflow/example_dags/example_sensors.py for tasks to queue
[2024-11-20T14:20:00.690+0000] {logging_mixin.py:190} INFO - [2024-11-20T14:20:00.690+0000] {dagbag.py:588} INFO - Filling up the DagBag from /home/airflow/.local/lib/python3.12/site-packages/airflow/example_dags/example_sensors.py
[2024-11-20T14:20:00.712+0000] {processor.py:925} INFO - DAG(s) 'example_sensors' retrieved from /home/airflow/.local/lib/python3.12/site-packages/airflow/example_dags/example_sensors.py
[2024-11-20T14:20:00.770+0000] {logging_mixin.py:190} INFO - [2024-11-20T14:20:00.769+0000] {dag.py:3239} INFO - Sync 1 DAGs
[2024-11-20T14:20:00.808+0000] {logging_mixin.py:190} INFO - [2024-11-20T14:20:00.808+0000] {dag.py:4180} INFO - Setting next_dagrun for example_sensors to None, run_after=None
[2024-11-20T14:20:00.874+0000] {processor.py:208} INFO - Processing /home/airflow/.local/lib/python3.12/site-packages/airflow/example_dags/example_sensors.py took 0.204 seconds
[2024-11-20T14:20:31.786+0000] {processor.py:186} INFO - Started process (PID=612) to work on /home/airflow/.local/lib/python3.12/site-packages/airflow/example_dags/example_sensors.py
[2024-11-20T14:20:31.788+0000] {processor.py:914} INFO - Processing file /home/airflow/.local/lib/python3.12/site-packages/airflow/example_dags/example_sensors.py for tasks to queue
[2024-11-20T14:20:31.793+0000] {logging_mixin.py:190} INFO - [2024-11-20T14:20:31.793+0000] {dagbag.py:588} INFO - Filling up the DagBag from /home/airflow/.local/lib/python3.12/site-packages/airflow/example_dags/example_sensors.py
[2024-11-20T14:20:31.813+0000] {processor.py:925} INFO - DAG(s) 'example_sensors' retrieved from /home/airflow/.local/lib/python3.12/site-packages/airflow/example_dags/example_sensors.py
[2024-11-20T14:20:31.862+0000] {logging_mixin.py:190} INFO - [2024-11-20T14:20:31.862+0000] {dag.py:3239} INFO - Sync 1 DAGs
[2024-11-20T14:20:31.895+0000] {logging_mixin.py:190} INFO - [2024-11-20T14:20:31.894+0000] {dag.py:4180} INFO - Setting next_dagrun for example_sensors to None, run_after=None
[2024-11-20T14:20:31.932+0000] {processor.py:208} INFO - Processing /home/airflow/.local/lib/python3.12/site-packages/airflow/example_dags/example_sensors.py took 0.155 seconds
[2024-11-20T14:21:03.062+0000] {processor.py:186} INFO - Started process (PID=675) to work on /home/airflow/.local/lib/python3.12/site-packages/airflow/example_dags/example_sensors.py
[2024-11-20T14:21:03.064+0000] {processor.py:914} INFO - Processing file /home/airflow/.local/lib/python3.12/site-packages/airflow/example_dags/example_sensors.py for tasks to queue
[2024-11-20T14:21:03.068+0000] {logging_mixin.py:190} INFO - [2024-11-20T14:21:03.068+0000] {dagbag.py:588} INFO - Filling up the DagBag from /home/airflow/.local/lib/python3.12/site-packages/airflow/example_dags/example_sensors.py
[2024-11-20T14:21:03.083+0000] {processor.py:925} INFO - DAG(s) 'example_sensors' retrieved from /home/airflow/.local/lib/python3.12/site-packages/airflow/example_dags/example_sensors.py
[2024-11-20T14:21:03.128+0000] {logging_mixin.py:190} INFO - [2024-11-20T14:21:03.127+0000] {dag.py:3239} INFO - Sync 1 DAGs
[2024-11-20T14:21:03.151+0000] {logging_mixin.py:190} INFO - [2024-11-20T14:21:03.150+0000] {dag.py:4180} INFO - Setting next_dagrun for example_sensors to None, run_after=None
[2024-11-20T14:21:03.179+0000] {processor.py:208} INFO - Processing /home/airflow/.local/lib/python3.12/site-packages/airflow/example_dags/example_sensors.py took 0.127 seconds
[2024-11-20T14:21:34.857+0000] {processor.py:186} INFO - Started process (PID=738) to work on /home/airflow/.local/lib/python3.12/site-packages/airflow/example_dags/example_sensors.py
[2024-11-20T14:21:34.858+0000] {processor.py:914} INFO - Processing file /home/airflow/.local/lib/python3.12/site-packages/airflow/example_dags/example_sensors.py for tasks to queue
[2024-11-20T14:21:34.862+0000] {logging_mixin.py:190} INFO - [2024-11-20T14:21:34.861+0000] {dagbag.py:588} INFO - Filling up the DagBag from /home/airflow/.local/lib/python3.12/site-packages/airflow/example_dags/example_sensors.py
[2024-11-20T14:21:34.881+0000] {processor.py:925} INFO - DAG(s) 'example_sensors' retrieved from /home/airflow/.local/lib/python3.12/site-packages/airflow/example_dags/example_sensors.py
[2024-11-20T14:21:34.927+0000] {logging_mixin.py:190} INFO - [2024-11-20T14:21:34.926+0000] {dag.py:3239} INFO - Sync 1 DAGs
[2024-11-20T14:21:34.954+0000] {logging_mixin.py:190} INFO - [2024-11-20T14:21:34.954+0000] {dag.py:4180} INFO - Setting next_dagrun for example_sensors to None, run_after=None
[2024-11-20T14:21:34.988+0000] {processor.py:208} INFO - Processing /home/airflow/.local/lib/python3.12/site-packages/airflow/example_dags/example_sensors.py took 0.141 seconds
[2024-11-20T14:22:06.839+0000] {processor.py:186} INFO - Started process (PID=801) to work on /home/airflow/.local/lib/python3.12/site-packages/airflow/example_dags/example_sensors.py
[2024-11-20T14:22:06.840+0000] {processor.py:914} INFO - Processing file /home/airflow/.local/lib/python3.12/site-packages/airflow/example_dags/example_sensors.py for tasks to queue
[2024-11-20T14:22:06.844+0000] {logging_mixin.py:190} INFO - [2024-11-20T14:22:06.844+0000] {dagbag.py:588} INFO - Filling up the DagBag from /home/airflow/.local/lib/python3.12/site-packages/airflow/example_dags/example_sensors.py
[2024-11-20T14:22:06.860+0000] {processor.py:925} INFO - DAG(s) 'example_sensors' retrieved from /home/airflow/.local/lib/python3.12/site-packages/airflow/example_dags/example_sensors.py
[2024-11-20T14:22:06.906+0000] {logging_mixin.py:190} INFO - [2024-11-20T14:22:06.906+0000] {dag.py:3239} INFO - Sync 1 DAGs
[2024-11-20T14:22:06.937+0000] {logging_mixin.py:190} INFO - [2024-11-20T14:22:06.936+0000] {dag.py:4180} INFO - Setting next_dagrun for example_sensors to None, run_after=None
[2024-11-20T14:22:06.968+0000] {processor.py:208} INFO - Processing /home/airflow/.local/lib/python3.12/site-packages/airflow/example_dags/example_sensors.py took 0.139 seconds
[2024-11-20T14:22:39.585+0000] {processor.py:186} INFO - Started process (PID=864) to work on /home/airflow/.local/lib/python3.12/site-packages/airflow/example_dags/example_sensors.py
[2024-11-20T14:22:39.586+0000] {processor.py:914} INFO - Processing file /home/airflow/.local/lib/python3.12/site-packages/airflow/example_dags/example_sensors.py for tasks to queue
[2024-11-20T14:22:39.590+0000] {logging_mixin.py:190} INFO - [2024-11-20T14:22:39.590+0000] {dagbag.py:588} INFO - Filling up the DagBag from /home/airflow/.local/lib/python3.12/site-packages/airflow/example_dags/example_sensors.py
[2024-11-20T14:22:39.613+0000] {processor.py:925} INFO - DAG(s) 'example_sensors' retrieved from /home/airflow/.local/lib/python3.12/site-packages/airflow/example_dags/example_sensors.py
[2024-11-20T14:22:39.667+0000] {logging_mixin.py:190} INFO - [2024-11-20T14:22:39.666+0000] {dag.py:3239} INFO - Sync 1 DAGs
[2024-11-20T14:22:39.698+0000] {logging_mixin.py:190} INFO - [2024-11-20T14:22:39.697+0000] {dag.py:4180} INFO - Setting next_dagrun for example_sensors to None, run_after=None
[2024-11-20T14:22:39.736+0000] {processor.py:208} INFO - Processing /home/airflow/.local/lib/python3.12/site-packages/airflow/example_dags/example_sensors.py took 0.161 seconds
[2024-11-20T14:23:12.143+0000] {processor.py:186} INFO - Started process (PID=928) to work on /home/airflow/.local/lib/python3.12/site-packages/airflow/example_dags/example_sensors.py
[2024-11-20T14:23:12.145+0000] {processor.py:914} INFO - Processing file /home/airflow/.local/lib/python3.12/site-packages/airflow/example_dags/example_sensors.py for tasks to queue
[2024-11-20T14:23:12.150+0000] {logging_mixin.py:190} INFO - [2024-11-20T14:23:12.149+0000] {dagbag.py:588} INFO - Filling up the DagBag from /home/airflow/.local/lib/python3.12/site-packages/airflow/example_dags/example_sensors.py
[2024-11-20T14:23:12.186+0000] {processor.py:925} INFO - DAG(s) 'example_sensors' retrieved from /home/airflow/.local/lib/python3.12/site-packages/airflow/example_dags/example_sensors.py
[2024-11-20T14:23:12.253+0000] {logging_mixin.py:190} INFO - [2024-11-20T14:23:12.252+0000] {dag.py:3239} INFO - Sync 1 DAGs
[2024-11-20T14:23:12.289+0000] {logging_mixin.py:190} INFO - [2024-11-20T14:23:12.287+0000] {dag.py:4180} INFO - Setting next_dagrun for example_sensors to None, run_after=None
[2024-11-20T14:23:12.326+0000] {processor.py:208} INFO - Processing /home/airflow/.local/lib/python3.12/site-packages/airflow/example_dags/example_sensors.py took 0.196 seconds
[2024-11-20T14:23:43.274+0000] {processor.py:186} INFO - Started process (PID=990) to work on /home/airflow/.local/lib/python3.12/site-packages/airflow/example_dags/example_sensors.py
[2024-11-20T14:23:43.276+0000] {processor.py:914} INFO - Processing file /home/airflow/.local/lib/python3.12/site-packages/airflow/example_dags/example_sensors.py for tasks to queue
[2024-11-20T14:23:43.279+0000] {logging_mixin.py:190} INFO - [2024-11-20T14:23:43.279+0000] {dagbag.py:588} INFO - Filling up the DagBag from /home/airflow/.local/lib/python3.12/site-packages/airflow/example_dags/example_sensors.py
[2024-11-20T14:23:43.294+0000] {processor.py:925} INFO - DAG(s) 'example_sensors' retrieved from /home/airflow/.local/lib/python3.12/site-packages/airflow/example_dags/example_sensors.py
[2024-11-20T14:23:43.352+0000] {logging_mixin.py:190} INFO - [2024-11-20T14:23:43.351+0000] {dag.py:3239} INFO - Sync 1 DAGs
[2024-11-20T14:23:43.377+0000] {logging_mixin.py:190} INFO - [2024-11-20T14:23:43.376+0000] {dag.py:4180} INFO - Setting next_dagrun for example_sensors to None, run_after=None
[2024-11-20T14:23:43.414+0000] {processor.py:208} INFO - Processing /home/airflow/.local/lib/python3.12/site-packages/airflow/example_dags/example_sensors.py took 0.149 seconds
[2024-11-20T14:24:14.759+0000] {processor.py:186} INFO - Started process (PID=1053) to work on /home/airflow/.local/lib/python3.12/site-packages/airflow/example_dags/example_sensors.py
[2024-11-20T14:24:14.760+0000] {processor.py:914} INFO - Processing file /home/airflow/.local/lib/python3.12/site-packages/airflow/example_dags/example_sensors.py for tasks to queue
[2024-11-20T14:24:14.764+0000] {logging_mixin.py:190} INFO - [2024-11-20T14:24:14.764+0000] {dagbag.py:588} INFO - Filling up the DagBag from /home/airflow/.local/lib/python3.12/site-packages/airflow/example_dags/example_sensors.py
[2024-11-20T14:24:14.779+0000] {processor.py:925} INFO - DAG(s) 'example_sensors' retrieved from /home/airflow/.local/lib/python3.12/site-packages/airflow/example_dags/example_sensors.py
[2024-11-20T14:24:14.824+0000] {logging_mixin.py:190} INFO - [2024-11-20T14:24:14.823+0000] {dag.py:3239} INFO - Sync 1 DAGs
[2024-11-20T14:24:14.847+0000] {logging_mixin.py:190} INFO - [2024-11-20T14:24:14.847+0000] {dag.py:4180} INFO - Setting next_dagrun for example_sensors to None, run_after=None
[2024-11-20T14:24:14.877+0000] {processor.py:208} INFO - Processing /home/airflow/.local/lib/python3.12/site-packages/airflow/example_dags/example_sensors.py took 0.128 seconds
[2024-11-20T14:24:47.471+0000] {processor.py:186} INFO - Started process (PID=1126) to work on /home/airflow/.local/lib/python3.12/site-packages/airflow/example_dags/example_sensors.py
[2024-11-20T14:24:47.473+0000] {processor.py:914} INFO - Processing file /home/airflow/.local/lib/python3.12/site-packages/airflow/example_dags/example_sensors.py for tasks to queue
[2024-11-20T14:24:47.479+0000] {logging_mixin.py:190} INFO - [2024-11-20T14:24:47.478+0000] {dagbag.py:588} INFO - Filling up the DagBag from /home/airflow/.local/lib/python3.12/site-packages/airflow/example_dags/example_sensors.py
[2024-11-20T14:24:47.499+0000] {processor.py:925} INFO - DAG(s) 'example_sensors' retrieved from /home/airflow/.local/lib/python3.12/site-packages/airflow/example_dags/example_sensors.py
[2024-11-20T14:24:47.554+0000] {logging_mixin.py:190} INFO - [2024-11-20T14:24:47.553+0000] {dag.py:3239} INFO - Sync 1 DAGs
[2024-11-20T14:24:47.586+0000] {logging_mixin.py:190} INFO - [2024-11-20T14:24:47.586+0000] {dag.py:4180} INFO - Setting next_dagrun for example_sensors to None, run_after=None
[2024-11-20T14:24:47.626+0000] {processor.py:208} INFO - Processing /home/airflow/.local/lib/python3.12/site-packages/airflow/example_dags/example_sensors.py took 0.169 seconds
[2024-11-20T14:25:19.168+0000] {processor.py:186} INFO - Started process (PID=1189) to work on /home/airflow/.local/lib/python3.12/site-packages/airflow/example_dags/example_sensors.py
[2024-11-20T14:25:19.169+0000] {processor.py:914} INFO - Processing file /home/airflow/.local/lib/python3.12/site-packages/airflow/example_dags/example_sensors.py for tasks to queue
[2024-11-20T14:25:19.172+0000] {logging_mixin.py:190} INFO - [2024-11-20T14:25:19.172+0000] {dagbag.py:588} INFO - Filling up the DagBag from /home/airflow/.local/lib/python3.12/site-packages/airflow/example_dags/example_sensors.py
[2024-11-20T14:25:19.189+0000] {processor.py:925} INFO - DAG(s) 'example_sensors' retrieved from /home/airflow/.local/lib/python3.12/site-packages/airflow/example_dags/example_sensors.py
[2024-11-20T14:25:19.231+0000] {logging_mixin.py:190} INFO - [2024-11-20T14:25:19.231+0000] {dag.py:3239} INFO - Sync 1 DAGs
[2024-11-20T14:25:19.254+0000] {logging_mixin.py:190} INFO - [2024-11-20T14:25:19.254+0000] {dag.py:4180} INFO - Setting next_dagrun for example_sensors to None, run_after=None
[2024-11-20T14:25:19.283+0000] {processor.py:208} INFO - Processing /home/airflow/.local/lib/python3.12/site-packages/airflow/example_dags/example_sensors.py took 0.124 seconds
[2024-11-20T14:25:51.018+0000] {processor.py:186} INFO - Started process (PID=1252) to work on /home/airflow/.local/lib/python3.12/site-packages/airflow/example_dags/example_sensors.py
[2024-11-20T14:25:51.019+0000] {processor.py:914} INFO - Processing file /home/airflow/.local/lib/python3.12/site-packages/airflow/example_dags/example_sensors.py for tasks to queue
[2024-11-20T14:25:51.022+0000] {logging_mixin.py:190} INFO - [2024-11-20T14:25:51.022+0000] {dagbag.py:588} INFO - Filling up the DagBag from /home/airflow/.local/lib/python3.12/site-packages/airflow/example_dags/example_sensors.py
[2024-11-20T14:25:51.037+0000] {processor.py:925} INFO - DAG(s) 'example_sensors' retrieved from /home/airflow/.local/lib/python3.12/site-packages/airflow/example_dags/example_sensors.py
[2024-11-20T14:25:51.087+0000] {logging_mixin.py:190} INFO - [2024-11-20T14:25:51.086+0000] {dag.py:3239} INFO - Sync 1 DAGs
[2024-11-20T14:25:51.129+0000] {logging_mixin.py:190} INFO - [2024-11-20T14:25:51.129+0000] {dag.py:4180} INFO - Setting next_dagrun for example_sensors to None, run_after=None
[2024-11-20T14:25:51.180+0000] {processor.py:208} INFO - Processing /home/airflow/.local/lib/python3.12/site-packages/airflow/example_dags/example_sensors.py took 0.172 seconds
[2024-11-20T14:26:22.552+0000] {processor.py:186} INFO - Started process (PID=1315) to work on /home/airflow/.local/lib/python3.12/site-packages/airflow/example_dags/example_sensors.py
[2024-11-20T14:26:22.554+0000] {processor.py:914} INFO - Processing file /home/airflow/.local/lib/python3.12/site-packages/airflow/example_dags/example_sensors.py for tasks to queue
[2024-11-20T14:26:22.559+0000] {logging_mixin.py:190} INFO - [2024-11-20T14:26:22.558+0000] {dagbag.py:588} INFO - Filling up the DagBag from /home/airflow/.local/lib/python3.12/site-packages/airflow/example_dags/example_sensors.py
[2024-11-20T14:26:22.582+0000] {processor.py:925} INFO - DAG(s) 'example_sensors' retrieved from /home/airflow/.local/lib/python3.12/site-packages/airflow/example_dags/example_sensors.py
[2024-11-20T14:26:22.636+0000] {logging_mixin.py:190} INFO - [2024-11-20T14:26:22.636+0000] {dag.py:3239} INFO - Sync 1 DAGs
[2024-11-20T14:26:22.667+0000] {logging_mixin.py:190} INFO - [2024-11-20T14:26:22.666+0000] {dag.py:4180} INFO - Setting next_dagrun for example_sensors to None, run_after=None
[2024-11-20T14:26:22.699+0000] {processor.py:208} INFO - Processing /home/airflow/.local/lib/python3.12/site-packages/airflow/example_dags/example_sensors.py took 0.158 seconds
[2024-11-20T14:26:54.770+0000] {processor.py:186} INFO - Started process (PID=1378) to work on /home/airflow/.local/lib/python3.12/site-packages/airflow/example_dags/example_sensors.py
[2024-11-20T14:26:54.771+0000] {processor.py:914} INFO - Processing file /home/airflow/.local/lib/python3.12/site-packages/airflow/example_dags/example_sensors.py for tasks to queue
[2024-11-20T14:26:54.776+0000] {logging_mixin.py:190} INFO - [2024-11-20T14:26:54.775+0000] {dagbag.py:588} INFO - Filling up the DagBag from /home/airflow/.local/lib/python3.12/site-packages/airflow/example_dags/example_sensors.py
[2024-11-20T14:26:54.797+0000] {processor.py:925} INFO - DAG(s) 'example_sensors' retrieved from /home/airflow/.local/lib/python3.12/site-packages/airflow/example_dags/example_sensors.py
[2024-11-20T14:26:54.834+0000] {logging_mixin.py:190} INFO - [2024-11-20T14:26:54.833+0000] {dag.py:3239} INFO - Sync 1 DAGs
[2024-11-20T14:26:54.861+0000] {logging_mixin.py:190} INFO - [2024-11-20T14:26:54.861+0000] {dag.py:4180} INFO - Setting next_dagrun for example_sensors to None, run_after=None
[2024-11-20T14:26:54.891+0000] {processor.py:208} INFO - Processing /home/airflow/.local/lib/python3.12/site-packages/airflow/example_dags/example_sensors.py took 0.130 seconds
[2024-11-20T14:28:12.289+0000] {processor.py:186} INFO - Started process (PID=1447) to work on /home/airflow/.local/lib/python3.12/site-packages/airflow/example_dags/example_sensors.py
[2024-11-20T14:28:12.291+0000] {processor.py:914} INFO - Processing file /home/airflow/.local/lib/python3.12/site-packages/airflow/example_dags/example_sensors.py for tasks to queue
[2024-11-20T14:28:12.297+0000] {logging_mixin.py:190} INFO - [2024-11-20T14:28:12.296+0000] {dagbag.py:588} INFO - Filling up the DagBag from /home/airflow/.local/lib/python3.12/site-packages/airflow/example_dags/example_sensors.py
[2024-11-20T14:28:12.329+0000] {processor.py:925} INFO - DAG(s) 'example_sensors' retrieved from /home/airflow/.local/lib/python3.12/site-packages/airflow/example_dags/example_sensors.py
[2024-11-20T14:28:12.419+0000] {logging_mixin.py:190} INFO - [2024-11-20T14:28:12.418+0000] {dag.py:3239} INFO - Sync 1 DAGs
[2024-11-20T14:28:12.479+0000] {logging_mixin.py:190} INFO - [2024-11-20T14:28:12.471+0000] {dag.py:4180} INFO - Setting next_dagrun for example_sensors to None, run_after=None
[2024-11-20T14:28:12.629+0000] {processor.py:208} INFO - Processing /home/airflow/.local/lib/python3.12/site-packages/airflow/example_dags/example_sensors.py took 0.356 seconds
[2024-11-20T14:28:43.079+0000] {processor.py:186} INFO - Started process (PID=1510) to work on /home/airflow/.local/lib/python3.12/site-packages/airflow/example_dags/example_sensors.py
[2024-11-20T14:28:43.081+0000] {processor.py:914} INFO - Processing file /home/airflow/.local/lib/python3.12/site-packages/airflow/example_dags/example_sensors.py for tasks to queue
[2024-11-20T14:28:43.086+0000] {logging_mixin.py:190} INFO - [2024-11-20T14:28:43.086+0000] {dagbag.py:588} INFO - Filling up the DagBag from /home/airflow/.local/lib/python3.12/site-packages/airflow/example_dags/example_sensors.py
[2024-11-20T14:28:43.110+0000] {processor.py:925} INFO - DAG(s) 'example_sensors' retrieved from /home/airflow/.local/lib/python3.12/site-packages/airflow/example_dags/example_sensors.py
[2024-11-20T14:28:43.162+0000] {logging_mixin.py:190} INFO - [2024-11-20T14:28:43.161+0000] {dag.py:3239} INFO - Sync 1 DAGs
[2024-11-20T14:28:43.195+0000] {logging_mixin.py:190} INFO - [2024-11-20T14:28:43.194+0000] {dag.py:4180} INFO - Setting next_dagrun for example_sensors to None, run_after=None
[2024-11-20T14:28:43.233+0000] {processor.py:208} INFO - Processing /home/airflow/.local/lib/python3.12/site-packages/airflow/example_dags/example_sensors.py took 0.169 seconds
[2024-11-20T14:29:13.381+0000] {processor.py:186} INFO - Started process (PID=1572) to work on /home/airflow/.local/lib/python3.12/site-packages/airflow/example_dags/example_sensors.py
[2024-11-20T14:29:13.383+0000] {processor.py:914} INFO - Processing file /home/airflow/.local/lib/python3.12/site-packages/airflow/example_dags/example_sensors.py for tasks to queue
[2024-11-20T14:29:13.386+0000] {logging_mixin.py:190} INFO - [2024-11-20T14:29:13.385+0000] {dagbag.py:588} INFO - Filling up the DagBag from /home/airflow/.local/lib/python3.12/site-packages/airflow/example_dags/example_sensors.py
[2024-11-20T14:29:13.407+0000] {processor.py:925} INFO - DAG(s) 'example_sensors' retrieved from /home/airflow/.local/lib/python3.12/site-packages/airflow/example_dags/example_sensors.py
[2024-11-20T14:29:13.449+0000] {logging_mixin.py:190} INFO - [2024-11-20T14:29:13.449+0000] {dag.py:3239} INFO - Sync 1 DAGs
[2024-11-20T14:29:13.478+0000] {logging_mixin.py:190} INFO - [2024-11-20T14:29:13.478+0000] {dag.py:4180} INFO - Setting next_dagrun for example_sensors to None, run_after=None
[2024-11-20T14:29:13.513+0000] {processor.py:208} INFO - Processing /home/airflow/.local/lib/python3.12/site-packages/airflow/example_dags/example_sensors.py took 0.143 seconds
[2024-11-20T14:29:44.851+0000] {processor.py:186} INFO - Started process (PID=1634) to work on /home/airflow/.local/lib/python3.12/site-packages/airflow/example_dags/example_sensors.py
[2024-11-20T14:29:44.852+0000] {processor.py:914} INFO - Processing file /home/airflow/.local/lib/python3.12/site-packages/airflow/example_dags/example_sensors.py for tasks to queue
[2024-11-20T14:29:44.855+0000] {logging_mixin.py:190} INFO - [2024-11-20T14:29:44.855+0000] {dagbag.py:588} INFO - Filling up the DagBag from /home/airflow/.local/lib/python3.12/site-packages/airflow/example_dags/example_sensors.py
[2024-11-20T14:29:44.872+0000] {processor.py:925} INFO - DAG(s) 'example_sensors' retrieved from /home/airflow/.local/lib/python3.12/site-packages/airflow/example_dags/example_sensors.py
[2024-11-20T14:29:44.912+0000] {logging_mixin.py:190} INFO - [2024-11-20T14:29:44.912+0000] {dag.py:3239} INFO - Sync 1 DAGs
[2024-11-20T14:29:44.940+0000] {logging_mixin.py:190} INFO - [2024-11-20T14:29:44.940+0000] {dag.py:4180} INFO - Setting next_dagrun for example_sensors to None, run_after=None
[2024-11-20T14:29:44.978+0000] {processor.py:208} INFO - Processing /home/airflow/.local/lib/python3.12/site-packages/airflow/example_dags/example_sensors.py took 0.136 seconds
[2024-11-20T14:30:18.097+0000] {processor.py:186} INFO - Started process (PID=1697) to work on /home/airflow/.local/lib/python3.12/site-packages/airflow/example_dags/example_sensors.py
[2024-11-20T14:30:18.100+0000] {processor.py:914} INFO - Processing file /home/airflow/.local/lib/python3.12/site-packages/airflow/example_dags/example_sensors.py for tasks to queue
[2024-11-20T14:30:18.104+0000] {logging_mixin.py:190} INFO - [2024-11-20T14:30:18.104+0000] {dagbag.py:588} INFO - Filling up the DagBag from /home/airflow/.local/lib/python3.12/site-packages/airflow/example_dags/example_sensors.py
[2024-11-20T14:30:18.133+0000] {processor.py:925} INFO - DAG(s) 'example_sensors' retrieved from /home/airflow/.local/lib/python3.12/site-packages/airflow/example_dags/example_sensors.py
[2024-11-20T14:30:18.197+0000] {logging_mixin.py:190} INFO - [2024-11-20T14:30:18.196+0000] {dag.py:3239} INFO - Sync 1 DAGs
[2024-11-20T14:30:18.239+0000] {logging_mixin.py:190} INFO - [2024-11-20T14:30:18.238+0000] {dag.py:4180} INFO - Setting next_dagrun for example_sensors to None, run_after=None
[2024-11-20T14:30:18.285+0000] {processor.py:208} INFO - Processing /home/airflow/.local/lib/python3.12/site-packages/airflow/example_dags/example_sensors.py took 0.201 seconds
[2024-11-20T14:30:52.217+0000] {processor.py:186} INFO - Started process (PID=1760) to work on /home/airflow/.local/lib/python3.12/site-packages/airflow/example_dags/example_sensors.py
[2024-11-20T14:30:52.219+0000] {processor.py:914} INFO - Processing file /home/airflow/.local/lib/python3.12/site-packages/airflow/example_dags/example_sensors.py for tasks to queue
[2024-11-20T14:30:52.226+0000] {logging_mixin.py:190} INFO - [2024-11-20T14:30:52.225+0000] {dagbag.py:588} INFO - Filling up the DagBag from /home/airflow/.local/lib/python3.12/site-packages/airflow/example_dags/example_sensors.py
[2024-11-20T14:30:52.259+0000] {processor.py:925} INFO - DAG(s) 'example_sensors' retrieved from /home/airflow/.local/lib/python3.12/site-packages/airflow/example_dags/example_sensors.py
[2024-11-20T14:30:52.332+0000] {logging_mixin.py:190} INFO - [2024-11-20T14:30:52.331+0000] {dag.py:3239} INFO - Sync 1 DAGs
[2024-11-20T14:30:52.372+0000] {logging_mixin.py:190} INFO - [2024-11-20T14:30:52.372+0000] {dag.py:4180} INFO - Setting next_dagrun for example_sensors to None, run_after=None
[2024-11-20T14:30:52.427+0000] {processor.py:208} INFO - Processing /home/airflow/.local/lib/python3.12/site-packages/airflow/example_dags/example_sensors.py took 0.225 seconds
[2024-11-20T14:31:25.282+0000] {processor.py:186} INFO - Started process (PID=1823) to work on /home/airflow/.local/lib/python3.12/site-packages/airflow/example_dags/example_sensors.py
[2024-11-20T14:31:25.286+0000] {processor.py:914} INFO - Processing file /home/airflow/.local/lib/python3.12/site-packages/airflow/example_dags/example_sensors.py for tasks to queue
[2024-11-20T14:31:25.294+0000] {logging_mixin.py:190} INFO - [2024-11-20T14:31:25.293+0000] {dagbag.py:588} INFO - Filling up the DagBag from /home/airflow/.local/lib/python3.12/site-packages/airflow/example_dags/example_sensors.py
[2024-11-20T14:31:25.325+0000] {processor.py:925} INFO - DAG(s) 'example_sensors' retrieved from /home/airflow/.local/lib/python3.12/site-packages/airflow/example_dags/example_sensors.py
[2024-11-20T14:31:25.413+0000] {logging_mixin.py:190} INFO - [2024-11-20T14:31:25.413+0000] {dag.py:3239} INFO - Sync 1 DAGs
[2024-11-20T14:31:25.449+0000] {logging_mixin.py:190} INFO - [2024-11-20T14:31:25.448+0000] {dag.py:4180} INFO - Setting next_dagrun for example_sensors to None, run_after=None
[2024-11-20T14:31:25.495+0000] {processor.py:208} INFO - Processing /home/airflow/.local/lib/python3.12/site-packages/airflow/example_dags/example_sensors.py took 0.227 seconds
[2024-11-20T14:31:57.429+0000] {processor.py:186} INFO - Started process (PID=1886) to work on /home/airflow/.local/lib/python3.12/site-packages/airflow/example_dags/example_sensors.py
[2024-11-20T14:31:57.431+0000] {processor.py:914} INFO - Processing file /home/airflow/.local/lib/python3.12/site-packages/airflow/example_dags/example_sensors.py for tasks to queue
[2024-11-20T14:31:57.437+0000] {logging_mixin.py:190} INFO - [2024-11-20T14:31:57.437+0000] {dagbag.py:588} INFO - Filling up the DagBag from /home/airflow/.local/lib/python3.12/site-packages/airflow/example_dags/example_sensors.py
[2024-11-20T14:31:57.498+0000] {processor.py:925} INFO - DAG(s) 'example_sensors' retrieved from /home/airflow/.local/lib/python3.12/site-packages/airflow/example_dags/example_sensors.py
[2024-11-20T14:31:57.583+0000] {logging_mixin.py:190} INFO - [2024-11-20T14:31:57.583+0000] {dag.py:3239} INFO - Sync 1 DAGs
[2024-11-20T14:31:57.639+0000] {logging_mixin.py:190} INFO - [2024-11-20T14:31:57.638+0000] {dag.py:4180} INFO - Setting next_dagrun for example_sensors to None, run_after=None
[2024-11-20T14:31:57.692+0000] {processor.py:208} INFO - Processing /home/airflow/.local/lib/python3.12/site-packages/airflow/example_dags/example_sensors.py took 0.277 seconds
[2024-11-20T14:32:27.916+0000] {processor.py:186} INFO - Started process (PID=1948) to work on /home/airflow/.local/lib/python3.12/site-packages/airflow/example_dags/example_sensors.py
[2024-11-20T14:32:27.917+0000] {processor.py:914} INFO - Processing file /home/airflow/.local/lib/python3.12/site-packages/airflow/example_dags/example_sensors.py for tasks to queue
[2024-11-20T14:32:27.922+0000] {logging_mixin.py:190} INFO - [2024-11-20T14:32:27.921+0000] {dagbag.py:588} INFO - Filling up the DagBag from /home/airflow/.local/lib/python3.12/site-packages/airflow/example_dags/example_sensors.py
[2024-11-20T14:32:27.937+0000] {processor.py:925} INFO - DAG(s) 'example_sensors' retrieved from /home/airflow/.local/lib/python3.12/site-packages/airflow/example_dags/example_sensors.py
[2024-11-20T14:32:27.983+0000] {logging_mixin.py:190} INFO - [2024-11-20T14:32:27.983+0000] {dag.py:3239} INFO - Sync 1 DAGs
[2024-11-20T14:32:28.011+0000] {logging_mixin.py:190} INFO - [2024-11-20T14:32:28.011+0000] {dag.py:4180} INFO - Setting next_dagrun for example_sensors to None, run_after=None
[2024-11-20T14:32:28.042+0000] {processor.py:208} INFO - Processing /home/airflow/.local/lib/python3.12/site-packages/airflow/example_dags/example_sensors.py took 0.135 seconds
[2024-11-20T14:32:58.363+0000] {processor.py:186} INFO - Started process (PID=2011) to work on /home/airflow/.local/lib/python3.12/site-packages/airflow/example_dags/example_sensors.py
[2024-11-20T14:32:58.365+0000] {processor.py:914} INFO - Processing file /home/airflow/.local/lib/python3.12/site-packages/airflow/example_dags/example_sensors.py for tasks to queue
[2024-11-20T14:32:58.368+0000] {logging_mixin.py:190} INFO - [2024-11-20T14:32:58.368+0000] {dagbag.py:588} INFO - Filling up the DagBag from /home/airflow/.local/lib/python3.12/site-packages/airflow/example_dags/example_sensors.py
[2024-11-20T14:32:58.385+0000] {processor.py:925} INFO - DAG(s) 'example_sensors' retrieved from /home/airflow/.local/lib/python3.12/site-packages/airflow/example_dags/example_sensors.py
[2024-11-20T14:32:58.439+0000] {logging_mixin.py:190} INFO - [2024-11-20T14:32:58.439+0000] {dag.py:3239} INFO - Sync 1 DAGs
[2024-11-20T14:32:58.470+0000] {logging_mixin.py:190} INFO - [2024-11-20T14:32:58.469+0000] {dag.py:4180} INFO - Setting next_dagrun for example_sensors to None, run_after=None
[2024-11-20T14:32:58.511+0000] {processor.py:208} INFO - Processing /home/airflow/.local/lib/python3.12/site-packages/airflow/example_dags/example_sensors.py took 0.157 seconds
[2024-11-20T14:33:28.683+0000] {processor.py:186} INFO - Started process (PID=2073) to work on /home/airflow/.local/lib/python3.12/site-packages/airflow/example_dags/example_sensors.py
[2024-11-20T14:33:28.684+0000] {processor.py:914} INFO - Processing file /home/airflow/.local/lib/python3.12/site-packages/airflow/example_dags/example_sensors.py for tasks to queue
[2024-11-20T14:33:28.688+0000] {logging_mixin.py:190} INFO - [2024-11-20T14:33:28.688+0000] {dagbag.py:588} INFO - Filling up the DagBag from /home/airflow/.local/lib/python3.12/site-packages/airflow/example_dags/example_sensors.py
[2024-11-20T14:33:28.707+0000] {processor.py:925} INFO - DAG(s) 'example_sensors' retrieved from /home/airflow/.local/lib/python3.12/site-packages/airflow/example_dags/example_sensors.py
[2024-11-20T14:33:28.757+0000] {logging_mixin.py:190} INFO - [2024-11-20T14:33:28.757+0000] {dag.py:3239} INFO - Sync 1 DAGs
[2024-11-20T14:33:28.789+0000] {logging_mixin.py:190} INFO - [2024-11-20T14:33:28.789+0000] {dag.py:4180} INFO - Setting next_dagrun for example_sensors to None, run_after=None
[2024-11-20T14:33:28.826+0000] {processor.py:208} INFO - Processing /home/airflow/.local/lib/python3.12/site-packages/airflow/example_dags/example_sensors.py took 0.154 seconds
[2024-11-20T14:33:59.232+0000] {processor.py:186} INFO - Started process (PID=2136) to work on /home/airflow/.local/lib/python3.12/site-packages/airflow/example_dags/example_sensors.py
[2024-11-20T14:33:59.233+0000] {processor.py:914} INFO - Processing file /home/airflow/.local/lib/python3.12/site-packages/airflow/example_dags/example_sensors.py for tasks to queue
[2024-11-20T14:33:59.237+0000] {logging_mixin.py:190} INFO - [2024-11-20T14:33:59.236+0000] {dagbag.py:588} INFO - Filling up the DagBag from /home/airflow/.local/lib/python3.12/site-packages/airflow/example_dags/example_sensors.py
[2024-11-20T14:33:59.254+0000] {processor.py:925} INFO - DAG(s) 'example_sensors' retrieved from /home/airflow/.local/lib/python3.12/site-packages/airflow/example_dags/example_sensors.py
[2024-11-20T14:33:59.295+0000] {logging_mixin.py:190} INFO - [2024-11-20T14:33:59.294+0000] {dag.py:3239} INFO - Sync 1 DAGs
[2024-11-20T14:33:59.318+0000] {logging_mixin.py:190} INFO - [2024-11-20T14:33:59.318+0000] {dag.py:4180} INFO - Setting next_dagrun for example_sensors to None, run_after=None
[2024-11-20T14:33:59.350+0000] {processor.py:208} INFO - Processing /home/airflow/.local/lib/python3.12/site-packages/airflow/example_dags/example_sensors.py took 0.128 seconds
[2024-11-20T14:34:29.543+0000] {processor.py:186} INFO - Started process (PID=2198) to work on /home/airflow/.local/lib/python3.12/site-packages/airflow/example_dags/example_sensors.py
[2024-11-20T14:34:29.544+0000] {processor.py:914} INFO - Processing file /home/airflow/.local/lib/python3.12/site-packages/airflow/example_dags/example_sensors.py for tasks to queue
[2024-11-20T14:34:29.548+0000] {logging_mixin.py:190} INFO - [2024-11-20T14:34:29.547+0000] {dagbag.py:588} INFO - Filling up the DagBag from /home/airflow/.local/lib/python3.12/site-packages/airflow/example_dags/example_sensors.py
[2024-11-20T14:34:29.564+0000] {processor.py:925} INFO - DAG(s) 'example_sensors' retrieved from /home/airflow/.local/lib/python3.12/site-packages/airflow/example_dags/example_sensors.py
[2024-11-20T14:34:29.606+0000] {logging_mixin.py:190} INFO - [2024-11-20T14:34:29.606+0000] {dag.py:3239} INFO - Sync 1 DAGs
[2024-11-20T14:34:29.646+0000] {logging_mixin.py:190} INFO - [2024-11-20T14:34:29.646+0000] {dag.py:4180} INFO - Setting next_dagrun for example_sensors to None, run_after=None
[2024-11-20T14:34:29.693+0000] {processor.py:208} INFO - Processing /home/airflow/.local/lib/python3.12/site-packages/airflow/example_dags/example_sensors.py took 0.161 seconds
[2024-11-20T14:35:00.216+0000] {processor.py:186} INFO - Started process (PID=2261) to work on /home/airflow/.local/lib/python3.12/site-packages/airflow/example_dags/example_sensors.py
[2024-11-20T14:35:00.217+0000] {processor.py:914} INFO - Processing file /home/airflow/.local/lib/python3.12/site-packages/airflow/example_dags/example_sensors.py for tasks to queue
[2024-11-20T14:35:00.220+0000] {logging_mixin.py:190} INFO - [2024-11-20T14:35:00.220+0000] {dagbag.py:588} INFO - Filling up the DagBag from /home/airflow/.local/lib/python3.12/site-packages/airflow/example_dags/example_sensors.py
[2024-11-20T14:35:00.240+0000] {processor.py:925} INFO - DAG(s) 'example_sensors' retrieved from /home/airflow/.local/lib/python3.12/site-packages/airflow/example_dags/example_sensors.py
[2024-11-20T14:35:00.305+0000] {logging_mixin.py:190} INFO - [2024-11-20T14:35:00.305+0000] {dag.py:3239} INFO - Sync 1 DAGs
[2024-11-20T14:35:00.334+0000] {logging_mixin.py:190} INFO - [2024-11-20T14:35:00.333+0000] {dag.py:4180} INFO - Setting next_dagrun for example_sensors to None, run_after=None
[2024-11-20T14:35:00.365+0000] {processor.py:208} INFO - Processing /home/airflow/.local/lib/python3.12/site-packages/airflow/example_dags/example_sensors.py took 0.161 seconds
[2024-11-20T14:35:30.836+0000] {processor.py:186} INFO - Started process (PID=2323) to work on /home/airflow/.local/lib/python3.12/site-packages/airflow/example_dags/example_sensors.py
[2024-11-20T14:35:30.837+0000] {processor.py:914} INFO - Processing file /home/airflow/.local/lib/python3.12/site-packages/airflow/example_dags/example_sensors.py for tasks to queue
[2024-11-20T14:35:30.844+0000] {logging_mixin.py:190} INFO - [2024-11-20T14:35:30.843+0000] {dagbag.py:588} INFO - Filling up the DagBag from /home/airflow/.local/lib/python3.12/site-packages/airflow/example_dags/example_sensors.py
[2024-11-20T14:35:30.865+0000] {processor.py:925} INFO - DAG(s) 'example_sensors' retrieved from /home/airflow/.local/lib/python3.12/site-packages/airflow/example_dags/example_sensors.py
[2024-11-20T14:35:30.914+0000] {logging_mixin.py:190} INFO - [2024-11-20T14:35:30.913+0000] {dag.py:3239} INFO - Sync 1 DAGs
[2024-11-20T14:35:30.940+0000] {logging_mixin.py:190} INFO - [2024-11-20T14:35:30.940+0000] {dag.py:4180} INFO - Setting next_dagrun for example_sensors to None, run_after=None
[2024-11-20T14:35:30.973+0000] {processor.py:208} INFO - Processing /home/airflow/.local/lib/python3.12/site-packages/airflow/example_dags/example_sensors.py took 0.149 seconds
[2024-11-20T14:36:01.757+0000] {processor.py:186} INFO - Started process (PID=2386) to work on /home/airflow/.local/lib/python3.12/site-packages/airflow/example_dags/example_sensors.py
[2024-11-20T14:36:01.758+0000] {processor.py:914} INFO - Processing file /home/airflow/.local/lib/python3.12/site-packages/airflow/example_dags/example_sensors.py for tasks to queue
[2024-11-20T14:36:01.761+0000] {logging_mixin.py:190} INFO - [2024-11-20T14:36:01.760+0000] {dagbag.py:588} INFO - Filling up the DagBag from /home/airflow/.local/lib/python3.12/site-packages/airflow/example_dags/example_sensors.py
[2024-11-20T14:36:01.779+0000] {processor.py:925} INFO - DAG(s) 'example_sensors' retrieved from /home/airflow/.local/lib/python3.12/site-packages/airflow/example_dags/example_sensors.py
[2024-11-20T14:36:01.821+0000] {logging_mixin.py:190} INFO - [2024-11-20T14:36:01.821+0000] {dag.py:3239} INFO - Sync 1 DAGs
[2024-11-20T14:36:01.848+0000] {logging_mixin.py:190} INFO - [2024-11-20T14:36:01.848+0000] {dag.py:4180} INFO - Setting next_dagrun for example_sensors to None, run_after=None
[2024-11-20T14:36:01.882+0000] {processor.py:208} INFO - Processing /home/airflow/.local/lib/python3.12/site-packages/airflow/example_dags/example_sensors.py took 0.138 seconds
[2024-11-20T14:36:32.028+0000] {processor.py:186} INFO - Started process (PID=2449) to work on /home/airflow/.local/lib/python3.12/site-packages/airflow/example_dags/example_sensors.py
[2024-11-20T14:36:32.029+0000] {processor.py:914} INFO - Processing file /home/airflow/.local/lib/python3.12/site-packages/airflow/example_dags/example_sensors.py for tasks to queue
[2024-11-20T14:36:32.035+0000] {logging_mixin.py:190} INFO - [2024-11-20T14:36:32.034+0000] {dagbag.py:588} INFO - Filling up the DagBag from /home/airflow/.local/lib/python3.12/site-packages/airflow/example_dags/example_sensors.py
[2024-11-20T14:36:32.055+0000] {processor.py:925} INFO - DAG(s) 'example_sensors' retrieved from /home/airflow/.local/lib/python3.12/site-packages/airflow/example_dags/example_sensors.py
[2024-11-20T14:36:32.098+0000] {logging_mixin.py:190} INFO - [2024-11-20T14:36:32.097+0000] {dag.py:3239} INFO - Sync 1 DAGs
[2024-11-20T14:36:32.128+0000] {logging_mixin.py:190} INFO - [2024-11-20T14:36:32.127+0000] {dag.py:4180} INFO - Setting next_dagrun for example_sensors to None, run_after=None
[2024-11-20T14:36:32.160+0000] {processor.py:208} INFO - Processing /home/airflow/.local/lib/python3.12/site-packages/airflow/example_dags/example_sensors.py took 0.142 seconds
[2024-11-20T14:37:02.633+0000] {processor.py:186} INFO - Started process (PID=2512) to work on /home/airflow/.local/lib/python3.12/site-packages/airflow/example_dags/example_sensors.py
[2024-11-20T14:37:02.634+0000] {processor.py:914} INFO - Processing file /home/airflow/.local/lib/python3.12/site-packages/airflow/example_dags/example_sensors.py for tasks to queue
[2024-11-20T14:37:02.640+0000] {logging_mixin.py:190} INFO - [2024-11-20T14:37:02.639+0000] {dagbag.py:588} INFO - Filling up the DagBag from /home/airflow/.local/lib/python3.12/site-packages/airflow/example_dags/example_sensors.py
[2024-11-20T14:37:02.661+0000] {processor.py:925} INFO - DAG(s) 'example_sensors' retrieved from /home/airflow/.local/lib/python3.12/site-packages/airflow/example_dags/example_sensors.py
[2024-11-20T14:37:02.709+0000] {logging_mixin.py:190} INFO - [2024-11-20T14:37:02.709+0000] {dag.py:3239} INFO - Sync 1 DAGs
[2024-11-20T14:37:02.735+0000] {logging_mixin.py:190} INFO - [2024-11-20T14:37:02.734+0000] {dag.py:4180} INFO - Setting next_dagrun for example_sensors to None, run_after=None
[2024-11-20T14:37:02.773+0000] {processor.py:208} INFO - Processing /home/airflow/.local/lib/python3.12/site-packages/airflow/example_dags/example_sensors.py took 0.153 seconds
[2024-11-20T14:37:33.310+0000] {processor.py:186} INFO - Started process (PID=2574) to work on /home/airflow/.local/lib/python3.12/site-packages/airflow/example_dags/example_sensors.py
[2024-11-20T14:37:33.312+0000] {processor.py:914} INFO - Processing file /home/airflow/.local/lib/python3.12/site-packages/airflow/example_dags/example_sensors.py for tasks to queue
[2024-11-20T14:37:33.316+0000] {logging_mixin.py:190} INFO - [2024-11-20T14:37:33.315+0000] {dagbag.py:588} INFO - Filling up the DagBag from /home/airflow/.local/lib/python3.12/site-packages/airflow/example_dags/example_sensors.py
[2024-11-20T14:37:33.349+0000] {processor.py:925} INFO - DAG(s) 'example_sensors' retrieved from /home/airflow/.local/lib/python3.12/site-packages/airflow/example_dags/example_sensors.py
[2024-11-20T14:37:33.419+0000] {logging_mixin.py:190} INFO - [2024-11-20T14:37:33.419+0000] {dag.py:3239} INFO - Sync 1 DAGs
[2024-11-20T14:37:33.469+0000] {logging_mixin.py:190} INFO - [2024-11-20T14:37:33.468+0000] {dag.py:4180} INFO - Setting next_dagrun for example_sensors to None, run_after=None
[2024-11-20T14:37:33.530+0000] {processor.py:208} INFO - Processing /home/airflow/.local/lib/python3.12/site-packages/airflow/example_dags/example_sensors.py took 0.238 seconds
[2024-11-20T14:38:04.566+0000] {processor.py:186} INFO - Started process (PID=2636) to work on /home/airflow/.local/lib/python3.12/site-packages/airflow/example_dags/example_sensors.py
[2024-11-20T14:38:04.567+0000] {processor.py:914} INFO - Processing file /home/airflow/.local/lib/python3.12/site-packages/airflow/example_dags/example_sensors.py for tasks to queue
[2024-11-20T14:38:04.573+0000] {logging_mixin.py:190} INFO - [2024-11-20T14:38:04.573+0000] {dagbag.py:588} INFO - Filling up the DagBag from /home/airflow/.local/lib/python3.12/site-packages/airflow/example_dags/example_sensors.py
[2024-11-20T14:38:04.596+0000] {processor.py:925} INFO - DAG(s) 'example_sensors' retrieved from /home/airflow/.local/lib/python3.12/site-packages/airflow/example_dags/example_sensors.py
[2024-11-20T14:38:04.652+0000] {logging_mixin.py:190} INFO - [2024-11-20T14:38:04.652+0000] {dag.py:3239} INFO - Sync 1 DAGs
[2024-11-20T14:38:04.685+0000] {logging_mixin.py:190} INFO - [2024-11-20T14:38:04.684+0000] {dag.py:4180} INFO - Setting next_dagrun for example_sensors to None, run_after=None
[2024-11-20T14:38:04.720+0000] {processor.py:208} INFO - Processing /home/airflow/.local/lib/python3.12/site-packages/airflow/example_dags/example_sensors.py took 0.169 seconds
