[2024-11-20T14:16:03.879+0000] {processor.py:186} INFO - Started process (PID=79) to work on /home/airflow/.local/lib/python3.12/site-packages/airflow/example_dags/example_branch_labels.py
[2024-11-20T14:16:03.881+0000] {processor.py:914} INFO - Processing file /home/airflow/.local/lib/python3.12/site-packages/airflow/example_dags/example_branch_labels.py for tasks to queue
[2024-11-20T14:16:03.886+0000] {logging_mixin.py:190} INFO - [2024-11-20T14:16:03.885+0000] {dagbag.py:588} INFO - Filling up the DagBag from /home/airflow/.local/lib/python3.12/site-packages/airflow/example_dags/example_branch_labels.py
[2024-11-20T14:16:03.912+0000] {processor.py:925} INFO - DAG(s) 'example_branch_labels' retrieved from /home/airflow/.local/lib/python3.12/site-packages/airflow/example_dags/example_branch_labels.py
[2024-11-20T14:16:04.181+0000] {logging_mixin.py:190} INFO - [2024-11-20T14:16:04.180+0000] {override.py:1911} INFO - Created Permission View: can delete on DAG:example_branch_labels
[2024-11-20T14:16:04.202+0000] {logging_mixin.py:190} INFO - [2024-11-20T14:16:04.202+0000] {override.py:1911} INFO - Created Permission View: can read on DAG:example_branch_labels
[2024-11-20T14:16:04.217+0000] {logging_mixin.py:190} INFO - [2024-11-20T14:16:04.216+0000] {override.py:1911} INFO - Created Permission View: can edit on DAG:example_branch_labels
[2024-11-20T14:16:04.233+0000] {logging_mixin.py:190} INFO - [2024-11-20T14:16:04.233+0000] {override.py:1911} INFO - Created Permission View: can delete on DAG Run:example_branch_labels
[2024-11-20T14:16:04.248+0000] {logging_mixin.py:190} INFO - [2024-11-20T14:16:04.248+0000] {override.py:1911} INFO - Created Permission View: menu access on DAG Run:example_branch_labels
[2024-11-20T14:16:04.263+0000] {logging_mixin.py:190} INFO - [2024-11-20T14:16:04.262+0000] {override.py:1911} INFO - Created Permission View: can read on DAG Run:example_branch_labels
[2024-11-20T14:16:04.282+0000] {logging_mixin.py:190} INFO - [2024-11-20T14:16:04.282+0000] {override.py:1911} INFO - Created Permission View: can create on DAG Run:example_branch_labels
[2024-11-20T14:16:04.283+0000] {logging_mixin.py:190} INFO - [2024-11-20T14:16:04.283+0000] {dag.py:3239} INFO - Sync 1 DAGs
[2024-11-20T14:16:04.315+0000] {logging_mixin.py:190} INFO - [2024-11-20T14:16:04.314+0000] {dag.py:3262} INFO - Creating ORM DAG for example_branch_labels
[2024-11-20T14:16:04.340+0000] {logging_mixin.py:190} INFO - [2024-11-20T14:16:04.340+0000] {dag.py:4180} INFO - Setting next_dagrun for example_branch_labels to 2024-11-19 00:00:00+00:00, run_after=2024-11-20 00:00:00+00:00
[2024-11-20T14:16:04.373+0000] {processor.py:208} INFO - Processing /home/airflow/.local/lib/python3.12/site-packages/airflow/example_dags/example_branch_labels.py took 0.509 seconds
[2024-11-20T14:16:34.423+0000] {processor.py:186} INFO - Started process (PID=141) to work on /home/airflow/.local/lib/python3.12/site-packages/airflow/example_dags/example_branch_labels.py
[2024-11-20T14:16:34.424+0000] {processor.py:914} INFO - Processing file /home/airflow/.local/lib/python3.12/site-packages/airflow/example_dags/example_branch_labels.py for tasks to queue
[2024-11-20T14:16:34.428+0000] {logging_mixin.py:190} INFO - [2024-11-20T14:16:34.427+0000] {dagbag.py:588} INFO - Filling up the DagBag from /home/airflow/.local/lib/python3.12/site-packages/airflow/example_dags/example_branch_labels.py
[2024-11-20T14:16:34.442+0000] {processor.py:925} INFO - DAG(s) 'example_branch_labels' retrieved from /home/airflow/.local/lib/python3.12/site-packages/airflow/example_dags/example_branch_labels.py
[2024-11-20T14:16:34.471+0000] {logging_mixin.py:190} INFO - [2024-11-20T14:16:34.470+0000] {dag.py:3239} INFO - Sync 1 DAGs
[2024-11-20T14:16:34.510+0000] {logging_mixin.py:190} INFO - [2024-11-20T14:16:34.510+0000] {dag.py:4180} INFO - Setting next_dagrun for example_branch_labels to 2024-11-19 00:00:00+00:00, run_after=2024-11-20 00:00:00+00:00
[2024-11-20T14:16:34.537+0000] {processor.py:208} INFO - Processing /home/airflow/.local/lib/python3.12/site-packages/airflow/example_dags/example_branch_labels.py took 0.122 seconds
[2024-11-20T14:17:04.694+0000] {processor.py:186} INFO - Started process (PID=204) to work on /home/airflow/.local/lib/python3.12/site-packages/airflow/example_dags/example_branch_labels.py
[2024-11-20T14:17:04.696+0000] {processor.py:914} INFO - Processing file /home/airflow/.local/lib/python3.12/site-packages/airflow/example_dags/example_branch_labels.py for tasks to queue
[2024-11-20T14:17:04.702+0000] {logging_mixin.py:190} INFO - [2024-11-20T14:17:04.701+0000] {dagbag.py:588} INFO - Filling up the DagBag from /home/airflow/.local/lib/python3.12/site-packages/airflow/example_dags/example_branch_labels.py
[2024-11-20T14:17:04.724+0000] {processor.py:925} INFO - DAG(s) 'example_branch_labels' retrieved from /home/airflow/.local/lib/python3.12/site-packages/airflow/example_dags/example_branch_labels.py
[2024-11-20T14:17:04.768+0000] {logging_mixin.py:190} INFO - [2024-11-20T14:17:04.768+0000] {dag.py:3239} INFO - Sync 1 DAGs
[2024-11-20T14:17:04.826+0000] {logging_mixin.py:190} INFO - [2024-11-20T14:17:04.825+0000] {dag.py:4180} INFO - Setting next_dagrun for example_branch_labels to 2024-11-19 00:00:00+00:00, run_after=2024-11-20 00:00:00+00:00
[2024-11-20T14:17:04.871+0000] {processor.py:208} INFO - Processing /home/airflow/.local/lib/python3.12/site-packages/airflow/example_dags/example_branch_labels.py took 0.191 seconds
[2024-11-20T14:17:34.964+0000] {processor.py:186} INFO - Started process (PID=267) to work on /home/airflow/.local/lib/python3.12/site-packages/airflow/example_dags/example_branch_labels.py
[2024-11-20T14:17:34.965+0000] {processor.py:914} INFO - Processing file /home/airflow/.local/lib/python3.12/site-packages/airflow/example_dags/example_branch_labels.py for tasks to queue
[2024-11-20T14:17:34.968+0000] {logging_mixin.py:190} INFO - [2024-11-20T14:17:34.968+0000] {dagbag.py:588} INFO - Filling up the DagBag from /home/airflow/.local/lib/python3.12/site-packages/airflow/example_dags/example_branch_labels.py
[2024-11-20T14:17:34.983+0000] {processor.py:925} INFO - DAG(s) 'example_branch_labels' retrieved from /home/airflow/.local/lib/python3.12/site-packages/airflow/example_dags/example_branch_labels.py
[2024-11-20T14:17:35.028+0000] {logging_mixin.py:190} INFO - [2024-11-20T14:17:35.028+0000] {dag.py:3239} INFO - Sync 1 DAGs
[2024-11-20T14:17:35.085+0000] {logging_mixin.py:190} INFO - [2024-11-20T14:17:35.085+0000] {dag.py:4180} INFO - Setting next_dagrun for example_branch_labels to 2024-11-19 00:00:00+00:00, run_after=2024-11-20 00:00:00+00:00
[2024-11-20T14:17:35.133+0000] {processor.py:208} INFO - Processing /home/airflow/.local/lib/python3.12/site-packages/airflow/example_dags/example_branch_labels.py took 0.179 seconds
[2024-11-20T14:18:05.668+0000] {processor.py:186} INFO - Started process (PID=330) to work on /home/airflow/.local/lib/python3.12/site-packages/airflow/example_dags/example_branch_labels.py
[2024-11-20T14:18:05.669+0000] {processor.py:914} INFO - Processing file /home/airflow/.local/lib/python3.12/site-packages/airflow/example_dags/example_branch_labels.py for tasks to queue
[2024-11-20T14:18:05.673+0000] {logging_mixin.py:190} INFO - [2024-11-20T14:18:05.673+0000] {dagbag.py:588} INFO - Filling up the DagBag from /home/airflow/.local/lib/python3.12/site-packages/airflow/example_dags/example_branch_labels.py
[2024-11-20T14:18:05.688+0000] {processor.py:925} INFO - DAG(s) 'example_branch_labels' retrieved from /home/airflow/.local/lib/python3.12/site-packages/airflow/example_dags/example_branch_labels.py
[2024-11-20T14:18:05.721+0000] {logging_mixin.py:190} INFO - [2024-11-20T14:18:05.721+0000] {dag.py:3239} INFO - Sync 1 DAGs
[2024-11-20T14:18:05.764+0000] {logging_mixin.py:190} INFO - [2024-11-20T14:18:05.764+0000] {dag.py:4180} INFO - Setting next_dagrun for example_branch_labels to 2024-11-19 00:00:00+00:00, run_after=2024-11-20 00:00:00+00:00
[2024-11-20T14:18:05.799+0000] {processor.py:208} INFO - Processing /home/airflow/.local/lib/python3.12/site-packages/airflow/example_dags/example_branch_labels.py took 0.140 seconds
[2024-11-20T14:18:36.127+0000] {processor.py:186} INFO - Started process (PID=393) to work on /home/airflow/.local/lib/python3.12/site-packages/airflow/example_dags/example_branch_labels.py
[2024-11-20T14:18:36.128+0000] {processor.py:914} INFO - Processing file /home/airflow/.local/lib/python3.12/site-packages/airflow/example_dags/example_branch_labels.py for tasks to queue
[2024-11-20T14:18:36.131+0000] {logging_mixin.py:190} INFO - [2024-11-20T14:18:36.130+0000] {dagbag.py:588} INFO - Filling up the DagBag from /home/airflow/.local/lib/python3.12/site-packages/airflow/example_dags/example_branch_labels.py
[2024-11-20T14:18:36.144+0000] {processor.py:925} INFO - DAG(s) 'example_branch_labels' retrieved from /home/airflow/.local/lib/python3.12/site-packages/airflow/example_dags/example_branch_labels.py
[2024-11-20T14:18:36.187+0000] {logging_mixin.py:190} INFO - [2024-11-20T14:18:36.187+0000] {dag.py:3239} INFO - Sync 1 DAGs
[2024-11-20T14:18:36.234+0000] {logging_mixin.py:190} INFO - [2024-11-20T14:18:36.233+0000] {dag.py:4180} INFO - Setting next_dagrun for example_branch_labels to 2024-11-19 00:00:00+00:00, run_after=2024-11-20 00:00:00+00:00
[2024-11-20T14:18:36.259+0000] {processor.py:208} INFO - Processing /home/airflow/.local/lib/python3.12/site-packages/airflow/example_dags/example_branch_labels.py took 0.142 seconds
[2024-11-20T14:19:07.150+0000] {processor.py:186} INFO - Started process (PID=456) to work on /home/airflow/.local/lib/python3.12/site-packages/airflow/example_dags/example_branch_labels.py
[2024-11-20T14:19:07.151+0000] {processor.py:914} INFO - Processing file /home/airflow/.local/lib/python3.12/site-packages/airflow/example_dags/example_branch_labels.py for tasks to queue
[2024-11-20T14:19:07.154+0000] {logging_mixin.py:190} INFO - [2024-11-20T14:19:07.154+0000] {dagbag.py:588} INFO - Filling up the DagBag from /home/airflow/.local/lib/python3.12/site-packages/airflow/example_dags/example_branch_labels.py
[2024-11-20T14:19:07.167+0000] {processor.py:925} INFO - DAG(s) 'example_branch_labels' retrieved from /home/airflow/.local/lib/python3.12/site-packages/airflow/example_dags/example_branch_labels.py
[2024-11-20T14:19:07.203+0000] {logging_mixin.py:190} INFO - [2024-11-20T14:19:07.202+0000] {dag.py:3239} INFO - Sync 1 DAGs
[2024-11-20T14:19:07.246+0000] {logging_mixin.py:190} INFO - [2024-11-20T14:19:07.246+0000] {dag.py:4180} INFO - Setting next_dagrun for example_branch_labels to 2024-11-19 00:00:00+00:00, run_after=2024-11-20 00:00:00+00:00
[2024-11-20T14:19:07.287+0000] {processor.py:208} INFO - Processing /home/airflow/.local/lib/python3.12/site-packages/airflow/example_dags/example_branch_labels.py took 0.146 seconds
[2024-11-20T14:19:37.589+0000] {processor.py:186} INFO - Started process (PID=518) to work on /home/airflow/.local/lib/python3.12/site-packages/airflow/example_dags/example_branch_labels.py
[2024-11-20T14:19:37.591+0000] {processor.py:914} INFO - Processing file /home/airflow/.local/lib/python3.12/site-packages/airflow/example_dags/example_branch_labels.py for tasks to queue
[2024-11-20T14:19:37.594+0000] {logging_mixin.py:190} INFO - [2024-11-20T14:19:37.593+0000] {dagbag.py:588} INFO - Filling up the DagBag from /home/airflow/.local/lib/python3.12/site-packages/airflow/example_dags/example_branch_labels.py
[2024-11-20T14:19:37.607+0000] {processor.py:925} INFO - DAG(s) 'example_branch_labels' retrieved from /home/airflow/.local/lib/python3.12/site-packages/airflow/example_dags/example_branch_labels.py
[2024-11-20T14:19:37.651+0000] {logging_mixin.py:190} INFO - [2024-11-20T14:19:37.651+0000] {dag.py:3239} INFO - Sync 1 DAGs
[2024-11-20T14:19:37.710+0000] {logging_mixin.py:190} INFO - [2024-11-20T14:19:37.710+0000] {dag.py:4180} INFO - Setting next_dagrun for example_branch_labels to 2024-11-19 00:00:00+00:00, run_after=2024-11-20 00:00:00+00:00
[2024-11-20T14:19:37.745+0000] {processor.py:208} INFO - Processing /home/airflow/.local/lib/python3.12/site-packages/airflow/example_dags/example_branch_labels.py took 0.165 seconds
[2024-11-20T14:20:08.512+0000] {processor.py:186} INFO - Started process (PID=581) to work on /home/airflow/.local/lib/python3.12/site-packages/airflow/example_dags/example_branch_labels.py
[2024-11-20T14:20:08.520+0000] {processor.py:914} INFO - Processing file /home/airflow/.local/lib/python3.12/site-packages/airflow/example_dags/example_branch_labels.py for tasks to queue
[2024-11-20T14:20:08.543+0000] {logging_mixin.py:190} INFO - [2024-11-20T14:20:08.539+0000] {dagbag.py:588} INFO - Filling up the DagBag from /home/airflow/.local/lib/python3.12/site-packages/airflow/example_dags/example_branch_labels.py
[2024-11-20T14:20:08.611+0000] {processor.py:925} INFO - DAG(s) 'example_branch_labels' retrieved from /home/airflow/.local/lib/python3.12/site-packages/airflow/example_dags/example_branch_labels.py
[2024-11-20T14:20:08.701+0000] {logging_mixin.py:190} INFO - [2024-11-20T14:20:08.700+0000] {dag.py:3239} INFO - Sync 1 DAGs
[2024-11-20T14:20:08.799+0000] {logging_mixin.py:190} INFO - [2024-11-20T14:20:08.798+0000] {dag.py:4180} INFO - Setting next_dagrun for example_branch_labels to 2024-11-19 00:00:00+00:00, run_after=2024-11-20 00:00:00+00:00
[2024-11-20T14:20:08.864+0000] {processor.py:208} INFO - Processing /home/airflow/.local/lib/python3.12/site-packages/airflow/example_dags/example_branch_labels.py took 0.414 seconds
[2024-11-20T14:20:39.804+0000] {processor.py:186} INFO - Started process (PID=644) to work on /home/airflow/.local/lib/python3.12/site-packages/airflow/example_dags/example_branch_labels.py
[2024-11-20T14:20:39.806+0000] {processor.py:914} INFO - Processing file /home/airflow/.local/lib/python3.12/site-packages/airflow/example_dags/example_branch_labels.py for tasks to queue
[2024-11-20T14:20:39.813+0000] {logging_mixin.py:190} INFO - [2024-11-20T14:20:39.812+0000] {dagbag.py:588} INFO - Filling up the DagBag from /home/airflow/.local/lib/python3.12/site-packages/airflow/example_dags/example_branch_labels.py
[2024-11-20T14:20:39.826+0000] {processor.py:925} INFO - DAG(s) 'example_branch_labels' retrieved from /home/airflow/.local/lib/python3.12/site-packages/airflow/example_dags/example_branch_labels.py
[2024-11-20T14:20:39.873+0000] {logging_mixin.py:190} INFO - [2024-11-20T14:20:39.872+0000] {dag.py:3239} INFO - Sync 1 DAGs
[2024-11-20T14:20:39.921+0000] {logging_mixin.py:190} INFO - [2024-11-20T14:20:39.921+0000] {dag.py:4180} INFO - Setting next_dagrun for example_branch_labels to 2024-11-19 00:00:00+00:00, run_after=2024-11-20 00:00:00+00:00
[2024-11-20T14:20:39.960+0000] {processor.py:208} INFO - Processing /home/airflow/.local/lib/python3.12/site-packages/airflow/example_dags/example_branch_labels.py took 0.169 seconds
[2024-11-20T14:21:10.373+0000] {processor.py:186} INFO - Started process (PID=707) to work on /home/airflow/.local/lib/python3.12/site-packages/airflow/example_dags/example_branch_labels.py
[2024-11-20T14:21:10.374+0000] {processor.py:914} INFO - Processing file /home/airflow/.local/lib/python3.12/site-packages/airflow/example_dags/example_branch_labels.py for tasks to queue
[2024-11-20T14:21:10.380+0000] {logging_mixin.py:190} INFO - [2024-11-20T14:21:10.379+0000] {dagbag.py:588} INFO - Filling up the DagBag from /home/airflow/.local/lib/python3.12/site-packages/airflow/example_dags/example_branch_labels.py
[2024-11-20T14:21:10.404+0000] {processor.py:925} INFO - DAG(s) 'example_branch_labels' retrieved from /home/airflow/.local/lib/python3.12/site-packages/airflow/example_dags/example_branch_labels.py
[2024-11-20T14:21:10.444+0000] {logging_mixin.py:190} INFO - [2024-11-20T14:21:10.444+0000] {dag.py:3239} INFO - Sync 1 DAGs
[2024-11-20T14:21:10.497+0000] {logging_mixin.py:190} INFO - [2024-11-20T14:21:10.497+0000] {dag.py:4180} INFO - Setting next_dagrun for example_branch_labels to 2024-11-19 00:00:00+00:00, run_after=2024-11-20 00:00:00+00:00
[2024-11-20T14:21:10.528+0000] {processor.py:208} INFO - Processing /home/airflow/.local/lib/python3.12/site-packages/airflow/example_dags/example_branch_labels.py took 0.167 seconds
[2024-11-20T14:21:41.377+0000] {processor.py:186} INFO - Started process (PID=770) to work on /home/airflow/.local/lib/python3.12/site-packages/airflow/example_dags/example_branch_labels.py
[2024-11-20T14:21:41.379+0000] {processor.py:914} INFO - Processing file /home/airflow/.local/lib/python3.12/site-packages/airflow/example_dags/example_branch_labels.py for tasks to queue
[2024-11-20T14:21:41.385+0000] {logging_mixin.py:190} INFO - [2024-11-20T14:21:41.384+0000] {dagbag.py:588} INFO - Filling up the DagBag from /home/airflow/.local/lib/python3.12/site-packages/airflow/example_dags/example_branch_labels.py
[2024-11-20T14:21:41.402+0000] {processor.py:925} INFO - DAG(s) 'example_branch_labels' retrieved from /home/airflow/.local/lib/python3.12/site-packages/airflow/example_dags/example_branch_labels.py
[2024-11-20T14:21:41.434+0000] {logging_mixin.py:190} INFO - [2024-11-20T14:21:41.433+0000] {dag.py:3239} INFO - Sync 1 DAGs
[2024-11-20T14:21:41.484+0000] {logging_mixin.py:190} INFO - [2024-11-20T14:21:41.483+0000] {dag.py:4180} INFO - Setting next_dagrun for example_branch_labels to 2024-11-19 00:00:00+00:00, run_after=2024-11-20 00:00:00+00:00
[2024-11-20T14:21:41.516+0000] {processor.py:208} INFO - Processing /home/airflow/.local/lib/python3.12/site-packages/airflow/example_dags/example_branch_labels.py took 0.151 seconds
[2024-11-20T14:22:12.092+0000] {processor.py:186} INFO - Started process (PID=833) to work on /home/airflow/.local/lib/python3.12/site-packages/airflow/example_dags/example_branch_labels.py
[2024-11-20T14:22:12.094+0000] {processor.py:914} INFO - Processing file /home/airflow/.local/lib/python3.12/site-packages/airflow/example_dags/example_branch_labels.py for tasks to queue
[2024-11-20T14:22:12.099+0000] {logging_mixin.py:190} INFO - [2024-11-20T14:22:12.098+0000] {dagbag.py:588} INFO - Filling up the DagBag from /home/airflow/.local/lib/python3.12/site-packages/airflow/example_dags/example_branch_labels.py
[2024-11-20T14:22:12.117+0000] {processor.py:925} INFO - DAG(s) 'example_branch_labels' retrieved from /home/airflow/.local/lib/python3.12/site-packages/airflow/example_dags/example_branch_labels.py
[2024-11-20T14:22:12.153+0000] {logging_mixin.py:190} INFO - [2024-11-20T14:22:12.153+0000] {dag.py:3239} INFO - Sync 1 DAGs
[2024-11-20T14:22:12.196+0000] {logging_mixin.py:190} INFO - [2024-11-20T14:22:12.195+0000] {dag.py:4180} INFO - Setting next_dagrun for example_branch_labels to 2024-11-19 00:00:00+00:00, run_after=2024-11-20 00:00:00+00:00
[2024-11-20T14:22:12.232+0000] {processor.py:208} INFO - Processing /home/airflow/.local/lib/python3.12/site-packages/airflow/example_dags/example_branch_labels.py took 0.150 seconds
[2024-11-20T14:22:43.519+0000] {processor.py:186} INFO - Started process (PID=896) to work on /home/airflow/.local/lib/python3.12/site-packages/airflow/example_dags/example_branch_labels.py
[2024-11-20T14:22:43.520+0000] {processor.py:914} INFO - Processing file /home/airflow/.local/lib/python3.12/site-packages/airflow/example_dags/example_branch_labels.py for tasks to queue
[2024-11-20T14:22:43.524+0000] {logging_mixin.py:190} INFO - [2024-11-20T14:22:43.523+0000] {dagbag.py:588} INFO - Filling up the DagBag from /home/airflow/.local/lib/python3.12/site-packages/airflow/example_dags/example_branch_labels.py
[2024-11-20T14:22:43.537+0000] {processor.py:925} INFO - DAG(s) 'example_branch_labels' retrieved from /home/airflow/.local/lib/python3.12/site-packages/airflow/example_dags/example_branch_labels.py
[2024-11-20T14:22:43.568+0000] {logging_mixin.py:190} INFO - [2024-11-20T14:22:43.568+0000] {dag.py:3239} INFO - Sync 1 DAGs
[2024-11-20T14:22:43.606+0000] {logging_mixin.py:190} INFO - [2024-11-20T14:22:43.606+0000] {dag.py:4180} INFO - Setting next_dagrun for example_branch_labels to 2024-11-19 00:00:00+00:00, run_after=2024-11-20 00:00:00+00:00
[2024-11-20T14:22:43.642+0000] {processor.py:208} INFO - Processing /home/airflow/.local/lib/python3.12/site-packages/airflow/example_dags/example_branch_labels.py took 0.133 seconds
[2024-11-20T14:23:14.524+0000] {processor.py:186} INFO - Started process (PID=945) to work on /home/airflow/.local/lib/python3.12/site-packages/airflow/example_dags/example_branch_labels.py
[2024-11-20T14:23:14.526+0000] {processor.py:914} INFO - Processing file /home/airflow/.local/lib/python3.12/site-packages/airflow/example_dags/example_branch_labels.py for tasks to queue
[2024-11-20T14:23:14.531+0000] {logging_mixin.py:190} INFO - [2024-11-20T14:23:14.531+0000] {dagbag.py:588} INFO - Filling up the DagBag from /home/airflow/.local/lib/python3.12/site-packages/airflow/example_dags/example_branch_labels.py
[2024-11-20T14:23:14.555+0000] {processor.py:925} INFO - DAG(s) 'example_branch_labels' retrieved from /home/airflow/.local/lib/python3.12/site-packages/airflow/example_dags/example_branch_labels.py
[2024-11-20T14:23:14.601+0000] {logging_mixin.py:190} INFO - [2024-11-20T14:23:14.600+0000] {dag.py:3239} INFO - Sync 1 DAGs
[2024-11-20T14:23:14.659+0000] {logging_mixin.py:190} INFO - [2024-11-20T14:23:14.658+0000] {dag.py:4180} INFO - Setting next_dagrun for example_branch_labels to 2024-11-19 00:00:00+00:00, run_after=2024-11-20 00:00:00+00:00
[2024-11-20T14:23:14.696+0000] {processor.py:208} INFO - Processing /home/airflow/.local/lib/python3.12/site-packages/airflow/example_dags/example_branch_labels.py took 0.185 seconds
[2024-11-20T14:23:45.075+0000] {processor.py:186} INFO - Started process (PID=1007) to work on /home/airflow/.local/lib/python3.12/site-packages/airflow/example_dags/example_branch_labels.py
[2024-11-20T14:23:45.086+0000] {processor.py:914} INFO - Processing file /home/airflow/.local/lib/python3.12/site-packages/airflow/example_dags/example_branch_labels.py for tasks to queue
[2024-11-20T14:23:45.090+0000] {logging_mixin.py:190} INFO - [2024-11-20T14:23:45.090+0000] {dagbag.py:588} INFO - Filling up the DagBag from /home/airflow/.local/lib/python3.12/site-packages/airflow/example_dags/example_branch_labels.py
[2024-11-20T14:23:45.110+0000] {processor.py:925} INFO - DAG(s) 'example_branch_labels' retrieved from /home/airflow/.local/lib/python3.12/site-packages/airflow/example_dags/example_branch_labels.py
[2024-11-20T14:23:45.154+0000] {logging_mixin.py:190} INFO - [2024-11-20T14:23:45.153+0000] {dag.py:3239} INFO - Sync 1 DAGs
[2024-11-20T14:23:45.227+0000] {logging_mixin.py:190} INFO - [2024-11-20T14:23:45.227+0000] {dag.py:4180} INFO - Setting next_dagrun for example_branch_labels to 2024-11-19 00:00:00+00:00, run_after=2024-11-20 00:00:00+00:00
[2024-11-20T14:23:45.288+0000] {processor.py:208} INFO - Processing /home/airflow/.local/lib/python3.12/site-packages/airflow/example_dags/example_branch_labels.py took 0.223 seconds
[2024-11-20T14:24:15.864+0000] {processor.py:186} INFO - Started process (PID=1070) to work on /home/airflow/.local/lib/python3.12/site-packages/airflow/example_dags/example_branch_labels.py
[2024-11-20T14:24:15.865+0000] {processor.py:914} INFO - Processing file /home/airflow/.local/lib/python3.12/site-packages/airflow/example_dags/example_branch_labels.py for tasks to queue
[2024-11-20T14:24:15.870+0000] {logging_mixin.py:190} INFO - [2024-11-20T14:24:15.869+0000] {dagbag.py:588} INFO - Filling up the DagBag from /home/airflow/.local/lib/python3.12/site-packages/airflow/example_dags/example_branch_labels.py
[2024-11-20T14:24:15.897+0000] {processor.py:925} INFO - DAG(s) 'example_branch_labels' retrieved from /home/airflow/.local/lib/python3.12/site-packages/airflow/example_dags/example_branch_labels.py
[2024-11-20T14:24:15.935+0000] {logging_mixin.py:190} INFO - [2024-11-20T14:24:15.935+0000] {dag.py:3239} INFO - Sync 1 DAGs
[2024-11-20T14:24:15.977+0000] {logging_mixin.py:190} INFO - [2024-11-20T14:24:15.976+0000] {dag.py:4180} INFO - Setting next_dagrun for example_branch_labels to 2024-11-19 00:00:00+00:00, run_after=2024-11-20 00:00:00+00:00
[2024-11-20T14:24:16.003+0000] {processor.py:208} INFO - Processing /home/airflow/.local/lib/python3.12/site-packages/airflow/example_dags/example_branch_labels.py took 0.150 seconds
[2024-11-20T14:24:46.927+0000] {processor.py:186} INFO - Started process (PID=1121) to work on /home/airflow/.local/lib/python3.12/site-packages/airflow/example_dags/example_branch_labels.py
[2024-11-20T14:24:46.928+0000] {processor.py:914} INFO - Processing file /home/airflow/.local/lib/python3.12/site-packages/airflow/example_dags/example_branch_labels.py for tasks to queue
[2024-11-20T14:24:46.935+0000] {logging_mixin.py:190} INFO - [2024-11-20T14:24:46.934+0000] {dagbag.py:588} INFO - Filling up the DagBag from /home/airflow/.local/lib/python3.12/site-packages/airflow/example_dags/example_branch_labels.py
[2024-11-20T14:24:46.956+0000] {processor.py:925} INFO - DAG(s) 'example_branch_labels' retrieved from /home/airflow/.local/lib/python3.12/site-packages/airflow/example_dags/example_branch_labels.py
[2024-11-20T14:24:46.998+0000] {logging_mixin.py:190} INFO - [2024-11-20T14:24:46.997+0000] {dag.py:3239} INFO - Sync 1 DAGs
[2024-11-20T14:24:47.056+0000] {logging_mixin.py:190} INFO - [2024-11-20T14:24:47.055+0000] {dag.py:4180} INFO - Setting next_dagrun for example_branch_labels to 2024-11-19 00:00:00+00:00, run_after=2024-11-20 00:00:00+00:00
[2024-11-20T14:24:47.095+0000] {processor.py:208} INFO - Processing /home/airflow/.local/lib/python3.12/site-packages/airflow/example_dags/example_branch_labels.py took 0.182 seconds
[2024-11-20T14:25:18.427+0000] {processor.py:186} INFO - Started process (PID=1180) to work on /home/airflow/.local/lib/python3.12/site-packages/airflow/example_dags/example_branch_labels.py
[2024-11-20T14:25:18.428+0000] {processor.py:914} INFO - Processing file /home/airflow/.local/lib/python3.12/site-packages/airflow/example_dags/example_branch_labels.py for tasks to queue
[2024-11-20T14:25:18.433+0000] {logging_mixin.py:190} INFO - [2024-11-20T14:25:18.432+0000] {dagbag.py:588} INFO - Filling up the DagBag from /home/airflow/.local/lib/python3.12/site-packages/airflow/example_dags/example_branch_labels.py
[2024-11-20T14:25:18.450+0000] {processor.py:925} INFO - DAG(s) 'example_branch_labels' retrieved from /home/airflow/.local/lib/python3.12/site-packages/airflow/example_dags/example_branch_labels.py
[2024-11-20T14:25:18.479+0000] {logging_mixin.py:190} INFO - [2024-11-20T14:25:18.478+0000] {dag.py:3239} INFO - Sync 1 DAGs
[2024-11-20T14:25:18.517+0000] {logging_mixin.py:190} INFO - [2024-11-20T14:25:18.517+0000] {dag.py:4180} INFO - Setting next_dagrun for example_branch_labels to 2024-11-19 00:00:00+00:00, run_after=2024-11-20 00:00:00+00:00
[2024-11-20T14:25:18.543+0000] {processor.py:208} INFO - Processing /home/airflow/.local/lib/python3.12/site-packages/airflow/example_dags/example_branch_labels.py took 0.126 seconds
[2024-11-20T14:25:49.610+0000] {processor.py:186} INFO - Started process (PID=1241) to work on /home/airflow/.local/lib/python3.12/site-packages/airflow/example_dags/example_branch_labels.py
[2024-11-20T14:25:49.611+0000] {processor.py:914} INFO - Processing file /home/airflow/.local/lib/python3.12/site-packages/airflow/example_dags/example_branch_labels.py for tasks to queue
[2024-11-20T14:25:49.615+0000] {logging_mixin.py:190} INFO - [2024-11-20T14:25:49.614+0000] {dagbag.py:588} INFO - Filling up the DagBag from /home/airflow/.local/lib/python3.12/site-packages/airflow/example_dags/example_branch_labels.py
[2024-11-20T14:25:49.631+0000] {processor.py:925} INFO - DAG(s) 'example_branch_labels' retrieved from /home/airflow/.local/lib/python3.12/site-packages/airflow/example_dags/example_branch_labels.py
[2024-11-20T14:25:49.664+0000] {logging_mixin.py:190} INFO - [2024-11-20T14:25:49.663+0000] {dag.py:3239} INFO - Sync 1 DAGs
[2024-11-20T14:25:49.713+0000] {logging_mixin.py:190} INFO - [2024-11-20T14:25:49.713+0000] {dag.py:4180} INFO - Setting next_dagrun for example_branch_labels to 2024-11-19 00:00:00+00:00, run_after=2024-11-20 00:00:00+00:00
[2024-11-20T14:25:49.746+0000] {processor.py:208} INFO - Processing /home/airflow/.local/lib/python3.12/site-packages/airflow/example_dags/example_branch_labels.py took 0.146 seconds
[2024-11-20T14:26:21.302+0000] {processor.py:186} INFO - Started process (PID=1304) to work on /home/airflow/.local/lib/python3.12/site-packages/airflow/example_dags/example_branch_labels.py
[2024-11-20T14:26:21.303+0000] {processor.py:914} INFO - Processing file /home/airflow/.local/lib/python3.12/site-packages/airflow/example_dags/example_branch_labels.py for tasks to queue
[2024-11-20T14:26:21.307+0000] {logging_mixin.py:190} INFO - [2024-11-20T14:26:21.306+0000] {dagbag.py:588} INFO - Filling up the DagBag from /home/airflow/.local/lib/python3.12/site-packages/airflow/example_dags/example_branch_labels.py
[2024-11-20T14:26:21.327+0000] {processor.py:925} INFO - DAG(s) 'example_branch_labels' retrieved from /home/airflow/.local/lib/python3.12/site-packages/airflow/example_dags/example_branch_labels.py
[2024-11-20T14:26:21.389+0000] {logging_mixin.py:190} INFO - [2024-11-20T14:26:21.389+0000] {dag.py:3239} INFO - Sync 1 DAGs
[2024-11-20T14:26:21.446+0000] {logging_mixin.py:190} INFO - [2024-11-20T14:26:21.445+0000] {dag.py:4180} INFO - Setting next_dagrun for example_branch_labels to 2024-11-19 00:00:00+00:00, run_after=2024-11-20 00:00:00+00:00
[2024-11-20T14:26:21.484+0000] {processor.py:208} INFO - Processing /home/airflow/.local/lib/python3.12/site-packages/airflow/example_dags/example_branch_labels.py took 0.192 seconds
[2024-11-20T14:26:51.692+0000] {processor.py:186} INFO - Started process (PID=1366) to work on /home/airflow/.local/lib/python3.12/site-packages/airflow/example_dags/example_branch_labels.py
[2024-11-20T14:26:51.693+0000] {processor.py:914} INFO - Processing file /home/airflow/.local/lib/python3.12/site-packages/airflow/example_dags/example_branch_labels.py for tasks to queue
[2024-11-20T14:26:51.698+0000] {logging_mixin.py:190} INFO - [2024-11-20T14:26:51.698+0000] {dagbag.py:588} INFO - Filling up the DagBag from /home/airflow/.local/lib/python3.12/site-packages/airflow/example_dags/example_branch_labels.py
[2024-11-20T14:26:51.719+0000] {processor.py:925} INFO - DAG(s) 'example_branch_labels' retrieved from /home/airflow/.local/lib/python3.12/site-packages/airflow/example_dags/example_branch_labels.py
[2024-11-20T14:26:51.763+0000] {logging_mixin.py:190} INFO - [2024-11-20T14:26:51.762+0000] {dag.py:3239} INFO - Sync 1 DAGs
[2024-11-20T14:26:51.827+0000] {logging_mixin.py:190} INFO - [2024-11-20T14:26:51.826+0000] {dag.py:4180} INFO - Setting next_dagrun for example_branch_labels to 2024-11-19 00:00:00+00:00, run_after=2024-11-20 00:00:00+00:00
[2024-11-20T14:26:51.871+0000] {processor.py:208} INFO - Processing /home/airflow/.local/lib/python3.12/site-packages/airflow/example_dags/example_branch_labels.py took 0.193 seconds
[2024-11-20T14:28:04.318+0000] {processor.py:186} INFO - Started process (PID=1415) to work on /home/airflow/.local/lib/python3.12/site-packages/airflow/example_dags/example_branch_labels.py
[2024-11-20T14:28:04.321+0000] {processor.py:914} INFO - Processing file /home/airflow/.local/lib/python3.12/site-packages/airflow/example_dags/example_branch_labels.py for tasks to queue
[2024-11-20T14:28:04.327+0000] {logging_mixin.py:190} INFO - [2024-11-20T14:28:04.326+0000] {dagbag.py:588} INFO - Filling up the DagBag from /home/airflow/.local/lib/python3.12/site-packages/airflow/example_dags/example_branch_labels.py
[2024-11-20T14:28:04.360+0000] {processor.py:925} INFO - DAG(s) 'example_branch_labels' retrieved from /home/airflow/.local/lib/python3.12/site-packages/airflow/example_dags/example_branch_labels.py
[2024-11-20T14:28:04.391+0000] {logging_mixin.py:190} INFO - [2024-11-20T14:28:04.391+0000] {dag.py:3239} INFO - Sync 1 DAGs
[2024-11-20T14:28:04.431+0000] {logging_mixin.py:190} INFO - [2024-11-20T14:28:04.431+0000] {dag.py:4180} INFO - Setting next_dagrun for example_branch_labels to 2024-11-19 00:00:00+00:00, run_after=2024-11-20 00:00:00+00:00
[2024-11-20T14:28:04.466+0000] {processor.py:208} INFO - Processing /home/airflow/.local/lib/python3.12/site-packages/airflow/example_dags/example_branch_labels.py took 0.163 seconds
[2024-11-20T14:28:34.520+0000] {processor.py:186} INFO - Started process (PID=1478) to work on /home/airflow/.local/lib/python3.12/site-packages/airflow/example_dags/example_branch_labels.py
[2024-11-20T14:28:34.521+0000] {processor.py:914} INFO - Processing file /home/airflow/.local/lib/python3.12/site-packages/airflow/example_dags/example_branch_labels.py for tasks to queue
[2024-11-20T14:28:34.526+0000] {logging_mixin.py:190} INFO - [2024-11-20T14:28:34.525+0000] {dagbag.py:588} INFO - Filling up the DagBag from /home/airflow/.local/lib/python3.12/site-packages/airflow/example_dags/example_branch_labels.py
[2024-11-20T14:28:34.541+0000] {processor.py:925} INFO - DAG(s) 'example_branch_labels' retrieved from /home/airflow/.local/lib/python3.12/site-packages/airflow/example_dags/example_branch_labels.py
[2024-11-20T14:28:34.570+0000] {logging_mixin.py:190} INFO - [2024-11-20T14:28:34.569+0000] {dag.py:3239} INFO - Sync 1 DAGs
[2024-11-20T14:28:34.612+0000] {logging_mixin.py:190} INFO - [2024-11-20T14:28:34.612+0000] {dag.py:4180} INFO - Setting next_dagrun for example_branch_labels to 2024-11-19 00:00:00+00:00, run_after=2024-11-20 00:00:00+00:00
[2024-11-20T14:28:34.647+0000] {processor.py:208} INFO - Processing /home/airflow/.local/lib/python3.12/site-packages/airflow/example_dags/example_branch_labels.py took 0.138 seconds
[2024-11-20T14:29:04.768+0000] {processor.py:186} INFO - Started process (PID=1541) to work on /home/airflow/.local/lib/python3.12/site-packages/airflow/example_dags/example_branch_labels.py
[2024-11-20T14:29:04.769+0000] {processor.py:914} INFO - Processing file /home/airflow/.local/lib/python3.12/site-packages/airflow/example_dags/example_branch_labels.py for tasks to queue
[2024-11-20T14:29:04.773+0000] {logging_mixin.py:190} INFO - [2024-11-20T14:29:04.772+0000] {dagbag.py:588} INFO - Filling up the DagBag from /home/airflow/.local/lib/python3.12/site-packages/airflow/example_dags/example_branch_labels.py
[2024-11-20T14:29:04.792+0000] {processor.py:925} INFO - DAG(s) 'example_branch_labels' retrieved from /home/airflow/.local/lib/python3.12/site-packages/airflow/example_dags/example_branch_labels.py
[2024-11-20T14:29:04.818+0000] {logging_mixin.py:190} INFO - [2024-11-20T14:29:04.818+0000] {dag.py:3239} INFO - Sync 1 DAGs
[2024-11-20T14:29:04.860+0000] {logging_mixin.py:190} INFO - [2024-11-20T14:29:04.860+0000] {dag.py:4180} INFO - Setting next_dagrun for example_branch_labels to 2024-11-19 00:00:00+00:00, run_after=2024-11-20 00:00:00+00:00
[2024-11-20T14:29:04.904+0000] {processor.py:208} INFO - Processing /home/airflow/.local/lib/python3.12/site-packages/airflow/example_dags/example_branch_labels.py took 0.146 seconds
[2024-11-20T14:29:35.122+0000] {processor.py:186} INFO - Started process (PID=1604) to work on /home/airflow/.local/lib/python3.12/site-packages/airflow/example_dags/example_branch_labels.py
[2024-11-20T14:29:35.124+0000] {processor.py:914} INFO - Processing file /home/airflow/.local/lib/python3.12/site-packages/airflow/example_dags/example_branch_labels.py for tasks to queue
[2024-11-20T14:29:35.128+0000] {logging_mixin.py:190} INFO - [2024-11-20T14:29:35.128+0000] {dagbag.py:588} INFO - Filling up the DagBag from /home/airflow/.local/lib/python3.12/site-packages/airflow/example_dags/example_branch_labels.py
[2024-11-20T14:29:35.148+0000] {processor.py:925} INFO - DAG(s) 'example_branch_labels' retrieved from /home/airflow/.local/lib/python3.12/site-packages/airflow/example_dags/example_branch_labels.py
[2024-11-20T14:29:35.180+0000] {logging_mixin.py:190} INFO - [2024-11-20T14:29:35.180+0000] {dag.py:3239} INFO - Sync 1 DAGs
[2024-11-20T14:29:35.231+0000] {logging_mixin.py:190} INFO - [2024-11-20T14:29:35.230+0000] {dag.py:4180} INFO - Setting next_dagrun for example_branch_labels to 2024-11-19 00:00:00+00:00, run_after=2024-11-20 00:00:00+00:00
[2024-11-20T14:29:35.262+0000] {processor.py:208} INFO - Processing /home/airflow/.local/lib/python3.12/site-packages/airflow/example_dags/example_branch_labels.py took 0.153 seconds
[2024-11-20T14:30:05.632+0000] {processor.py:186} INFO - Started process (PID=1666) to work on /home/airflow/.local/lib/python3.12/site-packages/airflow/example_dags/example_branch_labels.py
[2024-11-20T14:30:05.634+0000] {processor.py:914} INFO - Processing file /home/airflow/.local/lib/python3.12/site-packages/airflow/example_dags/example_branch_labels.py for tasks to queue
[2024-11-20T14:30:05.640+0000] {logging_mixin.py:190} INFO - [2024-11-20T14:30:05.639+0000] {dagbag.py:588} INFO - Filling up the DagBag from /home/airflow/.local/lib/python3.12/site-packages/airflow/example_dags/example_branch_labels.py
[2024-11-20T14:30:05.666+0000] {processor.py:925} INFO - DAG(s) 'example_branch_labels' retrieved from /home/airflow/.local/lib/python3.12/site-packages/airflow/example_dags/example_branch_labels.py
[2024-11-20T14:30:05.729+0000] {logging_mixin.py:190} INFO - [2024-11-20T14:30:05.728+0000] {dag.py:3239} INFO - Sync 1 DAGs
[2024-11-20T14:30:05.853+0000] {logging_mixin.py:190} INFO - [2024-11-20T14:30:05.852+0000] {dag.py:4180} INFO - Setting next_dagrun for example_branch_labels to 2024-11-19 00:00:00+00:00, run_after=2024-11-20 00:00:00+00:00
[2024-11-20T14:30:05.898+0000] {processor.py:208} INFO - Processing /home/airflow/.local/lib/python3.12/site-packages/airflow/example_dags/example_branch_labels.py took 0.281 seconds
[2024-11-20T14:30:36.607+0000] {processor.py:186} INFO - Started process (PID=1729) to work on /home/airflow/.local/lib/python3.12/site-packages/airflow/example_dags/example_branch_labels.py
[2024-11-20T14:30:36.610+0000] {processor.py:914} INFO - Processing file /home/airflow/.local/lib/python3.12/site-packages/airflow/example_dags/example_branch_labels.py for tasks to queue
[2024-11-20T14:30:36.618+0000] {logging_mixin.py:190} INFO - [2024-11-20T14:30:36.617+0000] {dagbag.py:588} INFO - Filling up the DagBag from /home/airflow/.local/lib/python3.12/site-packages/airflow/example_dags/example_branch_labels.py
[2024-11-20T14:30:36.652+0000] {processor.py:925} INFO - DAG(s) 'example_branch_labels' retrieved from /home/airflow/.local/lib/python3.12/site-packages/airflow/example_dags/example_branch_labels.py
[2024-11-20T14:30:36.698+0000] {logging_mixin.py:190} INFO - [2024-11-20T14:30:36.698+0000] {dag.py:3239} INFO - Sync 1 DAGs
[2024-11-20T14:30:36.764+0000] {logging_mixin.py:190} INFO - [2024-11-20T14:30:36.764+0000] {dag.py:4180} INFO - Setting next_dagrun for example_branch_labels to 2024-11-19 00:00:00+00:00, run_after=2024-11-20 00:00:00+00:00
[2024-11-20T14:30:36.810+0000] {processor.py:208} INFO - Processing /home/airflow/.local/lib/python3.12/site-packages/airflow/example_dags/example_branch_labels.py took 0.224 seconds
[2024-11-20T14:31:07.182+0000] {processor.py:186} INFO - Started process (PID=1792) to work on /home/airflow/.local/lib/python3.12/site-packages/airflow/example_dags/example_branch_labels.py
[2024-11-20T14:31:07.183+0000] {processor.py:914} INFO - Processing file /home/airflow/.local/lib/python3.12/site-packages/airflow/example_dags/example_branch_labels.py for tasks to queue
[2024-11-20T14:31:07.192+0000] {logging_mixin.py:190} INFO - [2024-11-20T14:31:07.191+0000] {dagbag.py:588} INFO - Filling up the DagBag from /home/airflow/.local/lib/python3.12/site-packages/airflow/example_dags/example_branch_labels.py
[2024-11-20T14:31:07.219+0000] {processor.py:925} INFO - DAG(s) 'example_branch_labels' retrieved from /home/airflow/.local/lib/python3.12/site-packages/airflow/example_dags/example_branch_labels.py
[2024-11-20T14:31:07.275+0000] {logging_mixin.py:190} INFO - [2024-11-20T14:31:07.274+0000] {dag.py:3239} INFO - Sync 1 DAGs
[2024-11-20T14:31:07.335+0000] {logging_mixin.py:190} INFO - [2024-11-20T14:31:07.335+0000] {dag.py:4180} INFO - Setting next_dagrun for example_branch_labels to 2024-11-19 00:00:00+00:00, run_after=2024-11-20 00:00:00+00:00
[2024-11-20T14:31:07.379+0000] {processor.py:208} INFO - Processing /home/airflow/.local/lib/python3.12/site-packages/airflow/example_dags/example_branch_labels.py took 0.213 seconds
[2024-11-20T14:31:37.476+0000] {processor.py:186} INFO - Started process (PID=1855) to work on /home/airflow/.local/lib/python3.12/site-packages/airflow/example_dags/example_branch_labels.py
[2024-11-20T14:31:37.478+0000] {processor.py:914} INFO - Processing file /home/airflow/.local/lib/python3.12/site-packages/airflow/example_dags/example_branch_labels.py for tasks to queue
[2024-11-20T14:31:37.483+0000] {logging_mixin.py:190} INFO - [2024-11-20T14:31:37.483+0000] {dagbag.py:588} INFO - Filling up the DagBag from /home/airflow/.local/lib/python3.12/site-packages/airflow/example_dags/example_branch_labels.py
[2024-11-20T14:31:37.506+0000] {processor.py:925} INFO - DAG(s) 'example_branch_labels' retrieved from /home/airflow/.local/lib/python3.12/site-packages/airflow/example_dags/example_branch_labels.py
[2024-11-20T14:31:37.553+0000] {logging_mixin.py:190} INFO - [2024-11-20T14:31:37.552+0000] {dag.py:3239} INFO - Sync 1 DAGs
[2024-11-20T14:31:37.620+0000] {logging_mixin.py:190} INFO - [2024-11-20T14:31:37.619+0000] {dag.py:4180} INFO - Setting next_dagrun for example_branch_labels to 2024-11-19 00:00:00+00:00, run_after=2024-11-20 00:00:00+00:00
[2024-11-20T14:31:37.664+0000] {processor.py:208} INFO - Processing /home/airflow/.local/lib/python3.12/site-packages/airflow/example_dags/example_branch_labels.py took 0.206 seconds
[2024-11-20T14:32:08.344+0000] {processor.py:186} INFO - Started process (PID=1918) to work on /home/airflow/.local/lib/python3.12/site-packages/airflow/example_dags/example_branch_labels.py
[2024-11-20T14:32:08.347+0000] {processor.py:914} INFO - Processing file /home/airflow/.local/lib/python3.12/site-packages/airflow/example_dags/example_branch_labels.py for tasks to queue
[2024-11-20T14:32:08.352+0000] {logging_mixin.py:190} INFO - [2024-11-20T14:32:08.351+0000] {dagbag.py:588} INFO - Filling up the DagBag from /home/airflow/.local/lib/python3.12/site-packages/airflow/example_dags/example_branch_labels.py
[2024-11-20T14:32:08.376+0000] {processor.py:925} INFO - DAG(s) 'example_branch_labels' retrieved from /home/airflow/.local/lib/python3.12/site-packages/airflow/example_dags/example_branch_labels.py
[2024-11-20T14:32:08.423+0000] {logging_mixin.py:190} INFO - [2024-11-20T14:32:08.422+0000] {dag.py:3239} INFO - Sync 1 DAGs
[2024-11-20T14:32:08.483+0000] {logging_mixin.py:190} INFO - [2024-11-20T14:32:08.482+0000] {dag.py:4180} INFO - Setting next_dagrun for example_branch_labels to 2024-11-19 00:00:00+00:00, run_after=2024-11-20 00:00:00+00:00
[2024-11-20T14:32:08.516+0000] {processor.py:208} INFO - Processing /home/airflow/.local/lib/python3.12/site-packages/airflow/example_dags/example_branch_labels.py took 0.187 seconds
[2024-11-20T14:32:38.668+0000] {processor.py:186} INFO - Started process (PID=1981) to work on /home/airflow/.local/lib/python3.12/site-packages/airflow/example_dags/example_branch_labels.py
[2024-11-20T14:32:38.669+0000] {processor.py:914} INFO - Processing file /home/airflow/.local/lib/python3.12/site-packages/airflow/example_dags/example_branch_labels.py for tasks to queue
[2024-11-20T14:32:38.673+0000] {logging_mixin.py:190} INFO - [2024-11-20T14:32:38.673+0000] {dagbag.py:588} INFO - Filling up the DagBag from /home/airflow/.local/lib/python3.12/site-packages/airflow/example_dags/example_branch_labels.py
[2024-11-20T14:32:38.688+0000] {processor.py:925} INFO - DAG(s) 'example_branch_labels' retrieved from /home/airflow/.local/lib/python3.12/site-packages/airflow/example_dags/example_branch_labels.py
[2024-11-20T14:32:38.721+0000] {logging_mixin.py:190} INFO - [2024-11-20T14:32:38.721+0000] {dag.py:3239} INFO - Sync 1 DAGs
[2024-11-20T14:32:38.764+0000] {logging_mixin.py:190} INFO - [2024-11-20T14:32:38.764+0000] {dag.py:4180} INFO - Setting next_dagrun for example_branch_labels to 2024-11-19 00:00:00+00:00, run_after=2024-11-20 00:00:00+00:00
[2024-11-20T14:32:38.789+0000] {processor.py:208} INFO - Processing /home/airflow/.local/lib/python3.12/site-packages/airflow/example_dags/example_branch_labels.py took 0.134 seconds
[2024-11-20T14:33:08.882+0000] {processor.py:186} INFO - Started process (PID=2044) to work on /home/airflow/.local/lib/python3.12/site-packages/airflow/example_dags/example_branch_labels.py
[2024-11-20T14:33:08.884+0000] {processor.py:914} INFO - Processing file /home/airflow/.local/lib/python3.12/site-packages/airflow/example_dags/example_branch_labels.py for tasks to queue
[2024-11-20T14:33:08.890+0000] {logging_mixin.py:190} INFO - [2024-11-20T14:33:08.889+0000] {dagbag.py:588} INFO - Filling up the DagBag from /home/airflow/.local/lib/python3.12/site-packages/airflow/example_dags/example_branch_labels.py
[2024-11-20T14:33:08.910+0000] {processor.py:925} INFO - DAG(s) 'example_branch_labels' retrieved from /home/airflow/.local/lib/python3.12/site-packages/airflow/example_dags/example_branch_labels.py
[2024-11-20T14:33:08.952+0000] {logging_mixin.py:190} INFO - [2024-11-20T14:33:08.951+0000] {dag.py:3239} INFO - Sync 1 DAGs
[2024-11-20T14:33:09.009+0000] {logging_mixin.py:190} INFO - [2024-11-20T14:33:09.009+0000] {dag.py:4180} INFO - Setting next_dagrun for example_branch_labels to 2024-11-19 00:00:00+00:00, run_after=2024-11-20 00:00:00+00:00
[2024-11-20T14:33:09.043+0000] {processor.py:208} INFO - Processing /home/airflow/.local/lib/python3.12/site-packages/airflow/example_dags/example_branch_labels.py took 0.174 seconds
[2024-11-20T14:33:39.763+0000] {processor.py:186} INFO - Started process (PID=2107) to work on /home/airflow/.local/lib/python3.12/site-packages/airflow/example_dags/example_branch_labels.py
[2024-11-20T14:33:39.765+0000] {processor.py:914} INFO - Processing file /home/airflow/.local/lib/python3.12/site-packages/airflow/example_dags/example_branch_labels.py for tasks to queue
[2024-11-20T14:33:39.769+0000] {logging_mixin.py:190} INFO - [2024-11-20T14:33:39.769+0000] {dagbag.py:588} INFO - Filling up the DagBag from /home/airflow/.local/lib/python3.12/site-packages/airflow/example_dags/example_branch_labels.py
[2024-11-20T14:33:39.788+0000] {processor.py:925} INFO - DAG(s) 'example_branch_labels' retrieved from /home/airflow/.local/lib/python3.12/site-packages/airflow/example_dags/example_branch_labels.py
[2024-11-20T14:33:39.819+0000] {logging_mixin.py:190} INFO - [2024-11-20T14:33:39.819+0000] {dag.py:3239} INFO - Sync 1 DAGs
[2024-11-20T14:33:39.860+0000] {logging_mixin.py:190} INFO - [2024-11-20T14:33:39.859+0000] {dag.py:4180} INFO - Setting next_dagrun for example_branch_labels to 2024-11-19 00:00:00+00:00, run_after=2024-11-20 00:00:00+00:00
[2024-11-20T14:33:39.892+0000] {processor.py:208} INFO - Processing /home/airflow/.local/lib/python3.12/site-packages/airflow/example_dags/example_branch_labels.py took 0.142 seconds
[2024-11-20T14:34:09.977+0000] {processor.py:186} INFO - Started process (PID=2170) to work on /home/airflow/.local/lib/python3.12/site-packages/airflow/example_dags/example_branch_labels.py
[2024-11-20T14:34:09.979+0000] {processor.py:914} INFO - Processing file /home/airflow/.local/lib/python3.12/site-packages/airflow/example_dags/example_branch_labels.py for tasks to queue
[2024-11-20T14:34:09.984+0000] {logging_mixin.py:190} INFO - [2024-11-20T14:34:09.983+0000] {dagbag.py:588} INFO - Filling up the DagBag from /home/airflow/.local/lib/python3.12/site-packages/airflow/example_dags/example_branch_labels.py
[2024-11-20T14:34:09.999+0000] {processor.py:925} INFO - DAG(s) 'example_branch_labels' retrieved from /home/airflow/.local/lib/python3.12/site-packages/airflow/example_dags/example_branch_labels.py
[2024-11-20T14:34:10.032+0000] {logging_mixin.py:190} INFO - [2024-11-20T14:34:10.032+0000] {dag.py:3239} INFO - Sync 1 DAGs
[2024-11-20T14:34:10.079+0000] {logging_mixin.py:190} INFO - [2024-11-20T14:34:10.079+0000] {dag.py:4180} INFO - Setting next_dagrun for example_branch_labels to 2024-11-19 00:00:00+00:00, run_after=2024-11-20 00:00:00+00:00
[2024-11-20T14:34:10.131+0000] {processor.py:208} INFO - Processing /home/airflow/.local/lib/python3.12/site-packages/airflow/example_dags/example_branch_labels.py took 0.164 seconds
[2024-11-20T14:34:40.681+0000] {processor.py:186} INFO - Started process (PID=2233) to work on /home/airflow/.local/lib/python3.12/site-packages/airflow/example_dags/example_branch_labels.py
[2024-11-20T14:34:40.682+0000] {processor.py:914} INFO - Processing file /home/airflow/.local/lib/python3.12/site-packages/airflow/example_dags/example_branch_labels.py for tasks to queue
[2024-11-20T14:34:40.686+0000] {logging_mixin.py:190} INFO - [2024-11-20T14:34:40.686+0000] {dagbag.py:588} INFO - Filling up the DagBag from /home/airflow/.local/lib/python3.12/site-packages/airflow/example_dags/example_branch_labels.py
[2024-11-20T14:34:40.700+0000] {processor.py:925} INFO - DAG(s) 'example_branch_labels' retrieved from /home/airflow/.local/lib/python3.12/site-packages/airflow/example_dags/example_branch_labels.py
[2024-11-20T14:34:40.734+0000] {logging_mixin.py:190} INFO - [2024-11-20T14:34:40.734+0000] {dag.py:3239} INFO - Sync 1 DAGs
[2024-11-20T14:34:40.779+0000] {logging_mixin.py:190} INFO - [2024-11-20T14:34:40.778+0000] {dag.py:4180} INFO - Setting next_dagrun for example_branch_labels to 2024-11-19 00:00:00+00:00, run_after=2024-11-20 00:00:00+00:00
[2024-11-20T14:34:40.832+0000] {processor.py:208} INFO - Processing /home/airflow/.local/lib/python3.12/site-packages/airflow/example_dags/example_branch_labels.py took 0.159 seconds
[2024-11-20T14:35:11.469+0000] {processor.py:186} INFO - Started process (PID=2296) to work on /home/airflow/.local/lib/python3.12/site-packages/airflow/example_dags/example_branch_labels.py
[2024-11-20T14:35:11.470+0000] {processor.py:914} INFO - Processing file /home/airflow/.local/lib/python3.12/site-packages/airflow/example_dags/example_branch_labels.py for tasks to queue
[2024-11-20T14:35:11.474+0000] {logging_mixin.py:190} INFO - [2024-11-20T14:35:11.474+0000] {dagbag.py:588} INFO - Filling up the DagBag from /home/airflow/.local/lib/python3.12/site-packages/airflow/example_dags/example_branch_labels.py
[2024-11-20T14:35:11.489+0000] {processor.py:925} INFO - DAG(s) 'example_branch_labels' retrieved from /home/airflow/.local/lib/python3.12/site-packages/airflow/example_dags/example_branch_labels.py
[2024-11-20T14:35:11.520+0000] {logging_mixin.py:190} INFO - [2024-11-20T14:35:11.519+0000] {dag.py:3239} INFO - Sync 1 DAGs
[2024-11-20T14:35:11.557+0000] {logging_mixin.py:190} INFO - [2024-11-20T14:35:11.556+0000] {dag.py:4180} INFO - Setting next_dagrun for example_branch_labels to 2024-11-19 00:00:00+00:00, run_after=2024-11-20 00:00:00+00:00
[2024-11-20T14:35:11.581+0000] {processor.py:208} INFO - Processing /home/airflow/.local/lib/python3.12/site-packages/airflow/example_dags/example_branch_labels.py took 0.121 seconds
[2024-11-20T14:35:42.280+0000] {processor.py:186} INFO - Started process (PID=2359) to work on /home/airflow/.local/lib/python3.12/site-packages/airflow/example_dags/example_branch_labels.py
[2024-11-20T14:35:42.282+0000] {processor.py:914} INFO - Processing file /home/airflow/.local/lib/python3.12/site-packages/airflow/example_dags/example_branch_labels.py for tasks to queue
[2024-11-20T14:35:42.286+0000] {logging_mixin.py:190} INFO - [2024-11-20T14:35:42.285+0000] {dagbag.py:588} INFO - Filling up the DagBag from /home/airflow/.local/lib/python3.12/site-packages/airflow/example_dags/example_branch_labels.py
[2024-11-20T14:35:42.302+0000] {processor.py:925} INFO - DAG(s) 'example_branch_labels' retrieved from /home/airflow/.local/lib/python3.12/site-packages/airflow/example_dags/example_branch_labels.py
[2024-11-20T14:35:42.333+0000] {logging_mixin.py:190} INFO - [2024-11-20T14:35:42.332+0000] {dag.py:3239} INFO - Sync 1 DAGs
[2024-11-20T14:35:42.373+0000] {logging_mixin.py:190} INFO - [2024-11-20T14:35:42.372+0000] {dag.py:4180} INFO - Setting next_dagrun for example_branch_labels to 2024-11-19 00:00:00+00:00, run_after=2024-11-20 00:00:00+00:00
[2024-11-20T14:35:42.401+0000] {processor.py:208} INFO - Processing /home/airflow/.local/lib/python3.12/site-packages/airflow/example_dags/example_branch_labels.py took 0.130 seconds
[2024-11-20T14:36:12.619+0000] {processor.py:186} INFO - Started process (PID=2421) to work on /home/airflow/.local/lib/python3.12/site-packages/airflow/example_dags/example_branch_labels.py
[2024-11-20T14:36:12.620+0000] {processor.py:914} INFO - Processing file /home/airflow/.local/lib/python3.12/site-packages/airflow/example_dags/example_branch_labels.py for tasks to queue
[2024-11-20T14:36:12.626+0000] {logging_mixin.py:190} INFO - [2024-11-20T14:36:12.625+0000] {dagbag.py:588} INFO - Filling up the DagBag from /home/airflow/.local/lib/python3.12/site-packages/airflow/example_dags/example_branch_labels.py
[2024-11-20T14:36:12.646+0000] {processor.py:925} INFO - DAG(s) 'example_branch_labels' retrieved from /home/airflow/.local/lib/python3.12/site-packages/airflow/example_dags/example_branch_labels.py
[2024-11-20T14:36:12.689+0000] {logging_mixin.py:190} INFO - [2024-11-20T14:36:12.688+0000] {dag.py:3239} INFO - Sync 1 DAGs
[2024-11-20T14:36:12.757+0000] {logging_mixin.py:190} INFO - [2024-11-20T14:36:12.756+0000] {dag.py:4180} INFO - Setting next_dagrun for example_branch_labels to 2024-11-19 00:00:00+00:00, run_after=2024-11-20 00:00:00+00:00
[2024-11-20T14:36:12.794+0000] {processor.py:208} INFO - Processing /home/airflow/.local/lib/python3.12/site-packages/airflow/example_dags/example_branch_labels.py took 0.187 seconds
[2024-11-20T14:36:43.770+0000] {processor.py:186} INFO - Started process (PID=2490) to work on /home/airflow/.local/lib/python3.12/site-packages/airflow/example_dags/example_branch_labels.py
[2024-11-20T14:36:43.775+0000] {processor.py:914} INFO - Processing file /home/airflow/.local/lib/python3.12/site-packages/airflow/example_dags/example_branch_labels.py for tasks to queue
[2024-11-20T14:36:43.798+0000] {logging_mixin.py:190} INFO - [2024-11-20T14:36:43.796+0000] {dagbag.py:588} INFO - Filling up the DagBag from /home/airflow/.local/lib/python3.12/site-packages/airflow/example_dags/example_branch_labels.py
[2024-11-20T14:36:43.838+0000] {processor.py:925} INFO - DAG(s) 'example_branch_labels' retrieved from /home/airflow/.local/lib/python3.12/site-packages/airflow/example_dags/example_branch_labels.py
[2024-11-20T14:36:43.927+0000] {logging_mixin.py:190} INFO - [2024-11-20T14:36:43.922+0000] {dag.py:3239} INFO - Sync 1 DAGs
[2024-11-20T14:36:44.065+0000] {logging_mixin.py:190} INFO - [2024-11-20T14:36:44.064+0000] {dag.py:4180} INFO - Setting next_dagrun for example_branch_labels to 2024-11-19 00:00:00+00:00, run_after=2024-11-20 00:00:00+00:00
[2024-11-20T14:36:44.140+0000] {processor.py:208} INFO - Processing /home/airflow/.local/lib/python3.12/site-packages/airflow/example_dags/example_branch_labels.py took 0.406 seconds
[2024-11-20T14:37:14.488+0000] {processor.py:186} INFO - Started process (PID=2551) to work on /home/airflow/.local/lib/python3.12/site-packages/airflow/example_dags/example_branch_labels.py
[2024-11-20T14:37:14.492+0000] {processor.py:914} INFO - Processing file /home/airflow/.local/lib/python3.12/site-packages/airflow/example_dags/example_branch_labels.py for tasks to queue
[2024-11-20T14:37:14.497+0000] {logging_mixin.py:190} INFO - [2024-11-20T14:37:14.497+0000] {dagbag.py:588} INFO - Filling up the DagBag from /home/airflow/.local/lib/python3.12/site-packages/airflow/example_dags/example_branch_labels.py
[2024-11-20T14:37:14.519+0000] {processor.py:925} INFO - DAG(s) 'example_branch_labels' retrieved from /home/airflow/.local/lib/python3.12/site-packages/airflow/example_dags/example_branch_labels.py
[2024-11-20T14:37:14.565+0000] {logging_mixin.py:190} INFO - [2024-11-20T14:37:14.564+0000] {dag.py:3239} INFO - Sync 1 DAGs
[2024-11-20T14:37:14.617+0000] {logging_mixin.py:190} INFO - [2024-11-20T14:37:14.616+0000] {dag.py:4180} INFO - Setting next_dagrun for example_branch_labels to 2024-11-19 00:00:00+00:00, run_after=2024-11-20 00:00:00+00:00
[2024-11-20T14:37:14.651+0000] {processor.py:208} INFO - Processing /home/airflow/.local/lib/python3.12/site-packages/airflow/example_dags/example_branch_labels.py took 0.178 seconds
[2024-11-20T14:37:45.398+0000] {processor.py:186} INFO - Started process (PID=2612) to work on /home/airflow/.local/lib/python3.12/site-packages/airflow/example_dags/example_branch_labels.py
[2024-11-20T14:37:45.399+0000] {processor.py:914} INFO - Processing file /home/airflow/.local/lib/python3.12/site-packages/airflow/example_dags/example_branch_labels.py for tasks to queue
[2024-11-20T14:37:45.403+0000] {logging_mixin.py:190} INFO - [2024-11-20T14:37:45.402+0000] {dagbag.py:588} INFO - Filling up the DagBag from /home/airflow/.local/lib/python3.12/site-packages/airflow/example_dags/example_branch_labels.py
[2024-11-20T14:37:45.419+0000] {processor.py:925} INFO - DAG(s) 'example_branch_labels' retrieved from /home/airflow/.local/lib/python3.12/site-packages/airflow/example_dags/example_branch_labels.py
[2024-11-20T14:37:45.454+0000] {logging_mixin.py:190} INFO - [2024-11-20T14:37:45.453+0000] {dag.py:3239} INFO - Sync 1 DAGs
[2024-11-20T14:37:45.498+0000] {logging_mixin.py:190} INFO - [2024-11-20T14:37:45.498+0000] {dag.py:4180} INFO - Setting next_dagrun for example_branch_labels to 2024-11-19 00:00:00+00:00, run_after=2024-11-20 00:00:00+00:00
[2024-11-20T14:37:45.537+0000] {processor.py:208} INFO - Processing /home/airflow/.local/lib/python3.12/site-packages/airflow/example_dags/example_branch_labels.py took 0.149 seconds
