[2024-11-20T14:16:28.123+0000] {processor.py:186} INFO - Started process (PID=129) to work on /home/airflow/.local/lib/python3.12/site-packages/airflow/example_dags/tutorial_taskflow_api.py
[2024-11-20T14:16:28.127+0000] {processor.py:914} INFO - Processing file /home/airflow/.local/lib/python3.12/site-packages/airflow/example_dags/tutorial_taskflow_api.py for tasks to queue
[2024-11-20T14:16:28.136+0000] {logging_mixin.py:190} INFO - [2024-11-20T14:16:28.136+0000] {dagbag.py:588} INFO - Filling up the DagBag from /home/airflow/.local/lib/python3.12/site-packages/airflow/example_dags/tutorial_taskflow_api.py
[2024-11-20T14:16:28.167+0000] {processor.py:925} INFO - DAG(s) 'tutorial_taskflow_api' retrieved from /home/airflow/.local/lib/python3.12/site-packages/airflow/example_dags/tutorial_taskflow_api.py
[2024-11-20T14:16:28.417+0000] {logging_mixin.py:190} INFO - [2024-11-20T14:16:28.412+0000] {override.py:1911} INFO - Created Permission View: can delete on DAG:tutorial_taskflow_api
[2024-11-20T14:16:28.480+0000] {logging_mixin.py:190} INFO - [2024-11-20T14:16:28.479+0000] {override.py:1911} INFO - Created Permission View: can read on DAG:tutorial_taskflow_api
[2024-11-20T14:16:28.555+0000] {logging_mixin.py:190} INFO - [2024-11-20T14:16:28.554+0000] {override.py:1911} INFO - Created Permission View: can edit on DAG:tutorial_taskflow_api
[2024-11-20T14:16:28.614+0000] {logging_mixin.py:190} INFO - [2024-11-20T14:16:28.613+0000] {override.py:1911} INFO - Created Permission View: can delete on DAG Run:tutorial_taskflow_api
[2024-11-20T14:16:28.697+0000] {logging_mixin.py:190} INFO - [2024-11-20T14:16:28.697+0000] {override.py:1911} INFO - Created Permission View: menu access on DAG Run:tutorial_taskflow_api
[2024-11-20T14:16:28.780+0000] {logging_mixin.py:190} INFO - [2024-11-20T14:16:28.779+0000] {override.py:1911} INFO - Created Permission View: can read on DAG Run:tutorial_taskflow_api
[2024-11-20T14:16:28.868+0000] {logging_mixin.py:190} INFO - [2024-11-20T14:16:28.868+0000] {override.py:1911} INFO - Created Permission View: can create on DAG Run:tutorial_taskflow_api
[2024-11-20T14:16:28.869+0000] {logging_mixin.py:190} INFO - [2024-11-20T14:16:28.869+0000] {dag.py:3239} INFO - Sync 1 DAGs
[2024-11-20T14:16:28.896+0000] {logging_mixin.py:190} INFO - [2024-11-20T14:16:28.896+0000] {dag.py:3262} INFO - Creating ORM DAG for tutorial_taskflow_api
[2024-11-20T14:16:28.898+0000] {logging_mixin.py:190} INFO - [2024-11-20T14:16:28.897+0000] {dag.py:4180} INFO - Setting next_dagrun for tutorial_taskflow_api to None, run_after=None
[2024-11-20T14:16:28.982+0000] {processor.py:208} INFO - Processing /home/airflow/.local/lib/python3.12/site-packages/airflow/example_dags/tutorial_taskflow_api.py took 0.872 seconds
[2024-11-20T14:16:59.620+0000] {processor.py:186} INFO - Started process (PID=192) to work on /home/airflow/.local/lib/python3.12/site-packages/airflow/example_dags/tutorial_taskflow_api.py
[2024-11-20T14:16:59.622+0000] {processor.py:914} INFO - Processing file /home/airflow/.local/lib/python3.12/site-packages/airflow/example_dags/tutorial_taskflow_api.py for tasks to queue
[2024-11-20T14:16:59.627+0000] {logging_mixin.py:190} INFO - [2024-11-20T14:16:59.626+0000] {dagbag.py:588} INFO - Filling up the DagBag from /home/airflow/.local/lib/python3.12/site-packages/airflow/example_dags/tutorial_taskflow_api.py
[2024-11-20T14:16:59.645+0000] {processor.py:925} INFO - DAG(s) 'tutorial_taskflow_api' retrieved from /home/airflow/.local/lib/python3.12/site-packages/airflow/example_dags/tutorial_taskflow_api.py
[2024-11-20T14:16:59.684+0000] {logging_mixin.py:190} INFO - [2024-11-20T14:16:59.683+0000] {dag.py:3239} INFO - Sync 1 DAGs
[2024-11-20T14:16:59.709+0000] {logging_mixin.py:190} INFO - [2024-11-20T14:16:59.709+0000] {dag.py:4180} INFO - Setting next_dagrun for tutorial_taskflow_api to None, run_after=None
[2024-11-20T14:16:59.736+0000] {processor.py:208} INFO - Processing /home/airflow/.local/lib/python3.12/site-packages/airflow/example_dags/tutorial_taskflow_api.py took 0.130 seconds
[2024-11-20T14:17:30.066+0000] {processor.py:186} INFO - Started process (PID=255) to work on /home/airflow/.local/lib/python3.12/site-packages/airflow/example_dags/tutorial_taskflow_api.py
[2024-11-20T14:17:30.068+0000] {processor.py:914} INFO - Processing file /home/airflow/.local/lib/python3.12/site-packages/airflow/example_dags/tutorial_taskflow_api.py for tasks to queue
[2024-11-20T14:17:30.072+0000] {logging_mixin.py:190} INFO - [2024-11-20T14:17:30.071+0000] {dagbag.py:588} INFO - Filling up the DagBag from /home/airflow/.local/lib/python3.12/site-packages/airflow/example_dags/tutorial_taskflow_api.py
[2024-11-20T14:17:30.086+0000] {processor.py:925} INFO - DAG(s) 'tutorial_taskflow_api' retrieved from /home/airflow/.local/lib/python3.12/site-packages/airflow/example_dags/tutorial_taskflow_api.py
[2024-11-20T14:17:30.119+0000] {logging_mixin.py:190} INFO - [2024-11-20T14:17:30.118+0000] {dag.py:3239} INFO - Sync 1 DAGs
[2024-11-20T14:17:30.149+0000] {logging_mixin.py:190} INFO - [2024-11-20T14:17:30.148+0000] {dag.py:4180} INFO - Setting next_dagrun for tutorial_taskflow_api to None, run_after=None
[2024-11-20T14:17:30.182+0000] {processor.py:208} INFO - Processing /home/airflow/.local/lib/python3.12/site-packages/airflow/example_dags/tutorial_taskflow_api.py took 0.129 seconds
[2024-11-20T14:18:00.714+0000] {processor.py:186} INFO - Started process (PID=318) to work on /home/airflow/.local/lib/python3.12/site-packages/airflow/example_dags/tutorial_taskflow_api.py
[2024-11-20T14:18:00.717+0000] {processor.py:914} INFO - Processing file /home/airflow/.local/lib/python3.12/site-packages/airflow/example_dags/tutorial_taskflow_api.py for tasks to queue
[2024-11-20T14:18:00.722+0000] {logging_mixin.py:190} INFO - [2024-11-20T14:18:00.721+0000] {dagbag.py:588} INFO - Filling up the DagBag from /home/airflow/.local/lib/python3.12/site-packages/airflow/example_dags/tutorial_taskflow_api.py
[2024-11-20T14:18:00.741+0000] {processor.py:925} INFO - DAG(s) 'tutorial_taskflow_api' retrieved from /home/airflow/.local/lib/python3.12/site-packages/airflow/example_dags/tutorial_taskflow_api.py
[2024-11-20T14:18:00.803+0000] {logging_mixin.py:190} INFO - [2024-11-20T14:18:00.802+0000] {dag.py:3239} INFO - Sync 1 DAGs
[2024-11-20T14:18:00.843+0000] {logging_mixin.py:190} INFO - [2024-11-20T14:18:00.843+0000] {dag.py:4180} INFO - Setting next_dagrun for tutorial_taskflow_api to None, run_after=None
[2024-11-20T14:18:00.875+0000] {processor.py:208} INFO - Processing /home/airflow/.local/lib/python3.12/site-packages/airflow/example_dags/tutorial_taskflow_api.py took 0.175 seconds
[2024-11-20T14:18:30.945+0000] {processor.py:186} INFO - Started process (PID=381) to work on /home/airflow/.local/lib/python3.12/site-packages/airflow/example_dags/tutorial_taskflow_api.py
[2024-11-20T14:18:30.946+0000] {processor.py:914} INFO - Processing file /home/airflow/.local/lib/python3.12/site-packages/airflow/example_dags/tutorial_taskflow_api.py for tasks to queue
[2024-11-20T14:18:30.950+0000] {logging_mixin.py:190} INFO - [2024-11-20T14:18:30.950+0000] {dagbag.py:588} INFO - Filling up the DagBag from /home/airflow/.local/lib/python3.12/site-packages/airflow/example_dags/tutorial_taskflow_api.py
[2024-11-20T14:18:30.963+0000] {processor.py:925} INFO - DAG(s) 'tutorial_taskflow_api' retrieved from /home/airflow/.local/lib/python3.12/site-packages/airflow/example_dags/tutorial_taskflow_api.py
[2024-11-20T14:18:30.991+0000] {logging_mixin.py:190} INFO - [2024-11-20T14:18:30.991+0000] {dag.py:3239} INFO - Sync 1 DAGs
[2024-11-20T14:18:31.018+0000] {logging_mixin.py:190} INFO - [2024-11-20T14:18:31.017+0000] {dag.py:4180} INFO - Setting next_dagrun for tutorial_taskflow_api to None, run_after=None
[2024-11-20T14:18:31.050+0000] {processor.py:208} INFO - Processing /home/airflow/.local/lib/python3.12/site-packages/airflow/example_dags/tutorial_taskflow_api.py took 0.118 seconds
[2024-11-20T14:19:01.123+0000] {processor.py:186} INFO - Started process (PID=444) to work on /home/airflow/.local/lib/python3.12/site-packages/airflow/example_dags/tutorial_taskflow_api.py
[2024-11-20T14:19:01.124+0000] {processor.py:914} INFO - Processing file /home/airflow/.local/lib/python3.12/site-packages/airflow/example_dags/tutorial_taskflow_api.py for tasks to queue
[2024-11-20T14:19:01.128+0000] {logging_mixin.py:190} INFO - [2024-11-20T14:19:01.127+0000] {dagbag.py:588} INFO - Filling up the DagBag from /home/airflow/.local/lib/python3.12/site-packages/airflow/example_dags/tutorial_taskflow_api.py
[2024-11-20T14:19:01.141+0000] {processor.py:925} INFO - DAG(s) 'tutorial_taskflow_api' retrieved from /home/airflow/.local/lib/python3.12/site-packages/airflow/example_dags/tutorial_taskflow_api.py
[2024-11-20T14:19:01.171+0000] {logging_mixin.py:190} INFO - [2024-11-20T14:19:01.170+0000] {dag.py:3239} INFO - Sync 1 DAGs
[2024-11-20T14:19:01.193+0000] {logging_mixin.py:190} INFO - [2024-11-20T14:19:01.193+0000] {dag.py:4180} INFO - Setting next_dagrun for tutorial_taskflow_api to None, run_after=None
[2024-11-20T14:19:01.227+0000] {processor.py:208} INFO - Processing /home/airflow/.local/lib/python3.12/site-packages/airflow/example_dags/tutorial_taskflow_api.py took 0.114 seconds
[2024-11-20T14:19:32.373+0000] {processor.py:186} INFO - Started process (PID=506) to work on /home/airflow/.local/lib/python3.12/site-packages/airflow/example_dags/tutorial_taskflow_api.py
[2024-11-20T14:19:32.375+0000] {processor.py:914} INFO - Processing file /home/airflow/.local/lib/python3.12/site-packages/airflow/example_dags/tutorial_taskflow_api.py for tasks to queue
[2024-11-20T14:19:32.396+0000] {logging_mixin.py:190} INFO - [2024-11-20T14:19:32.396+0000] {dagbag.py:588} INFO - Filling up the DagBag from /home/airflow/.local/lib/python3.12/site-packages/airflow/example_dags/tutorial_taskflow_api.py
[2024-11-20T14:19:32.424+0000] {processor.py:925} INFO - DAG(s) 'tutorial_taskflow_api' retrieved from /home/airflow/.local/lib/python3.12/site-packages/airflow/example_dags/tutorial_taskflow_api.py
[2024-11-20T14:19:32.484+0000] {logging_mixin.py:190} INFO - [2024-11-20T14:19:32.483+0000] {dag.py:3239} INFO - Sync 1 DAGs
[2024-11-20T14:19:32.529+0000] {logging_mixin.py:190} INFO - [2024-11-20T14:19:32.529+0000] {dag.py:4180} INFO - Setting next_dagrun for tutorial_taskflow_api to None, run_after=None
[2024-11-20T14:19:32.578+0000] {processor.py:208} INFO - Processing /home/airflow/.local/lib/python3.12/site-packages/airflow/example_dags/tutorial_taskflow_api.py took 0.221 seconds
[2024-11-20T14:20:04.324+0000] {processor.py:186} INFO - Started process (PID=569) to work on /home/airflow/.local/lib/python3.12/site-packages/airflow/example_dags/tutorial_taskflow_api.py
[2024-11-20T14:20:04.328+0000] {processor.py:914} INFO - Processing file /home/airflow/.local/lib/python3.12/site-packages/airflow/example_dags/tutorial_taskflow_api.py for tasks to queue
[2024-11-20T14:20:04.338+0000] {logging_mixin.py:190} INFO - [2024-11-20T14:20:04.336+0000] {dagbag.py:588} INFO - Filling up the DagBag from /home/airflow/.local/lib/python3.12/site-packages/airflow/example_dags/tutorial_taskflow_api.py
[2024-11-20T14:20:04.371+0000] {processor.py:925} INFO - DAG(s) 'tutorial_taskflow_api' retrieved from /home/airflow/.local/lib/python3.12/site-packages/airflow/example_dags/tutorial_taskflow_api.py
[2024-11-20T14:20:04.442+0000] {logging_mixin.py:190} INFO - [2024-11-20T14:20:04.441+0000] {dag.py:3239} INFO - Sync 1 DAGs
[2024-11-20T14:20:04.487+0000] {logging_mixin.py:190} INFO - [2024-11-20T14:20:04.486+0000] {dag.py:4180} INFO - Setting next_dagrun for tutorial_taskflow_api to None, run_after=None
[2024-11-20T14:20:04.577+0000] {processor.py:208} INFO - Processing /home/airflow/.local/lib/python3.12/site-packages/airflow/example_dags/tutorial_taskflow_api.py took 0.281 seconds
[2024-11-20T14:20:35.604+0000] {processor.py:186} INFO - Started process (PID=632) to work on /home/airflow/.local/lib/python3.12/site-packages/airflow/example_dags/tutorial_taskflow_api.py
[2024-11-20T14:20:35.607+0000] {processor.py:914} INFO - Processing file /home/airflow/.local/lib/python3.12/site-packages/airflow/example_dags/tutorial_taskflow_api.py for tasks to queue
[2024-11-20T14:20:35.620+0000] {logging_mixin.py:190} INFO - [2024-11-20T14:20:35.616+0000] {dagbag.py:588} INFO - Filling up the DagBag from /home/airflow/.local/lib/python3.12/site-packages/airflow/example_dags/tutorial_taskflow_api.py
[2024-11-20T14:20:35.640+0000] {processor.py:925} INFO - DAG(s) 'tutorial_taskflow_api' retrieved from /home/airflow/.local/lib/python3.12/site-packages/airflow/example_dags/tutorial_taskflow_api.py
[2024-11-20T14:20:35.683+0000] {logging_mixin.py:190} INFO - [2024-11-20T14:20:35.683+0000] {dag.py:3239} INFO - Sync 1 DAGs
[2024-11-20T14:20:35.719+0000] {logging_mixin.py:190} INFO - [2024-11-20T14:20:35.719+0000] {dag.py:4180} INFO - Setting next_dagrun for tutorial_taskflow_api to None, run_after=None
[2024-11-20T14:20:35.783+0000] {processor.py:208} INFO - Processing /home/airflow/.local/lib/python3.12/site-packages/airflow/example_dags/tutorial_taskflow_api.py took 0.195 seconds
[2024-11-20T14:21:06.444+0000] {processor.py:186} INFO - Started process (PID=695) to work on /home/airflow/.local/lib/python3.12/site-packages/airflow/example_dags/tutorial_taskflow_api.py
[2024-11-20T14:21:06.446+0000] {processor.py:914} INFO - Processing file /home/airflow/.local/lib/python3.12/site-packages/airflow/example_dags/tutorial_taskflow_api.py for tasks to queue
[2024-11-20T14:21:06.451+0000] {logging_mixin.py:190} INFO - [2024-11-20T14:21:06.450+0000] {dagbag.py:588} INFO - Filling up the DagBag from /home/airflow/.local/lib/python3.12/site-packages/airflow/example_dags/tutorial_taskflow_api.py
[2024-11-20T14:21:06.472+0000] {processor.py:925} INFO - DAG(s) 'tutorial_taskflow_api' retrieved from /home/airflow/.local/lib/python3.12/site-packages/airflow/example_dags/tutorial_taskflow_api.py
[2024-11-20T14:21:06.503+0000] {logging_mixin.py:190} INFO - [2024-11-20T14:21:06.503+0000] {dag.py:3239} INFO - Sync 1 DAGs
[2024-11-20T14:21:06.531+0000] {logging_mixin.py:190} INFO - [2024-11-20T14:21:06.530+0000] {dag.py:4180} INFO - Setting next_dagrun for tutorial_taskflow_api to None, run_after=None
[2024-11-20T14:21:06.566+0000] {processor.py:208} INFO - Processing /home/airflow/.local/lib/python3.12/site-packages/airflow/example_dags/tutorial_taskflow_api.py took 0.133 seconds
[2024-11-20T14:21:37.052+0000] {processor.py:186} INFO - Started process (PID=758) to work on /home/airflow/.local/lib/python3.12/site-packages/airflow/example_dags/tutorial_taskflow_api.py
[2024-11-20T14:21:37.053+0000] {processor.py:914} INFO - Processing file /home/airflow/.local/lib/python3.12/site-packages/airflow/example_dags/tutorial_taskflow_api.py for tasks to queue
[2024-11-20T14:21:37.058+0000] {logging_mixin.py:190} INFO - [2024-11-20T14:21:37.058+0000] {dagbag.py:588} INFO - Filling up the DagBag from /home/airflow/.local/lib/python3.12/site-packages/airflow/example_dags/tutorial_taskflow_api.py
[2024-11-20T14:21:37.074+0000] {processor.py:925} INFO - DAG(s) 'tutorial_taskflow_api' retrieved from /home/airflow/.local/lib/python3.12/site-packages/airflow/example_dags/tutorial_taskflow_api.py
[2024-11-20T14:21:37.107+0000] {logging_mixin.py:190} INFO - [2024-11-20T14:21:37.107+0000] {dag.py:3239} INFO - Sync 1 DAGs
[2024-11-20T14:21:37.138+0000] {logging_mixin.py:190} INFO - [2024-11-20T14:21:37.137+0000] {dag.py:4180} INFO - Setting next_dagrun for tutorial_taskflow_api to None, run_after=None
[2024-11-20T14:21:37.177+0000] {processor.py:208} INFO - Processing /home/airflow/.local/lib/python3.12/site-packages/airflow/example_dags/tutorial_taskflow_api.py took 0.139 seconds
[2024-11-20T14:22:09.163+0000] {processor.py:186} INFO - Started process (PID=821) to work on /home/airflow/.local/lib/python3.12/site-packages/airflow/example_dags/tutorial_taskflow_api.py
[2024-11-20T14:22:09.164+0000] {processor.py:914} INFO - Processing file /home/airflow/.local/lib/python3.12/site-packages/airflow/example_dags/tutorial_taskflow_api.py for tasks to queue
[2024-11-20T14:22:09.167+0000] {logging_mixin.py:190} INFO - [2024-11-20T14:22:09.167+0000] {dagbag.py:588} INFO - Filling up the DagBag from /home/airflow/.local/lib/python3.12/site-packages/airflow/example_dags/tutorial_taskflow_api.py
[2024-11-20T14:22:09.180+0000] {processor.py:925} INFO - DAG(s) 'tutorial_taskflow_api' retrieved from /home/airflow/.local/lib/python3.12/site-packages/airflow/example_dags/tutorial_taskflow_api.py
[2024-11-20T14:22:09.206+0000] {logging_mixin.py:190} INFO - [2024-11-20T14:22:09.206+0000] {dag.py:3239} INFO - Sync 1 DAGs
[2024-11-20T14:22:09.229+0000] {logging_mixin.py:190} INFO - [2024-11-20T14:22:09.229+0000] {dag.py:4180} INFO - Setting next_dagrun for tutorial_taskflow_api to None, run_after=None
[2024-11-20T14:22:09.256+0000] {processor.py:208} INFO - Processing /home/airflow/.local/lib/python3.12/site-packages/airflow/example_dags/tutorial_taskflow_api.py took 0.105 seconds
[2024-11-20T14:22:42.707+0000] {processor.py:186} INFO - Started process (PID=888) to work on /home/airflow/.local/lib/python3.12/site-packages/airflow/example_dags/tutorial_taskflow_api.py
[2024-11-20T14:22:42.709+0000] {processor.py:914} INFO - Processing file /home/airflow/.local/lib/python3.12/site-packages/airflow/example_dags/tutorial_taskflow_api.py for tasks to queue
[2024-11-20T14:22:42.712+0000] {logging_mixin.py:190} INFO - [2024-11-20T14:22:42.712+0000] {dagbag.py:588} INFO - Filling up the DagBag from /home/airflow/.local/lib/python3.12/site-packages/airflow/example_dags/tutorial_taskflow_api.py
[2024-11-20T14:22:42.724+0000] {processor.py:925} INFO - DAG(s) 'tutorial_taskflow_api' retrieved from /home/airflow/.local/lib/python3.12/site-packages/airflow/example_dags/tutorial_taskflow_api.py
[2024-11-20T14:22:42.752+0000] {logging_mixin.py:190} INFO - [2024-11-20T14:22:42.752+0000] {dag.py:3239} INFO - Sync 1 DAGs
[2024-11-20T14:22:42.774+0000] {logging_mixin.py:190} INFO - [2024-11-20T14:22:42.773+0000] {dag.py:4180} INFO - Setting next_dagrun for tutorial_taskflow_api to None, run_after=None
[2024-11-20T14:22:42.802+0000] {processor.py:208} INFO - Processing /home/airflow/.local/lib/python3.12/site-packages/airflow/example_dags/tutorial_taskflow_api.py took 0.103 seconds
[2024-11-20T14:23:16.298+0000] {processor.py:186} INFO - Started process (PID=958) to work on /home/airflow/.local/lib/python3.12/site-packages/airflow/example_dags/tutorial_taskflow_api.py
[2024-11-20T14:23:16.301+0000] {processor.py:914} INFO - Processing file /home/airflow/.local/lib/python3.12/site-packages/airflow/example_dags/tutorial_taskflow_api.py for tasks to queue
[2024-11-20T14:23:16.313+0000] {logging_mixin.py:190} INFO - [2024-11-20T14:23:16.312+0000] {dagbag.py:588} INFO - Filling up the DagBag from /home/airflow/.local/lib/python3.12/site-packages/airflow/example_dags/tutorial_taskflow_api.py
[2024-11-20T14:23:16.343+0000] {processor.py:925} INFO - DAG(s) 'tutorial_taskflow_api' retrieved from /home/airflow/.local/lib/python3.12/site-packages/airflow/example_dags/tutorial_taskflow_api.py
[2024-11-20T14:23:16.404+0000] {logging_mixin.py:190} INFO - [2024-11-20T14:23:16.403+0000] {dag.py:3239} INFO - Sync 1 DAGs
[2024-11-20T14:23:16.453+0000] {logging_mixin.py:190} INFO - [2024-11-20T14:23:16.453+0000] {dag.py:4180} INFO - Setting next_dagrun for tutorial_taskflow_api to None, run_after=None
[2024-11-20T14:23:16.517+0000] {processor.py:208} INFO - Processing /home/airflow/.local/lib/python3.12/site-packages/airflow/example_dags/tutorial_taskflow_api.py took 0.265 seconds
[2024-11-20T14:23:47.359+0000] {processor.py:186} INFO - Started process (PID=1021) to work on /home/airflow/.local/lib/python3.12/site-packages/airflow/example_dags/tutorial_taskflow_api.py
[2024-11-20T14:23:47.364+0000] {processor.py:914} INFO - Processing file /home/airflow/.local/lib/python3.12/site-packages/airflow/example_dags/tutorial_taskflow_api.py for tasks to queue
[2024-11-20T14:23:47.370+0000] {logging_mixin.py:190} INFO - [2024-11-20T14:23:47.369+0000] {dagbag.py:588} INFO - Filling up the DagBag from /home/airflow/.local/lib/python3.12/site-packages/airflow/example_dags/tutorial_taskflow_api.py
[2024-11-20T14:23:47.398+0000] {processor.py:925} INFO - DAG(s) 'tutorial_taskflow_api' retrieved from /home/airflow/.local/lib/python3.12/site-packages/airflow/example_dags/tutorial_taskflow_api.py
[2024-11-20T14:23:47.472+0000] {logging_mixin.py:190} INFO - [2024-11-20T14:23:47.472+0000] {dag.py:3239} INFO - Sync 1 DAGs
[2024-11-20T14:23:47.520+0000] {logging_mixin.py:190} INFO - [2024-11-20T14:23:47.519+0000] {dag.py:4180} INFO - Setting next_dagrun for tutorial_taskflow_api to None, run_after=None
[2024-11-20T14:23:47.560+0000] {processor.py:208} INFO - Processing /home/airflow/.local/lib/python3.12/site-packages/airflow/example_dags/tutorial_taskflow_api.py took 0.223 seconds
[2024-11-20T14:24:18.357+0000] {processor.py:186} INFO - Started process (PID=1083) to work on /home/airflow/.local/lib/python3.12/site-packages/airflow/example_dags/tutorial_taskflow_api.py
[2024-11-20T14:24:18.358+0000] {processor.py:914} INFO - Processing file /home/airflow/.local/lib/python3.12/site-packages/airflow/example_dags/tutorial_taskflow_api.py for tasks to queue
[2024-11-20T14:24:18.362+0000] {logging_mixin.py:190} INFO - [2024-11-20T14:24:18.361+0000] {dagbag.py:588} INFO - Filling up the DagBag from /home/airflow/.local/lib/python3.12/site-packages/airflow/example_dags/tutorial_taskflow_api.py
[2024-11-20T14:24:18.374+0000] {processor.py:925} INFO - DAG(s) 'tutorial_taskflow_api' retrieved from /home/airflow/.local/lib/python3.12/site-packages/airflow/example_dags/tutorial_taskflow_api.py
[2024-11-20T14:24:18.402+0000] {logging_mixin.py:190} INFO - [2024-11-20T14:24:18.401+0000] {dag.py:3239} INFO - Sync 1 DAGs
[2024-11-20T14:24:18.425+0000] {logging_mixin.py:190} INFO - [2024-11-20T14:24:18.424+0000] {dag.py:4180} INFO - Setting next_dagrun for tutorial_taskflow_api to None, run_after=None
[2024-11-20T14:24:18.452+0000] {processor.py:208} INFO - Processing /home/airflow/.local/lib/python3.12/site-packages/airflow/example_dags/tutorial_taskflow_api.py took 0.104 seconds
[2024-11-20T14:24:49.258+0000] {processor.py:186} INFO - Started process (PID=1145) to work on /home/airflow/.local/lib/python3.12/site-packages/airflow/example_dags/tutorial_taskflow_api.py
[2024-11-20T14:24:49.268+0000] {processor.py:914} INFO - Processing file /home/airflow/.local/lib/python3.12/site-packages/airflow/example_dags/tutorial_taskflow_api.py for tasks to queue
[2024-11-20T14:24:49.272+0000] {logging_mixin.py:190} INFO - [2024-11-20T14:24:49.272+0000] {dagbag.py:588} INFO - Filling up the DagBag from /home/airflow/.local/lib/python3.12/site-packages/airflow/example_dags/tutorial_taskflow_api.py
[2024-11-20T14:24:49.285+0000] {processor.py:925} INFO - DAG(s) 'tutorial_taskflow_api' retrieved from /home/airflow/.local/lib/python3.12/site-packages/airflow/example_dags/tutorial_taskflow_api.py
[2024-11-20T14:24:49.312+0000] {logging_mixin.py:190} INFO - [2024-11-20T14:24:49.311+0000] {dag.py:3239} INFO - Sync 1 DAGs
[2024-11-20T14:24:49.336+0000] {logging_mixin.py:190} INFO - [2024-11-20T14:24:49.335+0000] {dag.py:4180} INFO - Setting next_dagrun for tutorial_taskflow_api to None, run_after=None
[2024-11-20T14:24:49.367+0000] {processor.py:208} INFO - Processing /home/airflow/.local/lib/python3.12/site-packages/airflow/example_dags/tutorial_taskflow_api.py took 0.119 seconds
[2024-11-20T14:25:20.965+0000] {processor.py:186} INFO - Started process (PID=1208) to work on /home/airflow/.local/lib/python3.12/site-packages/airflow/example_dags/tutorial_taskflow_api.py
[2024-11-20T14:25:20.967+0000] {processor.py:914} INFO - Processing file /home/airflow/.local/lib/python3.12/site-packages/airflow/example_dags/tutorial_taskflow_api.py for tasks to queue
[2024-11-20T14:25:20.971+0000] {logging_mixin.py:190} INFO - [2024-11-20T14:25:20.970+0000] {dagbag.py:588} INFO - Filling up the DagBag from /home/airflow/.local/lib/python3.12/site-packages/airflow/example_dags/tutorial_taskflow_api.py
[2024-11-20T14:25:20.985+0000] {processor.py:925} INFO - DAG(s) 'tutorial_taskflow_api' retrieved from /home/airflow/.local/lib/python3.12/site-packages/airflow/example_dags/tutorial_taskflow_api.py
[2024-11-20T14:25:21.021+0000] {logging_mixin.py:190} INFO - [2024-11-20T14:25:21.020+0000] {dag.py:3239} INFO - Sync 1 DAGs
[2024-11-20T14:25:21.044+0000] {logging_mixin.py:190} INFO - [2024-11-20T14:25:21.044+0000] {dag.py:4180} INFO - Setting next_dagrun for tutorial_taskflow_api to None, run_after=None
[2024-11-20T14:25:21.070+0000] {processor.py:208} INFO - Processing /home/airflow/.local/lib/python3.12/site-packages/airflow/example_dags/tutorial_taskflow_api.py took 0.116 seconds
[2024-11-20T14:25:53.562+0000] {processor.py:186} INFO - Started process (PID=1276) to work on /home/airflow/.local/lib/python3.12/site-packages/airflow/example_dags/tutorial_taskflow_api.py
[2024-11-20T14:25:53.564+0000] {processor.py:914} INFO - Processing file /home/airflow/.local/lib/python3.12/site-packages/airflow/example_dags/tutorial_taskflow_api.py for tasks to queue
[2024-11-20T14:25:53.568+0000] {logging_mixin.py:190} INFO - [2024-11-20T14:25:53.568+0000] {dagbag.py:588} INFO - Filling up the DagBag from /home/airflow/.local/lib/python3.12/site-packages/airflow/example_dags/tutorial_taskflow_api.py
[2024-11-20T14:25:53.581+0000] {processor.py:925} INFO - DAG(s) 'tutorial_taskflow_api' retrieved from /home/airflow/.local/lib/python3.12/site-packages/airflow/example_dags/tutorial_taskflow_api.py
[2024-11-20T14:25:53.622+0000] {logging_mixin.py:190} INFO - [2024-11-20T14:25:53.621+0000] {dag.py:3239} INFO - Sync 1 DAGs
[2024-11-20T14:25:53.654+0000] {logging_mixin.py:190} INFO - [2024-11-20T14:25:53.653+0000] {dag.py:4180} INFO - Setting next_dagrun for tutorial_taskflow_api to None, run_after=None
[2024-11-20T14:25:53.701+0000] {processor.py:208} INFO - Processing /home/airflow/.local/lib/python3.12/site-packages/airflow/example_dags/tutorial_taskflow_api.py took 0.150 seconds
[2024-11-20T14:26:25.384+0000] {processor.py:186} INFO - Started process (PID=1339) to work on /home/airflow/.local/lib/python3.12/site-packages/airflow/example_dags/tutorial_taskflow_api.py
[2024-11-20T14:26:25.386+0000] {processor.py:914} INFO - Processing file /home/airflow/.local/lib/python3.12/site-packages/airflow/example_dags/tutorial_taskflow_api.py for tasks to queue
[2024-11-20T14:26:25.390+0000] {logging_mixin.py:190} INFO - [2024-11-20T14:26:25.390+0000] {dagbag.py:588} INFO - Filling up the DagBag from /home/airflow/.local/lib/python3.12/site-packages/airflow/example_dags/tutorial_taskflow_api.py
[2024-11-20T14:26:25.403+0000] {processor.py:925} INFO - DAG(s) 'tutorial_taskflow_api' retrieved from /home/airflow/.local/lib/python3.12/site-packages/airflow/example_dags/tutorial_taskflow_api.py
[2024-11-20T14:26:25.435+0000] {logging_mixin.py:190} INFO - [2024-11-20T14:26:25.435+0000] {dag.py:3239} INFO - Sync 1 DAGs
[2024-11-20T14:26:25.466+0000] {logging_mixin.py:190} INFO - [2024-11-20T14:26:25.466+0000] {dag.py:4180} INFO - Setting next_dagrun for tutorial_taskflow_api to None, run_after=None
[2024-11-20T14:26:25.505+0000] {processor.py:208} INFO - Processing /home/airflow/.local/lib/python3.12/site-packages/airflow/example_dags/tutorial_taskflow_api.py took 0.134 seconds
[2024-11-20T14:26:56.964+0000] {processor.py:186} INFO - Started process (PID=1402) to work on /home/airflow/.local/lib/python3.12/site-packages/airflow/example_dags/tutorial_taskflow_api.py
[2024-11-20T14:26:56.966+0000] {processor.py:914} INFO - Processing file /home/airflow/.local/lib/python3.12/site-packages/airflow/example_dags/tutorial_taskflow_api.py for tasks to queue
[2024-11-20T14:26:56.969+0000] {logging_mixin.py:190} INFO - [2024-11-20T14:26:56.969+0000] {dagbag.py:588} INFO - Filling up the DagBag from /home/airflow/.local/lib/python3.12/site-packages/airflow/example_dags/tutorial_taskflow_api.py
[2024-11-20T14:26:56.982+0000] {processor.py:925} INFO - DAG(s) 'tutorial_taskflow_api' retrieved from /home/airflow/.local/lib/python3.12/site-packages/airflow/example_dags/tutorial_taskflow_api.py
[2024-11-20T14:26:57.011+0000] {logging_mixin.py:190} INFO - [2024-11-20T14:26:57.011+0000] {dag.py:3239} INFO - Sync 1 DAGs
[2024-11-20T14:26:57.033+0000] {logging_mixin.py:190} INFO - [2024-11-20T14:26:57.033+0000] {dag.py:4180} INFO - Setting next_dagrun for tutorial_taskflow_api to None, run_after=None
[2024-11-20T14:26:57.061+0000] {processor.py:208} INFO - Processing /home/airflow/.local/lib/python3.12/site-packages/airflow/example_dags/tutorial_taskflow_api.py took 0.107 seconds
[2024-11-20T14:28:15.329+0000] {processor.py:186} INFO - Started process (PID=1466) to work on /home/airflow/.local/lib/python3.12/site-packages/airflow/example_dags/tutorial_taskflow_api.py
[2024-11-20T14:28:15.332+0000] {processor.py:914} INFO - Processing file /home/airflow/.local/lib/python3.12/site-packages/airflow/example_dags/tutorial_taskflow_api.py for tasks to queue
[2024-11-20T14:28:15.335+0000] {logging_mixin.py:190} INFO - [2024-11-20T14:28:15.335+0000] {dagbag.py:588} INFO - Filling up the DagBag from /home/airflow/.local/lib/python3.12/site-packages/airflow/example_dags/tutorial_taskflow_api.py
[2024-11-20T14:28:15.349+0000] {processor.py:925} INFO - DAG(s) 'tutorial_taskflow_api' retrieved from /home/airflow/.local/lib/python3.12/site-packages/airflow/example_dags/tutorial_taskflow_api.py
[2024-11-20T14:28:15.396+0000] {logging_mixin.py:190} INFO - [2024-11-20T14:28:15.396+0000] {dag.py:3239} INFO - Sync 1 DAGs
[2024-11-20T14:28:15.430+0000] {logging_mixin.py:190} INFO - [2024-11-20T14:28:15.430+0000] {dag.py:4180} INFO - Setting next_dagrun for tutorial_taskflow_api to None, run_after=None
[2024-11-20T14:28:15.470+0000] {processor.py:208} INFO - Processing /home/airflow/.local/lib/python3.12/site-packages/airflow/example_dags/tutorial_taskflow_api.py took 0.155 seconds
[2024-11-20T14:28:45.599+0000] {processor.py:186} INFO - Started process (PID=1529) to work on /home/airflow/.local/lib/python3.12/site-packages/airflow/example_dags/tutorial_taskflow_api.py
[2024-11-20T14:28:45.600+0000] {processor.py:914} INFO - Processing file /home/airflow/.local/lib/python3.12/site-packages/airflow/example_dags/tutorial_taskflow_api.py for tasks to queue
[2024-11-20T14:28:45.604+0000] {logging_mixin.py:190} INFO - [2024-11-20T14:28:45.603+0000] {dagbag.py:588} INFO - Filling up the DagBag from /home/airflow/.local/lib/python3.12/site-packages/airflow/example_dags/tutorial_taskflow_api.py
[2024-11-20T14:28:45.618+0000] {processor.py:925} INFO - DAG(s) 'tutorial_taskflow_api' retrieved from /home/airflow/.local/lib/python3.12/site-packages/airflow/example_dags/tutorial_taskflow_api.py
[2024-11-20T14:28:45.650+0000] {logging_mixin.py:190} INFO - [2024-11-20T14:28:45.650+0000] {dag.py:3239} INFO - Sync 1 DAGs
[2024-11-20T14:28:45.675+0000] {logging_mixin.py:190} INFO - [2024-11-20T14:28:45.675+0000] {dag.py:4180} INFO - Setting next_dagrun for tutorial_taskflow_api to None, run_after=None
[2024-11-20T14:28:45.708+0000] {processor.py:208} INFO - Processing /home/airflow/.local/lib/python3.12/site-packages/airflow/example_dags/tutorial_taskflow_api.py took 0.118 seconds
[2024-11-20T14:29:16.032+0000] {processor.py:186} INFO - Started process (PID=1592) to work on /home/airflow/.local/lib/python3.12/site-packages/airflow/example_dags/tutorial_taskflow_api.py
[2024-11-20T14:29:16.034+0000] {processor.py:914} INFO - Processing file /home/airflow/.local/lib/python3.12/site-packages/airflow/example_dags/tutorial_taskflow_api.py for tasks to queue
[2024-11-20T14:29:16.037+0000] {logging_mixin.py:190} INFO - [2024-11-20T14:29:16.037+0000] {dagbag.py:588} INFO - Filling up the DagBag from /home/airflow/.local/lib/python3.12/site-packages/airflow/example_dags/tutorial_taskflow_api.py
[2024-11-20T14:29:16.049+0000] {processor.py:925} INFO - DAG(s) 'tutorial_taskflow_api' retrieved from /home/airflow/.local/lib/python3.12/site-packages/airflow/example_dags/tutorial_taskflow_api.py
[2024-11-20T14:29:16.079+0000] {logging_mixin.py:190} INFO - [2024-11-20T14:29:16.079+0000] {dag.py:3239} INFO - Sync 1 DAGs
[2024-11-20T14:29:16.106+0000] {logging_mixin.py:190} INFO - [2024-11-20T14:29:16.106+0000] {dag.py:4180} INFO - Setting next_dagrun for tutorial_taskflow_api to None, run_after=None
[2024-11-20T14:29:16.153+0000] {processor.py:208} INFO - Processing /home/airflow/.local/lib/python3.12/site-packages/airflow/example_dags/tutorial_taskflow_api.py took 0.130 seconds
[2024-11-20T14:29:47.199+0000] {processor.py:186} INFO - Started process (PID=1654) to work on /home/airflow/.local/lib/python3.12/site-packages/airflow/example_dags/tutorial_taskflow_api.py
[2024-11-20T14:29:47.200+0000] {processor.py:914} INFO - Processing file /home/airflow/.local/lib/python3.12/site-packages/airflow/example_dags/tutorial_taskflow_api.py for tasks to queue
[2024-11-20T14:29:47.206+0000] {logging_mixin.py:190} INFO - [2024-11-20T14:29:47.205+0000] {dagbag.py:588} INFO - Filling up the DagBag from /home/airflow/.local/lib/python3.12/site-packages/airflow/example_dags/tutorial_taskflow_api.py
[2024-11-20T14:29:47.225+0000] {processor.py:925} INFO - DAG(s) 'tutorial_taskflow_api' retrieved from /home/airflow/.local/lib/python3.12/site-packages/airflow/example_dags/tutorial_taskflow_api.py
[2024-11-20T14:29:47.261+0000] {logging_mixin.py:190} INFO - [2024-11-20T14:29:47.261+0000] {dag.py:3239} INFO - Sync 1 DAGs
[2024-11-20T14:29:47.286+0000] {logging_mixin.py:190} INFO - [2024-11-20T14:29:47.286+0000] {dag.py:4180} INFO - Setting next_dagrun for tutorial_taskflow_api to None, run_after=None
[2024-11-20T14:29:47.317+0000] {processor.py:208} INFO - Processing /home/airflow/.local/lib/python3.12/site-packages/airflow/example_dags/tutorial_taskflow_api.py took 0.129 seconds
[2024-11-20T14:30:22.001+0000] {processor.py:186} INFO - Started process (PID=1717) to work on /home/airflow/.local/lib/python3.12/site-packages/airflow/example_dags/tutorial_taskflow_api.py
[2024-11-20T14:30:22.007+0000] {processor.py:914} INFO - Processing file /home/airflow/.local/lib/python3.12/site-packages/airflow/example_dags/tutorial_taskflow_api.py for tasks to queue
[2024-11-20T14:30:22.014+0000] {logging_mixin.py:190} INFO - [2024-11-20T14:30:22.014+0000] {dagbag.py:588} INFO - Filling up the DagBag from /home/airflow/.local/lib/python3.12/site-packages/airflow/example_dags/tutorial_taskflow_api.py
[2024-11-20T14:30:22.042+0000] {processor.py:925} INFO - DAG(s) 'tutorial_taskflow_api' retrieved from /home/airflow/.local/lib/python3.12/site-packages/airflow/example_dags/tutorial_taskflow_api.py
[2024-11-20T14:30:22.094+0000] {logging_mixin.py:190} INFO - [2024-11-20T14:30:22.093+0000] {dag.py:3239} INFO - Sync 1 DAGs
[2024-11-20T14:30:22.132+0000] {logging_mixin.py:190} INFO - [2024-11-20T14:30:22.132+0000] {dag.py:4180} INFO - Setting next_dagrun for tutorial_taskflow_api to None, run_after=None
[2024-11-20T14:30:22.181+0000] {processor.py:208} INFO - Processing /home/airflow/.local/lib/python3.12/site-packages/airflow/example_dags/tutorial_taskflow_api.py took 0.197 seconds
[2024-11-20T14:30:56.469+0000] {processor.py:186} INFO - Started process (PID=1780) to work on /home/airflow/.local/lib/python3.12/site-packages/airflow/example_dags/tutorial_taskflow_api.py
[2024-11-20T14:30:56.472+0000] {processor.py:914} INFO - Processing file /home/airflow/.local/lib/python3.12/site-packages/airflow/example_dags/tutorial_taskflow_api.py for tasks to queue
[2024-11-20T14:30:56.477+0000] {logging_mixin.py:190} INFO - [2024-11-20T14:30:56.476+0000] {dagbag.py:588} INFO - Filling up the DagBag from /home/airflow/.local/lib/python3.12/site-packages/airflow/example_dags/tutorial_taskflow_api.py
[2024-11-20T14:30:56.494+0000] {processor.py:925} INFO - DAG(s) 'tutorial_taskflow_api' retrieved from /home/airflow/.local/lib/python3.12/site-packages/airflow/example_dags/tutorial_taskflow_api.py
[2024-11-20T14:30:56.534+0000] {logging_mixin.py:190} INFO - [2024-11-20T14:30:56.533+0000] {dag.py:3239} INFO - Sync 1 DAGs
[2024-11-20T14:30:56.565+0000] {logging_mixin.py:190} INFO - [2024-11-20T14:30:56.565+0000] {dag.py:4180} INFO - Setting next_dagrun for tutorial_taskflow_api to None, run_after=None
[2024-11-20T14:30:56.607+0000] {processor.py:208} INFO - Processing /home/airflow/.local/lib/python3.12/site-packages/airflow/example_dags/tutorial_taskflow_api.py took 0.153 seconds
[2024-11-20T14:31:28.952+0000] {processor.py:186} INFO - Started process (PID=1843) to work on /home/airflow/.local/lib/python3.12/site-packages/airflow/example_dags/tutorial_taskflow_api.py
[2024-11-20T14:31:28.953+0000] {processor.py:914} INFO - Processing file /home/airflow/.local/lib/python3.12/site-packages/airflow/example_dags/tutorial_taskflow_api.py for tasks to queue
[2024-11-20T14:31:28.959+0000] {logging_mixin.py:190} INFO - [2024-11-20T14:31:28.958+0000] {dagbag.py:588} INFO - Filling up the DagBag from /home/airflow/.local/lib/python3.12/site-packages/airflow/example_dags/tutorial_taskflow_api.py
[2024-11-20T14:31:28.977+0000] {processor.py:925} INFO - DAG(s) 'tutorial_taskflow_api' retrieved from /home/airflow/.local/lib/python3.12/site-packages/airflow/example_dags/tutorial_taskflow_api.py
[2024-11-20T14:31:29.021+0000] {logging_mixin.py:190} INFO - [2024-11-20T14:31:29.020+0000] {dag.py:3239} INFO - Sync 1 DAGs
[2024-11-20T14:31:29.060+0000] {logging_mixin.py:190} INFO - [2024-11-20T14:31:29.059+0000] {dag.py:4180} INFO - Setting next_dagrun for tutorial_taskflow_api to None, run_after=None
[2024-11-20T14:31:29.098+0000] {processor.py:208} INFO - Processing /home/airflow/.local/lib/python3.12/site-packages/airflow/example_dags/tutorial_taskflow_api.py took 0.160 seconds
[2024-11-20T14:32:03.136+0000] {processor.py:186} INFO - Started process (PID=1906) to work on /home/airflow/.local/lib/python3.12/site-packages/airflow/example_dags/tutorial_taskflow_api.py
[2024-11-20T14:32:03.139+0000] {processor.py:914} INFO - Processing file /home/airflow/.local/lib/python3.12/site-packages/airflow/example_dags/tutorial_taskflow_api.py for tasks to queue
[2024-11-20T14:32:03.158+0000] {logging_mixin.py:190} INFO - [2024-11-20T14:32:03.157+0000] {dagbag.py:588} INFO - Filling up the DagBag from /home/airflow/.local/lib/python3.12/site-packages/airflow/example_dags/tutorial_taskflow_api.py
[2024-11-20T14:32:03.179+0000] {processor.py:925} INFO - DAG(s) 'tutorial_taskflow_api' retrieved from /home/airflow/.local/lib/python3.12/site-packages/airflow/example_dags/tutorial_taskflow_api.py
[2024-11-20T14:32:03.229+0000] {logging_mixin.py:190} INFO - [2024-11-20T14:32:03.228+0000] {dag.py:3239} INFO - Sync 1 DAGs
[2024-11-20T14:32:03.275+0000] {logging_mixin.py:190} INFO - [2024-11-20T14:32:03.274+0000] {dag.py:4180} INFO - Setting next_dagrun for tutorial_taskflow_api to None, run_after=None
[2024-11-20T14:32:03.318+0000] {processor.py:208} INFO - Processing /home/airflow/.local/lib/python3.12/site-packages/airflow/example_dags/tutorial_taskflow_api.py took 0.196 seconds
[2024-11-20T14:32:33.443+0000] {processor.py:186} INFO - Started process (PID=1969) to work on /home/airflow/.local/lib/python3.12/site-packages/airflow/example_dags/tutorial_taskflow_api.py
[2024-11-20T14:32:33.444+0000] {processor.py:914} INFO - Processing file /home/airflow/.local/lib/python3.12/site-packages/airflow/example_dags/tutorial_taskflow_api.py for tasks to queue
[2024-11-20T14:32:33.450+0000] {logging_mixin.py:190} INFO - [2024-11-20T14:32:33.449+0000] {dagbag.py:588} INFO - Filling up the DagBag from /home/airflow/.local/lib/python3.12/site-packages/airflow/example_dags/tutorial_taskflow_api.py
[2024-11-20T14:32:33.467+0000] {processor.py:925} INFO - DAG(s) 'tutorial_taskflow_api' retrieved from /home/airflow/.local/lib/python3.12/site-packages/airflow/example_dags/tutorial_taskflow_api.py
[2024-11-20T14:32:33.506+0000] {logging_mixin.py:190} INFO - [2024-11-20T14:32:33.506+0000] {dag.py:3239} INFO - Sync 1 DAGs
[2024-11-20T14:32:33.540+0000] {logging_mixin.py:190} INFO - [2024-11-20T14:32:33.539+0000] {dag.py:4180} INFO - Setting next_dagrun for tutorial_taskflow_api to None, run_after=None
[2024-11-20T14:32:33.574+0000] {processor.py:208} INFO - Processing /home/airflow/.local/lib/python3.12/site-packages/airflow/example_dags/tutorial_taskflow_api.py took 0.145 seconds
[2024-11-20T14:33:04.746+0000] {processor.py:186} INFO - Started process (PID=2032) to work on /home/airflow/.local/lib/python3.12/site-packages/airflow/example_dags/tutorial_taskflow_api.py
[2024-11-20T14:33:04.748+0000] {processor.py:914} INFO - Processing file /home/airflow/.local/lib/python3.12/site-packages/airflow/example_dags/tutorial_taskflow_api.py for tasks to queue
[2024-11-20T14:33:04.753+0000] {logging_mixin.py:190} INFO - [2024-11-20T14:33:04.752+0000] {dagbag.py:588} INFO - Filling up the DagBag from /home/airflow/.local/lib/python3.12/site-packages/airflow/example_dags/tutorial_taskflow_api.py
[2024-11-20T14:33:04.769+0000] {processor.py:925} INFO - DAG(s) 'tutorial_taskflow_api' retrieved from /home/airflow/.local/lib/python3.12/site-packages/airflow/example_dags/tutorial_taskflow_api.py
[2024-11-20T14:33:04.802+0000] {logging_mixin.py:190} INFO - [2024-11-20T14:33:04.801+0000] {dag.py:3239} INFO - Sync 1 DAGs
[2024-11-20T14:33:04.826+0000] {logging_mixin.py:190} INFO - [2024-11-20T14:33:04.826+0000] {dag.py:4180} INFO - Setting next_dagrun for tutorial_taskflow_api to None, run_after=None
[2024-11-20T14:33:04.855+0000] {processor.py:208} INFO - Processing /home/airflow/.local/lib/python3.12/site-packages/airflow/example_dags/tutorial_taskflow_api.py took 0.119 seconds
[2024-11-20T14:33:35.827+0000] {processor.py:186} INFO - Started process (PID=2095) to work on /home/airflow/.local/lib/python3.12/site-packages/airflow/example_dags/tutorial_taskflow_api.py
[2024-11-20T14:33:35.828+0000] {processor.py:914} INFO - Processing file /home/airflow/.local/lib/python3.12/site-packages/airflow/example_dags/tutorial_taskflow_api.py for tasks to queue
[2024-11-20T14:33:35.832+0000] {logging_mixin.py:190} INFO - [2024-11-20T14:33:35.832+0000] {dagbag.py:588} INFO - Filling up the DagBag from /home/airflow/.local/lib/python3.12/site-packages/airflow/example_dags/tutorial_taskflow_api.py
[2024-11-20T14:33:35.845+0000] {processor.py:925} INFO - DAG(s) 'tutorial_taskflow_api' retrieved from /home/airflow/.local/lib/python3.12/site-packages/airflow/example_dags/tutorial_taskflow_api.py
[2024-11-20T14:33:35.876+0000] {logging_mixin.py:190} INFO - [2024-11-20T14:33:35.876+0000] {dag.py:3239} INFO - Sync 1 DAGs
[2024-11-20T14:33:35.900+0000] {logging_mixin.py:190} INFO - [2024-11-20T14:33:35.900+0000] {dag.py:4180} INFO - Setting next_dagrun for tutorial_taskflow_api to None, run_after=None
[2024-11-20T14:33:35.930+0000] {processor.py:208} INFO - Processing /home/airflow/.local/lib/python3.12/site-packages/airflow/example_dags/tutorial_taskflow_api.py took 0.115 seconds
[2024-11-20T14:34:06.548+0000] {processor.py:186} INFO - Started process (PID=2158) to work on /home/airflow/.local/lib/python3.12/site-packages/airflow/example_dags/tutorial_taskflow_api.py
[2024-11-20T14:34:06.549+0000] {processor.py:914} INFO - Processing file /home/airflow/.local/lib/python3.12/site-packages/airflow/example_dags/tutorial_taskflow_api.py for tasks to queue
[2024-11-20T14:34:06.553+0000] {logging_mixin.py:190} INFO - [2024-11-20T14:34:06.552+0000] {dagbag.py:588} INFO - Filling up the DagBag from /home/airflow/.local/lib/python3.12/site-packages/airflow/example_dags/tutorial_taskflow_api.py
[2024-11-20T14:34:06.570+0000] {processor.py:925} INFO - DAG(s) 'tutorial_taskflow_api' retrieved from /home/airflow/.local/lib/python3.12/site-packages/airflow/example_dags/tutorial_taskflow_api.py
[2024-11-20T14:34:06.609+0000] {logging_mixin.py:190} INFO - [2024-11-20T14:34:06.608+0000] {dag.py:3239} INFO - Sync 1 DAGs
[2024-11-20T14:34:06.651+0000] {logging_mixin.py:190} INFO - [2024-11-20T14:34:06.650+0000] {dag.py:4180} INFO - Setting next_dagrun for tutorial_taskflow_api to None, run_after=None
[2024-11-20T14:34:06.686+0000] {processor.py:208} INFO - Processing /home/airflow/.local/lib/python3.12/site-packages/airflow/example_dags/tutorial_taskflow_api.py took 0.153 seconds
[2024-11-20T14:34:36.763+0000] {processor.py:186} INFO - Started process (PID=2220) to work on /home/airflow/.local/lib/python3.12/site-packages/airflow/example_dags/tutorial_taskflow_api.py
[2024-11-20T14:34:36.765+0000] {processor.py:914} INFO - Processing file /home/airflow/.local/lib/python3.12/site-packages/airflow/example_dags/tutorial_taskflow_api.py for tasks to queue
[2024-11-20T14:34:36.770+0000] {logging_mixin.py:190} INFO - [2024-11-20T14:34:36.770+0000] {dagbag.py:588} INFO - Filling up the DagBag from /home/airflow/.local/lib/python3.12/site-packages/airflow/example_dags/tutorial_taskflow_api.py
[2024-11-20T14:34:36.786+0000] {processor.py:925} INFO - DAG(s) 'tutorial_taskflow_api' retrieved from /home/airflow/.local/lib/python3.12/site-packages/airflow/example_dags/tutorial_taskflow_api.py
[2024-11-20T14:34:36.815+0000] {logging_mixin.py:190} INFO - [2024-11-20T14:34:36.815+0000] {dag.py:3239} INFO - Sync 1 DAGs
[2024-11-20T14:34:36.839+0000] {logging_mixin.py:190} INFO - [2024-11-20T14:34:36.839+0000] {dag.py:4180} INFO - Setting next_dagrun for tutorial_taskflow_api to None, run_after=None
[2024-11-20T14:34:36.869+0000] {processor.py:208} INFO - Processing /home/airflow/.local/lib/python3.12/site-packages/airflow/example_dags/tutorial_taskflow_api.py took 0.119 seconds
[2024-11-20T14:35:07.677+0000] {processor.py:186} INFO - Started process (PID=2283) to work on /home/airflow/.local/lib/python3.12/site-packages/airflow/example_dags/tutorial_taskflow_api.py
[2024-11-20T14:35:07.679+0000] {processor.py:914} INFO - Processing file /home/airflow/.local/lib/python3.12/site-packages/airflow/example_dags/tutorial_taskflow_api.py for tasks to queue
[2024-11-20T14:35:07.685+0000] {logging_mixin.py:190} INFO - [2024-11-20T14:35:07.684+0000] {dagbag.py:588} INFO - Filling up the DagBag from /home/airflow/.local/lib/python3.12/site-packages/airflow/example_dags/tutorial_taskflow_api.py
[2024-11-20T14:35:07.702+0000] {processor.py:925} INFO - DAG(s) 'tutorial_taskflow_api' retrieved from /home/airflow/.local/lib/python3.12/site-packages/airflow/example_dags/tutorial_taskflow_api.py
[2024-11-20T14:35:07.743+0000] {logging_mixin.py:190} INFO - [2024-11-20T14:35:07.742+0000] {dag.py:3239} INFO - Sync 1 DAGs
[2024-11-20T14:35:07.776+0000] {logging_mixin.py:190} INFO - [2024-11-20T14:35:07.776+0000] {dag.py:4180} INFO - Setting next_dagrun for tutorial_taskflow_api to None, run_after=None
[2024-11-20T14:35:07.809+0000] {processor.py:208} INFO - Processing /home/airflow/.local/lib/python3.12/site-packages/airflow/example_dags/tutorial_taskflow_api.py took 0.145 seconds
[2024-11-20T14:35:38.062+0000] {processor.py:186} INFO - Started process (PID=2345) to work on /home/airflow/.local/lib/python3.12/site-packages/airflow/example_dags/tutorial_taskflow_api.py
[2024-11-20T14:35:38.064+0000] {processor.py:914} INFO - Processing file /home/airflow/.local/lib/python3.12/site-packages/airflow/example_dags/tutorial_taskflow_api.py for tasks to queue
[2024-11-20T14:35:38.072+0000] {logging_mixin.py:190} INFO - [2024-11-20T14:35:38.071+0000] {dagbag.py:588} INFO - Filling up the DagBag from /home/airflow/.local/lib/python3.12/site-packages/airflow/example_dags/tutorial_taskflow_api.py
[2024-11-20T14:35:38.093+0000] {processor.py:925} INFO - DAG(s) 'tutorial_taskflow_api' retrieved from /home/airflow/.local/lib/python3.12/site-packages/airflow/example_dags/tutorial_taskflow_api.py
[2024-11-20T14:35:38.145+0000] {logging_mixin.py:190} INFO - [2024-11-20T14:35:38.144+0000] {dag.py:3239} INFO - Sync 1 DAGs
[2024-11-20T14:35:38.178+0000] {logging_mixin.py:190} INFO - [2024-11-20T14:35:38.177+0000] {dag.py:4180} INFO - Setting next_dagrun for tutorial_taskflow_api to None, run_after=None
[2024-11-20T14:35:38.209+0000] {processor.py:208} INFO - Processing /home/airflow/.local/lib/python3.12/site-packages/airflow/example_dags/tutorial_taskflow_api.py took 0.166 seconds
[2024-11-20T14:36:08.322+0000] {processor.py:186} INFO - Started process (PID=2408) to work on /home/airflow/.local/lib/python3.12/site-packages/airflow/example_dags/tutorial_taskflow_api.py
[2024-11-20T14:36:08.324+0000] {processor.py:914} INFO - Processing file /home/airflow/.local/lib/python3.12/site-packages/airflow/example_dags/tutorial_taskflow_api.py for tasks to queue
[2024-11-20T14:36:08.329+0000] {logging_mixin.py:190} INFO - [2024-11-20T14:36:08.328+0000] {dagbag.py:588} INFO - Filling up the DagBag from /home/airflow/.local/lib/python3.12/site-packages/airflow/example_dags/tutorial_taskflow_api.py
[2024-11-20T14:36:08.347+0000] {processor.py:925} INFO - DAG(s) 'tutorial_taskflow_api' retrieved from /home/airflow/.local/lib/python3.12/site-packages/airflow/example_dags/tutorial_taskflow_api.py
[2024-11-20T14:36:08.394+0000] {logging_mixin.py:190} INFO - [2024-11-20T14:36:08.394+0000] {dag.py:3239} INFO - Sync 1 DAGs
[2024-11-20T14:36:08.443+0000] {logging_mixin.py:190} INFO - [2024-11-20T14:36:08.443+0000] {dag.py:4180} INFO - Setting next_dagrun for tutorial_taskflow_api to None, run_after=None
[2024-11-20T14:36:08.480+0000] {processor.py:208} INFO - Processing /home/airflow/.local/lib/python3.12/site-packages/airflow/example_dags/tutorial_taskflow_api.py took 0.171 seconds
[2024-11-20T14:36:39.023+0000] {processor.py:186} INFO - Started process (PID=2470) to work on /home/airflow/.local/lib/python3.12/site-packages/airflow/example_dags/tutorial_taskflow_api.py
[2024-11-20T14:36:39.024+0000] {processor.py:914} INFO - Processing file /home/airflow/.local/lib/python3.12/site-packages/airflow/example_dags/tutorial_taskflow_api.py for tasks to queue
[2024-11-20T14:36:39.027+0000] {logging_mixin.py:190} INFO - [2024-11-20T14:36:39.027+0000] {dagbag.py:588} INFO - Filling up the DagBag from /home/airflow/.local/lib/python3.12/site-packages/airflow/example_dags/tutorial_taskflow_api.py
[2024-11-20T14:36:39.040+0000] {processor.py:925} INFO - DAG(s) 'tutorial_taskflow_api' retrieved from /home/airflow/.local/lib/python3.12/site-packages/airflow/example_dags/tutorial_taskflow_api.py
[2024-11-20T14:36:39.072+0000] {logging_mixin.py:190} INFO - [2024-11-20T14:36:39.072+0000] {dag.py:3239} INFO - Sync 1 DAGs
[2024-11-20T14:36:39.098+0000] {logging_mixin.py:190} INFO - [2024-11-20T14:36:39.098+0000] {dag.py:4180} INFO - Setting next_dagrun for tutorial_taskflow_api to None, run_after=None
[2024-11-20T14:36:39.139+0000] {processor.py:208} INFO - Processing /home/airflow/.local/lib/python3.12/site-packages/airflow/example_dags/tutorial_taskflow_api.py took 0.126 seconds
[2024-11-20T14:37:11.064+0000] {processor.py:186} INFO - Started process (PID=2533) to work on /home/airflow/.local/lib/python3.12/site-packages/airflow/example_dags/tutorial_taskflow_api.py
[2024-11-20T14:37:11.066+0000] {processor.py:914} INFO - Processing file /home/airflow/.local/lib/python3.12/site-packages/airflow/example_dags/tutorial_taskflow_api.py for tasks to queue
[2024-11-20T14:37:11.069+0000] {logging_mixin.py:190} INFO - [2024-11-20T14:37:11.069+0000] {dagbag.py:588} INFO - Filling up the DagBag from /home/airflow/.local/lib/python3.12/site-packages/airflow/example_dags/tutorial_taskflow_api.py
[2024-11-20T14:37:11.082+0000] {processor.py:925} INFO - DAG(s) 'tutorial_taskflow_api' retrieved from /home/airflow/.local/lib/python3.12/site-packages/airflow/example_dags/tutorial_taskflow_api.py
[2024-11-20T14:37:11.114+0000] {logging_mixin.py:190} INFO - [2024-11-20T14:37:11.114+0000] {dag.py:3239} INFO - Sync 1 DAGs
[2024-11-20T14:37:11.138+0000] {logging_mixin.py:190} INFO - [2024-11-20T14:37:11.137+0000] {dag.py:4180} INFO - Setting next_dagrun for tutorial_taskflow_api to None, run_after=None
[2024-11-20T14:37:11.166+0000] {processor.py:208} INFO - Processing /home/airflow/.local/lib/python3.12/site-packages/airflow/example_dags/tutorial_taskflow_api.py took 0.111 seconds
[2024-11-20T14:37:42.466+0000] {processor.py:186} INFO - Started process (PID=2595) to work on /home/airflow/.local/lib/python3.12/site-packages/airflow/example_dags/tutorial_taskflow_api.py
[2024-11-20T14:37:42.468+0000] {processor.py:914} INFO - Processing file /home/airflow/.local/lib/python3.12/site-packages/airflow/example_dags/tutorial_taskflow_api.py for tasks to queue
[2024-11-20T14:37:42.472+0000] {logging_mixin.py:190} INFO - [2024-11-20T14:37:42.472+0000] {dagbag.py:588} INFO - Filling up the DagBag from /home/airflow/.local/lib/python3.12/site-packages/airflow/example_dags/tutorial_taskflow_api.py
[2024-11-20T14:37:42.484+0000] {processor.py:925} INFO - DAG(s) 'tutorial_taskflow_api' retrieved from /home/airflow/.local/lib/python3.12/site-packages/airflow/example_dags/tutorial_taskflow_api.py
[2024-11-20T14:37:42.520+0000] {logging_mixin.py:190} INFO - [2024-11-20T14:37:42.519+0000] {dag.py:3239} INFO - Sync 1 DAGs
[2024-11-20T14:37:42.546+0000] {logging_mixin.py:190} INFO - [2024-11-20T14:37:42.546+0000] {dag.py:4180} INFO - Setting next_dagrun for tutorial_taskflow_api to None, run_after=None
[2024-11-20T14:37:42.589+0000] {processor.py:208} INFO - Processing /home/airflow/.local/lib/python3.12/site-packages/airflow/example_dags/tutorial_taskflow_api.py took 0.131 seconds
[2024-11-20T14:38:14.958+0000] {processor.py:186} INFO - Started process (PID=2663) to work on /home/airflow/.local/lib/python3.12/site-packages/airflow/example_dags/tutorial_taskflow_api.py
[2024-11-20T14:38:14.965+0000] {processor.py:914} INFO - Processing file /home/airflow/.local/lib/python3.12/site-packages/airflow/example_dags/tutorial_taskflow_api.py for tasks to queue
[2024-11-20T14:38:14.983+0000] {logging_mixin.py:190} INFO - [2024-11-20T14:38:14.978+0000] {dagbag.py:588} INFO - Filling up the DagBag from /home/airflow/.local/lib/python3.12/site-packages/airflow/example_dags/tutorial_taskflow_api.py
[2024-11-20T14:38:15.051+0000] {processor.py:925} INFO - DAG(s) 'tutorial_taskflow_api' retrieved from /home/airflow/.local/lib/python3.12/site-packages/airflow/example_dags/tutorial_taskflow_api.py
[2024-11-20T14:38:15.206+0000] {logging_mixin.py:190} INFO - [2024-11-20T14:38:15.206+0000] {dag.py:3239} INFO - Sync 1 DAGs
[2024-11-20T14:38:15.437+0000] {logging_mixin.py:190} INFO - [2024-11-20T14:38:15.437+0000] {dag.py:4180} INFO - Setting next_dagrun for tutorial_taskflow_api to None, run_after=None
[2024-11-20T14:38:19.107+0000] {logging_mixin.py:190} INFO - [2024-11-20T14:38:19.103+0000] {process_utils.py:266} INFO - Waiting up to 5 seconds for processes to exit...
