[2024-11-20T14:16:27.443+0000] {processor.py:186} INFO - Started process (PID=127) to work on /home/airflow/.local/lib/python3.12/site-packages/airflow/example_dags/tutorial_dag.py
[2024-11-20T14:16:27.446+0000] {processor.py:914} INFO - Processing file /home/airflow/.local/lib/python3.12/site-packages/airflow/example_dags/tutorial_dag.py for tasks to queue
[2024-11-20T14:16:27.451+0000] {logging_mixin.py:190} INFO - [2024-11-20T14:16:27.450+0000] {dagbag.py:588} INFO - Filling up the DagBag from /home/airflow/.local/lib/python3.12/site-packages/airflow/example_dags/tutorial_dag.py
[2024-11-20T14:16:27.468+0000] {processor.py:925} INFO - DAG(s) 'tutorial_dag' retrieved from /home/airflow/.local/lib/python3.12/site-packages/airflow/example_dags/tutorial_dag.py
[2024-11-20T14:16:27.856+0000] {logging_mixin.py:190} INFO - [2024-11-20T14:16:27.855+0000] {override.py:1911} INFO - Created Permission View: can delete on DAG:tutorial_dag
[2024-11-20T14:16:27.879+0000] {logging_mixin.py:190} INFO - [2024-11-20T14:16:27.878+0000] {override.py:1911} INFO - Created Permission View: can read on DAG:tutorial_dag
[2024-11-20T14:16:27.895+0000] {logging_mixin.py:190} INFO - [2024-11-20T14:16:27.894+0000] {override.py:1911} INFO - Created Permission View: can edit on DAG:tutorial_dag
[2024-11-20T14:16:27.918+0000] {logging_mixin.py:190} INFO - [2024-11-20T14:16:27.917+0000] {override.py:1911} INFO - Created Permission View: can delete on DAG Run:tutorial_dag
[2024-11-20T14:16:27.937+0000] {logging_mixin.py:190} INFO - [2024-11-20T14:16:27.937+0000] {override.py:1911} INFO - Created Permission View: menu access on DAG Run:tutorial_dag
[2024-11-20T14:16:27.955+0000] {logging_mixin.py:190} INFO - [2024-11-20T14:16:27.955+0000] {override.py:1911} INFO - Created Permission View: can read on DAG Run:tutorial_dag
[2024-11-20T14:16:27.973+0000] {logging_mixin.py:190} INFO - [2024-11-20T14:16:27.972+0000] {override.py:1911} INFO - Created Permission View: can create on DAG Run:tutorial_dag
[2024-11-20T14:16:27.973+0000] {logging_mixin.py:190} INFO - [2024-11-20T14:16:27.973+0000] {dag.py:3239} INFO - Sync 1 DAGs
[2024-11-20T14:16:28.012+0000] {logging_mixin.py:190} INFO - [2024-11-20T14:16:28.012+0000] {dag.py:3262} INFO - Creating ORM DAG for tutorial_dag
[2024-11-20T14:16:28.014+0000] {logging_mixin.py:190} INFO - [2024-11-20T14:16:28.013+0000] {dag.py:4180} INFO - Setting next_dagrun for tutorial_dag to None, run_after=None
[2024-11-20T14:16:28.058+0000] {processor.py:208} INFO - Processing /home/airflow/.local/lib/python3.12/site-packages/airflow/example_dags/tutorial_dag.py took 0.629 seconds
[2024-11-20T14:16:58.432+0000] {processor.py:186} INFO - Started process (PID=190) to work on /home/airflow/.local/lib/python3.12/site-packages/airflow/example_dags/tutorial_dag.py
[2024-11-20T14:16:58.434+0000] {processor.py:914} INFO - Processing file /home/airflow/.local/lib/python3.12/site-packages/airflow/example_dags/tutorial_dag.py for tasks to queue
[2024-11-20T14:16:58.437+0000] {logging_mixin.py:190} INFO - [2024-11-20T14:16:58.436+0000] {dagbag.py:588} INFO - Filling up the DagBag from /home/airflow/.local/lib/python3.12/site-packages/airflow/example_dags/tutorial_dag.py
[2024-11-20T14:16:58.453+0000] {processor.py:925} INFO - DAG(s) 'tutorial_dag' retrieved from /home/airflow/.local/lib/python3.12/site-packages/airflow/example_dags/tutorial_dag.py
[2024-11-20T14:16:58.487+0000] {logging_mixin.py:190} INFO - [2024-11-20T14:16:58.487+0000] {dag.py:3239} INFO - Sync 1 DAGs
[2024-11-20T14:16:58.513+0000] {logging_mixin.py:190} INFO - [2024-11-20T14:16:58.512+0000] {dag.py:4180} INFO - Setting next_dagrun for tutorial_dag to None, run_after=None
[2024-11-20T14:16:58.546+0000] {processor.py:208} INFO - Processing /home/airflow/.local/lib/python3.12/site-packages/airflow/example_dags/tutorial_dag.py took 0.126 seconds
[2024-11-20T14:17:28.860+0000] {processor.py:186} INFO - Started process (PID=253) to work on /home/airflow/.local/lib/python3.12/site-packages/airflow/example_dags/tutorial_dag.py
[2024-11-20T14:17:28.861+0000] {processor.py:914} INFO - Processing file /home/airflow/.local/lib/python3.12/site-packages/airflow/example_dags/tutorial_dag.py for tasks to queue
[2024-11-20T14:17:28.864+0000] {logging_mixin.py:190} INFO - [2024-11-20T14:17:28.863+0000] {dagbag.py:588} INFO - Filling up the DagBag from /home/airflow/.local/lib/python3.12/site-packages/airflow/example_dags/tutorial_dag.py
[2024-11-20T14:17:28.874+0000] {processor.py:925} INFO - DAG(s) 'tutorial_dag' retrieved from /home/airflow/.local/lib/python3.12/site-packages/airflow/example_dags/tutorial_dag.py
[2024-11-20T14:17:28.907+0000] {logging_mixin.py:190} INFO - [2024-11-20T14:17:28.906+0000] {dag.py:3239} INFO - Sync 1 DAGs
[2024-11-20T14:17:28.939+0000] {logging_mixin.py:190} INFO - [2024-11-20T14:17:28.938+0000] {dag.py:4180} INFO - Setting next_dagrun for tutorial_dag to None, run_after=None
[2024-11-20T14:17:28.974+0000] {processor.py:208} INFO - Processing /home/airflow/.local/lib/python3.12/site-packages/airflow/example_dags/tutorial_dag.py took 0.122 seconds
[2024-11-20T14:17:59.530+0000] {processor.py:186} INFO - Started process (PID=316) to work on /home/airflow/.local/lib/python3.12/site-packages/airflow/example_dags/tutorial_dag.py
[2024-11-20T14:17:59.532+0000] {processor.py:914} INFO - Processing file /home/airflow/.local/lib/python3.12/site-packages/airflow/example_dags/tutorial_dag.py for tasks to queue
[2024-11-20T14:17:59.535+0000] {logging_mixin.py:190} INFO - [2024-11-20T14:17:59.535+0000] {dagbag.py:588} INFO - Filling up the DagBag from /home/airflow/.local/lib/python3.12/site-packages/airflow/example_dags/tutorial_dag.py
[2024-11-20T14:17:59.554+0000] {processor.py:925} INFO - DAG(s) 'tutorial_dag' retrieved from /home/airflow/.local/lib/python3.12/site-packages/airflow/example_dags/tutorial_dag.py
[2024-11-20T14:17:59.585+0000] {logging_mixin.py:190} INFO - [2024-11-20T14:17:59.584+0000] {dag.py:3239} INFO - Sync 1 DAGs
[2024-11-20T14:17:59.608+0000] {logging_mixin.py:190} INFO - [2024-11-20T14:17:59.607+0000] {dag.py:4180} INFO - Setting next_dagrun for tutorial_dag to None, run_after=None
[2024-11-20T14:17:59.636+0000] {processor.py:208} INFO - Processing /home/airflow/.local/lib/python3.12/site-packages/airflow/example_dags/tutorial_dag.py took 0.121 seconds
[2024-11-20T14:18:30.554+0000] {processor.py:186} INFO - Started process (PID=379) to work on /home/airflow/.local/lib/python3.12/site-packages/airflow/example_dags/tutorial_dag.py
[2024-11-20T14:18:30.555+0000] {processor.py:914} INFO - Processing file /home/airflow/.local/lib/python3.12/site-packages/airflow/example_dags/tutorial_dag.py for tasks to queue
[2024-11-20T14:18:30.559+0000] {logging_mixin.py:190} INFO - [2024-11-20T14:18:30.558+0000] {dagbag.py:588} INFO - Filling up the DagBag from /home/airflow/.local/lib/python3.12/site-packages/airflow/example_dags/tutorial_dag.py
[2024-11-20T14:18:30.572+0000] {processor.py:925} INFO - DAG(s) 'tutorial_dag' retrieved from /home/airflow/.local/lib/python3.12/site-packages/airflow/example_dags/tutorial_dag.py
[2024-11-20T14:18:30.611+0000] {logging_mixin.py:190} INFO - [2024-11-20T14:18:30.610+0000] {dag.py:3239} INFO - Sync 1 DAGs
[2024-11-20T14:18:30.638+0000] {logging_mixin.py:190} INFO - [2024-11-20T14:18:30.637+0000] {dag.py:4180} INFO - Setting next_dagrun for tutorial_dag to None, run_after=None
[2024-11-20T14:18:30.683+0000] {processor.py:208} INFO - Processing /home/airflow/.local/lib/python3.12/site-packages/airflow/example_dags/tutorial_dag.py took 0.138 seconds
[2024-11-20T14:19:00.941+0000] {processor.py:186} INFO - Started process (PID=442) to work on /home/airflow/.local/lib/python3.12/site-packages/airflow/example_dags/tutorial_dag.py
[2024-11-20T14:19:00.943+0000] {processor.py:914} INFO - Processing file /home/airflow/.local/lib/python3.12/site-packages/airflow/example_dags/tutorial_dag.py for tasks to queue
[2024-11-20T14:19:00.945+0000] {logging_mixin.py:190} INFO - [2024-11-20T14:19:00.945+0000] {dagbag.py:588} INFO - Filling up the DagBag from /home/airflow/.local/lib/python3.12/site-packages/airflow/example_dags/tutorial_dag.py
[2024-11-20T14:19:00.955+0000] {processor.py:925} INFO - DAG(s) 'tutorial_dag' retrieved from /home/airflow/.local/lib/python3.12/site-packages/airflow/example_dags/tutorial_dag.py
[2024-11-20T14:19:00.988+0000] {logging_mixin.py:190} INFO - [2024-11-20T14:19:00.987+0000] {dag.py:3239} INFO - Sync 1 DAGs
[2024-11-20T14:19:01.028+0000] {logging_mixin.py:190} INFO - [2024-11-20T14:19:01.028+0000] {dag.py:4180} INFO - Setting next_dagrun for tutorial_dag to None, run_after=None
[2024-11-20T14:19:01.068+0000] {processor.py:208} INFO - Processing /home/airflow/.local/lib/python3.12/site-packages/airflow/example_dags/tutorial_dag.py took 0.136 seconds
[2024-11-20T14:19:32.071+0000] {processor.py:186} INFO - Started process (PID=504) to work on /home/airflow/.local/lib/python3.12/site-packages/airflow/example_dags/tutorial_dag.py
[2024-11-20T14:19:32.073+0000] {processor.py:914} INFO - Processing file /home/airflow/.local/lib/python3.12/site-packages/airflow/example_dags/tutorial_dag.py for tasks to queue
[2024-11-20T14:19:32.079+0000] {logging_mixin.py:190} INFO - [2024-11-20T14:19:32.078+0000] {dagbag.py:588} INFO - Filling up the DagBag from /home/airflow/.local/lib/python3.12/site-packages/airflow/example_dags/tutorial_dag.py
[2024-11-20T14:19:32.100+0000] {processor.py:925} INFO - DAG(s) 'tutorial_dag' retrieved from /home/airflow/.local/lib/python3.12/site-packages/airflow/example_dags/tutorial_dag.py
[2024-11-20T14:19:32.217+0000] {logging_mixin.py:190} INFO - [2024-11-20T14:19:32.216+0000] {dag.py:3239} INFO - Sync 1 DAGs
[2024-11-20T14:19:32.257+0000] {logging_mixin.py:190} INFO - [2024-11-20T14:19:32.256+0000] {dag.py:4180} INFO - Setting next_dagrun for tutorial_dag to None, run_after=None
[2024-11-20T14:19:32.297+0000] {processor.py:208} INFO - Processing /home/airflow/.local/lib/python3.12/site-packages/airflow/example_dags/tutorial_dag.py took 0.241 seconds
[2024-11-20T14:20:04.014+0000] {processor.py:186} INFO - Started process (PID=567) to work on /home/airflow/.local/lib/python3.12/site-packages/airflow/example_dags/tutorial_dag.py
[2024-11-20T14:20:04.025+0000] {processor.py:914} INFO - Processing file /home/airflow/.local/lib/python3.12/site-packages/airflow/example_dags/tutorial_dag.py for tasks to queue
[2024-11-20T14:20:04.043+0000] {logging_mixin.py:190} INFO - [2024-11-20T14:20:04.040+0000] {dagbag.py:588} INFO - Filling up the DagBag from /home/airflow/.local/lib/python3.12/site-packages/airflow/example_dags/tutorial_dag.py
[2024-11-20T14:20:04.065+0000] {processor.py:925} INFO - DAG(s) 'tutorial_dag' retrieved from /home/airflow/.local/lib/python3.12/site-packages/airflow/example_dags/tutorial_dag.py
[2024-11-20T14:20:04.116+0000] {logging_mixin.py:190} INFO - [2024-11-20T14:20:04.116+0000] {dag.py:3239} INFO - Sync 1 DAGs
[2024-11-20T14:20:04.170+0000] {logging_mixin.py:190} INFO - [2024-11-20T14:20:04.170+0000] {dag.py:4180} INFO - Setting next_dagrun for tutorial_dag to None, run_after=None
[2024-11-20T14:20:04.234+0000] {processor.py:208} INFO - Processing /home/airflow/.local/lib/python3.12/site-packages/airflow/example_dags/tutorial_dag.py took 0.246 seconds
[2024-11-20T14:20:35.350+0000] {processor.py:186} INFO - Started process (PID=630) to work on /home/airflow/.local/lib/python3.12/site-packages/airflow/example_dags/tutorial_dag.py
[2024-11-20T14:20:35.353+0000] {processor.py:914} INFO - Processing file /home/airflow/.local/lib/python3.12/site-packages/airflow/example_dags/tutorial_dag.py for tasks to queue
[2024-11-20T14:20:35.360+0000] {logging_mixin.py:190} INFO - [2024-11-20T14:20:35.360+0000] {dagbag.py:588} INFO - Filling up the DagBag from /home/airflow/.local/lib/python3.12/site-packages/airflow/example_dags/tutorial_dag.py
[2024-11-20T14:20:35.377+0000] {processor.py:925} INFO - DAG(s) 'tutorial_dag' retrieved from /home/airflow/.local/lib/python3.12/site-packages/airflow/example_dags/tutorial_dag.py
[2024-11-20T14:20:35.424+0000] {logging_mixin.py:190} INFO - [2024-11-20T14:20:35.423+0000] {dag.py:3239} INFO - Sync 1 DAGs
[2024-11-20T14:20:35.467+0000] {logging_mixin.py:190} INFO - [2024-11-20T14:20:35.464+0000] {dag.py:4180} INFO - Setting next_dagrun for tutorial_dag to None, run_after=None
[2024-11-20T14:20:35.524+0000] {processor.py:208} INFO - Processing /home/airflow/.local/lib/python3.12/site-packages/airflow/example_dags/tutorial_dag.py took 0.191 seconds
[2024-11-20T14:21:06.152+0000] {processor.py:186} INFO - Started process (PID=693) to work on /home/airflow/.local/lib/python3.12/site-packages/airflow/example_dags/tutorial_dag.py
[2024-11-20T14:21:06.153+0000] {processor.py:914} INFO - Processing file /home/airflow/.local/lib/python3.12/site-packages/airflow/example_dags/tutorial_dag.py for tasks to queue
[2024-11-20T14:21:06.157+0000] {logging_mixin.py:190} INFO - [2024-11-20T14:21:06.156+0000] {dagbag.py:588} INFO - Filling up the DagBag from /home/airflow/.local/lib/python3.12/site-packages/airflow/example_dags/tutorial_dag.py
[2024-11-20T14:21:06.168+0000] {processor.py:925} INFO - DAG(s) 'tutorial_dag' retrieved from /home/airflow/.local/lib/python3.12/site-packages/airflow/example_dags/tutorial_dag.py
[2024-11-20T14:21:06.202+0000] {logging_mixin.py:190} INFO - [2024-11-20T14:21:06.202+0000] {dag.py:3239} INFO - Sync 1 DAGs
[2024-11-20T14:21:06.232+0000] {logging_mixin.py:190} INFO - [2024-11-20T14:21:06.231+0000] {dag.py:4180} INFO - Setting next_dagrun for tutorial_dag to None, run_after=None
[2024-11-20T14:21:06.260+0000] {processor.py:208} INFO - Processing /home/airflow/.local/lib/python3.12/site-packages/airflow/example_dags/tutorial_dag.py took 0.118 seconds
[2024-11-20T14:21:36.717+0000] {processor.py:186} INFO - Started process (PID=756) to work on /home/airflow/.local/lib/python3.12/site-packages/airflow/example_dags/tutorial_dag.py
[2024-11-20T14:21:36.718+0000] {processor.py:914} INFO - Processing file /home/airflow/.local/lib/python3.12/site-packages/airflow/example_dags/tutorial_dag.py for tasks to queue
[2024-11-20T14:21:36.722+0000] {logging_mixin.py:190} INFO - [2024-11-20T14:21:36.721+0000] {dagbag.py:588} INFO - Filling up the DagBag from /home/airflow/.local/lib/python3.12/site-packages/airflow/example_dags/tutorial_dag.py
[2024-11-20T14:21:36.732+0000] {processor.py:925} INFO - DAG(s) 'tutorial_dag' retrieved from /home/airflow/.local/lib/python3.12/site-packages/airflow/example_dags/tutorial_dag.py
[2024-11-20T14:21:36.765+0000] {logging_mixin.py:190} INFO - [2024-11-20T14:21:36.765+0000] {dag.py:3239} INFO - Sync 1 DAGs
[2024-11-20T14:21:36.790+0000] {logging_mixin.py:190} INFO - [2024-11-20T14:21:36.789+0000] {dag.py:4180} INFO - Setting next_dagrun for tutorial_dag to None, run_after=None
[2024-11-20T14:21:36.819+0000] {processor.py:208} INFO - Processing /home/airflow/.local/lib/python3.12/site-packages/airflow/example_dags/tutorial_dag.py took 0.112 seconds
[2024-11-20T14:22:08.896+0000] {processor.py:186} INFO - Started process (PID=819) to work on /home/airflow/.local/lib/python3.12/site-packages/airflow/example_dags/tutorial_dag.py
[2024-11-20T14:22:08.897+0000] {processor.py:914} INFO - Processing file /home/airflow/.local/lib/python3.12/site-packages/airflow/example_dags/tutorial_dag.py for tasks to queue
[2024-11-20T14:22:08.902+0000] {logging_mixin.py:190} INFO - [2024-11-20T14:22:08.901+0000] {dagbag.py:588} INFO - Filling up the DagBag from /home/airflow/.local/lib/python3.12/site-packages/airflow/example_dags/tutorial_dag.py
[2024-11-20T14:22:08.917+0000] {processor.py:925} INFO - DAG(s) 'tutorial_dag' retrieved from /home/airflow/.local/lib/python3.12/site-packages/airflow/example_dags/tutorial_dag.py
[2024-11-20T14:22:08.947+0000] {logging_mixin.py:190} INFO - [2024-11-20T14:22:08.946+0000] {dag.py:3239} INFO - Sync 1 DAGs
[2024-11-20T14:22:08.968+0000] {logging_mixin.py:190} INFO - [2024-11-20T14:22:08.968+0000] {dag.py:4180} INFO - Setting next_dagrun for tutorial_dag to None, run_after=None
[2024-11-20T14:22:09.003+0000] {processor.py:208} INFO - Processing /home/airflow/.local/lib/python3.12/site-packages/airflow/example_dags/tutorial_dag.py took 0.120 seconds
[2024-11-20T14:22:42.418+0000] {processor.py:186} INFO - Started process (PID=886) to work on /home/airflow/.local/lib/python3.12/site-packages/airflow/example_dags/tutorial_dag.py
[2024-11-20T14:22:42.420+0000] {processor.py:914} INFO - Processing file /home/airflow/.local/lib/python3.12/site-packages/airflow/example_dags/tutorial_dag.py for tasks to queue
[2024-11-20T14:22:42.424+0000] {logging_mixin.py:190} INFO - [2024-11-20T14:22:42.423+0000] {dagbag.py:588} INFO - Filling up the DagBag from /home/airflow/.local/lib/python3.12/site-packages/airflow/example_dags/tutorial_dag.py
[2024-11-20T14:22:42.436+0000] {processor.py:925} INFO - DAG(s) 'tutorial_dag' retrieved from /home/airflow/.local/lib/python3.12/site-packages/airflow/example_dags/tutorial_dag.py
[2024-11-20T14:22:42.466+0000] {logging_mixin.py:190} INFO - [2024-11-20T14:22:42.465+0000] {dag.py:3239} INFO - Sync 1 DAGs
[2024-11-20T14:22:42.488+0000] {logging_mixin.py:190} INFO - [2024-11-20T14:22:42.488+0000] {dag.py:4180} INFO - Setting next_dagrun for tutorial_dag to None, run_after=None
[2024-11-20T14:22:42.518+0000] {processor.py:208} INFO - Processing /home/airflow/.local/lib/python3.12/site-packages/airflow/example_dags/tutorial_dag.py took 0.110 seconds
[2024-11-20T14:23:15.850+0000] {processor.py:186} INFO - Started process (PID=956) to work on /home/airflow/.local/lib/python3.12/site-packages/airflow/example_dags/tutorial_dag.py
[2024-11-20T14:23:15.854+0000] {processor.py:914} INFO - Processing file /home/airflow/.local/lib/python3.12/site-packages/airflow/example_dags/tutorial_dag.py for tasks to queue
[2024-11-20T14:23:15.861+0000] {logging_mixin.py:190} INFO - [2024-11-20T14:23:15.859+0000] {dagbag.py:588} INFO - Filling up the DagBag from /home/airflow/.local/lib/python3.12/site-packages/airflow/example_dags/tutorial_dag.py
[2024-11-20T14:23:15.881+0000] {processor.py:925} INFO - DAG(s) 'tutorial_dag' retrieved from /home/airflow/.local/lib/python3.12/site-packages/airflow/example_dags/tutorial_dag.py
[2024-11-20T14:23:15.921+0000] {logging_mixin.py:190} INFO - [2024-11-20T14:23:15.920+0000] {dag.py:3239} INFO - Sync 1 DAGs
[2024-11-20T14:23:15.953+0000] {logging_mixin.py:190} INFO - [2024-11-20T14:23:15.953+0000] {dag.py:4180} INFO - Setting next_dagrun for tutorial_dag to None, run_after=None
[2024-11-20T14:23:15.990+0000] {processor.py:208} INFO - Processing /home/airflow/.local/lib/python3.12/site-packages/airflow/example_dags/tutorial_dag.py took 0.152 seconds
[2024-11-20T14:23:46.095+0000] {processor.py:186} INFO - Started process (PID=1018) to work on /home/airflow/.local/lib/python3.12/site-packages/airflow/example_dags/tutorial_dag.py
[2024-11-20T14:23:46.096+0000] {processor.py:914} INFO - Processing file /home/airflow/.local/lib/python3.12/site-packages/airflow/example_dags/tutorial_dag.py for tasks to queue
[2024-11-20T14:23:46.100+0000] {logging_mixin.py:190} INFO - [2024-11-20T14:23:46.099+0000] {dagbag.py:588} INFO - Filling up the DagBag from /home/airflow/.local/lib/python3.12/site-packages/airflow/example_dags/tutorial_dag.py
[2024-11-20T14:23:46.110+0000] {processor.py:925} INFO - DAG(s) 'tutorial_dag' retrieved from /home/airflow/.local/lib/python3.12/site-packages/airflow/example_dags/tutorial_dag.py
[2024-11-20T14:23:46.140+0000] {logging_mixin.py:190} INFO - [2024-11-20T14:23:46.140+0000] {dag.py:3239} INFO - Sync 1 DAGs
[2024-11-20T14:23:46.163+0000] {logging_mixin.py:190} INFO - [2024-11-20T14:23:46.163+0000] {dag.py:4180} INFO - Setting next_dagrun for tutorial_dag to None, run_after=None
[2024-11-20T14:23:46.194+0000] {processor.py:208} INFO - Processing /home/airflow/.local/lib/python3.12/site-packages/airflow/example_dags/tutorial_dag.py took 0.108 seconds
[2024-11-20T14:24:17.004+0000] {processor.py:186} INFO - Started process (PID=1080) to work on /home/airflow/.local/lib/python3.12/site-packages/airflow/example_dags/tutorial_dag.py
[2024-11-20T14:24:17.005+0000] {processor.py:914} INFO - Processing file /home/airflow/.local/lib/python3.12/site-packages/airflow/example_dags/tutorial_dag.py for tasks to queue
[2024-11-20T14:24:17.009+0000] {logging_mixin.py:190} INFO - [2024-11-20T14:24:17.008+0000] {dagbag.py:588} INFO - Filling up the DagBag from /home/airflow/.local/lib/python3.12/site-packages/airflow/example_dags/tutorial_dag.py
[2024-11-20T14:24:17.024+0000] {processor.py:925} INFO - DAG(s) 'tutorial_dag' retrieved from /home/airflow/.local/lib/python3.12/site-packages/airflow/example_dags/tutorial_dag.py
[2024-11-20T14:24:17.058+0000] {logging_mixin.py:190} INFO - [2024-11-20T14:24:17.058+0000] {dag.py:3239} INFO - Sync 1 DAGs
[2024-11-20T14:24:17.087+0000] {logging_mixin.py:190} INFO - [2024-11-20T14:24:17.087+0000] {dag.py:4180} INFO - Setting next_dagrun for tutorial_dag to None, run_after=None
[2024-11-20T14:24:17.122+0000] {processor.py:208} INFO - Processing /home/airflow/.local/lib/python3.12/site-packages/airflow/example_dags/tutorial_dag.py took 0.131 seconds
[2024-11-20T14:24:49.113+0000] {processor.py:186} INFO - Started process (PID=1143) to work on /home/airflow/.local/lib/python3.12/site-packages/airflow/example_dags/tutorial_dag.py
[2024-11-20T14:24:49.117+0000] {processor.py:914} INFO - Processing file /home/airflow/.local/lib/python3.12/site-packages/airflow/example_dags/tutorial_dag.py for tasks to queue
[2024-11-20T14:24:49.121+0000] {logging_mixin.py:190} INFO - [2024-11-20T14:24:49.120+0000] {dagbag.py:588} INFO - Filling up the DagBag from /home/airflow/.local/lib/python3.12/site-packages/airflow/example_dags/tutorial_dag.py
[2024-11-20T14:24:49.134+0000] {processor.py:925} INFO - DAG(s) 'tutorial_dag' retrieved from /home/airflow/.local/lib/python3.12/site-packages/airflow/example_dags/tutorial_dag.py
[2024-11-20T14:24:49.161+0000] {logging_mixin.py:190} INFO - [2024-11-20T14:24:49.161+0000] {dag.py:3239} INFO - Sync 1 DAGs
[2024-11-20T14:24:49.183+0000] {logging_mixin.py:190} INFO - [2024-11-20T14:24:49.183+0000] {dag.py:4180} INFO - Setting next_dagrun for tutorial_dag to None, run_after=None
[2024-11-20T14:24:49.213+0000] {processor.py:208} INFO - Processing /home/airflow/.local/lib/python3.12/site-packages/airflow/example_dags/tutorial_dag.py took 0.110 seconds
[2024-11-20T14:25:20.791+0000] {processor.py:186} INFO - Started process (PID=1206) to work on /home/airflow/.local/lib/python3.12/site-packages/airflow/example_dags/tutorial_dag.py
[2024-11-20T14:25:20.793+0000] {processor.py:914} INFO - Processing file /home/airflow/.local/lib/python3.12/site-packages/airflow/example_dags/tutorial_dag.py for tasks to queue
[2024-11-20T14:25:20.797+0000] {logging_mixin.py:190} INFO - [2024-11-20T14:25:20.797+0000] {dagbag.py:588} INFO - Filling up the DagBag from /home/airflow/.local/lib/python3.12/site-packages/airflow/example_dags/tutorial_dag.py
[2024-11-20T14:25:20.812+0000] {processor.py:925} INFO - DAG(s) 'tutorial_dag' retrieved from /home/airflow/.local/lib/python3.12/site-packages/airflow/example_dags/tutorial_dag.py
[2024-11-20T14:25:20.846+0000] {logging_mixin.py:190} INFO - [2024-11-20T14:25:20.845+0000] {dag.py:3239} INFO - Sync 1 DAGs
[2024-11-20T14:25:20.880+0000] {logging_mixin.py:190} INFO - [2024-11-20T14:25:20.879+0000] {dag.py:4180} INFO - Setting next_dagrun for tutorial_dag to None, run_after=None
[2024-11-20T14:25:20.920+0000] {processor.py:208} INFO - Processing /home/airflow/.local/lib/python3.12/site-packages/airflow/example_dags/tutorial_dag.py took 0.140 seconds
[2024-11-20T14:25:52.745+0000] {processor.py:186} INFO - Started process (PID=1269) to work on /home/airflow/.local/lib/python3.12/site-packages/airflow/example_dags/tutorial_dag.py
[2024-11-20T14:25:52.747+0000] {processor.py:914} INFO - Processing file /home/airflow/.local/lib/python3.12/site-packages/airflow/example_dags/tutorial_dag.py for tasks to queue
[2024-11-20T14:25:52.751+0000] {logging_mixin.py:190} INFO - [2024-11-20T14:25:52.751+0000] {dagbag.py:588} INFO - Filling up the DagBag from /home/airflow/.local/lib/python3.12/site-packages/airflow/example_dags/tutorial_dag.py
[2024-11-20T14:25:52.765+0000] {processor.py:925} INFO - DAG(s) 'tutorial_dag' retrieved from /home/airflow/.local/lib/python3.12/site-packages/airflow/example_dags/tutorial_dag.py
[2024-11-20T14:25:52.800+0000] {logging_mixin.py:190} INFO - [2024-11-20T14:25:52.799+0000] {dag.py:3239} INFO - Sync 1 DAGs
[2024-11-20T14:25:52.830+0000] {logging_mixin.py:190} INFO - [2024-11-20T14:25:52.830+0000] {dag.py:4180} INFO - Setting next_dagrun for tutorial_dag to None, run_after=None
[2024-11-20T14:25:52.862+0000] {processor.py:208} INFO - Processing /home/airflow/.local/lib/python3.12/site-packages/airflow/example_dags/tutorial_dag.py took 0.127 seconds
[2024-11-20T14:26:25.186+0000] {processor.py:186} INFO - Started process (PID=1337) to work on /home/airflow/.local/lib/python3.12/site-packages/airflow/example_dags/tutorial_dag.py
[2024-11-20T14:26:25.187+0000] {processor.py:914} INFO - Processing file /home/airflow/.local/lib/python3.12/site-packages/airflow/example_dags/tutorial_dag.py for tasks to queue
[2024-11-20T14:26:25.191+0000] {logging_mixin.py:190} INFO - [2024-11-20T14:26:25.190+0000] {dagbag.py:588} INFO - Filling up the DagBag from /home/airflow/.local/lib/python3.12/site-packages/airflow/example_dags/tutorial_dag.py
[2024-11-20T14:26:25.200+0000] {processor.py:925} INFO - DAG(s) 'tutorial_dag' retrieved from /home/airflow/.local/lib/python3.12/site-packages/airflow/example_dags/tutorial_dag.py
[2024-11-20T14:26:25.240+0000] {logging_mixin.py:190} INFO - [2024-11-20T14:26:25.239+0000] {dag.py:3239} INFO - Sync 1 DAGs
[2024-11-20T14:26:25.277+0000] {logging_mixin.py:190} INFO - [2024-11-20T14:26:25.277+0000] {dag.py:4180} INFO - Setting next_dagrun for tutorial_dag to None, run_after=None
[2024-11-20T14:26:25.316+0000] {processor.py:208} INFO - Processing /home/airflow/.local/lib/python3.12/site-packages/airflow/example_dags/tutorial_dag.py took 0.138 seconds
[2024-11-20T14:26:56.813+0000] {processor.py:186} INFO - Started process (PID=1400) to work on /home/airflow/.local/lib/python3.12/site-packages/airflow/example_dags/tutorial_dag.py
[2024-11-20T14:26:56.814+0000] {processor.py:914} INFO - Processing file /home/airflow/.local/lib/python3.12/site-packages/airflow/example_dags/tutorial_dag.py for tasks to queue
[2024-11-20T14:26:56.818+0000] {logging_mixin.py:190} INFO - [2024-11-20T14:26:56.818+0000] {dagbag.py:588} INFO - Filling up the DagBag from /home/airflow/.local/lib/python3.12/site-packages/airflow/example_dags/tutorial_dag.py
[2024-11-20T14:26:56.832+0000] {processor.py:925} INFO - DAG(s) 'tutorial_dag' retrieved from /home/airflow/.local/lib/python3.12/site-packages/airflow/example_dags/tutorial_dag.py
[2024-11-20T14:26:56.862+0000] {logging_mixin.py:190} INFO - [2024-11-20T14:26:56.861+0000] {dag.py:3239} INFO - Sync 1 DAGs
[2024-11-20T14:26:56.893+0000] {logging_mixin.py:190} INFO - [2024-11-20T14:26:56.893+0000] {dag.py:4180} INFO - Setting next_dagrun for tutorial_dag to None, run_after=None
[2024-11-20T14:26:56.921+0000] {processor.py:208} INFO - Processing /home/airflow/.local/lib/python3.12/site-packages/airflow/example_dags/tutorial_dag.py took 0.118 seconds
[2024-11-20T14:28:14.955+0000] {processor.py:186} INFO - Started process (PID=1464) to work on /home/airflow/.local/lib/python3.12/site-packages/airflow/example_dags/tutorial_dag.py
[2024-11-20T14:28:14.957+0000] {processor.py:914} INFO - Processing file /home/airflow/.local/lib/python3.12/site-packages/airflow/example_dags/tutorial_dag.py for tasks to queue
[2024-11-20T14:28:14.962+0000] {logging_mixin.py:190} INFO - [2024-11-20T14:28:14.961+0000] {dagbag.py:588} INFO - Filling up the DagBag from /home/airflow/.local/lib/python3.12/site-packages/airflow/example_dags/tutorial_dag.py
[2024-11-20T14:28:14.983+0000] {processor.py:925} INFO - DAG(s) 'tutorial_dag' retrieved from /home/airflow/.local/lib/python3.12/site-packages/airflow/example_dags/tutorial_dag.py
[2024-11-20T14:28:15.027+0000] {logging_mixin.py:190} INFO - [2024-11-20T14:28:15.027+0000] {dag.py:3239} INFO - Sync 1 DAGs
[2024-11-20T14:28:15.055+0000] {logging_mixin.py:190} INFO - [2024-11-20T14:28:15.054+0000] {dag.py:4180} INFO - Setting next_dagrun for tutorial_dag to None, run_after=None
[2024-11-20T14:28:15.110+0000] {processor.py:208} INFO - Processing /home/airflow/.local/lib/python3.12/site-packages/airflow/example_dags/tutorial_dag.py took 0.169 seconds
[2024-11-20T14:28:45.245+0000] {processor.py:186} INFO - Started process (PID=1527) to work on /home/airflow/.local/lib/python3.12/site-packages/airflow/example_dags/tutorial_dag.py
[2024-11-20T14:28:45.246+0000] {processor.py:914} INFO - Processing file /home/airflow/.local/lib/python3.12/site-packages/airflow/example_dags/tutorial_dag.py for tasks to queue
[2024-11-20T14:28:45.250+0000] {logging_mixin.py:190} INFO - [2024-11-20T14:28:45.249+0000] {dagbag.py:588} INFO - Filling up the DagBag from /home/airflow/.local/lib/python3.12/site-packages/airflow/example_dags/tutorial_dag.py
[2024-11-20T14:28:45.262+0000] {processor.py:925} INFO - DAG(s) 'tutorial_dag' retrieved from /home/airflow/.local/lib/python3.12/site-packages/airflow/example_dags/tutorial_dag.py
[2024-11-20T14:28:45.298+0000] {logging_mixin.py:190} INFO - [2024-11-20T14:28:45.298+0000] {dag.py:3239} INFO - Sync 1 DAGs
[2024-11-20T14:28:45.327+0000] {logging_mixin.py:190} INFO - [2024-11-20T14:28:45.326+0000] {dag.py:4180} INFO - Setting next_dagrun for tutorial_dag to None, run_after=None
[2024-11-20T14:28:45.360+0000] {processor.py:208} INFO - Processing /home/airflow/.local/lib/python3.12/site-packages/airflow/example_dags/tutorial_dag.py took 0.124 seconds
[2024-11-20T14:29:15.857+0000] {processor.py:186} INFO - Started process (PID=1590) to work on /home/airflow/.local/lib/python3.12/site-packages/airflow/example_dags/tutorial_dag.py
[2024-11-20T14:29:15.858+0000] {processor.py:914} INFO - Processing file /home/airflow/.local/lib/python3.12/site-packages/airflow/example_dags/tutorial_dag.py for tasks to queue
[2024-11-20T14:29:15.861+0000] {logging_mixin.py:190} INFO - [2024-11-20T14:29:15.861+0000] {dagbag.py:588} INFO - Filling up the DagBag from /home/airflow/.local/lib/python3.12/site-packages/airflow/example_dags/tutorial_dag.py
[2024-11-20T14:29:15.875+0000] {processor.py:925} INFO - DAG(s) 'tutorial_dag' retrieved from /home/airflow/.local/lib/python3.12/site-packages/airflow/example_dags/tutorial_dag.py
[2024-11-20T14:29:15.914+0000] {logging_mixin.py:190} INFO - [2024-11-20T14:29:15.914+0000] {dag.py:3239} INFO - Sync 1 DAGs
[2024-11-20T14:29:15.942+0000] {logging_mixin.py:190} INFO - [2024-11-20T14:29:15.941+0000] {dag.py:4180} INFO - Setting next_dagrun for tutorial_dag to None, run_after=None
[2024-11-20T14:29:15.991+0000] {processor.py:208} INFO - Processing /home/airflow/.local/lib/python3.12/site-packages/airflow/example_dags/tutorial_dag.py took 0.144 seconds
[2024-11-20T14:29:46.859+0000] {processor.py:186} INFO - Started process (PID=1652) to work on /home/airflow/.local/lib/python3.12/site-packages/airflow/example_dags/tutorial_dag.py
[2024-11-20T14:29:46.861+0000] {processor.py:914} INFO - Processing file /home/airflow/.local/lib/python3.12/site-packages/airflow/example_dags/tutorial_dag.py for tasks to queue
[2024-11-20T14:29:46.865+0000] {logging_mixin.py:190} INFO - [2024-11-20T14:29:46.864+0000] {dagbag.py:588} INFO - Filling up the DagBag from /home/airflow/.local/lib/python3.12/site-packages/airflow/example_dags/tutorial_dag.py
[2024-11-20T14:29:46.879+0000] {processor.py:925} INFO - DAG(s) 'tutorial_dag' retrieved from /home/airflow/.local/lib/python3.12/site-packages/airflow/example_dags/tutorial_dag.py
[2024-11-20T14:29:46.916+0000] {logging_mixin.py:190} INFO - [2024-11-20T14:29:46.916+0000] {dag.py:3239} INFO - Sync 1 DAGs
[2024-11-20T14:29:46.948+0000] {logging_mixin.py:190} INFO - [2024-11-20T14:29:46.947+0000] {dag.py:4180} INFO - Setting next_dagrun for tutorial_dag to None, run_after=None
[2024-11-20T14:29:46.979+0000] {processor.py:208} INFO - Processing /home/airflow/.local/lib/python3.12/site-packages/airflow/example_dags/tutorial_dag.py took 0.130 seconds
[2024-11-20T14:30:21.463+0000] {processor.py:186} INFO - Started process (PID=1715) to work on /home/airflow/.local/lib/python3.12/site-packages/airflow/example_dags/tutorial_dag.py
[2024-11-20T14:30:21.465+0000] {processor.py:914} INFO - Processing file /home/airflow/.local/lib/python3.12/site-packages/airflow/example_dags/tutorial_dag.py for tasks to queue
[2024-11-20T14:30:21.470+0000] {logging_mixin.py:190} INFO - [2024-11-20T14:30:21.469+0000] {dagbag.py:588} INFO - Filling up the DagBag from /home/airflow/.local/lib/python3.12/site-packages/airflow/example_dags/tutorial_dag.py
[2024-11-20T14:30:21.491+0000] {processor.py:925} INFO - DAG(s) 'tutorial_dag' retrieved from /home/airflow/.local/lib/python3.12/site-packages/airflow/example_dags/tutorial_dag.py
[2024-11-20T14:30:21.539+0000] {logging_mixin.py:190} INFO - [2024-11-20T14:30:21.538+0000] {dag.py:3239} INFO - Sync 1 DAGs
[2024-11-20T14:30:21.586+0000] {logging_mixin.py:190} INFO - [2024-11-20T14:30:21.585+0000] {dag.py:4180} INFO - Setting next_dagrun for tutorial_dag to None, run_after=None
[2024-11-20T14:30:21.646+0000] {processor.py:208} INFO - Processing /home/airflow/.local/lib/python3.12/site-packages/airflow/example_dags/tutorial_dag.py took 0.200 seconds
[2024-11-20T14:30:56.235+0000] {processor.py:186} INFO - Started process (PID=1778) to work on /home/airflow/.local/lib/python3.12/site-packages/airflow/example_dags/tutorial_dag.py
[2024-11-20T14:30:56.238+0000] {processor.py:914} INFO - Processing file /home/airflow/.local/lib/python3.12/site-packages/airflow/example_dags/tutorial_dag.py for tasks to queue
[2024-11-20T14:30:56.244+0000] {logging_mixin.py:190} INFO - [2024-11-20T14:30:56.243+0000] {dagbag.py:588} INFO - Filling up the DagBag from /home/airflow/.local/lib/python3.12/site-packages/airflow/example_dags/tutorial_dag.py
[2024-11-20T14:30:56.277+0000] {processor.py:925} INFO - DAG(s) 'tutorial_dag' retrieved from /home/airflow/.local/lib/python3.12/site-packages/airflow/example_dags/tutorial_dag.py
[2024-11-20T14:30:56.334+0000] {logging_mixin.py:190} INFO - [2024-11-20T14:30:56.334+0000] {dag.py:3239} INFO - Sync 1 DAGs
[2024-11-20T14:30:56.375+0000] {logging_mixin.py:190} INFO - [2024-11-20T14:30:56.375+0000] {dag.py:4180} INFO - Setting next_dagrun for tutorial_dag to None, run_after=None
[2024-11-20T14:30:56.414+0000] {processor.py:208} INFO - Processing /home/airflow/.local/lib/python3.12/site-packages/airflow/example_dags/tutorial_dag.py took 0.203 seconds
[2024-11-20T14:31:28.702+0000] {processor.py:186} INFO - Started process (PID=1841) to work on /home/airflow/.local/lib/python3.12/site-packages/airflow/example_dags/tutorial_dag.py
[2024-11-20T14:31:28.706+0000] {processor.py:914} INFO - Processing file /home/airflow/.local/lib/python3.12/site-packages/airflow/example_dags/tutorial_dag.py for tasks to queue
[2024-11-20T14:31:28.712+0000] {logging_mixin.py:190} INFO - [2024-11-20T14:31:28.711+0000] {dagbag.py:588} INFO - Filling up the DagBag from /home/airflow/.local/lib/python3.12/site-packages/airflow/example_dags/tutorial_dag.py
[2024-11-20T14:31:28.732+0000] {processor.py:925} INFO - DAG(s) 'tutorial_dag' retrieved from /home/airflow/.local/lib/python3.12/site-packages/airflow/example_dags/tutorial_dag.py
[2024-11-20T14:31:28.782+0000] {logging_mixin.py:190} INFO - [2024-11-20T14:31:28.781+0000] {dag.py:3239} INFO - Sync 1 DAGs
[2024-11-20T14:31:28.821+0000] {logging_mixin.py:190} INFO - [2024-11-20T14:31:28.820+0000] {dag.py:4180} INFO - Setting next_dagrun for tutorial_dag to None, run_after=None
[2024-11-20T14:31:28.869+0000] {processor.py:208} INFO - Processing /home/airflow/.local/lib/python3.12/site-packages/airflow/example_dags/tutorial_dag.py took 0.182 seconds
[2024-11-20T14:32:02.877+0000] {processor.py:186} INFO - Started process (PID=1904) to work on /home/airflow/.local/lib/python3.12/site-packages/airflow/example_dags/tutorial_dag.py
[2024-11-20T14:32:02.879+0000] {processor.py:914} INFO - Processing file /home/airflow/.local/lib/python3.12/site-packages/airflow/example_dags/tutorial_dag.py for tasks to queue
[2024-11-20T14:32:02.886+0000] {logging_mixin.py:190} INFO - [2024-11-20T14:32:02.885+0000] {dagbag.py:588} INFO - Filling up the DagBag from /home/airflow/.local/lib/python3.12/site-packages/airflow/example_dags/tutorial_dag.py
[2024-11-20T14:32:02.906+0000] {processor.py:925} INFO - DAG(s) 'tutorial_dag' retrieved from /home/airflow/.local/lib/python3.12/site-packages/airflow/example_dags/tutorial_dag.py
[2024-11-20T14:32:02.958+0000] {logging_mixin.py:190} INFO - [2024-11-20T14:32:02.958+0000] {dag.py:3239} INFO - Sync 1 DAGs
[2024-11-20T14:32:02.997+0000] {logging_mixin.py:190} INFO - [2024-11-20T14:32:02.996+0000] {dag.py:4180} INFO - Setting next_dagrun for tutorial_dag to None, run_after=None
[2024-11-20T14:32:03.058+0000] {processor.py:208} INFO - Processing /home/airflow/.local/lib/python3.12/site-packages/airflow/example_dags/tutorial_dag.py took 0.208 seconds
[2024-11-20T14:32:33.140+0000] {processor.py:186} INFO - Started process (PID=1967) to work on /home/airflow/.local/lib/python3.12/site-packages/airflow/example_dags/tutorial_dag.py
[2024-11-20T14:32:33.142+0000] {processor.py:914} INFO - Processing file /home/airflow/.local/lib/python3.12/site-packages/airflow/example_dags/tutorial_dag.py for tasks to queue
[2024-11-20T14:32:33.148+0000] {logging_mixin.py:190} INFO - [2024-11-20T14:32:33.147+0000] {dagbag.py:588} INFO - Filling up the DagBag from /home/airflow/.local/lib/python3.12/site-packages/airflow/example_dags/tutorial_dag.py
[2024-11-20T14:32:33.167+0000] {processor.py:925} INFO - DAG(s) 'tutorial_dag' retrieved from /home/airflow/.local/lib/python3.12/site-packages/airflow/example_dags/tutorial_dag.py
[2024-11-20T14:32:33.203+0000] {logging_mixin.py:190} INFO - [2024-11-20T14:32:33.203+0000] {dag.py:3239} INFO - Sync 1 DAGs
[2024-11-20T14:32:33.236+0000] {logging_mixin.py:190} INFO - [2024-11-20T14:32:33.236+0000] {dag.py:4180} INFO - Setting next_dagrun for tutorial_dag to None, run_after=None
[2024-11-20T14:32:33.270+0000] {processor.py:208} INFO - Processing /home/airflow/.local/lib/python3.12/site-packages/airflow/example_dags/tutorial_dag.py took 0.147 seconds
[2024-11-20T14:33:04.456+0000] {processor.py:186} INFO - Started process (PID=2030) to work on /home/airflow/.local/lib/python3.12/site-packages/airflow/example_dags/tutorial_dag.py
[2024-11-20T14:33:04.457+0000] {processor.py:914} INFO - Processing file /home/airflow/.local/lib/python3.12/site-packages/airflow/example_dags/tutorial_dag.py for tasks to queue
[2024-11-20T14:33:04.460+0000] {logging_mixin.py:190} INFO - [2024-11-20T14:33:04.460+0000] {dagbag.py:588} INFO - Filling up the DagBag from /home/airflow/.local/lib/python3.12/site-packages/airflow/example_dags/tutorial_dag.py
[2024-11-20T14:33:04.471+0000] {processor.py:925} INFO - DAG(s) 'tutorial_dag' retrieved from /home/airflow/.local/lib/python3.12/site-packages/airflow/example_dags/tutorial_dag.py
[2024-11-20T14:33:04.499+0000] {logging_mixin.py:190} INFO - [2024-11-20T14:33:04.498+0000] {dag.py:3239} INFO - Sync 1 DAGs
[2024-11-20T14:33:04.524+0000] {logging_mixin.py:190} INFO - [2024-11-20T14:33:04.524+0000] {dag.py:4180} INFO - Setting next_dagrun for tutorial_dag to None, run_after=None
[2024-11-20T14:33:04.561+0000] {processor.py:208} INFO - Processing /home/airflow/.local/lib/python3.12/site-packages/airflow/example_dags/tutorial_dag.py took 0.114 seconds
[2024-11-20T14:33:34.790+0000] {processor.py:186} INFO - Started process (PID=2092) to work on /home/airflow/.local/lib/python3.12/site-packages/airflow/example_dags/tutorial_dag.py
[2024-11-20T14:33:34.792+0000] {processor.py:914} INFO - Processing file /home/airflow/.local/lib/python3.12/site-packages/airflow/example_dags/tutorial_dag.py for tasks to queue
[2024-11-20T14:33:34.795+0000] {logging_mixin.py:190} INFO - [2024-11-20T14:33:34.795+0000] {dagbag.py:588} INFO - Filling up the DagBag from /home/airflow/.local/lib/python3.12/site-packages/airflow/example_dags/tutorial_dag.py
[2024-11-20T14:33:34.806+0000] {processor.py:925} INFO - DAG(s) 'tutorial_dag' retrieved from /home/airflow/.local/lib/python3.12/site-packages/airflow/example_dags/tutorial_dag.py
[2024-11-20T14:33:34.836+0000] {logging_mixin.py:190} INFO - [2024-11-20T14:33:34.836+0000] {dag.py:3239} INFO - Sync 1 DAGs
[2024-11-20T14:33:34.860+0000] {logging_mixin.py:190} INFO - [2024-11-20T14:33:34.860+0000] {dag.py:4180} INFO - Setting next_dagrun for tutorial_dag to None, run_after=None
[2024-11-20T14:33:34.889+0000] {processor.py:208} INFO - Processing /home/airflow/.local/lib/python3.12/site-packages/airflow/example_dags/tutorial_dag.py took 0.110 seconds
[2024-11-20T14:34:05.230+0000] {processor.py:186} INFO - Started process (PID=2155) to work on /home/airflow/.local/lib/python3.12/site-packages/airflow/example_dags/tutorial_dag.py
[2024-11-20T14:34:05.232+0000] {processor.py:914} INFO - Processing file /home/airflow/.local/lib/python3.12/site-packages/airflow/example_dags/tutorial_dag.py for tasks to queue
[2024-11-20T14:34:05.236+0000] {logging_mixin.py:190} INFO - [2024-11-20T14:34:05.235+0000] {dagbag.py:588} INFO - Filling up the DagBag from /home/airflow/.local/lib/python3.12/site-packages/airflow/example_dags/tutorial_dag.py
[2024-11-20T14:34:05.247+0000] {processor.py:925} INFO - DAG(s) 'tutorial_dag' retrieved from /home/airflow/.local/lib/python3.12/site-packages/airflow/example_dags/tutorial_dag.py
[2024-11-20T14:34:05.275+0000] {logging_mixin.py:190} INFO - [2024-11-20T14:34:05.275+0000] {dag.py:3239} INFO - Sync 1 DAGs
[2024-11-20T14:34:05.298+0000] {logging_mixin.py:190} INFO - [2024-11-20T14:34:05.298+0000] {dag.py:4180} INFO - Setting next_dagrun for tutorial_dag to None, run_after=None
[2024-11-20T14:34:05.326+0000] {processor.py:208} INFO - Processing /home/airflow/.local/lib/python3.12/site-packages/airflow/example_dags/tutorial_dag.py took 0.104 seconds
[2024-11-20T14:34:35.482+0000] {processor.py:186} INFO - Started process (PID=2217) to work on /home/airflow/.local/lib/python3.12/site-packages/airflow/example_dags/tutorial_dag.py
[2024-11-20T14:34:35.483+0000] {processor.py:914} INFO - Processing file /home/airflow/.local/lib/python3.12/site-packages/airflow/example_dags/tutorial_dag.py for tasks to queue
[2024-11-20T14:34:35.487+0000] {logging_mixin.py:190} INFO - [2024-11-20T14:34:35.486+0000] {dagbag.py:588} INFO - Filling up the DagBag from /home/airflow/.local/lib/python3.12/site-packages/airflow/example_dags/tutorial_dag.py
[2024-11-20T14:34:35.499+0000] {processor.py:925} INFO - DAG(s) 'tutorial_dag' retrieved from /home/airflow/.local/lib/python3.12/site-packages/airflow/example_dags/tutorial_dag.py
[2024-11-20T14:34:35.535+0000] {logging_mixin.py:190} INFO - [2024-11-20T14:34:35.535+0000] {dag.py:3239} INFO - Sync 1 DAGs
[2024-11-20T14:34:35.565+0000] {logging_mixin.py:190} INFO - [2024-11-20T14:34:35.565+0000] {dag.py:4180} INFO - Setting next_dagrun for tutorial_dag to None, run_after=None
[2024-11-20T14:34:35.597+0000] {processor.py:208} INFO - Processing /home/airflow/.local/lib/python3.12/site-packages/airflow/example_dags/tutorial_dag.py took 0.125 seconds
[2024-11-20T14:35:06.358+0000] {processor.py:186} INFO - Started process (PID=2280) to work on /home/airflow/.local/lib/python3.12/site-packages/airflow/example_dags/tutorial_dag.py
[2024-11-20T14:35:06.359+0000] {processor.py:914} INFO - Processing file /home/airflow/.local/lib/python3.12/site-packages/airflow/example_dags/tutorial_dag.py for tasks to queue
[2024-11-20T14:35:06.364+0000] {logging_mixin.py:190} INFO - [2024-11-20T14:35:06.363+0000] {dagbag.py:588} INFO - Filling up the DagBag from /home/airflow/.local/lib/python3.12/site-packages/airflow/example_dags/tutorial_dag.py
[2024-11-20T14:35:06.378+0000] {processor.py:925} INFO - DAG(s) 'tutorial_dag' retrieved from /home/airflow/.local/lib/python3.12/site-packages/airflow/example_dags/tutorial_dag.py
[2024-11-20T14:35:06.416+0000] {logging_mixin.py:190} INFO - [2024-11-20T14:35:06.415+0000] {dag.py:3239} INFO - Sync 1 DAGs
[2024-11-20T14:35:06.450+0000] {logging_mixin.py:190} INFO - [2024-11-20T14:35:06.449+0000] {dag.py:4180} INFO - Setting next_dagrun for tutorial_dag to None, run_after=None
[2024-11-20T14:35:06.483+0000] {processor.py:208} INFO - Processing /home/airflow/.local/lib/python3.12/site-packages/airflow/example_dags/tutorial_dag.py took 0.136 seconds
[2024-11-20T14:35:36.759+0000] {processor.py:186} INFO - Started process (PID=2343) to work on /home/airflow/.local/lib/python3.12/site-packages/airflow/example_dags/tutorial_dag.py
[2024-11-20T14:35:36.761+0000] {processor.py:914} INFO - Processing file /home/airflow/.local/lib/python3.12/site-packages/airflow/example_dags/tutorial_dag.py for tasks to queue
[2024-11-20T14:35:36.767+0000] {logging_mixin.py:190} INFO - [2024-11-20T14:35:36.766+0000] {dagbag.py:588} INFO - Filling up the DagBag from /home/airflow/.local/lib/python3.12/site-packages/airflow/example_dags/tutorial_dag.py
[2024-11-20T14:35:36.784+0000] {processor.py:925} INFO - DAG(s) 'tutorial_dag' retrieved from /home/airflow/.local/lib/python3.12/site-packages/airflow/example_dags/tutorial_dag.py
[2024-11-20T14:35:36.828+0000] {logging_mixin.py:190} INFO - [2024-11-20T14:35:36.828+0000] {dag.py:3239} INFO - Sync 1 DAGs
[2024-11-20T14:35:36.868+0000] {logging_mixin.py:190} INFO - [2024-11-20T14:35:36.868+0000] {dag.py:4180} INFO - Setting next_dagrun for tutorial_dag to None, run_after=None
[2024-11-20T14:35:36.915+0000] {processor.py:208} INFO - Processing /home/airflow/.local/lib/python3.12/site-packages/airflow/example_dags/tutorial_dag.py took 0.170 seconds
[2024-11-20T14:36:07.936+0000] {processor.py:186} INFO - Started process (PID=2405) to work on /home/airflow/.local/lib/python3.12/site-packages/airflow/example_dags/tutorial_dag.py
[2024-11-20T14:36:07.938+0000] {processor.py:914} INFO - Processing file /home/airflow/.local/lib/python3.12/site-packages/airflow/example_dags/tutorial_dag.py for tasks to queue
[2024-11-20T14:36:07.945+0000] {logging_mixin.py:190} INFO - [2024-11-20T14:36:07.944+0000] {dagbag.py:588} INFO - Filling up the DagBag from /home/airflow/.local/lib/python3.12/site-packages/airflow/example_dags/tutorial_dag.py
[2024-11-20T14:36:07.957+0000] {processor.py:925} INFO - DAG(s) 'tutorial_dag' retrieved from /home/airflow/.local/lib/python3.12/site-packages/airflow/example_dags/tutorial_dag.py
[2024-11-20T14:36:07.990+0000] {logging_mixin.py:190} INFO - [2024-11-20T14:36:07.990+0000] {dag.py:3239} INFO - Sync 1 DAGs
[2024-11-20T14:36:08.021+0000] {logging_mixin.py:190} INFO - [2024-11-20T14:36:08.021+0000] {dag.py:4180} INFO - Setting next_dagrun for tutorial_dag to None, run_after=None
[2024-11-20T14:36:08.053+0000] {processor.py:208} INFO - Processing /home/airflow/.local/lib/python3.12/site-packages/airflow/example_dags/tutorial_dag.py took 0.130 seconds
[2024-11-20T14:36:38.878+0000] {processor.py:186} INFO - Started process (PID=2468) to work on /home/airflow/.local/lib/python3.12/site-packages/airflow/example_dags/tutorial_dag.py
[2024-11-20T14:36:38.880+0000] {processor.py:914} INFO - Processing file /home/airflow/.local/lib/python3.12/site-packages/airflow/example_dags/tutorial_dag.py for tasks to queue
[2024-11-20T14:36:38.883+0000] {logging_mixin.py:190} INFO - [2024-11-20T14:36:38.883+0000] {dagbag.py:588} INFO - Filling up the DagBag from /home/airflow/.local/lib/python3.12/site-packages/airflow/example_dags/tutorial_dag.py
[2024-11-20T14:36:38.896+0000] {processor.py:925} INFO - DAG(s) 'tutorial_dag' retrieved from /home/airflow/.local/lib/python3.12/site-packages/airflow/example_dags/tutorial_dag.py
[2024-11-20T14:36:38.928+0000] {logging_mixin.py:190} INFO - [2024-11-20T14:36:38.927+0000] {dag.py:3239} INFO - Sync 1 DAGs
[2024-11-20T14:36:38.949+0000] {logging_mixin.py:190} INFO - [2024-11-20T14:36:38.949+0000] {dag.py:4180} INFO - Setting next_dagrun for tutorial_dag to None, run_after=None
[2024-11-20T14:36:38.978+0000] {processor.py:208} INFO - Processing /home/airflow/.local/lib/python3.12/site-packages/airflow/example_dags/tutorial_dag.py took 0.110 seconds
[2024-11-20T14:37:10.908+0000] {processor.py:186} INFO - Started process (PID=2531) to work on /home/airflow/.local/lib/python3.12/site-packages/airflow/example_dags/tutorial_dag.py
[2024-11-20T14:37:10.909+0000] {processor.py:914} INFO - Processing file /home/airflow/.local/lib/python3.12/site-packages/airflow/example_dags/tutorial_dag.py for tasks to queue
[2024-11-20T14:37:10.913+0000] {logging_mixin.py:190} INFO - [2024-11-20T14:37:10.912+0000] {dagbag.py:588} INFO - Filling up the DagBag from /home/airflow/.local/lib/python3.12/site-packages/airflow/example_dags/tutorial_dag.py
[2024-11-20T14:37:10.925+0000] {processor.py:925} INFO - DAG(s) 'tutorial_dag' retrieved from /home/airflow/.local/lib/python3.12/site-packages/airflow/example_dags/tutorial_dag.py
[2024-11-20T14:37:10.953+0000] {logging_mixin.py:190} INFO - [2024-11-20T14:37:10.953+0000] {dag.py:3239} INFO - Sync 1 DAGs
[2024-11-20T14:37:10.980+0000] {logging_mixin.py:190} INFO - [2024-11-20T14:37:10.979+0000] {dag.py:4180} INFO - Setting next_dagrun for tutorial_dag to None, run_after=None
[2024-11-20T14:37:11.019+0000] {processor.py:208} INFO - Processing /home/airflow/.local/lib/python3.12/site-packages/airflow/example_dags/tutorial_dag.py took 0.121 seconds
[2024-11-20T14:37:42.311+0000] {processor.py:186} INFO - Started process (PID=2593) to work on /home/airflow/.local/lib/python3.12/site-packages/airflow/example_dags/tutorial_dag.py
[2024-11-20T14:37:42.312+0000] {processor.py:914} INFO - Processing file /home/airflow/.local/lib/python3.12/site-packages/airflow/example_dags/tutorial_dag.py for tasks to queue
[2024-11-20T14:37:42.317+0000] {logging_mixin.py:190} INFO - [2024-11-20T14:37:42.316+0000] {dagbag.py:588} INFO - Filling up the DagBag from /home/airflow/.local/lib/python3.12/site-packages/airflow/example_dags/tutorial_dag.py
[2024-11-20T14:37:42.329+0000] {processor.py:925} INFO - DAG(s) 'tutorial_dag' retrieved from /home/airflow/.local/lib/python3.12/site-packages/airflow/example_dags/tutorial_dag.py
[2024-11-20T14:37:42.364+0000] {logging_mixin.py:190} INFO - [2024-11-20T14:37:42.363+0000] {dag.py:3239} INFO - Sync 1 DAGs
[2024-11-20T14:37:42.394+0000] {logging_mixin.py:190} INFO - [2024-11-20T14:37:42.393+0000] {dag.py:4180} INFO - Setting next_dagrun for tutorial_dag to None, run_after=None
[2024-11-20T14:37:42.424+0000] {processor.py:208} INFO - Processing /home/airflow/.local/lib/python3.12/site-packages/airflow/example_dags/tutorial_dag.py took 0.127 seconds
[2024-11-20T14:38:14.445+0000] {processor.py:186} INFO - Started process (PID=2661) to work on /home/airflow/.local/lib/python3.12/site-packages/airflow/example_dags/tutorial_dag.py
[2024-11-20T14:38:14.447+0000] {processor.py:914} INFO - Processing file /home/airflow/.local/lib/python3.12/site-packages/airflow/example_dags/tutorial_dag.py for tasks to queue
[2024-11-20T14:38:14.455+0000] {logging_mixin.py:190} INFO - [2024-11-20T14:38:14.455+0000] {dagbag.py:588} INFO - Filling up the DagBag from /home/airflow/.local/lib/python3.12/site-packages/airflow/example_dags/tutorial_dag.py
[2024-11-20T14:38:14.477+0000] {processor.py:925} INFO - DAG(s) 'tutorial_dag' retrieved from /home/airflow/.local/lib/python3.12/site-packages/airflow/example_dags/tutorial_dag.py
[2024-11-20T14:38:14.517+0000] {logging_mixin.py:190} INFO - [2024-11-20T14:38:14.517+0000] {dag.py:3239} INFO - Sync 1 DAGs
[2024-11-20T14:38:14.595+0000] {logging_mixin.py:190} INFO - [2024-11-20T14:38:14.595+0000] {dag.py:4180} INFO - Setting next_dagrun for tutorial_dag to None, run_after=None
[2024-11-20T14:38:14.804+0000] {processor.py:208} INFO - Processing /home/airflow/.local/lib/python3.12/site-packages/airflow/example_dags/tutorial_dag.py took 0.394 seconds
