[2024-11-20T14:16:26.599+0000] {processor.py:186} INFO - Started process (PID=126) to work on /home/airflow/.local/lib/python3.12/site-packages/airflow/example_dags/tutorial.py
[2024-11-20T14:16:26.600+0000] {processor.py:914} INFO - Processing file /home/airflow/.local/lib/python3.12/site-packages/airflow/example_dags/tutorial.py for tasks to queue
[2024-11-20T14:16:26.605+0000] {logging_mixin.py:190} INFO - [2024-11-20T14:16:26.604+0000] {dagbag.py:588} INFO - Filling up the DagBag from /home/airflow/.local/lib/python3.12/site-packages/airflow/example_dags/tutorial.py
[2024-11-20T14:16:26.623+0000] {processor.py:925} INFO - DAG(s) 'tutorial' retrieved from /home/airflow/.local/lib/python3.12/site-packages/airflow/example_dags/tutorial.py
[2024-11-20T14:16:27.016+0000] {logging_mixin.py:190} INFO - [2024-11-20T14:16:27.014+0000] {override.py:1911} INFO - Created Permission View: can delete on DAG:tutorial
[2024-11-20T14:16:27.092+0000] {logging_mixin.py:190} INFO - [2024-11-20T14:16:27.091+0000] {override.py:1911} INFO - Created Permission View: can read on DAG:tutorial
[2024-11-20T14:16:27.153+0000] {logging_mixin.py:190} INFO - [2024-11-20T14:16:27.153+0000] {override.py:1911} INFO - Created Permission View: can edit on DAG:tutorial
[2024-11-20T14:16:27.230+0000] {logging_mixin.py:190} INFO - [2024-11-20T14:16:27.228+0000] {override.py:1911} INFO - Created Permission View: can delete on DAG Run:tutorial
[2024-11-20T14:16:27.250+0000] {logging_mixin.py:190} INFO - [2024-11-20T14:16:27.249+0000] {override.py:1911} INFO - Created Permission View: menu access on DAG Run:tutorial
[2024-11-20T14:16:27.274+0000] {logging_mixin.py:190} INFO - [2024-11-20T14:16:27.273+0000] {override.py:1911} INFO - Created Permission View: can read on DAG Run:tutorial
[2024-11-20T14:16:27.342+0000] {logging_mixin.py:190} INFO - [2024-11-20T14:16:27.341+0000] {override.py:1911} INFO - Created Permission View: can create on DAG Run:tutorial
[2024-11-20T14:16:27.343+0000] {logging_mixin.py:190} INFO - [2024-11-20T14:16:27.342+0000] {dag.py:3239} INFO - Sync 1 DAGs
[2024-11-20T14:16:27.421+0000] {logging_mixin.py:190} INFO - [2024-11-20T14:16:27.419+0000] {dag.py:3262} INFO - Creating ORM DAG for tutorial
[2024-11-20T14:16:27.482+0000] {logging_mixin.py:190} INFO - [2024-11-20T14:16:27.481+0000] {dag.py:4180} INFO - Setting next_dagrun for tutorial to 2024-11-19 00:00:00+00:00, run_after=2024-11-20 00:00:00+00:00
[2024-11-20T14:16:27.582+0000] {processor.py:208} INFO - Processing /home/airflow/.local/lib/python3.12/site-packages/airflow/example_dags/tutorial.py took 0.996 seconds
[2024-11-20T14:16:58.251+0000] {processor.py:186} INFO - Started process (PID=189) to work on /home/airflow/.local/lib/python3.12/site-packages/airflow/example_dags/tutorial.py
[2024-11-20T14:16:58.252+0000] {processor.py:914} INFO - Processing file /home/airflow/.local/lib/python3.12/site-packages/airflow/example_dags/tutorial.py for tasks to queue
[2024-11-20T14:16:58.257+0000] {logging_mixin.py:190} INFO - [2024-11-20T14:16:58.256+0000] {dagbag.py:588} INFO - Filling up the DagBag from /home/airflow/.local/lib/python3.12/site-packages/airflow/example_dags/tutorial.py
[2024-11-20T14:16:58.271+0000] {processor.py:925} INFO - DAG(s) 'tutorial' retrieved from /home/airflow/.local/lib/python3.12/site-packages/airflow/example_dags/tutorial.py
[2024-11-20T14:16:58.305+0000] {logging_mixin.py:190} INFO - [2024-11-20T14:16:58.305+0000] {dag.py:3239} INFO - Sync 1 DAGs
[2024-11-20T14:16:58.354+0000] {logging_mixin.py:190} INFO - [2024-11-20T14:16:58.354+0000] {dag.py:4180} INFO - Setting next_dagrun for tutorial to 2024-11-19 00:00:00+00:00, run_after=2024-11-20 00:00:00+00:00
[2024-11-20T14:16:58.395+0000] {processor.py:208} INFO - Processing /home/airflow/.local/lib/python3.12/site-packages/airflow/example_dags/tutorial.py took 0.159 seconds
[2024-11-20T14:17:28.721+0000] {processor.py:186} INFO - Started process (PID=252) to work on /home/airflow/.local/lib/python3.12/site-packages/airflow/example_dags/tutorial.py
[2024-11-20T14:17:28.722+0000] {processor.py:914} INFO - Processing file /home/airflow/.local/lib/python3.12/site-packages/airflow/example_dags/tutorial.py for tasks to queue
[2024-11-20T14:17:28.726+0000] {logging_mixin.py:190} INFO - [2024-11-20T14:17:28.726+0000] {dagbag.py:588} INFO - Filling up the DagBag from /home/airflow/.local/lib/python3.12/site-packages/airflow/example_dags/tutorial.py
[2024-11-20T14:17:28.739+0000] {processor.py:925} INFO - DAG(s) 'tutorial' retrieved from /home/airflow/.local/lib/python3.12/site-packages/airflow/example_dags/tutorial.py
[2024-11-20T14:17:28.767+0000] {logging_mixin.py:190} INFO - [2024-11-20T14:17:28.767+0000] {dag.py:3239} INFO - Sync 1 DAGs
[2024-11-20T14:17:28.804+0000] {logging_mixin.py:190} INFO - [2024-11-20T14:17:28.804+0000] {dag.py:4180} INFO - Setting next_dagrun for tutorial to 2024-11-19 00:00:00+00:00, run_after=2024-11-20 00:00:00+00:00
[2024-11-20T14:17:28.834+0000] {processor.py:208} INFO - Processing /home/airflow/.local/lib/python3.12/site-packages/airflow/example_dags/tutorial.py took 0.126 seconds
[2024-11-20T14:17:59.371+0000] {processor.py:186} INFO - Started process (PID=315) to work on /home/airflow/.local/lib/python3.12/site-packages/airflow/example_dags/tutorial.py
[2024-11-20T14:17:59.373+0000] {processor.py:914} INFO - Processing file /home/airflow/.local/lib/python3.12/site-packages/airflow/example_dags/tutorial.py for tasks to queue
[2024-11-20T14:17:59.377+0000] {logging_mixin.py:190} INFO - [2024-11-20T14:17:59.376+0000] {dagbag.py:588} INFO - Filling up the DagBag from /home/airflow/.local/lib/python3.12/site-packages/airflow/example_dags/tutorial.py
[2024-11-20T14:17:59.392+0000] {processor.py:925} INFO - DAG(s) 'tutorial' retrieved from /home/airflow/.local/lib/python3.12/site-packages/airflow/example_dags/tutorial.py
[2024-11-20T14:17:59.424+0000] {logging_mixin.py:190} INFO - [2024-11-20T14:17:59.424+0000] {dag.py:3239} INFO - Sync 1 DAGs
[2024-11-20T14:17:59.467+0000] {logging_mixin.py:190} INFO - [2024-11-20T14:17:59.467+0000] {dag.py:4180} INFO - Setting next_dagrun for tutorial to 2024-11-19 00:00:00+00:00, run_after=2024-11-20 00:00:00+00:00
[2024-11-20T14:17:59.495+0000] {processor.py:208} INFO - Processing /home/airflow/.local/lib/python3.12/site-packages/airflow/example_dags/tutorial.py took 0.137 seconds
[2024-11-20T14:18:30.400+0000] {processor.py:186} INFO - Started process (PID=378) to work on /home/airflow/.local/lib/python3.12/site-packages/airflow/example_dags/tutorial.py
[2024-11-20T14:18:30.402+0000] {processor.py:914} INFO - Processing file /home/airflow/.local/lib/python3.12/site-packages/airflow/example_dags/tutorial.py for tasks to queue
[2024-11-20T14:18:30.406+0000] {logging_mixin.py:190} INFO - [2024-11-20T14:18:30.406+0000] {dagbag.py:588} INFO - Filling up the DagBag from /home/airflow/.local/lib/python3.12/site-packages/airflow/example_dags/tutorial.py
[2024-11-20T14:18:30.421+0000] {processor.py:925} INFO - DAG(s) 'tutorial' retrieved from /home/airflow/.local/lib/python3.12/site-packages/airflow/example_dags/tutorial.py
[2024-11-20T14:18:30.451+0000] {logging_mixin.py:190} INFO - [2024-11-20T14:18:30.450+0000] {dag.py:3239} INFO - Sync 1 DAGs
[2024-11-20T14:18:30.494+0000] {logging_mixin.py:190} INFO - [2024-11-20T14:18:30.493+0000] {dag.py:4180} INFO - Setting next_dagrun for tutorial to 2024-11-19 00:00:00+00:00, run_after=2024-11-20 00:00:00+00:00
[2024-11-20T14:18:30.525+0000] {processor.py:208} INFO - Processing /home/airflow/.local/lib/python3.12/site-packages/airflow/example_dags/tutorial.py took 0.138 seconds
[2024-11-20T14:19:00.792+0000] {processor.py:186} INFO - Started process (PID=441) to work on /home/airflow/.local/lib/python3.12/site-packages/airflow/example_dags/tutorial.py
[2024-11-20T14:19:00.793+0000] {processor.py:914} INFO - Processing file /home/airflow/.local/lib/python3.12/site-packages/airflow/example_dags/tutorial.py for tasks to queue
[2024-11-20T14:19:00.798+0000] {logging_mixin.py:190} INFO - [2024-11-20T14:19:00.797+0000] {dagbag.py:588} INFO - Filling up the DagBag from /home/airflow/.local/lib/python3.12/site-packages/airflow/example_dags/tutorial.py
[2024-11-20T14:19:00.810+0000] {processor.py:925} INFO - DAG(s) 'tutorial' retrieved from /home/airflow/.local/lib/python3.12/site-packages/airflow/example_dags/tutorial.py
[2024-11-20T14:19:00.839+0000] {logging_mixin.py:190} INFO - [2024-11-20T14:19:00.839+0000] {dag.py:3239} INFO - Sync 1 DAGs
[2024-11-20T14:19:00.879+0000] {logging_mixin.py:190} INFO - [2024-11-20T14:19:00.878+0000] {dag.py:4180} INFO - Setting next_dagrun for tutorial to 2024-11-19 00:00:00+00:00, run_after=2024-11-20 00:00:00+00:00
[2024-11-20T14:19:00.910+0000] {processor.py:208} INFO - Processing /home/airflow/.local/lib/python3.12/site-packages/airflow/example_dags/tutorial.py took 0.131 seconds
[2024-11-20T14:19:31.830+0000] {processor.py:186} INFO - Started process (PID=503) to work on /home/airflow/.local/lib/python3.12/site-packages/airflow/example_dags/tutorial.py
[2024-11-20T14:19:31.835+0000] {processor.py:914} INFO - Processing file /home/airflow/.local/lib/python3.12/site-packages/airflow/example_dags/tutorial.py for tasks to queue
[2024-11-20T14:19:31.843+0000] {logging_mixin.py:190} INFO - [2024-11-20T14:19:31.842+0000] {dagbag.py:588} INFO - Filling up the DagBag from /home/airflow/.local/lib/python3.12/site-packages/airflow/example_dags/tutorial.py
[2024-11-20T14:19:31.874+0000] {processor.py:925} INFO - DAG(s) 'tutorial' retrieved from /home/airflow/.local/lib/python3.12/site-packages/airflow/example_dags/tutorial.py
[2024-11-20T14:19:31.929+0000] {logging_mixin.py:190} INFO - [2024-11-20T14:19:31.929+0000] {dag.py:3239} INFO - Sync 1 DAGs
[2024-11-20T14:19:31.990+0000] {logging_mixin.py:190} INFO - [2024-11-20T14:19:31.990+0000] {dag.py:4180} INFO - Setting next_dagrun for tutorial to 2024-11-19 00:00:00+00:00, run_after=2024-11-20 00:00:00+00:00
[2024-11-20T14:19:32.038+0000] {processor.py:208} INFO - Processing /home/airflow/.local/lib/python3.12/site-packages/airflow/example_dags/tutorial.py took 0.228 seconds
[2024-11-20T14:20:03.791+0000] {processor.py:186} INFO - Started process (PID=566) to work on /home/airflow/.local/lib/python3.12/site-packages/airflow/example_dags/tutorial.py
[2024-11-20T14:20:03.793+0000] {processor.py:914} INFO - Processing file /home/airflow/.local/lib/python3.12/site-packages/airflow/example_dags/tutorial.py for tasks to queue
[2024-11-20T14:20:03.798+0000] {logging_mixin.py:190} INFO - [2024-11-20T14:20:03.797+0000] {dagbag.py:588} INFO - Filling up the DagBag from /home/airflow/.local/lib/python3.12/site-packages/airflow/example_dags/tutorial.py
[2024-11-20T14:20:03.816+0000] {processor.py:925} INFO - DAG(s) 'tutorial' retrieved from /home/airflow/.local/lib/python3.12/site-packages/airflow/example_dags/tutorial.py
[2024-11-20T14:20:03.863+0000] {logging_mixin.py:190} INFO - [2024-11-20T14:20:03.862+0000] {dag.py:3239} INFO - Sync 1 DAGs
[2024-11-20T14:20:03.943+0000] {logging_mixin.py:190} INFO - [2024-11-20T14:20:03.942+0000] {dag.py:4180} INFO - Setting next_dagrun for tutorial to 2024-11-19 00:00:00+00:00, run_after=2024-11-20 00:00:00+00:00
[2024-11-20T14:20:04.029+0000] {processor.py:208} INFO - Processing /home/airflow/.local/lib/python3.12/site-packages/airflow/example_dags/tutorial.py took 0.252 seconds
[2024-11-20T14:20:35.188+0000] {processor.py:186} INFO - Started process (PID=629) to work on /home/airflow/.local/lib/python3.12/site-packages/airflow/example_dags/tutorial.py
[2024-11-20T14:20:35.189+0000] {processor.py:914} INFO - Processing file /home/airflow/.local/lib/python3.12/site-packages/airflow/example_dags/tutorial.py for tasks to queue
[2024-11-20T14:20:35.194+0000] {logging_mixin.py:190} INFO - [2024-11-20T14:20:35.194+0000] {dagbag.py:588} INFO - Filling up the DagBag from /home/airflow/.local/lib/python3.12/site-packages/airflow/example_dags/tutorial.py
[2024-11-20T14:20:35.209+0000] {processor.py:925} INFO - DAG(s) 'tutorial' retrieved from /home/airflow/.local/lib/python3.12/site-packages/airflow/example_dags/tutorial.py
[2024-11-20T14:20:35.248+0000] {logging_mixin.py:190} INFO - [2024-11-20T14:20:35.248+0000] {dag.py:3239} INFO - Sync 1 DAGs
[2024-11-20T14:20:35.307+0000] {logging_mixin.py:190} INFO - [2024-11-20T14:20:35.306+0000] {dag.py:4180} INFO - Setting next_dagrun for tutorial to 2024-11-19 00:00:00+00:00, run_after=2024-11-20 00:00:00+00:00
[2024-11-20T14:20:35.349+0000] {processor.py:208} INFO - Processing /home/airflow/.local/lib/python3.12/site-packages/airflow/example_dags/tutorial.py took 0.176 seconds
[2024-11-20T14:21:05.963+0000] {processor.py:186} INFO - Started process (PID=692) to work on /home/airflow/.local/lib/python3.12/site-packages/airflow/example_dags/tutorial.py
[2024-11-20T14:21:05.965+0000] {processor.py:914} INFO - Processing file /home/airflow/.local/lib/python3.12/site-packages/airflow/example_dags/tutorial.py for tasks to queue
[2024-11-20T14:21:05.970+0000] {logging_mixin.py:190} INFO - [2024-11-20T14:21:05.970+0000] {dagbag.py:588} INFO - Filling up the DagBag from /home/airflow/.local/lib/python3.12/site-packages/airflow/example_dags/tutorial.py
[2024-11-20T14:21:05.985+0000] {processor.py:925} INFO - DAG(s) 'tutorial' retrieved from /home/airflow/.local/lib/python3.12/site-packages/airflow/example_dags/tutorial.py
[2024-11-20T14:21:06.023+0000] {logging_mixin.py:190} INFO - [2024-11-20T14:21:06.023+0000] {dag.py:3239} INFO - Sync 1 DAGs
[2024-11-20T14:21:06.071+0000] {logging_mixin.py:190} INFO - [2024-11-20T14:21:06.071+0000] {dag.py:4180} INFO - Setting next_dagrun for tutorial to 2024-11-19 00:00:00+00:00, run_after=2024-11-20 00:00:00+00:00
[2024-11-20T14:21:06.108+0000] {processor.py:208} INFO - Processing /home/airflow/.local/lib/python3.12/site-packages/airflow/example_dags/tutorial.py took 0.156 seconds
[2024-11-20T14:21:36.537+0000] {processor.py:186} INFO - Started process (PID=754) to work on /home/airflow/.local/lib/python3.12/site-packages/airflow/example_dags/tutorial.py
[2024-11-20T14:21:36.538+0000] {processor.py:914} INFO - Processing file /home/airflow/.local/lib/python3.12/site-packages/airflow/example_dags/tutorial.py for tasks to queue
[2024-11-20T14:21:36.542+0000] {logging_mixin.py:190} INFO - [2024-11-20T14:21:36.541+0000] {dagbag.py:588} INFO - Filling up the DagBag from /home/airflow/.local/lib/python3.12/site-packages/airflow/example_dags/tutorial.py
[2024-11-20T14:21:36.556+0000] {processor.py:925} INFO - DAG(s) 'tutorial' retrieved from /home/airflow/.local/lib/python3.12/site-packages/airflow/example_dags/tutorial.py
[2024-11-20T14:21:36.589+0000] {logging_mixin.py:190} INFO - [2024-11-20T14:21:36.588+0000] {dag.py:3239} INFO - Sync 1 DAGs
[2024-11-20T14:21:36.633+0000] {logging_mixin.py:190} INFO - [2024-11-20T14:21:36.633+0000] {dag.py:4180} INFO - Setting next_dagrun for tutorial to 2024-11-19 00:00:00+00:00, run_after=2024-11-20 00:00:00+00:00
[2024-11-20T14:21:36.671+0000] {processor.py:208} INFO - Processing /home/airflow/.local/lib/python3.12/site-packages/airflow/example_dags/tutorial.py took 0.145 seconds
[2024-11-20T14:22:08.729+0000] {processor.py:186} INFO - Started process (PID=818) to work on /home/airflow/.local/lib/python3.12/site-packages/airflow/example_dags/tutorial.py
[2024-11-20T14:22:08.730+0000] {processor.py:914} INFO - Processing file /home/airflow/.local/lib/python3.12/site-packages/airflow/example_dags/tutorial.py for tasks to queue
[2024-11-20T14:22:08.734+0000] {logging_mixin.py:190} INFO - [2024-11-20T14:22:08.733+0000] {dagbag.py:588} INFO - Filling up the DagBag from /home/airflow/.local/lib/python3.12/site-packages/airflow/example_dags/tutorial.py
[2024-11-20T14:22:08.745+0000] {processor.py:925} INFO - DAG(s) 'tutorial' retrieved from /home/airflow/.local/lib/python3.12/site-packages/airflow/example_dags/tutorial.py
[2024-11-20T14:22:08.774+0000] {logging_mixin.py:190} INFO - [2024-11-20T14:22:08.774+0000] {dag.py:3239} INFO - Sync 1 DAGs
[2024-11-20T14:22:08.816+0000] {logging_mixin.py:190} INFO - [2024-11-20T14:22:08.815+0000] {dag.py:4180} INFO - Setting next_dagrun for tutorial to 2024-11-19 00:00:00+00:00, run_after=2024-11-20 00:00:00+00:00
[2024-11-20T14:22:08.849+0000] {processor.py:208} INFO - Processing /home/airflow/.local/lib/python3.12/site-packages/airflow/example_dags/tutorial.py took 0.129 seconds
[2024-11-20T14:22:41.569+0000] {processor.py:186} INFO - Started process (PID=880) to work on /home/airflow/.local/lib/python3.12/site-packages/airflow/example_dags/tutorial.py
[2024-11-20T14:22:41.570+0000] {processor.py:914} INFO - Processing file /home/airflow/.local/lib/python3.12/site-packages/airflow/example_dags/tutorial.py for tasks to queue
[2024-11-20T14:22:41.575+0000] {logging_mixin.py:190} INFO - [2024-11-20T14:22:41.575+0000] {dagbag.py:588} INFO - Filling up the DagBag from /home/airflow/.local/lib/python3.12/site-packages/airflow/example_dags/tutorial.py
[2024-11-20T14:22:41.592+0000] {processor.py:925} INFO - DAG(s) 'tutorial' retrieved from /home/airflow/.local/lib/python3.12/site-packages/airflow/example_dags/tutorial.py
[2024-11-20T14:22:41.635+0000] {logging_mixin.py:190} INFO - [2024-11-20T14:22:41.634+0000] {dag.py:3239} INFO - Sync 1 DAGs
[2024-11-20T14:22:41.710+0000] {logging_mixin.py:190} INFO - [2024-11-20T14:22:41.709+0000] {dag.py:4180} INFO - Setting next_dagrun for tutorial to 2024-11-19 00:00:00+00:00, run_after=2024-11-20 00:00:00+00:00
[2024-11-20T14:22:41.769+0000] {processor.py:208} INFO - Processing /home/airflow/.local/lib/python3.12/site-packages/airflow/example_dags/tutorial.py took 0.213 seconds
[2024-11-20T14:23:15.633+0000] {processor.py:186} INFO - Started process (PID=955) to work on /home/airflow/.local/lib/python3.12/site-packages/airflow/example_dags/tutorial.py
[2024-11-20T14:23:15.635+0000] {processor.py:914} INFO - Processing file /home/airflow/.local/lib/python3.12/site-packages/airflow/example_dags/tutorial.py for tasks to queue
[2024-11-20T14:23:15.640+0000] {logging_mixin.py:190} INFO - [2024-11-20T14:23:15.639+0000] {dagbag.py:588} INFO - Filling up the DagBag from /home/airflow/.local/lib/python3.12/site-packages/airflow/example_dags/tutorial.py
[2024-11-20T14:23:15.658+0000] {processor.py:925} INFO - DAG(s) 'tutorial' retrieved from /home/airflow/.local/lib/python3.12/site-packages/airflow/example_dags/tutorial.py
[2024-11-20T14:23:15.700+0000] {logging_mixin.py:190} INFO - [2024-11-20T14:23:15.699+0000] {dag.py:3239} INFO - Sync 1 DAGs
[2024-11-20T14:23:15.757+0000] {logging_mixin.py:190} INFO - [2024-11-20T14:23:15.757+0000] {dag.py:4180} INFO - Setting next_dagrun for tutorial to 2024-11-19 00:00:00+00:00, run_after=2024-11-20 00:00:00+00:00
[2024-11-20T14:23:15.796+0000] {processor.py:208} INFO - Processing /home/airflow/.local/lib/python3.12/site-packages/airflow/example_dags/tutorial.py took 0.176 seconds
[2024-11-20T14:23:45.921+0000] {processor.py:186} INFO - Started process (PID=1017) to work on /home/airflow/.local/lib/python3.12/site-packages/airflow/example_dags/tutorial.py
[2024-11-20T14:23:45.922+0000] {processor.py:914} INFO - Processing file /home/airflow/.local/lib/python3.12/site-packages/airflow/example_dags/tutorial.py for tasks to queue
[2024-11-20T14:23:45.926+0000] {logging_mixin.py:190} INFO - [2024-11-20T14:23:45.925+0000] {dagbag.py:588} INFO - Filling up the DagBag from /home/airflow/.local/lib/python3.12/site-packages/airflow/example_dags/tutorial.py
[2024-11-20T14:23:45.938+0000] {processor.py:925} INFO - DAG(s) 'tutorial' retrieved from /home/airflow/.local/lib/python3.12/site-packages/airflow/example_dags/tutorial.py
[2024-11-20T14:23:45.970+0000] {logging_mixin.py:190} INFO - [2024-11-20T14:23:45.969+0000] {dag.py:3239} INFO - Sync 1 DAGs
[2024-11-20T14:23:46.019+0000] {logging_mixin.py:190} INFO - [2024-11-20T14:23:46.019+0000] {dag.py:4180} INFO - Setting next_dagrun for tutorial to 2024-11-19 00:00:00+00:00, run_after=2024-11-20 00:00:00+00:00
[2024-11-20T14:23:46.052+0000] {processor.py:208} INFO - Processing /home/airflow/.local/lib/python3.12/site-packages/airflow/example_dags/tutorial.py took 0.142 seconds
[2024-11-20T14:24:16.989+0000] {processor.py:186} INFO - Started process (PID=1079) to work on /home/airflow/.local/lib/python3.12/site-packages/airflow/example_dags/tutorial.py
[2024-11-20T14:24:16.991+0000] {processor.py:914} INFO - Processing file /home/airflow/.local/lib/python3.12/site-packages/airflow/example_dags/tutorial.py for tasks to queue
[2024-11-20T14:24:16.996+0000] {logging_mixin.py:190} INFO - [2024-11-20T14:24:16.995+0000] {dagbag.py:588} INFO - Filling up the DagBag from /home/airflow/.local/lib/python3.12/site-packages/airflow/example_dags/tutorial.py
[2024-11-20T14:24:17.012+0000] {processor.py:925} INFO - DAG(s) 'tutorial' retrieved from /home/airflow/.local/lib/python3.12/site-packages/airflow/example_dags/tutorial.py
[2024-11-20T14:24:17.053+0000] {logging_mixin.py:190} INFO - [2024-11-20T14:24:17.052+0000] {dag.py:3239} INFO - Sync 1 DAGs
[2024-11-20T14:24:17.106+0000] {logging_mixin.py:190} INFO - [2024-11-20T14:24:17.105+0000] {dag.py:4180} INFO - Setting next_dagrun for tutorial to 2024-11-19 00:00:00+00:00, run_after=2024-11-20 00:00:00+00:00
[2024-11-20T14:24:17.145+0000] {processor.py:208} INFO - Processing /home/airflow/.local/lib/python3.12/site-packages/airflow/example_dags/tutorial.py took 0.168 seconds
[2024-11-20T14:24:48.991+0000] {processor.py:186} INFO - Started process (PID=1142) to work on /home/airflow/.local/lib/python3.12/site-packages/airflow/example_dags/tutorial.py
[2024-11-20T14:24:48.992+0000] {processor.py:914} INFO - Processing file /home/airflow/.local/lib/python3.12/site-packages/airflow/example_dags/tutorial.py for tasks to queue
[2024-11-20T14:24:48.996+0000] {logging_mixin.py:190} INFO - [2024-11-20T14:24:48.995+0000] {dagbag.py:588} INFO - Filling up the DagBag from /home/airflow/.local/lib/python3.12/site-packages/airflow/example_dags/tutorial.py
[2024-11-20T14:24:49.012+0000] {processor.py:925} INFO - DAG(s) 'tutorial' retrieved from /home/airflow/.local/lib/python3.12/site-packages/airflow/example_dags/tutorial.py
[2024-11-20T14:24:49.044+0000] {logging_mixin.py:190} INFO - [2024-11-20T14:24:49.044+0000] {dag.py:3239} INFO - Sync 1 DAGs
[2024-11-20T14:24:49.086+0000] {logging_mixin.py:190} INFO - [2024-11-20T14:24:49.086+0000] {dag.py:4180} INFO - Setting next_dagrun for tutorial to 2024-11-19 00:00:00+00:00, run_after=2024-11-20 00:00:00+00:00
[2024-11-20T14:24:49.113+0000] {processor.py:208} INFO - Processing /home/airflow/.local/lib/python3.12/site-packages/airflow/example_dags/tutorial.py took 0.132 seconds
[2024-11-20T14:25:20.696+0000] {processor.py:186} INFO - Started process (PID=1205) to work on /home/airflow/.local/lib/python3.12/site-packages/airflow/example_dags/tutorial.py
[2024-11-20T14:25:20.698+0000] {processor.py:914} INFO - Processing file /home/airflow/.local/lib/python3.12/site-packages/airflow/example_dags/tutorial.py for tasks to queue
[2024-11-20T14:25:20.703+0000] {logging_mixin.py:190} INFO - [2024-11-20T14:25:20.702+0000] {dagbag.py:588} INFO - Filling up the DagBag from /home/airflow/.local/lib/python3.12/site-packages/airflow/example_dags/tutorial.py
[2024-11-20T14:25:20.719+0000] {processor.py:925} INFO - DAG(s) 'tutorial' retrieved from /home/airflow/.local/lib/python3.12/site-packages/airflow/example_dags/tutorial.py
[2024-11-20T14:25:20.752+0000] {logging_mixin.py:190} INFO - [2024-11-20T14:25:20.752+0000] {dag.py:3239} INFO - Sync 1 DAGs
[2024-11-20T14:25:20.797+0000] {logging_mixin.py:190} INFO - [2024-11-20T14:25:20.797+0000] {dag.py:4180} INFO - Setting next_dagrun for tutorial to 2024-11-19 00:00:00+00:00, run_after=2024-11-20 00:00:00+00:00
[2024-11-20T14:25:20.831+0000] {processor.py:208} INFO - Processing /home/airflow/.local/lib/python3.12/site-packages/airflow/example_dags/tutorial.py took 0.144 seconds
[2024-11-20T14:25:52.583+0000] {processor.py:186} INFO - Started process (PID=1268) to work on /home/airflow/.local/lib/python3.12/site-packages/airflow/example_dags/tutorial.py
[2024-11-20T14:25:52.585+0000] {processor.py:914} INFO - Processing file /home/airflow/.local/lib/python3.12/site-packages/airflow/example_dags/tutorial.py for tasks to queue
[2024-11-20T14:25:52.591+0000] {logging_mixin.py:190} INFO - [2024-11-20T14:25:52.591+0000] {dagbag.py:588} INFO - Filling up the DagBag from /home/airflow/.local/lib/python3.12/site-packages/airflow/example_dags/tutorial.py
[2024-11-20T14:25:52.605+0000] {processor.py:925} INFO - DAG(s) 'tutorial' retrieved from /home/airflow/.local/lib/python3.12/site-packages/airflow/example_dags/tutorial.py
[2024-11-20T14:25:52.637+0000] {logging_mixin.py:190} INFO - [2024-11-20T14:25:52.637+0000] {dag.py:3239} INFO - Sync 1 DAGs
[2024-11-20T14:25:52.685+0000] {logging_mixin.py:190} INFO - [2024-11-20T14:25:52.684+0000] {dag.py:4180} INFO - Setting next_dagrun for tutorial to 2024-11-19 00:00:00+00:00, run_after=2024-11-20 00:00:00+00:00
[2024-11-20T14:25:52.718+0000] {processor.py:208} INFO - Processing /home/airflow/.local/lib/python3.12/site-packages/airflow/example_dags/tutorial.py took 0.145 seconds
[2024-11-20T14:26:25.007+0000] {processor.py:186} INFO - Started process (PID=1336) to work on /home/airflow/.local/lib/python3.12/site-packages/airflow/example_dags/tutorial.py
[2024-11-20T14:26:25.009+0000] {processor.py:914} INFO - Processing file /home/airflow/.local/lib/python3.12/site-packages/airflow/example_dags/tutorial.py for tasks to queue
[2024-11-20T14:26:25.014+0000] {logging_mixin.py:190} INFO - [2024-11-20T14:26:25.013+0000] {dagbag.py:588} INFO - Filling up the DagBag from /home/airflow/.local/lib/python3.12/site-packages/airflow/example_dags/tutorial.py
[2024-11-20T14:26:25.030+0000] {processor.py:925} INFO - DAG(s) 'tutorial' retrieved from /home/airflow/.local/lib/python3.12/site-packages/airflow/example_dags/tutorial.py
[2024-11-20T14:26:25.067+0000] {logging_mixin.py:190} INFO - [2024-11-20T14:26:25.067+0000] {dag.py:3239} INFO - Sync 1 DAGs
[2024-11-20T14:26:25.119+0000] {logging_mixin.py:190} INFO - [2024-11-20T14:26:25.118+0000] {dag.py:4180} INFO - Setting next_dagrun for tutorial to 2024-11-19 00:00:00+00:00, run_after=2024-11-20 00:00:00+00:00
[2024-11-20T14:26:25.148+0000] {processor.py:208} INFO - Processing /home/airflow/.local/lib/python3.12/site-packages/airflow/example_dags/tutorial.py took 0.154 seconds
[2024-11-20T14:26:56.675+0000] {processor.py:186} INFO - Started process (PID=1399) to work on /home/airflow/.local/lib/python3.12/site-packages/airflow/example_dags/tutorial.py
[2024-11-20T14:26:56.676+0000] {processor.py:914} INFO - Processing file /home/airflow/.local/lib/python3.12/site-packages/airflow/example_dags/tutorial.py for tasks to queue
[2024-11-20T14:26:56.680+0000] {logging_mixin.py:190} INFO - [2024-11-20T14:26:56.680+0000] {dagbag.py:588} INFO - Filling up the DagBag from /home/airflow/.local/lib/python3.12/site-packages/airflow/example_dags/tutorial.py
[2024-11-20T14:26:56.696+0000] {processor.py:925} INFO - DAG(s) 'tutorial' retrieved from /home/airflow/.local/lib/python3.12/site-packages/airflow/example_dags/tutorial.py
[2024-11-20T14:26:56.728+0000] {logging_mixin.py:190} INFO - [2024-11-20T14:26:56.728+0000] {dag.py:3239} INFO - Sync 1 DAGs
[2024-11-20T14:26:56.772+0000] {logging_mixin.py:190} INFO - [2024-11-20T14:26:56.772+0000] {dag.py:4180} INFO - Setting next_dagrun for tutorial to 2024-11-19 00:00:00+00:00, run_after=2024-11-20 00:00:00+00:00
[2024-11-20T14:26:56.803+0000] {processor.py:208} INFO - Processing /home/airflow/.local/lib/python3.12/site-packages/airflow/example_dags/tutorial.py took 0.137 seconds
[2024-11-20T14:28:14.936+0000] {processor.py:186} INFO - Started process (PID=1463) to work on /home/airflow/.local/lib/python3.12/site-packages/airflow/example_dags/tutorial.py
[2024-11-20T14:28:14.938+0000] {processor.py:914} INFO - Processing file /home/airflow/.local/lib/python3.12/site-packages/airflow/example_dags/tutorial.py for tasks to queue
[2024-11-20T14:28:14.943+0000] {logging_mixin.py:190} INFO - [2024-11-20T14:28:14.942+0000] {dagbag.py:588} INFO - Filling up the DagBag from /home/airflow/.local/lib/python3.12/site-packages/airflow/example_dags/tutorial.py
[2024-11-20T14:28:14.955+0000] {processor.py:925} INFO - DAG(s) 'tutorial' retrieved from /home/airflow/.local/lib/python3.12/site-packages/airflow/example_dags/tutorial.py
[2024-11-20T14:28:14.994+0000] {logging_mixin.py:190} INFO - [2024-11-20T14:28:14.994+0000] {dag.py:3239} INFO - Sync 1 DAGs
[2024-11-20T14:28:15.043+0000] {logging_mixin.py:190} INFO - [2024-11-20T14:28:15.043+0000] {dag.py:4180} INFO - Setting next_dagrun for tutorial to 2024-11-19 00:00:00+00:00, run_after=2024-11-20 00:00:00+00:00
[2024-11-20T14:28:15.113+0000] {processor.py:208} INFO - Processing /home/airflow/.local/lib/python3.12/site-packages/airflow/example_dags/tutorial.py took 0.188 seconds
[2024-11-20T14:28:45.232+0000] {processor.py:186} INFO - Started process (PID=1526) to work on /home/airflow/.local/lib/python3.12/site-packages/airflow/example_dags/tutorial.py
[2024-11-20T14:28:45.233+0000] {processor.py:914} INFO - Processing file /home/airflow/.local/lib/python3.12/site-packages/airflow/example_dags/tutorial.py for tasks to queue
[2024-11-20T14:28:45.237+0000] {logging_mixin.py:190} INFO - [2024-11-20T14:28:45.237+0000] {dagbag.py:588} INFO - Filling up the DagBag from /home/airflow/.local/lib/python3.12/site-packages/airflow/example_dags/tutorial.py
[2024-11-20T14:28:45.249+0000] {processor.py:925} INFO - DAG(s) 'tutorial' retrieved from /home/airflow/.local/lib/python3.12/site-packages/airflow/example_dags/tutorial.py
[2024-11-20T14:28:45.285+0000] {logging_mixin.py:190} INFO - [2024-11-20T14:28:45.284+0000] {dag.py:3239} INFO - Sync 1 DAGs
[2024-11-20T14:28:45.331+0000] {logging_mixin.py:190} INFO - [2024-11-20T14:28:45.331+0000] {dag.py:4180} INFO - Setting next_dagrun for tutorial to 2024-11-19 00:00:00+00:00, run_after=2024-11-20 00:00:00+00:00
[2024-11-20T14:28:45.364+0000] {processor.py:208} INFO - Processing /home/airflow/.local/lib/python3.12/site-packages/airflow/example_dags/tutorial.py took 0.140 seconds
[2024-11-20T14:29:15.770+0000] {processor.py:186} INFO - Started process (PID=1589) to work on /home/airflow/.local/lib/python3.12/site-packages/airflow/example_dags/tutorial.py
[2024-11-20T14:29:15.772+0000] {processor.py:914} INFO - Processing file /home/airflow/.local/lib/python3.12/site-packages/airflow/example_dags/tutorial.py for tasks to queue
[2024-11-20T14:29:15.776+0000] {logging_mixin.py:190} INFO - [2024-11-20T14:29:15.775+0000] {dagbag.py:588} INFO - Filling up the DagBag from /home/airflow/.local/lib/python3.12/site-packages/airflow/example_dags/tutorial.py
[2024-11-20T14:29:15.788+0000] {processor.py:925} INFO - DAG(s) 'tutorial' retrieved from /home/airflow/.local/lib/python3.12/site-packages/airflow/example_dags/tutorial.py
[2024-11-20T14:29:15.823+0000] {logging_mixin.py:190} INFO - [2024-11-20T14:29:15.822+0000] {dag.py:3239} INFO - Sync 1 DAGs
[2024-11-20T14:29:15.865+0000] {logging_mixin.py:190} INFO - [2024-11-20T14:29:15.864+0000] {dag.py:4180} INFO - Setting next_dagrun for tutorial to 2024-11-19 00:00:00+00:00, run_after=2024-11-20 00:00:00+00:00
[2024-11-20T14:29:15.901+0000] {processor.py:208} INFO - Processing /home/airflow/.local/lib/python3.12/site-packages/airflow/example_dags/tutorial.py took 0.141 seconds
[2024-11-20T14:29:46.831+0000] {processor.py:186} INFO - Started process (PID=1651) to work on /home/airflow/.local/lib/python3.12/site-packages/airflow/example_dags/tutorial.py
[2024-11-20T14:29:46.833+0000] {processor.py:914} INFO - Processing file /home/airflow/.local/lib/python3.12/site-packages/airflow/example_dags/tutorial.py for tasks to queue
[2024-11-20T14:29:46.837+0000] {logging_mixin.py:190} INFO - [2024-11-20T14:29:46.836+0000] {dagbag.py:588} INFO - Filling up the DagBag from /home/airflow/.local/lib/python3.12/site-packages/airflow/example_dags/tutorial.py
[2024-11-20T14:29:46.848+0000] {processor.py:925} INFO - DAG(s) 'tutorial' retrieved from /home/airflow/.local/lib/python3.12/site-packages/airflow/example_dags/tutorial.py
[2024-11-20T14:29:46.881+0000] {logging_mixin.py:190} INFO - [2024-11-20T14:29:46.881+0000] {dag.py:3239} INFO - Sync 1 DAGs
[2024-11-20T14:29:46.933+0000] {logging_mixin.py:190} INFO - [2024-11-20T14:29:46.933+0000] {dag.py:4180} INFO - Setting next_dagrun for tutorial to 2024-11-19 00:00:00+00:00, run_after=2024-11-20 00:00:00+00:00
[2024-11-20T14:29:46.963+0000] {processor.py:208} INFO - Processing /home/airflow/.local/lib/python3.12/site-packages/airflow/example_dags/tutorial.py took 0.141 seconds
[2024-11-20T14:30:21.185+0000] {processor.py:186} INFO - Started process (PID=1714) to work on /home/airflow/.local/lib/python3.12/site-packages/airflow/example_dags/tutorial.py
[2024-11-20T14:30:21.187+0000] {processor.py:914} INFO - Processing file /home/airflow/.local/lib/python3.12/site-packages/airflow/example_dags/tutorial.py for tasks to queue
[2024-11-20T14:30:21.199+0000] {logging_mixin.py:190} INFO - [2024-11-20T14:30:21.197+0000] {dagbag.py:588} INFO - Filling up the DagBag from /home/airflow/.local/lib/python3.12/site-packages/airflow/example_dags/tutorial.py
[2024-11-20T14:30:21.220+0000] {processor.py:925} INFO - DAG(s) 'tutorial' retrieved from /home/airflow/.local/lib/python3.12/site-packages/airflow/example_dags/tutorial.py
[2024-11-20T14:30:21.275+0000] {logging_mixin.py:190} INFO - [2024-11-20T14:30:21.274+0000] {dag.py:3239} INFO - Sync 1 DAGs
[2024-11-20T14:30:21.343+0000] {logging_mixin.py:190} INFO - [2024-11-20T14:30:21.342+0000] {dag.py:4180} INFO - Setting next_dagrun for tutorial to 2024-11-19 00:00:00+00:00, run_after=2024-11-20 00:00:00+00:00
[2024-11-20T14:30:21.388+0000] {processor.py:208} INFO - Processing /home/airflow/.local/lib/python3.12/site-packages/airflow/example_dags/tutorial.py took 0.218 seconds
[2024-11-20T14:30:56.115+0000] {processor.py:186} INFO - Started process (PID=1777) to work on /home/airflow/.local/lib/python3.12/site-packages/airflow/example_dags/tutorial.py
[2024-11-20T14:30:56.117+0000] {processor.py:914} INFO - Processing file /home/airflow/.local/lib/python3.12/site-packages/airflow/example_dags/tutorial.py for tasks to queue
[2024-11-20T14:30:56.123+0000] {logging_mixin.py:190} INFO - [2024-11-20T14:30:56.122+0000] {dagbag.py:588} INFO - Filling up the DagBag from /home/airflow/.local/lib/python3.12/site-packages/airflow/example_dags/tutorial.py
[2024-11-20T14:30:56.137+0000] {processor.py:925} INFO - DAG(s) 'tutorial' retrieved from /home/airflow/.local/lib/python3.12/site-packages/airflow/example_dags/tutorial.py
[2024-11-20T14:30:56.182+0000] {logging_mixin.py:190} INFO - [2024-11-20T14:30:56.181+0000] {dag.py:3239} INFO - Sync 1 DAGs
[2024-11-20T14:30:56.241+0000] {logging_mixin.py:190} INFO - [2024-11-20T14:30:56.241+0000] {dag.py:4180} INFO - Setting next_dagrun for tutorial to 2024-11-19 00:00:00+00:00, run_after=2024-11-20 00:00:00+00:00
[2024-11-20T14:30:56.294+0000] {processor.py:208} INFO - Processing /home/airflow/.local/lib/python3.12/site-packages/airflow/example_dags/tutorial.py took 0.195 seconds
[2024-11-20T14:31:28.449+0000] {processor.py:186} INFO - Started process (PID=1840) to work on /home/airflow/.local/lib/python3.12/site-packages/airflow/example_dags/tutorial.py
[2024-11-20T14:31:28.450+0000] {processor.py:914} INFO - Processing file /home/airflow/.local/lib/python3.12/site-packages/airflow/example_dags/tutorial.py for tasks to queue
[2024-11-20T14:31:28.456+0000] {logging_mixin.py:190} INFO - [2024-11-20T14:31:28.455+0000] {dagbag.py:588} INFO - Filling up the DagBag from /home/airflow/.local/lib/python3.12/site-packages/airflow/example_dags/tutorial.py
[2024-11-20T14:31:28.475+0000] {processor.py:925} INFO - DAG(s) 'tutorial' retrieved from /home/airflow/.local/lib/python3.12/site-packages/airflow/example_dags/tutorial.py
[2024-11-20T14:31:28.518+0000] {logging_mixin.py:190} INFO - [2024-11-20T14:31:28.517+0000] {dag.py:3239} INFO - Sync 1 DAGs
[2024-11-20T14:31:28.597+0000] {logging_mixin.py:190} INFO - [2024-11-20T14:31:28.597+0000] {dag.py:4180} INFO - Setting next_dagrun for tutorial to 2024-11-19 00:00:00+00:00, run_after=2024-11-20 00:00:00+00:00
[2024-11-20T14:31:28.644+0000] {processor.py:208} INFO - Processing /home/airflow/.local/lib/python3.12/site-packages/airflow/example_dags/tutorial.py took 0.209 seconds
[2024-11-20T14:32:02.607+0000] {processor.py:186} INFO - Started process (PID=1903) to work on /home/airflow/.local/lib/python3.12/site-packages/airflow/example_dags/tutorial.py
[2024-11-20T14:32:02.610+0000] {processor.py:914} INFO - Processing file /home/airflow/.local/lib/python3.12/site-packages/airflow/example_dags/tutorial.py for tasks to queue
[2024-11-20T14:32:02.617+0000] {logging_mixin.py:190} INFO - [2024-11-20T14:32:02.616+0000] {dagbag.py:588} INFO - Filling up the DagBag from /home/airflow/.local/lib/python3.12/site-packages/airflow/example_dags/tutorial.py
[2024-11-20T14:32:02.639+0000] {processor.py:925} INFO - DAG(s) 'tutorial' retrieved from /home/airflow/.local/lib/python3.12/site-packages/airflow/example_dags/tutorial.py
[2024-11-20T14:32:02.698+0000] {logging_mixin.py:190} INFO - [2024-11-20T14:32:02.697+0000] {dag.py:3239} INFO - Sync 1 DAGs
[2024-11-20T14:32:02.757+0000] {logging_mixin.py:190} INFO - [2024-11-20T14:32:02.756+0000] {dag.py:4180} INFO - Setting next_dagrun for tutorial to 2024-11-19 00:00:00+00:00, run_after=2024-11-20 00:00:00+00:00
[2024-11-20T14:32:02.800+0000] {processor.py:208} INFO - Processing /home/airflow/.local/lib/python3.12/site-packages/airflow/example_dags/tutorial.py took 0.210 seconds
[2024-11-20T14:32:33.042+0000] {processor.py:186} INFO - Started process (PID=1966) to work on /home/airflow/.local/lib/python3.12/site-packages/airflow/example_dags/tutorial.py
[2024-11-20T14:32:33.055+0000] {processor.py:914} INFO - Processing file /home/airflow/.local/lib/python3.12/site-packages/airflow/example_dags/tutorial.py for tasks to queue
[2024-11-20T14:32:33.061+0000] {logging_mixin.py:190} INFO - [2024-11-20T14:32:33.060+0000] {dagbag.py:588} INFO - Filling up the DagBag from /home/airflow/.local/lib/python3.12/site-packages/airflow/example_dags/tutorial.py
[2024-11-20T14:32:33.077+0000] {processor.py:925} INFO - DAG(s) 'tutorial' retrieved from /home/airflow/.local/lib/python3.12/site-packages/airflow/example_dags/tutorial.py
[2024-11-20T14:32:33.118+0000] {logging_mixin.py:190} INFO - [2024-11-20T14:32:33.118+0000] {dag.py:3239} INFO - Sync 1 DAGs
[2024-11-20T14:32:33.177+0000] {logging_mixin.py:190} INFO - [2024-11-20T14:32:33.176+0000] {dag.py:4180} INFO - Setting next_dagrun for tutorial to 2024-11-19 00:00:00+00:00, run_after=2024-11-20 00:00:00+00:00
[2024-11-20T14:32:33.214+0000] {processor.py:208} INFO - Processing /home/airflow/.local/lib/python3.12/site-packages/airflow/example_dags/tutorial.py took 0.185 seconds
[2024-11-20T14:33:04.291+0000] {processor.py:186} INFO - Started process (PID=2029) to work on /home/airflow/.local/lib/python3.12/site-packages/airflow/example_dags/tutorial.py
[2024-11-20T14:33:04.292+0000] {processor.py:914} INFO - Processing file /home/airflow/.local/lib/python3.12/site-packages/airflow/example_dags/tutorial.py for tasks to queue
[2024-11-20T14:33:04.296+0000] {logging_mixin.py:190} INFO - [2024-11-20T14:33:04.295+0000] {dagbag.py:588} INFO - Filling up the DagBag from /home/airflow/.local/lib/python3.12/site-packages/airflow/example_dags/tutorial.py
[2024-11-20T14:33:04.309+0000] {processor.py:925} INFO - DAG(s) 'tutorial' retrieved from /home/airflow/.local/lib/python3.12/site-packages/airflow/example_dags/tutorial.py
[2024-11-20T14:33:04.344+0000] {logging_mixin.py:190} INFO - [2024-11-20T14:33:04.344+0000] {dag.py:3239} INFO - Sync 1 DAGs
[2024-11-20T14:33:04.387+0000] {logging_mixin.py:190} INFO - [2024-11-20T14:33:04.387+0000] {dag.py:4180} INFO - Setting next_dagrun for tutorial to 2024-11-19 00:00:00+00:00, run_after=2024-11-20 00:00:00+00:00
[2024-11-20T14:33:04.413+0000] {processor.py:208} INFO - Processing /home/airflow/.local/lib/python3.12/site-packages/airflow/example_dags/tutorial.py took 0.132 seconds
[2024-11-20T14:33:34.562+0000] {processor.py:186} INFO - Started process (PID=2091) to work on /home/airflow/.local/lib/python3.12/site-packages/airflow/example_dags/tutorial.py
[2024-11-20T14:33:34.563+0000] {processor.py:914} INFO - Processing file /home/airflow/.local/lib/python3.12/site-packages/airflow/example_dags/tutorial.py for tasks to queue
[2024-11-20T14:33:34.568+0000] {logging_mixin.py:190} INFO - [2024-11-20T14:33:34.567+0000] {dagbag.py:588} INFO - Filling up the DagBag from /home/airflow/.local/lib/python3.12/site-packages/airflow/example_dags/tutorial.py
[2024-11-20T14:33:34.580+0000] {processor.py:925} INFO - DAG(s) 'tutorial' retrieved from /home/airflow/.local/lib/python3.12/site-packages/airflow/example_dags/tutorial.py
[2024-11-20T14:33:34.636+0000] {logging_mixin.py:190} INFO - [2024-11-20T14:33:34.635+0000] {dag.py:3239} INFO - Sync 1 DAGs
[2024-11-20T14:33:34.699+0000] {logging_mixin.py:190} INFO - [2024-11-20T14:33:34.699+0000] {dag.py:4180} INFO - Setting next_dagrun for tutorial to 2024-11-19 00:00:00+00:00, run_after=2024-11-20 00:00:00+00:00
[2024-11-20T14:33:34.741+0000] {processor.py:208} INFO - Processing /home/airflow/.local/lib/python3.12/site-packages/airflow/example_dags/tutorial.py took 0.196 seconds
[2024-11-20T14:34:05.071+0000] {processor.py:186} INFO - Started process (PID=2154) to work on /home/airflow/.local/lib/python3.12/site-packages/airflow/example_dags/tutorial.py
[2024-11-20T14:34:05.072+0000] {processor.py:914} INFO - Processing file /home/airflow/.local/lib/python3.12/site-packages/airflow/example_dags/tutorial.py for tasks to queue
[2024-11-20T14:34:05.076+0000] {logging_mixin.py:190} INFO - [2024-11-20T14:34:05.076+0000] {dagbag.py:588} INFO - Filling up the DagBag from /home/airflow/.local/lib/python3.12/site-packages/airflow/example_dags/tutorial.py
[2024-11-20T14:34:05.090+0000] {processor.py:925} INFO - DAG(s) 'tutorial' retrieved from /home/airflow/.local/lib/python3.12/site-packages/airflow/example_dags/tutorial.py
[2024-11-20T14:34:05.124+0000] {logging_mixin.py:190} INFO - [2024-11-20T14:34:05.123+0000] {dag.py:3239} INFO - Sync 1 DAGs
[2024-11-20T14:34:05.166+0000] {logging_mixin.py:190} INFO - [2024-11-20T14:34:05.165+0000] {dag.py:4180} INFO - Setting next_dagrun for tutorial to 2024-11-19 00:00:00+00:00, run_after=2024-11-20 00:00:00+00:00
[2024-11-20T14:34:05.192+0000] {processor.py:208} INFO - Processing /home/airflow/.local/lib/python3.12/site-packages/airflow/example_dags/tutorial.py took 0.134 seconds
[2024-11-20T14:34:35.471+0000] {processor.py:186} INFO - Started process (PID=2216) to work on /home/airflow/.local/lib/python3.12/site-packages/airflow/example_dags/tutorial.py
[2024-11-20T14:34:35.472+0000] {processor.py:914} INFO - Processing file /home/airflow/.local/lib/python3.12/site-packages/airflow/example_dags/tutorial.py for tasks to queue
[2024-11-20T14:34:35.477+0000] {logging_mixin.py:190} INFO - [2024-11-20T14:34:35.476+0000] {dagbag.py:588} INFO - Filling up the DagBag from /home/airflow/.local/lib/python3.12/site-packages/airflow/example_dags/tutorial.py
[2024-11-20T14:34:35.489+0000] {processor.py:925} INFO - DAG(s) 'tutorial' retrieved from /home/airflow/.local/lib/python3.12/site-packages/airflow/example_dags/tutorial.py
[2024-11-20T14:34:35.523+0000] {logging_mixin.py:190} INFO - [2024-11-20T14:34:35.522+0000] {dag.py:3239} INFO - Sync 1 DAGs
[2024-11-20T14:34:35.572+0000] {logging_mixin.py:190} INFO - [2024-11-20T14:34:35.572+0000] {dag.py:4180} INFO - Setting next_dagrun for tutorial to 2024-11-19 00:00:00+00:00, run_after=2024-11-20 00:00:00+00:00
[2024-11-20T14:34:35.603+0000] {processor.py:208} INFO - Processing /home/airflow/.local/lib/python3.12/site-packages/airflow/example_dags/tutorial.py took 0.144 seconds
[2024-11-20T14:35:06.268+0000] {processor.py:186} INFO - Started process (PID=2279) to work on /home/airflow/.local/lib/python3.12/site-packages/airflow/example_dags/tutorial.py
[2024-11-20T14:35:06.269+0000] {processor.py:914} INFO - Processing file /home/airflow/.local/lib/python3.12/site-packages/airflow/example_dags/tutorial.py for tasks to queue
[2024-11-20T14:35:06.273+0000] {logging_mixin.py:190} INFO - [2024-11-20T14:35:06.273+0000] {dagbag.py:588} INFO - Filling up the DagBag from /home/airflow/.local/lib/python3.12/site-packages/airflow/example_dags/tutorial.py
[2024-11-20T14:35:06.286+0000] {processor.py:925} INFO - DAG(s) 'tutorial' retrieved from /home/airflow/.local/lib/python3.12/site-packages/airflow/example_dags/tutorial.py
[2024-11-20T14:35:06.321+0000] {logging_mixin.py:190} INFO - [2024-11-20T14:35:06.320+0000] {dag.py:3239} INFO - Sync 1 DAGs
[2024-11-20T14:35:06.365+0000] {logging_mixin.py:190} INFO - [2024-11-20T14:35:06.365+0000] {dag.py:4180} INFO - Setting next_dagrun for tutorial to 2024-11-19 00:00:00+00:00, run_after=2024-11-20 00:00:00+00:00
[2024-11-20T14:35:06.399+0000] {processor.py:208} INFO - Processing /home/airflow/.local/lib/python3.12/site-packages/airflow/example_dags/tutorial.py took 0.144 seconds
[2024-11-20T14:35:36.519+0000] {processor.py:186} INFO - Started process (PID=2342) to work on /home/airflow/.local/lib/python3.12/site-packages/airflow/example_dags/tutorial.py
[2024-11-20T14:35:36.520+0000] {processor.py:914} INFO - Processing file /home/airflow/.local/lib/python3.12/site-packages/airflow/example_dags/tutorial.py for tasks to queue
[2024-11-20T14:35:36.527+0000] {logging_mixin.py:190} INFO - [2024-11-20T14:35:36.527+0000] {dagbag.py:588} INFO - Filling up the DagBag from /home/airflow/.local/lib/python3.12/site-packages/airflow/example_dags/tutorial.py
[2024-11-20T14:35:36.554+0000] {processor.py:925} INFO - DAG(s) 'tutorial' retrieved from /home/airflow/.local/lib/python3.12/site-packages/airflow/example_dags/tutorial.py
[2024-11-20T14:35:36.597+0000] {logging_mixin.py:190} INFO - [2024-11-20T14:35:36.597+0000] {dag.py:3239} INFO - Sync 1 DAGs
[2024-11-20T14:35:36.655+0000] {logging_mixin.py:190} INFO - [2024-11-20T14:35:36.654+0000] {dag.py:4180} INFO - Setting next_dagrun for tutorial to 2024-11-19 00:00:00+00:00, run_after=2024-11-20 00:00:00+00:00
[2024-11-20T14:35:36.694+0000] {processor.py:208} INFO - Processing /home/airflow/.local/lib/python3.12/site-packages/airflow/example_dags/tutorial.py took 0.192 seconds
[2024-11-20T14:36:07.721+0000] {processor.py:186} INFO - Started process (PID=2404) to work on /home/airflow/.local/lib/python3.12/site-packages/airflow/example_dags/tutorial.py
[2024-11-20T14:36:07.722+0000] {processor.py:914} INFO - Processing file /home/airflow/.local/lib/python3.12/site-packages/airflow/example_dags/tutorial.py for tasks to queue
[2024-11-20T14:36:07.727+0000] {logging_mixin.py:190} INFO - [2024-11-20T14:36:07.726+0000] {dagbag.py:588} INFO - Filling up the DagBag from /home/airflow/.local/lib/python3.12/site-packages/airflow/example_dags/tutorial.py
[2024-11-20T14:36:07.746+0000] {processor.py:925} INFO - DAG(s) 'tutorial' retrieved from /home/airflow/.local/lib/python3.12/site-packages/airflow/example_dags/tutorial.py
[2024-11-20T14:36:07.790+0000] {logging_mixin.py:190} INFO - [2024-11-20T14:36:07.789+0000] {dag.py:3239} INFO - Sync 1 DAGs
[2024-11-20T14:36:07.847+0000] {logging_mixin.py:190} INFO - [2024-11-20T14:36:07.847+0000] {dag.py:4180} INFO - Setting next_dagrun for tutorial to 2024-11-19 00:00:00+00:00, run_after=2024-11-20 00:00:00+00:00
[2024-11-20T14:36:07.893+0000] {processor.py:208} INFO - Processing /home/airflow/.local/lib/python3.12/site-packages/airflow/example_dags/tutorial.py took 0.195 seconds
[2024-11-20T14:36:38.778+0000] {processor.py:186} INFO - Started process (PID=2467) to work on /home/airflow/.local/lib/python3.12/site-packages/airflow/example_dags/tutorial.py
[2024-11-20T14:36:38.779+0000] {processor.py:914} INFO - Processing file /home/airflow/.local/lib/python3.12/site-packages/airflow/example_dags/tutorial.py for tasks to queue
[2024-11-20T14:36:38.782+0000] {logging_mixin.py:190} INFO - [2024-11-20T14:36:38.782+0000] {dagbag.py:588} INFO - Filling up the DagBag from /home/airflow/.local/lib/python3.12/site-packages/airflow/example_dags/tutorial.py
[2024-11-20T14:36:38.794+0000] {processor.py:925} INFO - DAG(s) 'tutorial' retrieved from /home/airflow/.local/lib/python3.12/site-packages/airflow/example_dags/tutorial.py
[2024-11-20T14:36:38.823+0000] {logging_mixin.py:190} INFO - [2024-11-20T14:36:38.823+0000] {dag.py:3239} INFO - Sync 1 DAGs
[2024-11-20T14:36:38.865+0000] {logging_mixin.py:190} INFO - [2024-11-20T14:36:38.864+0000] {dag.py:4180} INFO - Setting next_dagrun for tutorial to 2024-11-19 00:00:00+00:00, run_after=2024-11-20 00:00:00+00:00
[2024-11-20T14:36:38.893+0000] {processor.py:208} INFO - Processing /home/airflow/.local/lib/python3.12/site-packages/airflow/example_dags/tutorial.py took 0.124 seconds
[2024-11-20T14:37:10.765+0000] {processor.py:186} INFO - Started process (PID=2530) to work on /home/airflow/.local/lib/python3.12/site-packages/airflow/example_dags/tutorial.py
[2024-11-20T14:37:10.768+0000] {processor.py:914} INFO - Processing file /home/airflow/.local/lib/python3.12/site-packages/airflow/example_dags/tutorial.py for tasks to queue
[2024-11-20T14:37:10.771+0000] {logging_mixin.py:190} INFO - [2024-11-20T14:37:10.771+0000] {dagbag.py:588} INFO - Filling up the DagBag from /home/airflow/.local/lib/python3.12/site-packages/airflow/example_dags/tutorial.py
[2024-11-20T14:37:10.788+0000] {processor.py:925} INFO - DAG(s) 'tutorial' retrieved from /home/airflow/.local/lib/python3.12/site-packages/airflow/example_dags/tutorial.py
[2024-11-20T14:37:10.823+0000] {logging_mixin.py:190} INFO - [2024-11-20T14:37:10.822+0000] {dag.py:3239} INFO - Sync 1 DAGs
[2024-11-20T14:37:10.864+0000] {logging_mixin.py:190} INFO - [2024-11-20T14:37:10.864+0000] {dag.py:4180} INFO - Setting next_dagrun for tutorial to 2024-11-19 00:00:00+00:00, run_after=2024-11-20 00:00:00+00:00
[2024-11-20T14:37:10.893+0000] {processor.py:208} INFO - Processing /home/airflow/.local/lib/python3.12/site-packages/airflow/example_dags/tutorial.py took 0.140 seconds
[2024-11-20T14:37:42.189+0000] {processor.py:186} INFO - Started process (PID=2592) to work on /home/airflow/.local/lib/python3.12/site-packages/airflow/example_dags/tutorial.py
[2024-11-20T14:37:42.190+0000] {processor.py:914} INFO - Processing file /home/airflow/.local/lib/python3.12/site-packages/airflow/example_dags/tutorial.py for tasks to queue
[2024-11-20T14:37:42.194+0000] {logging_mixin.py:190} INFO - [2024-11-20T14:37:42.193+0000] {dagbag.py:588} INFO - Filling up the DagBag from /home/airflow/.local/lib/python3.12/site-packages/airflow/example_dags/tutorial.py
[2024-11-20T14:37:42.207+0000] {processor.py:925} INFO - DAG(s) 'tutorial' retrieved from /home/airflow/.local/lib/python3.12/site-packages/airflow/example_dags/tutorial.py
[2024-11-20T14:37:42.242+0000] {logging_mixin.py:190} INFO - [2024-11-20T14:37:42.242+0000] {dag.py:3239} INFO - Sync 1 DAGs
[2024-11-20T14:37:42.287+0000] {logging_mixin.py:190} INFO - [2024-11-20T14:37:42.287+0000] {dag.py:4180} INFO - Setting next_dagrun for tutorial to 2024-11-19 00:00:00+00:00, run_after=2024-11-20 00:00:00+00:00
[2024-11-20T14:37:42.327+0000] {processor.py:208} INFO - Processing /home/airflow/.local/lib/python3.12/site-packages/airflow/example_dags/tutorial.py took 0.150 seconds
[2024-11-20T14:38:14.391+0000] {processor.py:186} INFO - Started process (PID=2660) to work on /home/airflow/.local/lib/python3.12/site-packages/airflow/example_dags/tutorial.py
[2024-11-20T14:38:14.393+0000] {processor.py:914} INFO - Processing file /home/airflow/.local/lib/python3.12/site-packages/airflow/example_dags/tutorial.py for tasks to queue
[2024-11-20T14:38:14.403+0000] {logging_mixin.py:190} INFO - [2024-11-20T14:38:14.403+0000] {dagbag.py:588} INFO - Filling up the DagBag from /home/airflow/.local/lib/python3.12/site-packages/airflow/example_dags/tutorial.py
[2024-11-20T14:38:14.429+0000] {processor.py:925} INFO - DAG(s) 'tutorial' retrieved from /home/airflow/.local/lib/python3.12/site-packages/airflow/example_dags/tutorial.py
[2024-11-20T14:38:14.482+0000] {logging_mixin.py:190} INFO - [2024-11-20T14:38:14.482+0000] {dag.py:3239} INFO - Sync 1 DAGs
[2024-11-20T14:38:14.611+0000] {logging_mixin.py:190} INFO - [2024-11-20T14:38:14.611+0000] {dag.py:4180} INFO - Setting next_dagrun for tutorial to 2024-11-19 00:00:00+00:00, run_after=2024-11-20 00:00:00+00:00
[2024-11-20T14:38:14.708+0000] {processor.py:208} INFO - Processing /home/airflow/.local/lib/python3.12/site-packages/airflow/example_dags/tutorial.py took 0.332 seconds
